======================================================================
LATTICE SIMULATION LOG
Started: 2026-02-27 14:15:35
Log file: logs/simulation_20260227_141535.log
======================================================================

Numba Configuration:
  Version: 0.63.1
  Threading layer: default
  Configured threads: 11
  Active threads: 11
----------------------------------------------------------------------

Time step: dt_phys = 2.50e-04, dt (rescaled) = 2.5000e-01
  CFL limit: dt_CFL = 0.5774 (rescaled)
  dt/dt_CFL = 4.3301e-01 (SAFE)

Hubble expansion: ENABLED (comoving lattice)
  g_* = 106.75, M_Pl = 2.40e+18 GeV, ΔV = 1.00e+28 GeV^4
  H² = (T⁴/χ_g² + ΔV) / (3 M_Pl²)
  H(T0=7410.0) = 2.4056e-05 GeV
  3H = 7.2169e-05 GeV
  η_phys = 10000 GeV  →  3H/η = 7.22e-09
  T(t) = T0 / a(t)  (entropy conservation)
  Initial a = 1.0
Field precision: float32
Tree-level VEV: ±1.0000e+11
Couplings: boson=1.09, fermion=1.09

Finding thermal VEV at T = 7410.0...
  V'(0) = 1.8860e-06
  V'(VEV) = 7.3221e-31
  Thermal VEV found: 1.0000e+11
  Ratio thermal/tree: 1.0000

Finding escape point...
  V'(1e-10) = 1.8860e-06
  V'(1e0)   = 1.8860e+04
  V'(1e5)   = -9.9981e+10
  V'(1e8)   = -1.0000e+14
  V'(1e10)  = -9.9000e+15
  Barrier found between 2.2355e+03 and 2.3518e+03
  Barrier top at: 2.3270e+03
  Escape point: 2.5597e+03
  V'(escape) = -1.0575e+07 (should be < 0)

Using TREE-LEVEL VEV for seeding: 1.0000e+11
The bubble is seeded at the true vacuum (no rolling needed).
Bubble seeding: DISABLED (thermal nucleation only)
Field states will be saved to: data/set6/256x256x256_T0_7410_dx_0.001_dtphys_0.00025_interval_4000_3D_hubble_eta_10000_gb_1.09_gf_1.09_rk2_fused_table/field_states
Figures will be saved to: data/set6/256x256x256_T0_7410_dx_0.001_dtphys_0.00025_interval_4000_3D_hubble_eta_10000_gb_1.09_gf_1.09_rk2_fused_table/figs/latticeSnapshot

============================================================
Starting time evolution...
Grid: 256×256×256, Steps: 500000, dt: 2.50e-01
Integrator: rk2_fused_table
Using Vprime lookup table: True (size=16384)
Using in-kernel RNG: True
Field precision: float32
Spline resolution N_Y: 256
Bubble seeding: DISABLED
Thermal noise: ENABLED (FDT noise_scale(T0) = 6.0869e+03)
Overdamped mode: DISABLED (η = 10000)
Hubble expansion: ENABLED
  H(T0) = 2.4056e-05 GeV, 3H/η = 7.22e-09
  g_* = 106.75, M_Pl = 2.40e+18 GeV
============================================================

Warming up JIT compilation...
JIT warmup complete.
Starting main loop...

Dense snapshots: enabled (threshold=40000.0, interval=5)
Step 0/500000 | t=0.00e+00 | T=7410.0 | a=1.000000 | H=2.41e-05 | 4.4 steps/s | 229.13 ms/step | ETA: 1909.4 min

*** phi threshold exceeded: max|phi|=43032.4 > 40000.0
*** Switching to dense snapshots: every 5 steps

Step 5/500000 | t=1.25e-03 | T=7410.0 | a=1.000000 | H=2.41e-05 | 1.2 steps/s | 854.64 ms/step | ETA: 7121.9 min
Step 10/500000 | t=2.50e-03 | T=7410.0 | a=1.000000 | H=2.41e-05 | 1.4 steps/s | 711.07 ms/step | ETA: 5925.5 min
Step 15/500000 | t=3.75e-03 | T=7410.0 | a=1.000000 | H=2.41e-05 | 1.5 steps/s | 647.52 ms/step | ETA: 5395.8 min
Step 20/500000 | t=5.00e-03 | T=7410.0 | a=1.000000 | H=2.41e-05 | 1.6 steps/s | 622.29 ms/step | ETA: 5185.6 min
Step 25/500000 | t=6.25e-03 | T=7410.0 | a=1.000000 | H=2.41e-05 | 1.6 steps/s | 606.16 ms/step | ETA: 5051.0 min
Step 30/500000 | t=7.50e-03 | T=7410.0 | a=1.000000 | H=2.41e-05 | 1.7 steps/s | 599.62 ms/step | ETA: 4996.5 min
Step 35/500000 | t=8.75e-03 | T=7410.0 | a=1.000000 | H=2.41e-05 | 1.7 steps/s | 596.46 ms/step | ETA: 4970.2 min
Step 40/500000 | t=1.00e-02 | T=7410.0 | a=1.000000 | H=2.41e-05 | 1.7 steps/s | 587.90 ms/step | ETA: 4898.8 min
Step 45/500000 | t=1.12e-02 | T=7410.0 | a=1.000000 | H=2.41e-05 | 1.7 steps/s | 589.81 ms/step | ETA: 4914.6 min
Step 50/500000 | t=1.25e-02 | T=7410.0 | a=1.000000 | H=2.41e-05 | 1.7 steps/s | 594.38 ms/step | ETA: 4952.6 min
Step 55/500000 | t=1.38e-02 | T=7410.0 | a=1.000000 | H=2.41e-05 | 1.5 steps/s | 646.88 ms/step | ETA: 5390.1 min
Step 60/500000 | t=1.50e-02 | T=7410.0 | a=1.000000 | H=2.41e-05 | 1.5 steps/s | 647.65 ms/step | ETA: 5396.4 min
Step 65/500000 | t=1.63e-02 | T=7410.0 | a=1.000000 | H=2.41e-05 | 1.5 steps/s | 647.13 ms/step | ETA: 5392.1 min
