======================================================================
LATTICE SIMULATION LOG
Started: 2026-02-25 12:48:44
Log file: logs/simulation_20260225_124844.log
======================================================================

Numba Configuration:
  Version: 0.63.1
  Threading layer: default
  Configured threads: 11
  Active threads: 11
----------------------------------------------------------------------

Time step: dt_phys = 5.00e-05, dt (rescaled) = 5.0000e-02
  CFL limit: dt_CFL = 0.5774 (rescaled)
  dt/dt_CFL = 8.6603e-02 (SAFE)

Hubble expansion: ENABLED (comoving lattice)
  g_* = 106.75, M_Pl = 2.40e+18 GeV, ΔV = 1.00e+28 GeV^4
  H² = (T⁴/χ_g² + ΔV) / (3 M_Pl²)
  H(T0=7370.0) = 2.4056e-05 GeV
  3H = 7.2169e-05 GeV
  η_phys = 0.3 GeV  →  3H/η = 2.41e-04
  T(t) = T0 / a(t)  (entropy conservation)
  Initial a = 1.0
Field precision: float32
Tree-level VEV: ±1.0000e+11

Finding thermal VEV at T = 7370.0...
  V'(0) = 7.7081e-07
  V'(VEV) = 7.2041e-31
  Thermal VEV found: 1.0000e+11
  Ratio thermal/tree: 1.0000

Finding escape point...
  V'(1e-10) = 7.7081e-07
  V'(1e0)   = 7.7081e+03
  V'(1e5)   = -9.9982e+10
  V'(1e8)   = -1.0000e+14
  V'(1e10)  = -9.9000e+15
  Barrier found between 1.4897e+03 and 1.5672e+03
  Barrier top at: 1.5078e+03
  Escape point: 1.6586e+03
  V'(escape) = -2.7585e+06 (should be < 0)

Using TREE-LEVEL VEV for seeding: 1.0000e+11
The bubble is seeded at the true vacuum (no rolling needed).
Bubble seeding: DISABLED (thermal nucleation only)
Field states will be saved to: data/set6/256x256x256_T0_7370_dx_0.001_dtphys_5e-05_interval_1000_3D_hubble_eta_0.3_rk2_nonfused_table/field_states
Figures will be saved to: data/set6/256x256x256_T0_7370_dx_0.001_dtphys_5e-05_interval_1000_3D_hubble_eta_0.3_rk2_nonfused_table/figs/latticeSnapshot

============================================================
Starting time evolution...
Grid: 256×256×256, Steps: 10000000000, dt: 5.00e-02
Integrator: rk2_nonfused_table
Using Vprime lookup table: True (size=16384)
Using in-kernel RNG: True
Field precision: float32
Spline resolution N_Y: 256
Bubble seeding: DISABLED
Thermal noise: ENABLED (FDT noise_scale(T0) = 1.4869e+01)
Overdamped mode: DISABLED (η = 0.3)
Hubble expansion: ENABLED
  H(T0) = 2.4056e-05 GeV, 3H/η = 2.41e-04
  g_* = 106.75, M_Pl = 2.40e+18 GeV
============================================================

Warming up JIT compilation...
JIT warmup complete.
Starting main loop...

Dense snapshots: enabled (threshold=10000.0, interval=5)
Step 0/10000000000 | t=0.00e+00 | T=7370.0 | a=1.000000 | H=2.41e-05 | 4.3 steps/s | 233.54 ms/step | ETA: 38923502.0 min
Step 1000/10000000000 | t=5.00e-02 | T=7370.0 | a=1.000001 | H=2.41e-05 | 14.2 steps/s | 70.52 ms/step | ETA: 11752660.0 min
Step 2000/10000000000 | t=1.00e-01 | T=7370.0 | a=1.000002 | H=2.41e-05 | 14.8 steps/s | 67.67 ms/step | ETA: 11277671.8 min
Step 3000/10000000000 | t=1.50e-01 | T=7370.0 | a=1.000004 | H=2.41e-05 | 15.0 steps/s | 66.89 ms/step | ETA: 11147617.6 min
Step 4000/10000000000 | t=2.00e-01 | T=7370.0 | a=1.000005 | H=2.41e-05 | 14.9 steps/s | 67.31 ms/step | ETA: 11218071.9 min
Step 5000/10000000000 | t=2.50e-01 | T=7370.0 | a=1.000006 | H=2.41e-05 | 14.8 steps/s | 67.79 ms/step | ETA: 11298044.6 min
Step 6000/10000000000 | t=3.00e-01 | T=7369.9 | a=1.000007 | H=2.41e-05 | 14.9 steps/s | 67.04 ms/step | ETA: 11172580.5 min
Step 7000/10000000000 | t=3.50e-01 | T=7369.9 | a=1.000008 | H=2.41e-05 | 15.1 steps/s | 66.41 ms/step | ETA: 11068258.7 min
Step 8000/10000000000 | t=4.00e-01 | T=7369.9 | a=1.000010 | H=2.41e-05 | 15.2 steps/s | 65.91 ms/step | ETA: 10985455.4 min
Step 9000/10000000000 | t=4.50e-01 | T=7369.9 | a=1.000011 | H=2.41e-05 | 15.3 steps/s | 65.46 ms/step | ETA: 10909617.9 min
Step 10000/10000000000 | t=5.00e-01 | T=7369.9 | a=1.000012 | H=2.41e-05 | 15.3 steps/s | 65.29 ms/step | ETA: 10882431.1 min
Step 11000/10000000000 | t=5.50e-01 | T=7369.9 | a=1.000013 | H=2.41e-05 | 15.3 steps/s | 65.22 ms/step | ETA: 10869814.6 min
Step 12000/10000000000 | t=6.00e-01 | T=7369.9 | a=1.000014 | H=2.41e-05 | 15.4 steps/s | 64.99 ms/step | ETA: 10832051.3 min
Step 13000/10000000000 | t=6.50e-01 | T=7369.9 | a=1.000016 | H=2.41e-05 | 15.4 steps/s | 64.79 ms/step | ETA: 10798148.0 min
Step 14000/10000000000 | t=7.00e-01 | T=7369.9 | a=1.000017 | H=2.41e-05 | 15.5 steps/s | 64.62 ms/step | ETA: 10770189.6 min
Step 15000/10000000000 | t=7.50e-01 | T=7369.9 | a=1.000018 | H=2.41e-05 | 15.5 steps/s | 64.51 ms/step | ETA: 10751340.5 min
Step 16000/10000000000 | t=8.00e-01 | T=7369.9 | a=1.000019 | H=2.41e-05 | 15.5 steps/s | 64.37 ms/step | ETA: 10728479.1 min
Step 17000/10000000000 | t=8.50e-01 | T=7369.8 | a=1.000020 | H=2.41e-05 | 15.5 steps/s | 64.58 ms/step | ETA: 10763580.3 min
Step 18000/10000000000 | t=9.00e-01 | T=7369.8 | a=1.000022 | H=2.41e-05 | 15.3 steps/s | 65.53 ms/step | ETA: 10922030.7 min
Step 19000/10000000000 | t=9.50e-01 | T=7369.8 | a=1.000023 | H=2.41e-05 | 15.2 steps/s | 65.78 ms/step | ETA: 10963918.6 min
Step 20000/10000000000 | t=1.00e+00 | T=7369.8 | a=1.000024 | H=2.41e-05 | 15.2 steps/s | 65.83 ms/step | ETA: 10971442.4 min
Step 21000/10000000000 | t=1.05e+00 | T=7369.8 | a=1.000025 | H=2.41e-05 | 15.1 steps/s | 66.06 ms/step | ETA: 11009835.4 min

*** phi threshold exceeded: max|phi|=10076.0 > 10000.0
*** Switching to dense snapshots: every 5 steps

Step 21500/10000000000 | t=1.07e+00 | T=7369.8 | a=1.000026 | H=2.41e-05 | 15.1 steps/s | 66.38 ms/step | ETA: 11063256.7 min
Step 21505/10000000000 | t=1.08e+00 | T=7369.8 | a=1.000026 | H=2.41e-05 | 15.0 steps/s | 66.48 ms/step | ETA: 11079651.5 min
Step 21510/10000000000 | t=1.08e+00 | T=7369.8 | a=1.000026 | H=2.41e-05 | 15.0 steps/s | 66.58 ms/step | ETA: 11096339.7 min
Step 21515/10000000000 | t=1.08e+00 | T=7369.8 | a=1.000026 | H=2.41e-05 | 15.0 steps/s | 66.71 ms/step | ETA: 11117549.2 min
Step 21520/10000000000 | t=1.08e+00 | T=7369.8 | a=1.000026 | H=2.41e-05 | 15.0 steps/s | 66.81 ms/step | ETA: 11135218.6 min
Step 21525/10000000000 | t=1.08e+00 | T=7369.8 | a=1.000026 | H=2.41e-05 | 14.9 steps/s | 66.92 ms/step | ETA: 11153616.1 min
Step 21530/10000000000 | t=1.08e+00 | T=7369.8 | a=1.000026 | H=2.41e-05 | 14.9 steps/s | 67.05 ms/step | ETA: 11175151.8 min
Step 21535/10000000000 | t=1.08e+00 | T=7369.8 | a=1.000026 | H=2.41e-05 | 14.9 steps/s | 67.16 ms/step | ETA: 11192862.9 min
Step 21540/10000000000 | t=1.08e+00 | T=7369.8 | a=1.000026 | H=2.41e-05 | 14.9 steps/s | 67.27 ms/step | ETA: 11210978.0 min
Step 21545/10000000000 | t=1.08e+00 | T=7369.8 | a=1.000026 | H=2.41e-05 | 14.8 steps/s | 67.47 ms/step | ETA: 11245614.6 min
Step 21550/10000000000 | t=1.08e+00 | T=7369.8 | a=1.000026 | H=2.41e-05 | 14.8 steps/s | 67.58 ms/step | ETA: 11263218.2 min
Step 21555/10000000000 | t=1.08e+00 | T=7369.8 | a=1.000026 | H=2.41e-05 | 14.8 steps/s | 67.68 ms/step | ETA: 11280601.2 min
Step 21560/10000000000 | t=1.08e+00 | T=7369.8 | a=1.000026 | H=2.41e-05 | 14.8 steps/s | 67.79 ms/step | ETA: 11297975.7 min
Step 21565/10000000000 | t=1.08e+00 | T=7369.8 | a=1.000026 | H=2.41e-05 | 14.7 steps/s | 67.89 ms/step | ETA: 11315429.5 min
Step 21570/10000000000 | t=1.08e+00 | T=7369.8 | a=1.000026 | H=2.41e-05 | 14.7 steps/s | 68.00 ms/step | ETA: 11332935.2 min
Step 21575/10000000000 | t=1.08e+00 | T=7369.8 | a=1.000026 | H=2.41e-05 | 14.7 steps/s | 68.12 ms/step | ETA: 11353144.0 min
Step 21580/10000000000 | t=1.08e+00 | T=7369.8 | a=1.000026 | H=2.41e-05 | 14.7 steps/s | 68.23 ms/step | ETA: 11371184.4 min
Step 21585/10000000000 | t=1.08e+00 | T=7369.8 | a=1.000026 | H=2.41e-05 | 14.6 steps/s | 68.33 ms/step | ETA: 11387771.8 min
Step 21590/10000000000 | t=1.08e+00 | T=7369.8 | a=1.000026 | H=2.41e-05 | 14.6 steps/s | 68.43 ms/step | ETA: 11405470.8 min
Step 21595/10000000000 | t=1.08e+00 | T=7369.8 | a=1.000026 | H=2.41e-05 | 14.6 steps/s | 68.63 ms/step | ETA: 11438514.0 min
Step 21600/10000000000 | t=1.08e+00 | T=7369.8 | a=1.000026 | H=2.41e-05 | 14.5 steps/s | 68.74 ms/step | ETA: 11455842.8 min
Step 21605/10000000000 | t=1.08e+00 | T=7369.8 | a=1.000026 | H=2.41e-05 | 14.5 steps/s | 68.84 ms/step | ETA: 11473454.5 min
Step 21610/10000000000 | t=1.08e+00 | T=7369.8 | a=1.000026 | H=2.41e-05 | 14.5 steps/s | 68.94 ms/step | ETA: 11490609.3 min
Step 21615/10000000000 | t=1.08e+00 | T=7369.8 | a=1.000026 | H=2.41e-05 | 14.5 steps/s | 69.05 ms/step | ETA: 11507860.5 min
Step 21620/10000000000 | t=1.08e+00 | T=7369.8 | a=1.000026 | H=2.41e-05 | 14.5 steps/s | 69.16 ms/step | ETA: 11525878.1 min
Step 21625/10000000000 | t=1.08e+00 | T=7369.8 | a=1.000026 | H=2.41e-05 | 14.4 steps/s | 69.26 ms/step | ETA: 11543436.7 min
Step 21630/10000000000 | t=1.08e+00 | T=7369.8 | a=1.000026 | H=2.41e-05 | 14.4 steps/s | 69.36 ms/step | ETA: 11560356.3 min
Step 21635/10000000000 | t=1.08e+00 | T=7369.8 | a=1.000026 | H=2.41e-05 | 14.4 steps/s | 69.47 ms/step | ETA: 11578899.1 min
Step 21640/10000000000 | t=1.08e+00 | T=7369.8 | a=1.000026 | H=2.41e-05 | 14.4 steps/s | 69.57 ms/step | ETA: 11595506.8 min
Step 21645/10000000000 | t=1.08e+00 | T=7369.8 | a=1.000026 | H=2.41e-05 | 14.3 steps/s | 69.78 ms/step | ETA: 11630381.3 min
Step 21650/10000000000 | t=1.08e+00 | T=7369.8 | a=1.000026 | H=2.41e-05 | 14.3 steps/s | 69.90 ms/step | ETA: 11650055.3 min
Step 21655/10000000000 | t=1.08e+00 | T=7369.8 | a=1.000026 | H=2.41e-05 | 14.3 steps/s | 70.01 ms/step | ETA: 11667592.9 min
Step 21660/10000000000 | t=1.08e+00 | T=7369.8 | a=1.000026 | H=2.41e-05 | 14.3 steps/s | 70.11 ms/step | ETA: 11685213.7 min
Step 21665/10000000000 | t=1.08e+00 | T=7369.8 | a=1.000026 | H=2.41e-05 | 14.2 steps/s | 70.22 ms/step | ETA: 11703035.5 min
Step 21670/10000000000 | t=1.08e+00 | T=7369.8 | a=1.000026 | H=2.41e-05 | 14.2 steps/s | 70.33 ms/step | ETA: 11722295.9 min
Step 21675/10000000000 | t=1.08e+00 | T=7369.8 | a=1.000026 | H=2.41e-05 | 14.2 steps/s | 70.44 ms/step | ETA: 11739323.3 min
Step 21680/10000000000 | t=1.08e+00 | T=7369.8 | a=1.000026 | H=2.41e-05 | 14.2 steps/s | 70.54 ms/step | ETA: 11757242.1 min
Step 21685/10000000000 | t=1.08e+00 | T=7369.8 | a=1.000026 | H=2.41e-05 | 14.2 steps/s | 70.64 ms/step | ETA: 11773613.6 min
Step 21690/10000000000 | t=1.08e+00 | T=7369.8 | a=1.000026 | H=2.41e-05 | 14.1 steps/s | 70.75 ms/step | ETA: 11791011.6 min
Step 21695/10000000000 | t=1.08e+00 | T=7369.8 | a=1.000026 | H=2.41e-05 | 14.1 steps/s | 70.95 ms/step | ETA: 11824538.9 min
Step 21700/10000000000 | t=1.08e+00 | T=7369.8 | a=1.000026 | H=2.41e-05 | 14.1 steps/s | 71.07 ms/step | ETA: 11844500.5 min
Step 21705/10000000000 | t=1.09e+00 | T=7369.8 | a=1.000026 | H=2.41e-05 | 14.0 steps/s | 71.18 ms/step | ETA: 11862933.6 min
Step 21710/10000000000 | t=1.09e+00 | T=7369.8 | a=1.000026 | H=2.41e-05 | 14.0 steps/s | 71.28 ms/step | ETA: 11880547.9 min
Step 21715/10000000000 | t=1.09e+00 | T=7369.8 | a=1.000026 | H=2.41e-05 | 14.0 steps/s | 71.38 ms/step | ETA: 11896532.1 min
Step 21720/10000000000 | t=1.09e+00 | T=7369.8 | a=1.000026 | H=2.41e-05 | 14.0 steps/s | 71.48 ms/step | ETA: 11913959.3 min
Step 21725/10000000000 | t=1.09e+00 | T=7369.8 | a=1.000026 | H=2.41e-05 | 14.0 steps/s | 71.60 ms/step | ETA: 11932992.8 min
Step 21730/10000000000 | t=1.09e+00 | T=7369.8 | a=1.000026 | H=2.41e-05 | 13.9 steps/s | 71.70 ms/step | ETA: 11949479.7 min
Step 21735/10000000000 | t=1.09e+00 | T=7369.8 | a=1.000026 | H=2.41e-05 | 13.9 steps/s | 71.80 ms/step | ETA: 11966780.2 min
Step 21740/10000000000 | t=1.09e+00 | T=7369.8 | a=1.000026 | H=2.41e-05 | 13.9 steps/s | 71.91 ms/step | ETA: 11984329.3 min
Step 21745/10000000000 | t=1.09e+00 | T=7369.8 | a=1.000026 | H=2.41e-05 | 13.9 steps/s | 72.10 ms/step | ETA: 12016921.1 min
Step 21750/10000000000 | t=1.09e+00 | T=7369.8 | a=1.000026 | H=2.41e-05 | 13.8 steps/s | 72.22 ms/step | ETA: 12035811.5 min
Step 21755/10000000000 | t=1.09e+00 | T=7369.8 | a=1.000026 | H=2.41e-05 | 13.8 steps/s | 72.34 ms/step | ETA: 12055860.9 min
Step 21760/10000000000 | t=1.09e+00 | T=7369.8 | a=1.000026 | H=2.41e-05 | 13.8 steps/s | 72.46 ms/step | ETA: 12076560.9 min
Step 21765/10000000000 | t=1.09e+00 | T=7369.8 | a=1.000026 | H=2.41e-05 | 13.8 steps/s | 72.58 ms/step | ETA: 12096647.9 min
Step 21770/10000000000 | t=1.09e+00 | T=7369.8 | a=1.000026 | H=2.41e-05 | 13.8 steps/s | 72.71 ms/step | ETA: 12117557.3 min
Step 21775/10000000000 | t=1.09e+00 | T=7369.8 | a=1.000026 | H=2.41e-05 | 13.7 steps/s | 72.82 ms/step | ETA: 12135879.7 min
Step 21780/10000000000 | t=1.09e+00 | T=7369.8 | a=1.000026 | H=2.41e-05 | 13.7 steps/s | 72.92 ms/step | ETA: 12153908.9 min
Step 21785/10000000000 | t=1.09e+00 | T=7369.8 | a=1.000026 | H=2.41e-05 | 13.7 steps/s | 73.04 ms/step | ETA: 12173309.2 min
Step 21790/10000000000 | t=1.09e+00 | T=7369.8 | a=1.000026 | H=2.41e-05 | 13.7 steps/s | 73.15 ms/step | ETA: 12191651.5 min
Step 21795/10000000000 | t=1.09e+00 | T=7369.8 | a=1.000026 | H=2.41e-05 | 13.6 steps/s | 73.37 ms/step | ETA: 12227577.1 min
Step 21800/10000000000 | t=1.09e+00 | T=7369.8 | a=1.000026 | H=2.41e-05 | 13.6 steps/s | 73.50 ms/step | ETA: 12249366.3 min
Step 21805/10000000000 | t=1.09e+00 | T=7369.8 | a=1.000026 | H=2.41e-05 | 13.6 steps/s | 73.62 ms/step | ETA: 12270244.3 min
Step 21810/10000000000 | t=1.09e+00 | T=7369.8 | a=1.000026 | H=2.41e-05 | 13.6 steps/s | 73.76 ms/step | ETA: 12293928.4 min
Step 21815/10000000000 | t=1.09e+00 | T=7369.8 | a=1.000026 | H=2.41e-05 | 13.5 steps/s | 73.88 ms/step | ETA: 12314006.9 min
Step 21820/10000000000 | t=1.09e+00 | T=7369.8 | a=1.000026 | H=2.41e-05 | 13.5 steps/s | 73.99 ms/step | ETA: 12331913.4 min
Step 21825/10000000000 | t=1.09e+00 | T=7369.8 | a=1.000026 | H=2.41e-05 | 13.5 steps/s | 74.10 ms/step | ETA: 12349331.7 min
Step 21830/10000000000 | t=1.09e+00 | T=7369.8 | a=1.000026 | H=2.41e-05 | 13.5 steps/s | 74.21 ms/step | ETA: 12367676.8 min
Step 21835/10000000000 | t=1.09e+00 | T=7369.8 | a=1.000026 | H=2.41e-05 | 13.5 steps/s | 74.32 ms/step | ETA: 12386073.4 min
Step 21840/10000000000 | t=1.09e+00 | T=7369.8 | a=1.000026 | H=2.41e-05 | 13.4 steps/s | 74.42 ms/step | ETA: 12404015.3 min
Step 21845/10000000000 | t=1.09e+00 | T=7369.8 | a=1.000026 | H=2.41e-05 | 13.4 steps/s | 74.66 ms/step | ETA: 12443984.1 min
Step 21850/10000000000 | t=1.09e+00 | T=7369.8 | a=1.000026 | H=2.41e-05 | 13.4 steps/s | 74.77 ms/step | ETA: 12462173.2 min
Step 21855/10000000000 | t=1.09e+00 | T=7369.8 | a=1.000026 | H=2.41e-05 | 13.4 steps/s | 74.88 ms/step | ETA: 12480665.0 min
Step 21860/10000000000 | t=1.09e+00 | T=7369.8 | a=1.000026 | H=2.41e-05 | 13.3 steps/s | 74.99 ms/step | ETA: 12498656.4 min
Step 21865/10000000000 | t=1.09e+00 | T=7369.8 | a=1.000026 | H=2.41e-05 | 13.3 steps/s | 75.10 ms/step | ETA: 12517391.1 min
Step 21870/10000000000 | t=1.09e+00 | T=7369.8 | a=1.000026 | H=2.41e-05 | 13.3 steps/s | 75.21 ms/step | ETA: 12534959.4 min
Step 21875/10000000000 | t=1.09e+00 | T=7369.8 | a=1.000026 | H=2.41e-05 | 13.3 steps/s | 75.32 ms/step | ETA: 12553386.7 min
Step 21880/10000000000 | t=1.09e+00 | T=7369.8 | a=1.000026 | H=2.41e-05 | 13.3 steps/s | 75.44 ms/step | ETA: 12572786.9 min
Step 21885/10000000000 | t=1.09e+00 | T=7369.8 | a=1.000026 | H=2.41e-05 | 13.2 steps/s | 75.54 ms/step | ETA: 12589875.1 min
Step 21890/10000000000 | t=1.09e+00 | T=7369.8 | a=1.000026 | H=2.41e-05 | 13.2 steps/s | 75.65 ms/step | ETA: 12607953.9 min
Step 21895/10000000000 | t=1.09e+00 | T=7369.8 | a=1.000026 | H=2.41e-05 | 13.2 steps/s | 75.91 ms/step | ETA: 12651917.6 min
Step 21900/10000000000 | t=1.09e+00 | T=7369.8 | a=1.000026 | H=2.41e-05 | 13.2 steps/s | 76.04 ms/step | ETA: 12673525.1 min
Step 21905/10000000000 | t=1.10e+00 | T=7369.8 | a=1.000026 | H=2.41e-05 | 13.1 steps/s | 76.16 ms/step | ETA: 12693104.5 min
Step 21910/10000000000 | t=1.10e+00 | T=7369.8 | a=1.000026 | H=2.41e-05 | 13.1 steps/s | 76.27 ms/step | ETA: 12710820.3 min
Step 21915/10000000000 | t=1.10e+00 | T=7369.8 | a=1.000026 | H=2.41e-05 | 13.1 steps/s | 76.38 ms/step | ETA: 12730037.7 min
Step 21920/10000000000 | t=1.10e+00 | T=7369.8 | a=1.000026 | H=2.41e-05 | 13.1 steps/s | 76.49 ms/step | ETA: 12749079.9 min
Step 21925/10000000000 | t=1.10e+00 | T=7369.8 | a=1.000026 | H=2.41e-05 | 13.1 steps/s | 76.60 ms/step | ETA: 12767042.7 min
Step 21930/10000000000 | t=1.10e+00 | T=7369.8 | a=1.000026 | H=2.41e-05 | 13.0 steps/s | 76.71 ms/step | ETA: 12785464.3 min
Step 21935/10000000000 | t=1.10e+00 | T=7369.8 | a=1.000026 | H=2.41e-05 | 13.0 steps/s | 76.82 ms/step | ETA: 12803289.0 min
Step 21940/10000000000 | t=1.10e+00 | T=7369.8 | a=1.000026 | H=2.41e-05 | 13.0 steps/s | 76.92 ms/step | ETA: 12820701.3 min
Step 21945/10000000000 | t=1.10e+00 | T=7369.8 | a=1.000026 | H=2.41e-05 | 12.9 steps/s | 77.22 ms/step | ETA: 12870677.0 min
Step 21950/10000000000 | t=1.10e+00 | T=7369.8 | a=1.000026 | H=2.41e-05 | 12.9 steps/s | 77.36 ms/step | ETA: 12892782.0 min
Step 21955/10000000000 | t=1.10e+00 | T=7369.8 | a=1.000026 | H=2.41e-05 | 12.9 steps/s | 77.49 ms/step | ETA: 12915384.8 min
Step 21960/10000000000 | t=1.10e+00 | T=7369.8 | a=1.000026 | H=2.41e-05 | 12.9 steps/s | 77.61 ms/step | ETA: 12935800.9 min
Step 21965/10000000000 | t=1.10e+00 | T=7369.8 | a=1.000026 | H=2.41e-05 | 12.9 steps/s | 77.74 ms/step | ETA: 12956074.0 min
Step 21970/10000000000 | t=1.10e+00 | T=7369.8 | a=1.000026 | H=2.41e-05 | 12.8 steps/s | 77.86 ms/step | ETA: 12976202.4 min
Step 21975/10000000000 | t=1.10e+00 | T=7369.8 | a=1.000026 | H=2.41e-05 | 12.8 steps/s | 77.97 ms/step | ETA: 12994795.9 min
Step 21980/10000000000 | t=1.10e+00 | T=7369.8 | a=1.000026 | H=2.41e-05 | 12.8 steps/s | 78.08 ms/step | ETA: 13013214.3 min
Step 21985/10000000000 | t=1.10e+00 | T=7369.8 | a=1.000026 | H=2.41e-05 | 12.8 steps/s | 78.19 ms/step | ETA: 13031745.5 min
Step 21990/10000000000 | t=1.10e+00 | T=7369.8 | a=1.000026 | H=2.41e-05 | 12.8 steps/s | 78.30 ms/step | ETA: 13049712.9 min
Step 21995/10000000000 | t=1.10e+00 | T=7369.8 | a=1.000026 | H=2.41e-05 | 12.7 steps/s | 78.51 ms/step | ETA: 13084817.3 min
Step 22000/10000000000 | t=1.10e+00 | T=7369.8 | a=1.000026 | H=2.41e-05 | 12.7 steps/s | 78.62 ms/step | ETA: 13103095.8 min
Step 22005/10000000000 | t=1.10e+00 | T=7369.8 | a=1.000026 | H=2.41e-05 | 12.7 steps/s | 78.74 ms/step | ETA: 13122628.7 min
Step 22010/10000000000 | t=1.10e+00 | T=7369.8 | a=1.000026 | H=2.41e-05 | 12.7 steps/s | 78.85 ms/step | ETA: 13141985.3 min
Step 22015/10000000000 | t=1.10e+00 | T=7369.8 | a=1.000026 | H=2.41e-05 | 12.7 steps/s | 78.96 ms/step | ETA: 13160282.5 min
Step 22020/10000000000 | t=1.10e+00 | T=7369.8 | a=1.000026 | H=2.41e-05 | 12.6 steps/s | 79.07 ms/step | ETA: 13178447.0 min
Step 22025/10000000000 | t=1.10e+00 | T=7369.8 | a=1.000026 | H=2.41e-05 | 12.6 steps/s | 79.17 ms/step | ETA: 13195565.4 min
Step 22030/10000000000 | t=1.10e+00 | T=7369.8 | a=1.000026 | H=2.41e-05 | 12.6 steps/s | 79.28 ms/step | ETA: 13213541.7 min
Step 22035/10000000000 | t=1.10e+00 | T=7369.8 | a=1.000027 | H=2.41e-05 | 12.6 steps/s | 79.39 ms/step | ETA: 13231729.8 min
Step 22040/10000000000 | t=1.10e+00 | T=7369.8 | a=1.000027 | H=2.41e-05 | 12.6 steps/s | 79.50 ms/step | ETA: 13249735.8 min
Step 22045/10000000000 | t=1.10e+00 | T=7369.8 | a=1.000027 | H=2.41e-05 | 12.5 steps/s | 79.71 ms/step | ETA: 13284912.1 min
Step 22050/10000000000 | t=1.10e+00 | T=7369.8 | a=1.000027 | H=2.41e-05 | 12.5 steps/s | 79.81 ms/step | ETA: 13301467.8 min
Step 22055/10000000000 | t=1.10e+00 | T=7369.8 | a=1.000027 | H=2.41e-05 | 12.5 steps/s | 79.91 ms/step | ETA: 13318146.8 min
Step 22060/10000000000 | t=1.10e+00 | T=7369.8 | a=1.000027 | H=2.41e-05 | 12.5 steps/s | 80.01 ms/step | ETA: 13335635.1 min
Step 22065/10000000000 | t=1.10e+00 | T=7369.8 | a=1.000027 | H=2.41e-05 | 12.5 steps/s | 80.12 ms/step | ETA: 13353135.9 min
Step 22070/10000000000 | t=1.10e+00 | T=7369.8 | a=1.000027 | H=2.41e-05 | 12.5 steps/s | 80.23 ms/step | ETA: 13371252.0 min
Step 22075/10000000000 | t=1.10e+00 | T=7369.8 | a=1.000027 | H=2.41e-05 | 12.4 steps/s | 80.33 ms/step | ETA: 13388505.0 min
Step 22080/10000000000 | t=1.10e+00 | T=7369.8 | a=1.000027 | H=2.41e-05 | 12.4 steps/s | 80.43 ms/step | ETA: 13405178.8 min
Step 22085/10000000000 | t=1.10e+00 | T=7369.8 | a=1.000027 | H=2.41e-05 | 12.4 steps/s | 80.54 ms/step | ETA: 13422529.0 min
Step 22090/10000000000 | t=1.10e+00 | T=7369.8 | a=1.000027 | H=2.41e-05 | 12.4 steps/s | 80.64 ms/step | ETA: 13440048.9 min
Step 22095/10000000000 | t=1.10e+00 | T=7369.8 | a=1.000027 | H=2.41e-05 | 12.4 steps/s | 80.85 ms/step | ETA: 13475411.2 min
Step 22100/10000000000 | t=1.10e+00 | T=7369.8 | a=1.000027 | H=2.41e-05 | 12.4 steps/s | 80.96 ms/step | ETA: 13493238.3 min
Step 22105/10000000000 | t=1.11e+00 | T=7369.8 | a=1.000027 | H=2.41e-05 | 12.3 steps/s | 81.07 ms/step | ETA: 13510908.8 min
Step 22110/10000000000 | t=1.11e+00 | T=7369.8 | a=1.000027 | H=2.41e-05 | 12.3 steps/s | 81.18 ms/step | ETA: 13530385.3 min
Step 22115/10000000000 | t=1.11e+00 | T=7369.8 | a=1.000027 | H=2.41e-05 | 12.3 steps/s | 81.30 ms/step | ETA: 13549411.7 min
Step 22120/10000000000 | t=1.11e+00 | T=7369.8 | a=1.000027 | H=2.41e-05 | 12.3 steps/s | 81.45 ms/step | ETA: 13574344.7 min
Step 22125/10000000000 | t=1.11e+00 | T=7369.8 | a=1.000027 | H=2.41e-05 | 12.3 steps/s | 81.56 ms/step | ETA: 13593491.3 min
Step 22130/10000000000 | t=1.11e+00 | T=7369.8 | a=1.000027 | H=2.41e-05 | 12.2 steps/s | 81.67 ms/step | ETA: 13610955.0 min
Step 22135/10000000000 | t=1.11e+00 | T=7369.8 | a=1.000027 | H=2.41e-05 | 12.2 steps/s | 81.77 ms/step | ETA: 13628513.8 min
Step 22140/10000000000 | t=1.11e+00 | T=7369.8 | a=1.000027 | H=2.41e-05 | 12.2 steps/s | 81.88 ms/step | ETA: 13646021.0 min
Step 22145/10000000000 | t=1.11e+00 | T=7369.8 | a=1.000027 | H=2.41e-05 | 12.2 steps/s | 82.09 ms/step | ETA: 13681323.9 min
Step 22150/10000000000 | t=1.11e+00 | T=7369.8 | a=1.000027 | H=2.41e-05 | 12.2 steps/s | 82.19 ms/step | ETA: 13698929.1 min
Step 22155/10000000000 | t=1.11e+00 | T=7369.8 | a=1.000027 | H=2.41e-05 | 12.1 steps/s | 82.31 ms/step | ETA: 13717689.3 min
Step 22160/10000000000 | t=1.11e+00 | T=7369.8 | a=1.000027 | H=2.41e-05 | 12.1 steps/s | 82.41 ms/step | ETA: 13735607.6 min
Step 22165/10000000000 | t=1.11e+00 | T=7369.8 | a=1.000027 | H=2.41e-05 | 12.1 steps/s | 82.53 ms/step | ETA: 13754379.5 min
Step 22170/10000000000 | t=1.11e+00 | T=7369.8 | a=1.000027 | H=2.41e-05 | 12.1 steps/s | 82.68 ms/step | ETA: 13780731.0 min
Step 22175/10000000000 | t=1.11e+00 | T=7369.8 | a=1.000027 | H=2.41e-05 | 12.1 steps/s | 82.81 ms/step | ETA: 13801056.4 min
Step 22180/10000000000 | t=1.11e+00 | T=7369.8 | a=1.000027 | H=2.41e-05 | 12.1 steps/s | 82.93 ms/step | ETA: 13822384.8 min
Step 22185/10000000000 | t=1.11e+00 | T=7369.8 | a=1.000027 | H=2.41e-05 | 12.0 steps/s | 83.04 ms/step | ETA: 13840567.4 min
Step 22190/10000000000 | t=1.11e+00 | T=7369.8 | a=1.000027 | H=2.41e-05 | 12.0 steps/s | 83.16 ms/step | ETA: 13859362.9 min
Step 22195/10000000000 | t=1.11e+00 | T=7369.8 | a=1.000027 | H=2.41e-05 | 12.0 steps/s | 83.37 ms/step | ETA: 13894946.2 min
Step 22200/10000000000 | t=1.11e+00 | T=7369.8 | a=1.000027 | H=2.41e-05 | 12.0 steps/s | 83.50 ms/step | ETA: 13916775.4 min
Step 22205/10000000000 | t=1.11e+00 | T=7369.8 | a=1.000027 | H=2.41e-05 | 12.0 steps/s | 83.61 ms/step | ETA: 13934531.9 min
Step 22210/10000000000 | t=1.11e+00 | T=7369.8 | a=1.000027 | H=2.41e-05 | 11.9 steps/s | 83.70 ms/step | ETA: 13950626.6 min
Step 22215/10000000000 | t=1.11e+00 | T=7369.8 | a=1.000027 | H=2.41e-05 | 11.9 steps/s | 83.80 ms/step | ETA: 13966336.7 min
Step 22220/10000000000 | t=1.11e+00 | T=7369.8 | a=1.000027 | H=2.41e-05 | 11.9 steps/s | 83.90 ms/step | ETA: 13982985.8 min
Step 22225/10000000000 | t=1.11e+00 | T=7369.8 | a=1.000027 | H=2.41e-05 | 11.9 steps/s | 84.01 ms/step | ETA: 14001076.7 min
Step 22230/10000000000 | t=1.11e+00 | T=7369.8 | a=1.000027 | H=2.41e-05 | 11.9 steps/s | 84.11 ms/step | ETA: 14018094.8 min
Step 22235/10000000000 | t=1.11e+00 | T=7369.8 | a=1.000027 | H=2.41e-05 | 11.9 steps/s | 84.20 ms/step | ETA: 14033433.3 min
Step 22240/10000000000 | t=1.11e+00 | T=7369.8 | a=1.000027 | H=2.41e-05 | 11.9 steps/s | 84.29 ms/step | ETA: 14048895.2 min
Step 22245/10000000000 | t=1.11e+00 | T=7369.8 | a=1.000027 | H=2.41e-05 | 11.8 steps/s | 84.51 ms/step | ETA: 14084594.3 min
Step 22250/10000000000 | t=1.11e+00 | T=7369.8 | a=1.000027 | H=2.41e-05 | 11.8 steps/s | 84.60 ms/step | ETA: 14100354.6 min
Step 22255/10000000000 | t=1.11e+00 | T=7369.8 | a=1.000027 | H=2.41e-05 | 11.8 steps/s | 84.70 ms/step | ETA: 14115814.4 min
Step 22260/10000000000 | t=1.11e+00 | T=7369.8 | a=1.000027 | H=2.41e-05 | 11.8 steps/s | 84.78 ms/step | ETA: 14130696.8 min
Step 22265/10000000000 | t=1.11e+00 | T=7369.8 | a=1.000027 | H=2.41e-05 | 11.8 steps/s | 84.88 ms/step | ETA: 14147231.8 min
Step 22270/10000000000 | t=1.11e+00 | T=7369.8 | a=1.000027 | H=2.41e-05 | 11.8 steps/s | 84.98 ms/step | ETA: 14162994.6 min
Step 22275/10000000000 | t=1.11e+00 | T=7369.8 | a=1.000027 | H=2.41e-05 | 11.8 steps/s | 85.08 ms/step | ETA: 14179329.3 min
Step 22280/10000000000 | t=1.11e+00 | T=7369.8 | a=1.000027 | H=2.41e-05 | 11.7 steps/s | 85.18 ms/step | ETA: 14196872.4 min
Step 22285/10000000000 | t=1.11e+00 | T=7369.8 | a=1.000027 | H=2.41e-05 | 11.7 steps/s | 85.29 ms/step | ETA: 14214461.8 min
Step 22290/10000000000 | t=1.11e+00 | T=7369.8 | a=1.000027 | H=2.41e-05 | 11.7 steps/s | 85.40 ms/step | ETA: 14232512.5 min
Step 22295/10000000000 | t=1.11e+00 | T=7369.8 | a=1.000027 | H=2.41e-05 | 11.7 steps/s | 85.60 ms/step | ETA: 14265845.6 min
Step 22300/10000000000 | t=1.11e+00 | T=7369.8 | a=1.000027 | H=2.41e-05 | 11.7 steps/s | 85.71 ms/step | ETA: 14284201.0 min
Step 22305/10000000000 | t=1.12e+00 | T=7369.8 | a=1.000027 | H=2.41e-05 | 11.7 steps/s | 85.81 ms/step | ETA: 14302391.0 min
Step 22310/10000000000 | t=1.12e+00 | T=7369.8 | a=1.000027 | H=2.41e-05 | 11.6 steps/s | 85.93 ms/step | ETA: 14321467.2 min
Step 22315/10000000000 | t=1.12e+00 | T=7369.8 | a=1.000027 | H=2.41e-05 | 11.6 steps/s | 86.04 ms/step | ETA: 14339896.1 min
Step 22320/10000000000 | t=1.12e+00 | T=7369.8 | a=1.000027 | H=2.41e-05 | 11.6 steps/s | 86.15 ms/step | ETA: 14358139.9 min
Step 22325/10000000000 | t=1.12e+00 | T=7369.8 | a=1.000027 | H=2.41e-05 | 11.6 steps/s | 86.26 ms/step | ETA: 14376429.9 min
Step 22330/10000000000 | t=1.12e+00 | T=7369.8 | a=1.000027 | H=2.41e-05 | 11.6 steps/s | 86.37 ms/step | ETA: 14394865.7 min
Step 22335/10000000000 | t=1.12e+00 | T=7369.8 | a=1.000027 | H=2.41e-05 | 11.6 steps/s | 86.48 ms/step | ETA: 14413871.5 min
Step 22340/10000000000 | t=1.12e+00 | T=7369.8 | a=1.000027 | H=2.41e-05 | 11.5 steps/s | 86.59 ms/step | ETA: 14431649.4 min
Step 22345/10000000000 | t=1.12e+00 | T=7369.8 | a=1.000027 | H=2.41e-05 | 11.5 steps/s | 86.78 ms/step | ETA: 14464060.0 min
Step 22350/10000000000 | t=1.12e+00 | T=7369.8 | a=1.000027 | H=2.41e-05 | 11.5 steps/s | 86.89 ms/step | ETA: 14482467.1 min
Step 22355/10000000000 | t=1.12e+00 | T=7369.8 | a=1.000027 | H=2.41e-05 | 11.5 steps/s | 87.00 ms/step | ETA: 14499420.0 min
Step 22360/10000000000 | t=1.12e+00 | T=7369.8 | a=1.000027 | H=2.41e-05 | 11.5 steps/s | 87.10 ms/step | ETA: 14516473.6 min
Step 22365/10000000000 | t=1.12e+00 | T=7369.8 | a=1.000027 | H=2.41e-05 | 11.5 steps/s | 87.20 ms/step | ETA: 14533228.6 min
Step 22370/10000000000 | t=1.12e+00 | T=7369.8 | a=1.000027 | H=2.41e-05 | 11.5 steps/s | 87.30 ms/step | ETA: 14549827.5 min
Step 22375/10000000000 | t=1.12e+00 | T=7369.8 | a=1.000027 | H=2.41e-05 | 11.4 steps/s | 87.40 ms/step | ETA: 14566333.3 min
Step 22380/10000000000 | t=1.12e+00 | T=7369.8 | a=1.000027 | H=2.41e-05 | 11.4 steps/s | 87.50 ms/step | ETA: 14583532.1 min
Step 22385/10000000000 | t=1.12e+00 | T=7369.8 | a=1.000027 | H=2.41e-05 | 11.4 steps/s | 87.61 ms/step | ETA: 14601247.1 min
Step 22390/10000000000 | t=1.12e+00 | T=7369.8 | a=1.000027 | H=2.41e-05 | 11.4 steps/s | 87.71 ms/step | ETA: 14619105.3 min
Step 22395/10000000000 | t=1.12e+00 | T=7369.8 | a=1.000027 | H=2.41e-05 | 11.4 steps/s | 87.91 ms/step | ETA: 14651563.4 min
Step 22400/10000000000 | t=1.12e+00 | T=7369.8 | a=1.000027 | H=2.41e-05 | 11.4 steps/s | 88.02 ms/step | ETA: 14669588.3 min
Step 22405/10000000000 | t=1.12e+00 | T=7369.8 | a=1.000027 | H=2.41e-05 | 11.3 steps/s | 88.13 ms/step | ETA: 14687867.1 min
Step 22410/10000000000 | t=1.12e+00 | T=7369.8 | a=1.000027 | H=2.41e-05 | 11.3 steps/s | 88.23 ms/step | ETA: 14705512.3 min
Step 22415/10000000000 | t=1.12e+00 | T=7369.8 | a=1.000027 | H=2.41e-05 | 11.3 steps/s | 88.34 ms/step | ETA: 14723662.3 min
Step 22420/10000000000 | t=1.12e+00 | T=7369.8 | a=1.000027 | H=2.41e-05 | 11.3 steps/s | 88.45 ms/step | ETA: 14741992.3 min
Step 22425/10000000000 | t=1.12e+00 | T=7369.8 | a=1.000027 | H=2.41e-05 | 11.3 steps/s | 88.56 ms/step | ETA: 14759906.4 min
Step 22430/10000000000 | t=1.12e+00 | T=7369.8 | a=1.000027 | H=2.41e-05 | 11.3 steps/s | 88.67 ms/step | ETA: 14778176.6 min
Step 22435/10000000000 | t=1.12e+00 | T=7369.8 | a=1.000027 | H=2.41e-05 | 11.3 steps/s | 88.79 ms/step | ETA: 14797698.3 min
Step 22440/10000000000 | t=1.12e+00 | T=7369.8 | a=1.000027 | H=2.41e-05 | 11.2 steps/s | 88.90 ms/step | ETA: 14816057.9 min
Step 22445/10000000000 | t=1.12e+00 | T=7369.8 | a=1.000027 | H=2.41e-05 | 11.2 steps/s | 89.10 ms/step | ETA: 14849832.0 min
Step 22450/10000000000 | t=1.12e+00 | T=7369.8 | a=1.000027 | H=2.41e-05 | 11.2 steps/s | 89.21 ms/step | ETA: 14867469.8 min
Step 22455/10000000000 | t=1.12e+00 | T=7369.8 | a=1.000027 | H=2.41e-05 | 11.2 steps/s | 89.31 ms/step | ETA: 14885610.3 min
Step 22460/10000000000 | t=1.12e+00 | T=7369.8 | a=1.000027 | H=2.41e-05 | 11.2 steps/s | 89.42 ms/step | ETA: 14904105.9 min
Step 22465/10000000000 | t=1.12e+00 | T=7369.8 | a=1.000027 | H=2.41e-05 | 11.2 steps/s | 89.53 ms/step | ETA: 14921418.2 min
Step 22470/10000000000 | t=1.12e+00 | T=7369.8 | a=1.000027 | H=2.41e-05 | 11.2 steps/s | 89.64 ms/step | ETA: 14939675.4 min
Step 22475/10000000000 | t=1.12e+00 | T=7369.8 | a=1.000027 | H=2.41e-05 | 11.1 steps/s | 89.74 ms/step | ETA: 14956867.0 min
Step 22480/10000000000 | t=1.12e+00 | T=7369.8 | a=1.000027 | H=2.41e-05 | 11.1 steps/s | 89.85 ms/step | ETA: 14975236.1 min
Step 22485/10000000000 | t=1.12e+00 | T=7369.8 | a=1.000027 | H=2.41e-05 | 11.1 steps/s | 89.95 ms/step | ETA: 14992461.3 min
Step 22490/10000000000 | t=1.12e+00 | T=7369.8 | a=1.000027 | H=2.41e-05 | 11.1 steps/s | 90.06 ms/step | ETA: 15009390.4 min
Step 22495/10000000000 | t=1.12e+00 | T=7369.8 | a=1.000027 | H=2.41e-05 | 11.1 steps/s | 90.25 ms/step | ETA: 15041721.2 min
Step 22500/10000000000 | t=1.12e+00 | T=7369.8 | a=1.000027 | H=2.41e-05 | 11.1 steps/s | 90.36 ms/step | ETA: 15059273.4 min
Step 22505/10000000000 | t=1.13e+00 | T=7369.8 | a=1.000027 | H=2.41e-05 | 11.1 steps/s | 90.46 ms/step | ETA: 15076775.7 min
Step 22510/10000000000 | t=1.13e+00 | T=7369.8 | a=1.000027 | H=2.41e-05 | 11.0 steps/s | 90.57 ms/step | ETA: 15094963.4 min
Step 22515/10000000000 | t=1.13e+00 | T=7369.8 | a=1.000027 | H=2.41e-05 | 11.0 steps/s | 90.68 ms/step | ETA: 15113930.3 min
Step 22520/10000000000 | t=1.13e+00 | T=7369.8 | a=1.000027 | H=2.41e-05 | 11.0 steps/s | 90.79 ms/step | ETA: 15132312.8 min
Step 22525/10000000000 | t=1.13e+00 | T=7369.8 | a=1.000027 | H=2.41e-05 | 11.0 steps/s | 90.90 ms/step | ETA: 15149944.6 min
Step 22530/10000000000 | t=1.13e+00 | T=7369.8 | a=1.000027 | H=2.41e-05 | 11.0 steps/s | 91.01 ms/step | ETA: 15167776.6 min
Step 22535/10000000000 | t=1.13e+00 | T=7369.8 | a=1.000027 | H=2.41e-05 | 11.0 steps/s | 91.12 ms/step | ETA: 15186395.1 min
Step 22540/10000000000 | t=1.13e+00 | T=7369.8 | a=1.000027 | H=2.41e-05 | 11.0 steps/s | 91.22 ms/step | ETA: 15203907.5 min
Step 22545/10000000000 | t=1.13e+00 | T=7369.8 | a=1.000027 | H=2.41e-05 | 10.9 steps/s | 91.41 ms/step | ETA: 15235728.4 min
Step 22550/10000000000 | t=1.13e+00 | T=7369.8 | a=1.000027 | H=2.41e-05 | 10.9 steps/s | 91.52 ms/step | ETA: 15253428.8 min
Step 22555/10000000000 | t=1.13e+00 | T=7369.8 | a=1.000027 | H=2.41e-05 | 10.9 steps/s | 91.63 ms/step | ETA: 15271092.5 min
Step 22560/10000000000 | t=1.13e+00 | T=7369.8 | a=1.000027 | H=2.41e-05 | 10.9 steps/s | 91.74 ms/step | ETA: 15290076.4 min
Step 22565/10000000000 | t=1.13e+00 | T=7369.8 | a=1.000027 | H=2.41e-05 | 10.9 steps/s | 91.85 ms/step | ETA: 15308274.9 min
Step 22570/10000000000 | t=1.13e+00 | T=7369.8 | a=1.000027 | H=2.41e-05 | 10.9 steps/s | 91.96 ms/step | ETA: 15325830.4 min
Step 22575/10000000000 | t=1.13e+00 | T=7369.8 | a=1.000027 | H=2.41e-05 | 10.9 steps/s | 92.06 ms/step | ETA: 15343182.7 min
Step 22580/10000000000 | t=1.13e+00 | T=7369.8 | a=1.000027 | H=2.41e-05 | 10.8 steps/s | 92.17 ms/step | ETA: 15361044.6 min
Step 22585/10000000000 | t=1.13e+00 | T=7369.8 | a=1.000027 | H=2.41e-05 | 10.8 steps/s | 92.28 ms/step | ETA: 15379246.3 min
Step 22590/10000000000 | t=1.13e+00 | T=7369.8 | a=1.000027 | H=2.41e-05 | 10.8 steps/s | 92.38 ms/step | ETA: 15397270.5 min
Step 22595/10000000000 | t=1.13e+00 | T=7369.8 | a=1.000027 | H=2.41e-05 | 10.8 steps/s | 92.58 ms/step | ETA: 15430630.9 min
Step 22600/10000000000 | t=1.13e+00 | T=7369.8 | a=1.000027 | H=2.41e-05 | 10.8 steps/s | 92.69 ms/step | ETA: 15448081.8 min
Step 22605/10000000000 | t=1.13e+00 | T=7369.8 | a=1.000027 | H=2.41e-05 | 10.8 steps/s | 92.79 ms/step | ETA: 15465386.3 min
Step 22610/10000000000 | t=1.13e+00 | T=7369.8 | a=1.000027 | H=2.41e-05 | 10.8 steps/s | 92.90 ms/step | ETA: 15482751.4 min
Step 22615/10000000000 | t=1.13e+00 | T=7369.8 | a=1.000027 | H=2.41e-05 | 10.8 steps/s | 93.01 ms/step | ETA: 15501116.4 min
Step 22620/10000000000 | t=1.13e+00 | T=7369.8 | a=1.000027 | H=2.41e-05 | 10.7 steps/s | 93.11 ms/step | ETA: 15519071.1 min
Step 22625/10000000000 | t=1.13e+00 | T=7369.8 | a=1.000027 | H=2.41e-05 | 10.7 steps/s | 93.22 ms/step | ETA: 15536773.2 min
Step 22630/10000000000 | t=1.13e+00 | T=7369.8 | a=1.000027 | H=2.41e-05 | 10.7 steps/s | 93.33 ms/step | ETA: 15554423.1 min
Step 22635/10000000000 | t=1.13e+00 | T=7369.8 | a=1.000027 | H=2.41e-05 | 10.7 steps/s | 93.45 ms/step | ETA: 15575070.9 min
Step 22640/10000000000 | t=1.13e+00 | T=7369.8 | a=1.000027 | H=2.41e-05 | 10.7 steps/s | 93.56 ms/step | ETA: 15593515.7 min
Step 22645/10000000000 | t=1.13e+00 | T=7369.8 | a=1.000027 | H=2.41e-05 | 10.7 steps/s | 93.76 ms/step | ETA: 15626248.5 min
Step 22650/10000000000 | t=1.13e+00 | T=7369.8 | a=1.000027 | H=2.41e-05 | 10.7 steps/s | 93.87 ms/step | ETA: 15644600.2 min
Step 22655/10000000000 | t=1.13e+00 | T=7369.8 | a=1.000027 | H=2.41e-05 | 10.6 steps/s | 93.98 ms/step | ETA: 15662963.5 min
Step 22660/10000000000 | t=1.13e+00 | T=7369.8 | a=1.000027 | H=2.41e-05 | 10.6 steps/s | 94.10 ms/step | ETA: 15682638.5 min
Step 22665/10000000000 | t=1.13e+00 | T=7369.8 | a=1.000027 | H=2.41e-05 | 10.6 steps/s | 94.22 ms/step | ETA: 15702898.7 min
Step 22670/10000000000 | t=1.13e+00 | T=7369.8 | a=1.000027 | H=2.41e-05 | 10.6 steps/s | 94.32 ms/step | ETA: 15720544.7 min
Step 22675/10000000000 | t=1.13e+00 | T=7369.8 | a=1.000027 | H=2.41e-05 | 10.6 steps/s | 94.43 ms/step | ETA: 15738027.2 min
Step 22680/10000000000 | t=1.13e+00 | T=7369.8 | a=1.000027 | H=2.41e-05 | 10.6 steps/s | 94.53 ms/step | ETA: 15755358.2 min
Step 22685/10000000000 | t=1.13e+00 | T=7369.8 | a=1.000027 | H=2.41e-05 | 10.6 steps/s | 94.64 ms/step | ETA: 15772946.5 min
Step 22690/10000000000 | t=1.13e+00 | T=7369.8 | a=1.000027 | H=2.41e-05 | 10.6 steps/s | 94.75 ms/step | ETA: 15790824.3 min
Step 22695/10000000000 | t=1.13e+00 | T=7369.8 | a=1.000027 | H=2.41e-05 | 10.5 steps/s | 94.93 ms/step | ETA: 15822362.9 min
Step 22700/10000000000 | t=1.14e+00 | T=7369.8 | a=1.000027 | H=2.41e-05 | 10.5 steps/s | 95.04 ms/step | ETA: 15839857.2 min
Step 22705/10000000000 | t=1.14e+00 | T=7369.8 | a=1.000027 | H=2.41e-05 | 10.5 steps/s | 95.15 ms/step | ETA: 15857516.1 min
Step 22710/10000000000 | t=1.14e+00 | T=7369.8 | a=1.000027 | H=2.41e-05 | 10.5 steps/s | 95.25 ms/step | ETA: 15875060.6 min
Step 22715/10000000000 | t=1.14e+00 | T=7369.8 | a=1.000027 | H=2.41e-05 | 10.5 steps/s | 95.36 ms/step | ETA: 15893063.5 min
Step 22720/10000000000 | t=1.14e+00 | T=7369.8 | a=1.000027 | H=2.41e-05 | 10.5 steps/s | 95.47 ms/step | ETA: 15911409.1 min
Step 22725/10000000000 | t=1.14e+00 | T=7369.8 | a=1.000027 | H=2.41e-05 | 10.5 steps/s | 95.58 ms/step | ETA: 15929772.0 min
Step 22730/10000000000 | t=1.14e+00 | T=7369.8 | a=1.000027 | H=2.41e-05 | 10.5 steps/s | 95.68 ms/step | ETA: 15947456.9 min
Step 22735/10000000000 | t=1.14e+00 | T=7369.8 | a=1.000027 | H=2.41e-05 | 10.4 steps/s | 95.79 ms/step | ETA: 15965732.5 min
Step 22740/10000000000 | t=1.14e+00 | T=7369.8 | a=1.000027 | H=2.41e-05 | 10.4 steps/s | 95.91 ms/step | ETA: 15984184.8 min
Step 22745/10000000000 | t=1.14e+00 | T=7369.8 | a=1.000027 | H=2.41e-05 | 10.4 steps/s | 96.11 ms/step | ETA: 16017833.7 min
Step 22750/10000000000 | t=1.14e+00 | T=7369.8 | a=1.000027 | H=2.41e-05 | 10.4 steps/s | 96.21 ms/step | ETA: 16035544.5 min
Step 22755/10000000000 | t=1.14e+00 | T=7369.8 | a=1.000027 | H=2.41e-05 | 10.4 steps/s | 96.32 ms/step | ETA: 16053057.1 min
Step 22760/10000000000 | t=1.14e+00 | T=7369.8 | a=1.000027 | H=2.41e-05 | 10.4 steps/s | 96.42 ms/step | ETA: 16070345.9 min
Step 22765/10000000000 | t=1.14e+00 | T=7369.8 | a=1.000027 | H=2.41e-05 | 10.4 steps/s | 96.53 ms/step | ETA: 16087655.5 min
Step 22770/10000000000 | t=1.14e+00 | T=7369.8 | a=1.000027 | H=2.41e-05 | 10.3 steps/s | 96.65 ms/step | ETA: 16107762.0 min
Step 22775/10000000000 | t=1.14e+00 | T=7369.8 | a=1.000027 | H=2.41e-05 | 10.3 steps/s | 96.76 ms/step | ETA: 16126244.3 min
Step 22780/10000000000 | t=1.14e+00 | T=7369.8 | a=1.000027 | H=2.41e-05 | 10.3 steps/s | 96.86 ms/step | ETA: 16143541.3 min
Step 22785/10000000000 | t=1.14e+00 | T=7369.8 | a=1.000027 | H=2.41e-05 | 10.3 steps/s | 96.97 ms/step | ETA: 16161928.8 min
Step 22790/10000000000 | t=1.14e+00 | T=7369.8 | a=1.000027 | H=2.41e-05 | 10.3 steps/s | 97.08 ms/step | ETA: 16180055.8 min
Step 22795/10000000000 | t=1.14e+00 | T=7369.8 | a=1.000027 | H=2.41e-05 | 10.3 steps/s | 97.27 ms/step | ETA: 16211893.6 min
Step 22800/10000000000 | t=1.14e+00 | T=7369.8 | a=1.000027 | H=2.41e-05 | 10.3 steps/s | 97.37 ms/step | ETA: 16229020.6 min
Step 22805/10000000000 | t=1.14e+00 | T=7369.8 | a=1.000027 | H=2.41e-05 | 10.3 steps/s | 97.49 ms/step | ETA: 16248194.3 min
Step 22810/10000000000 | t=1.14e+00 | T=7369.8 | a=1.000027 | H=2.41e-05 | 10.2 steps/s | 97.60 ms/step | ETA: 16266010.8 min
Step 22815/10000000000 | t=1.14e+00 | T=7369.8 | a=1.000027 | H=2.41e-05 | 10.2 steps/s | 97.70 ms/step | ETA: 16283859.9 min
Step 22820/10000000000 | t=1.14e+00 | T=7369.8 | a=1.000027 | H=2.41e-05 | 10.2 steps/s | 97.81 ms/step | ETA: 16301158.9 min
Step 22825/10000000000 | t=1.14e+00 | T=7369.8 | a=1.000027 | H=2.41e-05 | 10.2 steps/s | 97.91 ms/step | ETA: 16318721.5 min
Step 22830/10000000000 | t=1.14e+00 | T=7369.8 | a=1.000027 | H=2.41e-05 | 10.2 steps/s | 98.01 ms/step | ETA: 16335750.9 min
Step 22835/10000000000 | t=1.14e+00 | T=7369.8 | a=1.000027 | H=2.41e-05 | 10.2 steps/s | 98.13 ms/step | ETA: 16354736.1 min
Step 22840/10000000000 | t=1.14e+00 | T=7369.8 | a=1.000027 | H=2.41e-05 | 10.2 steps/s | 98.25 ms/step | ETA: 16375587.2 min
Step 22845/10000000000 | t=1.14e+00 | T=7369.8 | a=1.000027 | H=2.41e-05 | 10.2 steps/s | 98.44 ms/step | ETA: 16407263.6 min
Step 22850/10000000000 | t=1.14e+00 | T=7369.8 | a=1.000027 | H=2.41e-05 | 10.1 steps/s | 98.54 ms/step | ETA: 16423927.5 min
Step 22855/10000000000 | t=1.14e+00 | T=7369.8 | a=1.000027 | H=2.41e-05 | 10.1 steps/s | 98.64 ms/step | ETA: 16440552.4 min
Step 22860/10000000000 | t=1.14e+00 | T=7369.8 | a=1.000027 | H=2.41e-05 | 10.1 steps/s | 98.74 ms/step | ETA: 16457280.7 min
Step 22865/10000000000 | t=1.14e+00 | T=7369.8 | a=1.000028 | H=2.41e-05 | 10.1 steps/s | 98.85 ms/step | ETA: 16474207.4 min
Step 22870/10000000000 | t=1.14e+00 | T=7369.8 | a=1.000028 | H=2.41e-05 | 10.1 steps/s | 98.95 ms/step | ETA: 16491919.6 min
Step 22875/10000000000 | t=1.14e+00 | T=7369.8 | a=1.000028 | H=2.41e-05 | 10.1 steps/s | 99.05 ms/step | ETA: 16508810.7 min
Step 22880/10000000000 | t=1.14e+00 | T=7369.8 | a=1.000028 | H=2.41e-05 | 10.1 steps/s | 99.15 ms/step | ETA: 16525518.7 min
Step 22885/10000000000 | t=1.14e+00 | T=7369.8 | a=1.000028 | H=2.41e-05 | 10.1 steps/s | 99.26 ms/step | ETA: 16543053.1 min
Step 22890/10000000000 | t=1.14e+00 | T=7369.8 | a=1.000028 | H=2.41e-05 | 10.1 steps/s | 99.36 ms/step | ETA: 16560290.1 min
Step 22895/10000000000 | t=1.14e+00 | T=7369.8 | a=1.000028 | H=2.41e-05 | 10.0 steps/s | 99.55 ms/step | ETA: 16592210.9 min
Step 22900/10000000000 | t=1.15e+00 | T=7369.8 | a=1.000028 | H=2.41e-05 | 10.0 steps/s | 99.65 ms/step | ETA: 16609111.6 min
Step 22905/10000000000 | t=1.15e+00 | T=7369.8 | a=1.000028 | H=2.41e-05 | 10.0 steps/s | 99.76 ms/step | ETA: 16627351.6 min
Step 22910/10000000000 | t=1.15e+00 | T=7369.8 | a=1.000028 | H=2.41e-05 | 10.0 steps/s | 99.87 ms/step | ETA: 16644492.3 min
Step 22915/10000000000 | t=1.15e+00 | T=7369.8 | a=1.000028 | H=2.41e-05 | 10.0 steps/s | 99.97 ms/step | ETA: 16661545.0 min
Step 22920/10000000000 | t=1.15e+00 | T=7369.8 | a=1.000028 | H=2.41e-05 | 10.0 steps/s | 100.07 ms/step | ETA: 16678583.1 min
Step 22925/10000000000 | t=1.15e+00 | T=7369.8 | a=1.000028 | H=2.41e-05 | 10.0 steps/s | 100.18 ms/step | ETA: 16695846.7 min
Step 22930/10000000000 | t=1.15e+00 | T=7369.8 | a=1.000028 | H=2.41e-05 | 10.0 steps/s | 100.27 ms/step | ETA: 16712439.1 min
Step 22935/10000000000 | t=1.15e+00 | T=7369.8 | a=1.000028 | H=2.41e-05 | 10.0 steps/s | 100.38 ms/step | ETA: 16730144.4 min
Step 22940/10000000000 | t=1.15e+00 | T=7369.8 | a=1.000028 | H=2.41e-05 | 9.9 steps/s | 100.50 ms/step | ETA: 16750524.0 min
Step 22945/10000000000 | t=1.15e+00 | T=7369.8 | a=1.000028 | H=2.41e-05 | 9.9 steps/s | 100.70 ms/step | ETA: 16783926.8 min
Step 22950/10000000000 | t=1.15e+00 | T=7369.8 | a=1.000028 | H=2.41e-05 | 9.9 steps/s | 100.81 ms/step | ETA: 16801619.9 min
Step 22955/10000000000 | t=1.15e+00 | T=7369.8 | a=1.000028 | H=2.41e-05 | 9.9 steps/s | 100.91 ms/step | ETA: 16819111.5 min
Step 22960/10000000000 | t=1.15e+00 | T=7369.8 | a=1.000028 | H=2.41e-05 | 9.9 steps/s | 101.02 ms/step | ETA: 16836717.0 min
Step 22965/10000000000 | t=1.15e+00 | T=7369.8 | a=1.000028 | H=2.41e-05 | 9.9 steps/s | 101.17 ms/step | ETA: 16862147.9 min
Step 22970/10000000000 | t=1.15e+00 | T=7369.8 | a=1.000028 | H=2.41e-05 | 9.9 steps/s | 101.30 ms/step | ETA: 16883926.5 min
Step 22975/10000000000 | t=1.15e+00 | T=7369.8 | a=1.000028 | H=2.41e-05 | 9.9 steps/s | 101.42 ms/step | ETA: 16902671.5 min
Step 22980/10000000000 | t=1.15e+00 | T=7369.8 | a=1.000028 | H=2.41e-05 | 9.9 steps/s | 101.52 ms/step | ETA: 16919706.4 min
Step 22985/10000000000 | t=1.15e+00 | T=7369.8 | a=1.000028 | H=2.41e-05 | 9.8 steps/s | 101.62 ms/step | ETA: 16937068.3 min
Step 22990/10000000000 | t=1.15e+00 | T=7369.8 | a=1.000028 | H=2.41e-05 | 9.8 steps/s | 101.73 ms/step | ETA: 16954375.5 min
Step 22995/10000000000 | t=1.15e+00 | T=7369.8 | a=1.000028 | H=2.41e-05 | 9.8 steps/s | 101.92 ms/step | ETA: 16986978.4 min
Step 23000/10000000000 | t=1.15e+00 | T=7369.8 | a=1.000028 | H=2.41e-05 | 9.8 steps/s | 102.04 ms/step | ETA: 17006730.6 min
Step 23005/10000000000 | t=1.15e+00 | T=7369.8 | a=1.000028 | H=2.41e-05 | 9.8 steps/s | 102.16 ms/step | ETA: 17027305.0 min
