======================================================================
LATTICE SIMULATION LOG
Started: 2026-02-21 22:37:22
Log file: logs/simulation_20260221_223722.log
======================================================================

Numba Configuration:
  Version: 0.63.1
  Threading layer: default
  Configured threads: 11
  Active threads: 11
----------------------------------------------------------------------

Hubble expansion: ENABLED (comoving lattice)
  g_* = 106.75, M_Pl = 2.40e+18 GeV, ΔV = 1.00e+28 GeV^4
  H² = (T⁴/χ_g² + ΔV) / (3 M_Pl²)
  H(T0=7346.0) = 2.4056e-05 GeV
  3H = 7.2169e-05 GeV
  η_phys = 0.3 GeV  →  3H/η = 2.41e-04
  T(t) = T0 / a(t)  (entropy conservation)
  Initial a = 1.0
Field precision: float32
Tree-level VEV: ±1.0000e+11

Finding thermal VEV at T = 7346.0...
  V'(0) = 1.0462e-07
  V'(VEV) = 7.1340e-31
  Thermal VEV found: 1.0000e+11
  Ratio thermal/tree: 1.0000

Finding escape point...
  V'(1e-10) = 1.0462e-07
  V'(1e0)   = 1.0462e+03
  V'(1e5)   = -9.9983e+10
  V'(1e8)   = -1.0000e+14
  V'(1e10)  = -9.9000e+15
  Barrier found between 5.3999e+02 and 5.6809e+02
  Barrier top at: 5.6190e+02
  Escape point: 6.1809e+02
  V'(escape) = -1.3647e+05 (should be < 0)

Using TREE-LEVEL VEV for seeding: 1.0000e+11
The bubble is seeded at the true vacuum (no rolling needed).
Bubble seeding: DISABLED (thermal nucleation only)
Field states will be saved to: data/set6/128x128x128_T0_7346_dx_0.005_dtphys_0.0001_interval_50000_3D_hubble_eta_0.3/field_states
Figures will be saved to: data/set6/128x128x128_T0_7346_dx_0.005_dtphys_0.0001_interval_50000_3D_hubble_eta_0.3/figs/latticeSnapshot

--resume specified but no checkpoints found. Starting from scratch.

============================================================
Starting time evolution...
Grid: 128×128×128, Steps: 1000000000, dt: 1.00e-01
Using single-pass fused RK2: True
Using Vprime lookup table: True (size=16384)
Using fused RK2: True
Using in-kernel RNG: True
Field precision: float32
Spline resolution N_Y: 256
Bubble seeding: DISABLED
Thermal noise: ENABLED (FDT noise_scale(T0) = 5.9381e-05)
Overdamped mode: DISABLED (η = 0.3)
Hubble expansion: ENABLED
  H(T0) = 2.4056e-05 GeV, 3H/η = 2.41e-04
  g_* = 106.75, M_Pl = 2.40e+18 GeV
============================================================

Warming up JIT compilation...
JIT warmup complete.
Starting main loop...

Step 0/1000000000 | t=0.00e+00 | T=7346.0 | a=1.000000 | H=2.41e-05 | 7.9 steps/s | 126.39 ms/step | ETA: 2106448.0 min
Step 50000/1000000000 | t=5.00e+00 | T=7345.1 | a=1.000120 | H=2.41e-05 | 80.0 steps/s | 12.49 ms/step | ETA: 208193.2 min
Step 100000/1000000000 | t=1.00e+01 | T=7344.2 | a=1.000241 | H=2.41e-05 | 83.3 steps/s | 12.00 ms/step | ETA: 199995.7 min
Step 150000/1000000000 | t=1.50e+01 | T=7343.3 | a=1.000361 | H=2.41e-05 | 84.6 steps/s | 11.82 ms/step | ETA: 197039.9 min
Step 200000/1000000000 | t=2.00e+01 | T=7342.5 | a=1.000481 | H=2.41e-05 | 86.1 steps/s | 11.62 ms/step | ETA: 193611.2 min
Step 250000/1000000000 | t=2.50e+01 | T=7341.6 | a=1.000602 | H=2.41e-05 | 87.0 steps/s | 11.49 ms/step | ETA: 191489.4 min

!!!!!!!!!!!!!!!!!!!!!!!!!!!!!!!!!!!!!!!!!!!!!!!!!!!!!!!!!!!!
NaN DETECTED at step 300000 (t_phys=3.000000e+01)
  NaN sites: phi=2097152/2097152, pi=2097152/2097152
  |phi|_max = 0.0000e+00
  noise_scale = 5.936652e-05
  eta_eff = 3.000722e-04, T = 7340.7, inv_a2 = 0.9985576655
!!!!!!!!!!!!!!!!!!!!!!!!!!!!!!!!!!!!!!!!!!!!!!!!!!!!!!!!!!!!
  Debug state saved: data/set6/128x128x128_T0_7346_dx_0.005_dtphys_0.0001_interval_50000_3D_hubble_eta_0.3/field_states/state_step_0000300000_NaN_debug.npz
  ABORTING simulation.

============================================================
SIMULATION FINISHED!
============================================================

Timing:
  Total time: 57.33 minutes (3439.7 seconds)
  Average: 290724.7 steps/second
  Time per step: 0.003 ms

Simulation Parameters:
  Grid: 128×128×128
  Total steps: 1,000,000,000
  Initial temperature: 7346.0
  Cooling rate: 0.001
  dx_phys: 0.005
  dt_phys: 0.0001

Optimizations Used:
  Single-pass fused RK2: True
  Fused RK2: True
  In-kernel RNG: True
  Field precision: float32
  Spline resolution (N_Y): 256
  Numba threads: 11

Output:
  Snapshots saved: data/set6/128x128x128_T0_7346_dx_0.005_dtphys_0.0001_interval_50000_3D_hubble_eta_0.3
  Snapshot interval: every 50000 steps
  Total snapshots: 20000

Completed: 2026-02-21 23:34:44

Metadata saved to: data/set6/128x128x128_T0_7346_dx_0.005_dtphys_0.0001_interval_50000_3D_hubble_eta_0.3/simulation_metadata.npz
Field states saved to: data/set6/128x128x128_T0_7346_dx_0.005_dtphys_0.0001_interval_50000_3D_hubble_eta_0.3/field_states/
Use revisualize_snapshots.py to replot with different settings
============================================================
