======================================================================
LATTICE SIMULATION LOG
Started: 2026-02-21 09:10:32
Log file: logs/simulation_20260221_091032.log
======================================================================

Numba Configuration:
  Version: 0.63.1
  Threading layer: default
  Configured threads: 11
  Active threads: 11
----------------------------------------------------------------------

Hubble expansion: ENABLED (comoving lattice)
  g_* = 106.75, M_Pl = 2.40e+18 GeV, ΔV = 1.00e+28 GeV^4
  H² = (T⁴/χ_g² + ΔV) / (3 M_Pl²)
  H(T0=7347.0) = 2.4056e-05 GeV
  3H = 7.2169e-05 GeV
  η_phys = 0.3 GeV  →  3H/η = 2.41e-04
  T(t) = T0 / a(t)  (entropy conservation)
  Initial a = 1.0
Field precision: float32
Tree-level VEV: ±1.0000e+11

Finding thermal VEV at T = 7347.0...
  V'(0) = 1.3233e-07
  V'(VEV) = 7.1369e-31
  Thermal VEV found: 1.0000e+11
  Ratio thermal/tree: 1.0000

Finding escape point...
  V'(1e-10) = 1.3233e-07
  V'(1e0)   = 1.3233e+03
  V'(1e5)   = -9.9983e+10
  V'(1e8)   = -1.0000e+14
  V'(1e10)  = -9.9000e+15
  Barrier found between 6.2876e+02 and 6.6149e+02
  Barrier top at: 6.3161e+02
  Escape point: 6.9477e+02
  V'(escape) = -1.9428e+05 (should be < 0)

Using TREE-LEVEL VEV for seeding: 1.0000e+11
The bubble is seeded at the true vacuum (no rolling needed).
Bubble seeding: DISABLED (thermal nucleation only)
Field states will be saved to: data/set6/128x128x128_T0_7347_dx_0.005_dtphys_2.5e-07_interval_50000_3D_hubble_eta_0.3/field_states
Figures will be saved to: data/set6/128x128x128_T0_7347_dx_0.005_dtphys_2.5e-07_interval_50000_3D_hubble_eta_0.3/figs/latticeSnapshot

--resume specified but no checkpoints found. Starting from scratch.

============================================================
Starting time evolution...
Grid: 128×128×128, Steps: 1000000000, dt: 2.50e-04
Using fused RK2: True
Using in-kernel RNG: True
Field precision: float32
Spline resolution N_Y: 256
Bubble seeding: DISABLED
Thermal noise: ENABLED (FDT noise_scale(T0) = 2.9692e-06)
Overdamped mode: DISABLED (η = 0.3)
Hubble expansion: ENABLED
  H(T0) = 2.4056e-05 GeV, 3H/η = 2.41e-04
  g_* = 106.75, M_Pl = 2.40e+18 GeV
============================================================

Warming up JIT compilation...
JIT warmup complete.
Starting main loop...

Step 0/1000000000 | t=0.00e+00 | T=7347.0 | a=1.000000 | H=2.41e-05 | 13.1 steps/s | 76.28 ms/step | ETA: 1271267.7 min
Step 50000/1000000000 | t=1.25e-02 | T=7347.0 | a=1.000000 | H=2.41e-05 | 14.5 steps/s | 68.81 ms/step | ETA: 1146825.3 min
