======================================================================
LATTICE SIMULATION LOG
Started: 2026-03-03 22:54:59
Log file: logs/simulation_20260303_225459.log
======================================================================

Numba Configuration:
  Version: 0.63.1
  Threading layer: default
  Configured threads: 11
  Active threads: 11
----------------------------------------------------------------------

Time step: dt_phys = 1.00e-03, dt (rescaled) = 1.0000e+00
  CFL limit: dt_CFL = 5.7735 (rescaled)
  dt/dt_CFL = 1.7321e-01 (SAFE)

Hubble expansion: ENABLED (comoving lattice)
  g_* = 106.75, M_Pl = 2.40e+18 GeV, ΔV = 1.00e+28 GeV^4
  H² = (T⁴/χ_g² + ΔV) / (3 M_Pl²)
  H(T0=7405.0) = 2.4056e-05 GeV
  3H = 7.2169e-05 GeV
  η_phys = 2500 GeV  →  3H/η = 2.89e-08
  T(t) = T0 / a(t)  (entropy conservation)
  Initial a = 1.0
Field precision: float32
Tree-level VEV: ±1.0000e+11
Couplings: boson=1.09, fermion=1.09

Finding thermal VEV at T = 7405.0...
  V'(0) = 1.7462e-06
  V'(VEV) = 7.3073e-31
  Thermal VEV found: 1.0000e+11
  Ratio thermal/tree: 1.0000

Finding escape point...
  V'(1e-10) = 1.7462e-06
  V'(1e0)   = 1.7462e+04
  V'(1e5)   = -9.9981e+10
  V'(1e8)   = -1.0000e+14
  V'(1e10)  = -9.9000e+15
  Barrier found between 2.2355e+03 and 2.3518e+03
  Barrier top at: 2.2423e+03
  Escape point: 2.4665e+03
  V'(escape) = -9.4263e+06 (should be < 0)

Using TREE-LEVEL VEV for seeding: 1.0000e+11
The bubble is seeded at the true vacuum (no rolling needed).
Bubble seeding: DISABLED (thermal nucleation only)
Field states will be saved to: data/set6/256x256x256_T0_7405_dx_0.01_dtphys_0.001_interval_4000_3D_hubble_eta_2500_gb_1.09_gf_1.09_rk2_fused_inline/field_states
Figures will be saved to: data/set6/256x256x256_T0_7405_dx_0.01_dtphys_0.001_interval_4000_3D_hubble_eta_2500_gb_1.09_gf_1.09_rk2_fused_inline/figs/latticeSnapshot

--resume specified but no checkpoints found. Starting from scratch.

============================================================
Starting time evolution...
Grid: 256×256×256, Steps: 1500000, dt: 1.00e+00
Integrator: rk2_fused_inline
Using Vprime lookup table: False (size=16384)
Using in-kernel RNG: True
Field precision: float32
Spline resolution N_Y: 256
Bubble seeding: DISABLED
Thermal noise: ENABLED (FDT noise_scale(T0) = 1.9242e+02)
Overdamped mode: DISABLED (η = 2500)
Hubble expansion: ENABLED
  H(T0) = 2.4056e-05 GeV, 3H/η = 2.89e-08
  g_* = 106.75, M_Pl = 2.40e+18 GeV
============================================================

Warming up JIT compilation...
JIT warmup complete.
Starting main loop...

Dense snapshots: enabled (threshold=50000.0, interval=5)
Step 0/1500000 | t=0.00e+00 | T=7405.0 | a=1.000000 | H=2.41e-05 | 3.5 steps/s | 287.64 ms/step | ETA: 7190.9 min

*** phi threshold exceeded: max|phi|=96588.8 > 50000.0
*** Switching to dense snapshots: every 5 steps

Step 10/1500000 | t=1.00e-02 | T=7405.0 | a=1.000000 | H=2.41e-05 | 1.8 steps/s | 547.34 ms/step | ETA: 13683.4 min
Step 15/1500000 | t=1.50e-02 | T=7405.0 | a=1.000000 | H=2.41e-05 | 1.8 steps/s | 553.89 ms/step | ETA: 13847.2 min
Step 20/1500000 | t=2.00e-02 | T=7405.0 | a=1.000001 | H=2.41e-05 | 1.8 steps/s | 547.98 ms/step | ETA: 13699.4 min
Step 25/1500000 | t=2.50e-02 | T=7405.0 | a=1.000001 | H=2.41e-05 | 1.8 steps/s | 546.86 ms/step | ETA: 13671.2 min
Step 30/1500000 | t=3.00e-02 | T=7405.0 | a=1.000001 | H=2.41e-05 | 1.8 steps/s | 544.04 ms/step | ETA: 13600.8 min
Step 35/1500000 | t=3.50e-02 | T=7405.0 | a=1.000001 | H=2.41e-05 | 1.7 steps/s | 572.52 ms/step | ETA: 14312.7 min
Step 40/1500000 | t=4.00e-02 | T=7405.0 | a=1.000001 | H=2.41e-05 | 1.6 steps/s | 613.99 ms/step | ETA: 15349.4 min
Step 45/1500000 | t=4.50e-02 | T=7405.0 | a=1.000001 | H=2.41e-05 | 1.5 steps/s | 646.79 ms/step | ETA: 16169.4 min
Step 50/1500000 | t=5.00e-02 | T=7405.0 | a=1.000001 | H=2.41e-05 | 1.5 steps/s | 672.06 ms/step | ETA: 16800.9 min
Step 55/1500000 | t=5.50e-02 | T=7405.0 | a=1.000001 | H=2.41e-05 | 1.4 steps/s | 692.97 ms/step | ETA: 17323.6 min
Step 60/1500000 | t=6.00e-02 | T=7405.0 | a=1.000001 | H=2.41e-05 | 1.3 steps/s | 759.57 ms/step | ETA: 18988.5 min
Step 65/1500000 | t=6.50e-02 | T=7405.0 | a=1.000002 | H=2.41e-05 | 1.3 steps/s | 774.47 ms/step | ETA: 19360.8 min
