======================================================================
LATTICE SIMULATION LOG
Started: 2026-02-20 10:41:00
Log file: logs/simulation_20260220_104100.log
======================================================================

Numba Configuration:
  Version: 0.63.1
  Threading layer: default
  Configured threads: 11
  Active threads: 11
----------------------------------------------------------------------

Hubble expansion: ENABLED (comoving lattice)
  g_* = 106.75, M_Pl = 2.40e+18 GeV, ΔV = 1.00e+28 GeV^4
  H² = (T⁴/χ_g² + ΔV) / (3 M_Pl²)
  H(T0=7341.0) = 2.4056e-05 GeV
  3H = 7.2169e-05 GeV
  η_phys = 0.3 GeV  →  3H/η = 2.41e-04
  T(t) = T0 / a(t)  (entropy conservation)
  Initial a = 1.0
Field precision: float32
Tree-level VEV: ±1.0000e+11

Finding thermal VEV at T = 7341.0...
  V'(0) = -3.3898e-08
  V'(VEV) = 7.1194e-31
  Thermal VEV found: 1.0000e+11
  Ratio thermal/tree: 1.0000

Finding escape point...
  V'(1e-10) = -3.3898e-08
  V'(1e0)   = -3.3899e+02
  V'(1e5)   = -9.9983e+10
  V'(1e8)   = -1.0000e+14
  V'(1e10)  = -9.9000e+15
  No barrier: V' < 0 everywhere (spinodal regime)
  Using thermal VEV: 1.0000e+11
  V'(escape) = 7.1194e-31

Using TREE-LEVEL VEV for seeding: 1.0000e+11
The bubble is seeded at the true vacuum (no rolling needed).
Bubble seeding: DISABLED (thermal nucleation only)
Field states will be saved to: data/set6/128x128_T0_7341_dt_1e-05_interval_50000_hubble_eta_0.3/field_states
Figures will be saved to: data/set6/128x128_T0_7341_dt_1e-05_interval_50000_hubble_eta_0.3/figs/latticeSnapshot

============================================================
Starting time evolution...
Grid: 128×128, Steps: 1000000000, dt: 1.00e-05
Using fused RK2: True
Using in-kernel RNG: True
Field precision: float32
Spline resolution N_Y: 256
Bubble seeding: DISABLED
Thermal noise: ENABLED (FDT noise_scale(T0) = 6.6367e-06)
Overdamped mode: DISABLED (η = 0.3)
Hubble expansion: ENABLED
  H(T0) = 2.4056e-05 GeV, 3H/η = 2.41e-04
  g_* = 106.75, M_Pl = 2.40e+18 GeV
============================================================

Warming up JIT compilation...
JIT warmup complete.
Starting main loop...

Step 0/1000000000 | t=0.00e+00 | T=7341.0 | a=1.000000 | H=2.41e-05 | 716.7 steps/s | 1.40 ms/step | ETA: 23253.8 min
Step 50000/1000000000 | t=5.00e-04 | T=7341.0 | a=1.000000 | H=2.41e-05 | 1248.2 steps/s | 0.80 ms/step | ETA: 13351.8 min
Step 100000/1000000000 | t=1.00e-03 | T=7341.0 | a=1.000000 | H=2.41e-05 | 1257.7 steps/s | 0.80 ms/step | ETA: 13250.3 min
Step 150000/1000000000 | t=1.50e-03 | T=7341.0 | a=1.000000 | H=2.41e-05 | 1250.9 steps/s | 0.80 ms/step | ETA: 13321.8 min
Step 200000/1000000000 | t=2.00e-03 | T=7341.0 | a=1.000000 | H=2.41e-05 | 1200.2 steps/s | 0.83 ms/step | ETA: 13883.4 min
Step 250000/1000000000 | t=2.50e-03 | T=7341.0 | a=1.000000 | H=2.41e-05 | 1164.8 steps/s | 0.86 ms/step | ETA: 14305.1 min
Step 300000/1000000000 | t=3.00e-03 | T=7341.0 | a=1.000000 | H=2.41e-05 | 1117.4 steps/s | 0.89 ms/step | ETA: 14911.0 min
Step 350000/1000000000 | t=3.50e-03 | T=7341.0 | a=1.000000 | H=2.41e-05 | 1090.3 steps/s | 0.92 ms/step | ETA: 15280.9 min
Step 400000/1000000000 | t=4.00e-03 | T=7341.0 | a=1.000000 | H=2.41e-05 | 1075.2 steps/s | 0.93 ms/step | ETA: 15494.4 min
Step 450000/1000000000 | t=4.50e-03 | T=7341.0 | a=1.000000 | H=2.41e-05 | 1065.7 steps/s | 0.94 ms/step | ETA: 15631.9 min
Step 500000/1000000000 | t=5.00e-03 | T=7341.0 | a=1.000000 | H=2.41e-05 | 1057.2 steps/s | 0.95 ms/step | ETA: 15757.4 min
Step 550000/1000000000 | t=5.50e-03 | T=7341.0 | a=1.000000 | H=2.41e-05 | 1052.6 steps/s | 0.95 ms/step | ETA: 15825.6 min
Step 600000/1000000000 | t=6.00e-03 | T=7341.0 | a=1.000000 | H=2.41e-05 | 1043.0 steps/s | 0.96 ms/step | ETA: 15969.7 min
Step 650000/1000000000 | t=6.50e-03 | T=7341.0 | a=1.000000 | H=2.41e-05 | 1036.1 steps/s | 0.97 ms/step | ETA: 16076.1 min
Step 700000/1000000000 | t=7.00e-03 | T=7341.0 | a=1.000000 | H=2.41e-05 | 1027.9 steps/s | 0.97 ms/step | ETA: 16203.3 min
Step 750000/1000000000 | t=7.50e-03 | T=7341.0 | a=1.000000 | H=2.41e-05 | 1026.5 steps/s | 0.97 ms/step | ETA: 16223.5 min
Step 800000/1000000000 | t=8.00e-03 | T=7341.0 | a=1.000000 | H=2.41e-05 | 1024.8 steps/s | 0.98 ms/step | ETA: 16251.0 min
Step 850000/1000000000 | t=8.50e-03 | T=7341.0 | a=1.000000 | H=2.41e-05 | 1029.7 steps/s | 0.97 ms/step | ETA: 16171.8 min
Step 900000/1000000000 | t=9.00e-03 | T=7341.0 | a=1.000000 | H=2.41e-05 | 1035.6 steps/s | 0.97 ms/step | ETA: 16080.0 min
Step 950000/1000000000 | t=9.50e-03 | T=7341.0 | a=1.000000 | H=2.41e-05 | 1040.5 steps/s | 0.96 ms/step | ETA: 16003.4 min
Step 1000000/1000000000 | t=1.00e-02 | T=7341.0 | a=1.000000 | H=2.41e-05 | 1045.1 steps/s | 0.96 ms/step | ETA: 15931.2 min
Step 1050000/1000000000 | t=1.05e-02 | T=7341.0 | a=1.000000 | H=2.41e-05 | 1048.7 steps/s | 0.95 ms/step | ETA: 15876.7 min
Step 1100000/1000000000 | t=1.10e-02 | T=7341.0 | a=1.000000 | H=2.41e-05 | 1051.0 steps/s | 0.95 ms/step | ETA: 15839.9 min
Step 1150000/1000000000 | t=1.15e-02 | T=7341.0 | a=1.000000 | H=2.41e-05 | 1050.5 steps/s | 0.95 ms/step | ETA: 15846.7 min
Step 1200000/1000000000 | t=1.20e-02 | T=7341.0 | a=1.000000 | H=2.41e-05 | 1052.7 steps/s | 0.95 ms/step | ETA: 15812.9 min
Step 1250000/1000000000 | t=1.25e-02 | T=7341.0 | a=1.000000 | H=2.41e-05 | 1055.1 steps/s | 0.95 ms/step | ETA: 15777.0 min
Step 1300000/1000000000 | t=1.30e-02 | T=7341.0 | a=1.000000 | H=2.41e-05 | 1055.7 steps/s | 0.95 ms/step | ETA: 15766.9 min
Step 1350000/1000000000 | t=1.35e-02 | T=7341.0 | a=1.000000 | H=2.41e-05 | 1057.0 steps/s | 0.95 ms/step | ETA: 15747.2 min
Step 1400000/1000000000 | t=1.40e-02 | T=7341.0 | a=1.000000 | H=2.41e-05 | 1057.7 steps/s | 0.95 ms/step | ETA: 15735.6 min
Step 1450000/1000000000 | t=1.45e-02 | T=7341.0 | a=1.000000 | H=2.41e-05 | 1061.2 steps/s | 0.94 ms/step | ETA: 15682.7 min
Step 1500000/1000000000 | t=1.50e-02 | T=7341.0 | a=1.000000 | H=2.41e-05 | 1063.2 steps/s | 0.94 ms/step | ETA: 15652.4 min
Step 1550000/1000000000 | t=1.55e-02 | T=7341.0 | a=1.000000 | H=2.41e-05 | 1065.7 steps/s | 0.94 ms/step | ETA: 15615.6 min
Step 1600000/1000000000 | t=1.60e-02 | T=7341.0 | a=1.000000 | H=2.41e-05 | 1065.1 steps/s | 0.94 ms/step | ETA: 15623.2 min
Step 1650000/1000000000 | t=1.65e-02 | T=7341.0 | a=1.000000 | H=2.41e-05 | 1065.6 steps/s | 0.94 ms/step | ETA: 15615.5 min
Step 1700000/1000000000 | t=1.70e-02 | T=7341.0 | a=1.000000 | H=2.41e-05 | 1066.5 steps/s | 0.94 ms/step | ETA: 15601.1 min
Step 1750000/1000000000 | t=1.75e-02 | T=7341.0 | a=1.000000 | H=2.41e-05 | 1064.3 steps/s | 0.94 ms/step | ETA: 15631.8 min
Step 1800000/1000000000 | t=1.80e-02 | T=7341.0 | a=1.000000 | H=2.41e-05 | 1061.9 steps/s | 0.94 ms/step | ETA: 15667.0 min
Step 1850000/1000000000 | t=1.85e-02 | T=7341.0 | a=1.000000 | H=2.41e-05 | 1060.6 steps/s | 0.94 ms/step | ETA: 15685.8 min
Step 1900000/1000000000 | t=1.90e-02 | T=7341.0 | a=1.000000 | H=2.41e-05 | 1059.0 steps/s | 0.94 ms/step | ETA: 15708.3 min
Step 1950000/1000000000 | t=1.95e-02 | T=7341.0 | a=1.000000 | H=2.41e-05 | 1058.2 steps/s | 0.95 ms/step | ETA: 15719.6 min
Step 2000000/1000000000 | t=2.00e-02 | T=7341.0 | a=1.000000 | H=2.41e-05 | 1056.7 steps/s | 0.95 ms/step | ETA: 15740.2 min
Step 2050000/1000000000 | t=2.05e-02 | T=7341.0 | a=1.000000 | H=2.41e-05 | 1054.4 steps/s | 0.95 ms/step | ETA: 15775.0 min
Step 2100000/1000000000 | t=2.10e-02 | T=7341.0 | a=1.000001 | H=2.41e-05 | 1054.0 steps/s | 0.95 ms/step | ETA: 15779.8 min
Step 2150000/1000000000 | t=2.15e-02 | T=7341.0 | a=1.000001 | H=2.41e-05 | 1056.0 steps/s | 0.95 ms/step | ETA: 15749.6 min
Step 2200000/1000000000 | t=2.20e-02 | T=7341.0 | a=1.000001 | H=2.41e-05 | 1056.6 steps/s | 0.95 ms/step | ETA: 15739.8 min
Step 2250000/1000000000 | t=2.25e-02 | T=7341.0 | a=1.000001 | H=2.41e-05 | 1055.9 steps/s | 0.95 ms/step | ETA: 15749.1 min
Step 2300000/1000000000 | t=2.30e-02 | T=7341.0 | a=1.000001 | H=2.41e-05 | 1055.3 steps/s | 0.95 ms/step | ETA: 15756.5 min
Step 2350000/1000000000 | t=2.35e-02 | T=7341.0 | a=1.000001 | H=2.41e-05 | 1055.6 steps/s | 0.95 ms/step | ETA: 15751.5 min
Step 2400000/1000000000 | t=2.40e-02 | T=7341.0 | a=1.000001 | H=2.41e-05 | 1055.7 steps/s | 0.95 ms/step | ETA: 15750.2 min
Step 2450000/1000000000 | t=2.45e-02 | T=7341.0 | a=1.000001 | H=2.41e-05 | 1056.5 steps/s | 0.95 ms/step | ETA: 15736.5 min
Step 2500000/1000000000 | t=2.50e-02 | T=7341.0 | a=1.000001 | H=2.41e-05 | 1056.8 steps/s | 0.95 ms/step | ETA: 15730.9 min
Step 2550000/1000000000 | t=2.55e-02 | T=7341.0 | a=1.000001 | H=2.41e-05 | 1055.9 steps/s | 0.95 ms/step | ETA: 15744.5 min
Step 2600000/1000000000 | t=2.60e-02 | T=7341.0 | a=1.000001 | H=2.41e-05 | 1055.9 steps/s | 0.95 ms/step | ETA: 15742.7 min
Step 2650000/1000000000 | t=2.65e-02 | T=7341.0 | a=1.000001 | H=2.41e-05 | 1056.9 steps/s | 0.95 ms/step | ETA: 15727.2 min
Step 2700000/1000000000 | t=2.70e-02 | T=7341.0 | a=1.000001 | H=2.41e-05 | 1058.2 steps/s | 0.94 ms/step | ETA: 15707.0 min
Step 2750000/1000000000 | t=2.75e-02 | T=7341.0 | a=1.000001 | H=2.41e-05 | 1058.6 steps/s | 0.94 ms/step | ETA: 15701.5 min
Step 2800000/1000000000 | t=2.80e-02 | T=7341.0 | a=1.000001 | H=2.41e-05 | 1058.1 steps/s | 0.95 ms/step | ETA: 15707.7 min
Step 2850000/1000000000 | t=2.85e-02 | T=7341.0 | a=1.000001 | H=2.41e-05 | 1058.4 steps/s | 0.94 ms/step | ETA: 15701.9 min
Step 2900000/1000000000 | t=2.90e-02 | T=7341.0 | a=1.000001 | H=2.41e-05 | 1057.6 steps/s | 0.95 ms/step | ETA: 15713.5 min
Step 2950000/1000000000 | t=2.95e-02 | T=7341.0 | a=1.000001 | H=2.41e-05 | 1058.0 steps/s | 0.95 ms/step | ETA: 15706.2 min
Step 3000000/1000000000 | t=3.00e-02 | T=7341.0 | a=1.000001 | H=2.41e-05 | 1056.1 steps/s | 0.95 ms/step | ETA: 15734.1 min
Step 3050000/1000000000 | t=3.05e-02 | T=7341.0 | a=1.000001 | H=2.41e-05 | 1059.1 steps/s | 0.94 ms/step | ETA: 15689.3 min
Step 3100000/1000000000 | t=3.10e-02 | T=7341.0 | a=1.000001 | H=2.41e-05 | 1061.9 steps/s | 0.94 ms/step | ETA: 15646.8 min
Step 3150000/1000000000 | t=3.15e-02 | T=7341.0 | a=1.000001 | H=2.41e-05 | 1064.4 steps/s | 0.94 ms/step | ETA: 15608.8 min
Step 3200000/1000000000 | t=3.20e-02 | T=7341.0 | a=1.000001 | H=2.41e-05 | 1066.1 steps/s | 0.94 ms/step | ETA: 15582.9 min
Step 3250000/1000000000 | t=3.25e-02 | T=7341.0 | a=1.000001 | H=2.41e-05 | 1068.1 steps/s | 0.94 ms/step | ETA: 15553.0 min
Step 3300000/1000000000 | t=3.30e-02 | T=7341.0 | a=1.000001 | H=2.41e-05 | 1069.8 steps/s | 0.93 ms/step | ETA: 15527.9 min
Step 3350000/1000000000 | t=3.35e-02 | T=7341.0 | a=1.000001 | H=2.41e-05 | 1069.8 steps/s | 0.93 ms/step | ETA: 15526.4 min
Step 3400000/1000000000 | t=3.40e-02 | T=7341.0 | a=1.000001 | H=2.41e-05 | 1069.1 steps/s | 0.94 ms/step | ETA: 15536.9 min
Step 3450000/1000000000 | t=3.45e-02 | T=7341.0 | a=1.000001 | H=2.41e-05 | 1069.0 steps/s | 0.94 ms/step | ETA: 15537.5 min
Step 3500000/1000000000 | t=3.50e-02 | T=7341.0 | a=1.000001 | H=2.41e-05 | 1070.0 steps/s | 0.93 ms/step | ETA: 15522.4 min
Step 3550000/1000000000 | t=3.55e-02 | T=7341.0 | a=1.000001 | H=2.41e-05 | 1071.5 steps/s | 0.93 ms/step | ETA: 15498.6 min
Step 3600000/1000000000 | t=3.60e-02 | T=7341.0 | a=1.000001 | H=2.41e-05 | 1073.4 steps/s | 0.93 ms/step | ETA: 15471.7 min
Step 3650000/1000000000 | t=3.65e-02 | T=7341.0 | a=1.000001 | H=2.41e-05 | 1075.1 steps/s | 0.93 ms/step | ETA: 15446.0 min
Step 3700000/1000000000 | t=3.70e-02 | T=7341.0 | a=1.000001 | H=2.41e-05 | 1076.8 steps/s | 0.93 ms/step | ETA: 15420.1 min
Step 3750000/1000000000 | t=3.75e-02 | T=7341.0 | a=1.000001 | H=2.41e-05 | 1078.9 steps/s | 0.93 ms/step | ETA: 15389.6 min
Step 3800000/1000000000 | t=3.80e-02 | T=7341.0 | a=1.000001 | H=2.41e-05 | 1080.4 steps/s | 0.93 ms/step | ETA: 15367.6 min
Step 3850000/1000000000 | t=3.85e-02 | T=7341.0 | a=1.000001 | H=2.41e-05 | 1082.2 steps/s | 0.92 ms/step | ETA: 15341.3 min
Step 3900000/1000000000 | t=3.90e-02 | T=7341.0 | a=1.000001 | H=2.41e-05 | 1081.8 steps/s | 0.92 ms/step | ETA: 15346.1 min
Step 3950000/1000000000 | t=3.95e-02 | T=7341.0 | a=1.000001 | H=2.41e-05 | 1083.6 steps/s | 0.92 ms/step | ETA: 15320.7 min
Step 4000000/1000000000 | t=4.00e-02 | T=7341.0 | a=1.000001 | H=2.41e-05 | 1084.8 steps/s | 0.92 ms/step | ETA: 15301.9 min
Step 4050000/1000000000 | t=4.05e-02 | T=7341.0 | a=1.000001 | H=2.41e-05 | 1086.1 steps/s | 0.92 ms/step | ETA: 15282.9 min
Step 4100000/1000000000 | t=4.10e-02 | T=7341.0 | a=1.000001 | H=2.41e-05 | 1087.7 steps/s | 0.92 ms/step | ETA: 15259.9 min
Step 4150000/1000000000 | t=4.15e-02 | T=7341.0 | a=1.000001 | H=2.41e-05 | 1089.2 steps/s | 0.92 ms/step | ETA: 15237.6 min
Step 4200000/1000000000 | t=4.20e-02 | T=7341.0 | a=1.000001 | H=2.41e-05 | 1090.5 steps/s | 0.92 ms/step | ETA: 15219.7 min
Step 4250000/1000000000 | t=4.25e-02 | T=7341.0 | a=1.000001 | H=2.41e-05 | 1091.9 steps/s | 0.92 ms/step | ETA: 15199.6 min
Step 4300000/1000000000 | t=4.30e-02 | T=7341.0 | a=1.000001 | H=2.41e-05 | 1093.3 steps/s | 0.91 ms/step | ETA: 15179.4 min
Step 4350000/1000000000 | t=4.35e-02 | T=7341.0 | a=1.000001 | H=2.41e-05 | 1094.5 steps/s | 0.91 ms/step | ETA: 15161.6 min
Step 4400000/1000000000 | t=4.40e-02 | T=7341.0 | a=1.000001 | H=2.41e-05 | 1095.9 steps/s | 0.91 ms/step | ETA: 15140.7 min
Step 4450000/1000000000 | t=4.45e-02 | T=7341.0 | a=1.000001 | H=2.41e-05 | 1097.0 steps/s | 0.91 ms/step | ETA: 15126.0 min
Step 4500000/1000000000 | t=4.50e-02 | T=7341.0 | a=1.000001 | H=2.41e-05 | 1098.4 steps/s | 0.91 ms/step | ETA: 15105.2 min
Step 4550000/1000000000 | t=4.55e-02 | T=7341.0 | a=1.000001 | H=2.41e-05 | 1099.9 steps/s | 0.91 ms/step | ETA: 15083.5 min
Step 4600000/1000000000 | t=4.60e-02 | T=7341.0 | a=1.000001 | H=2.41e-05 | 1101.7 steps/s | 0.91 ms/step | ETA: 15058.9 min
Step 4650000/1000000000 | t=4.65e-02 | T=7341.0 | a=1.000001 | H=2.41e-05 | 1103.0 steps/s | 0.91 ms/step | ETA: 15040.6 min
Step 4700000/1000000000 | t=4.70e-02 | T=7341.0 | a=1.000001 | H=2.41e-05 | 1104.5 steps/s | 0.91 ms/step | ETA: 15018.9 min
Step 4750000/1000000000 | t=4.75e-02 | T=7341.0 | a=1.000001 | H=2.41e-05 | 1105.5 steps/s | 0.90 ms/step | ETA: 15004.6 min
Step 4800000/1000000000 | t=4.80e-02 | T=7341.0 | a=1.000001 | H=2.41e-05 | 1106.3 steps/s | 0.90 ms/step | ETA: 14993.4 min
Step 4850000/1000000000 | t=4.85e-02 | T=7341.0 | a=1.000001 | H=2.41e-05 | 1107.7 steps/s | 0.90 ms/step | ETA: 14973.5 min
Step 4900000/1000000000 | t=4.90e-02 | T=7341.0 | a=1.000001 | H=2.41e-05 | 1108.9 steps/s | 0.90 ms/step | ETA: 14955.8 min
Step 4950000/1000000000 | t=4.95e-02 | T=7341.0 | a=1.000001 | H=2.41e-05 | 1109.7 steps/s | 0.90 ms/step | ETA: 14944.8 min
Step 5000000/1000000000 | t=5.00e-02 | T=7341.0 | a=1.000001 | H=2.41e-05 | 1109.7 steps/s | 0.90 ms/step | ETA: 14944.1 min
Step 5050000/1000000000 | t=5.05e-02 | T=7341.0 | a=1.000001 | H=2.41e-05 | 1109.8 steps/s | 0.90 ms/step | ETA: 14941.7 min
Step 5100000/1000000000 | t=5.10e-02 | T=7341.0 | a=1.000001 | H=2.41e-05 | 1109.9 steps/s | 0.90 ms/step | ETA: 14939.4 min
Step 5150000/1000000000 | t=5.15e-02 | T=7341.0 | a=1.000001 | H=2.41e-05 | 1110.1 steps/s | 0.90 ms/step | ETA: 14936.7 min
Step 5200000/1000000000 | t=5.20e-02 | T=7341.0 | a=1.000001 | H=2.41e-05 | 1110.0 steps/s | 0.90 ms/step | ETA: 14936.5 min
Step 5250000/1000000000 | t=5.25e-02 | T=7341.0 | a=1.000001 | H=2.41e-05 | 1110.3 steps/s | 0.90 ms/step | ETA: 14932.7 min
Step 5300000/1000000000 | t=5.30e-02 | T=7341.0 | a=1.000001 | H=2.41e-05 | 1110.5 steps/s | 0.90 ms/step | ETA: 14928.6 min
Step 5350000/1000000000 | t=5.35e-02 | T=7341.0 | a=1.000001 | H=2.41e-05 | 1110.5 steps/s | 0.90 ms/step | ETA: 14928.4 min
Step 5400000/1000000000 | t=5.40e-02 | T=7341.0 | a=1.000001 | H=2.41e-05 | 1110.4 steps/s | 0.90 ms/step | ETA: 14928.1 min
Step 5450000/1000000000 | t=5.45e-02 | T=7341.0 | a=1.000001 | H=2.41e-05 | 1110.8 steps/s | 0.90 ms/step | ETA: 14922.9 min
Step 5500000/1000000000 | t=5.50e-02 | T=7341.0 | a=1.000001 | H=2.41e-05 | 1110.2 steps/s | 0.90 ms/step | ETA: 14929.4 min
Step 5550000/1000000000 | t=5.55e-02 | T=7341.0 | a=1.000001 | H=2.41e-05 | 1109.9 steps/s | 0.90 ms/step | ETA: 14932.7 min
Step 5600000/1000000000 | t=5.60e-02 | T=7341.0 | a=1.000001 | H=2.41e-05 | 1109.9 steps/s | 0.90 ms/step | ETA: 14932.4 min
Step 5650000/1000000000 | t=5.65e-02 | T=7341.0 | a=1.000001 | H=2.41e-05 | 1109.9 steps/s | 0.90 ms/step | ETA: 14931.0 min
Step 5700000/1000000000 | t=5.70e-02 | T=7341.0 | a=1.000001 | H=2.41e-05 | 1110.0 steps/s | 0.90 ms/step | ETA: 14929.7 min
Step 5750000/1000000000 | t=5.75e-02 | T=7341.0 | a=1.000001 | H=2.41e-05 | 1109.9 steps/s | 0.90 ms/step | ETA: 14929.6 min
Step 5800000/1000000000 | t=5.80e-02 | T=7341.0 | a=1.000001 | H=2.41e-05 | 1109.6 steps/s | 0.90 ms/step | ETA: 14932.7 min
Step 5850000/1000000000 | t=5.85e-02 | T=7341.0 | a=1.000001 | H=2.41e-05 | 1109.3 steps/s | 0.90 ms/step | ETA: 14937.1 min
Step 5900000/1000000000 | t=5.90e-02 | T=7341.0 | a=1.000001 | H=2.41e-05 | 1109.3 steps/s | 0.90 ms/step | ETA: 14935.8 min
Step 5950000/1000000000 | t=5.95e-02 | T=7341.0 | a=1.000001 | H=2.41e-05 | 1109.3 steps/s | 0.90 ms/step | ETA: 14935.6 min
Step 6000000/1000000000 | t=6.00e-02 | T=7341.0 | a=1.000001 | H=2.41e-05 | 1109.2 steps/s | 0.90 ms/step | ETA: 14935.3 min
Step 6050000/1000000000 | t=6.05e-02 | T=7341.0 | a=1.000001 | H=2.41e-05 | 1109.0 steps/s | 0.90 ms/step | ETA: 14937.4 min
Step 6100000/1000000000 | t=6.10e-02 | T=7341.0 | a=1.000001 | H=2.41e-05 | 1108.9 steps/s | 0.90 ms/step | ETA: 14937.8 min
Step 6150000/1000000000 | t=6.15e-02 | T=7341.0 | a=1.000001 | H=2.41e-05 | 1109.2 steps/s | 0.90 ms/step | ETA: 14933.2 min
Step 6200000/1000000000 | t=6.20e-02 | T=7341.0 | a=1.000001 | H=2.41e-05 | 1109.4 steps/s | 0.90 ms/step | ETA: 14929.7 min
Step 6250000/1000000000 | t=6.25e-02 | T=7341.0 | a=1.000002 | H=2.41e-05 | 1109.6 steps/s | 0.90 ms/step | ETA: 14926.3 min
Step 6300000/1000000000 | t=6.30e-02 | T=7341.0 | a=1.000002 | H=2.41e-05 | 1109.8 steps/s | 0.90 ms/step | ETA: 14923.0 min
Step 6350000/1000000000 | t=6.35e-02 | T=7341.0 | a=1.000002 | H=2.41e-05 | 1109.9 steps/s | 0.90 ms/step | ETA: 14921.0 min
Step 6400000/1000000000 | t=6.40e-02 | T=7341.0 | a=1.000002 | H=2.41e-05 | 1109.7 steps/s | 0.90 ms/step | ETA: 14922.6 min
Step 6450000/1000000000 | t=6.45e-02 | T=7341.0 | a=1.000002 | H=2.41e-05 | 1109.3 steps/s | 0.90 ms/step | ETA: 14927.2 min
Step 6500000/1000000000 | t=6.50e-02 | T=7341.0 | a=1.000002 | H=2.41e-05 | 1109.7 steps/s | 0.90 ms/step | ETA: 14921.1 min
Step 6550000/1000000000 | t=6.55e-02 | T=7341.0 | a=1.000002 | H=2.41e-05 | 1110.1 steps/s | 0.90 ms/step | ETA: 14915.2 min
Step 6600000/1000000000 | t=6.60e-02 | T=7341.0 | a=1.000002 | H=2.41e-05 | 1110.5 steps/s | 0.90 ms/step | ETA: 14908.8 min
Step 6650000/1000000000 | t=6.65e-02 | T=7341.0 | a=1.000002 | H=2.41e-05 | 1111.1 steps/s | 0.90 ms/step | ETA: 14900.1 min
Step 6700000/1000000000 | t=6.70e-02 | T=7341.0 | a=1.000002 | H=2.41e-05 | 1111.3 steps/s | 0.90 ms/step | ETA: 14896.6 min
Step 6750000/1000000000 | t=6.75e-02 | T=7341.0 | a=1.000002 | H=2.41e-05 | 1111.7 steps/s | 0.90 ms/step | ETA: 14891.4 min
Step 6800000/1000000000 | t=6.80e-02 | T=7341.0 | a=1.000002 | H=2.41e-05 | 1112.1 steps/s | 0.90 ms/step | ETA: 14884.4 min
Step 6850000/1000000000 | t=6.85e-02 | T=7341.0 | a=1.000002 | H=2.41e-05 | 1112.6 steps/s | 0.90 ms/step | ETA: 14877.1 min
Step 6900000/1000000000 | t=6.90e-02 | T=7341.0 | a=1.000002 | H=2.41e-05 | 1113.3 steps/s | 0.90 ms/step | ETA: 14866.7 min
Step 6950000/1000000000 | t=6.95e-02 | T=7341.0 | a=1.000002 | H=2.41e-05 | 1113.9 steps/s | 0.90 ms/step | ETA: 14858.6 min
Step 7000000/1000000000 | t=7.00e-02 | T=7341.0 | a=1.000002 | H=2.41e-05 | 1114.8 steps/s | 0.90 ms/step | ETA: 14845.9 min
Step 7050000/1000000000 | t=7.05e-02 | T=7341.0 | a=1.000002 | H=2.41e-05 | 1115.7 steps/s | 0.90 ms/step | ETA: 14833.3 min
Step 7100000/1000000000 | t=7.10e-02 | T=7341.0 | a=1.000002 | H=2.41e-05 | 1116.6 steps/s | 0.90 ms/step | ETA: 14820.5 min
Step 7150000/1000000000 | t=7.15e-02 | T=7341.0 | a=1.000002 | H=2.41e-05 | 1117.0 steps/s | 0.90 ms/step | ETA: 14813.7 min
Step 7200000/1000000000 | t=7.20e-02 | T=7341.0 | a=1.000002 | H=2.41e-05 | 1117.6 steps/s | 0.89 ms/step | ETA: 14805.6 min
Step 7250000/1000000000 | t=7.25e-02 | T=7341.0 | a=1.000002 | H=2.41e-05 | 1118.3 steps/s | 0.89 ms/step | ETA: 14795.9 min
Step 7300000/1000000000 | t=7.30e-02 | T=7341.0 | a=1.000002 | H=2.41e-05 | 1119.1 steps/s | 0.89 ms/step | ETA: 14784.5 min
Step 7350000/1000000000 | t=7.35e-02 | T=7341.0 | a=1.000002 | H=2.41e-05 | 1119.9 steps/s | 0.89 ms/step | ETA: 14772.5 min
Step 7400000/1000000000 | t=7.40e-02 | T=7341.0 | a=1.000002 | H=2.41e-05 | 1120.6 steps/s | 0.89 ms/step | ETA: 14763.1 min
Step 7450000/1000000000 | t=7.45e-02 | T=7341.0 | a=1.000002 | H=2.41e-05 | 1121.2 steps/s | 0.89 ms/step | ETA: 14754.0 min
Step 7500000/1000000000 | t=7.50e-02 | T=7341.0 | a=1.000002 | H=2.41e-05 | 1121.8 steps/s | 0.89 ms/step | ETA: 14746.3 min
Step 7550000/1000000000 | t=7.55e-02 | T=7341.0 | a=1.000002 | H=2.41e-05 | 1122.5 steps/s | 0.89 ms/step | ETA: 14735.2 min
Step 7600000/1000000000 | t=7.60e-02 | T=7341.0 | a=1.000002 | H=2.41e-05 | 1123.4 steps/s | 0.89 ms/step | ETA: 14723.2 min
Step 7650000/1000000000 | t=7.65e-02 | T=7341.0 | a=1.000002 | H=2.41e-05 | 1124.3 steps/s | 0.89 ms/step | ETA: 14711.1 min
Step 7700000/1000000000 | t=7.70e-02 | T=7341.0 | a=1.000002 | H=2.41e-05 | 1125.1 steps/s | 0.89 ms/step | ETA: 14699.0 min
Step 7750000/1000000000 | t=7.75e-02 | T=7341.0 | a=1.000002 | H=2.41e-05 | 1125.9 steps/s | 0.89 ms/step | ETA: 14688.5 min
Step 7800000/1000000000 | t=7.80e-02 | T=7341.0 | a=1.000002 | H=2.41e-05 | 1126.5 steps/s | 0.89 ms/step | ETA: 14680.1 min
Step 7850000/1000000000 | t=7.85e-02 | T=7341.0 | a=1.000002 | H=2.41e-05 | 1127.0 steps/s | 0.89 ms/step | ETA: 14672.9 min
Step 7900000/1000000000 | t=7.90e-02 | T=7341.0 | a=1.000002 | H=2.41e-05 | 1127.6 steps/s | 0.89 ms/step | ETA: 14664.5 min
Step 7950000/1000000000 | t=7.95e-02 | T=7341.0 | a=1.000002 | H=2.41e-05 | 1128.0 steps/s | 0.89 ms/step | ETA: 14657.8 min
Step 8000000/1000000000 | t=8.00e-02 | T=7341.0 | a=1.000002 | H=2.41e-05 | 1128.4 steps/s | 0.89 ms/step | ETA: 14652.2 min
Step 8050000/1000000000 | t=8.05e-02 | T=7341.0 | a=1.000002 | H=2.41e-05 | 1128.8 steps/s | 0.89 ms/step | ETA: 14645.7 min
Step 8100000/1000000000 | t=8.10e-02 | T=7341.0 | a=1.000002 | H=2.41e-05 | 1128.7 steps/s | 0.89 ms/step | ETA: 14646.6 min
Step 8150000/1000000000 | t=8.15e-02 | T=7341.0 | a=1.000002 | H=2.41e-05 | 1128.4 steps/s | 0.89 ms/step | ETA: 14649.3 min
Step 8200000/1000000000 | t=8.20e-02 | T=7341.0 | a=1.000002 | H=2.41e-05 | 1128.1 steps/s | 0.89 ms/step | ETA: 14652.7 min
Step 8250000/1000000000 | t=8.25e-02 | T=7341.0 | a=1.000002 | H=2.41e-05 | 1127.8 steps/s | 0.89 ms/step | ETA: 14655.7 min
Step 8300000/1000000000 | t=8.30e-02 | T=7341.0 | a=1.000002 | H=2.41e-05 | 1127.6 steps/s | 0.89 ms/step | ETA: 14658.2 min
Step 8350000/1000000000 | t=8.35e-02 | T=7341.0 | a=1.000002 | H=2.41e-05 | 1127.3 steps/s | 0.89 ms/step | ETA: 14660.7 min
Step 8400000/1000000000 | t=8.40e-02 | T=7341.0 | a=1.000002 | H=2.41e-05 | 1127.1 steps/s | 0.89 ms/step | ETA: 14662.4 min
Step 8450000/1000000000 | t=8.45e-02 | T=7341.0 | a=1.000002 | H=2.41e-05 | 1127.0 steps/s | 0.89 ms/step | ETA: 14663.5 min
Step 8500000/1000000000 | t=8.50e-02 | T=7341.0 | a=1.000002 | H=2.41e-05 | 1126.8 steps/s | 0.89 ms/step | ETA: 14665.9 min
Step 8550000/1000000000 | t=8.55e-02 | T=7341.0 | a=1.000002 | H=2.41e-05 | 1126.7 steps/s | 0.89 ms/step | ETA: 14666.1 min
Step 8600000/1000000000 | t=8.60e-02 | T=7341.0 | a=1.000002 | H=2.41e-05 | 1126.7 steps/s | 0.89 ms/step | ETA: 14665.3 min
Step 8650000/1000000000 | t=8.65e-02 | T=7341.0 | a=1.000002 | H=2.41e-05 | 1126.8 steps/s | 0.89 ms/step | ETA: 14663.2 min
Step 8700000/1000000000 | t=8.70e-02 | T=7341.0 | a=1.000002 | H=2.41e-05 | 1127.0 steps/s | 0.89 ms/step | ETA: 14659.2 min
Step 8750000/1000000000 | t=8.75e-02 | T=7341.0 | a=1.000002 | H=2.41e-05 | 1127.1 steps/s | 0.89 ms/step | ETA: 14658.3 min
Step 8800000/1000000000 | t=8.80e-02 | T=7341.0 | a=1.000002 | H=2.41e-05 | 1127.0 steps/s | 0.89 ms/step | ETA: 14658.3 min
Step 8850000/1000000000 | t=8.85e-02 | T=7341.0 | a=1.000002 | H=2.41e-05 | 1126.9 steps/s | 0.89 ms/step | ETA: 14658.5 min
Step 8900000/1000000000 | t=8.90e-02 | T=7341.0 | a=1.000002 | H=2.41e-05 | 1126.9 steps/s | 0.89 ms/step | ETA: 14658.2 min
Step 8950000/1000000000 | t=8.95e-02 | T=7341.0 | a=1.000002 | H=2.41e-05 | 1126.8 steps/s | 0.89 ms/step | ETA: 14658.5 min
Step 9000000/1000000000 | t=9.00e-02 | T=7341.0 | a=1.000002 | H=2.41e-05 | 1126.9 steps/s | 0.89 ms/step | ETA: 14656.3 min
Step 9050000/1000000000 | t=9.05e-02 | T=7341.0 | a=1.000002 | H=2.41e-05 | 1127.1 steps/s | 0.89 ms/step | ETA: 14653.2 min
Step 9100000/1000000000 | t=9.10e-02 | T=7341.0 | a=1.000002 | H=2.41e-05 | 1127.1 steps/s | 0.89 ms/step | ETA: 14652.8 min
Step 9150000/1000000000 | t=9.15e-02 | T=7341.0 | a=1.000002 | H=2.41e-05 | 1127.0 steps/s | 0.89 ms/step | ETA: 14653.5 min
Step 9200000/1000000000 | t=9.20e-02 | T=7341.0 | a=1.000002 | H=2.41e-05 | 1127.1 steps/s | 0.89 ms/step | ETA: 14650.7 min
Step 9250000/1000000000 | t=9.25e-02 | T=7341.0 | a=1.000002 | H=2.41e-05 | 1127.1 steps/s | 0.89 ms/step | ETA: 14650.3 min
Step 9300000/1000000000 | t=9.30e-02 | T=7341.0 | a=1.000002 | H=2.41e-05 | 1127.1 steps/s | 0.89 ms/step | ETA: 14650.3 min
Step 9350000/1000000000 | t=9.35e-02 | T=7341.0 | a=1.000002 | H=2.41e-05 | 1127.1 steps/s | 0.89 ms/step | ETA: 14648.5 min
Step 9400000/1000000000 | t=9.40e-02 | T=7341.0 | a=1.000002 | H=2.41e-05 | 1127.3 steps/s | 0.89 ms/step | ETA: 14645.6 min
Step 9450000/1000000000 | t=9.45e-02 | T=7341.0 | a=1.000002 | H=2.41e-05 | 1127.4 steps/s | 0.89 ms/step | ETA: 14644.2 min
Step 9500000/1000000000 | t=9.50e-02 | T=7341.0 | a=1.000002 | H=2.41e-05 | 1127.3 steps/s | 0.89 ms/step | ETA: 14643.7 min
Step 9550000/1000000000 | t=9.55e-02 | T=7341.0 | a=1.000002 | H=2.41e-05 | 1127.2 steps/s | 0.89 ms/step | ETA: 14644.5 min
Step 9600000/1000000000 | t=9.60e-02 | T=7341.0 | a=1.000002 | H=2.41e-05 | 1127.1 steps/s | 0.89 ms/step | ETA: 14645.0 min
Step 9650000/1000000000 | t=9.65e-02 | T=7341.0 | a=1.000002 | H=2.41e-05 | 1127.1 steps/s | 0.89 ms/step | ETA: 14644.2 min
Step 9700000/1000000000 | t=9.70e-02 | T=7341.0 | a=1.000002 | H=2.41e-05 | 1127.2 steps/s | 0.89 ms/step | ETA: 14642.5 min
Step 9750000/1000000000 | t=9.75e-02 | T=7341.0 | a=1.000002 | H=2.41e-05 | 1127.2 steps/s | 0.89 ms/step | ETA: 14642.1 min
Step 9800000/1000000000 | t=9.80e-02 | T=7341.0 | a=1.000002 | H=2.41e-05 | 1127.1 steps/s | 0.89 ms/step | ETA: 14641.7 min
Step 9850000/1000000000 | t=9.85e-02 | T=7341.0 | a=1.000002 | H=2.41e-05 | 1127.2 steps/s | 0.89 ms/step | ETA: 14639.8 min
Step 9900000/1000000000 | t=9.90e-02 | T=7341.0 | a=1.000002 | H=2.41e-05 | 1127.2 steps/s | 0.89 ms/step | ETA: 14639.7 min
Step 9950000/1000000000 | t=9.95e-02 | T=7341.0 | a=1.000002 | H=2.41e-05 | 1127.1 steps/s | 0.89 ms/step | ETA: 14639.5 min
Step 10000000/1000000000 | t=1.00e-01 | T=7341.0 | a=1.000002 | H=2.41e-05 | 1127.1 steps/s | 0.89 ms/step | ETA: 14639.2 min
Step 10050000/1000000000 | t=1.01e-01 | T=7341.0 | a=1.000002 | H=2.41e-05 | 1127.2 steps/s | 0.89 ms/step | ETA: 14637.2 min
Step 10100000/1000000000 | t=1.01e-01 | T=7341.0 | a=1.000002 | H=2.41e-05 | 1127.3 steps/s | 0.89 ms/step | ETA: 14635.4 min
Step 10150000/1000000000 | t=1.02e-01 | T=7341.0 | a=1.000002 | H=2.41e-05 | 1127.5 steps/s | 0.89 ms/step | ETA: 14632.2 min
Step 10200000/1000000000 | t=1.02e-01 | T=7341.0 | a=1.000002 | H=2.41e-05 | 1127.4 steps/s | 0.89 ms/step | ETA: 14632.0 min
Step 10250000/1000000000 | t=1.03e-01 | T=7341.0 | a=1.000002 | H=2.41e-05 | 1127.5 steps/s | 0.89 ms/step | ETA: 14630.4 min
Step 10300000/1000000000 | t=1.03e-01 | T=7341.0 | a=1.000002 | H=2.41e-05 | 1127.6 steps/s | 0.89 ms/step | ETA: 14628.4 min
Step 10350000/1000000000 | t=1.04e-01 | T=7341.0 | a=1.000002 | H=2.41e-05 | 1127.7 steps/s | 0.89 ms/step | ETA: 14626.9 min
Step 10400000/1000000000 | t=1.04e-01 | T=7341.0 | a=1.000003 | H=2.41e-05 | 1127.6 steps/s | 0.89 ms/step | ETA: 14626.8 min
Step 10450000/1000000000 | t=1.05e-01 | T=7341.0 | a=1.000003 | H=2.41e-05 | 1127.7 steps/s | 0.89 ms/step | ETA: 14625.2 min
Step 10500000/1000000000 | t=1.05e-01 | T=7341.0 | a=1.000003 | H=2.41e-05 | 1127.9 steps/s | 0.89 ms/step | ETA: 14622.1 min
Step 10550000/1000000000 | t=1.06e-01 | T=7341.0 | a=1.000003 | H=2.41e-05 | 1127.8 steps/s | 0.89 ms/step | ETA: 14622.1 min
Step 10600000/1000000000 | t=1.06e-01 | T=7341.0 | a=1.000003 | H=2.41e-05 | 1127.9 steps/s | 0.89 ms/step | ETA: 14620.5 min
Step 10650000/1000000000 | t=1.07e-01 | T=7341.0 | a=1.000003 | H=2.41e-05 | 1128.0 steps/s | 0.89 ms/step | ETA: 14617.6 min
Step 10700000/1000000000 | t=1.07e-01 | T=7341.0 | a=1.000003 | H=2.41e-05 | 1128.1 steps/s | 0.89 ms/step | ETA: 14615.7 min
Step 10750000/1000000000 | t=1.08e-01 | T=7341.0 | a=1.000003 | H=2.41e-05 | 1128.1 steps/s | 0.89 ms/step | ETA: 14614.9 min
Step 10800000/1000000000 | t=1.08e-01 | T=7341.0 | a=1.000003 | H=2.41e-05 | 1128.1 steps/s | 0.89 ms/step | ETA: 14614.9 min
Step 10850000/1000000000 | t=1.09e-01 | T=7341.0 | a=1.000003 | H=2.41e-05 | 1127.7 steps/s | 0.89 ms/step | ETA: 14619.4 min
Step 10900000/1000000000 | t=1.09e-01 | T=7341.0 | a=1.000003 | H=2.41e-05 | 1127.3 steps/s | 0.89 ms/step | ETA: 14623.5 min
Step 10950000/1000000000 | t=1.10e-01 | T=7341.0 | a=1.000003 | H=2.41e-05 | 1127.4 steps/s | 0.89 ms/step | ETA: 14621.7 min
Step 11000000/1000000000 | t=1.10e-01 | T=7341.0 | a=1.000003 | H=2.41e-05 | 1127.6 steps/s | 0.89 ms/step | ETA: 14618.3 min
Step 11050000/1000000000 | t=1.11e-01 | T=7341.0 | a=1.000003 | H=2.41e-05 | 1127.8 steps/s | 0.89 ms/step | ETA: 14614.7 min
Step 11100000/1000000000 | t=1.11e-01 | T=7341.0 | a=1.000003 | H=2.41e-05 | 1127.6 steps/s | 0.89 ms/step | ETA: 14615.9 min
Step 11150000/1000000000 | t=1.12e-01 | T=7341.0 | a=1.000003 | H=2.41e-05 | 1127.8 steps/s | 0.89 ms/step | ETA: 14613.4 min
Step 11200000/1000000000 | t=1.12e-01 | T=7341.0 | a=1.000003 | H=2.41e-05 | 1127.4 steps/s | 0.89 ms/step | ETA: 14617.5 min
Step 11250000/1000000000 | t=1.13e-01 | T=7341.0 | a=1.000003 | H=2.41e-05 | 1127.6 steps/s | 0.89 ms/step | ETA: 14614.6 min
Step 11300000/1000000000 | t=1.13e-01 | T=7341.0 | a=1.000003 | H=2.41e-05 | 1127.4 steps/s | 0.89 ms/step | ETA: 14615.6 min
Step 11350000/1000000000 | t=1.14e-01 | T=7341.0 | a=1.000003 | H=2.41e-05 | 1127.4 steps/s | 0.89 ms/step | ETA: 14616.0 min
Step 11400000/1000000000 | t=1.14e-01 | T=7341.0 | a=1.000003 | H=2.41e-05 | 1127.1 steps/s | 0.89 ms/step | ETA: 14619.1 min
Step 11450000/1000000000 | t=1.15e-01 | T=7341.0 | a=1.000003 | H=2.41e-05 | 1126.6 steps/s | 0.89 ms/step | ETA: 14624.3 min
Step 11500000/1000000000 | t=1.15e-01 | T=7341.0 | a=1.000003 | H=2.41e-05 | 1126.5 steps/s | 0.89 ms/step | ETA: 14625.6 min
Step 11550000/1000000000 | t=1.16e-01 | T=7341.0 | a=1.000003 | H=2.41e-05 | 1126.0 steps/s | 0.89 ms/step | ETA: 14630.8 min
Step 11600000/1000000000 | t=1.16e-01 | T=7341.0 | a=1.000003 | H=2.41e-05 | 1126.2 steps/s | 0.89 ms/step | ETA: 14627.9 min
Step 11650000/1000000000 | t=1.17e-01 | T=7341.0 | a=1.000003 | H=2.41e-05 | 1126.3 steps/s | 0.89 ms/step | ETA: 14625.4 min
Step 11700000/1000000000 | t=1.17e-01 | T=7341.0 | a=1.000003 | H=2.41e-05 | 1126.4 steps/s | 0.89 ms/step | ETA: 14622.9 min
Step 11750000/1000000000 | t=1.18e-01 | T=7341.0 | a=1.000003 | H=2.41e-05 | 1126.3 steps/s | 0.89 ms/step | ETA: 14623.8 min
Step 11800000/1000000000 | t=1.18e-01 | T=7341.0 | a=1.000003 | H=2.41e-05 | 1126.7 steps/s | 0.89 ms/step | ETA: 14617.4 min
Step 11850000/1000000000 | t=1.19e-01 | T=7341.0 | a=1.000003 | H=2.41e-05 | 1127.2 steps/s | 0.89 ms/step | ETA: 14611.3 min
Step 11900000/1000000000 | t=1.19e-01 | T=7341.0 | a=1.000003 | H=2.41e-05 | 1127.6 steps/s | 0.89 ms/step | ETA: 14604.6 min
Step 11950000/1000000000 | t=1.20e-01 | T=7341.0 | a=1.000003 | H=2.41e-05 | 1128.1 steps/s | 0.89 ms/step | ETA: 14598.2 min
Step 12000000/1000000000 | t=1.20e-01 | T=7341.0 | a=1.000003 | H=2.41e-05 | 1128.5 steps/s | 0.89 ms/step | ETA: 14592.1 min
Step 12050000/1000000000 | t=1.21e-01 | T=7341.0 | a=1.000003 | H=2.41e-05 | 1128.8 steps/s | 0.89 ms/step | ETA: 14586.7 min
Step 12100000/1000000000 | t=1.21e-01 | T=7341.0 | a=1.000003 | H=2.41e-05 | 1129.3 steps/s | 0.89 ms/step | ETA: 14580.1 min
Step 12150000/1000000000 | t=1.22e-01 | T=7341.0 | a=1.000003 | H=2.41e-05 | 1129.7 steps/s | 0.89 ms/step | ETA: 14574.1 min
Step 12200000/1000000000 | t=1.22e-01 | T=7341.0 | a=1.000003 | H=2.41e-05 | 1130.2 steps/s | 0.88 ms/step | ETA: 14567.2 min
Step 12250000/1000000000 | t=1.23e-01 | T=7341.0 | a=1.000003 | H=2.41e-05 | 1130.5 steps/s | 0.88 ms/step | ETA: 14561.7 min
Step 12300000/1000000000 | t=1.23e-01 | T=7341.0 | a=1.000003 | H=2.41e-05 | 1130.9 steps/s | 0.88 ms/step | ETA: 14555.7 min
Step 12350000/1000000000 | t=1.24e-01 | T=7341.0 | a=1.000003 | H=2.41e-05 | 1131.5 steps/s | 0.88 ms/step | ETA: 14548.4 min
Step 12400000/1000000000 | t=1.24e-01 | T=7341.0 | a=1.000003 | H=2.41e-05 | 1131.9 steps/s | 0.88 ms/step | ETA: 14541.5 min
Step 12450000/1000000000 | t=1.25e-01 | T=7341.0 | a=1.000003 | H=2.41e-05 | 1132.4 steps/s | 0.88 ms/step | ETA: 14534.5 min
Step 12500000/1000000000 | t=1.25e-01 | T=7341.0 | a=1.000003 | H=2.41e-05 | 1132.9 steps/s | 0.88 ms/step | ETA: 14527.2 min
Step 12550000/1000000000 | t=1.26e-01 | T=7341.0 | a=1.000003 | H=2.41e-05 | 1133.3 steps/s | 0.88 ms/step | ETA: 14521.2 min
Step 12600000/1000000000 | t=1.26e-01 | T=7341.0 | a=1.000003 | H=2.41e-05 | 1133.6 steps/s | 0.88 ms/step | ETA: 14517.4 min
Step 12650000/1000000000 | t=1.27e-01 | T=7341.0 | a=1.000003 | H=2.41e-05 | 1133.9 steps/s | 0.88 ms/step | ETA: 14512.9 min
Step 12700000/1000000000 | t=1.27e-01 | T=7341.0 | a=1.000003 | H=2.41e-05 | 1134.0 steps/s | 0.88 ms/step | ETA: 14510.1 min
Step 12750000/1000000000 | t=1.28e-01 | T=7341.0 | a=1.000003 | H=2.41e-05 | 1133.8 steps/s | 0.88 ms/step | ETA: 14512.6 min
Step 12800000/1000000000 | t=1.28e-01 | T=7341.0 | a=1.000003 | H=2.41e-05 | 1133.7 steps/s | 0.88 ms/step | ETA: 14512.5 min
Step 12850000/1000000000 | t=1.29e-01 | T=7341.0 | a=1.000003 | H=2.41e-05 | 1133.6 steps/s | 0.88 ms/step | ETA: 14513.7 min
Step 12900000/1000000000 | t=1.29e-01 | T=7341.0 | a=1.000003 | H=2.41e-05 | 1133.4 steps/s | 0.88 ms/step | ETA: 14515.6 min
Step 12950000/1000000000 | t=1.30e-01 | T=7341.0 | a=1.000003 | H=2.41e-05 | 1133.1 steps/s | 0.88 ms/step | ETA: 14518.9 min
Step 13000000/1000000000 | t=1.30e-01 | T=7341.0 | a=1.000003 | H=2.41e-05 | 1133.0 steps/s | 0.88 ms/step | ETA: 14518.9 min
Step 13050000/1000000000 | t=1.31e-01 | T=7341.0 | a=1.000003 | H=2.41e-05 | 1132.8 steps/s | 0.88 ms/step | ETA: 14520.8 min
Step 13100000/1000000000 | t=1.31e-01 | T=7341.0 | a=1.000003 | H=2.41e-05 | 1132.9 steps/s | 0.88 ms/step | ETA: 14518.5 min
Step 13150000/1000000000 | t=1.32e-01 | T=7341.0 | a=1.000003 | H=2.41e-05 | 1132.9 steps/s | 0.88 ms/step | ETA: 14518.0 min
Step 13200000/1000000000 | t=1.32e-01 | T=7341.0 | a=1.000003 | H=2.41e-05 | 1132.1 steps/s | 0.88 ms/step | ETA: 14527.6 min
Step 13250000/1000000000 | t=1.33e-01 | T=7341.0 | a=1.000003 | H=2.41e-05 | 1131.5 steps/s | 0.88 ms/step | ETA: 14534.7 min
Step 13300000/1000000000 | t=1.33e-01 | T=7341.0 | a=1.000003 | H=2.41e-05 | 1130.7 steps/s | 0.88 ms/step | ETA: 14543.5 min
Step 13350000/1000000000 | t=1.34e-01 | T=7341.0 | a=1.000003 | H=2.41e-05 | 1129.9 steps/s | 0.89 ms/step | ETA: 14553.4 min
Step 13400000/1000000000 | t=1.34e-01 | T=7341.0 | a=1.000003 | H=2.41e-05 | 1129.2 steps/s | 0.89 ms/step | ETA: 14562.3 min
Step 13450000/1000000000 | t=1.35e-01 | T=7341.0 | a=1.000003 | H=2.41e-05 | 1128.7 steps/s | 0.89 ms/step | ETA: 14567.4 min
Step 13500000/1000000000 | t=1.35e-01 | T=7341.0 | a=1.000003 | H=2.41e-05 | 1128.1 steps/s | 0.89 ms/step | ETA: 14574.2 min
Step 13550000/1000000000 | t=1.36e-01 | T=7341.0 | a=1.000003 | H=2.41e-05 | 1127.0 steps/s | 0.89 ms/step | ETA: 14587.9 min
