======================================================================
LATTICE SIMULATION LOG
Started: 2026-02-22 08:50:35
Log file: logs/simulation_20260222_085035.log
======================================================================

Numba Configuration:
  Version: 0.63.1
  Threading layer: default
  Configured threads: 11
  Active threads: 11
----------------------------------------------------------------------

Time step: dt_phys = 4.00e-05, dt (rescaled) = 4.0000e-02
  CFL limit: dt_CFL = 0.1155 (rescaled)
  dt/dt_CFL = 3.4641e-01 (SAFE)

Hubble expansion: ENABLED (comoving lattice)
  g_* = 106.75, M_Pl = 2.40e+18 GeV, ΔV = 1.00e+28 GeV^4
  H² = (T⁴/χ_g² + ΔV) / (3 M_Pl²)
  H(T0=7400.0) = 2.4056e-05 GeV
  3H = 7.2169e-05 GeV
  η_phys = 0.3 GeV  →  3H/η = 2.41e-04
  T(t) = T0 / a(t)  (entropy conservation)
  Initial a = 1.0
Field precision: float32
Tree-level VEV: ±1.0000e+11

Finding thermal VEV at T = 7400.0...
  V'(0) = 1.6066e-06
  V'(VEV) = 7.2925e-31
  Thermal VEV found: 1.0000e+11
  Ratio thermal/tree: 1.0000

Finding escape point...
  V'(1e-10) = 1.6066e-06
  V'(1e0)   = 1.6066e+04
  V'(1e5)   = -9.9981e+10
  V'(1e8)   = -1.0000e+14
  V'(1e10)  = -9.9000e+15
  Barrier found between 2.1249e+03 and 2.2355e+03
  Barrier top at: 2.1539e+03
  Escape point: 2.3693e+03
  V'(escape) = -8.3211e+06 (should be < 0)

Using TREE-LEVEL VEV for seeding: 1.0000e+11
The bubble is seeded at the true vacuum (no rolling needed).
Bubble seeding: DISABLED (thermal nucleation only)
Field states will be saved to: data/set6/64x64x64_T0_7400_dx_0.0002_dtphys_4e-05_interval_25000_3D_hubble_eta_0.3/field_states
Figures will be saved to: data/set6/64x64x64_T0_7400_dx_0.0002_dtphys_4e-05_interval_25000_3D_hubble_eta_0.3/figs/latticeSnapshot

============================================================
RESUMING FROM CHECKPOINT
============================================================
  File: data/set6/64x64x64_T0_7400_dx_0.0002_dtphys_4e-05_interval_25000_3D_hubble_eta_0.3/field_states/state_step_0000000000.npz
  Step: 0  ->  resuming from step 0
  Time: 0.000000e+00 (physical)
  Temperature: 7400.0
  phi range: [-2.2450e-02, 2.3655e-02]
  scale_factor: 1.0000000010
  Remaining steps: 1,000,000,000
============================================================


============================================================
Starting time evolution...
Grid: 64×64×64, Steps: 1000000000, dt: 4.00e-02
Integrator: RK2 (4 passes/step)
  Single-pass fused: True
  Fused RK2: True
Using Vprime lookup table: True (size=16384)
Using in-kernel RNG: True
Field precision: float32
Spline resolution N_Y: 256
Bubble seeding: DISABLED
Thermal noise: ENABLED (FDT noise_scale(T0) = 4.7117e-03)
Overdamped mode: DISABLED (η = 0.3)
Hubble expansion: ENABLED
  H(T0) = 2.4056e-05 GeV, 3H/η = 2.41e-04
  g_* = 106.75, M_Pl = 2.40e+18 GeV
============================================================

Warming up JIT compilation...
JIT warmup complete.
Starting main loop...

Step 0/1000000000 | t=0.00e+00 | T=7400.0 | a=1.000000 | H=2.41e-05 | 9.1 steps/s | 109.53 ms/step | ETA: 1825503.5 min
Step 25000/1000000000 | t=1.00e+00 | T=7399.8 | a=1.000024 | H=2.41e-05 | 566.1 steps/s | 1.77 ms/step | ETA: 29438.2 min
Step 50000/1000000000 | t=2.00e+00 | T=7399.6 | a=1.000048 | H=2.41e-05 | 572.1 steps/s | 1.75 ms/step | ETA: 29128.6 min
Step 75000/1000000000 | t=3.00e+00 | T=7399.5 | a=1.000072 | H=2.41e-05 | 574.1 steps/s | 1.74 ms/step | ETA: 29027.2 min
Step 100000/1000000000 | t=4.00e+00 | T=7399.3 | a=1.000096 | H=2.41e-05 | 576.7 steps/s | 1.73 ms/step | ETA: 28899.5 min
Step 125000/1000000000 | t=5.00e+00 | T=7399.1 | a=1.000120 | H=2.41e-05 | 575.3 steps/s | 1.74 ms/step | ETA: 28966.1 min
Step 150000/1000000000 | t=6.00e+00 | T=7398.9 | a=1.000144 | H=2.41e-05 | 575.8 steps/s | 1.74 ms/step | ETA: 28942.5 min
Step 175000/1000000000 | t=7.00e+00 | T=7398.8 | a=1.000168 | H=2.41e-05 | 576.8 steps/s | 1.73 ms/step | ETA: 28890.6 min
Step 200000/1000000000 | t=8.00e+00 | T=7398.6 | a=1.000192 | H=2.41e-05 | 576.8 steps/s | 1.73 ms/step | ETA: 28890.7 min
Step 225000/1000000000 | t=9.00e+00 | T=7398.4 | a=1.000217 | H=2.41e-05 | 576.2 steps/s | 1.74 ms/step | ETA: 28920.7 min
Step 250000/1000000000 | t=1.00e+01 | T=7398.2 | a=1.000241 | H=2.41e-05 | 576.7 steps/s | 1.73 ms/step | ETA: 28891.9 min
Step 275000/1000000000 | t=1.10e+01 | T=7398.0 | a=1.000265 | H=2.41e-05 | 577.1 steps/s | 1.73 ms/step | ETA: 28870.8 min
Step 300000/1000000000 | t=1.20e+01 | T=7397.9 | a=1.000289 | H=2.41e-05 | 577.1 steps/s | 1.73 ms/step | ETA: 28872.0 min
Step 325000/1000000000 | t=1.30e+01 | T=7397.7 | a=1.000313 | H=2.41e-05 | 573.3 steps/s | 1.74 ms/step | ETA: 29059.8 min
Step 350000/1000000000 | t=1.40e+01 | T=7397.5 | a=1.000337 | H=2.41e-05 | 570.5 steps/s | 1.75 ms/step | ETA: 29203.4 min
Step 375000/1000000000 | t=1.50e+01 | T=7397.3 | a=1.000361 | H=2.41e-05 | 567.6 steps/s | 1.76 ms/step | ETA: 29351.6 min
Step 400000/1000000000 | t=1.60e+01 | T=7397.2 | a=1.000385 | H=2.41e-05 | 564.9 steps/s | 1.77 ms/step | ETA: 29492.6 min
Step 425000/1000000000 | t=1.70e+01 | T=7397.0 | a=1.000409 | H=2.41e-05 | 562.6 steps/s | 1.78 ms/step | ETA: 29612.9 min
Step 450000/1000000000 | t=1.80e+01 | T=7396.8 | a=1.000433 | H=2.41e-05 | 560.9 steps/s | 1.78 ms/step | ETA: 29700.6 min
Step 475000/1000000000 | t=1.90e+01 | T=7396.6 | a=1.000457 | H=2.41e-05 | 559.8 steps/s | 1.79 ms/step | ETA: 29756.2 min
Step 500000/1000000000 | t=2.00e+01 | T=7396.4 | a=1.000481 | H=2.41e-05 | 558.9 steps/s | 1.79 ms/step | ETA: 29805.2 min
Step 525000/1000000000 | t=2.10e+01 | T=7396.3 | a=1.000505 | H=2.41e-05 | 557.7 steps/s | 1.79 ms/step | ETA: 29867.4 min
Step 550000/1000000000 | t=2.20e+01 | T=7396.1 | a=1.000529 | H=2.41e-05 | 557.5 steps/s | 1.79 ms/step | ETA: 29877.3 min
Step 575000/1000000000 | t=2.30e+01 | T=7395.9 | a=1.000553 | H=2.41e-05 | 556.9 steps/s | 1.80 ms/step | ETA: 29912.4 min
Step 600000/1000000000 | t=2.40e+01 | T=7395.7 | a=1.000578 | H=2.41e-05 | 556.9 steps/s | 1.80 ms/step | ETA: 29907.2 min
Step 625000/1000000000 | t=2.50e+01 | T=7395.6 | a=1.000602 | H=2.41e-05 | 556.1 steps/s | 1.80 ms/step | ETA: 29951.3 min
Step 650000/1000000000 | t=2.60e+01 | T=7395.4 | a=1.000626 | H=2.41e-05 | 555.8 steps/s | 1.80 ms/step | ETA: 29964.8 min
Step 675000/1000000000 | t=2.70e+01 | T=7395.2 | a=1.000650 | H=2.41e-05 | 554.8 steps/s | 1.80 ms/step | ETA: 30018.6 min
Step 700000/1000000000 | t=2.80e+01 | T=7395.0 | a=1.000674 | H=2.41e-05 | 555.2 steps/s | 1.80 ms/step | ETA: 29996.3 min
Step 725000/1000000000 | t=2.90e+01 | T=7394.8 | a=1.000698 | H=2.41e-05 | 556.0 steps/s | 1.80 ms/step | ETA: 29954.4 min
Step 750000/1000000000 | t=3.00e+01 | T=7394.7 | a=1.000722 | H=2.41e-05 | 556.5 steps/s | 1.80 ms/step | ETA: 29926.6 min
Step 775000/1000000000 | t=3.10e+01 | T=7394.5 | a=1.000746 | H=2.41e-05 | 557.1 steps/s | 1.80 ms/step | ETA: 29895.0 min
Step 800000/1000000000 | t=3.20e+01 | T=7394.3 | a=1.000770 | H=2.41e-05 | 557.6 steps/s | 1.79 ms/step | ETA: 29868.5 min
Step 825000/1000000000 | t=3.30e+01 | T=7394.1 | a=1.000794 | H=2.41e-05 | 558.1 steps/s | 1.79 ms/step | ETA: 29838.0 min
Step 850000/1000000000 | t=3.40e+01 | T=7393.9 | a=1.000818 | H=2.41e-05 | 558.5 steps/s | 1.79 ms/step | ETA: 29814.3 min
Step 875000/1000000000 | t=3.50e+01 | T=7393.8 | a=1.000842 | H=2.41e-05 | 559.1 steps/s | 1.79 ms/step | ETA: 29785.5 min
Step 900000/1000000000 | t=3.60e+01 | T=7393.6 | a=1.000866 | H=2.41e-05 | 559.6 steps/s | 1.79 ms/step | ETA: 29757.5 min
Step 925000/1000000000 | t=3.70e+01 | T=7393.4 | a=1.000890 | H=2.41e-05 | 560.0 steps/s | 1.79 ms/step | ETA: 29734.8 min
Step 950000/1000000000 | t=3.80e+01 | T=7393.2 | a=1.000915 | H=2.41e-05 | 560.5 steps/s | 1.78 ms/step | ETA: 29706.1 min
Step 975000/1000000000 | t=3.90e+01 | T=7393.1 | a=1.000939 | H=2.41e-05 | 560.9 steps/s | 1.78 ms/step | ETA: 29687.8 min
Step 1000000/1000000000 | t=4.00e+01 | T=7392.9 | a=1.000963 | H=2.41e-05 | 561.3 steps/s | 1.78 ms/step | ETA: 29665.1 min
Step 1025000/1000000000 | t=4.10e+01 | T=7392.7 | a=1.000987 | H=2.41e-05 | 561.2 steps/s | 1.78 ms/step | ETA: 29665.8 min
Step 1050000/1000000000 | t=4.20e+01 | T=7392.5 | a=1.001011 | H=2.41e-05 | 561.4 steps/s | 1.78 ms/step | ETA: 29654.5 min
Step 1075000/1000000000 | t=4.30e+01 | T=7392.3 | a=1.001035 | H=2.41e-05 | 561.9 steps/s | 1.78 ms/step | ETA: 29630.4 min
Step 1100000/1000000000 | t=4.40e+01 | T=7392.2 | a=1.001059 | H=2.41e-05 | 562.4 steps/s | 1.78 ms/step | ETA: 29600.4 min
Step 1125000/1000000000 | t=4.50e+01 | T=7392.0 | a=1.001083 | H=2.41e-05 | 562.7 steps/s | 1.78 ms/step | ETA: 29584.1 min
Step 1150000/1000000000 | t=4.60e+01 | T=7391.8 | a=1.001107 | H=2.41e-05 | 562.2 steps/s | 1.78 ms/step | ETA: 29612.2 min
Step 1175000/1000000000 | t=4.70e+01 | T=7391.6 | a=1.001131 | H=2.41e-05 | 562.4 steps/s | 1.78 ms/step | ETA: 29600.5 min
Step 1200000/1000000000 | t=4.80e+01 | T=7391.5 | a=1.001155 | H=2.41e-05 | 562.8 steps/s | 1.78 ms/step | ETA: 29580.0 min
Step 1225000/1000000000 | t=4.90e+01 | T=7391.3 | a=1.001179 | H=2.41e-05 | 563.3 steps/s | 1.78 ms/step | ETA: 29549.3 min
Step 1250000/1000000000 | t=5.00e+01 | T=7391.1 | a=1.001204 | H=2.41e-05 | 563.8 steps/s | 1.77 ms/step | ETA: 29521.8 min
Step 1275000/1000000000 | t=5.10e+01 | T=7390.9 | a=1.001228 | H=2.41e-05 | 564.3 steps/s | 1.77 ms/step | ETA: 29495.9 min
Step 1300000/1000000000 | t=5.20e+01 | T=7390.7 | a=1.001252 | H=2.41e-05 | 564.7 steps/s | 1.77 ms/step | ETA: 29474.3 min
Step 1325000/1000000000 | t=5.30e+01 | T=7390.6 | a=1.001276 | H=2.41e-05 | 565.2 steps/s | 1.77 ms/step | ETA: 29447.8 min
Step 1350000/1000000000 | t=5.40e+01 | T=7390.4 | a=1.001300 | H=2.41e-05 | 565.7 steps/s | 1.77 ms/step | ETA: 29424.7 min
Step 1375000/1000000000 | t=5.50e+01 | T=7390.2 | a=1.001324 | H=2.41e-05 | 566.0 steps/s | 1.77 ms/step | ETA: 29405.3 min
Step 1400000/1000000000 | t=5.60e+01 | T=7390.0 | a=1.001348 | H=2.41e-05 | 566.3 steps/s | 1.77 ms/step | ETA: 29390.8 min
Step 1425000/1000000000 | t=5.70e+01 | T=7389.9 | a=1.001372 | H=2.41e-05 | 566.6 steps/s | 1.76 ms/step | ETA: 29372.5 min
Step 1450000/1000000000 | t=5.80e+01 | T=7389.7 | a=1.001396 | H=2.41e-05 | 566.9 steps/s | 1.76 ms/step | ETA: 29354.7 min
Step 1475000/1000000000 | t=5.90e+01 | T=7389.5 | a=1.001420 | H=2.41e-05 | 567.3 steps/s | 1.76 ms/step | ETA: 29337.3 min
Step 1500000/1000000000 | t=6.00e+01 | T=7389.3 | a=1.001444 | H=2.41e-05 | 567.6 steps/s | 1.76 ms/step | ETA: 29317.5 min
Step 1525000/1000000000 | t=6.10e+01 | T=7389.1 | a=1.001469 | H=2.41e-05 | 568.0 steps/s | 1.76 ms/step | ETA: 29298.2 min
Step 1550000/1000000000 | t=6.20e+01 | T=7389.0 | a=1.001493 | H=2.41e-05 | 568.4 steps/s | 1.76 ms/step | ETA: 29276.6 min
Step 1575000/1000000000 | t=6.30e+01 | T=7388.8 | a=1.001517 | H=2.41e-05 | 568.7 steps/s | 1.76 ms/step | ETA: 29261.6 min
Step 1600000/1000000000 | t=6.40e+01 | T=7388.6 | a=1.001541 | H=2.41e-05 | 569.0 steps/s | 1.76 ms/step | ETA: 29246.0 min
Step 1625000/1000000000 | t=6.50e+01 | T=7388.4 | a=1.001565 | H=2.41e-05 | 569.2 steps/s | 1.76 ms/step | ETA: 29231.7 min
Step 1650000/1000000000 | t=6.60e+01 | T=7388.3 | a=1.001589 | H=2.41e-05 | 569.6 steps/s | 1.76 ms/step | ETA: 29211.2 min
Step 1675000/1000000000 | t=6.70e+01 | T=7388.1 | a=1.001613 | H=2.41e-05 | 569.9 steps/s | 1.75 ms/step | ETA: 29194.6 min
Step 1700000/1000000000 | t=6.80e+01 | T=7387.9 | a=1.001637 | H=2.41e-05 | 570.2 steps/s | 1.75 ms/step | ETA: 29181.0 min
Step 1725000/1000000000 | t=6.90e+01 | T=7387.7 | a=1.001661 | H=2.41e-05 | 570.5 steps/s | 1.75 ms/step | ETA: 29165.1 min
Step 1750000/1000000000 | t=7.00e+01 | T=7387.5 | a=1.001685 | H=2.41e-05 | 570.6 steps/s | 1.75 ms/step | ETA: 29157.6 min
Step 1775000/1000000000 | t=7.10e+01 | T=7387.4 | a=1.001709 | H=2.41e-05 | 570.8 steps/s | 1.75 ms/step | ETA: 29149.1 min
Step 1800000/1000000000 | t=7.20e+01 | T=7387.2 | a=1.001734 | H=2.41e-05 | 571.0 steps/s | 1.75 ms/step | ETA: 29133.5 min
Step 1825000/1000000000 | t=7.30e+01 | T=7387.0 | a=1.001758 | H=2.41e-05 | 571.3 steps/s | 1.75 ms/step | ETA: 29121.5 min
Step 1850000/1000000000 | t=7.40e+01 | T=7386.8 | a=1.001782 | H=2.41e-05 | 571.5 steps/s | 1.75 ms/step | ETA: 29110.6 min
Step 1875000/1000000000 | t=7.50e+01 | T=7386.7 | a=1.001806 | H=2.41e-05 | 571.7 steps/s | 1.75 ms/step | ETA: 29100.1 min
Step 1900000/1000000000 | t=7.60e+01 | T=7386.5 | a=1.001830 | H=2.41e-05 | 571.9 steps/s | 1.75 ms/step | ETA: 29087.0 min
Step 1925000/1000000000 | t=7.70e+01 | T=7386.3 | a=1.001854 | H=2.41e-05 | 572.1 steps/s | 1.75 ms/step | ETA: 29078.8 min
Step 1950000/1000000000 | t=7.80e+01 | T=7386.1 | a=1.001878 | H=2.41e-05 | 572.3 steps/s | 1.75 ms/step | ETA: 29066.6 min
Step 1975000/1000000000 | t=7.90e+01 | T=7386.0 | a=1.001902 | H=2.41e-05 | 572.5 steps/s | 1.75 ms/step | ETA: 29055.3 min
Step 2000000/1000000000 | t=8.00e+01 | T=7385.8 | a=1.001926 | H=2.41e-05 | 572.7 steps/s | 1.75 ms/step | ETA: 29045.1 min
Step 2025000/1000000000 | t=8.10e+01 | T=7385.6 | a=1.001950 | H=2.41e-05 | 572.9 steps/s | 1.75 ms/step | ETA: 29033.1 min
Step 2050000/1000000000 | t=8.20e+01 | T=7385.4 | a=1.001975 | H=2.41e-05 | 573.1 steps/s | 1.74 ms/step | ETA: 29021.7 min
Step 2075000/1000000000 | t=8.30e+01 | T=7385.2 | a=1.001999 | H=2.41e-05 | 573.3 steps/s | 1.74 ms/step | ETA: 29011.3 min
Step 2100000/1000000000 | t=8.40e+01 | T=7385.1 | a=1.002023 | H=2.41e-05 | 573.3 steps/s | 1.74 ms/step | ETA: 29009.7 min
Step 2125000/1000000000 | t=8.50e+01 | T=7384.9 | a=1.002047 | H=2.41e-05 | 573.5 steps/s | 1.74 ms/step | ETA: 29001.1 min
Step 2150000/1000000000 | t=8.60e+01 | T=7384.7 | a=1.002071 | H=2.41e-05 | 573.7 steps/s | 1.74 ms/step | ETA: 28989.0 min
Step 2175000/1000000000 | t=8.70e+01 | T=7384.5 | a=1.002095 | H=2.41e-05 | 573.8 steps/s | 1.74 ms/step | ETA: 28981.3 min
Step 2200000/1000000000 | t=8.80e+01 | T=7384.4 | a=1.002119 | H=2.41e-05 | 574.0 steps/s | 1.74 ms/step | ETA: 28973.4 min
Step 2225000/1000000000 | t=8.90e+01 | T=7384.2 | a=1.002143 | H=2.41e-05 | 574.2 steps/s | 1.74 ms/step | ETA: 28961.4 min
Step 2250000/1000000000 | t=9.00e+01 | T=7384.0 | a=1.002167 | H=2.41e-05 | 574.4 steps/s | 1.74 ms/step | ETA: 28951.5 min
Step 2275000/1000000000 | t=9.10e+01 | T=7383.8 | a=1.002192 | H=2.41e-05 | 574.4 steps/s | 1.74 ms/step | ETA: 28947.9 min
Step 2300000/1000000000 | t=9.20e+01 | T=7383.6 | a=1.002216 | H=2.41e-05 | 574.6 steps/s | 1.74 ms/step | ETA: 28938.9 min
Step 2325000/1000000000 | t=9.30e+01 | T=7383.5 | a=1.002240 | H=2.41e-05 | 574.8 steps/s | 1.74 ms/step | ETA: 28930.6 min
Step 2350000/1000000000 | t=9.40e+01 | T=7383.3 | a=1.002264 | H=2.41e-05 | 574.8 steps/s | 1.74 ms/step | ETA: 28925.9 min
Step 2375000/1000000000 | t=9.50e+01 | T=7383.1 | a=1.002288 | H=2.41e-05 | 575.0 steps/s | 1.74 ms/step | ETA: 28918.3 min
Step 2400000/1000000000 | t=9.60e+01 | T=7382.9 | a=1.002312 | H=2.41e-05 | 575.1 steps/s | 1.74 ms/step | ETA: 28910.8 min
Step 2425000/1000000000 | t=9.70e+01 | T=7382.8 | a=1.002336 | H=2.41e-05 | 575.2 steps/s | 1.74 ms/step | ETA: 28904.4 min
Step 2450000/1000000000 | t=9.80e+01 | T=7382.6 | a=1.002360 | H=2.41e-05 | 575.3 steps/s | 1.74 ms/step | ETA: 28901.5 min
Step 2475000/1000000000 | t=9.90e+01 | T=7382.4 | a=1.002384 | H=2.41e-05 | 575.3 steps/s | 1.74 ms/step | ETA: 28896.5 min
Step 2500000/1000000000 | t=1.00e+02 | T=7382.2 | a=1.002409 | H=2.41e-05 | 575.5 steps/s | 1.74 ms/step | ETA: 28888.8 min
Step 2525000/1000000000 | t=1.01e+02 | T=7382.0 | a=1.002433 | H=2.41e-05 | 575.6 steps/s | 1.74 ms/step | ETA: 28880.6 min
Step 2550000/1000000000 | t=1.02e+02 | T=7381.9 | a=1.002457 | H=2.41e-05 | 575.7 steps/s | 1.74 ms/step | ETA: 28877.3 min
Step 2575000/1000000000 | t=1.03e+02 | T=7381.7 | a=1.002481 | H=2.41e-05 | 575.8 steps/s | 1.74 ms/step | ETA: 28869.3 min
Step 2600000/1000000000 | t=1.04e+02 | T=7381.5 | a=1.002505 | H=2.41e-05 | 575.9 steps/s | 1.74 ms/step | ETA: 28864.3 min
Step 2625000/1000000000 | t=1.05e+02 | T=7381.3 | a=1.002529 | H=2.41e-05 | 576.0 steps/s | 1.74 ms/step | ETA: 28857.8 min
Step 2650000/1000000000 | t=1.06e+02 | T=7381.2 | a=1.002553 | H=2.41e-05 | 576.2 steps/s | 1.74 ms/step | ETA: 28850.1 min
Step 2675000/1000000000 | t=1.07e+02 | T=7381.0 | a=1.002577 | H=2.41e-05 | 576.3 steps/s | 1.74 ms/step | ETA: 28843.1 min
Step 2700000/1000000000 | t=1.08e+02 | T=7380.8 | a=1.002601 | H=2.41e-05 | 576.4 steps/s | 1.73 ms/step | ETA: 28837.6 min
Step 2725000/1000000000 | t=1.09e+02 | T=7380.6 | a=1.002626 | H=2.41e-05 | 576.5 steps/s | 1.73 ms/step | ETA: 28830.1 min
Step 2750000/1000000000 | t=1.10e+02 | T=7380.4 | a=1.002650 | H=2.41e-05 | 576.7 steps/s | 1.73 ms/step | ETA: 28821.2 min
Step 2775000/1000000000 | t=1.11e+02 | T=7380.3 | a=1.002674 | H=2.41e-05 | 576.8 steps/s | 1.73 ms/step | ETA: 28817.0 min
Step 2800000/1000000000 | t=1.12e+02 | T=7380.1 | a=1.002698 | H=2.41e-05 | 576.8 steps/s | 1.73 ms/step | ETA: 28816.0 min
Step 2825000/1000000000 | t=1.13e+02 | T=7379.9 | a=1.002722 | H=2.41e-05 | 576.9 steps/s | 1.73 ms/step | ETA: 28808.2 min
Step 2850000/1000000000 | t=1.14e+02 | T=7379.7 | a=1.002746 | H=2.41e-05 | 577.0 steps/s | 1.73 ms/step | ETA: 28803.6 min
Step 2875000/1000000000 | t=1.15e+02 | T=7379.6 | a=1.002770 | H=2.41e-05 | 577.1 steps/s | 1.73 ms/step | ETA: 28797.0 min
Step 2900000/1000000000 | t=1.16e+02 | T=7379.4 | a=1.002794 | H=2.41e-05 | 577.1 steps/s | 1.73 ms/step | ETA: 28793.8 min
Step 2925000/1000000000 | t=1.17e+02 | T=7379.2 | a=1.002819 | H=2.41e-05 | 577.2 steps/s | 1.73 ms/step | ETA: 28791.1 min
Step 2950000/1000000000 | t=1.18e+02 | T=7379.0 | a=1.002843 | H=2.41e-05 | 577.3 steps/s | 1.73 ms/step | ETA: 28785.3 min
Step 2975000/1000000000 | t=1.19e+02 | T=7378.8 | a=1.002867 | H=2.41e-05 | 577.4 steps/s | 1.73 ms/step | ETA: 28780.6 min
Step 3000000/1000000000 | t=1.20e+02 | T=7378.7 | a=1.002891 | H=2.41e-05 | 577.5 steps/s | 1.73 ms/step | ETA: 28775.5 min
Step 3025000/1000000000 | t=1.21e+02 | T=7378.5 | a=1.002915 | H=2.41e-05 | 577.6 steps/s | 1.73 ms/step | ETA: 28768.7 min
Step 3050000/1000000000 | t=1.22e+02 | T=7378.3 | a=1.002939 | H=2.41e-05 | 577.6 steps/s | 1.73 ms/step | ETA: 28764.6 min
Step 3075000/1000000000 | t=1.23e+02 | T=7378.1 | a=1.002963 | H=2.41e-05 | 577.7 steps/s | 1.73 ms/step | ETA: 28759.8 min
Step 3100000/1000000000 | t=1.24e+02 | T=7378.0 | a=1.002987 | H=2.41e-05 | 577.8 steps/s | 1.73 ms/step | ETA: 28754.0 min
Step 3125000/1000000000 | t=1.25e+02 | T=7377.8 | a=1.003012 | H=2.41e-05 | 577.9 steps/s | 1.73 ms/step | ETA: 28748.8 min
Step 3150000/1000000000 | t=1.26e+02 | T=7377.6 | a=1.003036 | H=2.41e-05 | 577.9 steps/s | 1.73 ms/step | ETA: 28747.2 min
Step 3175000/1000000000 | t=1.27e+02 | T=7377.4 | a=1.003060 | H=2.41e-05 | 578.1 steps/s | 1.73 ms/step | ETA: 28740.8 min
Step 3200000/1000000000 | t=1.28e+02 | T=7377.2 | a=1.003084 | H=2.41e-05 | 578.2 steps/s | 1.73 ms/step | ETA: 28734.8 min
Step 3225000/1000000000 | t=1.29e+02 | T=7377.1 | a=1.003108 | H=2.41e-05 | 578.3 steps/s | 1.73 ms/step | ETA: 28728.1 min
Step 3250000/1000000000 | t=1.30e+02 | T=7376.9 | a=1.003132 | H=2.41e-05 | 578.3 steps/s | 1.73 ms/step | ETA: 28725.6 min
Step 3275000/1000000000 | t=1.31e+02 | T=7376.7 | a=1.003156 | H=2.41e-05 | 578.4 steps/s | 1.73 ms/step | ETA: 28719.1 min
Step 3300000/1000000000 | t=1.32e+02 | T=7376.5 | a=1.003180 | H=2.41e-05 | 578.5 steps/s | 1.73 ms/step | ETA: 28715.3 min
Step 3325000/1000000000 | t=1.33e+02 | T=7376.4 | a=1.003205 | H=2.41e-05 | 578.6 steps/s | 1.73 ms/step | ETA: 28710.8 min
Step 3350000/1000000000 | t=1.34e+02 | T=7376.2 | a=1.003229 | H=2.41e-05 | 578.6 steps/s | 1.73 ms/step | ETA: 28707.5 min
Step 3375000/1000000000 | t=1.35e+02 | T=7376.0 | a=1.003253 | H=2.41e-05 | 578.7 steps/s | 1.73 ms/step | ETA: 28702.5 min
Step 3400000/1000000000 | t=1.36e+02 | T=7375.8 | a=1.003277 | H=2.41e-05 | 578.8 steps/s | 1.73 ms/step | ETA: 28697.3 min
Step 3425000/1000000000 | t=1.37e+02 | T=7375.7 | a=1.003301 | H=2.41e-05 | 578.8 steps/s | 1.73 ms/step | ETA: 28694.1 min
Step 3450000/1000000000 | t=1.38e+02 | T=7375.5 | a=1.003325 | H=2.41e-05 | 578.9 steps/s | 1.73 ms/step | ETA: 28691.6 min
Step 3475000/1000000000 | t=1.39e+02 | T=7375.3 | a=1.003349 | H=2.41e-05 | 578.9 steps/s | 1.73 ms/step | ETA: 28687.9 min
Step 3500000/1000000000 | t=1.40e+02 | T=7375.1 | a=1.003374 | H=2.41e-05 | 578.9 steps/s | 1.73 ms/step | ETA: 28687.6 min
Step 3525000/1000000000 | t=1.41e+02 | T=7374.9 | a=1.003398 | H=2.41e-05 | 579.0 steps/s | 1.73 ms/step | ETA: 28685.5 min
Step 3550000/1000000000 | t=1.42e+02 | T=7374.8 | a=1.003422 | H=2.41e-05 | 579.0 steps/s | 1.73 ms/step | ETA: 28684.3 min
Step 3575000/1000000000 | t=1.43e+02 | T=7374.6 | a=1.003446 | H=2.41e-05 | 579.1 steps/s | 1.73 ms/step | ETA: 28679.0 min
Step 3600000/1000000000 | t=1.44e+02 | T=7374.4 | a=1.003470 | H=2.41e-05 | 579.1 steps/s | 1.73 ms/step | ETA: 28676.3 min
Step 3625000/1000000000 | t=1.45e+02 | T=7374.2 | a=1.003494 | H=2.41e-05 | 579.2 steps/s | 1.73 ms/step | ETA: 28672.7 min
Step 3650000/1000000000 | t=1.46e+02 | T=7374.1 | a=1.003518 | H=2.41e-05 | 579.2 steps/s | 1.73 ms/step | ETA: 28669.7 min
Step 3675000/1000000000 | t=1.47e+02 | T=7373.9 | a=1.003543 | H=2.41e-05 | 579.2 steps/s | 1.73 ms/step | ETA: 28667.8 min
Step 3700000/1000000000 | t=1.48e+02 | T=7373.7 | a=1.003567 | H=2.41e-05 | 579.3 steps/s | 1.73 ms/step | ETA: 28663.5 min
Step 3725000/1000000000 | t=1.49e+02 | T=7373.5 | a=1.003591 | H=2.41e-05 | 579.4 steps/s | 1.73 ms/step | ETA: 28659.3 min
Step 3750000/1000000000 | t=1.50e+02 | T=7373.3 | a=1.003615 | H=2.41e-05 | 579.4 steps/s | 1.73 ms/step | ETA: 28655.6 min
Step 3775000/1000000000 | t=1.51e+02 | T=7373.2 | a=1.003639 | H=2.41e-05 | 579.5 steps/s | 1.73 ms/step | ETA: 28651.5 min
Step 3800000/1000000000 | t=1.52e+02 | T=7373.0 | a=1.003663 | H=2.41e-05 | 579.6 steps/s | 1.73 ms/step | ETA: 28647.2 min
Step 3825000/1000000000 | t=1.53e+02 | T=7372.8 | a=1.003687 | H=2.41e-05 | 579.6 steps/s | 1.73 ms/step | ETA: 28643.5 min
Step 3850000/1000000000 | t=1.54e+02 | T=7372.6 | a=1.003712 | H=2.41e-05 | 579.6 steps/s | 1.73 ms/step | ETA: 28643.1 min
Step 3875000/1000000000 | t=1.55e+02 | T=7372.5 | a=1.003736 | H=2.41e-05 | 579.7 steps/s | 1.73 ms/step | ETA: 28640.9 min
Step 3900000/1000000000 | t=1.56e+02 | T=7372.3 | a=1.003760 | H=2.41e-05 | 579.7 steps/s | 1.73 ms/step | ETA: 28637.9 min
Step 3925000/1000000000 | t=1.57e+02 | T=7372.1 | a=1.003784 | H=2.41e-05 | 579.7 steps/s | 1.72 ms/step | ETA: 28635.5 min
Step 3950000/1000000000 | t=1.58e+02 | T=7371.9 | a=1.003808 | H=2.41e-05 | 579.7 steps/s | 1.72 ms/step | ETA: 28634.9 min
Step 3975000/1000000000 | t=1.59e+02 | T=7371.7 | a=1.003832 | H=2.41e-05 | 579.8 steps/s | 1.72 ms/step | ETA: 28632.2 min
Step 4000000/1000000000 | t=1.60e+02 | T=7371.6 | a=1.003856 | H=2.41e-05 | 579.8 steps/s | 1.72 ms/step | ETA: 28629.5 min
Step 4025000/1000000000 | t=1.61e+02 | T=7371.4 | a=1.003881 | H=2.41e-05 | 579.9 steps/s | 1.72 ms/step | ETA: 28625.1 min
Step 4050000/1000000000 | t=1.62e+02 | T=7371.2 | a=1.003905 | H=2.41e-05 | 579.9 steps/s | 1.72 ms/step | ETA: 28622.0 min
Step 4075000/1000000000 | t=1.63e+02 | T=7371.0 | a=1.003929 | H=2.41e-05 | 580.0 steps/s | 1.72 ms/step | ETA: 28617.6 min
Step 4100000/1000000000 | t=1.64e+02 | T=7370.9 | a=1.003953 | H=2.41e-05 | 580.1 steps/s | 1.72 ms/step | ETA: 28613.4 min
Step 4125000/1000000000 | t=1.65e+02 | T=7370.7 | a=1.003977 | H=2.41e-05 | 580.2 steps/s | 1.72 ms/step | ETA: 28609.4 min
Step 4150000/1000000000 | t=1.66e+02 | T=7370.5 | a=1.004001 | H=2.41e-05 | 580.2 steps/s | 1.72 ms/step | ETA: 28605.8 min
Step 4175000/1000000000 | t=1.67e+02 | T=7370.3 | a=1.004025 | H=2.41e-05 | 580.2 steps/s | 1.72 ms/step | ETA: 28604.9 min
Step 4200000/1000000000 | t=1.68e+02 | T=7370.2 | a=1.004050 | H=2.41e-05 | 580.2 steps/s | 1.72 ms/step | ETA: 28603.5 min
Step 4225000/1000000000 | t=1.69e+02 | T=7370.0 | a=1.004074 | H=2.41e-05 | 580.3 steps/s | 1.72 ms/step | ETA: 28601.2 min
Step 4250000/1000000000 | t=1.70e+02 | T=7369.8 | a=1.004098 | H=2.41e-05 | 580.3 steps/s | 1.72 ms/step | ETA: 28600.9 min
Step 4275000/1000000000 | t=1.71e+02 | T=7369.6 | a=1.004122 | H=2.41e-05 | 580.3 steps/s | 1.72 ms/step | ETA: 28599.0 min
Step 4300000/1000000000 | t=1.72e+02 | T=7369.4 | a=1.004146 | H=2.41e-05 | 580.3 steps/s | 1.72 ms/step | ETA: 28595.6 min
Step 4325000/1000000000 | t=1.73e+02 | T=7369.3 | a=1.004170 | H=2.41e-05 | 580.3 steps/s | 1.72 ms/step | ETA: 28596.5 min
Step 4350000/1000000000 | t=1.74e+02 | T=7369.1 | a=1.004195 | H=2.41e-05 | 580.3 steps/s | 1.72 ms/step | ETA: 28593.4 min
Step 4375000/1000000000 | t=1.75e+02 | T=7368.9 | a=1.004219 | H=2.41e-05 | 580.4 steps/s | 1.72 ms/step | ETA: 28589.7 min
Step 4400000/1000000000 | t=1.76e+02 | T=7368.7 | a=1.004243 | H=2.41e-05 | 580.5 steps/s | 1.72 ms/step | ETA: 28586.6 min
Step 4425000/1000000000 | t=1.77e+02 | T=7368.6 | a=1.004267 | H=2.41e-05 | 580.5 steps/s | 1.72 ms/step | ETA: 28584.6 min
Step 4450000/1000000000 | t=1.78e+02 | T=7368.4 | a=1.004291 | H=2.41e-05 | 580.5 steps/s | 1.72 ms/step | ETA: 28581.3 min
Step 4475000/1000000000 | t=1.79e+02 | T=7368.2 | a=1.004315 | H=2.41e-05 | 580.6 steps/s | 1.72 ms/step | ETA: 28579.3 min
Step 4500000/1000000000 | t=1.80e+02 | T=7368.0 | a=1.004340 | H=2.41e-05 | 580.6 steps/s | 1.72 ms/step | ETA: 28576.6 min
Step 4525000/1000000000 | t=1.81e+02 | T=7367.8 | a=1.004364 | H=2.41e-05 | 580.6 steps/s | 1.72 ms/step | ETA: 28575.2 min
Step 4550000/1000000000 | t=1.82e+02 | T=7367.7 | a=1.004388 | H=2.41e-05 | 580.6 steps/s | 1.72 ms/step | ETA: 28574.8 min
Step 4575000/1000000000 | t=1.83e+02 | T=7367.5 | a=1.004412 | H=2.41e-05 | 580.6 steps/s | 1.72 ms/step | ETA: 28572.2 min
Step 4600000/1000000000 | t=1.84e+02 | T=7367.3 | a=1.004436 | H=2.41e-05 | 580.7 steps/s | 1.72 ms/step | ETA: 28570.1 min
Step 4625000/1000000000 | t=1.85e+02 | T=7367.1 | a=1.004460 | H=2.41e-05 | 580.7 steps/s | 1.72 ms/step | ETA: 28567.5 min
Step 4650000/1000000000 | t=1.86e+02 | T=7367.0 | a=1.004484 | H=2.41e-05 | 580.7 steps/s | 1.72 ms/step | ETA: 28565.1 min
Step 4675000/1000000000 | t=1.87e+02 | T=7366.8 | a=1.004509 | H=2.41e-05 | 580.8 steps/s | 1.72 ms/step | ETA: 28562.0 min
Step 4700000/1000000000 | t=1.88e+02 | T=7366.6 | a=1.004533 | H=2.41e-05 | 580.8 steps/s | 1.72 ms/step | ETA: 28559.0 min
Step 4725000/1000000000 | t=1.89e+02 | T=7366.4 | a=1.004557 | H=2.41e-05 | 580.9 steps/s | 1.72 ms/step | ETA: 28556.6 min
Step 4750000/1000000000 | t=1.90e+02 | T=7366.3 | a=1.004581 | H=2.41e-05 | 581.0 steps/s | 1.72 ms/step | ETA: 28552.1 min
Step 4775000/1000000000 | t=1.91e+02 | T=7366.1 | a=1.004605 | H=2.41e-05 | 581.0 steps/s | 1.72 ms/step | ETA: 28549.1 min
Step 4800000/1000000000 | t=1.92e+02 | T=7365.9 | a=1.004629 | H=2.41e-05 | 581.1 steps/s | 1.72 ms/step | ETA: 28546.0 min
Step 4825000/1000000000 | t=1.93e+02 | T=7365.7 | a=1.004654 | H=2.41e-05 | 581.1 steps/s | 1.72 ms/step | ETA: 28542.7 min
Step 4850000/1000000000 | t=1.94e+02 | T=7365.5 | a=1.004678 | H=2.41e-05 | 581.1 steps/s | 1.72 ms/step | ETA: 28539.8 min
Step 4875000/1000000000 | t=1.95e+02 | T=7365.4 | a=1.004702 | H=2.41e-05 | 581.2 steps/s | 1.72 ms/step | ETA: 28535.6 min
Step 4900000/1000000000 | t=1.96e+02 | T=7365.2 | a=1.004726 | H=2.41e-05 | 581.3 steps/s | 1.72 ms/step | ETA: 28532.7 min
Step 4925000/1000000000 | t=1.97e+02 | T=7365.0 | a=1.004750 | H=2.41e-05 | 581.2 steps/s | 1.72 ms/step | ETA: 28533.2 min
Step 4950000/1000000000 | t=1.98e+02 | T=7364.8 | a=1.004775 | H=2.41e-05 | 581.3 steps/s | 1.72 ms/step | ETA: 28529.2 min
Step 4975000/1000000000 | t=1.99e+02 | T=7364.7 | a=1.004799 | H=2.41e-05 | 581.3 steps/s | 1.72 ms/step | ETA: 28527.1 min
Step 5000000/1000000000 | t=2.00e+02 | T=7364.5 | a=1.004823 | H=2.41e-05 | 581.4 steps/s | 1.72 ms/step | ETA: 28522.8 min
Step 5025000/1000000000 | t=2.01e+02 | T=7364.3 | a=1.004847 | H=2.41e-05 | 581.4 steps/s | 1.72 ms/step | ETA: 28521.5 min
Step 5050000/1000000000 | t=2.02e+02 | T=7364.1 | a=1.004871 | H=2.41e-05 | 581.5 steps/s | 1.72 ms/step | ETA: 28518.3 min
Step 5075000/1000000000 | t=2.03e+02 | T=7364.0 | a=1.004895 | H=2.41e-05 | 581.5 steps/s | 1.72 ms/step | ETA: 28515.0 min
Step 5100000/1000000000 | t=2.04e+02 | T=7363.8 | a=1.004920 | H=2.41e-05 | 581.5 steps/s | 1.72 ms/step | ETA: 28513.7 min
Step 5125000/1000000000 | t=2.05e+02 | T=7363.6 | a=1.004944 | H=2.41e-05 | 581.5 steps/s | 1.72 ms/step | ETA: 28512.8 min
Step 5150000/1000000000 | t=2.06e+02 | T=7363.4 | a=1.004968 | H=2.41e-05 | 581.6 steps/s | 1.72 ms/step | ETA: 28509.6 min
Step 5175000/1000000000 | t=2.07e+02 | T=7363.2 | a=1.004992 | H=2.41e-05 | 581.6 steps/s | 1.72 ms/step | ETA: 28506.2 min
Step 5200000/1000000000 | t=2.08e+02 | T=7363.1 | a=1.005016 | H=2.41e-05 | 581.7 steps/s | 1.72 ms/step | ETA: 28503.6 min
Step 5225000/1000000000 | t=2.09e+02 | T=7362.9 | a=1.005040 | H=2.41e-05 | 581.7 steps/s | 1.72 ms/step | ETA: 28501.3 min
Step 5250000/1000000000 | t=2.10e+02 | T=7362.7 | a=1.005065 | H=2.41e-05 | 581.7 steps/s | 1.72 ms/step | ETA: 28499.2 min
Step 5275000/1000000000 | t=2.11e+02 | T=7362.5 | a=1.005089 | H=2.41e-05 | 581.8 steps/s | 1.72 ms/step | ETA: 28497.6 min
Step 5300000/1000000000 | t=2.12e+02 | T=7362.4 | a=1.005113 | H=2.41e-05 | 581.8 steps/s | 1.72 ms/step | ETA: 28496.0 min
Step 5325000/1000000000 | t=2.13e+02 | T=7362.2 | a=1.005137 | H=2.41e-05 | 581.8 steps/s | 1.72 ms/step | ETA: 28494.8 min
Step 5350000/1000000000 | t=2.14e+02 | T=7362.0 | a=1.005161 | H=2.41e-05 | 581.8 steps/s | 1.72 ms/step | ETA: 28491.7 min
Step 5375000/1000000000 | t=2.15e+02 | T=7361.8 | a=1.005185 | H=2.41e-05 | 581.9 steps/s | 1.72 ms/step | ETA: 28488.4 min
Step 5400000/1000000000 | t=2.16e+02 | T=7361.6 | a=1.005210 | H=2.41e-05 | 581.9 steps/s | 1.72 ms/step | ETA: 28486.6 min
Step 5425000/1000000000 | t=2.17e+02 | T=7361.5 | a=1.005234 | H=2.41e-05 | 581.9 steps/s | 1.72 ms/step | ETA: 28485.6 min
Step 5450000/1000000000 | t=2.18e+02 | T=7361.3 | a=1.005258 | H=2.41e-05 | 581.9 steps/s | 1.72 ms/step | ETA: 28483.6 min
Step 5475000/1000000000 | t=2.19e+02 | T=7361.1 | a=1.005282 | H=2.41e-05 | 582.0 steps/s | 1.72 ms/step | ETA: 28481.9 min
Step 5500000/1000000000 | t=2.20e+02 | T=7360.9 | a=1.005306 | H=2.41e-05 | 582.0 steps/s | 1.72 ms/step | ETA: 28478.2 min
Step 5525000/1000000000 | t=2.21e+02 | T=7360.8 | a=1.005331 | H=2.41e-05 | 582.1 steps/s | 1.72 ms/step | ETA: 28475.2 min
Step 5550000/1000000000 | t=2.22e+02 | T=7360.6 | a=1.005355 | H=2.41e-05 | 582.1 steps/s | 1.72 ms/step | ETA: 28472.8 min
Step 5575000/1000000000 | t=2.23e+02 | T=7360.4 | a=1.005379 | H=2.41e-05 | 582.1 steps/s | 1.72 ms/step | ETA: 28470.7 min
Step 5600000/1000000000 | t=2.24e+02 | T=7360.2 | a=1.005403 | H=2.41e-05 | 582.2 steps/s | 1.72 ms/step | ETA: 28467.2 min
Step 5625000/1000000000 | t=2.25e+02 | T=7360.1 | a=1.005427 | H=2.41e-05 | 582.1 steps/s | 1.72 ms/step | ETA: 28469.8 min
Step 5650000/1000000000 | t=2.26e+02 | T=7359.9 | a=1.005452 | H=2.41e-05 | 582.2 steps/s | 1.72 ms/step | ETA: 28467.4 min
Step 5675000/1000000000 | t=2.27e+02 | T=7359.7 | a=1.005476 | H=2.41e-05 | 582.2 steps/s | 1.72 ms/step | ETA: 28464.4 min
Step 5700000/1000000000 | t=2.28e+02 | T=7359.5 | a=1.005500 | H=2.41e-05 | 582.2 steps/s | 1.72 ms/step | ETA: 28461.9 min
Step 5725000/1000000000 | t=2.29e+02 | T=7359.3 | a=1.005524 | H=2.41e-05 | 582.2 steps/s | 1.72 ms/step | ETA: 28460.7 min
Step 5750000/1000000000 | t=2.30e+02 | T=7359.2 | a=1.005548 | H=2.41e-05 | 582.3 steps/s | 1.72 ms/step | ETA: 28458.8 min
Step 5775000/1000000000 | t=2.31e+02 | T=7359.0 | a=1.005572 | H=2.41e-05 | 582.3 steps/s | 1.72 ms/step | ETA: 28457.0 min
Step 5800000/1000000000 | t=2.32e+02 | T=7358.8 | a=1.005597 | H=2.41e-05 | 582.3 steps/s | 1.72 ms/step | ETA: 28456.6 min
Step 5825000/1000000000 | t=2.33e+02 | T=7358.6 | a=1.005621 | H=2.41e-05 | 582.3 steps/s | 1.72 ms/step | ETA: 28454.3 min
Step 5850000/1000000000 | t=2.34e+02 | T=7358.5 | a=1.005645 | H=2.41e-05 | 582.4 steps/s | 1.72 ms/step | ETA: 28450.5 min
Step 5875000/1000000000 | t=2.35e+02 | T=7358.3 | a=1.005669 | H=2.41e-05 | 582.4 steps/s | 1.72 ms/step | ETA: 28448.2 min
Step 5900000/1000000000 | t=2.36e+02 | T=7358.1 | a=1.005693 | H=2.41e-05 | 582.4 steps/s | 1.72 ms/step | ETA: 28446.2 min
Step 5925000/1000000000 | t=2.37e+02 | T=7357.9 | a=1.005718 | H=2.41e-05 | 582.5 steps/s | 1.72 ms/step | ETA: 28444.3 min
Step 5950000/1000000000 | t=2.38e+02 | T=7357.8 | a=1.005742 | H=2.41e-05 | 582.5 steps/s | 1.72 ms/step | ETA: 28442.7 min
Step 5975000/1000000000 | t=2.39e+02 | T=7357.6 | a=1.005766 | H=2.41e-05 | 582.4 steps/s | 1.72 ms/step | ETA: 28444.4 min
Step 6000000/1000000000 | t=2.40e+02 | T=7357.4 | a=1.005790 | H=2.41e-05 | 582.5 steps/s | 1.72 ms/step | ETA: 28441.9 min
Step 6025000/1000000000 | t=2.41e+02 | T=7357.2 | a=1.005814 | H=2.41e-05 | 582.5 steps/s | 1.72 ms/step | ETA: 28439.9 min
Step 6050000/1000000000 | t=2.42e+02 | T=7357.0 | a=1.005839 | H=2.41e-05 | 582.5 steps/s | 1.72 ms/step | ETA: 28438.1 min
Step 6075000/1000000000 | t=2.43e+02 | T=7356.9 | a=1.005863 | H=2.41e-05 | 582.5 steps/s | 1.72 ms/step | ETA: 28436.8 min
Step 6100000/1000000000 | t=2.44e+02 | T=7356.7 | a=1.005887 | H=2.41e-05 | 582.6 steps/s | 1.72 ms/step | ETA: 28434.1 min
Step 6125000/1000000000 | t=2.45e+02 | T=7356.5 | a=1.005911 | H=2.41e-05 | 582.6 steps/s | 1.72 ms/step | ETA: 28433.1 min
Step 6150000/1000000000 | t=2.46e+02 | T=7356.3 | a=1.005935 | H=2.41e-05 | 582.6 steps/s | 1.72 ms/step | ETA: 28431.6 min
Step 6175000/1000000000 | t=2.47e+02 | T=7356.2 | a=1.005960 | H=2.41e-05 | 582.6 steps/s | 1.72 ms/step | ETA: 28428.4 min
Step 6200000/1000000000 | t=2.48e+02 | T=7356.0 | a=1.005984 | H=2.41e-05 | 582.7 steps/s | 1.72 ms/step | ETA: 28425.6 min
Step 6225000/1000000000 | t=2.49e+02 | T=7355.8 | a=1.006008 | H=2.41e-05 | 582.7 steps/s | 1.72 ms/step | ETA: 28422.3 min
Step 6250000/1000000000 | t=2.50e+02 | T=7355.6 | a=1.006032 | H=2.41e-05 | 582.8 steps/s | 1.72 ms/step | ETA: 28421.2 min
Step 6275000/1000000000 | t=2.51e+02 | T=7355.5 | a=1.006056 | H=2.41e-05 | 582.8 steps/s | 1.72 ms/step | ETA: 28418.8 min
Step 6300000/1000000000 | t=2.52e+02 | T=7355.3 | a=1.006081 | H=2.41e-05 | 582.8 steps/s | 1.72 ms/step | ETA: 28416.7 min
Step 6325000/1000000000 | t=2.53e+02 | T=7355.1 | a=1.006105 | H=2.41e-05 | 582.8 steps/s | 1.72 ms/step | ETA: 28416.9 min
Step 6350000/1000000000 | t=2.54e+02 | T=7354.9 | a=1.006129 | H=2.41e-05 | 582.8 steps/s | 1.72 ms/step | ETA: 28415.5 min
Step 6375000/1000000000 | t=2.55e+02 | T=7354.7 | a=1.006153 | H=2.41e-05 | 582.9 steps/s | 1.72 ms/step | ETA: 28412.7 min
Step 6400000/1000000000 | t=2.56e+02 | T=7354.6 | a=1.006177 | H=2.41e-05 | 582.9 steps/s | 1.72 ms/step | ETA: 28411.5 min
Step 6425000/1000000000 | t=2.57e+02 | T=7354.4 | a=1.006202 | H=2.41e-05 | 582.9 steps/s | 1.72 ms/step | ETA: 28409.3 min
Step 6450000/1000000000 | t=2.58e+02 | T=7354.2 | a=1.006226 | H=2.41e-05 | 582.9 steps/s | 1.72 ms/step | ETA: 28408.7 min
Step 6475000/1000000000 | t=2.59e+02 | T=7354.0 | a=1.006250 | H=2.41e-05 | 582.9 steps/s | 1.72 ms/step | ETA: 28406.5 min
Step 6500000/1000000000 | t=2.60e+02 | T=7353.9 | a=1.006274 | H=2.41e-05 | 582.9 steps/s | 1.72 ms/step | ETA: 28405.6 min
Step 6525000/1000000000 | t=2.61e+02 | T=7353.7 | a=1.006298 | H=2.41e-05 | 582.9 steps/s | 1.72 ms/step | ETA: 28403.7 min
Step 6550000/1000000000 | t=2.62e+02 | T=7353.5 | a=1.006323 | H=2.41e-05 | 583.0 steps/s | 1.72 ms/step | ETA: 28401.1 min
Step 6575000/1000000000 | t=2.63e+02 | T=7353.3 | a=1.006347 | H=2.41e-05 | 583.0 steps/s | 1.72 ms/step | ETA: 28399.2 min
Step 6600000/1000000000 | t=2.64e+02 | T=7353.2 | a=1.006371 | H=2.41e-05 | 583.0 steps/s | 1.72 ms/step | ETA: 28397.9 min
Step 6625000/1000000000 | t=2.65e+02 | T=7353.0 | a=1.006395 | H=2.41e-05 | 583.1 steps/s | 1.72 ms/step | ETA: 28395.7 min
Step 6650000/1000000000 | t=2.66e+02 | T=7352.8 | a=1.006419 | H=2.41e-05 | 583.1 steps/s | 1.72 ms/step | ETA: 28395.2 min
Step 6675000/1000000000 | t=2.67e+02 | T=7352.6 | a=1.006444 | H=2.41e-05 | 583.0 steps/s | 1.72 ms/step | ETA: 28395.1 min
Step 6700000/1000000000 | t=2.68e+02 | T=7352.4 | a=1.006468 | H=2.41e-05 | 583.1 steps/s | 1.72 ms/step | ETA: 28392.1 min
Step 6725000/1000000000 | t=2.69e+02 | T=7352.3 | a=1.006492 | H=2.41e-05 | 583.1 steps/s | 1.71 ms/step | ETA: 28391.0 min
Step 6750000/1000000000 | t=2.70e+02 | T=7352.1 | a=1.006516 | H=2.41e-05 | 583.1 steps/s | 1.71 ms/step | ETA: 28389.6 min
Step 6775000/1000000000 | t=2.71e+02 | T=7351.9 | a=1.006541 | H=2.41e-05 | 583.1 steps/s | 1.72 ms/step | ETA: 28390.7 min
Step 6800000/1000000000 | t=2.72e+02 | T=7351.7 | a=1.006565 | H=2.41e-05 | 583.1 steps/s | 1.72 ms/step | ETA: 28389.2 min
Step 6825000/1000000000 | t=2.73e+02 | T=7351.6 | a=1.006589 | H=2.41e-05 | 583.1 steps/s | 1.71 ms/step | ETA: 28388.1 min
Step 6850000/1000000000 | t=2.74e+02 | T=7351.4 | a=1.006613 | H=2.41e-05 | 583.1 steps/s | 1.71 ms/step | ETA: 28387.3 min
Step 6875000/1000000000 | t=2.75e+02 | T=7351.2 | a=1.006637 | H=2.41e-05 | 583.1 steps/s | 1.71 ms/step | ETA: 28385.5 min
Step 6900000/1000000000 | t=2.76e+02 | T=7351.0 | a=1.006662 | H=2.41e-05 | 583.1 steps/s | 1.71 ms/step | ETA: 28384.6 min
Step 6925000/1000000000 | t=2.77e+02 | T=7350.9 | a=1.006686 | H=2.41e-05 | 583.1 steps/s | 1.71 ms/step | ETA: 28382.6 min
Step 6950000/1000000000 | t=2.78e+02 | T=7350.7 | a=1.006710 | H=2.41e-05 | 583.2 steps/s | 1.71 ms/step | ETA: 28381.3 min
Step 6975000/1000000000 | t=2.79e+02 | T=7350.5 | a=1.006734 | H=2.41e-05 | 583.2 steps/s | 1.71 ms/step | ETA: 28379.3 min
Step 7000000/1000000000 | t=2.80e+02 | T=7350.3 | a=1.006758 | H=2.41e-05 | 583.2 steps/s | 1.71 ms/step | ETA: 28377.5 min
Step 7025000/1000000000 | t=2.81e+02 | T=7350.1 | a=1.006783 | H=2.41e-05 | 583.2 steps/s | 1.71 ms/step | ETA: 28377.3 min
Step 7050000/1000000000 | t=2.82e+02 | T=7350.0 | a=1.006807 | H=2.41e-05 | 583.2 steps/s | 1.71 ms/step | ETA: 28375.7 min
Step 7075000/1000000000 | t=2.83e+02 | T=7349.8 | a=1.006831 | H=2.41e-05 | 583.3 steps/s | 1.71 ms/step | ETA: 28373.1 min
Step 7100000/1000000000 | t=2.84e+02 | T=7349.6 | a=1.006855 | H=2.41e-05 | 583.3 steps/s | 1.71 ms/step | ETA: 28370.3 min
Step 7125000/1000000000 | t=2.85e+02 | T=7349.4 | a=1.006880 | H=2.41e-05 | 583.3 steps/s | 1.71 ms/step | ETA: 28369.3 min
Step 7150000/1000000000 | t=2.86e+02 | T=7349.3 | a=1.006904 | H=2.41e-05 | 583.3 steps/s | 1.71 ms/step | ETA: 28367.9 min
Step 7175000/1000000000 | t=2.87e+02 | T=7349.1 | a=1.006928 | H=2.41e-05 | 583.3 steps/s | 1.71 ms/step | ETA: 28366.3 min
Step 7200000/1000000000 | t=2.88e+02 | T=7348.9 | a=1.006952 | H=2.41e-05 | 583.3 steps/s | 1.71 ms/step | ETA: 28365.6 min
Step 7225000/1000000000 | t=2.89e+02 | T=7348.7 | a=1.006976 | H=2.41e-05 | 583.4 steps/s | 1.71 ms/step | ETA: 28363.8 min
Step 7250000/1000000000 | t=2.90e+02 | T=7348.6 | a=1.007001 | H=2.41e-05 | 583.4 steps/s | 1.71 ms/step | ETA: 28361.7 min
Step 7275000/1000000000 | t=2.91e+02 | T=7348.4 | a=1.007025 | H=2.41e-05 | 583.4 steps/s | 1.71 ms/step | ETA: 28360.2 min
Step 7300000/1000000000 | t=2.92e+02 | T=7348.2 | a=1.007049 | H=2.41e-05 | 583.4 steps/s | 1.71 ms/step | ETA: 28357.6 min
Step 7325000/1000000000 | t=2.93e+02 | T=7348.0 | a=1.007073 | H=2.41e-05 | 583.5 steps/s | 1.71 ms/step | ETA: 28355.5 min
Step 7350000/1000000000 | t=2.94e+02 | T=7347.8 | a=1.007098 | H=2.41e-05 | 583.5 steps/s | 1.71 ms/step | ETA: 28353.5 min
Step 7375000/1000000000 | t=2.95e+02 | T=7347.7 | a=1.007122 | H=2.41e-05 | 583.5 steps/s | 1.71 ms/step | ETA: 28354.5 min
Step 7400000/1000000000 | t=2.96e+02 | T=7347.5 | a=1.007146 | H=2.41e-05 | 583.5 steps/s | 1.71 ms/step | ETA: 28352.5 min
Step 7425000/1000000000 | t=2.97e+02 | T=7347.3 | a=1.007170 | H=2.41e-05 | 583.5 steps/s | 1.71 ms/step | ETA: 28350.2 min
Step 7450000/1000000000 | t=2.98e+02 | T=7347.1 | a=1.007195 | H=2.41e-05 | 583.5 steps/s | 1.71 ms/step | ETA: 28348.7 min
Step 7475000/1000000000 | t=2.99e+02 | T=7347.0 | a=1.007219 | H=2.41e-05 | 583.6 steps/s | 1.71 ms/step | ETA: 28346.1 min
Step 7500000/1000000000 | t=3.00e+02 | T=7346.8 | a=1.007243 | H=2.41e-05 | 583.6 steps/s | 1.71 ms/step | ETA: 28345.7 min
Step 7525000/1000000000 | t=3.01e+02 | T=7346.6 | a=1.007267 | H=2.41e-05 | 583.6 steps/s | 1.71 ms/step | ETA: 28345.0 min
Step 7550000/1000000000 | t=3.02e+02 | T=7346.4 | a=1.007291 | H=2.41e-05 | 583.6 steps/s | 1.71 ms/step | ETA: 28343.1 min
Step 7575000/1000000000 | t=3.03e+02 | T=7346.3 | a=1.007316 | H=2.41e-05 | 583.6 steps/s | 1.71 ms/step | ETA: 28341.8 min
Step 7600000/1000000000 | t=3.04e+02 | T=7346.1 | a=1.007340 | H=2.41e-05 | 583.6 steps/s | 1.71 ms/step | ETA: 28340.6 min
Step 7625000/1000000000 | t=3.05e+02 | T=7345.9 | a=1.007364 | H=2.41e-05 | 583.6 steps/s | 1.71 ms/step | ETA: 28338.9 min
Step 7650000/1000000000 | t=3.06e+02 | T=7345.7 | a=1.007388 | H=2.41e-05 | 583.7 steps/s | 1.71 ms/step | ETA: 28336.3 min
Step 7675000/1000000000 | t=3.07e+02 | T=7345.6 | a=1.007413 | H=2.41e-05 | 583.7 steps/s | 1.71 ms/step | ETA: 28334.9 min
Step 7700000/1000000000 | t=3.08e+02 | T=7345.4 | a=1.007437 | H=2.41e-05 | 583.7 steps/s | 1.71 ms/step | ETA: 28333.2 min
Step 7725000/1000000000 | t=3.09e+02 | T=7345.2 | a=1.007461 | H=2.41e-05 | 583.7 steps/s | 1.71 ms/step | ETA: 28332.4 min
Step 7750000/1000000000 | t=3.10e+02 | T=7345.0 | a=1.007485 | H=2.41e-05 | 583.7 steps/s | 1.71 ms/step | ETA: 28331.1 min
Step 7775000/1000000000 | t=3.11e+02 | T=7344.8 | a=1.007510 | H=2.41e-05 | 583.7 steps/s | 1.71 ms/step | ETA: 28330.7 min
Step 7800000/1000000000 | t=3.12e+02 | T=7344.7 | a=1.007534 | H=2.41e-05 | 583.7 steps/s | 1.71 ms/step | ETA: 28329.9 min
Step 7825000/1000000000 | t=3.13e+02 | T=7344.5 | a=1.007558 | H=2.41e-05 | 583.7 steps/s | 1.71 ms/step | ETA: 28328.0 min
Step 7850000/1000000000 | t=3.14e+02 | T=7344.3 | a=1.007582 | H=2.41e-05 | 583.8 steps/s | 1.71 ms/step | ETA: 28326.0 min
Step 7875000/1000000000 | t=3.15e+02 | T=7344.1 | a=1.007607 | H=2.41e-05 | 583.8 steps/s | 1.71 ms/step | ETA: 28324.7 min
Step 7900000/1000000000 | t=3.16e+02 | T=7344.0 | a=1.007631 | H=2.41e-05 | 583.8 steps/s | 1.71 ms/step | ETA: 28324.0 min
Step 7925000/1000000000 | t=3.17e+02 | T=7343.8 | a=1.007655 | H=2.41e-05 | 583.8 steps/s | 1.71 ms/step | ETA: 28322.1 min
Step 7950000/1000000000 | t=3.18e+02 | T=7343.6 | a=1.007679 | H=2.41e-05 | 583.8 steps/s | 1.71 ms/step | ETA: 28320.7 min
Step 7975000/1000000000 | t=3.19e+02 | T=7343.4 | a=1.007703 | H=2.41e-05 | 583.8 steps/s | 1.71 ms/step | ETA: 28320.3 min
Step 8000000/1000000000 | t=3.20e+02 | T=7343.3 | a=1.007728 | H=2.41e-05 | 583.8 steps/s | 1.71 ms/step | ETA: 28319.3 min
Step 8025000/1000000000 | t=3.21e+02 | T=7343.1 | a=1.007752 | H=2.41e-05 | 583.8 steps/s | 1.71 ms/step | ETA: 28317.9 min
Step 8050000/1000000000 | t=3.22e+02 | T=7342.9 | a=1.007776 | H=2.41e-05 | 583.9 steps/s | 1.71 ms/step | ETA: 28316.0 min
Step 8075000/1000000000 | t=3.23e+02 | T=7342.7 | a=1.007800 | H=2.41e-05 | 583.8 steps/s | 1.71 ms/step | ETA: 28315.9 min
Step 8100000/1000000000 | t=3.24e+02 | T=7342.5 | a=1.007825 | H=2.41e-05 | 583.8 steps/s | 1.71 ms/step | ETA: 28315.5 min
Step 8125000/1000000000 | t=3.25e+02 | T=7342.4 | a=1.007849 | H=2.41e-05 | 583.8 steps/s | 1.71 ms/step | ETA: 28315.0 min
Step 8150000/1000000000 | t=3.26e+02 | T=7342.2 | a=1.007873 | H=2.41e-05 | 583.9 steps/s | 1.71 ms/step | ETA: 28313.4 min
Step 8175000/1000000000 | t=3.27e+02 | T=7342.0 | a=1.007897 | H=2.41e-05 | 583.9 steps/s | 1.71 ms/step | ETA: 28311.3 min
Step 8200000/1000000000 | t=3.28e+02 | T=7341.8 | a=1.007922 | H=2.41e-05 | 583.9 steps/s | 1.71 ms/step | ETA: 28310.2 min
Step 8225000/1000000000 | t=3.29e+02 | T=7341.7 | a=1.007946 | H=2.41e-05 | 583.9 steps/s | 1.71 ms/step | ETA: 28310.0 min
Step 8250000/1000000000 | t=3.30e+02 | T=7341.5 | a=1.007970 | H=2.41e-05 | 536.1 steps/s | 1.87 ms/step | ETA: 30831.2 min
Step 8275000/1000000000 | t=3.31e+02 | T=7341.3 | a=1.007994 | H=2.41e-05 | 536.3 steps/s | 1.86 ms/step | ETA: 30821.9 min

!!!!!!!!!!!!!!!!!!!!!!!!!!!!!!!!!!!!!!!!!!!!!!!!!!!!!!!!!!!!
DIVERGENCE DETECTED at step 8300000 (t_phys=3.320000e+02)
  NaN sites: phi=0/262144, pi=0/262144
  |phi|_max = 1.0000e+11
  Finite phi: [-1.0000e+11, -1.0000e+11]
  Finite pi:  [-2.5836e+05, 2.6872e+05]
  noise_scale = 4.693474e-03
  eta_eff = 3.000722e-04, T = 7341.1, inv_a2 = 0.9841535382
!!!!!!!!!!!!!!!!!!!!!!!!!!!!!!!!!!!!!!!!!!!!!!!!!!!!!!!!!!!!
  Debug state saved: data/set6/64x64x64_T0_7400_dx_0.0002_dtphys_4e-05_interval_25000_3D_hubble_eta_0.3/field_states/state_step_0008300000_NaN_debug.npz
  ABORTING simulation.

============================================================
SIMULATION FINISHED!
============================================================

Timing:
  Total time: 257.89 minutes (15473.2 seconds)
  Average: 64627.9 steps/second
  Time per step: 0.015 ms

Simulation Parameters:
  Grid: 64×64×64
  Total steps: 1,000,000,000
  Initial temperature: 7400.0
  Cooling rate: 0.001
  dx_phys: 0.0002
  dt_phys: 4e-05

Optimizations Used:
  Single-pass fused RK2: True
  Fused RK2: True
  Vprime table: True (size=16384)
  In-kernel RNG: True
  Field precision: float32
  Spline resolution (N_Y): 256
  Numba threads: 11

Output:
  Snapshots saved: data/set6/64x64x64_T0_7400_dx_0.0002_dtphys_4e-05_interval_25000_3D_hubble_eta_0.3
  Snapshot interval: every 25000 steps
  Total snapshots: 40000

Completed: 2026-02-22 13:08:29

Metadata saved to: data/set6/64x64x64_T0_7400_dx_0.0002_dtphys_4e-05_interval_25000_3D_hubble_eta_0.3/simulation_metadata.npz
Field states saved to: data/set6/64x64x64_T0_7400_dx_0.0002_dtphys_4e-05_interval_25000_3D_hubble_eta_0.3/field_states/
Use revisualize_snapshots.py to replot with different settings
============================================================
