======================================================================
LATTICE SIMULATION LOG
Started: 2026-03-03 08:27:02
Log file: logs/simulation_20260303_082702.log
======================================================================

Numba Configuration:
  Version: 0.63.1
  Threading layer: default
  Configured threads: 11
  Active threads: 11
----------------------------------------------------------------------

Time step: dt_phys = 2.50e-03, dt (rescaled) = 2.5000e+00
  CFL limit: dt_CFL = 5.7735 (rescaled)
  dt/dt_CFL = 4.3301e-01 (SAFE)

Hubble expansion: ENABLED (comoving lattice)
  g_* = 106.75, M_Pl = 2.40e+18 GeV, ΔV = 1.00e+28 GeV^4
  H² = (T⁴/χ_g² + ΔV) / (3 M_Pl²)
  H(T0=7405.0) = 2.4056e-05 GeV
  3H = 7.2169e-05 GeV
  η_phys = 1000 GeV  →  3H/η = 7.22e-08
  T(t) = T0 / a(t)  (entropy conservation)
  Initial a = 1.0
Field precision: float32
Tree-level VEV: ±1.0000e+11
Couplings: boson=1.09, fermion=1.09

Finding thermal VEV at T = 7405.0...
  V'(0) = 1.7462e-06
  V'(VEV) = 7.3073e-31
  Thermal VEV found: 1.0000e+11
  Ratio thermal/tree: 1.0000

Finding escape point...
  V'(1e-10) = 1.7462e-06
  V'(1e0)   = 1.7462e+04
  V'(1e5)   = -9.9981e+10
  V'(1e8)   = -1.0000e+14
  V'(1e10)  = -9.9000e+15
  Barrier found between 2.2355e+03 and 2.3518e+03
  Barrier top at: 2.2423e+03
  Escape point: 2.4665e+03
  V'(escape) = -9.4263e+06 (should be < 0)

Using TREE-LEVEL VEV for seeding: 1.0000e+11
The bubble is seeded at the true vacuum (no rolling needed).
Bubble seeding: DISABLED (thermal nucleation only)
Field states will be saved to: data/set6/256x256x256_T0_7405_dx_0.01_dtphys_0.0025_interval_4000_3D_hubble_eta_1000_gb_1.09_gf_1.09_rk2_fused_inline/field_states
Figures will be saved to: data/set6/256x256x256_T0_7405_dx_0.01_dtphys_0.0025_interval_4000_3D_hubble_eta_1000_gb_1.09_gf_1.09_rk2_fused_inline/figs/latticeSnapshot

--resume specified but no checkpoints found. Starting from scratch.

============================================================
Starting time evolution...
Grid: 256×256×256, Steps: 1500000, dt: 2.50e+00
Integrator: rk2_fused_inline
Using Vprime lookup table: False (size=16384)
Using in-kernel RNG: True
Field precision: float32
Spline resolution N_Y: 256
Bubble seeding: DISABLED
Thermal noise: ENABLED (FDT noise_scale(T0) = 1.9242e+02)
Overdamped mode: DISABLED (η = 1000)
Hubble expansion: ENABLED
  H(T0) = 2.4056e-05 GeV, 3H/η = 7.22e-08
  g_* = 106.75, M_Pl = 2.40e+18 GeV
============================================================

Warming up JIT compilation...
JIT warmup complete.
Starting main loop...

Dense snapshots: enabled (threshold=50000.0, interval=5)
Step 0/1500000 | t=0.00e+00 | T=7405.0 | a=1.000000 | H=2.41e-05 | 4.8 steps/s | 208.45 ms/step | ETA: 5211.2 min

*** phi threshold exceeded: max|phi|=270364.7 > 50000.0
*** Switching to dense snapshots: every 5 steps

Step 5/1500000 | t=1.25e-02 | T=7405.0 | a=1.000000 | H=2.41e-05 | 1.2 steps/s | 867.01 ms/step | ETA: 21675.1 min
Step 10/1500000 | t=2.50e-02 | T=7405.0 | a=1.000001 | H=2.41e-05 | 1.4 steps/s | 734.99 ms/step | ETA: 18374.7 min
Step 15/1500000 | t=3.75e-02 | T=7405.0 | a=1.000001 | H=2.41e-05 | 1.5 steps/s | 668.18 ms/step | ETA: 16704.4 min
Step 20/1500000 | t=5.00e-02 | T=7405.0 | a=1.000001 | H=2.41e-05 | 1.6 steps/s | 644.80 ms/step | ETA: 16119.9 min
Step 25/1500000 | t=6.25e-02 | T=7405.0 | a=1.000002 | H=2.41e-05 | 1.8 steps/s | 565.69 ms/step | ETA: 14141.9 min
Step 30/1500000 | t=7.50e-02 | T=7405.0 | a=1.000002 | H=2.41e-05 | 2.0 steps/s | 510.03 ms/step | ETA: 12750.4 min
