======================================================================
LATTICE SIMULATION LOG
Started: 2026-01-15 23:05:40
Log file: logs/simulation_20260115_230540.log
======================================================================

Numba Configuration:
  Version: 0.63.1
  Threading layer: default
  Configured threads: 11
  Active threads: 11
----------------------------------------------------------------------
Field precision: float32
Field states will be saved to: data/set6/T0_7350_dt_1e-05_a_0.001_interval_1000000/field_states
Figures will be saved to: data/set6/T0_7350_dt_1e-05_a_0.001_interval_1000000/figs/latticeSnapshot

============================================================
Starting time evolution...
Grid: 128×128, Steps: 100000000, dt: 1.00e-05
Using fused RK2: True
Using in-kernel RNG: True
Field precision: float32
Spline resolution N_Y: 256
============================================================

Warming up JIT compilation...
JIT warmup complete. Starting main loop...

Step 0/100000000 | t=0.00e+00 | T=7350.0 | 476.0 steps/s | 0.00 ms/step | ETA: 0.0 min
Step 1000000/100000000 | t=1.00e-02 | T=7350.0 | 1287.5 steps/s | 0.78 ms/step | ETA: 1281.6 min
Step 2000000/100000000 | t=2.00e-02 | T=7350.0 | 1329.3 steps/s | 0.75 ms/step | ETA: 1228.7 min
Step 3000000/100000000 | t=3.00e-02 | T=7350.0 | 1311.0 steps/s | 0.76 ms/step | ETA: 1233.1 min
Step 4000000/100000000 | t=4.00e-02 | T=7350.0 | 1309.6 steps/s | 0.76 ms/step | ETA: 1221.7 min
Step 5000000/100000000 | t=5.00e-02 | T=7349.9 | 1272.5 steps/s | 0.79 ms/step | ETA: 1244.2 min
Step 6000000/100000000 | t=6.00e-02 | T=7349.9 | 1252.0 steps/s | 0.80 ms/step | ETA: 1251.3 min
