======================================================================
LATTICE SIMULATION LOG
Started: 2026-01-15 14:49:42
Log file: logs/simulation_20260115_144942.log
======================================================================

Numba Configuration:
  Version: 0.63.1
  Threading layer: default
  Configured threads: 11
  Active threads: 11
----------------------------------------------------------------------
Field precision: float32

============================================================
Starting time evolution...
Grid: 128×128, Steps: 100000000, dt: 1.00e-05
Using fused RK2: True
Using in-kernel RNG: True
Field precision: float32
Spline resolution N_Y: 256
============================================================

Warming up JIT compilation...
JIT warmup complete. Starting main loop...

Step 0/100000000 | t=0.00e+00 | T=7330.0 | 1677.7 steps/s | 0.00 ms/step | ETA: 0.0 min
Step 1000000/100000000 | t=1.00e-02 | T=7330.0 | 1570.0 steps/s | 0.64 ms/step | ETA: 1051.0 min
Step 2000000/100000000 | t=2.00e-02 | T=7330.0 | 1412.6 steps/s | 0.71 ms/step | ETA: 1156.3 min
Step 3000000/100000000 | t=3.00e-02 | T=7330.0 | 1350.6 steps/s | 0.74 ms/step | ETA: 1197.0 min
Step 4000000/100000000 | t=4.00e-02 | T=7330.0 | 1325.4 steps/s | 0.75 ms/step | ETA: 1207.2 min
Step 5000000/100000000 | t=5.00e-02 | T=7329.9 | 1309.6 steps/s | 0.76 ms/step | ETA: 1209.0 min
Step 6000000/100000000 | t=6.00e-02 | T=7329.9 | 1290.5 steps/s | 0.77 ms/step | ETA: 1214.0 min
Step 7000000/100000000 | t=7.00e-02 | T=7329.9 | 1262.6 steps/s | 0.79 ms/step | ETA: 1227.6 min
