======================================================================
LATTICE SIMULATION LOG
Started: 2026-02-25 16:11:29
Log file: logs/simulation_20260225_161129.log
======================================================================

Numba Configuration:
  Version: 0.63.1
  Threading layer: default
  Configured threads: 11
  Active threads: 11
----------------------------------------------------------------------

*** eta_phys = 5000 > 100.0: auto-selecting OVERDAMPED (first-order Langevin) integrator ***


Time step: dt_phys = 5.00e-04, dt (rescaled) = 5.0000e-01
  Overdamped CFL limit (diffusive): dt_CFL = 0.8333 (rescaled)
  dt/dt_CFL = 6.0000e-01 (SAFE)

Hubble expansion: ENABLED (comoving lattice)
  g_* = 106.75, M_Pl = 2.40e+18 GeV, ΔV = 1.00e+28 GeV^4
  H² = (T⁴/χ_g² + ΔV) / (3 M_Pl²)
  H(T0=7420.0) = 2.4056e-05 GeV
  3H = 7.2169e-05 GeV
  η_phys = 5000 GeV  →  3H/η = 1.44e-08
  T(t) = T0 / a(t)  (entropy conservation)
  Initial a = 1.0
Field precision: float32
Tree-level VEV: ±1.0000e+11

Finding thermal VEV at T = 7420.0...
  V'(0) = 2.1657e-06
  V'(VEV) = 7.3518e-31
  Thermal VEV found: 1.0000e+11
  Ratio thermal/tree: 1.0000

Finding escape point...
  V'(1e-10) = 2.1657e-06
  V'(1e0)   = 2.1657e+04
  V'(1e5)   = -9.9980e+10
  V'(1e8)   = -1.0000e+14
  V'(1e10)  = -9.9000e+15
  Barrier found between 2.4742e+03 and 2.6030e+03
  Barrier top at: 2.4872e+03
  Escape point: 2.7359e+03
  V'(escape) = -1.2997e+07 (should be < 0)

Using TREE-LEVEL VEV for seeding: 1.0000e+11
The bubble is seeded at the true vacuum (no rolling needed).
Bubble seeding: DISABLED (thermal nucleation only)
Field states will be saved to: data/set6/256x256x256_T0_7420_dx_0.001_dtphys_0.0005_interval_1000_3D_hubble_eta_5000_OD_overdamped/field_states
Figures will be saved to: data/set6/256x256x256_T0_7420_dx_0.001_dtphys_0.0005_interval_1000_3D_hubble_eta_5000_OD_overdamped/figs/latticeSnapshot

============================================================
Starting time evolution...
Grid: 256×256×256, Steps: 10000000000, dt: 5.00e-01
Integrator: overdamped
Using Vprime lookup table: True (size=16384)
Using in-kernel RNG: True
Field precision: float32
Spline resolution N_Y: 256
Bubble seeding: DISABLED
Thermal noise: ENABLED (overdamped FDT noise_scale(T0) = 1.2182e+03)
Overdamped (first-order) Langevin: ENABLED (η = 5000, Heun method)
  No momentum (pi) — pure dissipative dynamics
Hubble expansion: ENABLED
  H(T0) = 2.4056e-05 GeV, 3H/η = 1.44e-08
  g_* = 106.75, M_Pl = 2.40e+18 GeV
============================================================

Warming up JIT compilation...
JIT warmup complete.
Starting main loop...

Dense snapshots: enabled (threshold=20000.0, interval=100)
Step 0/10000000000 | t=0.00e+00 | T=7420.0 | a=1.000000 | H=2.41e-05 | 4.1 steps/s | 246.48 ms/step | ETA: 41080315.9 min
Step 1000/10000000000 | t=5.00e-01 | T=7419.9 | a=1.000012 | H=2.41e-05 | 12.0 steps/s | 83.43 ms/step | ETA: 13904645.8 min

*** phi threshold exceeded: max|phi|=21679.9 > 20000.0
*** Switching to dense snapshots: every 100 steps

Step 1500/10000000000 | t=7.50e-01 | T=7419.9 | a=1.000018 | H=2.41e-05 | 11.6 steps/s | 86.42 ms/step | ETA: 14403526.4 min
Step 1600/10000000000 | t=8.00e-01 | T=7419.9 | a=1.000019 | H=2.41e-05 | 11.4 steps/s | 87.64 ms/step | ETA: 14606449.8 min
Step 1700/10000000000 | t=8.50e-01 | T=7419.8 | a=1.000020 | H=2.41e-05 | 11.3 steps/s | 88.21 ms/step | ETA: 14702464.3 min
Step 1800/10000000000 | t=9.00e-01 | T=7419.8 | a=1.000022 | H=2.41e-05 | 11.4 steps/s | 87.75 ms/step | ETA: 14624787.1 min
Step 1900/10000000000 | t=9.50e-01 | T=7419.8 | a=1.000023 | H=2.41e-05 | 11.5 steps/s | 87.33 ms/step | ETA: 14555727.2 min
Step 2000/10000000000 | t=1.00e+00 | T=7419.8 | a=1.000024 | H=2.41e-05 | 11.5 steps/s | 86.87 ms/step | ETA: 14478197.8 min
Step 2100/10000000000 | t=1.05e+00 | T=7419.8 | a=1.000025 | H=2.41e-05 | 11.6 steps/s | 86.43 ms/step | ETA: 14405190.4 min
Step 2200/10000000000 | t=1.10e+00 | T=7419.8 | a=1.000026 | H=2.41e-05 | 11.6 steps/s | 86.02 ms/step | ETA: 14336741.3 min
Step 2300/10000000000 | t=1.15e+00 | T=7419.8 | a=1.000028 | H=2.41e-05 | 11.7 steps/s | 85.65 ms/step | ETA: 14274807.9 min
Step 2400/10000000000 | t=1.20e+00 | T=7419.8 | a=1.000029 | H=2.41e-05 | 11.7 steps/s | 85.27 ms/step | ETA: 14211035.1 min
Step 2500/10000000000 | t=1.25e+00 | T=7419.8 | a=1.000030 | H=2.41e-05 | 11.8 steps/s | 84.91 ms/step | ETA: 14151822.6 min
Step 2600/10000000000 | t=1.30e+00 | T=7419.8 | a=1.000031 | H=2.41e-05 | 11.8 steps/s | 84.62 ms/step | ETA: 14103099.2 min
Step 2700/10000000000 | t=1.35e+00 | T=7419.8 | a=1.000032 | H=2.41e-05 | 11.8 steps/s | 84.45 ms/step | ETA: 14074392.7 min
Step 2800/10000000000 | t=1.40e+00 | T=7419.8 | a=1.000034 | H=2.41e-05 | 11.9 steps/s | 84.32 ms/step | ETA: 14053416.3 min
Step 2900/10000000000 | t=1.45e+00 | T=7419.7 | a=1.000035 | H=2.41e-05 | 11.9 steps/s | 84.09 ms/step | ETA: 14015533.5 min
Step 3000/10000000000 | t=1.50e+00 | T=7419.7 | a=1.000036 | H=2.41e-05 | 11.9 steps/s | 83.89 ms/step | ETA: 13981836.4 min
Step 3100/10000000000 | t=1.55e+00 | T=7419.7 | a=1.000037 | H=2.41e-05 | 12.0 steps/s | 83.68 ms/step | ETA: 13945841.6 min
Step 3200/10000000000 | t=1.60e+00 | T=7419.7 | a=1.000039 | H=2.41e-05 | 12.0 steps/s | 83.47 ms/step | ETA: 13911256.2 min
Step 3300/10000000000 | t=1.65e+00 | T=7419.7 | a=1.000040 | H=2.41e-05 | 12.0 steps/s | 83.31 ms/step | ETA: 13885216.2 min
Step 3400/10000000000 | t=1.70e+00 | T=7419.7 | a=1.000041 | H=2.41e-05 | 12.0 steps/s | 83.13 ms/step | ETA: 13854676.9 min
Step 3500/10000000000 | t=1.75e+00 | T=7419.7 | a=1.000042 | H=2.41e-05 | 12.1 steps/s | 82.94 ms/step | ETA: 13823620.2 min
Step 3600/10000000000 | t=1.80e+00 | T=7419.7 | a=1.000043 | H=2.41e-05 | 12.1 steps/s | 82.82 ms/step | ETA: 13803404.5 min
Step 3700/10000000000 | t=1.85e+00 | T=7419.7 | a=1.000045 | H=2.41e-05 | 12.1 steps/s | 82.72 ms/step | ETA: 13786424.2 min
Step 3800/10000000000 | t=1.90e+00 | T=7419.7 | a=1.000046 | H=2.41e-05 | 12.1 steps/s | 82.60 ms/step | ETA: 13766056.1 min
Step 3900/10000000000 | t=1.95e+00 | T=7419.7 | a=1.000047 | H=2.41e-05 | 12.1 steps/s | 82.44 ms/step | ETA: 13740489.2 min
Step 4000/10000000000 | t=2.00e+00 | T=7419.6 | a=1.000048 | H=2.41e-05 | 12.1 steps/s | 82.35 ms/step | ETA: 13724669.8 min
Step 4100/10000000000 | t=2.05e+00 | T=7419.6 | a=1.000049 | H=2.41e-05 | 12.2 steps/s | 82.23 ms/step | ETA: 13704523.9 min
Step 4200/10000000000 | t=2.10e+00 | T=7419.6 | a=1.000051 | H=2.41e-05 | 12.2 steps/s | 82.10 ms/step | ETA: 13683042.7 min
Step 4300/10000000000 | t=2.15e+00 | T=7419.6 | a=1.000052 | H=2.41e-05 | 12.2 steps/s | 81.99 ms/step | ETA: 13664556.9 min
Step 4400/10000000000 | t=2.20e+00 | T=7419.6 | a=1.000053 | H=2.41e-05 | 12.2 steps/s | 81.90 ms/step | ETA: 13650035.7 min
Step 4500/10000000000 | t=2.25e+00 | T=7419.6 | a=1.000054 | H=2.41e-05 | 12.2 steps/s | 81.81 ms/step | ETA: 13634371.5 min
Step 4600/10000000000 | t=2.30e+00 | T=7419.6 | a=1.000055 | H=2.41e-05 | 12.2 steps/s | 81.77 ms/step | ETA: 13627727.0 min
Step 4700/10000000000 | t=2.35e+00 | T=7419.6 | a=1.000057 | H=2.41e-05 | 12.2 steps/s | 81.67 ms/step | ETA: 13611730.4 min
Step 4800/10000000000 | t=2.40e+00 | T=7419.6 | a=1.000058 | H=2.41e-05 | 12.3 steps/s | 81.57 ms/step | ETA: 13595575.5 min
Step 4900/10000000000 | t=2.45e+00 | T=7419.6 | a=1.000059 | H=2.41e-05 | 12.3 steps/s | 81.49 ms/step | ETA: 13581446.6 min
Step 5000/10000000000 | t=2.50e+00 | T=7419.6 | a=1.000060 | H=2.41e-05 | 12.3 steps/s | 81.55 ms/step | ETA: 13591672.5 min
Step 5100/10000000000 | t=2.55e+00 | T=7419.5 | a=1.000061 | H=2.41e-05 | 12.3 steps/s | 81.48 ms/step | ETA: 13579889.4 min
Step 5200/10000000000 | t=2.60e+00 | T=7419.5 | a=1.000063 | H=2.41e-05 | 12.3 steps/s | 81.51 ms/step | ETA: 13584656.0 min
Step 5300/10000000000 | t=2.65e+00 | T=7419.5 | a=1.000064 | H=2.41e-05 | 12.3 steps/s | 81.59 ms/step | ETA: 13598752.7 min
Step 5400/10000000000 | t=2.70e+00 | T=7419.5 | a=1.000065 | H=2.41e-05 | 12.3 steps/s | 81.51 ms/step | ETA: 13584723.3 min
Step 5500/10000000000 | t=2.75e+00 | T=7419.5 | a=1.000066 | H=2.41e-05 | 12.3 steps/s | 81.43 ms/step | ETA: 13572440.0 min
Step 5600/10000000000 | t=2.80e+00 | T=7419.5 | a=1.000067 | H=2.41e-05 | 12.3 steps/s | 81.43 ms/step | ETA: 13571654.7 min
Step 5700/10000000000 | t=2.85e+00 | T=7419.5 | a=1.000069 | H=2.41e-05 | 12.3 steps/s | 81.43 ms/step | ETA: 13572256.0 min
Step 5800/10000000000 | t=2.90e+00 | T=7419.5 | a=1.000070 | H=2.41e-05 | 12.3 steps/s | 81.49 ms/step | ETA: 13582331.1 min
Step 5900/10000000000 | t=2.95e+00 | T=7419.5 | a=1.000071 | H=2.41e-05 | 12.3 steps/s | 81.56 ms/step | ETA: 13594054.1 min
Step 6000/10000000000 | t=3.00e+00 | T=7419.5 | a=1.000072 | H=2.41e-05 | 12.3 steps/s | 81.50 ms/step | ETA: 13583476.0 min
Step 6100/10000000000 | t=3.05e+00 | T=7419.5 | a=1.000073 | H=2.41e-05 | 12.3 steps/s | 81.45 ms/step | ETA: 13574586.8 min
Step 6200/10000000000 | t=3.10e+00 | T=7419.4 | a=1.000075 | H=2.41e-05 | 12.3 steps/s | 81.37 ms/step | ETA: 13561846.6 min
Step 6300/10000000000 | t=3.15e+00 | T=7419.4 | a=1.000076 | H=2.41e-05 | 12.3 steps/s | 81.31 ms/step | ETA: 13551468.8 min
Step 6400/10000000000 | t=3.20e+00 | T=7419.4 | a=1.000077 | H=2.41e-05 | 12.3 steps/s | 81.26 ms/step | ETA: 13542678.7 min
Step 6500/10000000000 | t=3.25e+00 | T=7419.4 | a=1.000078 | H=2.41e-05 | 12.3 steps/s | 81.20 ms/step | ETA: 13533702.4 min
Step 6600/10000000000 | t=3.30e+00 | T=7419.4 | a=1.000079 | H=2.41e-05 | 12.3 steps/s | 81.20 ms/step | ETA: 13533664.5 min
Step 6700/10000000000 | t=3.35e+00 | T=7419.4 | a=1.000081 | H=2.41e-05 | 12.3 steps/s | 81.34 ms/step | ETA: 13555925.9 min
Step 6800/10000000000 | t=3.40e+00 | T=7419.4 | a=1.000082 | H=2.41e-05 | 12.3 steps/s | 81.30 ms/step | ETA: 13550135.0 min
Step 6900/10000000000 | t=3.45e+00 | T=7419.4 | a=1.000083 | H=2.41e-05 | 12.3 steps/s | 81.30 ms/step | ETA: 13549855.5 min
