======================================================================
LATTICE SIMULATION LOG
Started: 2026-02-21 23:48:57
Log file: logs/simulation_20260221_234857.log
======================================================================

Numba Configuration:
  Version: 0.63.1
  Threading layer: default
  Configured threads: 11
  Active threads: 11
----------------------------------------------------------------------

Time step: dt_phys = 1.00e-04, dt (rescaled) = 1.0000e-01
  CFL limit: dt_CFL = 2.8868 (rescaled)
  dt/dt_CFL = 3.4641e-02 (SAFE)

Hubble expansion: ENABLED (comoving lattice)
  g_* = 106.75, M_Pl = 2.40e+18 GeV, ΔV = 1.00e+28 GeV^4
  H² = (T⁴/χ_g² + ΔV) / (3 M_Pl²)
  H(T0=7347.0) = 2.4056e-05 GeV
  3H = 7.2169e-05 GeV
  η_phys = 0.3 GeV  →  3H/η = 2.41e-04
  T(t) = T0 / a(t)  (entropy conservation)
  Initial a = 1.0
Field precision: float32
Tree-level VEV: ±1.0000e+11

Finding thermal VEV at T = 7347.0...
  V'(0) = 1.3233e-07
  V'(VEV) = 7.1369e-31
  Thermal VEV found: 1.0000e+11
  Ratio thermal/tree: 1.0000

Finding escape point...
  V'(1e-10) = 1.3233e-07
  V'(1e0)   = 1.3233e+03
  V'(1e5)   = -9.9983e+10
  V'(1e8)   = -1.0000e+14
  V'(1e10)  = -9.9000e+15
  Barrier found between 6.2876e+02 and 6.6149e+02
  Barrier top at: 6.3161e+02
  Escape point: 6.9477e+02
  V'(escape) = -1.9428e+05 (should be < 0)

Using TREE-LEVEL VEV for seeding: 1.0000e+11
The bubble is seeded at the true vacuum (no rolling needed).
Bubble seeding: DISABLED (thermal nucleation only)
Field states will be saved to: data/set6/128x128x128_T0_7347_dx_0.005_dtphys_0.0001_interval_500_3D_hubble_eta_0.3/field_states
Figures will be saved to: data/set6/128x128x128_T0_7347_dx_0.005_dtphys_0.0001_interval_500_3D_hubble_eta_0.3/figs/latticeSnapshot

============================================================
Starting time evolution...
Grid: 128×128×128, Steps: 550, dt: 1.00e-01
Integrator: BAOAB (2 passes/step, table V')
Using Vprime lookup table: True (size=16384)
Using in-kernel RNG: True
Field precision: float32
Spline resolution N_Y: 256
Bubble seeding: DISABLED
Thermal noise: ENABLED (FDT noise_scale(T0) = 5.9385e-05)
Overdamped mode: DISABLED (η = 0.3)
Hubble expansion: ENABLED
  H(T0) = 2.4056e-05 GeV, 3H/η = 2.41e-04
  g_* = 106.75, M_Pl = 2.40e+18 GeV
============================================================

Warming up JIT compilation...
JIT warmup complete.
Starting main loop...

Step 0/550 | t=0.00e+00 | T=7347.0 | a=1.000000 | H=2.41e-05 | 5.6 steps/s | 179.54 ms/step | ETA: 1.6 min
Step 500/550 | t=5.00e-02 | T=7347.0 | a=1.000001 | H=2.41e-05 | 62.6 steps/s | 15.98 ms/step | ETA: 0.0 min

============================================================
SIMULATION FINISHED!
============================================================

Timing:
  Total time: 0.16 minutes (9.8 seconds)
  Average: 56.0 steps/second
  Time per step: 17.845 ms

Simulation Parameters:
  Grid: 128×128×128
  Total steps: 550
  Initial temperature: 7347.0
  Cooling rate: 0.001
  dx_phys: 0.005
  dt_phys: 0.0001

Optimizations Used:
  Integrator: BAOAB (2 passes/step, cache-blocked)
  Vprime table: True (size=16384)
  In-kernel RNG: True
  Field precision: float32
  Spline resolution (N_Y): 256
  Numba threads: 11

Output:
  Snapshots saved: data/set6/128x128x128_T0_7347_dx_0.005_dtphys_0.0001_interval_500_3D_hubble_eta_0.3
  Snapshot interval: every 500 steps
  Total snapshots: 1

Completed: 2026-02-21 23:49:09

Metadata saved to: data/set6/128x128x128_T0_7347_dx_0.005_dtphys_0.0001_interval_500_3D_hubble_eta_0.3/simulation_metadata.npz
Field states saved to: data/set6/128x128x128_T0_7347_dx_0.005_dtphys_0.0001_interval_500_3D_hubble_eta_0.3/field_states/
Use revisualize_snapshots.py to replot with different settings
============================================================
