======================================================================
LATTICE SIMULATION LOG
Started: 2026-02-22 15:00:14
Log file: logs/simulation_20260222_150014.log
======================================================================

Numba Configuration:
  Version: 0.63.1
  Threading layer: default
  Configured threads: 11
  Active threads: 11
----------------------------------------------------------------------

Time step: dt_phys = 4.00e-05, dt (rescaled) = 4.0000e-02
  CFL limit: dt_CFL = 0.1155 (rescaled)
  dt/dt_CFL = 3.4641e-01 (SAFE)

Hubble expansion: ENABLED (comoving lattice)
  g_* = 106.75, M_Pl = 2.40e+18 GeV, ΔV = 1.00e+28 GeV^4
  H² = (T⁴/χ_g² + ΔV) / (3 M_Pl²)
  H(T0=7400.0) = 2.4056e-05 GeV
  3H = 7.2169e-05 GeV
  η_phys = 0.3 GeV  →  3H/η = 2.41e-04
  T(t) = T0 / a(t)  (entropy conservation)
  Initial a = 1.0
Field precision: float32
Tree-level VEV: ±1.0000e+11

Finding thermal VEV at T = 7400.0...
  V'(0) = 1.6066e-06
  V'(VEV) = 7.2925e-31
  Thermal VEV found: 1.0000e+11
  Ratio thermal/tree: 1.0000

Finding escape point...
  V'(1e-10) = 1.6066e-06
  V'(1e0)   = 1.6066e+04
  V'(1e5)   = -9.9981e+10
  V'(1e8)   = -1.0000e+14
  V'(1e10)  = -9.9000e+15
  Barrier found between 2.1249e+03 and 2.2355e+03
  Barrier top at: 2.1539e+03
  Escape point: 2.3693e+03
  V'(escape) = -8.3211e+06 (should be < 0)

Using TREE-LEVEL VEV for seeding: 1.0000e+11
The bubble is seeded at the true vacuum (no rolling needed).
Bubble seeding: DISABLED (thermal nucleation only)
Field states will be saved to: data/set6/64x64x64_T0_7400_dx_0.0002_dtphys_4e-05_interval_10000_3D_hubble_eta_0.3/field_states
Figures will be saved to: data/set6/64x64x64_T0_7400_dx_0.0002_dtphys_4e-05_interval_10000_3D_hubble_eta_0.3/figs/latticeSnapshot

--resume specified but no checkpoints found. Starting from scratch.

============================================================
Starting time evolution...
Grid: 64×64×64, Steps: 1000000000, dt: 4.00e-02
Integrator: RK2 (4 passes/step)
  Single-pass fused: True
  Fused RK2: True
Using Vprime lookup table: True (size=16384)
Using in-kernel RNG: True
Field precision: float32
Spline resolution N_Y: 256
Bubble seeding: DISABLED
Thermal noise: ENABLED (FDT noise_scale(T0) = 1.4900e+02)
Overdamped mode: DISABLED (η = 0.3)
Hubble expansion: ENABLED
  H(T0) = 2.4056e-05 GeV, 3H/η = 2.41e-04
  g_* = 106.75, M_Pl = 2.40e+18 GeV
============================================================

Warming up JIT compilation...
JIT warmup complete.
Starting main loop...

Step 0/1000000000 | t=0.00e+00 | T=7400.0 | a=1.000000 | H=2.41e-05 | 9.1 steps/s | 110.10 ms/step | ETA: 1834964.8 min
Step 10000/1000000000 | t=4.00e-01 | T=7399.9 | a=1.000010 | H=2.41e-05 | 545.2 steps/s | 1.83 ms/step | ETA: 30567.8 min
Step 20000/1000000000 | t=8.00e-01 | T=7399.9 | a=1.000019 | H=2.41e-05 | 553.0 steps/s | 1.81 ms/step | ETA: 30135.5 min
Step 30000/1000000000 | t=1.20e+00 | T=7399.8 | a=1.000029 | H=2.41e-05 | 554.4 steps/s | 1.80 ms/step | ETA: 30061.0 min
Step 40000/1000000000 | t=1.60e+00 | T=7399.7 | a=1.000038 | H=2.41e-05 | 555.8 steps/s | 1.80 ms/step | ETA: 29987.9 min
Step 50000/1000000000 | t=2.00e+00 | T=7399.6 | a=1.000048 | H=2.41e-05 | 558.9 steps/s | 1.79 ms/step | ETA: 29819.8 min
Step 60000/1000000000 | t=2.40e+00 | T=7399.6 | a=1.000058 | H=2.41e-05 | 561.2 steps/s | 1.78 ms/step | ETA: 29697.3 min
Step 70000/1000000000 | t=2.80e+00 | T=7399.5 | a=1.000067 | H=2.41e-05 | 562.7 steps/s | 1.78 ms/step | ETA: 29615.3 min
Step 80000/1000000000 | t=3.20e+00 | T=7399.4 | a=1.000077 | H=2.41e-05 | 563.8 steps/s | 1.77 ms/step | ETA: 29558.2 min
Step 90000/1000000000 | t=3.60e+00 | T=7399.4 | a=1.000087 | H=2.41e-05 | 563.5 steps/s | 1.77 ms/step | ETA: 29572.9 min
Step 100000/1000000000 | t=4.00e+00 | T=7399.3 | a=1.000096 | H=2.41e-05 | 564.1 steps/s | 1.77 ms/step | ETA: 29540.4 min
Step 110000/1000000000 | t=4.40e+00 | T=7399.2 | a=1.000106 | H=2.41e-05 | 564.3 steps/s | 1.77 ms/step | ETA: 29531.8 min
Step 120000/1000000000 | t=4.80e+00 | T=7399.1 | a=1.000115 | H=2.41e-05 | 565.4 steps/s | 1.77 ms/step | ETA: 29473.8 min
Step 130000/1000000000 | t=5.20e+00 | T=7399.1 | a=1.000125 | H=2.41e-05 | 566.0 steps/s | 1.77 ms/step | ETA: 29445.1 min
Step 140000/1000000000 | t=5.60e+00 | T=7399.0 | a=1.000135 | H=2.41e-05 | 566.6 steps/s | 1.77 ms/step | ETA: 29413.2 min
Step 150000/1000000000 | t=6.00e+00 | T=7398.9 | a=1.000144 | H=2.41e-05 | 566.4 steps/s | 1.77 ms/step | ETA: 29422.9 min
Step 160000/1000000000 | t=6.40e+00 | T=7398.9 | a=1.000154 | H=2.41e-05 | 565.1 steps/s | 1.77 ms/step | ETA: 29488.2 min
Step 170000/1000000000 | t=6.80e+00 | T=7398.8 | a=1.000164 | H=2.41e-05 | 564.2 steps/s | 1.77 ms/step | ETA: 29537.0 min
Step 180000/1000000000 | t=7.20e+00 | T=7398.7 | a=1.000173 | H=2.41e-05 | 562.9 steps/s | 1.78 ms/step | ETA: 29604.2 min
Step 190000/1000000000 | t=7.60e+00 | T=7398.6 | a=1.000183 | H=2.41e-05 | 562.2 steps/s | 1.78 ms/step | ETA: 29639.3 min
Step 200000/1000000000 | t=8.00e+00 | T=7398.6 | a=1.000192 | H=2.41e-05 | 562.7 steps/s | 1.78 ms/step | ETA: 29613.5 min
Step 210000/1000000000 | t=8.40e+00 | T=7398.5 | a=1.000202 | H=2.41e-05 | 562.2 steps/s | 1.78 ms/step | ETA: 29637.1 min
Step 220000/1000000000 | t=8.80e+00 | T=7398.4 | a=1.000212 | H=2.41e-05 | 562.5 steps/s | 1.78 ms/step | ETA: 29623.3 min
Step 230000/1000000000 | t=9.20e+00 | T=7398.4 | a=1.000221 | H=2.41e-05 | 563.0 steps/s | 1.78 ms/step | ETA: 29597.9 min
Step 240000/1000000000 | t=9.60e+00 | T=7398.3 | a=1.000231 | H=2.41e-05 | 563.2 steps/s | 1.78 ms/step | ETA: 29583.4 min
Step 250000/1000000000 | t=1.00e+01 | T=7398.2 | a=1.000241 | H=2.41e-05 | 563.6 steps/s | 1.77 ms/step | ETA: 29565.3 min
Step 260000/1000000000 | t=1.04e+01 | T=7398.1 | a=1.000250 | H=2.41e-05 | 563.7 steps/s | 1.77 ms/step | ETA: 29557.2 min
Step 270000/1000000000 | t=1.08e+01 | T=7398.1 | a=1.000260 | H=2.41e-05 | 564.0 steps/s | 1.77 ms/step | ETA: 29545.0 min
Step 280000/1000000000 | t=1.12e+01 | T=7398.0 | a=1.000269 | H=2.41e-05 | 564.6 steps/s | 1.77 ms/step | ETA: 29511.7 min
Step 290000/1000000000 | t=1.16e+01 | T=7397.9 | a=1.000279 | H=2.41e-05 | 565.0 steps/s | 1.77 ms/step | ETA: 29491.9 min
Step 300000/1000000000 | t=1.20e+01 | T=7397.9 | a=1.000289 | H=2.41e-05 | 565.2 steps/s | 1.77 ms/step | ETA: 29480.8 min
Step 310000/1000000000 | t=1.24e+01 | T=7397.8 | a=1.000298 | H=2.41e-05 | 565.5 steps/s | 1.77 ms/step | ETA: 29463.0 min
Step 320000/1000000000 | t=1.28e+01 | T=7397.7 | a=1.000308 | H=2.41e-05 | 565.7 steps/s | 1.77 ms/step | ETA: 29454.2 min
Step 330000/1000000000 | t=1.32e+01 | T=7397.7 | a=1.000318 | H=2.41e-05 | 565.8 steps/s | 1.77 ms/step | ETA: 29446.1 min
Step 340000/1000000000 | t=1.36e+01 | T=7397.6 | a=1.000327 | H=2.41e-05 | 566.0 steps/s | 1.77 ms/step | ETA: 29437.4 min
Step 350000/1000000000 | t=1.40e+01 | T=7397.5 | a=1.000337 | H=2.41e-05 | 566.0 steps/s | 1.77 ms/step | ETA: 29437.9 min
Step 360000/1000000000 | t=1.44e+01 | T=7397.4 | a=1.000346 | H=2.41e-05 | 566.2 steps/s | 1.77 ms/step | ETA: 29424.2 min
Step 370000/1000000000 | t=1.48e+01 | T=7397.4 | a=1.000356 | H=2.41e-05 | 566.0 steps/s | 1.77 ms/step | ETA: 29436.8 min
Step 380000/1000000000 | t=1.52e+01 | T=7397.3 | a=1.000366 | H=2.41e-05 | 565.9 steps/s | 1.77 ms/step | ETA: 29439.1 min
Step 390000/1000000000 | t=1.56e+01 | T=7397.2 | a=1.000375 | H=2.41e-05 | 566.0 steps/s | 1.77 ms/step | ETA: 29432.4 min
Step 400000/1000000000 | t=1.60e+01 | T=7397.2 | a=1.000385 | H=2.41e-05 | 566.3 steps/s | 1.77 ms/step | ETA: 29419.0 min
Step 410000/1000000000 | t=1.64e+01 | T=7397.1 | a=1.000395 | H=2.41e-05 | 566.3 steps/s | 1.77 ms/step | ETA: 29416.9 min
Step 420000/1000000000 | t=1.68e+01 | T=7397.0 | a=1.000404 | H=2.41e-05 | 566.2 steps/s | 1.77 ms/step | ETA: 29424.3 min
Step 430000/1000000000 | t=1.72e+01 | T=7396.9 | a=1.000414 | H=2.41e-05 | 566.2 steps/s | 1.77 ms/step | ETA: 29422.7 min
Step 440000/1000000000 | t=1.76e+01 | T=7396.9 | a=1.000423 | H=2.41e-05 | 566.3 steps/s | 1.77 ms/step | ETA: 29420.0 min
Step 450000/1000000000 | t=1.80e+01 | T=7396.8 | a=1.000433 | H=2.41e-05 | 566.3 steps/s | 1.77 ms/step | ETA: 29416.8 min
Step 460000/1000000000 | t=1.84e+01 | T=7396.7 | a=1.000443 | H=2.41e-05 | 566.3 steps/s | 1.77 ms/step | ETA: 29416.0 min
Step 470000/1000000000 | t=1.88e+01 | T=7396.7 | a=1.000452 | H=2.41e-05 | 566.3 steps/s | 1.77 ms/step | ETA: 29414.8 min
Step 480000/1000000000 | t=1.92e+01 | T=7396.6 | a=1.000462 | H=2.41e-05 | 566.4 steps/s | 1.77 ms/step | ETA: 29412.9 min
Step 490000/1000000000 | t=1.96e+01 | T=7396.5 | a=1.000472 | H=2.41e-05 | 566.5 steps/s | 1.77 ms/step | ETA: 29405.8 min
Step 500000/1000000000 | t=2.00e+01 | T=7396.4 | a=1.000481 | H=2.41e-05 | 566.6 steps/s | 1.76 ms/step | ETA: 29400.2 min
Step 510000/1000000000 | t=2.04e+01 | T=7396.4 | a=1.000491 | H=2.41e-05 | 566.6 steps/s | 1.76 ms/step | ETA: 29400.9 min
Step 520000/1000000000 | t=2.08e+01 | T=7396.3 | a=1.000500 | H=2.41e-05 | 566.5 steps/s | 1.77 ms/step | ETA: 29403.6 min
Step 530000/1000000000 | t=2.12e+01 | T=7396.2 | a=1.000510 | H=2.41e-05 | 566.7 steps/s | 1.76 ms/step | ETA: 29395.1 min
Step 540000/1000000000 | t=2.16e+01 | T=7396.2 | a=1.000520 | H=2.41e-05 | 566.7 steps/s | 1.76 ms/step | ETA: 29392.0 min
Step 550000/1000000000 | t=2.20e+01 | T=7396.1 | a=1.000529 | H=2.41e-05 | 566.8 steps/s | 1.76 ms/step | ETA: 29386.5 min
Step 560000/1000000000 | t=2.24e+01 | T=7396.0 | a=1.000539 | H=2.41e-05 | 566.9 steps/s | 1.76 ms/step | ETA: 29380.7 min
Step 570000/1000000000 | t=2.28e+01 | T=7395.9 | a=1.000549 | H=2.41e-05 | 567.0 steps/s | 1.76 ms/step | ETA: 29375.8 min
Step 580000/1000000000 | t=2.32e+01 | T=7395.9 | a=1.000558 | H=2.41e-05 | 567.2 steps/s | 1.76 ms/step | ETA: 29368.9 min
Step 590000/1000000000 | t=2.36e+01 | T=7395.8 | a=1.000568 | H=2.41e-05 | 567.2 steps/s | 1.76 ms/step | ETA: 29368.3 min
Step 600000/1000000000 | t=2.40e+01 | T=7395.7 | a=1.000578 | H=2.41e-05 | 567.2 steps/s | 1.76 ms/step | ETA: 29366.6 min
Step 610000/1000000000 | t=2.44e+01 | T=7395.7 | a=1.000587 | H=2.41e-05 | 567.2 steps/s | 1.76 ms/step | ETA: 29363.9 min
Step 620000/1000000000 | t=2.48e+01 | T=7395.6 | a=1.000597 | H=2.41e-05 | 567.2 steps/s | 1.76 ms/step | ETA: 29367.3 min
Step 630000/1000000000 | t=2.52e+01 | T=7395.5 | a=1.000606 | H=2.41e-05 | 567.1 steps/s | 1.76 ms/step | ETA: 29373.1 min
Step 640000/1000000000 | t=2.56e+01 | T=7395.4 | a=1.000616 | H=2.41e-05 | 567.1 steps/s | 1.76 ms/step | ETA: 29368.8 min
Step 650000/1000000000 | t=2.60e+01 | T=7395.4 | a=1.000626 | H=2.41e-05 | 567.1 steps/s | 1.76 ms/step | ETA: 29372.4 min
Step 660000/1000000000 | t=2.64e+01 | T=7395.3 | a=1.000635 | H=2.41e-05 | 567.1 steps/s | 1.76 ms/step | ETA: 29370.1 min
Step 670000/1000000000 | t=2.68e+01 | T=7395.2 | a=1.000645 | H=2.41e-05 | 567.0 steps/s | 1.76 ms/step | ETA: 29375.9 min
Step 680000/1000000000 | t=2.72e+01 | T=7395.2 | a=1.000655 | H=2.41e-05 | 566.9 steps/s | 1.76 ms/step | ETA: 29377.2 min
Step 690000/1000000000 | t=2.76e+01 | T=7395.1 | a=1.000664 | H=2.41e-05 | 567.0 steps/s | 1.76 ms/step | ETA: 29375.0 min
Step 700000/1000000000 | t=2.80e+01 | T=7395.0 | a=1.000674 | H=2.41e-05 | 566.9 steps/s | 1.76 ms/step | ETA: 29378.0 min
Step 710000/1000000000 | t=2.84e+01 | T=7394.9 | a=1.000683 | H=2.41e-05 | 566.8 steps/s | 1.76 ms/step | ETA: 29386.4 min
Step 720000/1000000000 | t=2.88e+01 | T=7394.9 | a=1.000693 | H=2.41e-05 | 566.9 steps/s | 1.76 ms/step | ETA: 29378.2 min
Step 730000/1000000000 | t=2.92e+01 | T=7394.8 | a=1.000703 | H=2.41e-05 | 566.6 steps/s | 1.76 ms/step | ETA: 29394.4 min
Step 740000/1000000000 | t=2.96e+01 | T=7394.7 | a=1.000712 | H=2.41e-05 | 566.6 steps/s | 1.76 ms/step | ETA: 29391.5 min
Step 750000/1000000000 | t=3.00e+01 | T=7394.7 | a=1.000722 | H=2.41e-05 | 566.6 steps/s | 1.76 ms/step | ETA: 29394.2 min
Step 760000/1000000000 | t=3.04e+01 | T=7394.6 | a=1.000732 | H=2.41e-05 | 566.7 steps/s | 1.76 ms/step | ETA: 29389.9 min
Step 770000/1000000000 | t=3.08e+01 | T=7394.5 | a=1.000741 | H=2.41e-05 | 566.7 steps/s | 1.76 ms/step | ETA: 29387.5 min
Step 780000/1000000000 | t=3.12e+01 | T=7394.4 | a=1.000751 | H=2.41e-05 | 566.7 steps/s | 1.76 ms/step | ETA: 29385.7 min
Step 790000/1000000000 | t=3.16e+01 | T=7394.4 | a=1.000760 | H=2.41e-05 | 566.8 steps/s | 1.76 ms/step | ETA: 29381.6 min
Step 800000/1000000000 | t=3.20e+01 | T=7394.3 | a=1.000770 | H=2.41e-05 | 566.8 steps/s | 1.76 ms/step | ETA: 29382.2 min
Step 810000/1000000000 | t=3.24e+01 | T=7394.2 | a=1.000780 | H=2.41e-05 | 566.8 steps/s | 1.76 ms/step | ETA: 29380.3 min
Step 820000/1000000000 | t=3.28e+01 | T=7394.2 | a=1.000789 | H=2.41e-05 | 566.9 steps/s | 1.76 ms/step | ETA: 29374.3 min
Step 830000/1000000000 | t=3.32e+01 | T=7394.1 | a=1.000799 | H=2.41e-05 | 567.0 steps/s | 1.76 ms/step | ETA: 29371.3 min
Step 840000/1000000000 | t=3.36e+01 | T=7394.0 | a=1.000809 | H=2.41e-05 | 566.9 steps/s | 1.76 ms/step | ETA: 29372.9 min
Step 850000/1000000000 | t=3.40e+01 | T=7393.9 | a=1.000818 | H=2.41e-05 | 567.0 steps/s | 1.76 ms/step | ETA: 29369.1 min
Step 860000/1000000000 | t=3.44e+01 | T=7393.9 | a=1.000828 | H=2.41e-05 | 567.1 steps/s | 1.76 ms/step | ETA: 29364.2 min
Step 870000/1000000000 | t=3.48e+01 | T=7393.8 | a=1.000838 | H=2.41e-05 | 567.1 steps/s | 1.76 ms/step | ETA: 29365.1 min
Step 880000/1000000000 | t=3.52e+01 | T=7393.7 | a=1.000847 | H=2.41e-05 | 567.1 steps/s | 1.76 ms/step | ETA: 29363.0 min
Step 890000/1000000000 | t=3.56e+01 | T=7393.7 | a=1.000857 | H=2.41e-05 | 567.2 steps/s | 1.76 ms/step | ETA: 29358.7 min
Step 900000/1000000000 | t=3.60e+01 | T=7393.6 | a=1.000866 | H=2.41e-05 | 567.1 steps/s | 1.76 ms/step | ETA: 29365.0 min
Step 910000/1000000000 | t=3.64e+01 | T=7393.5 | a=1.000876 | H=2.41e-05 | 567.2 steps/s | 1.76 ms/step | ETA: 29357.5 min
Step 920000/1000000000 | t=3.68e+01 | T=7393.5 | a=1.000886 | H=2.41e-05 | 567.3 steps/s | 1.76 ms/step | ETA: 29352.8 min
Step 930000/1000000000 | t=3.72e+01 | T=7393.4 | a=1.000895 | H=2.41e-05 | 567.5 steps/s | 1.76 ms/step | ETA: 29343.3 min
Step 940000/1000000000 | t=3.76e+01 | T=7393.3 | a=1.000905 | H=2.41e-05 | 567.4 steps/s | 1.76 ms/step | ETA: 29346.2 min
Step 950000/1000000000 | t=3.80e+01 | T=7393.2 | a=1.000915 | H=2.41e-05 | 567.5 steps/s | 1.76 ms/step | ETA: 29339.1 min
Step 960000/1000000000 | t=3.84e+01 | T=7393.2 | a=1.000924 | H=2.41e-05 | 567.6 steps/s | 1.76 ms/step | ETA: 29334.3 min
Step 970000/1000000000 | t=3.88e+01 | T=7393.1 | a=1.000934 | H=2.41e-05 | 567.6 steps/s | 1.76 ms/step | ETA: 29332.4 min
Step 980000/1000000000 | t=3.92e+01 | T=7393.0 | a=1.000943 | H=2.41e-05 | 567.7 steps/s | 1.76 ms/step | ETA: 29327.4 min
Step 990000/1000000000 | t=3.96e+01 | T=7393.0 | a=1.000953 | H=2.41e-05 | 567.7 steps/s | 1.76 ms/step | ETA: 29328.2 min
Step 1000000/1000000000 | t=4.00e+01 | T=7392.9 | a=1.000963 | H=2.41e-05 | 567.9 steps/s | 1.76 ms/step | ETA: 29319.9 min
Step 1010000/1000000000 | t=4.04e+01 | T=7392.8 | a=1.000972 | H=2.41e-05 | 568.0 steps/s | 1.76 ms/step | ETA: 29313.0 min
Step 1020000/1000000000 | t=4.08e+01 | T=7392.7 | a=1.000982 | H=2.41e-05 | 568.1 steps/s | 1.76 ms/step | ETA: 29306.1 min
Step 1030000/1000000000 | t=4.12e+01 | T=7392.7 | a=1.000992 | H=2.41e-05 | 568.2 steps/s | 1.76 ms/step | ETA: 29300.5 min
Step 1040000/1000000000 | t=4.16e+01 | T=7392.6 | a=1.001001 | H=2.41e-05 | 568.3 steps/s | 1.76 ms/step | ETA: 29296.6 min
Step 1050000/1000000000 | t=4.20e+01 | T=7392.5 | a=1.001011 | H=2.41e-05 | 568.5 steps/s | 1.76 ms/step | ETA: 29288.6 min
Step 1060000/1000000000 | t=4.24e+01 | T=7392.5 | a=1.001021 | H=2.41e-05 | 568.4 steps/s | 1.76 ms/step | ETA: 29290.9 min
Step 1070000/1000000000 | t=4.28e+01 | T=7392.4 | a=1.001030 | H=2.41e-05 | 568.4 steps/s | 1.76 ms/step | ETA: 29289.6 min
Step 1080000/1000000000 | t=4.32e+01 | T=7392.3 | a=1.001040 | H=2.41e-05 | 568.5 steps/s | 1.76 ms/step | ETA: 29285.4 min
Step 1090000/1000000000 | t=4.36e+01 | T=7392.2 | a=1.001049 | H=2.41e-05 | 568.4 steps/s | 1.76 ms/step | ETA: 29289.2 min
Step 1100000/1000000000 | t=4.40e+01 | T=7392.2 | a=1.001059 | H=2.41e-05 | 568.4 steps/s | 1.76 ms/step | ETA: 29287.7 min
Step 1110000/1000000000 | t=4.44e+01 | T=7392.1 | a=1.001069 | H=2.41e-05 | 568.5 steps/s | 1.76 ms/step | ETA: 29283.5 min
Step 1120000/1000000000 | t=4.48e+01 | T=7392.0 | a=1.001078 | H=2.41e-05 | 568.5 steps/s | 1.76 ms/step | ETA: 29282.6 min
Step 1130000/1000000000 | t=4.52e+01 | T=7392.0 | a=1.001088 | H=2.41e-05 | 568.6 steps/s | 1.76 ms/step | ETA: 29276.3 min
Step 1140000/1000000000 | t=4.56e+01 | T=7391.9 | a=1.001098 | H=2.41e-05 | 568.7 steps/s | 1.76 ms/step | ETA: 29271.7 min
Step 1150000/1000000000 | t=4.60e+01 | T=7391.8 | a=1.001107 | H=2.41e-05 | 568.8 steps/s | 1.76 ms/step | ETA: 29268.0 min
Step 1160000/1000000000 | t=4.64e+01 | T=7391.7 | a=1.001117 | H=2.41e-05 | 568.9 steps/s | 1.76 ms/step | ETA: 29264.3 min
Step 1170000/1000000000 | t=4.68e+01 | T=7391.7 | a=1.001126 | H=2.41e-05 | 568.9 steps/s | 1.76 ms/step | ETA: 29260.7 min
Step 1180000/1000000000 | t=4.72e+01 | T=7391.6 | a=1.001136 | H=2.41e-05 | 569.1 steps/s | 1.76 ms/step | ETA: 29253.6 min
Step 1190000/1000000000 | t=4.76e+01 | T=7391.5 | a=1.001146 | H=2.41e-05 | 569.1 steps/s | 1.76 ms/step | ETA: 29250.8 min
Step 1200000/1000000000 | t=4.80e+01 | T=7391.5 | a=1.001155 | H=2.41e-05 | 569.2 steps/s | 1.76 ms/step | ETA: 29247.9 min
Step 1210000/1000000000 | t=4.84e+01 | T=7391.4 | a=1.001165 | H=2.41e-05 | 569.3 steps/s | 1.76 ms/step | ETA: 29241.4 min
Step 1220000/1000000000 | t=4.88e+01 | T=7391.3 | a=1.001175 | H=2.41e-05 | 569.4 steps/s | 1.76 ms/step | ETA: 29236.5 min
Step 1230000/1000000000 | t=4.92e+01 | T=7391.2 | a=1.001184 | H=2.41e-05 | 569.4 steps/s | 1.76 ms/step | ETA: 29235.0 min
Step 1240000/1000000000 | t=4.96e+01 | T=7391.2 | a=1.001194 | H=2.41e-05 | 569.5 steps/s | 1.76 ms/step | ETA: 29231.1 min
Step 1250000/1000000000 | t=5.00e+01 | T=7391.1 | a=1.001204 | H=2.41e-05 | 569.5 steps/s | 1.76 ms/step | ETA: 29229.4 min
Step 1260000/1000000000 | t=5.04e+01 | T=7391.0 | a=1.001213 | H=2.41e-05 | 569.6 steps/s | 1.76 ms/step | ETA: 29224.8 min
Step 1270000/1000000000 | t=5.08e+01 | T=7391.0 | a=1.001223 | H=2.41e-05 | 569.7 steps/s | 1.76 ms/step | ETA: 29220.0 min
Step 1280000/1000000000 | t=5.12e+01 | T=7390.9 | a=1.001232 | H=2.41e-05 | 569.7 steps/s | 1.76 ms/step | ETA: 29216.2 min
Step 1290000/1000000000 | t=5.16e+01 | T=7390.8 | a=1.001242 | H=2.41e-05 | 569.8 steps/s | 1.76 ms/step | ETA: 29213.0 min
Step 1300000/1000000000 | t=5.20e+01 | T=7390.7 | a=1.001252 | H=2.41e-05 | 569.9 steps/s | 1.75 ms/step | ETA: 29208.9 min
Step 1310000/1000000000 | t=5.24e+01 | T=7390.7 | a=1.001261 | H=2.41e-05 | 569.9 steps/s | 1.75 ms/step | ETA: 29206.6 min
Step 1320000/1000000000 | t=5.28e+01 | T=7390.6 | a=1.001271 | H=2.41e-05 | 570.0 steps/s | 1.75 ms/step | ETA: 29201.7 min
Step 1330000/1000000000 | t=5.32e+01 | T=7390.5 | a=1.001281 | H=2.41e-05 | 570.1 steps/s | 1.75 ms/step | ETA: 29196.7 min
Step 1340000/1000000000 | t=5.36e+01 | T=7390.5 | a=1.001290 | H=2.41e-05 | 570.1 steps/s | 1.75 ms/step | ETA: 29194.5 min
Step 1350000/1000000000 | t=5.40e+01 | T=7390.4 | a=1.001300 | H=2.41e-05 | 570.2 steps/s | 1.75 ms/step | ETA: 29191.0 min
Step 1360000/1000000000 | t=5.44e+01 | T=7390.3 | a=1.001310 | H=2.41e-05 | 570.2 steps/s | 1.75 ms/step | ETA: 29190.3 min
Step 1370000/1000000000 | t=5.48e+01 | T=7390.3 | a=1.001319 | H=2.41e-05 | 570.3 steps/s | 1.75 ms/step | ETA: 29184.4 min
Step 1380000/1000000000 | t=5.52e+01 | T=7390.2 | a=1.001329 | H=2.41e-05 | 570.4 steps/s | 1.75 ms/step | ETA: 29178.6 min
Step 1390000/1000000000 | t=5.56e+01 | T=7390.1 | a=1.001338 | H=2.41e-05 | 570.5 steps/s | 1.75 ms/step | ETA: 29173.0 min
Step 1400000/1000000000 | t=5.60e+01 | T=7390.0 | a=1.001348 | H=2.41e-05 | 570.4 steps/s | 1.75 ms/step | ETA: 29178.8 min
Step 1410000/1000000000 | t=5.64e+01 | T=7390.0 | a=1.001358 | H=2.41e-05 | 570.5 steps/s | 1.75 ms/step | ETA: 29174.0 min
Step 1420000/1000000000 | t=5.68e+01 | T=7389.9 | a=1.001367 | H=2.41e-05 | 570.6 steps/s | 1.75 ms/step | ETA: 29169.7 min
Step 1430000/1000000000 | t=5.72e+01 | T=7389.8 | a=1.001377 | H=2.41e-05 | 570.7 steps/s | 1.75 ms/step | ETA: 29164.0 min
Step 1440000/1000000000 | t=5.76e+01 | T=7389.8 | a=1.001387 | H=2.41e-05 | 570.7 steps/s | 1.75 ms/step | ETA: 29163.1 min
Step 1450000/1000000000 | t=5.80e+01 | T=7389.7 | a=1.001396 | H=2.41e-05 | 570.7 steps/s | 1.75 ms/step | ETA: 29162.7 min
Step 1460000/1000000000 | t=5.84e+01 | T=7389.6 | a=1.001406 | H=2.41e-05 | 570.7 steps/s | 1.75 ms/step | ETA: 29159.2 min
Step 1470000/1000000000 | t=5.88e+01 | T=7389.5 | a=1.001416 | H=2.41e-05 | 570.7 steps/s | 1.75 ms/step | ETA: 29160.1 min
Step 1480000/1000000000 | t=5.92e+01 | T=7389.5 | a=1.001425 | H=2.41e-05 | 570.8 steps/s | 1.75 ms/step | ETA: 29154.7 min
Step 1490000/1000000000 | t=5.96e+01 | T=7389.4 | a=1.001435 | H=2.41e-05 | 570.8 steps/s | 1.75 ms/step | ETA: 29154.7 min
Step 1500000/1000000000 | t=6.00e+01 | T=7389.3 | a=1.001444 | H=2.41e-05 | 570.8 steps/s | 1.75 ms/step | ETA: 29155.7 min
Step 1510000/1000000000 | t=6.04e+01 | T=7389.3 | a=1.001454 | H=2.41e-05 | 570.8 steps/s | 1.75 ms/step | ETA: 29152.4 min
Step 1520000/1000000000 | t=6.08e+01 | T=7389.2 | a=1.001464 | H=2.41e-05 | 570.9 steps/s | 1.75 ms/step | ETA: 29149.3 min
Step 1530000/1000000000 | t=6.12e+01 | T=7389.1 | a=1.001473 | H=2.41e-05 | 570.9 steps/s | 1.75 ms/step | ETA: 29146.9 min
Step 1540000/1000000000 | t=6.16e+01 | T=7389.0 | a=1.001483 | H=2.41e-05 | 571.0 steps/s | 1.75 ms/step | ETA: 29145.8 min
Step 1550000/1000000000 | t=6.20e+01 | T=7389.0 | a=1.001493 | H=2.41e-05 | 571.0 steps/s | 1.75 ms/step | ETA: 29143.1 min
Step 1560000/1000000000 | t=6.24e+01 | T=7388.9 | a=1.001502 | H=2.41e-05 | 571.0 steps/s | 1.75 ms/step | ETA: 29142.7 min
Step 1570000/1000000000 | t=6.28e+01 | T=7388.8 | a=1.001512 | H=2.41e-05 | 571.1 steps/s | 1.75 ms/step | ETA: 29138.0 min
Step 1580000/1000000000 | t=6.32e+01 | T=7388.8 | a=1.001522 | H=2.41e-05 | 571.1 steps/s | 1.75 ms/step | ETA: 29135.9 min
Step 1590000/1000000000 | t=6.36e+01 | T=7388.7 | a=1.001531 | H=2.41e-05 | 571.2 steps/s | 1.75 ms/step | ETA: 29134.2 min
Step 1600000/1000000000 | t=6.40e+01 | T=7388.6 | a=1.001541 | H=2.41e-05 | 571.2 steps/s | 1.75 ms/step | ETA: 29129.3 min
Step 1610000/1000000000 | t=6.44e+01 | T=7388.5 | a=1.001550 | H=2.41e-05 | 571.3 steps/s | 1.75 ms/step | ETA: 29127.8 min
Step 1620000/1000000000 | t=6.48e+01 | T=7388.5 | a=1.001560 | H=2.41e-05 | 571.3 steps/s | 1.75 ms/step | ETA: 29125.2 min
Step 1630000/1000000000 | t=6.52e+01 | T=7388.4 | a=1.001570 | H=2.41e-05 | 571.3 steps/s | 1.75 ms/step | ETA: 29125.0 min
Step 1640000/1000000000 | t=6.56e+01 | T=7388.3 | a=1.001579 | H=2.41e-05 | 571.3 steps/s | 1.75 ms/step | ETA: 29124.4 min
Step 1650000/1000000000 | t=6.60e+01 | T=7388.3 | a=1.001589 | H=2.41e-05 | 571.0 steps/s | 1.75 ms/step | ETA: 29140.2 min
Step 1660000/1000000000 | t=6.64e+01 | T=7388.2 | a=1.001599 | H=2.41e-05 | 569.8 steps/s | 1.75 ms/step | ETA: 29200.8 min
Step 1670000/1000000000 | t=6.68e+01 | T=7388.1 | a=1.001608 | H=2.41e-05 | 569.2 steps/s | 1.76 ms/step | ETA: 29233.3 min
Step 1680000/1000000000 | t=6.72e+01 | T=7388.0 | a=1.001618 | H=2.41e-05 | 569.1 steps/s | 1.76 ms/step | ETA: 29236.8 min
Step 1690000/1000000000 | t=6.76e+01 | T=7388.0 | a=1.001628 | H=2.41e-05 | 569.1 steps/s | 1.76 ms/step | ETA: 29236.4 min
Step 1700000/1000000000 | t=6.80e+01 | T=7387.9 | a=1.001637 | H=2.41e-05 | 569.0 steps/s | 1.76 ms/step | ETA: 29241.2 min
Step 1710000/1000000000 | t=6.84e+01 | T=7387.8 | a=1.001647 | H=2.41e-05 | 569.0 steps/s | 1.76 ms/step | ETA: 29240.0 min
Step 1720000/1000000000 | t=6.88e+01 | T=7387.8 | a=1.001656 | H=2.41e-05 | 568.7 steps/s | 1.76 ms/step | ETA: 29256.3 min
Step 1730000/1000000000 | t=6.92e+01 | T=7387.7 | a=1.001666 | H=2.41e-05 | 568.5 steps/s | 1.76 ms/step | ETA: 29264.1 min
Step 1740000/1000000000 | t=6.96e+01 | T=7387.6 | a=1.001676 | H=2.41e-05 | 568.5 steps/s | 1.76 ms/step | ETA: 29264.0 min
Step 1750000/1000000000 | t=7.00e+01 | T=7387.5 | a=1.001685 | H=2.41e-05 | 568.5 steps/s | 1.76 ms/step | ETA: 29264.1 min
Step 1760000/1000000000 | t=7.04e+01 | T=7387.5 | a=1.001695 | H=2.41e-05 | 568.6 steps/s | 1.76 ms/step | ETA: 29261.8 min
Step 1770000/1000000000 | t=7.08e+01 | T=7387.4 | a=1.001705 | H=2.41e-05 | 568.5 steps/s | 1.76 ms/step | ETA: 29264.3 min
Step 1780000/1000000000 | t=7.12e+01 | T=7387.3 | a=1.001714 | H=2.41e-05 | 568.6 steps/s | 1.76 ms/step | ETA: 29261.5 min
Step 1790000/1000000000 | t=7.16e+01 | T=7387.3 | a=1.001724 | H=2.41e-05 | 568.6 steps/s | 1.76 ms/step | ETA: 29256.9 min
Step 1800000/1000000000 | t=7.20e+01 | T=7387.2 | a=1.001734 | H=2.41e-05 | 568.7 steps/s | 1.76 ms/step | ETA: 29254.3 min
Step 1810000/1000000000 | t=7.24e+01 | T=7387.1 | a=1.001743 | H=2.41e-05 | 568.7 steps/s | 1.76 ms/step | ETA: 29253.8 min
Step 1820000/1000000000 | t=7.28e+01 | T=7387.1 | a=1.001753 | H=2.41e-05 | 568.8 steps/s | 1.76 ms/step | ETA: 29247.6 min
Step 1830000/1000000000 | t=7.32e+01 | T=7387.0 | a=1.001762 | H=2.41e-05 | 568.8 steps/s | 1.76 ms/step | ETA: 29246.1 min
Step 1840000/1000000000 | t=7.36e+01 | T=7386.9 | a=1.001772 | H=2.41e-05 | 568.9 steps/s | 1.76 ms/step | ETA: 29240.2 min
Step 1850000/1000000000 | t=7.40e+01 | T=7386.8 | a=1.001782 | H=2.41e-05 | 569.0 steps/s | 1.76 ms/step | ETA: 29235.1 min
Step 1860000/1000000000 | t=7.44e+01 | T=7386.8 | a=1.001791 | H=2.41e-05 | 569.1 steps/s | 1.76 ms/step | ETA: 29229.4 min
Step 1870000/1000000000 | t=7.48e+01 | T=7386.7 | a=1.001801 | H=2.41e-05 | 569.2 steps/s | 1.76 ms/step | ETA: 29226.7 min
Step 1880000/1000000000 | t=7.52e+01 | T=7386.6 | a=1.001811 | H=2.41e-05 | 569.2 steps/s | 1.76 ms/step | ETA: 29224.8 min
Step 1890000/1000000000 | t=7.56e+01 | T=7386.6 | a=1.001820 | H=2.41e-05 | 569.3 steps/s | 1.76 ms/step | ETA: 29220.1 min
Step 1900000/1000000000 | t=7.60e+01 | T=7386.5 | a=1.001830 | H=2.41e-05 | 569.4 steps/s | 1.76 ms/step | ETA: 29216.1 min
Step 1910000/1000000000 | t=7.64e+01 | T=7386.4 | a=1.001840 | H=2.41e-05 | 569.4 steps/s | 1.76 ms/step | ETA: 29213.4 min
Step 1920000/1000000000 | t=7.68e+01 | T=7386.3 | a=1.001849 | H=2.41e-05 | 569.5 steps/s | 1.76 ms/step | ETA: 29209.2 min
Step 1930000/1000000000 | t=7.72e+01 | T=7386.3 | a=1.001859 | H=2.41e-05 | 569.6 steps/s | 1.76 ms/step | ETA: 29206.4 min
Step 1940000/1000000000 | t=7.76e+01 | T=7386.2 | a=1.001869 | H=2.41e-05 | 569.6 steps/s | 1.76 ms/step | ETA: 29201.4 min
Step 1950000/1000000000 | t=7.80e+01 | T=7386.1 | a=1.001878 | H=2.41e-05 | 569.7 steps/s | 1.76 ms/step | ETA: 29199.7 min
Step 1960000/1000000000 | t=7.84e+01 | T=7386.1 | a=1.001888 | H=2.41e-05 | 569.7 steps/s | 1.76 ms/step | ETA: 29197.8 min
Step 1970000/1000000000 | t=7.88e+01 | T=7386.0 | a=1.001897 | H=2.41e-05 | 569.8 steps/s | 1.76 ms/step | ETA: 29192.6 min
Step 1980000/1000000000 | t=7.92e+01 | T=7385.9 | a=1.001907 | H=2.41e-05 | 569.9 steps/s | 1.75 ms/step | ETA: 29189.0 min
Step 1990000/1000000000 | t=7.96e+01 | T=7385.8 | a=1.001917 | H=2.41e-05 | 569.9 steps/s | 1.75 ms/step | ETA: 29185.9 min
Step 2000000/1000000000 | t=8.00e+01 | T=7385.8 | a=1.001926 | H=2.41e-05 | 569.9 steps/s | 1.75 ms/step | ETA: 29186.0 min
Step 2010000/1000000000 | t=8.04e+01 | T=7385.7 | a=1.001936 | H=2.41e-05 | 569.9 steps/s | 1.75 ms/step | ETA: 29185.5 min
Step 2020000/1000000000 | t=8.08e+01 | T=7385.6 | a=1.001946 | H=2.41e-05 | 569.9 steps/s | 1.75 ms/step | ETA: 29185.0 min
Step 2030000/1000000000 | t=8.12e+01 | T=7385.6 | a=1.001955 | H=2.41e-05 | 570.0 steps/s | 1.75 ms/step | ETA: 29181.8 min
Step 2040000/1000000000 | t=8.16e+01 | T=7385.5 | a=1.001965 | H=2.41e-05 | 570.0 steps/s | 1.75 ms/step | ETA: 29179.5 min
Step 2050000/1000000000 | t=8.20e+01 | T=7385.4 | a=1.001975 | H=2.41e-05 | 570.0 steps/s | 1.75 ms/step | ETA: 29177.8 min
Step 2060000/1000000000 | t=8.24e+01 | T=7385.3 | a=1.001984 | H=2.41e-05 | 570.1 steps/s | 1.75 ms/step | ETA: 29175.1 min
Step 2070000/1000000000 | t=8.28e+01 | T=7385.3 | a=1.001994 | H=2.41e-05 | 570.1 steps/s | 1.75 ms/step | ETA: 29172.5 min
Step 2080000/1000000000 | t=8.32e+01 | T=7385.2 | a=1.002003 | H=2.41e-05 | 570.1 steps/s | 1.75 ms/step | ETA: 29175.6 min
Step 2090000/1000000000 | t=8.36e+01 | T=7385.1 | a=1.002013 | H=2.41e-05 | 570.1 steps/s | 1.75 ms/step | ETA: 29172.4 min
Step 2100000/1000000000 | t=8.40e+01 | T=7385.1 | a=1.002023 | H=2.41e-05 | 570.2 steps/s | 1.75 ms/step | ETA: 29170.4 min
Step 2110000/1000000000 | t=8.44e+01 | T=7385.0 | a=1.002032 | H=2.41e-05 | 570.2 steps/s | 1.75 ms/step | ETA: 29168.2 min
Step 2120000/1000000000 | t=8.48e+01 | T=7384.9 | a=1.002042 | H=2.41e-05 | 570.2 steps/s | 1.75 ms/step | ETA: 29165.1 min
Step 2130000/1000000000 | t=8.52e+01 | T=7384.8 | a=1.002052 | H=2.41e-05 | 570.3 steps/s | 1.75 ms/step | ETA: 29162.1 min
Step 2140000/1000000000 | t=8.56e+01 | T=7384.8 | a=1.002061 | H=2.41e-05 | 570.3 steps/s | 1.75 ms/step | ETA: 29159.4 min
Step 2150000/1000000000 | t=8.60e+01 | T=7384.7 | a=1.002071 | H=2.41e-05 | 570.4 steps/s | 1.75 ms/step | ETA: 29155.6 min
Step 2160000/1000000000 | t=8.64e+01 | T=7384.6 | a=1.002081 | H=2.41e-05 | 570.4 steps/s | 1.75 ms/step | ETA: 29153.9 min
Step 2170000/1000000000 | t=8.68e+01 | T=7384.6 | a=1.002090 | H=2.41e-05 | 570.5 steps/s | 1.75 ms/step | ETA: 29149.4 min
Step 2180000/1000000000 | t=8.72e+01 | T=7384.5 | a=1.002100 | H=2.41e-05 | 570.6 steps/s | 1.75 ms/step | ETA: 29146.8 min
Step 2190000/1000000000 | t=8.76e+01 | T=7384.4 | a=1.002110 | H=2.41e-05 | 565.2 steps/s | 1.77 ms/step | ETA: 29425.6 min

!!!!!!!!!!!!!!!!!!!!!!!!!!!!!!!!!!!!!!!!!!!!!!!!!!!!!!!!!!!!
DIVERGENCE DETECTED at step 2200000 (t_phys=8.800000e+01)
  NaN sites: phi=0/262144, pi=0/262144
  |phi|_max = 1.0000e+11
  Finite phi: [-1.0000e+11, -1.0000e+11]
  Finite pi:  [-7.7917e+06, -2.0762e+06]
  noise_scale = 1.488569e+02
  eta_eff = 3.000722e-04, T = 7384.4, inv_a2 = 0.9957750484
!!!!!!!!!!!!!!!!!!!!!!!!!!!!!!!!!!!!!!!!!!!!!!!!!!!!!!!!!!!!
  Debug state saved: data/set6/64x64x64_T0_7400_dx_0.0002_dtphys_4e-05_interval_10000_3D_hubble_eta_0.3/field_states/state_step_0002200000_NaN_debug.npz
  ABORTING simulation.

============================================================
SIMULATION FINISHED!
============================================================

Timing:
  Total time: 64.87 minutes (3892.4 seconds)
  Average: 256911.9 steps/second
  Time per step: 0.004 ms

Simulation Parameters:
  Grid: 64×64×64
  Total steps: 1,000,000,000
  Initial temperature: 7400.0
  Cooling rate: 0.001
  dx_phys: 0.0002
  dt_phys: 4e-05

Optimizations Used:
  Single-pass fused RK2: True
  Fused RK2: True
  Vprime table: True (size=16384)
  In-kernel RNG: True
  Field precision: float32
  Spline resolution (N_Y): 256
  Numba threads: 11

Output:
  Snapshots saved: data/set6/64x64x64_T0_7400_dx_0.0002_dtphys_4e-05_interval_10000_3D_hubble_eta_0.3
  Snapshot interval: every 10000 steps
  Total snapshots: 100000

Completed: 2026-02-22 16:05:09

Metadata saved to: data/set6/64x64x64_T0_7400_dx_0.0002_dtphys_4e-05_interval_10000_3D_hubble_eta_0.3/simulation_metadata.npz
Field states saved to: data/set6/64x64x64_T0_7400_dx_0.0002_dtphys_4e-05_interval_10000_3D_hubble_eta_0.3/field_states/
Use revisualize_snapshots.py to replot with different settings
============================================================
