======================================================================
LATTICE SIMULATION LOG
Started: 2026-03-05 14:00:16
Log file: logs/simulation_20260305_140016.log
======================================================================

Numba Configuration:
  Version: 0.63.1
  Threading layer: default
  Configured threads: 11
  Active threads: 11
----------------------------------------------------------------------
[Counterterm] Helpers defined; splines will be corrected after dx_phys is set.

Time step: dt_phys = 1.00e-03, dt (rescaled) = 1.0000e+00
  CFL limit: dt_CFL = 5.7735 (rescaled)
  dt/dt_CFL = 1.7321e-01 (SAFE)

Hubble expansion: ENABLED (comoving lattice)
  g_* = 106.75, M_Pl = 2.40e+18 GeV, ΔV = 1.00e+28 GeV^4
  H² = (T⁴/χ_g² + ΔV) / (3 M_Pl²)
  H(T0=7375.0) = 2.4056e-05 GeV
  3H = 7.2169e-05 GeV
  η_phys = 1500 GeV  →  3H/η = 4.81e-08
  T(t) = T0 / a(t)  (entropy conservation)
  Initial a = 1.0
Field precision: float32
Tree-level VEV: ±1.0000e+11
Couplings: boson=1.09, fermion=1.09

[Counterterm] Applying lattice counterterm:
  dx_phys = 0.01, T0 = 7375
  UV cutoff: k_max = pi/dx = 314.2 GeV
  Dimensionless cutoff: x_cut = k_max/T = 0.0426
  Soft-mode fraction: boson=0.0000 (0.00%), fermion=0.0000 (0.00%)
  Spline coefficients replaced in 0.00s
  [No runtime overhead: kernel code unchanged, only spline values differ]

Finding thermal VEV at T = 7375.0...
  V'(0) = 9.0986e-07
  V'(VEV) = 7.2188e-31
  Thermal VEV found: 1.0000e+11
  Ratio thermal/tree: 1.0000

Finding escape point...
  V'(1e-10) = 9.0986e-07
  V'(1e0)   = 9.0986e+03
  V'(1e5)   = -9.9982e+10
  V'(1e8)   = -1.0000e+14
  V'(1e10)  = -9.9000e+15
  Barrier found between 1.5672e+03 and 1.6488e+03
  Barrier top at: 1.6349e+03
  Escape point: 1.7984e+03
  V'(escape) = -3.5413e+06 (should be < 0)

Using TREE-LEVEL VEV for seeding: 1.0000e+11
The bubble is seeded at the true vacuum (no rolling needed).
Bubble seeding: DISABLED (thermal nucleation only)
Field states will be saved to: data/set6/256x256x256_T0_7375_dx_0.01_dtphys_0.001_interval_5000_3D_hubble_eta_1500_gb_1.09_gf_1.09_rk2_fused_inline_CT/field_states
Figures will be saved to: data/set6/256x256x256_T0_7375_dx_0.01_dtphys_0.001_interval_5000_3D_hubble_eta_1500_gb_1.09_gf_1.09_rk2_fused_inline_CT/figs/latticeSnapshot

--resume specified but no checkpoints found. Starting from scratch.

============================================================
Starting time evolution...
Grid: 256×256×256, Steps: 1500000, dt: 1.00e+00
Integrator: rk2_fused_inline
Using Vprime lookup table: False (size=16384)
Using in-kernel RNG: True
Field precision: float32
Spline resolution N_Y: 256
Bubble seeding: DISABLED
Thermal noise: ENABLED (FDT noise_scale(T0) = 1.4874e+02)
Overdamped mode: DISABLED (η = 1500)
Hubble expansion: ENABLED
  H(T0) = 2.4056e-05 GeV, 3H/η = 4.81e-08
  g_* = 106.75, M_Pl = 2.40e+18 GeV
============================================================

Warming up JIT compilation...
JIT warmup complete.
Starting main loop...

Dense snapshots: enabled (threshold=50000.0, interval=5)
Step 0/1500000 | t=0.00e+00 | T=7375.0 | a=1.000000 | H=2.41e-05 | 3.9 steps/s | 254.63 ms/step | ETA: 6365.8 min
