======================================================================
LATTICE SIMULATION LOG
Started: 2026-02-28 10:53:38
Log file: logs/simulation_20260228_105338.log
======================================================================

Numba Configuration:
  Version: 0.63.1
  Threading layer: default
  Configured threads: 11
  Active threads: 11
----------------------------------------------------------------------

Time step: dt_phys = 1.00e-04, dt (rescaled) = 1.0000e-01
  CFL limit: dt_CFL = 0.5774 (rescaled)
  dt/dt_CFL = 1.7321e-01 (SAFE)

Hubble expansion: ENABLED (comoving lattice)
  g_* = 106.75, M_Pl = 2.40e+18 GeV, ΔV = 1.00e+28 GeV^4
  H² = (T⁴/χ_g² + ΔV) / (3 M_Pl²)
  H(T0=7400.0) = 2.4056e-05 GeV
  3H = 7.2169e-05 GeV
  η_phys = 2000 GeV  →  3H/η = 3.61e-08
  T(t) = T0 / a(t)  (entropy conservation)
  Initial a = 1.0
Field precision: float32
Tree-level VEV: ±1.0000e+11
Couplings: boson=1.09, fermion=1.09

Finding thermal VEV at T = 7400.0...
  V'(0) = 1.6066e-06
  V'(VEV) = 7.2925e-31
  Thermal VEV found: 1.0000e+11
  Ratio thermal/tree: 1.0000

Finding escape point...
  V'(1e-10) = 1.6066e-06
  V'(1e0)   = 1.6066e+04
  V'(1e5)   = -9.9981e+10
  V'(1e8)   = -1.0000e+14
  V'(1e10)  = -9.9000e+15
  Barrier found between 2.1249e+03 and 2.2355e+03
  Barrier top at: 2.1539e+03
  Escape point: 2.3693e+03
  V'(escape) = -8.3211e+06 (should be < 0)

Using TREE-LEVEL VEV for seeding: 1.0000e+11
The bubble is seeded at the true vacuum (no rolling needed).
Bubble seeding: DISABLED (thermal nucleation only)
Field states will be saved to: data/set6/256x256x256_T0_7400_dx_0.001_dtphys_0.0001_interval_10000_3D_hubble_eta_2000_gb_1.09_gf_1.09_rk2_fused_table/field_states
Figures will be saved to: data/set6/256x256x256_T0_7400_dx_0.001_dtphys_0.0001_interval_10000_3D_hubble_eta_2000_gb_1.09_gf_1.09_rk2_fused_table/figs/latticeSnapshot

============================================================
Starting time evolution...
Grid: 256×256×256, Steps: 400000, dt: 1.00e-01
Integrator: rk2_fused_table
Using Vprime lookup table: True (size=16384)
Using in-kernel RNG: True
Field precision: float32
Spline resolution N_Y: 256
Bubble seeding: DISABLED
Thermal noise: ENABLED (FDT noise_scale(T0) = 1.7205e+03)
Overdamped mode: DISABLED (η = 2000)
Hubble expansion: ENABLED
  H(T0) = 2.4056e-05 GeV, 3H/η = 3.61e-08
  g_* = 106.75, M_Pl = 2.40e+18 GeV
============================================================

Warming up JIT compilation...
JIT warmup complete.
Starting main loop...

Dense snapshots: enabled (threshold=50000.0, interval=50)
Step 0/400000 | t=0.00e+00 | T=7400.0 | a=1.000000 | H=2.41e-05 | 4.3 steps/s | 233.45 ms/step | ETA: 1556.4 min
Step 10000/400000 | t=1.00e+00 | T=7399.8 | a=1.000024 | H=2.41e-05 | 13.1 steps/s | 76.34 ms/step | ETA: 496.2 min

*** phi threshold exceeded: max|phi|=50239.1 > 50000.0
*** Switching to dense snapshots: every 50 steps

Step 15700/400000 | t=1.57e+00 | T=7399.7 | a=1.000038 | H=2.41e-05 | 13.2 steps/s | 75.96 ms/step | ETA: 486.5 min
Step 15750/400000 | t=1.57e+00 | T=7399.7 | a=1.000038 | H=2.41e-05 | 13.1 steps/s | 76.10 ms/step | ETA: 487.3 min
Step 15800/400000 | t=1.58e+00 | T=7399.7 | a=1.000038 | H=2.41e-05 | 13.1 steps/s | 76.27 ms/step | ETA: 488.4 min
Step 15850/400000 | t=1.58e+00 | T=7399.7 | a=1.000038 | H=2.41e-05 | 13.1 steps/s | 76.40 ms/step | ETA: 489.1 min
Step 15900/400000 | t=1.59e+00 | T=7399.7 | a=1.000038 | H=2.41e-05 | 13.1 steps/s | 76.54 ms/step | ETA: 490.0 min
Step 15950/400000 | t=1.59e+00 | T=7399.7 | a=1.000038 | H=2.41e-05 | 13.0 steps/s | 76.69 ms/step | ETA: 490.9 min
Step 16000/400000 | t=1.60e+00 | T=7399.7 | a=1.000038 | H=2.41e-05 | 13.0 steps/s | 76.89 ms/step | ETA: 492.1 min
Step 16050/400000 | t=1.60e+00 | T=7399.7 | a=1.000039 | H=2.41e-05 | 13.0 steps/s | 77.08 ms/step | ETA: 493.2 min
Step 16100/400000 | t=1.61e+00 | T=7399.7 | a=1.000039 | H=2.41e-05 | 12.9 steps/s | 77.24 ms/step | ETA: 494.2 min
Step 16150/400000 | t=1.61e+00 | T=7399.7 | a=1.000039 | H=2.41e-05 | 12.9 steps/s | 77.52 ms/step | ETA: 496.0 min
Step 16200/400000 | t=1.62e+00 | T=7399.7 | a=1.000039 | H=2.41e-05 | 12.9 steps/s | 77.65 ms/step | ETA: 496.7 min
Step 16250/400000 | t=1.62e+00 | T=7399.7 | a=1.000039 | H=2.41e-05 | 12.9 steps/s | 77.78 ms/step | ETA: 497.5 min
Step 16300/400000 | t=1.63e+00 | T=7399.7 | a=1.000039 | H=2.41e-05 | 12.8 steps/s | 77.90 ms/step | ETA: 498.2 min
Step 16350/400000 | t=1.64e+00 | T=7399.7 | a=1.000039 | H=2.41e-05 | 12.8 steps/s | 78.03 ms/step | ETA: 498.9 min
Step 16400/400000 | t=1.64e+00 | T=7399.7 | a=1.000039 | H=2.41e-05 | 12.8 steps/s | 78.15 ms/step | ETA: 499.7 min
Step 16450/400000 | t=1.65e+00 | T=7399.7 | a=1.000040 | H=2.41e-05 | 12.8 steps/s | 78.42 ms/step | ETA: 501.3 min
Step 16500/400000 | t=1.65e+00 | T=7399.7 | a=1.000040 | H=2.41e-05 | 12.7 steps/s | 78.52 ms/step | ETA: 501.9 min
Step 16550/400000 | t=1.66e+00 | T=7399.7 | a=1.000040 | H=2.41e-05 | 12.7 steps/s | 78.65 ms/step | ETA: 502.6 min
Step 16600/400000 | t=1.66e+00 | T=7399.7 | a=1.000040 | H=2.41e-05 | 12.7 steps/s | 78.78 ms/step | ETA: 503.4 min
Step 16650/400000 | t=1.67e+00 | T=7399.7 | a=1.000040 | H=2.41e-05 | 12.7 steps/s | 79.03 ms/step | ETA: 504.9 min
Step 16700/400000 | t=1.67e+00 | T=7399.7 | a=1.000040 | H=2.41e-05 | 12.6 steps/s | 79.16 ms/step | ETA: 505.7 min
Step 16750/400000 | t=1.68e+00 | T=7399.7 | a=1.000040 | H=2.41e-05 | 12.6 steps/s | 79.33 ms/step | ETA: 506.7 min
Step 16800/400000 | t=1.68e+00 | T=7399.7 | a=1.000040 | H=2.41e-05 | 12.6 steps/s | 79.47 ms/step | ETA: 507.6 min
Step 16850/400000 | t=1.69e+00 | T=7399.7 | a=1.000041 | H=2.41e-05 | 12.6 steps/s | 79.61 ms/step | ETA: 508.4 min
Step 16900/400000 | t=1.69e+00 | T=7399.7 | a=1.000041 | H=2.41e-05 | 12.5 steps/s | 79.73 ms/step | ETA: 509.1 min
Step 16950/400000 | t=1.70e+00 | T=7399.7 | a=1.000041 | H=2.41e-05 | 12.5 steps/s | 79.88 ms/step | ETA: 510.0 min
Step 17000/400000 | t=1.70e+00 | T=7399.7 | a=1.000041 | H=2.41e-05 | 12.5 steps/s | 80.00 ms/step | ETA: 510.7 min
Step 17050/400000 | t=1.71e+00 | T=7399.7 | a=1.000041 | H=2.41e-05 | 12.5 steps/s | 80.15 ms/step | ETA: 511.6 min
Step 17100/400000 | t=1.71e+00 | T=7399.7 | a=1.000041 | H=2.41e-05 | 12.5 steps/s | 80.27 ms/step | ETA: 512.3 min
Step 17150/400000 | t=1.72e+00 | T=7399.7 | a=1.000041 | H=2.41e-05 | 12.4 steps/s | 80.51 ms/step | ETA: 513.7 min
Step 17200/400000 | t=1.72e+00 | T=7399.7 | a=1.000041 | H=2.41e-05 | 12.4 steps/s | 80.63 ms/step | ETA: 514.4 min
Step 17250/400000 | t=1.73e+00 | T=7399.7 | a=1.000042 | H=2.41e-05 | 12.4 steps/s | 80.75 ms/step | ETA: 515.1 min
Step 17300/400000 | t=1.73e+00 | T=7399.7 | a=1.000042 | H=2.41e-05 | 12.4 steps/s | 80.87 ms/step | ETA: 515.8 min
Step 17350/400000 | t=1.74e+00 | T=7399.7 | a=1.000042 | H=2.41e-05 | 12.3 steps/s | 80.99 ms/step | ETA: 516.5 min
Step 17400/400000 | t=1.74e+00 | T=7399.7 | a=1.000042 | H=2.41e-05 | 12.3 steps/s | 81.11 ms/step | ETA: 517.2 min
Step 17450/400000 | t=1.75e+00 | T=7399.7 | a=1.000042 | H=2.41e-05 | 12.3 steps/s | 81.22 ms/step | ETA: 517.9 min
Step 17500/400000 | t=1.75e+00 | T=7399.7 | a=1.000042 | H=2.41e-05 | 12.3 steps/s | 81.34 ms/step | ETA: 518.6 min
Step 17550/400000 | t=1.75e+00 | T=7399.7 | a=1.000042 | H=2.41e-05 | 12.3 steps/s | 81.45 ms/step | ETA: 519.2 min
Step 17600/400000 | t=1.76e+00 | T=7399.7 | a=1.000042 | H=2.41e-05 | 12.3 steps/s | 81.57 ms/step | ETA: 519.9 min
Step 17650/400000 | t=1.76e+00 | T=7399.7 | a=1.000042 | H=2.41e-05 | 12.2 steps/s | 81.80 ms/step | ETA: 521.3 min
Step 17700/400000 | t=1.77e+00 | T=7399.7 | a=1.000043 | H=2.41e-05 | 12.2 steps/s | 81.92 ms/step | ETA: 521.9 min
Step 17750/400000 | t=1.77e+00 | T=7399.7 | a=1.000043 | H=2.41e-05 | 12.2 steps/s | 82.03 ms/step | ETA: 522.6 min
Step 17800/400000 | t=1.78e+00 | T=7399.7 | a=1.000043 | H=2.41e-05 | 12.2 steps/s | 82.21 ms/step | ETA: 523.7 min
Step 17850/400000 | t=1.78e+00 | T=7399.7 | a=1.000043 | H=2.41e-05 | 12.1 steps/s | 82.33 ms/step | ETA: 524.3 min
