======================================================================
LATTICE SIMULATION LOG
Started: 2026-02-26 07:43:53
Log file: logs/simulation_20260226_074353.log
======================================================================

Numba Configuration:
  Version: 0.63.1
  Threading layer: default
  Configured threads: 11
  Active threads: 11
----------------------------------------------------------------------

Time step: dt_phys = 1.00e-04, dt (rescaled) = 1.0000e-01
  CFL limit: dt_CFL = 0.5774 (rescaled)
  dt/dt_CFL = 1.7321e-01 (SAFE)

Hubble expansion: ENABLED (comoving lattice)
  g_* = 106.75, M_Pl = 2.40e+18 GeV, ΔV = 1.00e+28 GeV^4
  H² = (T⁴/χ_g² + ΔV) / (3 M_Pl²)
  H(T0=7370.0) = 2.4056e-05 GeV
  3H = 7.2169e-05 GeV
  η_phys = 7000 GeV  →  3H/η = 1.03e-08
  T(t) = T0 / a(t)  (entropy conservation)
  Initial a = 1.0
Field precision: float32
Tree-level VEV: ±1.0000e+11
Couplings: boson=1.09, fermion=1.09

Finding thermal VEV at T = 7370.0...
  V'(0) = 7.7081e-07
  V'(VEV) = 7.2041e-31
  Thermal VEV found: 1.0000e+11
  Ratio thermal/tree: 1.0000

Finding escape point...
  V'(1e-10) = 7.7081e-07
  V'(1e0)   = 7.7081e+03
  V'(1e5)   = -9.9982e+10
  V'(1e8)   = -1.0000e+14
  V'(1e10)  = -9.9000e+15
  Barrier found between 1.4897e+03 and 1.5672e+03
  Barrier top at: 1.5078e+03
  Escape point: 1.6586e+03
  V'(escape) = -2.7585e+06 (should be < 0)

Using TREE-LEVEL VEV for seeding: 1.0000e+11
The bubble is seeded at the true vacuum (no rolling needed).
Bubble seeding: DISABLED (thermal nucleation only)
Field states will be saved to: data/set6/256x256x256_T0_7370_dx_0.001_dtphys_0.0001_interval_5000_3D_hubble_eta_7000_gb_1.09_gf_1.09_rk2_fused_table/field_states
Figures will be saved to: data/set6/256x256x256_T0_7370_dx_0.001_dtphys_0.0001_interval_5000_3D_hubble_eta_7000_gb_1.09_gf_1.09_rk2_fused_table/figs/latticeSnapshot

============================================================
Starting time evolution...
Grid: 256×256×256, Steps: 10000000000, dt: 1.00e-01
Integrator: rk2_fused_table
Using Vprime lookup table: True (size=16384)
Using in-kernel RNG: True
Field precision: float32
Spline resolution N_Y: 256
Bubble seeding: DISABLED
Thermal noise: ENABLED (FDT noise_scale(T0) = 3.2122e+03)
Overdamped mode: DISABLED (η = 7000)
Hubble expansion: ENABLED
  H(T0) = 2.4056e-05 GeV, 3H/η = 1.03e-08
  g_* = 106.75, M_Pl = 2.40e+18 GeV
============================================================

Warming up JIT compilation...
JIT warmup complete.
Starting main loop...

Dense snapshots: enabled (threshold=10000.0, interval=100)
Step 0/10000000000 | t=0.00e+00 | T=7370.0 | a=1.000000 | H=2.41e-05 | 1.1 steps/s | 912.31 ms/step | ETA: 152051687.2 min
Step 5000/10000000000 | t=5.00e-01 | T=7369.9 | a=1.000012 | H=2.41e-05 | 11.0 steps/s | 91.11 ms/step | ETA: 15185290.7 min
Step 10000/10000000000 | t=1.00e+00 | T=7369.8 | a=1.000024 | H=2.41e-05 | 12.1 steps/s | 82.83 ms/step | ETA: 13804421.5 min

*** phi threshold exceeded: max|phi|=10129.5 > 10000.0
*** Switching to dense snapshots: every 100 steps

Step 10700/10000000000 | t=1.07e+00 | T=7369.8 | a=1.000026 | H=2.41e-05 | 12.1 steps/s | 82.50 ms/step | ETA: 13749211.0 min
Step 10800/10000000000 | t=1.08e+00 | T=7369.8 | a=1.000026 | H=2.41e-05 | 12.1 steps/s | 82.59 ms/step | ETA: 13765125.1 min
Step 10900/10000000000 | t=1.09e+00 | T=7369.8 | a=1.000026 | H=2.41e-05 | 12.1 steps/s | 82.69 ms/step | ETA: 13781099.9 min
Step 11000/10000000000 | t=1.10e+00 | T=7369.8 | a=1.000026 | H=2.41e-05 | 12.1 steps/s | 82.78 ms/step | ETA: 13797215.4 min
Step 11100/10000000000 | t=1.11e+00 | T=7369.8 | a=1.000027 | H=2.41e-05 | 12.1 steps/s | 82.92 ms/step | ETA: 13819518.4 min
Step 11200/10000000000 | t=1.12e+00 | T=7369.8 | a=1.000027 | H=2.41e-05 | 12.0 steps/s | 83.01 ms/step | ETA: 13835686.4 min
Step 11300/10000000000 | t=1.13e+00 | T=7369.8 | a=1.000027 | H=2.41e-05 | 12.0 steps/s | 83.10 ms/step | ETA: 13850044.3 min
Step 11400/10000000000 | t=1.14e+00 | T=7369.8 | a=1.000027 | H=2.41e-05 | 12.0 steps/s | 83.20 ms/step | ETA: 13867042.6 min
Step 11500/10000000000 | t=1.15e+00 | T=7369.8 | a=1.000028 | H=2.41e-05 | 12.0 steps/s | 83.46 ms/step | ETA: 13909666.2 min
Step 11600/10000000000 | t=1.16e+00 | T=7369.8 | a=1.000028 | H=2.41e-05 | 12.0 steps/s | 83.54 ms/step | ETA: 13923685.6 min
Step 11700/10000000000 | t=1.17e+00 | T=7369.8 | a=1.000028 | H=2.41e-05 | 12.0 steps/s | 83.64 ms/step | ETA: 13940730.6 min
Step 11800/10000000000 | t=1.18e+00 | T=7369.8 | a=1.000028 | H=2.41e-05 | 11.9 steps/s | 83.73 ms/step | ETA: 13955562.1 min
Step 11900/10000000000 | t=1.19e+00 | T=7369.8 | a=1.000029 | H=2.41e-05 | 11.9 steps/s | 83.81 ms/step | ETA: 13967647.4 min
Step 12000/10000000000 | t=1.20e+00 | T=7369.8 | a=1.000029 | H=2.41e-05 | 11.9 steps/s | 83.88 ms/step | ETA: 13979474.5 min
Step 12100/10000000000 | t=1.21e+00 | T=7369.8 | a=1.000029 | H=2.41e-05 | 11.9 steps/s | 83.96 ms/step | ETA: 13994028.8 min
Step 12200/10000000000 | t=1.22e+00 | T=7369.8 | a=1.000029 | H=2.41e-05 | 11.9 steps/s | 84.03 ms/step | ETA: 14005721.2 min
Step 12300/10000000000 | t=1.23e+00 | T=7369.8 | a=1.000030 | H=2.41e-05 | 11.9 steps/s | 84.18 ms/step | ETA: 14029392.2 min
Step 12400/10000000000 | t=1.24e+00 | T=7369.8 | a=1.000030 | H=2.41e-05 | 11.9 steps/s | 84.31 ms/step | ETA: 14051704.6 min
Step 12500/10000000000 | t=1.25e+00 | T=7369.8 | a=1.000030 | H=2.41e-05 | 11.8 steps/s | 84.59 ms/step | ETA: 14098293.3 min
Step 12600/10000000000 | t=1.26e+00 | T=7369.8 | a=1.000030 | H=2.41e-05 | 11.8 steps/s | 84.72 ms/step | ETA: 14120220.1 min
Step 12700/10000000000 | t=1.27e+00 | T=7369.8 | a=1.000031 | H=2.41e-05 | 11.8 steps/s | 84.85 ms/step | ETA: 14141249.0 min
Step 12800/10000000000 | t=1.28e+00 | T=7369.8 | a=1.000031 | H=2.41e-05 | 11.8 steps/s | 84.98 ms/step | ETA: 14163506.5 min
Step 12900/10000000000 | t=1.29e+00 | T=7369.8 | a=1.000031 | H=2.41e-05 | 11.8 steps/s | 85.09 ms/step | ETA: 14182016.3 min
Step 13000/10000000000 | t=1.30e+00 | T=7369.8 | a=1.000031 | H=2.41e-05 | 11.7 steps/s | 85.15 ms/step | ETA: 14191380.2 min
Step 13100/10000000000 | t=1.31e+00 | T=7369.8 | a=1.000032 | H=2.41e-05 | 11.7 steps/s | 85.20 ms/step | ETA: 14200212.0 min
Step 13200/10000000000 | t=1.32e+00 | T=7369.8 | a=1.000032 | H=2.41e-05 | 11.7 steps/s | 85.26 ms/step | ETA: 14209643.3 min
Step 13300/10000000000 | t=1.33e+00 | T=7369.8 | a=1.000032 | H=2.41e-05 | 11.7 steps/s | 85.31 ms/step | ETA: 14217810.1 min
Step 13400/10000000000 | t=1.34e+00 | T=7369.8 | a=1.000032 | H=2.41e-05 | 11.7 steps/s | 85.37 ms/step | ETA: 14227689.2 min
Step 13500/10000000000 | t=1.35e+00 | T=7369.8 | a=1.000032 | H=2.41e-05 | 11.7 steps/s | 85.57 ms/step | ETA: 14260963.3 min
Step 13600/10000000000 | t=1.36e+00 | T=7369.8 | a=1.000033 | H=2.41e-05 | 11.7 steps/s | 85.61 ms/step | ETA: 14269145.8 min
Step 13700/10000000000 | t=1.37e+00 | T=7369.8 | a=1.000033 | H=2.41e-05 | 11.7 steps/s | 85.69 ms/step | ETA: 14280975.6 min
Step 13800/10000000000 | t=1.38e+00 | T=7369.8 | a=1.000033 | H=2.41e-05 | 11.7 steps/s | 85.79 ms/step | ETA: 14297482.9 min
Step 13900/10000000000 | t=1.39e+00 | T=7369.8 | a=1.000033 | H=2.41e-05 | 11.6 steps/s | 85.88 ms/step | ETA: 14313125.5 min
Step 14000/10000000000 | t=1.40e+00 | T=7369.8 | a=1.000034 | H=2.41e-05 | 11.6 steps/s | 86.01 ms/step | ETA: 14334646.8 min
Step 14100/10000000000 | t=1.41e+00 | T=7369.8 | a=1.000034 | H=2.41e-05 | 11.6 steps/s | 86.15 ms/step | ETA: 14359112.9 min
Step 14200/10000000000 | t=1.42e+00 | T=7369.7 | a=1.000034 | H=2.41e-05 | 11.6 steps/s | 86.23 ms/step | ETA: 14370819.1 min
Step 14300/10000000000 | t=1.43e+00 | T=7369.7 | a=1.000034 | H=2.41e-05 | 11.6 steps/s | 86.40 ms/step | ETA: 14399933.5 min
Step 14400/10000000000 | t=1.44e+00 | T=7369.7 | a=1.000035 | H=2.41e-05 | 11.6 steps/s | 86.45 ms/step | ETA: 14407656.9 min
Step 14500/10000000000 | t=1.45e+00 | T=7369.7 | a=1.000035 | H=2.41e-05 | 11.5 steps/s | 86.61 ms/step | ETA: 14434288.6 min
Step 14600/10000000000 | t=1.46e+00 | T=7369.7 | a=1.000035 | H=2.41e-05 | 11.5 steps/s | 86.63 ms/step | ETA: 14438472.6 min
Step 14700/10000000000 | t=1.47e+00 | T=7369.7 | a=1.000035 | H=2.41e-05 | 11.5 steps/s | 86.65 ms/step | ETA: 14442081.2 min
Step 14800/10000000000 | t=1.48e+00 | T=7369.7 | a=1.000036 | H=2.41e-05 | 11.5 steps/s | 86.68 ms/step | ETA: 14447463.7 min
Step 14900/10000000000 | t=1.49e+00 | T=7369.7 | a=1.000036 | H=2.41e-05 | 11.5 steps/s | 86.72 ms/step | ETA: 14452672.9 min
Step 15000/10000000000 | t=1.50e+00 | T=7369.7 | a=1.000036 | H=2.41e-05 | 11.5 steps/s | 86.74 ms/step | ETA: 14455968.3 min
Step 15100/10000000000 | t=1.51e+00 | T=7369.7 | a=1.000036 | H=2.41e-05 | 11.5 steps/s | 86.76 ms/step | ETA: 14459249.0 min
Step 15200/10000000000 | t=1.52e+00 | T=7369.7 | a=1.000037 | H=2.41e-05 | 11.5 steps/s | 86.78 ms/step | ETA: 14464037.2 min
Step 15300/10000000000 | t=1.53e+00 | T=7369.7 | a=1.000037 | H=2.41e-05 | 11.5 steps/s | 86.81 ms/step | ETA: 14467706.3 min
Step 15400/10000000000 | t=1.54e+00 | T=7369.7 | a=1.000037 | H=2.41e-05 | 11.5 steps/s | 86.85 ms/step | ETA: 14474236.5 min
Step 15500/10000000000 | t=1.55e+00 | T=7369.7 | a=1.000037 | H=2.41e-05 | 11.5 steps/s | 87.00 ms/step | ETA: 14500442.0 min
Step 15600/10000000000 | t=1.56e+00 | T=7369.7 | a=1.000038 | H=2.41e-05 | 11.5 steps/s | 87.05 ms/step | ETA: 14508549.0 min
Step 15700/10000000000 | t=1.57e+00 | T=7369.7 | a=1.000038 | H=2.41e-05 | 11.5 steps/s | 87.06 ms/step | ETA: 14509495.5 min
Step 15800/10000000000 | t=1.58e+00 | T=7369.7 | a=1.000038 | H=2.41e-05 | 11.5 steps/s | 87.06 ms/step | ETA: 14510264.5 min
Step 15900/10000000000 | t=1.59e+00 | T=7369.7 | a=1.000038 | H=2.41e-05 | 11.5 steps/s | 87.07 ms/step | ETA: 14511692.5 min
Step 16000/10000000000 | t=1.60e+00 | T=7369.7 | a=1.000038 | H=2.41e-05 | 11.5 steps/s | 87.11 ms/step | ETA: 14518249.2 min
Step 16100/10000000000 | t=1.61e+00 | T=7369.7 | a=1.000039 | H=2.41e-05 | 11.5 steps/s | 87.13 ms/step | ETA: 14521236.8 min
Step 16200/10000000000 | t=1.62e+00 | T=7369.7 | a=1.000039 | H=2.41e-05 | 11.5 steps/s | 87.16 ms/step | ETA: 14527385.8 min
Step 16300/10000000000 | t=1.63e+00 | T=7369.7 | a=1.000039 | H=2.41e-05 | 11.5 steps/s | 87.17 ms/step | ETA: 14529062.8 min
Step 16400/10000000000 | t=1.64e+00 | T=7369.7 | a=1.000039 | H=2.41e-05 | 11.5 steps/s | 87.19 ms/step | ETA: 14532289.5 min
Step 16500/10000000000 | t=1.65e+00 | T=7369.7 | a=1.000040 | H=2.41e-05 | 11.5 steps/s | 87.32 ms/step | ETA: 14552619.7 min
Step 16600/10000000000 | t=1.66e+00 | T=7369.7 | a=1.000040 | H=2.41e-05 | 11.5 steps/s | 87.32 ms/step | ETA: 14553598.8 min
Step 16700/10000000000 | t=1.67e+00 | T=7369.7 | a=1.000040 | H=2.41e-05 | 11.4 steps/s | 87.37 ms/step | ETA: 14562359.0 min
Step 16800/10000000000 | t=1.68e+00 | T=7369.7 | a=1.000040 | H=2.41e-05 | 11.4 steps/s | 87.37 ms/step | ETA: 14562406.0 min
Step 16900/10000000000 | t=1.69e+00 | T=7369.7 | a=1.000041 | H=2.41e-05 | 11.4 steps/s | 87.37 ms/step | ETA: 14562099.9 min
Step 17000/10000000000 | t=1.70e+00 | T=7369.7 | a=1.000041 | H=2.41e-05 | 11.4 steps/s | 87.37 ms/step | ETA: 14561208.7 min
Step 17100/10000000000 | t=1.71e+00 | T=7369.7 | a=1.000041 | H=2.41e-05 | 11.4 steps/s | 87.36 ms/step | ETA: 14559856.4 min
Step 17200/10000000000 | t=1.72e+00 | T=7369.7 | a=1.000041 | H=2.41e-05 | 11.4 steps/s | 87.35 ms/step | ETA: 14558619.2 min
Step 17300/10000000000 | t=1.73e+00 | T=7369.7 | a=1.000042 | H=2.41e-05 | 11.4 steps/s | 87.34 ms/step | ETA: 14556911.0 min
Step 17400/10000000000 | t=1.74e+00 | T=7369.7 | a=1.000042 | H=2.41e-05 | 11.4 steps/s | 87.34 ms/step | ETA: 14556656.3 min
Step 17500/10000000000 | t=1.75e+00 | T=7369.7 | a=1.000042 | H=2.41e-05 | 11.4 steps/s | 87.45 ms/step | ETA: 14575057.4 min
Step 17600/10000000000 | t=1.76e+00 | T=7369.7 | a=1.000042 | H=2.41e-05 | 11.4 steps/s | 87.44 ms/step | ETA: 14573800.2 min
Step 17700/10000000000 | t=1.77e+00 | T=7369.7 | a=1.000043 | H=2.41e-05 | 11.4 steps/s | 87.44 ms/step | ETA: 14572558.9 min
Step 17800/10000000000 | t=1.78e+00 | T=7369.7 | a=1.000043 | H=2.41e-05 | 11.4 steps/s | 87.43 ms/step | ETA: 14570886.1 min
Step 17900/10000000000 | t=1.79e+00 | T=7369.7 | a=1.000043 | H=2.41e-05 | 11.4 steps/s | 87.41 ms/step | ETA: 14568924.0 min
Step 18000/10000000000 | t=1.80e+00 | T=7369.7 | a=1.000043 | H=2.41e-05 | 11.4 steps/s | 87.40 ms/step | ETA: 14566946.0 min
Step 18100/10000000000 | t=1.81e+00 | T=7369.7 | a=1.000044 | H=2.41e-05 | 11.4 steps/s | 87.42 ms/step | ETA: 14570745.6 min
Step 18200/10000000000 | t=1.82e+00 | T=7369.7 | a=1.000044 | H=2.41e-05 | 11.4 steps/s | 87.42 ms/step | ETA: 14570672.2 min
Step 18300/10000000000 | t=1.83e+00 | T=7369.7 | a=1.000044 | H=2.41e-05 | 11.4 steps/s | 87.41 ms/step | ETA: 14568765.5 min
Step 18400/10000000000 | t=1.84e+00 | T=7369.7 | a=1.000044 | H=2.41e-05 | 11.4 steps/s | 87.40 ms/step | ETA: 14566785.0 min
Step 18500/10000000000 | t=1.85e+00 | T=7369.7 | a=1.000045 | H=2.41e-05 | 11.4 steps/s | 87.50 ms/step | ETA: 14582596.1 min
Step 18600/10000000000 | t=1.86e+00 | T=7369.7 | a=1.000045 | H=2.41e-05 | 11.4 steps/s | 87.48 ms/step | ETA: 14580025.1 min
Step 18700/10000000000 | t=1.87e+00 | T=7369.7 | a=1.000045 | H=2.41e-05 | 11.4 steps/s | 87.49 ms/step | ETA: 14581988.5 min
Step 18800/10000000000 | t=1.88e+00 | T=7369.7 | a=1.000045 | H=2.41e-05 | 11.4 steps/s | 87.50 ms/step | ETA: 14583866.3 min
Step 18900/10000000000 | t=1.89e+00 | T=7369.7 | a=1.000045 | H=2.41e-05 | 11.4 steps/s | 87.50 ms/step | ETA: 14583314.4 min
Step 19000/10000000000 | t=1.90e+00 | T=7369.7 | a=1.000046 | H=2.41e-05 | 11.4 steps/s | 87.49 ms/step | ETA: 14581415.5 min
Step 19100/10000000000 | t=1.91e+00 | T=7369.7 | a=1.000046 | H=2.41e-05 | 11.4 steps/s | 87.47 ms/step | ETA: 14578997.9 min
Step 19200/10000000000 | t=1.92e+00 | T=7369.7 | a=1.000046 | H=2.41e-05 | 11.4 steps/s | 87.46 ms/step | ETA: 14576451.0 min
Step 19300/10000000000 | t=1.93e+00 | T=7369.7 | a=1.000046 | H=2.41e-05 | 11.4 steps/s | 87.44 ms/step | ETA: 14574088.0 min
Step 19400/10000000000 | t=1.94e+00 | T=7369.7 | a=1.000047 | H=2.41e-05 | 11.4 steps/s | 87.44 ms/step | ETA: 14573409.5 min
Step 19500/10000000000 | t=1.95e+00 | T=7369.7 | a=1.000047 | H=2.41e-05 | 11.4 steps/s | 87.53 ms/step | ETA: 14589004.2 min
Step 19600/10000000000 | t=1.96e+00 | T=7369.7 | a=1.000047 | H=2.41e-05 | 11.4 steps/s | 87.52 ms/step | ETA: 14586544.7 min
Step 19700/10000000000 | t=1.97e+00 | T=7369.7 | a=1.000047 | H=2.41e-05 | 11.4 steps/s | 87.51 ms/step | ETA: 14585003.8 min
Step 19800/10000000000 | t=1.98e+00 | T=7369.6 | a=1.000048 | H=2.41e-05 | 11.4 steps/s | 87.50 ms/step | ETA: 14582771.3 min
Step 19900/10000000000 | t=1.99e+00 | T=7369.6 | a=1.000048 | H=2.41e-05 | 11.4 steps/s | 87.48 ms/step | ETA: 14579975.7 min
Step 20000/10000000000 | t=2.00e+00 | T=7369.6 | a=1.000048 | H=2.41e-05 | 11.4 steps/s | 87.47 ms/step | ETA: 14577480.4 min
Step 20100/10000000000 | t=2.01e+00 | T=7369.6 | a=1.000048 | H=2.41e-05 | 11.4 steps/s | 87.48 ms/step | ETA: 14579430.6 min
Step 20200/10000000000 | t=2.02e+00 | T=7369.6 | a=1.000049 | H=2.41e-05 | 11.4 steps/s | 87.46 ms/step | ETA: 14577070.4 min
Step 20300/10000000000 | t=2.03e+00 | T=7369.6 | a=1.000049 | H=2.41e-05 | 11.4 steps/s | 87.45 ms/step | ETA: 14574376.7 min
Step 20400/10000000000 | t=2.04e+00 | T=7369.6 | a=1.000049 | H=2.41e-05 | 11.4 steps/s | 87.44 ms/step | ETA: 14572588.6 min
Step 20500/10000000000 | t=2.05e+00 | T=7369.6 | a=1.000049 | H=2.41e-05 | 11.4 steps/s | 87.52 ms/step | ETA: 14585969.1 min
Step 20600/10000000000 | t=2.06e+00 | T=7369.6 | a=1.000050 | H=2.41e-05 | 11.4 steps/s | 87.50 ms/step | ETA: 14582910.6 min
Step 20700/10000000000 | t=2.07e+00 | T=7369.6 | a=1.000050 | H=2.41e-05 | 11.4 steps/s | 87.48 ms/step | ETA: 14580546.5 min
Step 20800/10000000000 | t=2.08e+00 | T=7369.6 | a=1.000050 | H=2.41e-05 | 11.4 steps/s | 87.48 ms/step | ETA: 14580276.6 min
Step 20900/10000000000 | t=2.09e+00 | T=7369.6 | a=1.000050 | H=2.41e-05 | 11.4 steps/s | 87.47 ms/step | ETA: 14577887.6 min
Step 21000/10000000000 | t=2.10e+00 | T=7369.6 | a=1.000051 | H=2.41e-05 | 11.4 steps/s | 87.46 ms/step | ETA: 14576431.9 min
Step 21100/10000000000 | t=2.11e+00 | T=7369.6 | a=1.000051 | H=2.41e-05 | 11.4 steps/s | 87.44 ms/step | ETA: 14573095.0 min
Step 21200/10000000000 | t=2.12e+00 | T=7369.6 | a=1.000051 | H=2.41e-05 | 11.4 steps/s | 87.42 ms/step | ETA: 14569718.0 min
Step 21300/10000000000 | t=2.13e+00 | T=7369.6 | a=1.000051 | H=2.41e-05 | 11.4 steps/s | 87.40 ms/step | ETA: 14566694.4 min
Step 21400/10000000000 | t=2.14e+00 | T=7369.6 | a=1.000051 | H=2.41e-05 | 11.4 steps/s | 87.38 ms/step | ETA: 14563736.4 min
Step 21500/10000000000 | t=2.15e+00 | T=7369.6 | a=1.000052 | H=2.41e-05 | 11.4 steps/s | 87.48 ms/step | ETA: 14579285.4 min
Step 21600/10000000000 | t=2.16e+00 | T=7369.6 | a=1.000052 | H=2.41e-05 | 11.4 steps/s | 87.47 ms/step | ETA: 14577690.2 min
Step 21700/10000000000 | t=2.17e+00 | T=7369.6 | a=1.000052 | H=2.41e-05 | 11.4 steps/s | 87.45 ms/step | ETA: 14574492.7 min
Step 21800/10000000000 | t=2.18e+00 | T=7369.6 | a=1.000052 | H=2.41e-05 | 11.4 steps/s | 87.45 ms/step | ETA: 14574228.1 min
Step 21900/10000000000 | t=2.19e+00 | T=7369.6 | a=1.000053 | H=2.41e-05 | 11.4 steps/s | 87.43 ms/step | ETA: 14571058.4 min
Step 22000/10000000000 | t=2.20e+00 | T=7369.6 | a=1.000053 | H=2.41e-05 | 11.4 steps/s | 87.41 ms/step | ETA: 14567902.9 min
Step 22100/10000000000 | t=2.21e+00 | T=7369.6 | a=1.000053 | H=2.41e-05 | 11.4 steps/s | 87.39 ms/step | ETA: 14564363.3 min
Step 22200/10000000000 | t=2.22e+00 | T=7369.6 | a=1.000053 | H=2.41e-05 | 11.4 steps/s | 87.39 ms/step | ETA: 14564296.3 min
Step 22300/10000000000 | t=2.23e+00 | T=7369.6 | a=1.000054 | H=2.41e-05 | 11.4 steps/s | 87.37 ms/step | ETA: 14561244.7 min
Step 22400/10000000000 | t=2.24e+00 | T=7369.6 | a=1.000054 | H=2.41e-05 | 11.4 steps/s | 87.37 ms/step | ETA: 14562200.1 min
Step 22500/10000000000 | t=2.25e+00 | T=7369.6 | a=1.000054 | H=2.41e-05 | 11.4 steps/s | 87.45 ms/step | ETA: 14574229.9 min
Step 22600/10000000000 | t=2.26e+00 | T=7369.6 | a=1.000054 | H=2.41e-05 | 11.4 steps/s | 87.43 ms/step | ETA: 14571299.4 min
Step 22700/10000000000 | t=2.27e+00 | T=7369.6 | a=1.000055 | H=2.41e-05 | 11.4 steps/s | 87.41 ms/step | ETA: 14567883.3 min
Step 22800/10000000000 | t=2.28e+00 | T=7369.6 | a=1.000055 | H=2.41e-05 | 11.4 steps/s | 87.39 ms/step | ETA: 14565065.8 min
Step 22900/10000000000 | t=2.29e+00 | T=7369.6 | a=1.000055 | H=2.41e-05 | 11.4 steps/s | 87.39 ms/step | ETA: 14565427.8 min
Step 23000/10000000000 | t=2.30e+00 | T=7369.6 | a=1.000055 | H=2.41e-05 | 11.4 steps/s | 87.38 ms/step | ETA: 14563872.8 min
Step 23100/10000000000 | t=2.31e+00 | T=7369.6 | a=1.000056 | H=2.41e-05 | 11.4 steps/s | 87.37 ms/step | ETA: 14561113.3 min
Step 23200/10000000000 | t=2.32e+00 | T=7369.6 | a=1.000056 | H=2.41e-05 | 11.4 steps/s | 87.35 ms/step | ETA: 14558610.0 min
Step 23300/10000000000 | t=2.33e+00 | T=7369.6 | a=1.000056 | H=2.41e-05 | 11.5 steps/s | 87.33 ms/step | ETA: 14555440.4 min
Step 23400/10000000000 | t=2.34e+00 | T=7369.6 | a=1.000056 | H=2.41e-05 | 11.5 steps/s | 87.31 ms/step | ETA: 14552320.3 min
Step 23500/10000000000 | t=2.35e+00 | T=7369.6 | a=1.000057 | H=2.41e-05 | 11.4 steps/s | 87.38 ms/step | ETA: 14564065.0 min
Step 23600/10000000000 | t=2.36e+00 | T=7369.6 | a=1.000057 | H=2.41e-05 | 11.4 steps/s | 87.40 ms/step | ETA: 14567236.6 min
Step 23700/10000000000 | t=2.37e+00 | T=7369.6 | a=1.000057 | H=2.41e-05 | 11.4 steps/s | 87.39 ms/step | ETA: 14564214.0 min
Step 23800/10000000000 | t=2.38e+00 | T=7369.6 | a=1.000057 | H=2.41e-05 | 11.4 steps/s | 87.37 ms/step | ETA: 14562177.6 min
Step 23900/10000000000 | t=2.39e+00 | T=7369.6 | a=1.000057 | H=2.41e-05 | 11.4 steps/s | 87.35 ms/step | ETA: 14558630.1 min
Step 24000/10000000000 | t=2.40e+00 | T=7369.6 | a=1.000058 | H=2.41e-05 | 11.5 steps/s | 87.33 ms/step | ETA: 14555107.8 min
Step 24100/10000000000 | t=2.41e+00 | T=7369.6 | a=1.000058 | H=2.41e-05 | 11.5 steps/s | 87.31 ms/step | ETA: 14552312.6 min
Step 24200/10000000000 | t=2.42e+00 | T=7369.6 | a=1.000058 | H=2.41e-05 | 11.5 steps/s | 87.29 ms/step | ETA: 14548905.4 min
Step 24300/10000000000 | t=2.43e+00 | T=7369.6 | a=1.000058 | H=2.41e-05 | 11.5 steps/s | 87.28 ms/step | ETA: 14546908.2 min
Step 24400/10000000000 | t=2.44e+00 | T=7369.6 | a=1.000059 | H=2.41e-05 | 11.5 steps/s | 87.26 ms/step | ETA: 14544049.8 min
Step 24500/10000000000 | t=2.45e+00 | T=7369.6 | a=1.000059 | H=2.41e-05 | 11.5 steps/s | 87.33 ms/step | ETA: 14554867.2 min
Step 24600/10000000000 | t=2.46e+00 | T=7369.6 | a=1.000059 | H=2.41e-05 | 11.5 steps/s | 87.32 ms/step | ETA: 14553994.4 min
Step 24700/10000000000 | t=2.47e+00 | T=7369.6 | a=1.000059 | H=2.41e-05 | 11.5 steps/s | 87.30 ms/step | ETA: 14550736.8 min
Step 24800/10000000000 | t=2.48e+00 | T=7369.6 | a=1.000060 | H=2.41e-05 | 11.5 steps/s | 87.29 ms/step | ETA: 14547474.3 min
Step 24900/10000000000 | t=2.49e+00 | T=7369.6 | a=1.000060 | H=2.41e-05 | 11.5 steps/s | 87.27 ms/step | ETA: 14545333.4 min
Step 25000/10000000000 | t=2.50e+00 | T=7369.6 | a=1.000060 | H=2.41e-05 | 11.5 steps/s | 87.26 ms/step | ETA: 14543302.5 min
Step 25100/10000000000 | t=2.51e+00 | T=7369.6 | a=1.000060 | H=2.41e-05 | 11.5 steps/s | 87.24 ms/step | ETA: 14540579.5 min
Step 25200/10000000000 | t=2.52e+00 | T=7369.6 | a=1.000061 | H=2.41e-05 | 11.5 steps/s | 87.23 ms/step | ETA: 14537594.2 min
Step 25300/10000000000 | t=2.53e+00 | T=7369.6 | a=1.000061 | H=2.41e-05 | 11.5 steps/s | 87.21 ms/step | ETA: 14535030.2 min
Step 25400/10000000000 | t=2.54e+00 | T=7369.5 | a=1.000061 | H=2.41e-05 | 11.5 steps/s | 87.19 ms/step | ETA: 14531794.7 min
Step 25500/10000000000 | t=2.55e+00 | T=7369.5 | a=1.000061 | H=2.41e-05 | 11.5 steps/s | 87.25 ms/step | ETA: 14541936.7 min
Step 25600/10000000000 | t=2.56e+00 | T=7369.5 | a=1.000062 | H=2.41e-05 | 11.5 steps/s | 87.23 ms/step | ETA: 14538639.5 min
Step 25700/10000000000 | t=2.57e+00 | T=7369.5 | a=1.000062 | H=2.41e-05 | 11.5 steps/s | 87.22 ms/step | ETA: 14536494.0 min
Step 25800/10000000000 | t=2.58e+00 | T=7369.5 | a=1.000062 | H=2.41e-05 | 11.5 steps/s | 87.20 ms/step | ETA: 14533471.2 min
Step 25900/10000000000 | t=2.59e+00 | T=7369.5 | a=1.000062 | H=2.41e-05 | 11.5 steps/s | 87.19 ms/step | ETA: 14531332.4 min
Step 26000/10000000000 | t=2.60e+00 | T=7369.5 | a=1.000063 | H=2.41e-05 | 11.5 steps/s | 87.17 ms/step | ETA: 14528963.1 min
Step 26100/10000000000 | t=2.61e+00 | T=7369.5 | a=1.000063 | H=2.41e-05 | 11.5 steps/s | 87.16 ms/step | ETA: 14525892.3 min
Step 26200/10000000000 | t=2.62e+00 | T=7369.5 | a=1.000063 | H=2.41e-05 | 11.5 steps/s | 87.14 ms/step | ETA: 14522913.0 min
Step 26300/10000000000 | t=2.63e+00 | T=7369.5 | a=1.000063 | H=2.41e-05 | 11.5 steps/s | 87.12 ms/step | ETA: 14520010.7 min
Step 26400/10000000000 | t=2.64e+00 | T=7369.5 | a=1.000064 | H=2.41e-05 | 11.5 steps/s | 87.12 ms/step | ETA: 14519950.9 min
Step 26500/10000000000 | t=2.65e+00 | T=7369.5 | a=1.000064 | H=2.41e-05 | 11.5 steps/s | 87.20 ms/step | ETA: 14532490.2 min
Step 26600/10000000000 | t=2.66e+00 | T=7369.5 | a=1.000064 | H=2.41e-05 | 11.5 steps/s | 87.18 ms/step | ETA: 14529602.6 min
Step 26700/10000000000 | t=2.67e+00 | T=7369.5 | a=1.000064 | H=2.41e-05 | 11.5 steps/s | 87.16 ms/step | ETA: 14527371.7 min
Step 26800/10000000000 | t=2.68e+00 | T=7369.5 | a=1.000064 | H=2.41e-05 | 11.5 steps/s | 87.15 ms/step | ETA: 14524354.1 min
Step 26900/10000000000 | t=2.69e+00 | T=7369.5 | a=1.000065 | H=2.41e-05 | 11.5 steps/s | 87.13 ms/step | ETA: 14521191.4 min
Step 27000/10000000000 | t=2.70e+00 | T=7369.5 | a=1.000065 | H=2.41e-05 | 11.5 steps/s | 87.11 ms/step | ETA: 14518091.7 min
Step 27100/10000000000 | t=2.71e+00 | T=7369.5 | a=1.000065 | H=2.41e-05 | 11.5 steps/s | 87.11 ms/step | ETA: 14518797.4 min
Step 27200/10000000000 | t=2.72e+00 | T=7369.5 | a=1.000065 | H=2.41e-05 | 11.5 steps/s | 87.10 ms/step | ETA: 14516107.8 min
Step 27300/10000000000 | t=2.73e+00 | T=7369.5 | a=1.000066 | H=2.41e-05 | 11.5 steps/s | 87.08 ms/step | ETA: 14513331.9 min
Step 27400/10000000000 | t=2.74e+00 | T=7369.5 | a=1.000066 | H=2.41e-05 | 11.5 steps/s | 87.07 ms/step | ETA: 14512378.1 min
Step 27500/10000000000 | t=2.75e+00 | T=7369.5 | a=1.000066 | H=2.41e-05 | 11.5 steps/s | 87.13 ms/step | ETA: 14521812.5 min
Step 27600/10000000000 | t=2.76e+00 | T=7369.5 | a=1.000066 | H=2.41e-05 | 11.5 steps/s | 87.11 ms/step | ETA: 14518683.8 min
Step 27700/10000000000 | t=2.77e+00 | T=7369.5 | a=1.000067 | H=2.41e-05 | 11.5 steps/s | 87.09 ms/step | ETA: 14515133.8 min
Step 27800/10000000000 | t=2.78e+00 | T=7369.5 | a=1.000067 | H=2.41e-05 | 11.5 steps/s | 87.09 ms/step | ETA: 14514643.5 min
Step 27900/10000000000 | t=2.79e+00 | T=7369.5 | a=1.000067 | H=2.41e-05 | 11.5 steps/s | 87.07 ms/step | ETA: 14511755.7 min
Step 28000/10000000000 | t=2.80e+00 | T=7369.5 | a=1.000067 | H=2.41e-05 | 11.5 steps/s | 87.06 ms/step | ETA: 14509243.8 min
Step 28100/10000000000 | t=2.81e+00 | T=7369.5 | a=1.000068 | H=2.41e-05 | 11.5 steps/s | 87.04 ms/step | ETA: 14506031.6 min
Step 28200/10000000000 | t=2.82e+00 | T=7369.5 | a=1.000068 | H=2.41e-05 | 11.5 steps/s | 87.02 ms/step | ETA: 14502970.8 min
Step 28300/10000000000 | t=2.83e+00 | T=7369.5 | a=1.000068 | H=2.41e-05 | 11.5 steps/s | 87.00 ms/step | ETA: 14499436.1 min
Step 28400/10000000000 | t=2.84e+00 | T=7369.5 | a=1.000068 | H=2.41e-05 | 11.5 steps/s | 86.98 ms/step | ETA: 14496300.4 min
Step 28500/10000000000 | t=2.85e+00 | T=7369.5 | a=1.000069 | H=2.41e-05 | 11.5 steps/s | 87.04 ms/step | ETA: 14506570.0 min
Step 28600/10000000000 | t=2.86e+00 | T=7369.5 | a=1.000069 | H=2.41e-05 | 11.5 steps/s | 87.02 ms/step | ETA: 14503513.3 min
Step 28700/10000000000 | t=2.87e+00 | T=7369.5 | a=1.000069 | H=2.41e-05 | 11.5 steps/s | 87.01 ms/step | ETA: 14501410.2 min
Step 28800/10000000000 | t=2.88e+00 | T=7369.5 | a=1.000069 | H=2.41e-05 | 11.5 steps/s | 86.99 ms/step | ETA: 14498383.2 min
Step 28900/10000000000 | t=2.89e+00 | T=7369.5 | a=1.000070 | H=2.41e-05 | 11.5 steps/s | 86.97 ms/step | ETA: 14495077.8 min
Step 29000/10000000000 | t=2.90e+00 | T=7369.5 | a=1.000070 | H=2.41e-05 | 11.5 steps/s | 86.95 ms/step | ETA: 14492315.3 min
Step 29100/10000000000 | t=2.91e+00 | T=7369.5 | a=1.000070 | H=2.41e-05 | 11.5 steps/s | 86.94 ms/step | ETA: 14489480.1 min
Step 29200/10000000000 | t=2.92e+00 | T=7369.5 | a=1.000070 | H=2.41e-05 | 11.5 steps/s | 86.93 ms/step | ETA: 14487947.4 min
Step 29300/10000000000 | t=2.93e+00 | T=7369.5 | a=1.000070 | H=2.41e-05 | 11.5 steps/s | 86.91 ms/step | ETA: 14484636.1 min
Step 29400/10000000000 | t=2.94e+00 | T=7369.5 | a=1.000071 | H=2.41e-05 | 11.5 steps/s | 86.89 ms/step | ETA: 14481583.9 min
Step 29500/10000000000 | t=2.95e+00 | T=7369.5 | a=1.000071 | H=2.41e-05 | 11.5 steps/s | 86.94 ms/step | ETA: 14490557.7 min
Step 29600/10000000000 | t=2.96e+00 | T=7369.5 | a=1.000071 | H=2.41e-05 | 11.5 steps/s | 86.92 ms/step | ETA: 14487384.7 min
Step 29700/10000000000 | t=2.97e+00 | T=7369.5 | a=1.000071 | H=2.41e-05 | 11.5 steps/s | 86.91 ms/step | ETA: 14484287.7 min
Step 29800/10000000000 | t=2.98e+00 | T=7369.5 | a=1.000072 | H=2.41e-05 | 11.5 steps/s | 86.89 ms/step | ETA: 14481260.2 min
Step 29900/10000000000 | t=2.99e+00 | T=7369.5 | a=1.000072 | H=2.41e-05 | 11.5 steps/s | 86.88 ms/step | ETA: 14479418.5 min
Step 30000/10000000000 | t=3.00e+00 | T=7369.5 | a=1.000072 | H=2.41e-05 | 11.5 steps/s | 86.86 ms/step | ETA: 14477249.4 min
Step 30100/10000000000 | t=3.01e+00 | T=7369.5 | a=1.000072 | H=2.41e-05 | 11.5 steps/s | 86.85 ms/step | ETA: 14474235.3 min
Step 30200/10000000000 | t=3.02e+00 | T=7369.5 | a=1.000073 | H=2.41e-05 | 11.5 steps/s | 86.83 ms/step | ETA: 14471202.0 min
Step 30300/10000000000 | t=3.03e+00 | T=7369.5 | a=1.000073 | H=2.41e-05 | 11.5 steps/s | 86.82 ms/step | ETA: 14469243.4 min
Step 30400/10000000000 | t=3.04e+00 | T=7369.5 | a=1.000073 | H=2.41e-05 | 11.5 steps/s | 86.80 ms/step | ETA: 14466318.3 min
Step 30500/10000000000 | t=3.05e+00 | T=7369.5 | a=1.000073 | H=2.41e-05 | 11.5 steps/s | 86.85 ms/step | ETA: 14475174.2 min
Step 30600/10000000000 | t=3.06e+00 | T=7369.5 | a=1.000074 | H=2.41e-05 | 11.5 steps/s | 86.90 ms/step | ETA: 14482826.1 min
Step 30700/10000000000 | t=3.07e+00 | T=7369.5 | a=1.000074 | H=2.41e-05 | 11.5 steps/s | 86.88 ms/step | ETA: 14480611.2 min
Step 30800/10000000000 | t=3.08e+00 | T=7369.5 | a=1.000074 | H=2.41e-05 | 11.5 steps/s | 86.87 ms/step | ETA: 14477649.5 min
Step 30900/10000000000 | t=3.09e+00 | T=7369.5 | a=1.000074 | H=2.41e-05 | 11.5 steps/s | 86.85 ms/step | ETA: 14474782.3 min
Step 31000/10000000000 | t=3.10e+00 | T=7369.5 | a=1.000075 | H=2.41e-05 | 11.5 steps/s | 86.83 ms/step | ETA: 14471683.1 min
Step 31100/10000000000 | t=3.11e+00 | T=7369.4 | a=1.000075 | H=2.41e-05 | 11.5 steps/s | 86.81 ms/step | ETA: 14468856.1 min
Step 31200/10000000000 | t=3.12e+00 | T=7369.4 | a=1.000075 | H=2.41e-05 | 11.5 steps/s | 86.80 ms/step | ETA: 14465856.4 min
Step 31300/10000000000 | t=3.13e+00 | T=7369.4 | a=1.000075 | H=2.41e-05 | 11.5 steps/s | 86.78 ms/step | ETA: 14463733.2 min
Step 31400/10000000000 | t=3.14e+00 | T=7369.4 | a=1.000076 | H=2.41e-05 | 11.5 steps/s | 86.77 ms/step | ETA: 14461174.8 min
Step 31500/10000000000 | t=3.15e+00 | T=7369.4 | a=1.000076 | H=2.41e-05 | 11.5 steps/s | 86.81 ms/step | ETA: 14469006.5 min
Step 31600/10000000000 | t=3.16e+00 | T=7369.4 | a=1.000076 | H=2.41e-05 | 11.5 steps/s | 86.80 ms/step | ETA: 14465816.1 min
Step 31700/10000000000 | t=3.17e+00 | T=7369.4 | a=1.000076 | H=2.41e-05 | 11.5 steps/s | 86.78 ms/step | ETA: 14463070.5 min
Step 31800/10000000000 | t=3.18e+00 | T=7369.4 | a=1.000077 | H=2.41e-05 | 11.5 steps/s | 86.76 ms/step | ETA: 14459959.1 min
Step 31900/10000000000 | t=3.19e+00 | T=7369.4 | a=1.000077 | H=2.41e-05 | 11.5 steps/s | 86.74 ms/step | ETA: 14457062.5 min
Step 32000/10000000000 | t=3.20e+00 | T=7369.4 | a=1.000077 | H=2.41e-05 | 11.5 steps/s | 86.73 ms/step | ETA: 14454428.4 min
Step 32100/10000000000 | t=3.21e+00 | T=7369.4 | a=1.000077 | H=2.41e-05 | 11.5 steps/s | 86.71 ms/step | ETA: 14452284.3 min
Step 32200/10000000000 | t=3.22e+00 | T=7369.4 | a=1.000077 | H=2.41e-05 | 11.5 steps/s | 86.70 ms/step | ETA: 14449974.9 min
Step 32300/10000000000 | t=3.23e+00 | T=7369.4 | a=1.000078 | H=2.41e-05 | 11.5 steps/s | 86.68 ms/step | ETA: 14447289.9 min
Step 32400/10000000000 | t=3.24e+00 | T=7369.4 | a=1.000078 | H=2.41e-05 | 11.5 steps/s | 86.67 ms/step | ETA: 14444724.5 min
Step 32500/10000000000 | t=3.25e+00 | T=7369.4 | a=1.000078 | H=2.41e-05 | 11.5 steps/s | 86.72 ms/step | ETA: 14452491.5 min
Step 32600/10000000000 | t=3.26e+00 | T=7369.4 | a=1.000078 | H=2.41e-05 | 11.5 steps/s | 86.70 ms/step | ETA: 14449724.8 min
Step 32700/10000000000 | t=3.27e+00 | T=7369.4 | a=1.000079 | H=2.41e-05 | 11.5 steps/s | 86.68 ms/step | ETA: 14447111.6 min
Step 32800/10000000000 | t=3.28e+00 | T=7369.4 | a=1.000079 | H=2.41e-05 | 11.5 steps/s | 86.67 ms/step | ETA: 14444249.9 min
Step 32900/10000000000 | t=3.29e+00 | T=7369.4 | a=1.000079 | H=2.41e-05 | 11.5 steps/s | 86.65 ms/step | ETA: 14441523.5 min
Step 33000/10000000000 | t=3.30e+00 | T=7369.4 | a=1.000079 | H=2.41e-05 | 11.5 steps/s | 86.63 ms/step | ETA: 14438623.0 min
Step 33100/10000000000 | t=3.31e+00 | T=7369.4 | a=1.000080 | H=2.41e-05 | 11.5 steps/s | 86.62 ms/step | ETA: 14437259.8 min
Step 33200/10000000000 | t=3.32e+00 | T=7369.4 | a=1.000080 | H=2.41e-05 | 11.5 steps/s | 86.61 ms/step | ETA: 14434855.8 min
Step 33300/10000000000 | t=3.33e+00 | T=7369.4 | a=1.000080 | H=2.41e-05 | 11.5 steps/s | 86.60 ms/step | ETA: 14433599.4 min
Step 33400/10000000000 | t=3.34e+00 | T=7369.4 | a=1.000080 | H=2.41e-05 | 11.5 steps/s | 86.60 ms/step | ETA: 14433069.2 min
Step 33500/10000000000 | t=3.35e+00 | T=7369.4 | a=1.000081 | H=2.41e-05 | 11.5 steps/s | 86.65 ms/step | ETA: 14441565.7 min
Step 33600/10000000000 | t=3.36e+00 | T=7369.4 | a=1.000081 | H=2.41e-05 | 11.5 steps/s | 86.64 ms/step | ETA: 14439623.7 min
Step 33700/10000000000 | t=3.37e+00 | T=7369.4 | a=1.000081 | H=2.41e-05 | 11.5 steps/s | 86.62 ms/step | ETA: 14437145.3 min
Step 33800/10000000000 | t=3.38e+00 | T=7369.4 | a=1.000081 | H=2.41e-05 | 11.5 steps/s | 86.61 ms/step | ETA: 14435533.5 min
Step 33900/10000000000 | t=3.39e+00 | T=7369.4 | a=1.000082 | H=2.41e-05 | 11.5 steps/s | 86.60 ms/step | ETA: 14432774.7 min
Step 34000/10000000000 | t=3.40e+00 | T=7369.4 | a=1.000082 | H=2.41e-05 | 11.5 steps/s | 86.59 ms/step | ETA: 14432318.0 min
Step 34100/10000000000 | t=3.41e+00 | T=7369.4 | a=1.000082 | H=2.41e-05 | 11.5 steps/s | 86.58 ms/step | ETA: 14430303.3 min
Step 34200/10000000000 | t=3.42e+00 | T=7369.4 | a=1.000082 | H=2.41e-05 | 11.5 steps/s | 86.58 ms/step | ETA: 14429979.7 min
Step 34300/10000000000 | t=3.43e+00 | T=7369.4 | a=1.000083 | H=2.41e-05 | 11.6 steps/s | 86.57 ms/step | ETA: 14427840.8 min
Step 34400/10000000000 | t=3.44e+00 | T=7369.4 | a=1.000083 | H=2.41e-05 | 11.6 steps/s | 86.55 ms/step | ETA: 14425190.3 min
Step 34500/10000000000 | t=3.45e+00 | T=7369.4 | a=1.000083 | H=2.41e-05 | 11.5 steps/s | 86.61 ms/step | ETA: 14434397.8 min
Step 34600/10000000000 | t=3.46e+00 | T=7369.4 | a=1.000083 | H=2.41e-05 | 11.5 steps/s | 86.59 ms/step | ETA: 14431650.5 min
Step 34700/10000000000 | t=3.47e+00 | T=7369.4 | a=1.000083 | H=2.41e-05 | 11.6 steps/s | 86.58 ms/step | ETA: 14429137.9 min
Step 34800/10000000000 | t=3.48e+00 | T=7369.4 | a=1.000084 | H=2.41e-05 | 11.6 steps/s | 86.57 ms/step | ETA: 14427536.1 min
Step 34900/10000000000 | t=3.49e+00 | T=7369.4 | a=1.000084 | H=2.41e-05 | 11.6 steps/s | 86.57 ms/step | ETA: 14428061.1 min
Step 35000/10000000000 | t=3.50e+00 | T=7369.4 | a=1.000084 | H=2.41e-05 | 11.6 steps/s | 86.56 ms/step | ETA: 14426322.4 min
Step 35100/10000000000 | t=3.51e+00 | T=7369.4 | a=1.000084 | H=2.41e-05 | 11.6 steps/s | 86.54 ms/step | ETA: 14423775.1 min
Step 35200/10000000000 | t=3.52e+00 | T=7369.4 | a=1.000085 | H=2.41e-05 | 11.6 steps/s | 86.53 ms/step | ETA: 14421193.0 min
Step 35300/10000000000 | t=3.53e+00 | T=7369.4 | a=1.000085 | H=2.41e-05 | 11.6 steps/s | 86.52 ms/step | ETA: 14420299.5 min
Step 35400/10000000000 | t=3.54e+00 | T=7369.4 | a=1.000085 | H=2.41e-05 | 11.6 steps/s | 86.51 ms/step | ETA: 14417991.8 min
Step 35500/10000000000 | t=3.55e+00 | T=7369.4 | a=1.000085 | H=2.41e-05 | 11.6 steps/s | 86.55 ms/step | ETA: 14425325.5 min
Step 35600/10000000000 | t=3.56e+00 | T=7369.4 | a=1.000086 | H=2.41e-05 | 11.6 steps/s | 86.55 ms/step | ETA: 14424258.8 min
Step 35700/10000000000 | t=3.57e+00 | T=7369.4 | a=1.000086 | H=2.41e-05 | 11.6 steps/s | 86.53 ms/step | ETA: 14422373.5 min
Step 35800/10000000000 | t=3.58e+00 | T=7369.4 | a=1.000086 | H=2.41e-05 | 11.6 steps/s | 86.52 ms/step | ETA: 14419739.0 min
Step 35900/10000000000 | t=3.59e+00 | T=7369.4 | a=1.000086 | H=2.41e-05 | 11.6 steps/s | 86.51 ms/step | ETA: 14418673.1 min
Step 36000/10000000000 | t=3.60e+00 | T=7369.4 | a=1.000087 | H=2.41e-05 | 11.6 steps/s | 86.51 ms/step | ETA: 14417983.4 min
Step 36100/10000000000 | t=3.61e+00 | T=7369.4 | a=1.000087 | H=2.41e-05 | 11.6 steps/s | 86.50 ms/step | ETA: 14417082.9 min
Step 36200/10000000000 | t=3.62e+00 | T=7369.4 | a=1.000087 | H=2.41e-05 | 11.6 steps/s | 86.49 ms/step | ETA: 14414863.1 min
Step 36300/10000000000 | t=3.63e+00 | T=7369.4 | a=1.000087 | H=2.41e-05 | 11.6 steps/s | 86.49 ms/step | ETA: 14414674.7 min
Step 36400/10000000000 | t=3.64e+00 | T=7369.4 | a=1.000088 | H=2.41e-05 | 11.6 steps/s | 86.48 ms/step | ETA: 14412722.6 min
Step 36500/10000000000 | t=3.65e+00 | T=7369.4 | a=1.000088 | H=2.41e-05 | 11.6 steps/s | 86.54 ms/step | ETA: 14422618.4 min
Step 36600/10000000000 | t=3.66e+00 | T=7369.4 | a=1.000088 | H=2.41e-05 | 11.6 steps/s | 86.53 ms/step | ETA: 14420990.0 min
Step 36700/10000000000 | t=3.67e+00 | T=7369.3 | a=1.000088 | H=2.41e-05 | 11.6 steps/s | 86.52 ms/step | ETA: 14420377.2 min
Step 36800/10000000000 | t=3.68e+00 | T=7369.3 | a=1.000089 | H=2.41e-05 | 11.6 steps/s | 86.51 ms/step | ETA: 14418201.5 min
Step 36900/10000000000 | t=3.69e+00 | T=7369.3 | a=1.000089 | H=2.41e-05 | 11.6 steps/s | 86.49 ms/step | ETA: 14415745.4 min
Step 37000/10000000000 | t=3.70e+00 | T=7369.3 | a=1.000089 | H=2.41e-05 | 11.6 steps/s | 86.49 ms/step | ETA: 14414651.4 min
Step 37100/10000000000 | t=3.71e+00 | T=7369.3 | a=1.000089 | H=2.41e-05 | 11.6 steps/s | 86.48 ms/step | ETA: 14413096.5 min
Step 37200/10000000000 | t=3.72e+00 | T=7369.3 | a=1.000089 | H=2.41e-05 | 11.6 steps/s | 86.46 ms/step | ETA: 14410545.5 min
Step 37300/10000000000 | t=3.73e+00 | T=7369.3 | a=1.000090 | H=2.41e-05 | 11.6 steps/s | 86.46 ms/step | ETA: 14409206.1 min
Step 37400/10000000000 | t=3.74e+00 | T=7369.3 | a=1.000090 | H=2.41e-05 | 11.6 steps/s | 86.45 ms/step | ETA: 14407539.4 min
Step 37500/10000000000 | t=3.75e+00 | T=7369.3 | a=1.000090 | H=2.41e-05 | 11.6 steps/s | 86.49 ms/step | ETA: 14414948.6 min
Step 37600/10000000000 | t=3.76e+00 | T=7369.3 | a=1.000090 | H=2.41e-05 | 11.6 steps/s | 86.48 ms/step | ETA: 14413172.1 min
Step 37700/10000000000 | t=3.77e+00 | T=7369.3 | a=1.000091 | H=2.41e-05 | 11.6 steps/s | 86.49 ms/step | ETA: 14415170.5 min
Step 37800/10000000000 | t=3.78e+00 | T=7369.3 | a=1.000091 | H=2.41e-05 | 11.6 steps/s | 86.48 ms/step | ETA: 14413653.8 min
Step 37900/10000000000 | t=3.79e+00 | T=7369.3 | a=1.000091 | H=2.41e-05 | 11.6 steps/s | 86.47 ms/step | ETA: 14412389.8 min
Step 38000/10000000000 | t=3.80e+00 | T=7369.3 | a=1.000091 | H=2.41e-05 | 11.6 steps/s | 86.46 ms/step | ETA: 14409818.1 min
Step 38100/10000000000 | t=3.81e+00 | T=7369.3 | a=1.000092 | H=2.41e-05 | 11.6 steps/s | 86.44 ms/step | ETA: 14407429.4 min
Step 38200/10000000000 | t=3.82e+00 | T=7369.3 | a=1.000092 | H=2.41e-05 | 11.6 steps/s | 86.44 ms/step | ETA: 14407412.1 min
Step 38300/10000000000 | t=3.83e+00 | T=7369.3 | a=1.000092 | H=2.41e-05 | 11.6 steps/s | 86.43 ms/step | ETA: 14405546.2 min
Step 38400/10000000000 | t=3.84e+00 | T=7369.3 | a=1.000092 | H=2.41e-05 | 11.6 steps/s | 86.43 ms/step | ETA: 14404746.4 min
Step 38500/10000000000 | t=3.85e+00 | T=7369.3 | a=1.000093 | H=2.41e-05 | 11.6 steps/s | 86.47 ms/step | ETA: 14411908.6 min
Step 38600/10000000000 | t=3.86e+00 | T=7369.3 | a=1.000093 | H=2.41e-05 | 11.6 steps/s | 86.46 ms/step | ETA: 14409154.4 min
Step 38700/10000000000 | t=3.87e+00 | T=7369.3 | a=1.000093 | H=2.41e-05 | 11.6 steps/s | 86.44 ms/step | ETA: 14406848.7 min
Step 38800/10000000000 | t=3.88e+00 | T=7369.3 | a=1.000093 | H=2.41e-05 | 11.6 steps/s | 86.44 ms/step | ETA: 14406473.5 min
Step 38900/10000000000 | t=3.89e+00 | T=7369.3 | a=1.000094 | H=2.41e-05 | 11.6 steps/s | 86.43 ms/step | ETA: 14404607.5 min
Step 39000/10000000000 | t=3.90e+00 | T=7369.3 | a=1.000094 | H=2.41e-05 | 11.6 steps/s | 86.42 ms/step | ETA: 14402536.3 min
Step 39100/10000000000 | t=3.91e+00 | T=7369.3 | a=1.000094 | H=2.41e-05 | 11.6 steps/s | 86.41 ms/step | ETA: 14401156.4 min
Step 39200/10000000000 | t=3.92e+00 | T=7369.3 | a=1.000094 | H=2.41e-05 | 11.6 steps/s | 86.39 ms/step | ETA: 14398827.4 min
Step 39300/10000000000 | t=3.93e+00 | T=7369.3 | a=1.000095 | H=2.41e-05 | 11.6 steps/s | 86.38 ms/step | ETA: 14397336.6 min
Step 39400/10000000000 | t=3.94e+00 | T=7369.3 | a=1.000095 | H=2.41e-05 | 11.6 steps/s | 86.39 ms/step | ETA: 14397996.9 min
Step 39500/10000000000 | t=3.95e+00 | T=7369.3 | a=1.000095 | H=2.41e-05 | 11.6 steps/s | 86.43 ms/step | ETA: 14404847.1 min
Step 39600/10000000000 | t=3.96e+00 | T=7369.3 | a=1.000095 | H=2.41e-05 | 11.6 steps/s | 86.42 ms/step | ETA: 14402676.8 min
Step 39700/10000000000 | t=3.97e+00 | T=7369.3 | a=1.000096 | H=2.41e-05 | 11.6 steps/s | 86.41 ms/step | ETA: 14401430.6 min
Step 39800/10000000000 | t=3.98e+00 | T=7369.3 | a=1.000096 | H=2.41e-05 | 11.6 steps/s | 86.41 ms/step | ETA: 14401149.9 min
Step 39900/10000000000 | t=3.99e+00 | T=7369.3 | a=1.000096 | H=2.41e-05 | 11.6 steps/s | 86.39 ms/step | ETA: 14398797.8 min
Step 40000/10000000000 | t=4.00e+00 | T=7369.3 | a=1.000096 | H=2.41e-05 | 11.6 steps/s | 86.39 ms/step | ETA: 14397588.0 min
Step 40100/10000000000 | t=4.01e+00 | T=7369.3 | a=1.000096 | H=2.41e-05 | 11.6 steps/s | 86.38 ms/step | ETA: 14396770.5 min
Step 40200/10000000000 | t=4.02e+00 | T=7369.3 | a=1.000097 | H=2.41e-05 | 11.6 steps/s | 86.38 ms/step | ETA: 14397055.2 min
Step 40300/10000000000 | t=4.03e+00 | T=7369.3 | a=1.000097 | H=2.41e-05 | 11.6 steps/s | 86.37 ms/step | ETA: 14395183.4 min
Step 40400/10000000000 | t=4.04e+00 | T=7369.3 | a=1.000097 | H=2.41e-05 | 11.6 steps/s | 86.36 ms/step | ETA: 14392793.2 min
Step 40500/10000000000 | t=4.05e+00 | T=7369.3 | a=1.000097 | H=2.41e-05 | 11.6 steps/s | 86.40 ms/step | ETA: 14400460.4 min
Step 40600/10000000000 | t=4.06e+00 | T=7369.3 | a=1.000098 | H=2.41e-05 | 11.6 steps/s | 86.39 ms/step | ETA: 14397917.8 min
Step 40700/10000000000 | t=4.07e+00 | T=7369.3 | a=1.000098 | H=2.41e-05 | 11.6 steps/s | 86.39 ms/step | ETA: 14397617.9 min
Step 40800/10000000000 | t=4.08e+00 | T=7369.3 | a=1.000098 | H=2.41e-05 | 11.6 steps/s | 86.39 ms/step | ETA: 14397851.0 min
Step 40900/10000000000 | t=4.09e+00 | T=7369.3 | a=1.000098 | H=2.41e-05 | 11.6 steps/s | 86.38 ms/step | ETA: 14395885.1 min
Step 41000/10000000000 | t=4.10e+00 | T=7369.3 | a=1.000099 | H=2.41e-05 | 11.6 steps/s | 86.36 ms/step | ETA: 14393952.6 min
Step 41100/10000000000 | t=4.11e+00 | T=7369.3 | a=1.000099 | H=2.41e-05 | 11.6 steps/s | 86.35 ms/step | ETA: 14391906.6 min
Step 41200/10000000000 | t=4.12e+00 | T=7369.3 | a=1.000099 | H=2.41e-05 | 11.6 steps/s | 86.37 ms/step | ETA: 14394427.8 min
Step 41300/10000000000 | t=4.13e+00 | T=7369.3 | a=1.000099 | H=2.41e-05 | 11.6 steps/s | 86.36 ms/step | ETA: 14393006.5 min
Step 41400/10000000000 | t=4.14e+00 | T=7369.3 | a=1.000100 | H=2.41e-05 | 11.6 steps/s | 86.36 ms/step | ETA: 14393347.8 min
Step 41500/10000000000 | t=4.15e+00 | T=7369.3 | a=1.000100 | H=2.41e-05 | 11.6 steps/s | 86.40 ms/step | ETA: 14400098.3 min
Step 41600/10000000000 | t=4.16e+00 | T=7369.3 | a=1.000100 | H=2.41e-05 | 11.6 steps/s | 86.39 ms/step | ETA: 14397959.9 min
Step 41700/10000000000 | t=4.17e+00 | T=7369.3 | a=1.000100 | H=2.41e-05 | 11.6 steps/s | 86.37 ms/step | ETA: 14395723.8 min
Step 41800/10000000000 | t=4.18e+00 | T=7369.3 | a=1.000101 | H=2.41e-05 | 11.6 steps/s | 86.36 ms/step | ETA: 14393511.2 min
Step 41900/10000000000 | t=4.19e+00 | T=7369.3 | a=1.000101 | H=2.41e-05 | 11.6 steps/s | 86.36 ms/step | ETA: 14392996.0 min
Step 42000/10000000000 | t=4.20e+00 | T=7369.3 | a=1.000101 | H=2.41e-05 | 11.6 steps/s | 86.35 ms/step | ETA: 14391139.6 min
Step 42100/10000000000 | t=4.21e+00 | T=7369.3 | a=1.000101 | H=2.41e-05 | 11.6 steps/s | 86.35 ms/step | ETA: 14391860.9 min
Step 42200/10000000000 | t=4.22e+00 | T=7369.3 | a=1.000102 | H=2.41e-05 | 11.6 steps/s | 86.34 ms/step | ETA: 14389858.7 min
Step 42300/10000000000 | t=4.23e+00 | T=7369.3 | a=1.000102 | H=2.41e-05 | 11.6 steps/s | 86.34 ms/step | ETA: 14390274.2 min
Step 42400/10000000000 | t=4.24e+00 | T=7369.2 | a=1.000102 | H=2.41e-05 | 11.6 steps/s | 86.33 ms/step | ETA: 14388852.2 min
Step 42500/10000000000 | t=4.25e+00 | T=7369.2 | a=1.000102 | H=2.41e-05 | 11.6 steps/s | 86.37 ms/step | ETA: 14395614.7 min
Step 42600/10000000000 | t=4.26e+00 | T=7369.2 | a=1.000102 | H=2.41e-05 | 11.6 steps/s | 86.37 ms/step | ETA: 14395127.3 min
Step 42700/10000000000 | t=4.27e+00 | T=7369.2 | a=1.000103 | H=2.41e-05 | 11.6 steps/s | 86.36 ms/step | ETA: 14393459.5 min
Step 42800/10000000000 | t=4.28e+00 | T=7369.2 | a=1.000103 | H=2.41e-05 | 11.6 steps/s | 86.35 ms/step | ETA: 14391775.7 min
Step 42900/10000000000 | t=4.29e+00 | T=7369.2 | a=1.000103 | H=2.41e-05 | 11.6 steps/s | 86.34 ms/step | ETA: 14390051.8 min
Step 43000/10000000000 | t=4.30e+00 | T=7369.2 | a=1.000103 | H=2.41e-05 | 11.6 steps/s | 86.33 ms/step | ETA: 14388725.7 min
Step 43100/10000000000 | t=4.31e+00 | T=7369.2 | a=1.000104 | H=2.41e-05 | 11.6 steps/s | 86.32 ms/step | ETA: 14387264.9 min
Step 43200/10000000000 | t=4.32e+00 | T=7369.2 | a=1.000104 | H=2.41e-05 | 11.6 steps/s | 86.32 ms/step | ETA: 14386330.8 min
Step 43300/10000000000 | t=4.33e+00 | T=7369.2 | a=1.000104 | H=2.41e-05 | 11.6 steps/s | 86.32 ms/step | ETA: 14386221.1 min
Step 43400/10000000000 | t=4.34e+00 | T=7369.2 | a=1.000104 | H=2.41e-05 | 11.6 steps/s | 86.31 ms/step | ETA: 14384422.3 min
Step 43500/10000000000 | t=4.35e+00 | T=7369.2 | a=1.000105 | H=2.41e-05 | 11.6 steps/s | 86.36 ms/step | ETA: 14393948.6 min
Step 43600/10000000000 | t=4.36e+00 | T=7369.2 | a=1.000105 | H=2.41e-05 | 11.6 steps/s | 86.36 ms/step | ETA: 14393725.1 min
Step 43700/10000000000 | t=4.37e+00 | T=7369.2 | a=1.000105 | H=2.41e-05 | 11.6 steps/s | 86.36 ms/step | ETA: 14392741.9 min
Step 43800/10000000000 | t=4.38e+00 | T=7369.2 | a=1.000105 | H=2.41e-05 | 11.6 steps/s | 86.34 ms/step | ETA: 14390663.2 min
Step 43900/10000000000 | t=4.39e+00 | T=7369.2 | a=1.000106 | H=2.41e-05 | 11.6 steps/s | 86.33 ms/step | ETA: 14388435.1 min
Step 44000/10000000000 | t=4.40e+00 | T=7369.2 | a=1.000106 | H=2.41e-05 | 11.6 steps/s | 86.33 ms/step | ETA: 14388693.3 min
Step 44100/10000000000 | t=4.41e+00 | T=7369.2 | a=1.000106 | H=2.41e-05 | 11.6 steps/s | 86.32 ms/step | ETA: 14387029.1 min
Step 44200/10000000000 | t=4.42e+00 | T=7369.2 | a=1.000106 | H=2.41e-05 | 11.6 steps/s | 86.32 ms/step | ETA: 14386087.5 min
Step 44300/10000000000 | t=4.43e+00 | T=7369.2 | a=1.000107 | H=2.41e-05 | 11.6 steps/s | 86.31 ms/step | ETA: 14384465.1 min
Step 44400/10000000000 | t=4.44e+00 | T=7369.2 | a=1.000107 | H=2.41e-05 | 11.6 steps/s | 86.30 ms/step | ETA: 14383866.4 min
Step 44500/10000000000 | t=4.45e+00 | T=7369.2 | a=1.000107 | H=2.41e-05 | 11.6 steps/s | 86.34 ms/step | ETA: 14390313.9 min
Step 44600/10000000000 | t=4.46e+00 | T=7369.2 | a=1.000107 | H=2.41e-05 | 11.6 steps/s | 86.33 ms/step | ETA: 14388380.5 min
Step 44700/10000000000 | t=4.47e+00 | T=7369.2 | a=1.000108 | H=2.41e-05 | 11.6 steps/s | 86.34 ms/step | ETA: 14389818.7 min
Step 44800/10000000000 | t=4.48e+00 | T=7369.2 | a=1.000108 | H=2.41e-05 | 11.6 steps/s | 86.33 ms/step | ETA: 14388265.7 min
Step 44900/10000000000 | t=4.49e+00 | T=7369.2 | a=1.000108 | H=2.41e-05 | 11.6 steps/s | 86.33 ms/step | ETA: 14389031.6 min
Step 45000/10000000000 | t=4.50e+00 | T=7369.2 | a=1.000108 | H=2.41e-05 | 11.6 steps/s | 86.34 ms/step | ETA: 14389637.1 min
Step 45100/10000000000 | t=4.51e+00 | T=7369.2 | a=1.000109 | H=2.41e-05 | 11.6 steps/s | 86.34 ms/step | ETA: 14389221.2 min
Step 45200/10000000000 | t=4.52e+00 | T=7369.2 | a=1.000109 | H=2.41e-05 | 11.6 steps/s | 86.32 ms/step | ETA: 14387229.3 min
Step 45300/10000000000 | t=4.53e+00 | T=7369.2 | a=1.000109 | H=2.41e-05 | 11.6 steps/s | 86.32 ms/step | ETA: 14385848.1 min
Step 45400/10000000000 | t=4.54e+00 | T=7369.2 | a=1.000109 | H=2.41e-05 | 11.6 steps/s | 86.31 ms/step | ETA: 14384424.0 min
Step 45500/10000000000 | t=4.55e+00 | T=7369.2 | a=1.000109 | H=2.41e-05 | 11.6 steps/s | 86.36 ms/step | ETA: 14393136.9 min
Step 45600/10000000000 | t=4.56e+00 | T=7369.2 | a=1.000110 | H=2.41e-05 | 11.6 steps/s | 86.35 ms/step | ETA: 14391852.4 min
Step 45700/10000000000 | t=4.57e+00 | T=7369.2 | a=1.000110 | H=2.41e-05 | 11.6 steps/s | 86.35 ms/step | ETA: 14390819.6 min
Step 45800/10000000000 | t=4.58e+00 | T=7369.2 | a=1.000110 | H=2.41e-05 | 11.6 steps/s | 86.33 ms/step | ETA: 14388929.4 min
Step 45900/10000000000 | t=4.59e+00 | T=7369.2 | a=1.000110 | H=2.41e-05 | 11.6 steps/s | 86.33 ms/step | ETA: 14387928.9 min
Step 46000/10000000000 | t=4.60e+00 | T=7369.2 | a=1.000111 | H=2.41e-05 | 11.6 steps/s | 86.32 ms/step | ETA: 14387246.3 min
Step 46100/10000000000 | t=4.61e+00 | T=7369.2 | a=1.000111 | H=2.41e-05 | 11.6 steps/s | 86.31 ms/step | ETA: 14385642.4 min
Step 46200/10000000000 | t=4.62e+00 | T=7369.2 | a=1.000111 | H=2.41e-05 | 11.6 steps/s | 86.30 ms/step | ETA: 14383948.0 min
Step 46300/10000000000 | t=4.63e+00 | T=7369.2 | a=1.000111 | H=2.41e-05 | 11.6 steps/s | 86.29 ms/step | ETA: 14382212.5 min
Step 46400/10000000000 | t=4.64e+00 | T=7369.2 | a=1.000112 | H=2.41e-05 | 11.6 steps/s | 86.28 ms/step | ETA: 14380713.2 min
Step 46500/10000000000 | t=4.65e+00 | T=7369.2 | a=1.000112 | H=2.41e-05 | 11.6 steps/s | 86.33 ms/step | ETA: 14388131.3 min
Step 46600/10000000000 | t=4.66e+00 | T=7369.2 | a=1.000112 | H=2.41e-05 | 11.6 steps/s | 86.32 ms/step | ETA: 14386383.4 min
Step 46700/10000000000 | t=4.67e+00 | T=7369.2 | a=1.000112 | H=2.41e-05 | 11.6 steps/s | 86.31 ms/step | ETA: 14384328.2 min
Step 46800/10000000000 | t=4.68e+00 | T=7369.2 | a=1.000113 | H=2.41e-05 | 11.6 steps/s | 86.31 ms/step | ETA: 14384555.6 min
Step 46900/10000000000 | t=4.69e+00 | T=7369.2 | a=1.000113 | H=2.41e-05 | 11.6 steps/s | 86.30 ms/step | ETA: 14383418.6 min
Step 47000/10000000000 | t=4.70e+00 | T=7369.2 | a=1.000113 | H=2.41e-05 | 11.6 steps/s | 86.29 ms/step | ETA: 14381623.1 min
Step 47100/10000000000 | t=4.71e+00 | T=7369.2 | a=1.000113 | H=2.41e-05 | 11.6 steps/s | 86.29 ms/step | ETA: 14381806.4 min
Step 47200/10000000000 | t=4.72e+00 | T=7369.2 | a=1.000114 | H=2.41e-05 | 11.6 steps/s | 86.28 ms/step | ETA: 14380698.0 min
Step 47300/10000000000 | t=4.73e+00 | T=7369.2 | a=1.000114 | H=2.41e-05 | 11.6 steps/s | 86.28 ms/step | ETA: 14379353.0 min
Step 47400/10000000000 | t=4.74e+00 | T=7369.2 | a=1.000114 | H=2.41e-05 | 11.6 steps/s | 86.27 ms/step | ETA: 14377559.4 min
Step 47500/10000000000 | t=4.75e+00 | T=7369.2 | a=1.000114 | H=2.41e-05 | 11.6 steps/s | 86.31 ms/step | ETA: 14384339.2 min
Step 47600/10000000000 | t=4.76e+00 | T=7369.2 | a=1.000115 | H=2.41e-05 | 11.6 steps/s | 86.30 ms/step | ETA: 14382771.8 min
Step 47700/10000000000 | t=4.77e+00 | T=7369.2 | a=1.000115 | H=2.41e-05 | 11.6 steps/s | 86.29 ms/step | ETA: 14381038.9 min
Step 47800/10000000000 | t=4.78e+00 | T=7369.2 | a=1.000115 | H=2.41e-05 | 11.6 steps/s | 86.28 ms/step | ETA: 14379218.5 min
Step 47900/10000000000 | t=4.79e+00 | T=7369.2 | a=1.000115 | H=2.41e-05 | 11.6 steps/s | 86.28 ms/step | ETA: 14380150.2 min
Step 48000/10000000000 | t=4.80e+00 | T=7369.1 | a=1.000115 | H=2.41e-05 | 11.6 steps/s | 86.28 ms/step | ETA: 14379289.2 min
Step 48100/10000000000 | t=4.81e+00 | T=7369.1 | a=1.000116 | H=2.41e-05 | 11.6 steps/s | 86.27 ms/step | ETA: 14377535.8 min
Step 48200/10000000000 | t=4.82e+00 | T=7369.1 | a=1.000116 | H=2.41e-05 | 11.6 steps/s | 86.27 ms/step | ETA: 14377826.8 min
Step 48300/10000000000 | t=4.83e+00 | T=7369.1 | a=1.000116 | H=2.41e-05 | 11.6 steps/s | 86.26 ms/step | ETA: 14376222.7 min
Step 48400/10000000000 | t=4.84e+00 | T=7369.1 | a=1.000116 | H=2.41e-05 | 11.6 steps/s | 86.25 ms/step | ETA: 14375150.1 min
Step 48500/10000000000 | t=4.85e+00 | T=7369.1 | a=1.000117 | H=2.41e-05 | 11.6 steps/s | 86.29 ms/step | ETA: 14380882.1 min
Step 48600/10000000000 | t=4.86e+00 | T=7369.1 | a=1.000117 | H=2.41e-05 | 11.6 steps/s | 86.29 ms/step | ETA: 14381636.8 min
Step 48700/10000000000 | t=4.87e+00 | T=7369.1 | a=1.000117 | H=2.41e-05 | 11.6 steps/s | 86.28 ms/step | ETA: 14379993.6 min
Step 48800/10000000000 | t=4.88e+00 | T=7369.1 | a=1.000117 | H=2.41e-05 | 11.6 steps/s | 86.27 ms/step | ETA: 14378153.1 min
Step 48900/10000000000 | t=4.89e+00 | T=7369.1 | a=1.000118 | H=2.41e-05 | 11.6 steps/s | 86.27 ms/step | ETA: 14377733.8 min
Step 49000/10000000000 | t=4.90e+00 | T=7369.1 | a=1.000118 | H=2.41e-05 | 11.6 steps/s | 86.26 ms/step | ETA: 14376079.9 min
Step 49100/10000000000 | t=4.91e+00 | T=7369.1 | a=1.000118 | H=2.41e-05 | 11.6 steps/s | 86.25 ms/step | ETA: 14375125.0 min
Step 49200/10000000000 | t=4.92e+00 | T=7369.1 | a=1.000118 | H=2.41e-05 | 11.6 steps/s | 86.24 ms/step | ETA: 14373505.4 min
Step 49300/10000000000 | t=4.93e+00 | T=7369.1 | a=1.000119 | H=2.41e-05 | 11.6 steps/s | 86.24 ms/step | ETA: 14372592.2 min
Step 49400/10000000000 | t=4.94e+00 | T=7369.1 | a=1.000119 | H=2.41e-05 | 11.6 steps/s | 86.23 ms/step | ETA: 14371128.1 min
Step 49500/10000000000 | t=4.95e+00 | T=7369.1 | a=1.000119 | H=2.41e-05 | 11.6 steps/s | 86.27 ms/step | ETA: 14377759.5 min
Step 49600/10000000000 | t=4.96e+00 | T=7369.1 | a=1.000119 | H=2.41e-05 | 11.6 steps/s | 86.26 ms/step | ETA: 14376405.4 min
Step 49700/10000000000 | t=4.97e+00 | T=7369.1 | a=1.000120 | H=2.41e-05 | 11.6 steps/s | 86.26 ms/step | ETA: 14376292.0 min
Step 49800/10000000000 | t=4.98e+00 | T=7369.1 | a=1.000120 | H=2.41e-05 | 11.6 steps/s | 86.26 ms/step | ETA: 14376654.8 min
Step 49900/10000000000 | t=4.99e+00 | T=7369.1 | a=1.000120 | H=2.41e-05 | 11.6 steps/s | 86.26 ms/step | ETA: 14376342.5 min
Step 50000/10000000000 | t=5.00e+00 | T=7369.1 | a=1.000120 | H=2.41e-05 | 11.6 steps/s | 86.25 ms/step | ETA: 14375125.0 min
Step 50100/10000000000 | t=5.01e+00 | T=7369.1 | a=1.000121 | H=2.41e-05 | 11.6 steps/s | 86.25 ms/step | ETA: 14374564.9 min
Step 50200/10000000000 | t=5.02e+00 | T=7369.1 | a=1.000121 | H=2.41e-05 | 11.6 steps/s | 86.24 ms/step | ETA: 14372876.1 min
Step 50300/10000000000 | t=5.03e+00 | T=7369.1 | a=1.000121 | H=2.41e-05 | 11.6 steps/s | 86.23 ms/step | ETA: 14372066.2 min
Step 50400/10000000000 | t=5.04e+00 | T=7369.1 | a=1.000121 | H=2.41e-05 | 11.6 steps/s | 86.22 ms/step | ETA: 14370633.1 min
Step 50500/10000000000 | t=5.05e+00 | T=7369.1 | a=1.000121 | H=2.41e-05 | 11.6 steps/s | 86.26 ms/step | ETA: 14377335.8 min
Step 50600/10000000000 | t=5.06e+00 | T=7369.1 | a=1.000122 | H=2.41e-05 | 11.6 steps/s | 86.26 ms/step | ETA: 14375865.7 min
Step 50700/10000000000 | t=5.07e+00 | T=7369.1 | a=1.000122 | H=2.41e-05 | 11.6 steps/s | 86.25 ms/step | ETA: 14374105.0 min
Step 50800/10000000000 | t=5.08e+00 | T=7369.1 | a=1.000122 | H=2.41e-05 | 11.6 steps/s | 86.24 ms/step | ETA: 14372867.0 min
Step 50900/10000000000 | t=5.09e+00 | T=7369.1 | a=1.000122 | H=2.41e-05 | 11.6 steps/s | 86.24 ms/step | ETA: 14372619.9 min
Step 51000/10000000000 | t=5.10e+00 | T=7369.1 | a=1.000123 | H=2.41e-05 | 11.6 steps/s | 86.23 ms/step | ETA: 14371308.6 min
Step 51100/10000000000 | t=5.11e+00 | T=7369.1 | a=1.000123 | H=2.41e-05 | 11.6 steps/s | 86.22 ms/step | ETA: 14370183.1 min
Step 51200/10000000000 | t=5.12e+00 | T=7369.1 | a=1.000123 | H=2.41e-05 | 11.6 steps/s | 86.21 ms/step | ETA: 14368744.8 min
Step 51300/10000000000 | t=5.13e+00 | T=7369.1 | a=1.000123 | H=2.41e-05 | 11.6 steps/s | 86.20 ms/step | ETA: 14367205.6 min
Step 51400/10000000000 | t=5.14e+00 | T=7369.1 | a=1.000124 | H=2.41e-05 | 11.6 steps/s | 86.20 ms/step | ETA: 14366345.4 min
Step 51500/10000000000 | t=5.15e+00 | T=7369.1 | a=1.000124 | H=2.41e-05 | 11.6 steps/s | 86.23 ms/step | ETA: 14372225.4 min
Step 51600/10000000000 | t=5.16e+00 | T=7369.1 | a=1.000124 | H=2.41e-05 | 11.6 steps/s | 86.23 ms/step | ETA: 14371537.4 min
Step 51700/10000000000 | t=5.17e+00 | T=7369.1 | a=1.000124 | H=2.41e-05 | 11.6 steps/s | 86.25 ms/step | ETA: 14374934.1 min
Step 51800/10000000000 | t=5.18e+00 | T=7369.1 | a=1.000125 | H=2.41e-05 | 11.6 steps/s | 86.24 ms/step | ETA: 14373868.3 min
Step 51900/10000000000 | t=5.19e+00 | T=7369.1 | a=1.000125 | H=2.41e-05 | 11.6 steps/s | 86.24 ms/step | ETA: 14372521.7 min
Step 52000/10000000000 | t=5.20e+00 | T=7369.1 | a=1.000125 | H=2.41e-05 | 11.6 steps/s | 86.23 ms/step | ETA: 14371642.8 min
Step 52100/10000000000 | t=5.21e+00 | T=7369.1 | a=1.000125 | H=2.41e-05 | 11.6 steps/s | 86.22 ms/step | ETA: 14370677.1 min
Step 52200/10000000000 | t=5.22e+00 | T=7369.1 | a=1.000126 | H=2.41e-05 | 11.6 steps/s | 86.22 ms/step | ETA: 14369696.3 min
Step 52300/10000000000 | t=5.23e+00 | T=7369.1 | a=1.000126 | H=2.41e-05 | 11.6 steps/s | 86.21 ms/step | ETA: 14368038.6 min
Step 52400/10000000000 | t=5.24e+00 | T=7369.1 | a=1.000126 | H=2.41e-05 | 11.6 steps/s | 86.22 ms/step | ETA: 14369627.3 min
Step 52500/10000000000 | t=5.25e+00 | T=7369.1 | a=1.000126 | H=2.41e-05 | 11.6 steps/s | 86.25 ms/step | ETA: 14375054.3 min
Step 52600/10000000000 | t=5.26e+00 | T=7369.1 | a=1.000127 | H=2.41e-05 | 11.6 steps/s | 86.24 ms/step | ETA: 14373637.3 min
Step 52700/10000000000 | t=5.27e+00 | T=7369.1 | a=1.000127 | H=2.41e-05 | 11.6 steps/s | 86.23 ms/step | ETA: 14372046.0 min
Step 52800/10000000000 | t=5.28e+00 | T=7369.1 | a=1.000127 | H=2.41e-05 | 11.6 steps/s | 86.23 ms/step | ETA: 14371088.1 min
Step 52900/10000000000 | t=5.29e+00 | T=7369.1 | a=1.000127 | H=2.41e-05 | 11.6 steps/s | 86.22 ms/step | ETA: 14370505.7 min
Step 53000/10000000000 | t=5.30e+00 | T=7369.1 | a=1.000128 | H=2.41e-05 | 11.6 steps/s | 86.22 ms/step | ETA: 14370235.5 min
Step 53100/10000000000 | t=5.31e+00 | T=7369.1 | a=1.000128 | H=2.41e-05 | 11.6 steps/s | 86.22 ms/step | ETA: 14369698.2 min
Step 53200/10000000000 | t=5.32e+00 | T=7369.1 | a=1.000128 | H=2.41e-05 | 11.6 steps/s | 86.21 ms/step | ETA: 14368795.8 min
Step 53300/10000000000 | t=5.33e+00 | T=7369.1 | a=1.000128 | H=2.41e-05 | 11.6 steps/s | 86.21 ms/step | ETA: 14367475.9 min
Step 53400/10000000000 | t=5.34e+00 | T=7369.1 | a=1.000128 | H=2.41e-05 | 11.6 steps/s | 86.20 ms/step | ETA: 14366384.4 min
Step 53500/10000000000 | t=5.35e+00 | T=7369.1 | a=1.000129 | H=2.41e-05 | 11.6 steps/s | 86.23 ms/step | ETA: 14371843.0 min
Step 53600/10000000000 | t=5.36e+00 | T=7369.0 | a=1.000129 | H=2.41e-05 | 11.6 steps/s | 86.23 ms/step | ETA: 14371080.5 min
Step 53700/10000000000 | t=5.37e+00 | T=7369.0 | a=1.000129 | H=2.41e-05 | 11.6 steps/s | 86.22 ms/step | ETA: 14370684.3 min
Step 53800/10000000000 | t=5.38e+00 | T=7369.0 | a=1.000129 | H=2.41e-05 | 11.6 steps/s | 86.23 ms/step | ETA: 14371227.5 min
Step 53900/10000000000 | t=5.39e+00 | T=7369.0 | a=1.000130 | H=2.41e-05 | 11.6 steps/s | 86.22 ms/step | ETA: 14370219.4 min
Step 54000/10000000000 | t=5.40e+00 | T=7369.0 | a=1.000130 | H=2.41e-05 | 11.6 steps/s | 86.22 ms/step | ETA: 14369671.0 min
Step 54100/10000000000 | t=5.41e+00 | T=7369.0 | a=1.000130 | H=2.41e-05 | 11.6 steps/s | 86.21 ms/step | ETA: 14368279.8 min
Step 54200/10000000000 | t=5.42e+00 | T=7369.0 | a=1.000130 | H=2.41e-05 | 11.6 steps/s | 86.20 ms/step | ETA: 14367383.6 min
Step 54300/10000000000 | t=5.43e+00 | T=7369.0 | a=1.000131 | H=2.41e-05 | 11.6 steps/s | 86.19 ms/step | ETA: 14365607.1 min
Step 54400/10000000000 | t=5.44e+00 | T=7369.0 | a=1.000131 | H=2.41e-05 | 11.6 steps/s | 86.21 ms/step | ETA: 14368709.4 min
Step 54500/10000000000 | t=5.45e+00 | T=7369.0 | a=1.000131 | H=2.41e-05 | 11.6 steps/s | 86.25 ms/step | ETA: 14375175.8 min
Step 54600/10000000000 | t=5.46e+00 | T=7369.0 | a=1.000131 | H=2.41e-05 | 11.6 steps/s | 86.25 ms/step | ETA: 14374248.4 min
Step 54700/10000000000 | t=5.47e+00 | T=7369.0 | a=1.000132 | H=2.41e-05 | 11.6 steps/s | 86.26 ms/step | ETA: 14375933.2 min
Step 54800/10000000000 | t=5.48e+00 | T=7369.0 | a=1.000132 | H=2.41e-05 | 11.6 steps/s | 86.26 ms/step | ETA: 14375921.2 min
Step 54900/10000000000 | t=5.49e+00 | T=7369.0 | a=1.000132 | H=2.41e-05 | 11.6 steps/s | 86.25 ms/step | ETA: 14374538.1 min
Step 55000/10000000000 | t=5.50e+00 | T=7369.0 | a=1.000132 | H=2.41e-05 | 11.6 steps/s | 86.24 ms/step | ETA: 14373618.1 min
Step 55100/10000000000 | t=5.51e+00 | T=7369.0 | a=1.000133 | H=2.41e-05 | 11.6 steps/s | 86.24 ms/step | ETA: 14372480.7 min
Step 55200/10000000000 | t=5.52e+00 | T=7369.0 | a=1.000133 | H=2.41e-05 | 11.6 steps/s | 86.23 ms/step | ETA: 14372374.0 min
Step 55300/10000000000 | t=5.53e+00 | T=7369.0 | a=1.000133 | H=2.41e-05 | 11.6 steps/s | 86.23 ms/step | ETA: 14371289.8 min
Step 55400/10000000000 | t=5.54e+00 | T=7369.0 | a=1.000133 | H=2.41e-05 | 11.6 steps/s | 86.22 ms/step | ETA: 14370147.4 min
Step 55500/10000000000 | t=5.55e+00 | T=7369.0 | a=1.000134 | H=2.41e-05 | 11.6 steps/s | 86.25 ms/step | ETA: 14374864.9 min
Step 55600/10000000000 | t=5.56e+00 | T=7369.0 | a=1.000134 | H=2.41e-05 | 11.6 steps/s | 86.24 ms/step | ETA: 14373318.4 min
Step 55700/10000000000 | t=5.57e+00 | T=7369.0 | a=1.000134 | H=2.41e-05 | 11.6 steps/s | 86.23 ms/step | ETA: 14371778.1 min
Step 55800/10000000000 | t=5.58e+00 | T=7369.0 | a=1.000134 | H=2.41e-05 | 11.6 steps/s | 86.22 ms/step | ETA: 14370462.4 min
Step 55900/10000000000 | t=5.59e+00 | T=7369.0 | a=1.000134 | H=2.41e-05 | 11.6 steps/s | 86.23 ms/step | ETA: 14372093.8 min
Step 56000/10000000000 | t=5.60e+00 | T=7369.0 | a=1.000135 | H=2.41e-05 | 11.6 steps/s | 86.22 ms/step | ETA: 14370747.4 min
Step 56100/10000000000 | t=5.61e+00 | T=7369.0 | a=1.000135 | H=2.41e-05 | 11.6 steps/s | 86.22 ms/step | ETA: 14369930.3 min
Step 56200/10000000000 | t=5.62e+00 | T=7369.0 | a=1.000135 | H=2.41e-05 | 11.6 steps/s | 86.21 ms/step | ETA: 14368518.5 min
Step 56300/10000000000 | t=5.63e+00 | T=7369.0 | a=1.000135 | H=2.41e-05 | 11.6 steps/s | 86.20 ms/step | ETA: 14367249.8 min
Step 56400/10000000000 | t=5.64e+00 | T=7369.0 | a=1.000136 | H=2.41e-05 | 11.6 steps/s | 86.20 ms/step | ETA: 14366715.6 min
Step 56500/10000000000 | t=5.65e+00 | T=7369.0 | a=1.000136 | H=2.41e-05 | 11.6 steps/s | 86.23 ms/step | ETA: 14371757.2 min
Step 56600/10000000000 | t=5.66e+00 | T=7369.0 | a=1.000136 | H=2.41e-05 | 11.6 steps/s | 86.23 ms/step | ETA: 14372163.3 min
Step 56700/10000000000 | t=5.67e+00 | T=7369.0 | a=1.000136 | H=2.41e-05 | 11.6 steps/s | 86.23 ms/step | ETA: 14371136.5 min
Step 56800/10000000000 | t=5.68e+00 | T=7369.0 | a=1.000137 | H=2.41e-05 | 11.6 steps/s | 86.22 ms/step | ETA: 14370293.5 min
Step 56900/10000000000 | t=5.69e+00 | T=7369.0 | a=1.000137 | H=2.41e-05 | 11.6 steps/s | 86.23 ms/step | ETA: 14370756.4 min
Step 57000/10000000000 | t=5.70e+00 | T=7369.0 | a=1.000137 | H=2.41e-05 | 11.6 steps/s | 86.22 ms/step | ETA: 14369264.0 min
Step 57100/10000000000 | t=5.71e+00 | T=7369.0 | a=1.000137 | H=2.41e-05 | 11.6 steps/s | 86.22 ms/step | ETA: 14369151.6 min
Step 57200/10000000000 | t=5.72e+00 | T=7369.0 | a=1.000138 | H=2.41e-05 | 11.6 steps/s | 86.22 ms/step | ETA: 14369373.2 min
Step 57300/10000000000 | t=5.73e+00 | T=7369.0 | a=1.000138 | H=2.41e-05 | 11.6 steps/s | 86.21 ms/step | ETA: 14368573.9 min
Step 57400/10000000000 | t=5.74e+00 | T=7369.0 | a=1.000138 | H=2.41e-05 | 11.6 steps/s | 86.21 ms/step | ETA: 14367754.7 min
Step 57500/10000000000 | t=5.75e+00 | T=7369.0 | a=1.000138 | H=2.41e-05 | 11.6 steps/s | 86.25 ms/step | ETA: 14374346.4 min
Step 57600/10000000000 | t=5.76e+00 | T=7369.0 | a=1.000139 | H=2.41e-05 | 11.6 steps/s | 86.24 ms/step | ETA: 14373070.4 min
Step 57700/10000000000 | t=5.77e+00 | T=7369.0 | a=1.000139 | H=2.41e-05 | 11.6 steps/s | 86.23 ms/step | ETA: 14372402.6 min
Step 57800/10000000000 | t=5.78e+00 | T=7369.0 | a=1.000139 | H=2.41e-05 | 11.6 steps/s | 86.24 ms/step | ETA: 14372418.9 min
Step 57900/10000000000 | t=5.79e+00 | T=7369.0 | a=1.000139 | H=2.41e-05 | 11.6 steps/s | 86.23 ms/step | ETA: 14371967.9 min
Step 58000/10000000000 | t=5.80e+00 | T=7369.0 | a=1.000140 | H=2.41e-05 | 11.6 steps/s | 86.23 ms/step | ETA: 14371305.7 min
Step 58100/10000000000 | t=5.81e+00 | T=7369.0 | a=1.000140 | H=2.41e-05 | 11.6 steps/s | 86.22 ms/step | ETA: 14370022.9 min
Step 58200/10000000000 | t=5.82e+00 | T=7369.0 | a=1.000140 | H=2.41e-05 | 11.6 steps/s | 86.21 ms/step | ETA: 14368660.3 min
Step 58300/10000000000 | t=5.83e+00 | T=7369.0 | a=1.000140 | H=2.41e-05 | 11.6 steps/s | 86.22 ms/step | ETA: 14369348.1 min
Step 58400/10000000000 | t=5.84e+00 | T=7369.0 | a=1.000141 | H=2.41e-05 | 11.6 steps/s | 86.21 ms/step | ETA: 14369007.0 min
Step 58500/10000000000 | t=5.85e+00 | T=7369.0 | a=1.000141 | H=2.41e-05 | 11.6 steps/s | 86.24 ms/step | ETA: 14373800.0 min
Step 58600/10000000000 | t=5.86e+00 | T=7369.0 | a=1.000141 | H=2.41e-05 | 11.6 steps/s | 86.24 ms/step | ETA: 14372541.1 min
Step 58700/10000000000 | t=5.87e+00 | T=7369.0 | a=1.000141 | H=2.41e-05 | 11.6 steps/s | 86.25 ms/step | ETA: 14375059.4 min
Step 58800/10000000000 | t=5.88e+00 | T=7369.0 | a=1.000141 | H=2.41e-05 | 11.6 steps/s | 86.25 ms/step | ETA: 14374773.8 min
Step 58900/10000000000 | t=5.89e+00 | T=7369.0 | a=1.000142 | H=2.41e-05 | 11.6 steps/s | 86.24 ms/step | ETA: 14373421.9 min
Step 59000/10000000000 | t=5.90e+00 | T=7369.0 | a=1.000142 | H=2.41e-05 | 11.6 steps/s | 86.23 ms/step | ETA: 14372067.2 min
Step 59100/10000000000 | t=5.91e+00 | T=7369.0 | a=1.000142 | H=2.41e-05 | 11.6 steps/s | 86.23 ms/step | ETA: 14371381.3 min
Step 59200/10000000000 | t=5.92e+00 | T=7369.0 | a=1.000142 | H=2.41e-05 | 11.6 steps/s | 86.22 ms/step | ETA: 14370034.7 min
Step 59300/10000000000 | t=5.93e+00 | T=7368.9 | a=1.000143 | H=2.41e-05 | 11.6 steps/s | 86.22 ms/step | ETA: 14369164.1 min
Step 59400/10000000000 | t=5.94e+00 | T=7368.9 | a=1.000143 | H=2.41e-05 | 11.6 steps/s | 86.22 ms/step | ETA: 14369758.4 min
Step 59500/10000000000 | t=5.95e+00 | T=7368.9 | a=1.000143 | H=2.41e-05 | 11.6 steps/s | 86.25 ms/step | ETA: 14374607.9 min
Step 59600/10000000000 | t=5.96e+00 | T=7368.9 | a=1.000143 | H=2.41e-05 | 11.6 steps/s | 86.24 ms/step | ETA: 14373070.1 min
Step 59700/10000000000 | t=5.97e+00 | T=7368.9 | a=1.000144 | H=2.41e-05 | 11.6 steps/s | 86.24 ms/step | ETA: 14372556.7 min
Step 59800/10000000000 | t=5.98e+00 | T=7368.9 | a=1.000144 | H=2.41e-05 | 11.6 steps/s | 86.23 ms/step | ETA: 14370976.3 min
Step 59900/10000000000 | t=5.99e+00 | T=7368.9 | a=1.000144 | H=2.41e-05 | 11.6 steps/s | 86.22 ms/step | ETA: 14370485.6 min
Step 60000/10000000000 | t=6.00e+00 | T=7368.9 | a=1.000144 | H=2.41e-05 | 11.6 steps/s | 86.22 ms/step | ETA: 14369232.1 min
Step 60100/10000000000 | t=6.01e+00 | T=7368.9 | a=1.000145 | H=2.41e-05 | 11.6 steps/s | 86.21 ms/step | ETA: 14368993.9 min
Step 60200/10000000000 | t=6.02e+00 | T=7368.9 | a=1.000145 | H=2.41e-05 | 11.6 steps/s | 86.21 ms/step | ETA: 14368258.7 min
Step 60300/10000000000 | t=6.03e+00 | T=7368.9 | a=1.000145 | H=2.41e-05 | 11.6 steps/s | 86.20 ms/step | ETA: 14366656.4 min
Step 60400/10000000000 | t=6.04e+00 | T=7368.9 | a=1.000145 | H=2.41e-05 | 11.6 steps/s | 86.20 ms/step | ETA: 14366582.8 min
Step 60500/10000000000 | t=6.05e+00 | T=7368.9 | a=1.000146 | H=2.41e-05 | 11.6 steps/s | 86.23 ms/step | ETA: 14370899.3 min
Step 60600/10000000000 | t=6.06e+00 | T=7368.9 | a=1.000146 | H=2.41e-05 | 11.6 steps/s | 86.22 ms/step | ETA: 14369309.8 min
Step 60700/10000000000 | t=6.07e+00 | T=7368.9 | a=1.000146 | H=2.41e-05 | 11.6 steps/s | 86.21 ms/step | ETA: 14367946.5 min
Step 60800/10000000000 | t=6.08e+00 | T=7368.9 | a=1.000146 | H=2.41e-05 | 11.6 steps/s | 86.20 ms/step | ETA: 14367399.3 min
Step 60900/10000000000 | t=6.09e+00 | T=7368.9 | a=1.000147 | H=2.41e-05 | 11.6 steps/s | 86.20 ms/step | ETA: 14366260.2 min
Step 61000/10000000000 | t=6.10e+00 | T=7368.9 | a=1.000147 | H=2.41e-05 | 11.6 steps/s | 86.19 ms/step | ETA: 14365353.9 min
Step 61100/10000000000 | t=6.11e+00 | T=7368.9 | a=1.000147 | H=2.41e-05 | 11.6 steps/s | 86.18 ms/step | ETA: 14363960.4 min
Step 61200/10000000000 | t=6.12e+00 | T=7368.9 | a=1.000147 | H=2.41e-05 | 11.6 steps/s | 86.18 ms/step | ETA: 14362768.5 min
Step 61300/10000000000 | t=6.13e+00 | T=7368.9 | a=1.000147 | H=2.41e-05 | 11.6 steps/s | 86.17 ms/step | ETA: 14361313.0 min
Step 61400/10000000000 | t=6.14e+00 | T=7368.9 | a=1.000148 | H=2.41e-05 | 11.6 steps/s | 86.17 ms/step | ETA: 14360884.0 min
Step 61500/10000000000 | t=6.15e+00 | T=7368.9 | a=1.000148 | H=2.41e-05 | 11.6 steps/s | 86.20 ms/step | ETA: 14366256.9 min
Step 61600/10000000000 | t=6.16e+00 | T=7368.9 | a=1.000148 | H=2.41e-05 | 11.6 steps/s | 86.19 ms/step | ETA: 14365545.8 min
Step 61700/10000000000 | t=6.17e+00 | T=7368.9 | a=1.000148 | H=2.41e-05 | 11.6 steps/s | 86.19 ms/step | ETA: 14364400.4 min
Step 61800/10000000000 | t=6.18e+00 | T=7368.9 | a=1.000149 | H=2.41e-05 | 11.6 steps/s | 86.18 ms/step | ETA: 14363602.7 min
Step 61900/10000000000 | t=6.19e+00 | T=7368.9 | a=1.000149 | H=2.41e-05 | 11.6 steps/s | 86.18 ms/step | ETA: 14362802.0 min
Step 62000/10000000000 | t=6.20e+00 | T=7368.9 | a=1.000149 | H=2.41e-05 | 11.6 steps/s | 86.17 ms/step | ETA: 14361511.5 min
Step 62100/10000000000 | t=6.21e+00 | T=7368.9 | a=1.000149 | H=2.41e-05 | 11.6 steps/s | 86.16 ms/step | ETA: 14360364.5 min
Step 62200/10000000000 | t=6.22e+00 | T=7368.9 | a=1.000150 | H=2.41e-05 | 11.6 steps/s | 86.18 ms/step | ETA: 14363104.8 min
Step 62300/10000000000 | t=6.23e+00 | T=7368.9 | a=1.000150 | H=2.41e-05 | 11.6 steps/s | 86.17 ms/step | ETA: 14361849.2 min
Step 62400/10000000000 | t=6.24e+00 | T=7368.9 | a=1.000150 | H=2.41e-05 | 11.6 steps/s | 86.16 ms/step | ETA: 14360700.1 min
Step 62500/10000000000 | t=6.25e+00 | T=7368.9 | a=1.000150 | H=2.41e-05 | 11.6 steps/s | 86.19 ms/step | ETA: 14365055.2 min
Step 62600/10000000000 | t=6.26e+00 | T=7368.9 | a=1.000151 | H=2.41e-05 | 11.6 steps/s | 86.19 ms/step | ETA: 14365048.6 min
Step 62700/10000000000 | t=6.27e+00 | T=7368.9 | a=1.000151 | H=2.41e-05 | 11.6 steps/s | 86.18 ms/step | ETA: 14363945.2 min
Step 62800/10000000000 | t=6.28e+00 | T=7368.9 | a=1.000151 | H=2.41e-05 | 11.6 steps/s | 86.18 ms/step | ETA: 14362804.8 min
Step 62900/10000000000 | t=6.29e+00 | T=7368.9 | a=1.000151 | H=2.41e-05 | 11.6 steps/s | 86.18 ms/step | ETA: 14363185.3 min
Step 63000/10000000000 | t=6.30e+00 | T=7368.9 | a=1.000152 | H=2.41e-05 | 11.6 steps/s | 86.17 ms/step | ETA: 14361985.9 min
Step 63100/10000000000 | t=6.31e+00 | T=7368.9 | a=1.000152 | H=2.41e-05 | 11.6 steps/s | 86.17 ms/step | ETA: 14360974.0 min
Step 63200/10000000000 | t=6.32e+00 | T=7368.9 | a=1.000152 | H=2.41e-05 | 11.6 steps/s | 86.16 ms/step | ETA: 14360740.1 min
Step 63300/10000000000 | t=6.33e+00 | T=7368.9 | a=1.000152 | H=2.41e-05 | 11.6 steps/s | 86.16 ms/step | ETA: 14359693.1 min
Step 63400/10000000000 | t=6.34e+00 | T=7368.9 | a=1.000153 | H=2.41e-05 | 11.6 steps/s | 86.15 ms/step | ETA: 14358392.5 min
Step 63500/10000000000 | t=6.35e+00 | T=7368.9 | a=1.000153 | H=2.41e-05 | 11.6 steps/s | 86.18 ms/step | ETA: 14362670.7 min
Step 63600/10000000000 | t=6.36e+00 | T=7368.9 | a=1.000153 | H=2.41e-05 | 11.6 steps/s | 86.19 ms/step | ETA: 14364106.3 min
Step 63700/10000000000 | t=6.37e+00 | T=7368.9 | a=1.000153 | H=2.41e-05 | 11.6 steps/s | 86.18 ms/step | ETA: 14363347.7 min
Step 63800/10000000000 | t=6.38e+00 | T=7368.9 | a=1.000153 | H=2.41e-05 | 11.6 steps/s | 86.17 ms/step | ETA: 14362330.7 min
Step 63900/10000000000 | t=6.39e+00 | T=7368.9 | a=1.000154 | H=2.41e-05 | 11.6 steps/s | 86.17 ms/step | ETA: 14361317.9 min
Step 64000/10000000000 | t=6.40e+00 | T=7368.9 | a=1.000154 | H=2.41e-05 | 11.6 steps/s | 86.16 ms/step | ETA: 14360451.1 min
Step 64100/10000000000 | t=6.41e+00 | T=7368.9 | a=1.000154 | H=2.41e-05 | 11.6 steps/s | 86.16 ms/step | ETA: 14359436.1 min
Step 64200/10000000000 | t=6.42e+00 | T=7368.9 | a=1.000154 | H=2.41e-05 | 11.6 steps/s | 86.16 ms/step | ETA: 14359343.4 min
Step 64300/10000000000 | t=6.43e+00 | T=7368.9 | a=1.000155 | H=2.41e-05 | 11.6 steps/s | 86.17 ms/step | ETA: 14361669.1 min
Step 64400/10000000000 | t=6.44e+00 | T=7368.9 | a=1.000155 | H=2.41e-05 | 11.6 steps/s | 86.16 ms/step | ETA: 14360614.1 min
Step 64500/10000000000 | t=6.45e+00 | T=7368.9 | a=1.000155 | H=2.41e-05 | 11.6 steps/s | 86.20 ms/step | ETA: 14366730.3 min
Step 64600/10000000000 | t=6.46e+00 | T=7368.9 | a=1.000155 | H=2.41e-05 | 11.6 steps/s | 86.19 ms/step | ETA: 14365704.0 min
Step 64700/10000000000 | t=6.47e+00 | T=7368.9 | a=1.000156 | H=2.41e-05 | 11.6 steps/s | 86.19 ms/step | ETA: 14365663.8 min
Step 64800/10000000000 | t=6.48e+00 | T=7368.9 | a=1.000156 | H=2.41e-05 | 11.6 steps/s | 86.19 ms/step | ETA: 14365253.2 min
Step 64900/10000000000 | t=6.49e+00 | T=7368.8 | a=1.000156 | H=2.41e-05 | 11.6 steps/s | 86.19 ms/step | ETA: 14364170.0 min
Step 65000/10000000000 | t=6.50e+00 | T=7368.8 | a=1.000156 | H=2.41e-05 | 11.6 steps/s | 86.19 ms/step | ETA: 14364978.8 min
Step 65100/10000000000 | t=6.51e+00 | T=7368.8 | a=1.000157 | H=2.41e-05 | 11.6 steps/s | 86.19 ms/step | ETA: 14365544.8 min
Step 65200/10000000000 | t=6.52e+00 | T=7368.8 | a=1.000157 | H=2.41e-05 | 11.6 steps/s | 86.19 ms/step | ETA: 14365128.4 min
Step 65300/10000000000 | t=6.53e+00 | T=7368.8 | a=1.000157 | H=2.41e-05 | 11.6 steps/s | 86.19 ms/step | ETA: 14365482.2 min
Step 65400/10000000000 | t=6.54e+00 | T=7368.8 | a=1.000157 | H=2.41e-05 | 11.6 steps/s | 86.19 ms/step | ETA: 14364314.6 min
Step 65500/10000000000 | t=6.55e+00 | T=7368.8 | a=1.000158 | H=2.41e-05 | 11.6 steps/s | 86.22 ms/step | ETA: 14369126.4 min
Step 65600/10000000000 | t=6.56e+00 | T=7368.8 | a=1.000158 | H=2.41e-05 | 11.6 steps/s | 86.21 ms/step | ETA: 14368904.2 min
Step 65700/10000000000 | t=6.57e+00 | T=7368.8 | a=1.000158 | H=2.41e-05 | 11.6 steps/s | 86.21 ms/step | ETA: 14368932.8 min
Step 65800/10000000000 | t=6.58e+00 | T=7368.8 | a=1.000158 | H=2.41e-05 | 11.6 steps/s | 86.21 ms/step | ETA: 14368481.1 min
Step 65900/10000000000 | t=6.59e+00 | T=7368.8 | a=1.000159 | H=2.41e-05 | 11.6 steps/s | 86.21 ms/step | ETA: 14368618.8 min
Step 66000/10000000000 | t=6.60e+00 | T=7368.8 | a=1.000159 | H=2.41e-05 | 11.6 steps/s | 86.21 ms/step | ETA: 14367754.9 min
Step 66100/10000000000 | t=6.61e+00 | T=7368.8 | a=1.000159 | H=2.41e-05 | 11.6 steps/s | 86.20 ms/step | ETA: 14366636.5 min
Step 66200/10000000000 | t=6.62e+00 | T=7368.8 | a=1.000159 | H=2.41e-05 | 11.6 steps/s | 86.20 ms/step | ETA: 14366919.4 min
Step 66300/10000000000 | t=6.63e+00 | T=7368.8 | a=1.000160 | H=2.41e-05 | 11.6 steps/s | 86.20 ms/step | ETA: 14365781.4 min
Step 66400/10000000000 | t=6.64e+00 | T=7368.8 | a=1.000160 | H=2.41e-05 | 11.6 steps/s | 86.20 ms/step | ETA: 14366915.3 min
Step 66500/10000000000 | t=6.65e+00 | T=7368.8 | a=1.000160 | H=2.41e-05 | 11.6 steps/s | 86.23 ms/step | ETA: 14371103.4 min
Step 66600/10000000000 | t=6.66e+00 | T=7368.8 | a=1.000160 | H=2.41e-05 | 11.6 steps/s | 86.22 ms/step | ETA: 14370490.2 min
Step 66700/10000000000 | t=6.67e+00 | T=7368.8 | a=1.000160 | H=2.41e-05 | 11.6 steps/s | 86.22 ms/step | ETA: 14369479.4 min
Step 66800/10000000000 | t=6.68e+00 | T=7368.8 | a=1.000161 | H=2.41e-05 | 11.6 steps/s | 86.21 ms/step | ETA: 14368237.2 min
Step 66900/10000000000 | t=6.69e+00 | T=7368.8 | a=1.000161 | H=2.41e-05 | 11.6 steps/s | 86.21 ms/step | ETA: 14368118.5 min
Step 67000/10000000000 | t=6.70e+00 | T=7368.8 | a=1.000161 | H=2.41e-05 | 11.6 steps/s | 86.21 ms/step | ETA: 14367959.8 min
Step 67100/10000000000 | t=6.71e+00 | T=7368.8 | a=1.000161 | H=2.41e-05 | 11.6 steps/s | 86.21 ms/step | ETA: 14367710.8 min
Step 67200/10000000000 | t=6.72e+00 | T=7368.8 | a=1.000162 | H=2.41e-05 | 11.6 steps/s | 86.20 ms/step | ETA: 14367274.5 min
Step 67300/10000000000 | t=6.73e+00 | T=7368.8 | a=1.000162 | H=2.41e-05 | 11.6 steps/s | 86.20 ms/step | ETA: 14366207.3 min
Step 67400/10000000000 | t=6.74e+00 | T=7368.8 | a=1.000162 | H=2.41e-05 | 11.6 steps/s | 86.19 ms/step | ETA: 14365456.3 min
Step 67500/10000000000 | t=6.75e+00 | T=7368.8 | a=1.000162 | H=2.41e-05 | 11.6 steps/s | 86.22 ms/step | ETA: 14370324.9 min
Step 67600/10000000000 | t=6.76e+00 | T=7368.8 | a=1.000163 | H=2.41e-05 | 11.6 steps/s | 86.22 ms/step | ETA: 14370014.1 min
Step 67700/10000000000 | t=6.77e+00 | T=7368.8 | a=1.000163 | H=2.41e-05 | 11.6 steps/s | 86.23 ms/step | ETA: 14371385.1 min
Step 67800/10000000000 | t=6.78e+00 | T=7368.8 | a=1.000163 | H=2.41e-05 | 11.6 steps/s | 86.24 ms/step | ETA: 14373077.3 min
Step 67900/10000000000 | t=6.79e+00 | T=7368.8 | a=1.000163 | H=2.41e-05 | 11.6 steps/s | 86.26 ms/step | ETA: 14377299.3 min
Step 68000/10000000000 | t=6.80e+00 | T=7368.8 | a=1.000164 | H=2.41e-05 | 11.6 steps/s | 86.26 ms/step | ETA: 14377055.4 min
Step 68100/10000000000 | t=6.81e+00 | T=7368.8 | a=1.000164 | H=2.41e-05 | 11.6 steps/s | 86.26 ms/step | ETA: 14376811.6 min
Step 68200/10000000000 | t=6.82e+00 | T=7368.8 | a=1.000164 | H=2.41e-05 | 11.6 steps/s | 86.26 ms/step | ETA: 14376125.7 min
Step 68300/10000000000 | t=6.83e+00 | T=7368.8 | a=1.000164 | H=2.41e-05 | 11.6 steps/s | 86.26 ms/step | ETA: 14377044.1 min
Step 68400/10000000000 | t=6.84e+00 | T=7368.8 | a=1.000165 | H=2.41e-05 | 11.6 steps/s | 86.27 ms/step | ETA: 14378518.5 min
Step 68500/10000000000 | t=6.85e+00 | T=7368.8 | a=1.000165 | H=2.41e-05 | 11.6 steps/s | 86.30 ms/step | ETA: 14383138.8 min
Step 68600/10000000000 | t=6.86e+00 | T=7368.8 | a=1.000165 | H=2.41e-05 | 11.6 steps/s | 86.30 ms/step | ETA: 14382676.7 min
Step 68700/10000000000 | t=6.87e+00 | T=7368.8 | a=1.000165 | H=2.41e-05 | 11.6 steps/s | 86.29 ms/step | ETA: 14382151.0 min
Step 68800/10000000000 | t=6.88e+00 | T=7368.8 | a=1.000166 | H=2.41e-05 | 11.6 steps/s | 86.30 ms/step | ETA: 14382602.2 min
Step 68900/10000000000 | t=6.89e+00 | T=7368.8 | a=1.000166 | H=2.41e-05 | 11.6 steps/s | 86.30 ms/step | ETA: 14383242.8 min
Step 69000/10000000000 | t=6.90e+00 | T=7368.8 | a=1.000166 | H=2.41e-05 | 11.6 steps/s | 86.29 ms/step | ETA: 14382162.1 min
Step 69100/10000000000 | t=6.91e+00 | T=7368.8 | a=1.000166 | H=2.41e-05 | 11.6 steps/s | 86.31 ms/step | ETA: 14385063.7 min
Step 69200/10000000000 | t=6.92e+00 | T=7368.8 | a=1.000166 | H=2.41e-05 | 11.6 steps/s | 86.31 ms/step | ETA: 14384476.9 min
Step 69300/10000000000 | t=6.93e+00 | T=7368.8 | a=1.000167 | H=2.41e-05 | 11.6 steps/s | 86.31 ms/step | ETA: 14385576.4 min
Step 69400/10000000000 | t=6.94e+00 | T=7368.8 | a=1.000167 | H=2.41e-05 | 11.6 steps/s | 86.31 ms/step | ETA: 14384850.9 min
Step 69500/10000000000 | t=6.95e+00 | T=7368.8 | a=1.000167 | H=2.41e-05 | 11.6 steps/s | 86.34 ms/step | ETA: 14389940.7 min
Step 69600/10000000000 | t=6.96e+00 | T=7368.8 | a=1.000167 | H=2.41e-05 | 11.6 steps/s | 86.34 ms/step | ETA: 14389483.0 min
Step 69700/10000000000 | t=6.97e+00 | T=7368.8 | a=1.000168 | H=2.41e-05 | 11.6 steps/s | 86.34 ms/step | ETA: 14390281.8 min
Step 69800/10000000000 | t=6.98e+00 | T=7368.8 | a=1.000168 | H=2.41e-05 | 11.6 steps/s | 86.34 ms/step | ETA: 14389516.3 min
Step 69900/10000000000 | t=6.99e+00 | T=7368.8 | a=1.000168 | H=2.41e-05 | 11.6 steps/s | 86.36 ms/step | ETA: 14392905.9 min
Step 70000/10000000000 | t=7.00e+00 | T=7368.8 | a=1.000168 | H=2.41e-05 | 11.6 steps/s | 86.35 ms/step | ETA: 14392163.0 min
Step 70100/10000000000 | t=7.01e+00 | T=7368.8 | a=1.000169 | H=2.41e-05 | 11.6 steps/s | 86.35 ms/step | ETA: 14391827.3 min
Step 70200/10000000000 | t=7.02e+00 | T=7368.8 | a=1.000169 | H=2.41e-05 | 11.6 steps/s | 86.35 ms/step | ETA: 14391339.2 min
Step 70300/10000000000 | t=7.03e+00 | T=7368.8 | a=1.000169 | H=2.41e-05 | 11.6 steps/s | 86.35 ms/step | ETA: 14391896.1 min
Step 70400/10000000000 | t=7.04e+00 | T=7368.8 | a=1.000169 | H=2.41e-05 | 11.6 steps/s | 86.35 ms/step | ETA: 14391424.0 min
Step 70500/10000000000 | t=7.05e+00 | T=7368.8 | a=1.000170 | H=2.41e-05 | 11.6 steps/s | 86.38 ms/step | ETA: 14395979.0 min
Step 70600/10000000000 | t=7.06e+00 | T=7368.7 | a=1.000170 | H=2.41e-05 | 11.6 steps/s | 86.38 ms/step | ETA: 14396061.3 min
Step 70700/10000000000 | t=7.07e+00 | T=7368.7 | a=1.000170 | H=2.41e-05 | 11.6 steps/s | 86.37 ms/step | ETA: 14395642.5 min
Step 70800/10000000000 | t=7.08e+00 | T=7368.7 | a=1.000170 | H=2.41e-05 | 11.6 steps/s | 86.37 ms/step | ETA: 14394900.6 min
Step 70900/10000000000 | t=7.09e+00 | T=7368.7 | a=1.000171 | H=2.41e-05 | 11.6 steps/s | 86.37 ms/step | ETA: 14394165.8 min
Step 71000/10000000000 | t=7.10e+00 | T=7368.7 | a=1.000171 | H=2.41e-05 | 11.6 steps/s | 86.37 ms/step | ETA: 14394529.3 min
Step 71100/10000000000 | t=7.11e+00 | T=7368.7 | a=1.000171 | H=2.41e-05 | 11.6 steps/s | 86.37 ms/step | ETA: 14394690.8 min
Step 71200/10000000000 | t=7.12e+00 | T=7368.7 | a=1.000171 | H=2.41e-05 | 11.6 steps/s | 86.36 ms/step | ETA: 14393755.7 min
Step 71300/10000000000 | t=7.13e+00 | T=7368.7 | a=1.000172 | H=2.41e-05 | 11.6 steps/s | 86.37 ms/step | ETA: 14394654.9 min
Step 71400/10000000000 | t=7.14e+00 | T=7368.7 | a=1.000172 | H=2.41e-05 | 11.6 steps/s | 86.37 ms/step | ETA: 14394361.4 min
Step 71500/10000000000 | t=7.15e+00 | T=7368.7 | a=1.000172 | H=2.41e-05 | 11.6 steps/s | 86.40 ms/step | ETA: 14399795.2 min
Step 71600/10000000000 | t=7.16e+00 | T=7368.7 | a=1.000172 | H=2.41e-05 | 11.6 steps/s | 86.40 ms/step | ETA: 14399323.5 min
Step 71700/10000000000 | t=7.17e+00 | T=7368.7 | a=1.000173 | H=2.41e-05 | 11.6 steps/s | 86.39 ms/step | ETA: 14398237.8 min
Step 71800/10000000000 | t=7.18e+00 | T=7368.7 | a=1.000173 | H=2.41e-05 | 11.6 steps/s | 86.39 ms/step | ETA: 14397560.1 min
Step 71900/10000000000 | t=7.19e+00 | T=7368.7 | a=1.000173 | H=2.41e-05 | 11.6 steps/s | 86.38 ms/step | ETA: 14396848.4 min
Step 72000/10000000000 | t=7.20e+00 | T=7368.7 | a=1.000173 | H=2.41e-05 | 11.6 steps/s | 86.38 ms/step | ETA: 14396149.7 min
Step 72100/10000000000 | t=7.21e+00 | T=7368.7 | a=1.000173 | H=2.41e-05 | 11.6 steps/s | 86.37 ms/step | ETA: 14395376.4 min
Step 72200/10000000000 | t=7.22e+00 | T=7368.7 | a=1.000174 | H=2.41e-05 | 11.6 steps/s | 86.37 ms/step | ETA: 14394477.5 min
Step 72300/10000000000 | t=7.23e+00 | T=7368.7 | a=1.000174 | H=2.41e-05 | 11.6 steps/s | 86.37 ms/step | ETA: 14394626.3 min
Step 72400/10000000000 | t=7.24e+00 | T=7368.7 | a=1.000174 | H=2.41e-05 | 11.6 steps/s | 86.36 ms/step | ETA: 14393745.3 min
Step 72500/10000000000 | t=7.25e+00 | T=7368.7 | a=1.000174 | H=2.41e-05 | 11.6 steps/s | 86.40 ms/step | ETA: 14400231.2 min
Step 72600/10000000000 | t=7.26e+00 | T=7368.7 | a=1.000175 | H=2.41e-05 | 11.6 steps/s | 86.40 ms/step | ETA: 14399668.1 min
Step 72700/10000000000 | t=7.27e+00 | T=7368.7 | a=1.000175 | H=2.41e-05 | 11.6 steps/s | 86.40 ms/step | ETA: 14399091.0 min
Step 72800/10000000000 | t=7.28e+00 | T=7368.7 | a=1.000175 | H=2.41e-05 | 11.6 steps/s | 86.39 ms/step | ETA: 14398438.4 min
Step 72900/10000000000 | t=7.29e+00 | T=7368.7 | a=1.000175 | H=2.41e-05 | 11.6 steps/s | 86.39 ms/step | ETA: 14397739.8 min
Step 73000/10000000000 | t=7.30e+00 | T=7368.7 | a=1.000176 | H=2.41e-05 | 11.6 steps/s | 86.38 ms/step | ETA: 14396964.4 min
Step 73100/10000000000 | t=7.31e+00 | T=7368.7 | a=1.000176 | H=2.41e-05 | 11.6 steps/s | 86.38 ms/step | ETA: 14396953.0 min
Step 73200/10000000000 | t=7.32e+00 | T=7368.7 | a=1.000176 | H=2.41e-05 | 11.6 steps/s | 86.38 ms/step | ETA: 14397111.1 min
Step 73300/10000000000 | t=7.33e+00 | T=7368.7 | a=1.000176 | H=2.41e-05 | 11.6 steps/s | 86.38 ms/step | ETA: 14396258.1 min
Step 73400/10000000000 | t=7.34e+00 | T=7368.7 | a=1.000177 | H=2.41e-05 | 11.6 steps/s | 86.37 ms/step | ETA: 14395692.3 min
Step 73500/10000000000 | t=7.35e+00 | T=7368.7 | a=1.000177 | H=2.41e-05 | 11.6 steps/s | 86.40 ms/step | ETA: 14399599.8 min
Step 73600/10000000000 | t=7.36e+00 | T=7368.7 | a=1.000177 | H=2.41e-05 | 11.6 steps/s | 86.39 ms/step | ETA: 14398661.8 min
Step 73700/10000000000 | t=7.37e+00 | T=7368.7 | a=1.000177 | H=2.41e-05 | 11.6 steps/s | 86.39 ms/step | ETA: 14398312.9 min
Step 73800/10000000000 | t=7.38e+00 | T=7368.7 | a=1.000178 | H=2.41e-05 | 11.6 steps/s | 86.39 ms/step | ETA: 14398219.1 min
Step 73900/10000000000 | t=7.39e+00 | T=7368.7 | a=1.000178 | H=2.41e-05 | 11.6 steps/s | 86.39 ms/step | ETA: 14398058.5 min
Step 74000/10000000000 | t=7.40e+00 | T=7368.7 | a=1.000178 | H=2.41e-05 | 11.6 steps/s | 86.38 ms/step | ETA: 14397058.2 min
Step 74100/10000000000 | t=7.41e+00 | T=7368.7 | a=1.000178 | H=2.41e-05 | 11.6 steps/s | 86.39 ms/step | ETA: 14398648.9 min
Step 74200/10000000000 | t=7.42e+00 | T=7368.7 | a=1.000179 | H=2.41e-05 | 11.6 steps/s | 86.41 ms/step | ETA: 14401666.5 min
Step 74300/10000000000 | t=7.43e+00 | T=7368.7 | a=1.000179 | H=2.41e-05 | 11.6 steps/s | 86.41 ms/step | ETA: 14400877.6 min
Step 74400/10000000000 | t=7.44e+00 | T=7368.7 | a=1.000179 | H=2.41e-05 | 11.6 steps/s | 86.40 ms/step | ETA: 14399958.1 min
Step 74500/10000000000 | t=7.45e+00 | T=7368.7 | a=1.000179 | H=2.41e-05 | 11.6 steps/s | 86.44 ms/step | ETA: 14406165.5 min
Step 74600/10000000000 | t=7.46e+00 | T=7368.7 | a=1.000179 | H=2.41e-05 | 11.6 steps/s | 86.43 ms/step | ETA: 14405266.5 min
Step 74700/10000000000 | t=7.47e+00 | T=7368.7 | a=1.000180 | H=2.41e-05 | 11.6 steps/s | 86.43 ms/step | ETA: 14404422.4 min
Step 74800/10000000000 | t=7.48e+00 | T=7368.7 | a=1.000180 | H=2.41e-05 | 11.6 steps/s | 86.43 ms/step | ETA: 14404140.8 min
Step 74900/10000000000 | t=7.49e+00 | T=7368.7 | a=1.000180 | H=2.41e-05 | 11.6 steps/s | 86.43 ms/step | ETA: 14404458.7 min
Step 75000/10000000000 | t=7.50e+00 | T=7368.7 | a=1.000180 | H=2.41e-05 | 11.6 steps/s | 86.42 ms/step | ETA: 14403524.1 min
Step 75100/10000000000 | t=7.51e+00 | T=7368.7 | a=1.000181 | H=2.41e-05 | 11.6 steps/s | 86.42 ms/step | ETA: 14402594.5 min
Step 75200/10000000000 | t=7.52e+00 | T=7368.7 | a=1.000181 | H=2.41e-05 | 11.6 steps/s | 86.42 ms/step | ETA: 14402824.4 min
Step 75300/10000000000 | t=7.53e+00 | T=7368.7 | a=1.000181 | H=2.41e-05 | 11.6 steps/s | 86.41 ms/step | ETA: 14402140.5 min
Step 75400/10000000000 | t=7.54e+00 | T=7368.7 | a=1.000181 | H=2.41e-05 | 11.6 steps/s | 86.41 ms/step | ETA: 14401575.6 min
Step 75500/10000000000 | t=7.55e+00 | T=7368.7 | a=1.000182 | H=2.41e-05 | 11.6 steps/s | 86.44 ms/step | ETA: 14405823.3 min
Step 75600/10000000000 | t=7.56e+00 | T=7368.7 | a=1.000182 | H=2.41e-05 | 11.6 steps/s | 86.43 ms/step | ETA: 14405148.9 min
Step 75700/10000000000 | t=7.57e+00 | T=7368.7 | a=1.000182 | H=2.41e-05 | 11.6 steps/s | 86.43 ms/step | ETA: 14404294.5 min
Step 75800/10000000000 | t=7.58e+00 | T=7368.7 | a=1.000182 | H=2.41e-05 | 11.6 steps/s | 86.42 ms/step | ETA: 14403650.9 min
Step 75900/10000000000 | t=7.59e+00 | T=7368.7 | a=1.000183 | H=2.41e-05 | 11.6 steps/s | 86.43 ms/step | ETA: 14404371.6 min
Step 76000/10000000000 | t=7.60e+00 | T=7368.7 | a=1.000183 | H=2.41e-05 | 11.6 steps/s | 86.43 ms/step | ETA: 14404597.9 min
Step 76100/10000000000 | t=7.61e+00 | T=7368.7 | a=1.000183 | H=2.41e-05 | 11.6 steps/s | 86.42 ms/step | ETA: 14403955.2 min
Step 76200/10000000000 | t=7.62e+00 | T=7368.6 | a=1.000183 | H=2.41e-05 | 11.6 steps/s | 86.42 ms/step | ETA: 14403375.4 min
Step 76300/10000000000 | t=7.63e+00 | T=7368.6 | a=1.000184 | H=2.41e-05 | 11.6 steps/s | 86.42 ms/step | ETA: 14402469.4 min
Step 76400/10000000000 | t=7.64e+00 | T=7368.6 | a=1.000184 | H=2.41e-05 | 11.6 steps/s | 86.41 ms/step | ETA: 14401513.5 min
Step 76500/10000000000 | t=7.65e+00 | T=7368.6 | a=1.000184 | H=2.41e-05 | 11.6 steps/s | 86.43 ms/step | ETA: 14405446.1 min
Step 76600/10000000000 | t=7.66e+00 | T=7368.6 | a=1.000184 | H=2.41e-05 | 11.6 steps/s | 86.44 ms/step | ETA: 14406781.5 min
Step 76700/10000000000 | t=7.67e+00 | T=7368.6 | a=1.000185 | H=2.41e-05 | 11.6 steps/s | 86.44 ms/step | ETA: 14405888.8 min
Step 76800/10000000000 | t=7.68e+00 | T=7368.6 | a=1.000185 | H=2.41e-05 | 11.6 steps/s | 86.43 ms/step | ETA: 14404978.4 min
Step 76900/10000000000 | t=7.69e+00 | T=7368.6 | a=1.000185 | H=2.41e-05 | 11.6 steps/s | 86.43 ms/step | ETA: 14404304.1 min
Step 77000/10000000000 | t=7.70e+00 | T=7368.6 | a=1.000185 | H=2.41e-05 | 11.6 steps/s | 86.42 ms/step | ETA: 14403725.3 min
Step 77100/10000000000 | t=7.71e+00 | T=7368.6 | a=1.000185 | H=2.41e-05 | 11.6 steps/s | 86.42 ms/step | ETA: 14402842.8 min
Step 77200/10000000000 | t=7.72e+00 | T=7368.6 | a=1.000186 | H=2.41e-05 | 11.6 steps/s | 86.41 ms/step | ETA: 14401972.4 min
Step 77300/10000000000 | t=7.73e+00 | T=7368.6 | a=1.000186 | H=2.41e-05 | 11.6 steps/s | 86.42 ms/step | ETA: 14402554.7 min
Step 77400/10000000000 | t=7.74e+00 | T=7368.6 | a=1.000186 | H=2.41e-05 | 11.6 steps/s | 86.41 ms/step | ETA: 14401797.9 min
Step 77500/10000000000 | t=7.75e+00 | T=7368.6 | a=1.000186 | H=2.41e-05 | 11.6 steps/s | 86.43 ms/step | ETA: 14405719.3 min
Step 77600/10000000000 | t=7.76e+00 | T=7368.6 | a=1.000187 | H=2.41e-05 | 11.6 steps/s | 86.44 ms/step | ETA: 14406332.0 min
Step 77700/10000000000 | t=7.77e+00 | T=7368.6 | a=1.000187 | H=2.41e-05 | 11.6 steps/s | 86.44 ms/step | ETA: 14405803.4 min
Step 77800/10000000000 | t=7.78e+00 | T=7368.6 | a=1.000187 | H=2.41e-05 | 11.6 steps/s | 86.43 ms/step | ETA: 14404839.6 min
Step 77900/10000000000 | t=7.79e+00 | T=7368.6 | a=1.000187 | H=2.41e-05 | 11.6 steps/s | 86.43 ms/step | ETA: 14404371.0 min
Step 78000/10000000000 | t=7.80e+00 | T=7368.6 | a=1.000188 | H=2.41e-05 | 11.6 steps/s | 86.43 ms/step | ETA: 14404449.8 min
Step 78100/10000000000 | t=7.81e+00 | T=7368.6 | a=1.000188 | H=2.41e-05 | 11.6 steps/s | 86.43 ms/step | ETA: 14404071.4 min
Step 78200/10000000000 | t=7.82e+00 | T=7368.6 | a=1.000188 | H=2.41e-05 | 11.6 steps/s | 86.43 ms/step | ETA: 14404653.6 min
Step 78300/10000000000 | t=7.83e+00 | T=7368.6 | a=1.000188 | H=2.41e-05 | 11.6 steps/s | 86.43 ms/step | ETA: 14404152.1 min
Step 78400/10000000000 | t=7.84e+00 | T=7368.6 | a=1.000189 | H=2.41e-05 | 11.6 steps/s | 86.42 ms/step | ETA: 14403698.3 min
Step 78500/10000000000 | t=7.85e+00 | T=7368.6 | a=1.000189 | H=2.41e-05 | 11.6 steps/s | 86.45 ms/step | ETA: 14408461.4 min
Step 78600/10000000000 | t=7.86e+00 | T=7368.6 | a=1.000189 | H=2.41e-05 | 11.6 steps/s | 86.45 ms/step | ETA: 14408674.9 min
Step 78700/10000000000 | t=7.87e+00 | T=7368.6 | a=1.000189 | H=2.41e-05 | 11.6 steps/s | 86.45 ms/step | ETA: 14408902.0 min
Step 78800/10000000000 | t=7.88e+00 | T=7368.6 | a=1.000190 | H=2.41e-05 | 11.6 steps/s | 86.45 ms/step | ETA: 14408441.1 min
Step 78900/10000000000 | t=7.89e+00 | T=7368.6 | a=1.000190 | H=2.41e-05 | 11.6 steps/s | 86.45 ms/step | ETA: 14409002.5 min
Step 79000/10000000000 | t=7.90e+00 | T=7368.6 | a=1.000190 | H=2.41e-05 | 11.6 steps/s | 86.45 ms/step | ETA: 14408670.0 min
Step 79100/10000000000 | t=7.91e+00 | T=7368.6 | a=1.000190 | H=2.41e-05 | 11.6 steps/s | 86.45 ms/step | ETA: 14408183.8 min
Step 79200/10000000000 | t=7.92e+00 | T=7368.6 | a=1.000191 | H=2.41e-05 | 11.6 steps/s | 86.45 ms/step | ETA: 14407441.6 min
Step 79300/10000000000 | t=7.93e+00 | T=7368.6 | a=1.000191 | H=2.41e-05 | 11.6 steps/s | 86.45 ms/step | ETA: 14408692.2 min
Step 79400/10000000000 | t=7.94e+00 | T=7368.6 | a=1.000191 | H=2.41e-05 | 11.6 steps/s | 86.50 ms/step | ETA: 14415925.1 min
Step 79500/10000000000 | t=7.95e+00 | T=7368.6 | a=1.000191 | H=2.41e-05 | 11.6 steps/s | 86.53 ms/step | ETA: 14420968.8 min
Step 79600/10000000000 | t=7.96e+00 | T=7368.6 | a=1.000192 | H=2.41e-05 | 11.6 steps/s | 86.53 ms/step | ETA: 14422350.1 min
Step 79700/10000000000 | t=7.97e+00 | T=7368.6 | a=1.000192 | H=2.41e-05 | 11.6 steps/s | 86.53 ms/step | ETA: 14422041.6 min
Step 79800/10000000000 | t=7.98e+00 | T=7368.6 | a=1.000192 | H=2.41e-05 | 11.6 steps/s | 86.53 ms/step | ETA: 14422070.2 min
Step 79900/10000000000 | t=7.99e+00 | T=7368.6 | a=1.000192 | H=2.41e-05 | 11.6 steps/s | 86.53 ms/step | ETA: 14422088.1 min
Step 80000/10000000000 | t=8.00e+00 | T=7368.6 | a=1.000192 | H=2.41e-05 | 11.6 steps/s | 86.53 ms/step | ETA: 14421765.6 min
Step 80100/10000000000 | t=8.01e+00 | T=7368.6 | a=1.000193 | H=2.41e-05 | 11.6 steps/s | 86.52 ms/step | ETA: 14420654.8 min
Step 80200/10000000000 | t=8.02e+00 | T=7368.6 | a=1.000193 | H=2.41e-05 | 11.6 steps/s | 86.52 ms/step | ETA: 14419636.0 min
Step 80300/10000000000 | t=8.03e+00 | T=7368.6 | a=1.000193 | H=2.41e-05 | 11.6 steps/s | 86.51 ms/step | ETA: 14418649.4 min
Step 80400/10000000000 | t=8.04e+00 | T=7368.6 | a=1.000193 | H=2.41e-05 | 11.6 steps/s | 86.51 ms/step | ETA: 14417867.0 min
Step 80500/10000000000 | t=8.05e+00 | T=7368.6 | a=1.000194 | H=2.41e-05 | 11.6 steps/s | 86.53 ms/step | ETA: 14421505.5 min
Step 80600/10000000000 | t=8.06e+00 | T=7368.6 | a=1.000194 | H=2.41e-05 | 11.6 steps/s | 86.52 ms/step | ETA: 14420656.5 min
Step 80700/10000000000 | t=8.07e+00 | T=7368.6 | a=1.000194 | H=2.41e-05 | 11.6 steps/s | 86.52 ms/step | ETA: 14420692.3 min
Step 80800/10000000000 | t=8.08e+00 | T=7368.6 | a=1.000194 | H=2.41e-05 | 11.6 steps/s | 86.52 ms/step | ETA: 14420343.5 min
Step 80900/10000000000 | t=8.09e+00 | T=7368.6 | a=1.000195 | H=2.41e-05 | 11.6 steps/s | 86.54 ms/step | ETA: 14423303.2 min
Step 81000/10000000000 | t=8.10e+00 | T=7368.6 | a=1.000195 | H=2.41e-05 | 11.6 steps/s | 86.56 ms/step | ETA: 14426236.7 min
Step 81100/10000000000 | t=8.11e+00 | T=7368.6 | a=1.000195 | H=2.41e-05 | 11.6 steps/s | 86.56 ms/step | ETA: 14425859.7 min
Step 81200/10000000000 | t=8.12e+00 | T=7368.6 | a=1.000195 | H=2.41e-05 | 11.6 steps/s | 86.56 ms/step | ETA: 14426002.2 min
Step 81300/10000000000 | t=8.13e+00 | T=7368.6 | a=1.000196 | H=2.41e-05 | 11.6 steps/s | 86.57 ms/step | ETA: 14427646.4 min
Step 81400/10000000000 | t=8.14e+00 | T=7368.6 | a=1.000196 | H=2.41e-05 | 11.6 steps/s | 86.57 ms/step | ETA: 14428363.5 min
Step 81500/10000000000 | t=8.15e+00 | T=7368.6 | a=1.000196 | H=2.41e-05 | 11.5 steps/s | 86.59 ms/step | ETA: 14431903.1 min
Step 81600/10000000000 | t=8.16e+00 | T=7368.6 | a=1.000196 | H=2.41e-05 | 11.5 steps/s | 86.59 ms/step | ETA: 14431058.2 min
Step 81700/10000000000 | t=8.17e+00 | T=7368.6 | a=1.000197 | H=2.41e-05 | 11.5 steps/s | 86.59 ms/step | ETA: 14430976.2 min
Step 81800/10000000000 | t=8.18e+00 | T=7368.5 | a=1.000197 | H=2.41e-05 | 11.5 steps/s | 86.59 ms/step | ETA: 14431771.7 min
Step 81900/10000000000 | t=8.19e+00 | T=7368.5 | a=1.000197 | H=2.41e-05 | 11.5 steps/s | 86.60 ms/step | ETA: 14433687.3 min
