======================================================================
LATTICE SIMULATION LOG
Started: 2026-01-30 18:43:56
Log file: logs/simulation_20260130_184356.log
======================================================================

Numba Configuration:
  Version: 0.63.1
  Threading layer: default
  Configured threads: 11
  Active threads: 11
----------------------------------------------------------------------
OVERDAMPED MODE: η = 50.0 (rescaled: 5.00e-02)
Field precision: float32
Tree-level VEV: ±1.0000e+11

Finding thermal VEV at T = 7375.0...
  V'(0) = 9.0987e-07
  V'(VEV) = 7.2188e-31
  Thermal VEV found: 1.0000e+11
  Ratio thermal/tree: 1.0000

Finding escape point...
  V'(1e-10) = 9.0987e-07
  V'(1e0)   = 9.0987e+03
  V'(1e5)   = -9.9982e+10
  V'(1e8)   = -1.0000e+14
  V'(1e10)  = -9.9000e+15
  Barrier found between 1.5672e+03 and 1.6488e+03
  Barrier top at: 1.6349e+03
  Escape point: 1.7984e+03
  V'(escape) = -3.5414e+06 (should be < 0)

Using ESCAPE POINT for seeding: 1.7984e+03
The field will dynamically roll toward the true vacuum!

============================================================
Computing CosmoTransitions bounce profile...
============================================================
  Searching for thermal minimum in range [1e3, 1e6]...
  Found thermal minimum at: phi = 1.0000e+06
  V(thermal min) = -5.0000e+17

  V at different scales:
    V(1e+03) = -7.7785e+14
    V(1e+04) = -5.4684e+14
    V(3e+04) = -4.5062e+14
    V(5e+04) = -1.2500e+15
    V(1e+05) = -5.0000e+15
    V(1e+06) = -5.0000e+17

  False vacuum: phi = 0.0000e+00
  True vacuum:  phi = 1.0000e+06
  V(false) = -7.7987e+14
  V(true)  = -5.0000e+17

  Bounce profile computed!
  Number of profile points: 501
  R range: [0.0000e+00, 4.8651e-03]
  Phi range: [-1.8160e+02, 1.0742e+05]
  Phi at r=0 (center): 1.0742e+05
  Phi at r=max (edge): -1.8160e+02
  (Could not compute action: only length-1 arrays can be converted to Python scalars)

  Bounce radius in physical units: ~4.8651e-03
  Lattice spacing dx = 1.0000e+00
  Natural bounce radius in lattice units: ~0.0049

  Scaling bounce to 40 lattice units
  Scale factor: 1.2163e-04
  (r_physical = r_lattice * 1.2163e-04)

  Bounce profile ready for seeding!

============================================================
BUBBLE SEEDING ENABLED
============================================================
Number of bubbles: 1
Profile type: bounce
Using CosmoTransitions bounce solution
Scaled to radius: 40 lattice units
VEV magnitude: 1.7984e+03
------------------------------------------------------------
  Seeded bubble: center=(128, 128), sign=+, profile=BOUNCE
------------------------------------------------------------
Field after seeding: min=-1.8160e+02, max=1.0742e+05
============================================================

Field states will be saved to: data/set6/T0_7375_dt_1e-05_a_0.001_interval_100000_seeded_1bubbles/field_states
Figures will be saved to: data/set6/T0_7375_dt_1e-05_a_0.001_interval_100000_seeded_1bubbles/figs/latticeSnapshot

============================================================
Starting time evolution...
Grid: 256×256, Steps: 100000000, dt: 1.00e-05
Using fused RK2: True
Using in-kernel RNG: True
Field precision: float32
Spline resolution N_Y: 256
Bubble seeding: ENABLED (1 bubbles)
  Bubble 1: (128, 128), R=40, +VEV
Thermal noise: DISABLED (deterministic evolution)
Overdamped mode: ENABLED (η = 50.0, no ringing)
============================================================

Warming up JIT compilation...
JIT warmup complete.
Starting main loop...

Step 0/100000000 | t=0.00e+00 | T=7375.0 | 428.4 steps/s | 0.00 ms/step | ETA: 0.0 min
