======================================================================
LATTICE SIMULATION LOG
Started: 2026-02-18 10:14:31
Log file: logs/simulation_20260218_101431.log
======================================================================

Numba Configuration:
  Version: 0.63.1
  Threading layer: default
  Configured threads: 11
  Active threads: 11
----------------------------------------------------------------------
OVERDAMPED MODE: η = 50.0 (rescaled: 5.00e-02)

Hubble expansion: ENABLED (comoving lattice)
  g_* = 106.75, M_Pl = 2.40e+18 GeV, ΔV = 1.00e+28 GeV^4
  H² = (T⁴/χ_g² + ΔV) / (3 M_Pl²)
  H(T0=7341.0) = 2.4056e-05 GeV
  3H = 7.2169e-05 GeV
  η_phys = 0.3 GeV  →  3H/η = 2.41e-04
  T(t) = T0 / a(t)  (entropy conservation)
  Initial a = 1.0
Field precision: float32
Tree-level VEV: ±1.0000e+11

Finding thermal VEV at T = 7341.0...
  V'(0) = -3.3898e-08
  V'(VEV) = 7.1194e-31
  Thermal VEV found: 1.0000e+11
  Ratio thermal/tree: 1.0000

Finding escape point...
  V'(1e-10) = -3.3898e-08
  V'(1e0)   = -3.3899e+02
  V'(1e5)   = -9.9983e+10
  V'(1e8)   = -1.0000e+14
  V'(1e10)  = -9.9000e+15
  No barrier: V' < 0 everywhere (spinodal regime)
  Using thermal VEV: 1.0000e+11
  V'(escape) = 7.1194e-31

Using TREE-LEVEL VEV for seeding: 1.0000e+11
The bubble is seeded at the true vacuum (no rolling needed).
Bubble seeding: DISABLED (thermal nucleation only)
Field states will be saved to: data/set6/256x256_T0_7341_dt_1e-05_interval_50000_hubble/field_states
Figures will be saved to: data/set6/256x256_T0_7341_dt_1e-05_interval_50000_hubble/figs/latticeSnapshot

============================================================
Starting time evolution...
Grid: 256×256, Steps: 1000000000, dt: 1.00e-05
Using fused RK2: True
Using in-kernel RNG: True
Field precision: float32
Spline resolution N_Y: 256
Bubble seeding: DISABLED
Thermal noise: ENABLED
Overdamped mode: ENABLED (η = 50.0, no ringing)
Hubble expansion: ENABLED
  H(T0) = 2.4056e-05 GeV, 3H/η = 2.41e-04
  g_* = 106.75, M_Pl = 2.40e+18 GeV
============================================================

Warming up JIT compilation...
JIT warmup complete.
Starting main loop...

Step 0/1000000000 | t=0.00e+00 | T=7341.0 | a=1.000000 | H=2.41e-05 | 608.7 steps/s | 0.00 ms/step | ETA: 0.0 min
Step 50000/1000000000 | t=5.00e-04 | T=7341.0 | a=1.000000 | H=2.41e-05 | 453.7 steps/s | 2.20 ms/step | ETA: 36729.1 min
Step 100000/1000000000 | t=1.00e-03 | T=7341.0 | a=1.000000 | H=2.41e-05 | 438.8 steps/s | 2.28 ms/step | ETA: 37974.8 min
Step 150000/1000000000 | t=1.50e-03 | T=7341.0 | a=1.000000 | H=2.41e-05 | 442.6 steps/s | 2.26 ms/step | ETA: 37650.2 min
Step 200000/1000000000 | t=2.00e-03 | T=7341.0 | a=1.000000 | H=2.41e-05 | 444.6 steps/s | 2.25 ms/step | ETA: 37478.4 min
Step 250000/1000000000 | t=2.50e-03 | T=7341.0 | a=1.000000 | H=2.41e-05 | 447.5 steps/s | 2.23 ms/step | ETA: 37236.8 min
Step 300000/1000000000 | t=3.00e-03 | T=7341.0 | a=1.000000 | H=2.41e-05 | 450.1 steps/s | 2.22 ms/step | ETA: 37015.1 min
Step 350000/1000000000 | t=3.50e-03 | T=7341.0 | a=1.000000 | H=2.41e-05 | 452.0 steps/s | 2.21 ms/step | ETA: 36863.5 min
Step 400000/1000000000 | t=4.00e-03 | T=7341.0 | a=1.000000 | H=2.41e-05 | 453.2 steps/s | 2.21 ms/step | ETA: 36758.1 min
Step 450000/1000000000 | t=4.50e-03 | T=7341.0 | a=1.000000 | H=2.41e-05 | 454.6 steps/s | 2.20 ms/step | ETA: 36642.6 min
Step 500000/1000000000 | t=5.00e-03 | T=7341.0 | a=1.000000 | H=2.41e-05 | 455.1 steps/s | 2.20 ms/step | ETA: 36605.6 min
Step 550000/1000000000 | t=5.50e-03 | T=7341.0 | a=1.000000 | H=2.41e-05 | 456.4 steps/s | 2.19 ms/step | ETA: 36498.1 min
Step 600000/1000000000 | t=6.00e-03 | T=7341.0 | a=1.000000 | H=2.41e-05 | 456.4 steps/s | 2.19 ms/step | ETA: 36491.9 min
Step 650000/1000000000 | t=6.50e-03 | T=7341.0 | a=1.000000 | H=2.41e-05 | 457.5 steps/s | 2.19 ms/step | ETA: 36408.5 min
Step 700000/1000000000 | t=7.00e-03 | T=7341.0 | a=1.000000 | H=2.41e-05 | 458.4 steps/s | 2.18 ms/step | ETA: 36329.3 min
Step 750000/1000000000 | t=7.50e-03 | T=7341.0 | a=1.000000 | H=2.41e-05 | 459.2 steps/s | 2.18 ms/step | ETA: 36265.6 min
Step 800000/1000000000 | t=8.00e-03 | T=7341.0 | a=1.000000 | H=2.41e-05 | 459.8 steps/s | 2.17 ms/step | ETA: 36215.7 min
Step 850000/1000000000 | t=8.50e-03 | T=7341.0 | a=1.000000 | H=2.41e-05 | 460.3 steps/s | 2.17 ms/step | ETA: 36176.6 min
Step 900000/1000000000 | t=9.00e-03 | T=7341.0 | a=1.000000 | H=2.41e-05 | 461.0 steps/s | 2.17 ms/step | ETA: 36119.8 min
Step 950000/1000000000 | t=9.50e-03 | T=7341.0 | a=1.000000 | H=2.41e-05 | 461.8 steps/s | 2.17 ms/step | ETA: 36054.2 min
Step 1000000/1000000000 | t=1.00e-02 | T=7341.0 | a=1.000000 | H=2.41e-05 | 462.5 steps/s | 2.16 ms/step | ETA: 36001.1 min
Step 1050000/1000000000 | t=1.05e-02 | T=7341.0 | a=1.000000 | H=2.41e-05 | 462.9 steps/s | 2.16 ms/step | ETA: 35968.9 min
Step 1100000/1000000000 | t=1.10e-02 | T=7341.0 | a=1.000000 | H=2.41e-05 | 463.2 steps/s | 2.16 ms/step | ETA: 35940.3 min
Step 1150000/1000000000 | t=1.15e-02 | T=7341.0 | a=1.000000 | H=2.41e-05 | 463.4 steps/s | 2.16 ms/step | ETA: 35928.1 min
Step 1200000/1000000000 | t=1.20e-02 | T=7341.0 | a=1.000000 | H=2.41e-05 | 463.7 steps/s | 2.16 ms/step | ETA: 35901.5 min
Step 1250000/1000000000 | t=1.25e-02 | T=7341.0 | a=1.000000 | H=2.41e-05 | 463.9 steps/s | 2.16 ms/step | ETA: 35881.7 min
Step 1300000/1000000000 | t=1.30e-02 | T=7341.0 | a=1.000000 | H=2.41e-05 | 463.8 steps/s | 2.16 ms/step | ETA: 35889.8 min
Step 1350000/1000000000 | t=1.35e-02 | T=7341.0 | a=1.000000 | H=2.41e-05 | 463.7 steps/s | 2.16 ms/step | ETA: 35891.4 min
Step 1400000/1000000000 | t=1.40e-02 | T=7341.0 | a=1.000000 | H=2.41e-05 | 463.6 steps/s | 2.16 ms/step | ETA: 35898.1 min
Step 1450000/1000000000 | t=1.45e-02 | T=7341.0 | a=1.000000 | H=2.41e-05 | 463.4 steps/s | 2.16 ms/step | ETA: 35913.1 min
Step 1500000/1000000000 | t=1.50e-02 | T=7341.0 | a=1.000000 | H=2.41e-05 | 463.4 steps/s | 2.16 ms/step | ETA: 35912.2 min
Step 1550000/1000000000 | t=1.55e-02 | T=7341.0 | a=1.000000 | H=2.41e-05 | 463.5 steps/s | 2.16 ms/step | ETA: 35902.7 min
Step 1600000/1000000000 | t=1.60e-02 | T=7341.0 | a=1.000000 | H=2.41e-05 | 463.8 steps/s | 2.16 ms/step | ETA: 35876.3 min
Step 1650000/1000000000 | t=1.65e-02 | T=7341.0 | a=1.000000 | H=2.41e-05 | 463.5 steps/s | 2.16 ms/step | ETA: 35897.1 min
Step 1700000/1000000000 | t=1.70e-02 | T=7341.0 | a=1.000000 | H=2.41e-05 | 462.9 steps/s | 2.16 ms/step | ETA: 35947.1 min
Step 1750000/1000000000 | t=1.75e-02 | T=7341.0 | a=1.000000 | H=2.41e-05 | 462.4 steps/s | 2.16 ms/step | ETA: 35978.5 min
Step 1800000/1000000000 | t=1.80e-02 | T=7341.0 | a=1.000000 | H=2.41e-05 | 462.2 steps/s | 2.16 ms/step | ETA: 35993.3 min
Step 1850000/1000000000 | t=1.85e-02 | T=7341.0 | a=1.000000 | H=2.41e-05 | 461.9 steps/s | 2.16 ms/step | ETA: 36012.3 min
Step 1900000/1000000000 | t=1.90e-02 | T=7341.0 | a=1.000000 | H=2.41e-05 | 461.9 steps/s | 2.16 ms/step | ETA: 36013.5 min
Step 1950000/1000000000 | t=1.95e-02 | T=7341.0 | a=1.000000 | H=2.41e-05 | 461.8 steps/s | 2.17 ms/step | ETA: 36017.5 min
Step 2000000/1000000000 | t=2.00e-02 | T=7341.0 | a=1.000000 | H=2.41e-05 | 461.7 steps/s | 2.17 ms/step | ETA: 36027.1 min
Step 2050000/1000000000 | t=2.05e-02 | T=7341.0 | a=1.000000 | H=2.41e-05 | 461.6 steps/s | 2.17 ms/step | ETA: 36029.9 min
Step 2100000/1000000000 | t=2.10e-02 | T=7341.0 | a=1.000001 | H=2.41e-05 | 461.6 steps/s | 2.17 ms/step | ETA: 36030.7 min
Step 2150000/1000000000 | t=2.15e-02 | T=7341.0 | a=1.000001 | H=2.41e-05 | 461.6 steps/s | 2.17 ms/step | ETA: 36032.1 min
Step 2200000/1000000000 | t=2.20e-02 | T=7341.0 | a=1.000001 | H=2.41e-05 | 461.6 steps/s | 2.17 ms/step | ETA: 36026.3 min
Step 2250000/1000000000 | t=2.25e-02 | T=7341.0 | a=1.000001 | H=2.41e-05 | 461.5 steps/s | 2.17 ms/step | ETA: 36036.4 min
Step 2300000/1000000000 | t=2.30e-02 | T=7341.0 | a=1.000001 | H=2.41e-05 | 461.6 steps/s | 2.17 ms/step | ETA: 36025.5 min
Step 2350000/1000000000 | t=2.35e-02 | T=7341.0 | a=1.000001 | H=2.41e-05 | 461.6 steps/s | 2.17 ms/step | ETA: 36020.6 min
Step 2400000/1000000000 | t=2.40e-02 | T=7341.0 | a=1.000001 | H=2.41e-05 | 461.6 steps/s | 2.17 ms/step | ETA: 36019.6 min
Step 2450000/1000000000 | t=2.45e-02 | T=7341.0 | a=1.000001 | H=2.41e-05 | 461.4 steps/s | 2.17 ms/step | ETA: 36030.8 min
Step 2500000/1000000000 | t=2.50e-02 | T=7341.0 | a=1.000001 | H=2.41e-05 | 461.4 steps/s | 2.17 ms/step | ETA: 36034.2 min
Step 2550000/1000000000 | t=2.55e-02 | T=7341.0 | a=1.000001 | H=2.41e-05 | 461.4 steps/s | 2.17 ms/step | ETA: 36032.0 min
Step 2600000/1000000000 | t=2.60e-02 | T=7341.0 | a=1.000001 | H=2.41e-05 | 461.5 steps/s | 2.17 ms/step | ETA: 36020.4 min
Step 2650000/1000000000 | t=2.65e-02 | T=7341.0 | a=1.000001 | H=2.41e-05 | 461.6 steps/s | 2.17 ms/step | ETA: 36013.8 min
Step 2700000/1000000000 | t=2.70e-02 | T=7341.0 | a=1.000001 | H=2.41e-05 | 461.6 steps/s | 2.17 ms/step | ETA: 36008.1 min
Step 2750000/1000000000 | t=2.75e-02 | T=7341.0 | a=1.000001 | H=2.41e-05 | 461.6 steps/s | 2.17 ms/step | ETA: 36006.7 min
Step 2800000/1000000000 | t=2.80e-02 | T=7341.0 | a=1.000001 | H=2.41e-05 | 461.5 steps/s | 2.17 ms/step | ETA: 36012.4 min
Step 2850000/1000000000 | t=2.85e-02 | T=7341.0 | a=1.000001 | H=2.41e-05 | 461.5 steps/s | 2.17 ms/step | ETA: 36011.8 min
Step 2900000/1000000000 | t=2.90e-02 | T=7341.0 | a=1.000001 | H=2.41e-05 | 461.5 steps/s | 2.17 ms/step | ETA: 36013.0 min
Step 2950000/1000000000 | t=2.95e-02 | T=7341.0 | a=1.000001 | H=2.41e-05 | 461.3 steps/s | 2.17 ms/step | ETA: 36023.0 min
Step 3000000/1000000000 | t=3.00e-02 | T=7341.0 | a=1.000001 | H=2.41e-05 | 461.2 steps/s | 2.17 ms/step | ETA: 36025.7 min
Step 3050000/1000000000 | t=3.05e-02 | T=7341.0 | a=1.000001 | H=2.41e-05 | 461.4 steps/s | 2.17 ms/step | ETA: 36015.4 min
Step 3100000/1000000000 | t=3.10e-02 | T=7341.0 | a=1.000001 | H=2.41e-05 | 461.3 steps/s | 2.17 ms/step | ETA: 36021.1 min
Step 3150000/1000000000 | t=3.15e-02 | T=7341.0 | a=1.000001 | H=2.41e-05 | 461.1 steps/s | 2.17 ms/step | ETA: 36030.8 min
Step 3200000/1000000000 | t=3.20e-02 | T=7341.0 | a=1.000001 | H=2.41e-05 | 461.1 steps/s | 2.17 ms/step | ETA: 36030.5 min
Step 3250000/1000000000 | t=3.25e-02 | T=7341.0 | a=1.000001 | H=2.41e-05 | 461.1 steps/s | 2.17 ms/step | ETA: 36026.3 min
Step 3300000/1000000000 | t=3.30e-02 | T=7341.0 | a=1.000001 | H=2.41e-05 | 461.1 steps/s | 2.17 ms/step | ETA: 36024.3 min
Step 3350000/1000000000 | t=3.35e-02 | T=7341.0 | a=1.000001 | H=2.41e-05 | 461.0 steps/s | 2.17 ms/step | ETA: 36029.7 min
Step 3400000/1000000000 | t=3.40e-02 | T=7341.0 | a=1.000001 | H=2.41e-05 | 460.9 steps/s | 2.17 ms/step | ETA: 36034.3 min
Step 3450000/1000000000 | t=3.45e-02 | T=7341.0 | a=1.000001 | H=2.41e-05 | 460.7 steps/s | 2.17 ms/step | ETA: 36050.0 min
Step 3500000/1000000000 | t=3.50e-02 | T=7341.0 | a=1.000001 | H=2.41e-05 | 460.3 steps/s | 2.17 ms/step | ETA: 36077.8 min
Step 3550000/1000000000 | t=3.55e-02 | T=7341.0 | a=1.000001 | H=2.41e-05 | 458.5 steps/s | 2.18 ms/step | ETA: 36219.7 min
Step 3600000/1000000000 | t=3.60e-02 | T=7341.0 | a=1.000001 | H=2.41e-05 | 457.7 steps/s | 2.18 ms/step | ETA: 36279.4 min
Step 3650000/1000000000 | t=3.65e-02 | T=7341.0 | a=1.000001 | H=2.41e-05 | 456.9 steps/s | 2.19 ms/step | ETA: 36341.6 min
Step 3700000/1000000000 | t=3.70e-02 | T=7341.0 | a=1.000001 | H=2.41e-05 | 456.6 steps/s | 2.19 ms/step | ETA: 36365.9 min
Step 3750000/1000000000 | t=3.75e-02 | T=7341.0 | a=1.000001 | H=2.41e-05 | 456.9 steps/s | 2.19 ms/step | ETA: 36341.9 min
Step 3800000/1000000000 | t=3.80e-02 | T=7341.0 | a=1.000001 | H=2.41e-05 | 457.2 steps/s | 2.19 ms/step | ETA: 36317.9 min
Step 3850000/1000000000 | t=3.85e-02 | T=7341.0 | a=1.000001 | H=2.41e-05 | 457.4 steps/s | 2.19 ms/step | ETA: 36294.4 min
Step 3900000/1000000000 | t=3.90e-02 | T=7341.0 | a=1.000001 | H=2.41e-05 | 457.7 steps/s | 2.19 ms/step | ETA: 36275.9 min
Step 3950000/1000000000 | t=3.95e-02 | T=7341.0 | a=1.000001 | H=2.41e-05 | 457.9 steps/s | 2.18 ms/step | ETA: 36254.1 min
Step 4000000/1000000000 | t=4.00e-02 | T=7341.0 | a=1.000001 | H=2.41e-05 | 458.1 steps/s | 2.18 ms/step | ETA: 36235.4 min
Step 4050000/1000000000 | t=4.05e-02 | T=7341.0 | a=1.000001 | H=2.41e-05 | 458.3 steps/s | 2.18 ms/step | ETA: 36219.6 min
Step 4100000/1000000000 | t=4.10e-02 | T=7341.0 | a=1.000001 | H=2.41e-05 | 458.5 steps/s | 2.18 ms/step | ETA: 36201.5 min
Step 4150000/1000000000 | t=4.15e-02 | T=7341.0 | a=1.000001 | H=2.41e-05 | 458.7 steps/s | 2.18 ms/step | ETA: 36185.4 min
Step 4200000/1000000000 | t=4.20e-02 | T=7341.0 | a=1.000001 | H=2.41e-05 | 458.8 steps/s | 2.18 ms/step | ETA: 36175.8 min
Step 4250000/1000000000 | t=4.25e-02 | T=7341.0 | a=1.000001 | H=2.41e-05 | 458.9 steps/s | 2.18 ms/step | ETA: 36167.1 min
Step 4300000/1000000000 | t=4.30e-02 | T=7341.0 | a=1.000001 | H=2.41e-05 | 458.9 steps/s | 2.18 ms/step | ETA: 36159.1 min
Step 4350000/1000000000 | t=4.35e-02 | T=7341.0 | a=1.000001 | H=2.41e-05 | 459.1 steps/s | 2.18 ms/step | ETA: 36147.5 min
Step 4400000/1000000000 | t=4.40e-02 | T=7341.0 | a=1.000001 | H=2.41e-05 | 459.1 steps/s | 2.18 ms/step | ETA: 36141.9 min
Step 4450000/1000000000 | t=4.45e-02 | T=7341.0 | a=1.000001 | H=2.41e-05 | 459.2 steps/s | 2.18 ms/step | ETA: 36136.0 min
Step 4500000/1000000000 | t=4.50e-02 | T=7341.0 | a=1.000001 | H=2.41e-05 | 459.2 steps/s | 2.18 ms/step | ETA: 36131.3 min
Step 4550000/1000000000 | t=4.55e-02 | T=7341.0 | a=1.000001 | H=2.41e-05 | 459.2 steps/s | 2.18 ms/step | ETA: 36127.8 min
Step 4600000/1000000000 | t=4.60e-02 | T=7341.0 | a=1.000001 | H=2.41e-05 | 459.3 steps/s | 2.18 ms/step | ETA: 36123.5 min
Step 4650000/1000000000 | t=4.65e-02 | T=7341.0 | a=1.000001 | H=2.41e-05 | 459.3 steps/s | 2.18 ms/step | ETA: 36117.1 min
Step 4700000/1000000000 | t=4.70e-02 | T=7341.0 | a=1.000001 | H=2.41e-05 | 459.4 steps/s | 2.18 ms/step | ETA: 36107.4 min
Step 4750000/1000000000 | t=4.75e-02 | T=7341.0 | a=1.000001 | H=2.41e-05 | 459.4 steps/s | 2.18 ms/step | ETA: 36103.5 min
Step 4800000/1000000000 | t=4.80e-02 | T=7341.0 | a=1.000001 | H=2.41e-05 | 459.5 steps/s | 2.18 ms/step | ETA: 36096.1 min
Step 4850000/1000000000 | t=4.85e-02 | T=7341.0 | a=1.000001 | H=2.41e-05 | 459.6 steps/s | 2.18 ms/step | ETA: 36087.8 min
Step 4900000/1000000000 | t=4.90e-02 | T=7341.0 | a=1.000001 | H=2.41e-05 | 459.7 steps/s | 2.18 ms/step | ETA: 36077.9 min
Step 4950000/1000000000 | t=4.95e-02 | T=7341.0 | a=1.000001 | H=2.41e-05 | 459.8 steps/s | 2.17 ms/step | ETA: 36066.1 min
Step 5000000/1000000000 | t=5.00e-02 | T=7341.0 | a=1.000001 | H=2.41e-05 | 459.8 steps/s | 2.17 ms/step | ETA: 36062.8 min
Step 5050000/1000000000 | t=5.05e-02 | T=7341.0 | a=1.000001 | H=2.41e-05 | 460.0 steps/s | 2.17 ms/step | ETA: 36051.3 min
Step 5100000/1000000000 | t=5.10e-02 | T=7341.0 | a=1.000001 | H=2.41e-05 | 460.1 steps/s | 2.17 ms/step | ETA: 36035.9 min
Step 5150000/1000000000 | t=5.15e-02 | T=7341.0 | a=1.000001 | H=2.41e-05 | 460.3 steps/s | 2.17 ms/step | ETA: 36025.4 min
Step 5200000/1000000000 | t=5.20e-02 | T=7341.0 | a=1.000001 | H=2.41e-05 | 460.4 steps/s | 2.17 ms/step | ETA: 36012.2 min
Step 5250000/1000000000 | t=5.25e-02 | T=7341.0 | a=1.000001 | H=2.41e-05 | 460.5 steps/s | 2.17 ms/step | ETA: 35999.7 min
Step 5300000/1000000000 | t=5.30e-02 | T=7341.0 | a=1.000001 | H=2.41e-05 | 460.6 steps/s | 2.17 ms/step | ETA: 35990.9 min
Step 5350000/1000000000 | t=5.35e-02 | T=7341.0 | a=1.000001 | H=2.41e-05 | 460.7 steps/s | 2.17 ms/step | ETA: 35985.8 min
Step 5400000/1000000000 | t=5.40e-02 | T=7341.0 | a=1.000001 | H=2.41e-05 | 460.7 steps/s | 2.17 ms/step | ETA: 35980.1 min
Step 5450000/1000000000 | t=5.45e-02 | T=7341.0 | a=1.000001 | H=2.41e-05 | 460.8 steps/s | 2.17 ms/step | ETA: 35975.1 min
Step 5500000/1000000000 | t=5.50e-02 | T=7341.0 | a=1.000001 | H=2.41e-05 | 460.8 steps/s | 2.17 ms/step | ETA: 35968.4 min
Step 5550000/1000000000 | t=5.55e-02 | T=7341.0 | a=1.000001 | H=2.41e-05 | 460.9 steps/s | 2.17 ms/step | ETA: 35962.5 min
Step 5600000/1000000000 | t=5.60e-02 | T=7341.0 | a=1.000001 | H=2.41e-05 | 460.9 steps/s | 2.17 ms/step | ETA: 35956.7 min
Step 5650000/1000000000 | t=5.65e-02 | T=7341.0 | a=1.000001 | H=2.41e-05 | 461.0 steps/s | 2.17 ms/step | ETA: 35952.1 min
Step 5700000/1000000000 | t=5.70e-02 | T=7341.0 | a=1.000001 | H=2.41e-05 | 461.0 steps/s | 2.17 ms/step | ETA: 35947.8 min
Step 5750000/1000000000 | t=5.75e-02 | T=7341.0 | a=1.000001 | H=2.41e-05 | 461.0 steps/s | 2.17 ms/step | ETA: 35942.0 min
Step 5800000/1000000000 | t=5.80e-02 | T=7341.0 | a=1.000001 | H=2.41e-05 | 461.0 steps/s | 2.17 ms/step | ETA: 35940.9 min
Step 5850000/1000000000 | t=5.85e-02 | T=7341.0 | a=1.000001 | H=2.41e-05 | 460.9 steps/s | 2.17 ms/step | ETA: 35948.4 min
Step 5900000/1000000000 | t=5.90e-02 | T=7341.0 | a=1.000001 | H=2.41e-05 | 460.9 steps/s | 2.17 ms/step | ETA: 35946.0 min
Step 5950000/1000000000 | t=5.95e-02 | T=7341.0 | a=1.000001 | H=2.41e-05 | 460.9 steps/s | 2.17 ms/step | ETA: 35942.6 min
Step 6000000/1000000000 | t=6.00e-02 | T=7341.0 | a=1.000001 | H=2.41e-05 | 461.0 steps/s | 2.17 ms/step | ETA: 35938.7 min
Step 6050000/1000000000 | t=6.05e-02 | T=7341.0 | a=1.000001 | H=2.41e-05 | 461.0 steps/s | 2.17 ms/step | ETA: 35931.8 min
Step 6100000/1000000000 | t=6.10e-02 | T=7341.0 | a=1.000001 | H=2.41e-05 | 461.1 steps/s | 2.17 ms/step | ETA: 35925.3 min
Step 6150000/1000000000 | t=6.15e-02 | T=7341.0 | a=1.000001 | H=2.41e-05 | 461.1 steps/s | 2.17 ms/step | ETA: 35921.1 min
Step 6200000/1000000000 | t=6.20e-02 | T=7341.0 | a=1.000001 | H=2.41e-05 | 461.2 steps/s | 2.17 ms/step | ETA: 35916.1 min
Step 6250000/1000000000 | t=6.25e-02 | T=7341.0 | a=1.000002 | H=2.41e-05 | 461.3 steps/s | 2.17 ms/step | ETA: 35906.8 min
Step 6300000/1000000000 | t=6.30e-02 | T=7341.0 | a=1.000002 | H=2.41e-05 | 461.4 steps/s | 2.17 ms/step | ETA: 35896.3 min
Step 6350000/1000000000 | t=6.35e-02 | T=7341.0 | a=1.000002 | H=2.41e-05 | 461.5 steps/s | 2.17 ms/step | ETA: 35882.4 min
Step 6400000/1000000000 | t=6.40e-02 | T=7341.0 | a=1.000002 | H=2.41e-05 | 461.6 steps/s | 2.17 ms/step | ETA: 35875.1 min
Step 6450000/1000000000 | t=6.45e-02 | T=7341.0 | a=1.000002 | H=2.41e-05 | 461.7 steps/s | 2.17 ms/step | ETA: 35868.1 min
Step 6500000/1000000000 | t=6.50e-02 | T=7341.0 | a=1.000002 | H=2.41e-05 | 461.8 steps/s | 2.17 ms/step | ETA: 35855.6 min
Step 6550000/1000000000 | t=6.55e-02 | T=7341.0 | a=1.000002 | H=2.41e-05 | 461.9 steps/s | 2.16 ms/step | ETA: 35846.0 min
Step 6600000/1000000000 | t=6.60e-02 | T=7341.0 | a=1.000002 | H=2.41e-05 | 462.0 steps/s | 2.16 ms/step | ETA: 35835.2 min
Step 6650000/1000000000 | t=6.65e-02 | T=7341.0 | a=1.000002 | H=2.41e-05 | 462.1 steps/s | 2.16 ms/step | ETA: 35823.7 min
Step 6700000/1000000000 | t=6.70e-02 | T=7341.0 | a=1.000002 | H=2.41e-05 | 462.1 steps/s | 2.16 ms/step | ETA: 35823.1 min
Step 6750000/1000000000 | t=6.75e-02 | T=7341.0 | a=1.000002 | H=2.41e-05 | 462.2 steps/s | 2.16 ms/step | ETA: 35813.9 min
Step 6800000/1000000000 | t=6.80e-02 | T=7341.0 | a=1.000002 | H=2.41e-05 | 462.2 steps/s | 2.16 ms/step | ETA: 35813.0 min
Step 6850000/1000000000 | t=6.85e-02 | T=7341.0 | a=1.000002 | H=2.41e-05 | 462.2 steps/s | 2.16 ms/step | ETA: 35814.1 min
Step 6900000/1000000000 | t=6.90e-02 | T=7341.0 | a=1.000002 | H=2.41e-05 | 462.2 steps/s | 2.16 ms/step | ETA: 35814.2 min
Step 6950000/1000000000 | t=6.95e-02 | T=7341.0 | a=1.000002 | H=2.41e-05 | 462.1 steps/s | 2.16 ms/step | ETA: 35817.4 min
Step 7000000/1000000000 | t=7.00e-02 | T=7341.0 | a=1.000002 | H=2.41e-05 | 462.1 steps/s | 2.16 ms/step | ETA: 35815.4 min
Step 7050000/1000000000 | t=7.05e-02 | T=7341.0 | a=1.000002 | H=2.41e-05 | 462.1 steps/s | 2.16 ms/step | ETA: 35814.5 min
Step 7100000/1000000000 | t=7.10e-02 | T=7341.0 | a=1.000002 | H=2.41e-05 | 462.1 steps/s | 2.16 ms/step | ETA: 35812.2 min
Step 7150000/1000000000 | t=7.15e-02 | T=7341.0 | a=1.000002 | H=2.41e-05 | 462.1 steps/s | 2.16 ms/step | ETA: 35811.8 min
Step 7200000/1000000000 | t=7.20e-02 | T=7341.0 | a=1.000002 | H=2.41e-05 | 462.1 steps/s | 2.16 ms/step | ETA: 35807.2 min
Step 7250000/1000000000 | t=7.25e-02 | T=7341.0 | a=1.000002 | H=2.41e-05 | 462.1 steps/s | 2.16 ms/step | ETA: 35805.6 min
Step 7300000/1000000000 | t=7.30e-02 | T=7341.0 | a=1.000002 | H=2.41e-05 | 462.1 steps/s | 2.16 ms/step | ETA: 35800.6 min
Step 7350000/1000000000 | t=7.35e-02 | T=7341.0 | a=1.000002 | H=2.41e-05 | 462.2 steps/s | 2.16 ms/step | ETA: 35791.9 min
Step 7400000/1000000000 | t=7.40e-02 | T=7341.0 | a=1.000002 | H=2.41e-05 | 462.3 steps/s | 2.16 ms/step | ETA: 35781.4 min
Step 7450000/1000000000 | t=7.45e-02 | T=7341.0 | a=1.000002 | H=2.41e-05 | 462.4 steps/s | 2.16 ms/step | ETA: 35775.3 min
Step 7500000/1000000000 | t=7.50e-02 | T=7341.0 | a=1.000002 | H=2.41e-05 | 462.5 steps/s | 2.16 ms/step | ETA: 35768.1 min
Step 7550000/1000000000 | t=7.55e-02 | T=7341.0 | a=1.000002 | H=2.41e-05 | 462.5 steps/s | 2.16 ms/step | ETA: 35767.1 min
Step 7600000/1000000000 | t=7.60e-02 | T=7341.0 | a=1.000002 | H=2.41e-05 | 462.5 steps/s | 2.16 ms/step | ETA: 35761.9 min
Step 7650000/1000000000 | t=7.65e-02 | T=7341.0 | a=1.000002 | H=2.41e-05 | 462.5 steps/s | 2.16 ms/step | ETA: 35756.9 min
Step 7700000/1000000000 | t=7.70e-02 | T=7341.0 | a=1.000002 | H=2.41e-05 | 462.6 steps/s | 2.16 ms/step | ETA: 35749.5 min
Step 7750000/1000000000 | t=7.75e-02 | T=7341.0 | a=1.000002 | H=2.41e-05 | 462.7 steps/s | 2.16 ms/step | ETA: 35744.5 min
Step 7800000/1000000000 | t=7.80e-02 | T=7341.0 | a=1.000002 | H=2.41e-05 | 462.7 steps/s | 2.16 ms/step | ETA: 35740.8 min
Step 7850000/1000000000 | t=7.85e-02 | T=7341.0 | a=1.000002 | H=2.41e-05 | 462.7 steps/s | 2.16 ms/step | ETA: 35738.2 min
Step 7900000/1000000000 | t=7.90e-02 | T=7341.0 | a=1.000002 | H=2.41e-05 | 462.7 steps/s | 2.16 ms/step | ETA: 35732.9 min
Step 7950000/1000000000 | t=7.95e-02 | T=7341.0 | a=1.000002 | H=2.41e-05 | 462.8 steps/s | 2.16 ms/step | ETA: 35726.2 min
Step 8000000/1000000000 | t=8.00e-02 | T=7341.0 | a=1.000002 | H=2.41e-05 | 462.8 steps/s | 2.16 ms/step | ETA: 35722.3 min
Step 8050000/1000000000 | t=8.05e-02 | T=7341.0 | a=1.000002 | H=2.41e-05 | 462.8 steps/s | 2.16 ms/step | ETA: 35719.9 min
Step 8100000/1000000000 | t=8.10e-02 | T=7341.0 | a=1.000002 | H=2.41e-05 | 462.9 steps/s | 2.16 ms/step | ETA: 35717.0 min
Step 8150000/1000000000 | t=8.15e-02 | T=7341.0 | a=1.000002 | H=2.41e-05 | 462.9 steps/s | 2.16 ms/step | ETA: 35714.8 min
Step 8200000/1000000000 | t=8.20e-02 | T=7341.0 | a=1.000002 | H=2.41e-05 | 462.8 steps/s | 2.16 ms/step | ETA: 35715.3 min
Step 8250000/1000000000 | t=8.25e-02 | T=7341.0 | a=1.000002 | H=2.41e-05 | 462.8 steps/s | 2.16 ms/step | ETA: 35712.2 min
Step 8300000/1000000000 | t=8.30e-02 | T=7341.0 | a=1.000002 | H=2.41e-05 | 462.8 steps/s | 2.16 ms/step | ETA: 35712.7 min
Step 8350000/1000000000 | t=8.35e-02 | T=7341.0 | a=1.000002 | H=2.41e-05 | 462.7 steps/s | 2.16 ms/step | ETA: 35717.6 min
Step 8400000/1000000000 | t=8.40e-02 | T=7341.0 | a=1.000002 | H=2.41e-05 | 462.8 steps/s | 2.16 ms/step | ETA: 35713.9 min
Step 8450000/1000000000 | t=8.45e-02 | T=7341.0 | a=1.000002 | H=2.41e-05 | 462.7 steps/s | 2.16 ms/step | ETA: 35714.0 min
Step 8500000/1000000000 | t=8.50e-02 | T=7341.0 | a=1.000002 | H=2.41e-05 | 462.7 steps/s | 2.16 ms/step | ETA: 35710.5 min
Step 8550000/1000000000 | t=8.55e-02 | T=7341.0 | a=1.000002 | H=2.41e-05 | 462.7 steps/s | 2.16 ms/step | ETA: 35713.5 min
Step 8600000/1000000000 | t=8.60e-02 | T=7341.0 | a=1.000002 | H=2.41e-05 | 462.7 steps/s | 2.16 ms/step | ETA: 35708.0 min
Step 8650000/1000000000 | t=8.65e-02 | T=7341.0 | a=1.000002 | H=2.41e-05 | 462.7 steps/s | 2.16 ms/step | ETA: 35707.9 min
Step 8700000/1000000000 | t=8.70e-02 | T=7341.0 | a=1.000002 | H=2.41e-05 | 462.8 steps/s | 2.16 ms/step | ETA: 35702.4 min
Step 8750000/1000000000 | t=8.75e-02 | T=7341.0 | a=1.000002 | H=2.41e-05 | 462.8 steps/s | 2.16 ms/step | ETA: 35696.8 min
Step 8800000/1000000000 | t=8.80e-02 | T=7341.0 | a=1.000002 | H=2.41e-05 | 462.8 steps/s | 2.16 ms/step | ETA: 35692.6 min
Step 8850000/1000000000 | t=8.85e-02 | T=7341.0 | a=1.000002 | H=2.41e-05 | 462.9 steps/s | 2.16 ms/step | ETA: 35688.4 min
Step 8900000/1000000000 | t=8.90e-02 | T=7341.0 | a=1.000002 | H=2.41e-05 | 462.9 steps/s | 2.16 ms/step | ETA: 35682.3 min
Step 8950000/1000000000 | t=8.95e-02 | T=7341.0 | a=1.000002 | H=2.41e-05 | 463.0 steps/s | 2.16 ms/step | ETA: 35677.8 min
Step 9000000/1000000000 | t=9.00e-02 | T=7341.0 | a=1.000002 | H=2.41e-05 | 463.0 steps/s | 2.16 ms/step | ETA: 35672.4 min
Step 9050000/1000000000 | t=9.05e-02 | T=7341.0 | a=1.000002 | H=2.41e-05 | 463.0 steps/s | 2.16 ms/step | ETA: 35668.8 min
Step 9100000/1000000000 | t=9.10e-02 | T=7341.0 | a=1.000002 | H=2.41e-05 | 463.1 steps/s | 2.16 ms/step | ETA: 35662.6 min
Step 9150000/1000000000 | t=9.15e-02 | T=7341.0 | a=1.000002 | H=2.41e-05 | 463.1 steps/s | 2.16 ms/step | ETA: 35659.3 min
Step 9200000/1000000000 | t=9.20e-02 | T=7341.0 | a=1.000002 | H=2.41e-05 | 463.1 steps/s | 2.16 ms/step | ETA: 35656.6 min
Step 9250000/1000000000 | t=9.25e-02 | T=7341.0 | a=1.000002 | H=2.41e-05 | 463.1 steps/s | 2.16 ms/step | ETA: 35653.4 min
Step 9300000/1000000000 | t=9.30e-02 | T=7341.0 | a=1.000002 | H=2.41e-05 | 463.2 steps/s | 2.16 ms/step | ETA: 35647.1 min
Step 9350000/1000000000 | t=9.35e-02 | T=7341.0 | a=1.000002 | H=2.41e-05 | 463.3 steps/s | 2.16 ms/step | ETA: 35639.3 min
Step 9400000/1000000000 | t=9.40e-02 | T=7341.0 | a=1.000002 | H=2.41e-05 | 463.3 steps/s | 2.16 ms/step | ETA: 35633.4 min
Step 9450000/1000000000 | t=9.45e-02 | T=7341.0 | a=1.000002 | H=2.41e-05 | 463.3 steps/s | 2.16 ms/step | ETA: 35630.1 min
Step 9500000/1000000000 | t=9.50e-02 | T=7341.0 | a=1.000002 | H=2.41e-05 | 463.3 steps/s | 2.16 ms/step | ETA: 35630.3 min
Step 9550000/1000000000 | t=9.55e-02 | T=7341.0 | a=1.000002 | H=2.41e-05 | 463.3 steps/s | 2.16 ms/step | ETA: 35629.4 min
Step 9600000/1000000000 | t=9.60e-02 | T=7341.0 | a=1.000002 | H=2.41e-05 | 463.3 steps/s | 2.16 ms/step | ETA: 35626.6 min
Step 9650000/1000000000 | t=9.65e-02 | T=7341.0 | a=1.000002 | H=2.41e-05 | 463.4 steps/s | 2.16 ms/step | ETA: 35621.7 min
Step 9700000/1000000000 | t=9.70e-02 | T=7341.0 | a=1.000002 | H=2.41e-05 | 463.4 steps/s | 2.16 ms/step | ETA: 35618.0 min
Step 9750000/1000000000 | t=9.75e-02 | T=7341.0 | a=1.000002 | H=2.41e-05 | 463.4 steps/s | 2.16 ms/step | ETA: 35613.9 min
Step 9800000/1000000000 | t=9.80e-02 | T=7341.0 | a=1.000002 | H=2.41e-05 | 463.4 steps/s | 2.16 ms/step | ETA: 35614.1 min
Step 9850000/1000000000 | t=9.85e-02 | T=7341.0 | a=1.000002 | H=2.41e-05 | 463.4 steps/s | 2.16 ms/step | ETA: 35608.8 min
Step 9900000/1000000000 | t=9.90e-02 | T=7341.0 | a=1.000002 | H=2.41e-05 | 463.5 steps/s | 2.16 ms/step | ETA: 35606.0 min
Step 9950000/1000000000 | t=9.95e-02 | T=7341.0 | a=1.000002 | H=2.41e-05 | 463.5 steps/s | 2.16 ms/step | ETA: 35603.0 min
Step 10000000/1000000000 | t=1.00e-01 | T=7341.0 | a=1.000002 | H=2.41e-05 | 463.4 steps/s | 2.16 ms/step | ETA: 35604.4 min
Step 10050000/1000000000 | t=1.01e-01 | T=7341.0 | a=1.000002 | H=2.41e-05 | 463.3 steps/s | 2.16 ms/step | ETA: 35609.2 min
Step 10100000/1000000000 | t=1.01e-01 | T=7341.0 | a=1.000002 | H=2.41e-05 | 463.4 steps/s | 2.16 ms/step | ETA: 35602.4 min
Step 10150000/1000000000 | t=1.02e-01 | T=7341.0 | a=1.000002 | H=2.41e-05 | 463.5 steps/s | 2.16 ms/step | ETA: 35595.0 min
Step 10200000/1000000000 | t=1.02e-01 | T=7341.0 | a=1.000002 | H=2.41e-05 | 463.6 steps/s | 2.16 ms/step | ETA: 35585.7 min
Step 10250000/1000000000 | t=1.03e-01 | T=7341.0 | a=1.000002 | H=2.41e-05 | 463.7 steps/s | 2.16 ms/step | ETA: 35576.0 min
Step 10300000/1000000000 | t=1.03e-01 | T=7341.0 | a=1.000002 | H=2.41e-05 | 463.8 steps/s | 2.16 ms/step | ETA: 35566.6 min
Step 10350000/1000000000 | t=1.04e-01 | T=7341.0 | a=1.000002 | H=2.41e-05 | 463.8 steps/s | 2.16 ms/step | ETA: 35561.5 min
Step 10400000/1000000000 | t=1.04e-01 | T=7341.0 | a=1.000003 | H=2.41e-05 | 463.9 steps/s | 2.16 ms/step | ETA: 35557.3 min
Step 10450000/1000000000 | t=1.05e-01 | T=7341.0 | a=1.000003 | H=2.41e-05 | 463.9 steps/s | 2.16 ms/step | ETA: 35551.5 min
Step 10500000/1000000000 | t=1.05e-01 | T=7341.0 | a=1.000003 | H=2.41e-05 | 463.9 steps/s | 2.16 ms/step | ETA: 35549.7 min
Step 10550000/1000000000 | t=1.06e-01 | T=7341.0 | a=1.000003 | H=2.41e-05 | 463.9 steps/s | 2.16 ms/step | ETA: 35548.5 min
Step 10600000/1000000000 | t=1.06e-01 | T=7341.0 | a=1.000003 | H=2.41e-05 | 463.9 steps/s | 2.16 ms/step | ETA: 35545.0 min
Step 10650000/1000000000 | t=1.07e-01 | T=7341.0 | a=1.000003 | H=2.41e-05 | 463.9 steps/s | 2.16 ms/step | ETA: 35542.6 min
Step 10700000/1000000000 | t=1.07e-01 | T=7341.0 | a=1.000003 | H=2.41e-05 | 463.9 steps/s | 2.16 ms/step | ETA: 35541.2 min
Step 10750000/1000000000 | t=1.08e-01 | T=7341.0 | a=1.000003 | H=2.41e-05 | 463.9 steps/s | 2.16 ms/step | ETA: 35539.0 min
Step 10800000/1000000000 | t=1.08e-01 | T=7341.0 | a=1.000003 | H=2.41e-05 | 463.9 steps/s | 2.16 ms/step | ETA: 35535.7 min
Step 10850000/1000000000 | t=1.09e-01 | T=7341.0 | a=1.000003 | H=2.41e-05 | 464.0 steps/s | 2.16 ms/step | ETA: 35531.2 min
Step 10900000/1000000000 | t=1.09e-01 | T=7341.0 | a=1.000003 | H=2.41e-05 | 464.0 steps/s | 2.16 ms/step | ETA: 35528.7 min
Step 10950000/1000000000 | t=1.10e-01 | T=7341.0 | a=1.000003 | H=2.41e-05 | 464.1 steps/s | 2.15 ms/step | ETA: 35521.4 min
Step 11000000/1000000000 | t=1.10e-01 | T=7341.0 | a=1.000003 | H=2.41e-05 | 464.1 steps/s | 2.15 ms/step | ETA: 35517.0 min
Step 11050000/1000000000 | t=1.11e-01 | T=7341.0 | a=1.000003 | H=2.41e-05 | 464.2 steps/s | 2.15 ms/step | ETA: 35510.7 min
Step 11100000/1000000000 | t=1.11e-01 | T=7341.0 | a=1.000003 | H=2.41e-05 | 464.2 steps/s | 2.15 ms/step | ETA: 35505.0 min
Step 11150000/1000000000 | t=1.12e-01 | T=7341.0 | a=1.000003 | H=2.41e-05 | 464.3 steps/s | 2.15 ms/step | ETA: 35499.2 min
Step 11200000/1000000000 | t=1.12e-01 | T=7341.0 | a=1.000003 | H=2.41e-05 | 464.3 steps/s | 2.15 ms/step | ETA: 35496.6 min
Step 11250000/1000000000 | t=1.13e-01 | T=7341.0 | a=1.000003 | H=2.41e-05 | 464.3 steps/s | 2.15 ms/step | ETA: 35492.5 min
Step 11300000/1000000000 | t=1.13e-01 | T=7341.0 | a=1.000003 | H=2.41e-05 | 464.3 steps/s | 2.15 ms/step | ETA: 35488.9 min
Step 11350000/1000000000 | t=1.14e-01 | T=7341.0 | a=1.000003 | H=2.41e-05 | 464.3 steps/s | 2.15 ms/step | ETA: 35485.6 min
Step 11400000/1000000000 | t=1.14e-01 | T=7341.0 | a=1.000003 | H=2.41e-05 | 464.4 steps/s | 2.15 ms/step | ETA: 35480.9 min
Step 11450000/1000000000 | t=1.15e-01 | T=7341.0 | a=1.000003 | H=2.41e-05 | 464.4 steps/s | 2.15 ms/step | ETA: 35480.0 min
Step 11500000/1000000000 | t=1.15e-01 | T=7341.0 | a=1.000003 | H=2.41e-05 | 464.4 steps/s | 2.15 ms/step | ETA: 35477.1 min
Step 11550000/1000000000 | t=1.16e-01 | T=7341.0 | a=1.000003 | H=2.41e-05 | 464.5 steps/s | 2.15 ms/step | ETA: 35469.0 min
Step 11600000/1000000000 | t=1.16e-01 | T=7341.0 | a=1.000003 | H=2.41e-05 | 464.5 steps/s | 2.15 ms/step | ETA: 35463.5 min
Step 11650000/1000000000 | t=1.17e-01 | T=7341.0 | a=1.000003 | H=2.41e-05 | 464.5 steps/s | 2.15 ms/step | ETA: 35461.7 min
Step 11700000/1000000000 | t=1.17e-01 | T=7341.0 | a=1.000003 | H=2.41e-05 | 464.6 steps/s | 2.15 ms/step | ETA: 35456.9 min
Step 11750000/1000000000 | t=1.18e-01 | T=7341.0 | a=1.000003 | H=2.41e-05 | 464.6 steps/s | 2.15 ms/step | ETA: 35455.2 min
Step 11800000/1000000000 | t=1.18e-01 | T=7341.0 | a=1.000003 | H=2.41e-05 | 464.6 steps/s | 2.15 ms/step | ETA: 35450.9 min
Step 11850000/1000000000 | t=1.19e-01 | T=7341.0 | a=1.000003 | H=2.41e-05 | 464.6 steps/s | 2.15 ms/step | ETA: 35446.2 min
Step 11900000/1000000000 | t=1.19e-01 | T=7341.0 | a=1.000003 | H=2.41e-05 | 464.7 steps/s | 2.15 ms/step | ETA: 35442.4 min
Step 11950000/1000000000 | t=1.20e-01 | T=7341.0 | a=1.000003 | H=2.41e-05 | 464.7 steps/s | 2.15 ms/step | ETA: 35437.4 min
Step 12000000/1000000000 | t=1.20e-01 | T=7341.0 | a=1.000003 | H=2.41e-05 | 464.8 steps/s | 2.15 ms/step | ETA: 35430.9 min
Step 12050000/1000000000 | t=1.21e-01 | T=7341.0 | a=1.000003 | H=2.41e-05 | 464.7 steps/s | 2.15 ms/step | ETA: 35429.7 min
Step 12100000/1000000000 | t=1.21e-01 | T=7341.0 | a=1.000003 | H=2.41e-05 | 464.8 steps/s | 2.15 ms/step | ETA: 35426.4 min
Step 12150000/1000000000 | t=1.22e-01 | T=7341.0 | a=1.000003 | H=2.41e-05 | 464.8 steps/s | 2.15 ms/step | ETA: 35425.0 min
Step 12200000/1000000000 | t=1.22e-01 | T=7341.0 | a=1.000003 | H=2.41e-05 | 464.8 steps/s | 2.15 ms/step | ETA: 35422.4 min
Step 12250000/1000000000 | t=1.23e-01 | T=7341.0 | a=1.000003 | H=2.41e-05 | 464.8 steps/s | 2.15 ms/step | ETA: 35420.0 min
Step 12300000/1000000000 | t=1.23e-01 | T=7341.0 | a=1.000003 | H=2.41e-05 | 464.8 steps/s | 2.15 ms/step | ETA: 35417.1 min
Step 12350000/1000000000 | t=1.24e-01 | T=7341.0 | a=1.000003 | H=2.41e-05 | 464.8 steps/s | 2.15 ms/step | ETA: 35416.1 min
Step 12400000/1000000000 | t=1.24e-01 | T=7341.0 | a=1.000003 | H=2.41e-05 | 464.8 steps/s | 2.15 ms/step | ETA: 35413.6 min
Step 12450000/1000000000 | t=1.25e-01 | T=7341.0 | a=1.000003 | H=2.41e-05 | 464.8 steps/s | 2.15 ms/step | ETA: 35409.1 min
Step 12500000/1000000000 | t=1.25e-01 | T=7341.0 | a=1.000003 | H=2.41e-05 | 464.8 steps/s | 2.15 ms/step | ETA: 35406.5 min
Step 12550000/1000000000 | t=1.26e-01 | T=7341.0 | a=1.000003 | H=2.41e-05 | 464.8 steps/s | 2.15 ms/step | ETA: 35404.0 min
Step 12600000/1000000000 | t=1.26e-01 | T=7341.0 | a=1.000003 | H=2.41e-05 | 464.8 steps/s | 2.15 ms/step | ETA: 35405.2 min
Step 12650000/1000000000 | t=1.27e-01 | T=7341.0 | a=1.000003 | H=2.41e-05 | 464.8 steps/s | 2.15 ms/step | ETA: 35401.3 min
Step 12700000/1000000000 | t=1.27e-01 | T=7341.0 | a=1.000003 | H=2.41e-05 | 464.9 steps/s | 2.15 ms/step | ETA: 35397.1 min
Step 12750000/1000000000 | t=1.28e-01 | T=7341.0 | a=1.000003 | H=2.41e-05 | 464.9 steps/s | 2.15 ms/step | ETA: 35392.8 min
Step 12800000/1000000000 | t=1.28e-01 | T=7341.0 | a=1.000003 | H=2.41e-05 | 465.0 steps/s | 2.15 ms/step | ETA: 35387.3 min
Step 12850000/1000000000 | t=1.29e-01 | T=7341.0 | a=1.000003 | H=2.41e-05 | 465.0 steps/s | 2.15 ms/step | ETA: 35381.8 min
Step 12900000/1000000000 | t=1.29e-01 | T=7341.0 | a=1.000003 | H=2.41e-05 | 465.0 steps/s | 2.15 ms/step | ETA: 35377.7 min
Step 12950000/1000000000 | t=1.30e-01 | T=7341.0 | a=1.000003 | H=2.41e-05 | 465.1 steps/s | 2.15 ms/step | ETA: 35371.8 min
Step 13000000/1000000000 | t=1.30e-01 | T=7341.0 | a=1.000003 | H=2.41e-05 | 465.1 steps/s | 2.15 ms/step | ETA: 35365.9 min
Step 13050000/1000000000 | t=1.31e-01 | T=7341.0 | a=1.000003 | H=2.41e-05 | 465.2 steps/s | 2.15 ms/step | ETA: 35360.2 min
Step 13100000/1000000000 | t=1.31e-01 | T=7341.0 | a=1.000003 | H=2.41e-05 | 465.2 steps/s | 2.15 ms/step | ETA: 35355.1 min
Step 13150000/1000000000 | t=1.32e-01 | T=7341.0 | a=1.000003 | H=2.41e-05 | 465.3 steps/s | 2.15 ms/step | ETA: 35348.1 min
Step 13200000/1000000000 | t=1.32e-01 | T=7341.0 | a=1.000003 | H=2.41e-05 | 465.4 steps/s | 2.15 ms/step | ETA: 35341.5 min
Step 13250000/1000000000 | t=1.33e-01 | T=7341.0 | a=1.000003 | H=2.41e-05 | 465.4 steps/s | 2.15 ms/step | ETA: 35335.4 min
Step 13300000/1000000000 | t=1.33e-01 | T=7341.0 | a=1.000003 | H=2.41e-05 | 465.5 steps/s | 2.15 ms/step | ETA: 35330.5 min
Step 13350000/1000000000 | t=1.34e-01 | T=7341.0 | a=1.000003 | H=2.41e-05 | 465.5 steps/s | 2.15 ms/step | ETA: 35325.1 min
Step 13400000/1000000000 | t=1.34e-01 | T=7341.0 | a=1.000003 | H=2.41e-05 | 465.5 steps/s | 2.15 ms/step | ETA: 35320.9 min
Step 13450000/1000000000 | t=1.35e-01 | T=7341.0 | a=1.000003 | H=2.41e-05 | 465.6 steps/s | 2.15 ms/step | ETA: 35316.3 min
Step 13500000/1000000000 | t=1.35e-01 | T=7341.0 | a=1.000003 | H=2.41e-05 | 465.7 steps/s | 2.15 ms/step | ETA: 35308.4 min
Step 13550000/1000000000 | t=1.36e-01 | T=7341.0 | a=1.000003 | H=2.41e-05 | 465.7 steps/s | 2.15 ms/step | ETA: 35304.6 min
Step 13600000/1000000000 | t=1.36e-01 | T=7341.0 | a=1.000003 | H=2.41e-05 | 465.7 steps/s | 2.15 ms/step | ETA: 35301.0 min
Step 13650000/1000000000 | t=1.37e-01 | T=7341.0 | a=1.000003 | H=2.41e-05 | 465.7 steps/s | 2.15 ms/step | ETA: 35298.9 min
Step 13700000/1000000000 | t=1.37e-01 | T=7341.0 | a=1.000003 | H=2.41e-05 | 465.7 steps/s | 2.15 ms/step | ETA: 35294.9 min
Step 13750000/1000000000 | t=1.38e-01 | T=7341.0 | a=1.000003 | H=2.41e-05 | 465.7 steps/s | 2.15 ms/step | ETA: 35293.0 min
Step 13800000/1000000000 | t=1.38e-01 | T=7341.0 | a=1.000003 | H=2.41e-05 | 465.8 steps/s | 2.15 ms/step | ETA: 35289.9 min
Step 13850000/1000000000 | t=1.39e-01 | T=7341.0 | a=1.000003 | H=2.41e-05 | 465.8 steps/s | 2.15 ms/step | ETA: 35288.1 min
Step 13900000/1000000000 | t=1.39e-01 | T=7341.0 | a=1.000003 | H=2.41e-05 | 465.8 steps/s | 2.15 ms/step | ETA: 35285.6 min
Step 13950000/1000000000 | t=1.40e-01 | T=7341.0 | a=1.000003 | H=2.41e-05 | 465.8 steps/s | 2.15 ms/step | ETA: 35282.9 min
Step 14000000/1000000000 | t=1.40e-01 | T=7341.0 | a=1.000003 | H=2.41e-05 | 465.8 steps/s | 2.15 ms/step | ETA: 35278.7 min
Step 14050000/1000000000 | t=1.41e-01 | T=7341.0 | a=1.000003 | H=2.41e-05 | 465.8 steps/s | 2.15 ms/step | ETA: 35275.0 min
Step 14100000/1000000000 | t=1.41e-01 | T=7341.0 | a=1.000003 | H=2.41e-05 | 465.9 steps/s | 2.15 ms/step | ETA: 35270.1 min
Step 14150000/1000000000 | t=1.41e-01 | T=7341.0 | a=1.000003 | H=2.41e-05 | 465.9 steps/s | 2.15 ms/step | ETA: 35265.8 min
Step 14200000/1000000000 | t=1.42e-01 | T=7341.0 | a=1.000003 | H=2.41e-05 | 465.9 steps/s | 2.15 ms/step | ETA: 35263.7 min
Step 14250000/1000000000 | t=1.42e-01 | T=7341.0 | a=1.000003 | H=2.41e-05 | 465.9 steps/s | 2.15 ms/step | ETA: 35261.1 min
Step 14300000/1000000000 | t=1.43e-01 | T=7341.0 | a=1.000003 | H=2.41e-05 | 465.9 steps/s | 2.15 ms/step | ETA: 35261.1 min
Step 14350000/1000000000 | t=1.43e-01 | T=7341.0 | a=1.000003 | H=2.41e-05 | 465.9 steps/s | 2.15 ms/step | ETA: 35259.4 min
Step 14400000/1000000000 | t=1.44e-01 | T=7341.0 | a=1.000003 | H=2.41e-05 | 465.9 steps/s | 2.15 ms/step | ETA: 35256.2 min
Step 14450000/1000000000 | t=1.44e-01 | T=7341.0 | a=1.000003 | H=2.41e-05 | 465.9 steps/s | 2.15 ms/step | ETA: 35253.6 min
Step 14500000/1000000000 | t=1.45e-01 | T=7341.0 | a=1.000003 | H=2.41e-05 | 466.0 steps/s | 2.15 ms/step | ETA: 35250.4 min
Step 14550000/1000000000 | t=1.45e-01 | T=7341.0 | a=1.000003 | H=2.41e-05 | 465.9 steps/s | 2.15 ms/step | ETA: 35249.5 min
Step 14600000/1000000000 | t=1.46e-01 | T=7341.0 | a=1.000004 | H=2.41e-05 | 465.9 steps/s | 2.15 ms/step | ETA: 35247.8 min
Step 14650000/1000000000 | t=1.46e-01 | T=7341.0 | a=1.000004 | H=2.41e-05 | 466.0 steps/s | 2.15 ms/step | ETA: 35243.8 min
Step 14700000/1000000000 | t=1.47e-01 | T=7341.0 | a=1.000004 | H=2.41e-05 | 466.0 steps/s | 2.15 ms/step | ETA: 35240.2 min
Step 14750000/1000000000 | t=1.47e-01 | T=7341.0 | a=1.000004 | H=2.41e-05 | 466.0 steps/s | 2.15 ms/step | ETA: 35235.2 min
Step 14800000/1000000000 | t=1.48e-01 | T=7341.0 | a=1.000004 | H=2.41e-05 | 466.1 steps/s | 2.15 ms/step | ETA: 35230.6 min
Step 14850000/1000000000 | t=1.48e-01 | T=7341.0 | a=1.000004 | H=2.41e-05 | 466.1 steps/s | 2.15 ms/step | ETA: 35226.2 min
Step 14900000/1000000000 | t=1.49e-01 | T=7341.0 | a=1.000004 | H=2.41e-05 | 466.2 steps/s | 2.15 ms/step | ETA: 35220.8 min
Step 14950000/1000000000 | t=1.49e-01 | T=7341.0 | a=1.000004 | H=2.41e-05 | 466.2 steps/s | 2.14 ms/step | ETA: 35214.9 min
Step 15000000/1000000000 | t=1.50e-01 | T=7341.0 | a=1.000004 | H=2.41e-05 | 466.3 steps/s | 2.14 ms/step | ETA: 35208.0 min
Step 15050000/1000000000 | t=1.50e-01 | T=7341.0 | a=1.000004 | H=2.41e-05 | 466.3 steps/s | 2.14 ms/step | ETA: 35200.7 min
Step 15100000/1000000000 | t=1.51e-01 | T=7341.0 | a=1.000004 | H=2.41e-05 | 466.4 steps/s | 2.14 ms/step | ETA: 35195.3 min
Step 15150000/1000000000 | t=1.51e-01 | T=7341.0 | a=1.000004 | H=2.41e-05 | 466.4 steps/s | 2.14 ms/step | ETA: 35190.5 min
Step 15200000/1000000000 | t=1.52e-01 | T=7341.0 | a=1.000004 | H=2.41e-05 | 466.5 steps/s | 2.14 ms/step | ETA: 35185.8 min
Step 15250000/1000000000 | t=1.52e-01 | T=7341.0 | a=1.000004 | H=2.41e-05 | 466.5 steps/s | 2.14 ms/step | ETA: 35181.9 min
Step 15300000/1000000000 | t=1.53e-01 | T=7341.0 | a=1.000004 | H=2.41e-05 | 466.5 steps/s | 2.14 ms/step | ETA: 35177.6 min
Step 15350000/1000000000 | t=1.53e-01 | T=7341.0 | a=1.000004 | H=2.41e-05 | 466.6 steps/s | 2.14 ms/step | ETA: 35173.1 min
Step 15400000/1000000000 | t=1.54e-01 | T=7341.0 | a=1.000004 | H=2.41e-05 | 466.6 steps/s | 2.14 ms/step | ETA: 35168.8 min
Step 15450000/1000000000 | t=1.54e-01 | T=7341.0 | a=1.000004 | H=2.41e-05 | 466.6 steps/s | 2.14 ms/step | ETA: 35164.2 min
Step 15500000/1000000000 | t=1.55e-01 | T=7341.0 | a=1.000004 | H=2.41e-05 | 466.6 steps/s | 2.14 ms/step | ETA: 35162.2 min
Step 15550000/1000000000 | t=1.55e-01 | T=7341.0 | a=1.000004 | H=2.41e-05 | 466.7 steps/s | 2.14 ms/step | ETA: 35158.2 min
Step 15600000/1000000000 | t=1.56e-01 | T=7341.0 | a=1.000004 | H=2.41e-05 | 466.7 steps/s | 2.14 ms/step | ETA: 35156.1 min
Step 15650000/1000000000 | t=1.57e-01 | T=7341.0 | a=1.000004 | H=2.41e-05 | 466.7 steps/s | 2.14 ms/step | ETA: 35154.2 min
Step 15700000/1000000000 | t=1.57e-01 | T=7341.0 | a=1.000004 | H=2.41e-05 | 466.7 steps/s | 2.14 ms/step | ETA: 35152.1 min
Step 15750000/1000000000 | t=1.58e-01 | T=7341.0 | a=1.000004 | H=2.41e-05 | 466.7 steps/s | 2.14 ms/step | ETA: 35148.2 min
Step 15800000/1000000000 | t=1.58e-01 | T=7341.0 | a=1.000004 | H=2.41e-05 | 466.7 steps/s | 2.14 ms/step | ETA: 35144.8 min
Step 15850000/1000000000 | t=1.59e-01 | T=7341.0 | a=1.000004 | H=2.41e-05 | 466.7 steps/s | 2.14 ms/step | ETA: 35142.6 min
Step 15900000/1000000000 | t=1.59e-01 | T=7341.0 | a=1.000004 | H=2.41e-05 | 466.8 steps/s | 2.14 ms/step | ETA: 35138.9 min
Step 15950000/1000000000 | t=1.60e-01 | T=7341.0 | a=1.000004 | H=2.41e-05 | 466.8 steps/s | 2.14 ms/step | ETA: 35135.9 min
Step 16000000/1000000000 | t=1.60e-01 | T=7341.0 | a=1.000004 | H=2.41e-05 | 466.8 steps/s | 2.14 ms/step | ETA: 35135.7 min
Step 16050000/1000000000 | t=1.61e-01 | T=7341.0 | a=1.000004 | H=2.41e-05 | 466.8 steps/s | 2.14 ms/step | ETA: 35133.0 min
Step 16100000/1000000000 | t=1.61e-01 | T=7341.0 | a=1.000004 | H=2.41e-05 | 466.8 steps/s | 2.14 ms/step | ETA: 35130.7 min
Step 16150000/1000000000 | t=1.62e-01 | T=7341.0 | a=1.000004 | H=2.41e-05 | 466.8 steps/s | 2.14 ms/step | ETA: 35127.9 min
Step 16200000/1000000000 | t=1.62e-01 | T=7341.0 | a=1.000004 | H=2.41e-05 | 466.8 steps/s | 2.14 ms/step | ETA: 35124.3 min
Step 16250000/1000000000 | t=1.63e-01 | T=7341.0 | a=1.000004 | H=2.41e-05 | 466.9 steps/s | 2.14 ms/step | ETA: 35119.2 min
Step 16300000/1000000000 | t=1.63e-01 | T=7341.0 | a=1.000004 | H=2.41e-05 | 466.9 steps/s | 2.14 ms/step | ETA: 35115.1 min
Step 16350000/1000000000 | t=1.64e-01 | T=7341.0 | a=1.000004 | H=2.41e-05 | 466.9 steps/s | 2.14 ms/step | ETA: 35110.5 min
Step 16400000/1000000000 | t=1.64e-01 | T=7341.0 | a=1.000004 | H=2.41e-05 | 467.0 steps/s | 2.14 ms/step | ETA: 35106.6 min
Step 16450000/1000000000 | t=1.65e-01 | T=7341.0 | a=1.000004 | H=2.41e-05 | 467.0 steps/s | 2.14 ms/step | ETA: 35101.6 min
Step 16500000/1000000000 | t=1.65e-01 | T=7341.0 | a=1.000004 | H=2.41e-05 | 467.1 steps/s | 2.14 ms/step | ETA: 35095.8 min
Step 16550000/1000000000 | t=1.66e-01 | T=7341.0 | a=1.000004 | H=2.41e-05 | 467.1 steps/s | 2.14 ms/step | ETA: 35090.1 min
Step 16600000/1000000000 | t=1.66e-01 | T=7341.0 | a=1.000004 | H=2.41e-05 | 467.1 steps/s | 2.14 ms/step | ETA: 35086.1 min
Step 16650000/1000000000 | t=1.67e-01 | T=7341.0 | a=1.000004 | H=2.41e-05 | 467.2 steps/s | 2.14 ms/step | ETA: 35080.1 min
Step 16700000/1000000000 | t=1.67e-01 | T=7341.0 | a=1.000004 | H=2.41e-05 | 467.2 steps/s | 2.14 ms/step | ETA: 35074.2 min
Step 16750000/1000000000 | t=1.68e-01 | T=7341.0 | a=1.000004 | H=2.41e-05 | 467.3 steps/s | 2.14 ms/step | ETA: 35068.1 min
Step 16800000/1000000000 | t=1.68e-01 | T=7341.0 | a=1.000004 | H=2.41e-05 | 467.3 steps/s | 2.14 ms/step | ETA: 35063.2 min
Step 16850000/1000000000 | t=1.69e-01 | T=7341.0 | a=1.000004 | H=2.41e-05 | 467.3 steps/s | 2.14 ms/step | ETA: 35061.9 min
Step 16900000/1000000000 | t=1.69e-01 | T=7341.0 | a=1.000004 | H=2.41e-05 | 467.4 steps/s | 2.14 ms/step | ETA: 35058.7 min
Step 16950000/1000000000 | t=1.70e-01 | T=7341.0 | a=1.000004 | H=2.41e-05 | 467.4 steps/s | 2.14 ms/step | ETA: 35056.6 min
Step 17000000/1000000000 | t=1.70e-01 | T=7341.0 | a=1.000004 | H=2.41e-05 | 467.4 steps/s | 2.14 ms/step | ETA: 35053.4 min
Step 17050000/1000000000 | t=1.71e-01 | T=7341.0 | a=1.000004 | H=2.41e-05 | 467.4 steps/s | 2.14 ms/step | ETA: 35051.4 min
Step 17100000/1000000000 | t=1.71e-01 | T=7341.0 | a=1.000004 | H=2.41e-05 | 467.4 steps/s | 2.14 ms/step | ETA: 35047.4 min
Step 17150000/1000000000 | t=1.72e-01 | T=7341.0 | a=1.000004 | H=2.41e-05 | 467.4 steps/s | 2.14 ms/step | ETA: 35044.6 min
Step 17200000/1000000000 | t=1.72e-01 | T=7341.0 | a=1.000004 | H=2.41e-05 | 467.4 steps/s | 2.14 ms/step | ETA: 35041.3 min
Step 17250000/1000000000 | t=1.72e-01 | T=7341.0 | a=1.000004 | H=2.41e-05 | 467.5 steps/s | 2.14 ms/step | ETA: 35037.3 min
Step 17300000/1000000000 | t=1.73e-01 | T=7341.0 | a=1.000004 | H=2.41e-05 | 467.5 steps/s | 2.14 ms/step | ETA: 35034.2 min
Step 17350000/1000000000 | t=1.73e-01 | T=7341.0 | a=1.000004 | H=2.41e-05 | 467.5 steps/s | 2.14 ms/step | ETA: 35030.5 min
Step 17400000/1000000000 | t=1.74e-01 | T=7341.0 | a=1.000004 | H=2.41e-05 | 467.5 steps/s | 2.14 ms/step | ETA: 35027.5 min
Step 17450000/1000000000 | t=1.75e-01 | T=7341.0 | a=1.000004 | H=2.41e-05 | 467.5 steps/s | 2.14 ms/step | ETA: 35025.3 min
Step 17500000/1000000000 | t=1.75e-01 | T=7341.0 | a=1.000004 | H=2.41e-05 | 467.6 steps/s | 2.14 ms/step | ETA: 35022.0 min
Step 17550000/1000000000 | t=1.76e-01 | T=7341.0 | a=1.000004 | H=2.41e-05 | 467.6 steps/s | 2.14 ms/step | ETA: 35018.8 min
Step 17600000/1000000000 | t=1.76e-01 | T=7341.0 | a=1.000004 | H=2.41e-05 | 467.6 steps/s | 2.14 ms/step | ETA: 35015.5 min
Step 17650000/1000000000 | t=1.77e-01 | T=7341.0 | a=1.000004 | H=2.41e-05 | 467.6 steps/s | 2.14 ms/step | ETA: 35011.3 min
Step 17700000/1000000000 | t=1.77e-01 | T=7341.0 | a=1.000004 | H=2.41e-05 | 467.6 steps/s | 2.14 ms/step | ETA: 35008.9 min
Step 17750000/1000000000 | t=1.78e-01 | T=7341.0 | a=1.000004 | H=2.41e-05 | 467.7 steps/s | 2.14 ms/step | ETA: 35005.3 min
Step 17800000/1000000000 | t=1.78e-01 | T=7341.0 | a=1.000004 | H=2.41e-05 | 467.7 steps/s | 2.14 ms/step | ETA: 35001.4 min
Step 17850000/1000000000 | t=1.79e-01 | T=7341.0 | a=1.000004 | H=2.41e-05 | 467.7 steps/s | 2.14 ms/step | ETA: 34996.5 min
Step 17900000/1000000000 | t=1.79e-01 | T=7341.0 | a=1.000004 | H=2.41e-05 | 467.8 steps/s | 2.14 ms/step | ETA: 34992.2 min
Step 17950000/1000000000 | t=1.80e-01 | T=7341.0 | a=1.000004 | H=2.41e-05 | 467.8 steps/s | 2.14 ms/step | ETA: 34987.0 min
Step 18000000/1000000000 | t=1.80e-01 | T=7341.0 | a=1.000004 | H=2.41e-05 | 467.8 steps/s | 2.14 ms/step | ETA: 34983.3 min
Step 18050000/1000000000 | t=1.81e-01 | T=7341.0 | a=1.000004 | H=2.41e-05 | 467.9 steps/s | 2.14 ms/step | ETA: 34978.7 min
Step 18100000/1000000000 | t=1.81e-01 | T=7341.0 | a=1.000004 | H=2.41e-05 | 467.9 steps/s | 2.14 ms/step | ETA: 34975.2 min
Step 18150000/1000000000 | t=1.82e-01 | T=7341.0 | a=1.000004 | H=2.41e-05 | 467.9 steps/s | 2.14 ms/step | ETA: 34970.2 min
Step 18200000/1000000000 | t=1.82e-01 | T=7341.0 | a=1.000004 | H=2.41e-05 | 468.0 steps/s | 2.14 ms/step | ETA: 34966.9 min
Step 18250000/1000000000 | t=1.83e-01 | T=7341.0 | a=1.000004 | H=2.41e-05 | 468.0 steps/s | 2.14 ms/step | ETA: 34963.3 min
Step 18300000/1000000000 | t=1.83e-01 | T=7341.0 | a=1.000004 | H=2.41e-05 | 468.0 steps/s | 2.14 ms/step | ETA: 34959.8 min
Step 18350000/1000000000 | t=1.84e-01 | T=7341.0 | a=1.000004 | H=2.41e-05 | 468.0 steps/s | 2.14 ms/step | ETA: 34955.3 min
Step 18400000/1000000000 | t=1.84e-01 | T=7341.0 | a=1.000004 | H=2.41e-05 | 468.1 steps/s | 2.14 ms/step | ETA: 34951.8 min
Step 18450000/1000000000 | t=1.85e-01 | T=7341.0 | a=1.000004 | H=2.41e-05 | 468.1 steps/s | 2.14 ms/step | ETA: 34947.7 min
Step 18500000/1000000000 | t=1.85e-01 | T=7341.0 | a=1.000004 | H=2.41e-05 | 468.1 steps/s | 2.14 ms/step | ETA: 34943.4 min
Step 18550000/1000000000 | t=1.86e-01 | T=7341.0 | a=1.000004 | H=2.41e-05 | 468.2 steps/s | 2.14 ms/step | ETA: 34938.7 min
Step 18600000/1000000000 | t=1.86e-01 | T=7341.0 | a=1.000004 | H=2.41e-05 | 468.2 steps/s | 2.14 ms/step | ETA: 34936.8 min
Step 18650000/1000000000 | t=1.87e-01 | T=7341.0 | a=1.000004 | H=2.41e-05 | 468.2 steps/s | 2.14 ms/step | ETA: 34932.3 min
Step 18700000/1000000000 | t=1.87e-01 | T=7341.0 | a=1.000004 | H=2.41e-05 | 468.2 steps/s | 2.14 ms/step | ETA: 34928.0 min
Step 18750000/1000000000 | t=1.88e-01 | T=7341.0 | a=1.000005 | H=2.41e-05 | 468.3 steps/s | 2.14 ms/step | ETA: 34923.7 min
Step 18800000/1000000000 | t=1.88e-01 | T=7341.0 | a=1.000005 | H=2.41e-05 | 468.3 steps/s | 2.14 ms/step | ETA: 34921.9 min
Step 18850000/1000000000 | t=1.89e-01 | T=7341.0 | a=1.000005 | H=2.41e-05 | 468.3 steps/s | 2.14 ms/step | ETA: 34917.6 min
Step 18900000/1000000000 | t=1.89e-01 | T=7341.0 | a=1.000005 | H=2.41e-05 | 468.3 steps/s | 2.14 ms/step | ETA: 34914.8 min
Step 18950000/1000000000 | t=1.90e-01 | T=7341.0 | a=1.000005 | H=2.41e-05 | 468.4 steps/s | 2.14 ms/step | ETA: 34909.8 min
Step 19000000/1000000000 | t=1.90e-01 | T=7341.0 | a=1.000005 | H=2.41e-05 | 468.4 steps/s | 2.13 ms/step | ETA: 34906.9 min
Step 19050000/1000000000 | t=1.91e-01 | T=7341.0 | a=1.000005 | H=2.41e-05 | 468.4 steps/s | 2.13 ms/step | ETA: 34903.3 min
Step 19100000/1000000000 | t=1.91e-01 | T=7341.0 | a=1.000005 | H=2.41e-05 | 468.4 steps/s | 2.13 ms/step | ETA: 34900.9 min
Step 19150000/1000000000 | t=1.92e-01 | T=7341.0 | a=1.000005 | H=2.41e-05 | 468.4 steps/s | 2.13 ms/step | ETA: 34898.7 min
Step 19200000/1000000000 | t=1.92e-01 | T=7341.0 | a=1.000005 | H=2.41e-05 | 468.4 steps/s | 2.13 ms/step | ETA: 34895.9 min
Step 19250000/1000000000 | t=1.93e-01 | T=7341.0 | a=1.000005 | H=2.41e-05 | 468.5 steps/s | 2.13 ms/step | ETA: 34893.1 min
Step 19300000/1000000000 | t=1.93e-01 | T=7341.0 | a=1.000005 | H=2.41e-05 | 468.5 steps/s | 2.13 ms/step | ETA: 34889.5 min
Step 19350000/1000000000 | t=1.94e-01 | T=7341.0 | a=1.000005 | H=2.41e-05 | 468.5 steps/s | 2.13 ms/step | ETA: 34886.4 min
Step 19400000/1000000000 | t=1.94e-01 | T=7341.0 | a=1.000005 | H=2.41e-05 | 468.5 steps/s | 2.13 ms/step | ETA: 34884.4 min
Step 19450000/1000000000 | t=1.95e-01 | T=7341.0 | a=1.000005 | H=2.41e-05 | 468.5 steps/s | 2.13 ms/step | ETA: 34884.4 min
Step 19500000/1000000000 | t=1.95e-01 | T=7341.0 | a=1.000005 | H=2.41e-05 | 468.5 steps/s | 2.13 ms/step | ETA: 34883.6 min
Step 19550000/1000000000 | t=1.96e-01 | T=7341.0 | a=1.000005 | H=2.41e-05 | 468.5 steps/s | 2.13 ms/step | ETA: 34881.1 min
Step 19600000/1000000000 | t=1.96e-01 | T=7341.0 | a=1.000005 | H=2.41e-05 | 468.5 steps/s | 2.13 ms/step | ETA: 34878.6 min
Step 19650000/1000000000 | t=1.97e-01 | T=7341.0 | a=1.000005 | H=2.41e-05 | 468.5 steps/s | 2.13 ms/step | ETA: 34877.7 min
Step 19700000/1000000000 | t=1.97e-01 | T=7341.0 | a=1.000005 | H=2.41e-05 | 468.5 steps/s | 2.13 ms/step | ETA: 34877.2 min
Step 19750000/1000000000 | t=1.98e-01 | T=7341.0 | a=1.000005 | H=2.41e-05 | 468.4 steps/s | 2.13 ms/step | ETA: 34876.4 min
Step 19800000/1000000000 | t=1.98e-01 | T=7341.0 | a=1.000005 | H=2.41e-05 | 468.4 steps/s | 2.13 ms/step | ETA: 34875.2 min
Step 19850000/1000000000 | t=1.99e-01 | T=7341.0 | a=1.000005 | H=2.41e-05 | 468.4 steps/s | 2.13 ms/step | ETA: 34873.4 min
Step 19900000/1000000000 | t=1.99e-01 | T=7341.0 | a=1.000005 | H=2.41e-05 | 468.4 steps/s | 2.13 ms/step | ETA: 34872.9 min
Step 19950000/1000000000 | t=2.00e-01 | T=7341.0 | a=1.000005 | H=2.41e-05 | 468.5 steps/s | 2.13 ms/step | ETA: 34868.4 min
Step 20000000/1000000000 | t=2.00e-01 | T=7341.0 | a=1.000005 | H=2.41e-05 | 468.5 steps/s | 2.13 ms/step | ETA: 34865.1 min
Step 20050000/1000000000 | t=2.01e-01 | T=7341.0 | a=1.000005 | H=2.41e-05 | 468.5 steps/s | 2.13 ms/step | ETA: 34863.8 min
Step 20100000/1000000000 | t=2.01e-01 | T=7341.0 | a=1.000005 | H=2.41e-05 | 468.5 steps/s | 2.13 ms/step | ETA: 34860.8 min
Step 20150000/1000000000 | t=2.02e-01 | T=7341.0 | a=1.000005 | H=2.41e-05 | 468.5 steps/s | 2.13 ms/step | ETA: 34857.6 min
Step 20200000/1000000000 | t=2.02e-01 | T=7341.0 | a=1.000005 | H=2.41e-05 | 468.5 steps/s | 2.13 ms/step | ETA: 34854.7 min
Step 20250000/1000000000 | t=2.03e-01 | T=7341.0 | a=1.000005 | H=2.41e-05 | 468.5 steps/s | 2.13 ms/step | ETA: 34851.6 min
Step 20300000/1000000000 | t=2.03e-01 | T=7341.0 | a=1.000005 | H=2.41e-05 | 468.5 steps/s | 2.13 ms/step | ETA: 34851.9 min
Step 20350000/1000000000 | t=2.04e-01 | T=7341.0 | a=1.000005 | H=2.41e-05 | 468.5 steps/s | 2.13 ms/step | ETA: 34850.2 min
Step 20400000/1000000000 | t=2.04e-01 | T=7341.0 | a=1.000005 | H=2.41e-05 | 468.5 steps/s | 2.13 ms/step | ETA: 34848.7 min
Step 20450000/1000000000 | t=2.05e-01 | T=7341.0 | a=1.000005 | H=2.41e-05 | 468.5 steps/s | 2.13 ms/step | ETA: 34846.1 min
Step 20500000/1000000000 | t=2.05e-01 | T=7341.0 | a=1.000005 | H=2.41e-05 | 468.5 steps/s | 2.13 ms/step | ETA: 34844.1 min
Step 20550000/1000000000 | t=2.06e-01 | T=7341.0 | a=1.000005 | H=2.41e-05 | 468.5 steps/s | 2.13 ms/step | ETA: 34842.8 min
Step 20600000/1000000000 | t=2.06e-01 | T=7341.0 | a=1.000005 | H=2.41e-05 | 468.5 steps/s | 2.13 ms/step | ETA: 34840.1 min
Step 20650000/1000000000 | t=2.07e-01 | T=7341.0 | a=1.000005 | H=2.41e-05 | 468.5 steps/s | 2.13 ms/step | ETA: 34837.0 min
Step 20700000/1000000000 | t=2.07e-01 | T=7341.0 | a=1.000005 | H=2.41e-05 | 468.5 steps/s | 2.13 ms/step | ETA: 34834.6 min
Step 20750000/1000000000 | t=2.08e-01 | T=7341.0 | a=1.000005 | H=2.41e-05 | 468.6 steps/s | 2.13 ms/step | ETA: 34830.1 min
Step 20800000/1000000000 | t=2.08e-01 | T=7341.0 | a=1.000005 | H=2.41e-05 | 468.6 steps/s | 2.13 ms/step | ETA: 34827.5 min
Step 20850000/1000000000 | t=2.09e-01 | T=7341.0 | a=1.000005 | H=2.41e-05 | 468.6 steps/s | 2.13 ms/step | ETA: 34826.7 min
Step 20900000/1000000000 | t=2.09e-01 | T=7341.0 | a=1.000005 | H=2.41e-05 | 468.6 steps/s | 2.13 ms/step | ETA: 34824.8 min
Step 20950000/1000000000 | t=2.10e-01 | T=7341.0 | a=1.000005 | H=2.41e-05 | 468.6 steps/s | 2.13 ms/step | ETA: 34822.0 min
Step 21000000/1000000000 | t=2.10e-01 | T=7341.0 | a=1.000005 | H=2.41e-05 | 468.6 steps/s | 2.13 ms/step | ETA: 34820.3 min
Step 21050000/1000000000 | t=2.11e-01 | T=7341.0 | a=1.000005 | H=2.41e-05 | 468.6 steps/s | 2.13 ms/step | ETA: 34818.7 min
Step 21100000/1000000000 | t=2.11e-01 | T=7341.0 | a=1.000005 | H=2.41e-05 | 468.6 steps/s | 2.13 ms/step | ETA: 34816.7 min
Step 21150000/1000000000 | t=2.12e-01 | T=7341.0 | a=1.000005 | H=2.41e-05 | 468.6 steps/s | 2.13 ms/step | ETA: 34816.1 min
Step 21200000/1000000000 | t=2.12e-01 | T=7341.0 | a=1.000005 | H=2.41e-05 | 468.6 steps/s | 2.13 ms/step | ETA: 34813.3 min
Step 21250000/1000000000 | t=2.13e-01 | T=7341.0 | a=1.000005 | H=2.41e-05 | 468.6 steps/s | 2.13 ms/step | ETA: 34810.7 min
Step 21300000/1000000000 | t=2.13e-01 | T=7341.0 | a=1.000005 | H=2.41e-05 | 468.6 steps/s | 2.13 ms/step | ETA: 34808.4 min
Step 21350000/1000000000 | t=2.14e-01 | T=7341.0 | a=1.000005 | H=2.41e-05 | 468.6 steps/s | 2.13 ms/step | ETA: 34806.7 min
Step 21400000/1000000000 | t=2.14e-01 | T=7341.0 | a=1.000005 | H=2.41e-05 | 468.6 steps/s | 2.13 ms/step | ETA: 34807.1 min
Step 21450000/1000000000 | t=2.15e-01 | T=7341.0 | a=1.000005 | H=2.41e-05 | 468.5 steps/s | 2.13 ms/step | ETA: 34808.0 min
Step 21500000/1000000000 | t=2.15e-01 | T=7341.0 | a=1.000005 | H=2.41e-05 | 468.6 steps/s | 2.13 ms/step | ETA: 34804.4 min
Step 21550000/1000000000 | t=2.16e-01 | T=7341.0 | a=1.000005 | H=2.41e-05 | 468.6 steps/s | 2.13 ms/step | ETA: 34803.2 min
Step 21600000/1000000000 | t=2.16e-01 | T=7341.0 | a=1.000005 | H=2.41e-05 | 468.5 steps/s | 2.13 ms/step | ETA: 34802.8 min
Step 21650000/1000000000 | t=2.17e-01 | T=7341.0 | a=1.000005 | H=2.41e-05 | 468.5 steps/s | 2.13 ms/step | ETA: 34803.4 min
Step 21700000/1000000000 | t=2.17e-01 | T=7341.0 | a=1.000005 | H=2.41e-05 | 468.5 steps/s | 2.13 ms/step | ETA: 34805.5 min
Step 21750000/1000000000 | t=2.18e-01 | T=7341.0 | a=1.000005 | H=2.41e-05 | 468.4 steps/s | 2.13 ms/step | ETA: 34807.3 min
Step 21800000/1000000000 | t=2.18e-01 | T=7341.0 | a=1.000005 | H=2.41e-05 | 468.4 steps/s | 2.14 ms/step | ETA: 34809.2 min
Step 21850000/1000000000 | t=2.19e-01 | T=7341.0 | a=1.000005 | H=2.41e-05 | 468.3 steps/s | 2.14 ms/step | ETA: 34810.3 min
Step 21900000/1000000000 | t=2.19e-01 | T=7341.0 | a=1.000005 | H=2.41e-05 | 468.3 steps/s | 2.14 ms/step | ETA: 34812.0 min
Step 21950000/1000000000 | t=2.20e-01 | T=7341.0 | a=1.000005 | H=2.41e-05 | 468.2 steps/s | 2.14 ms/step | ETA: 34815.7 min
Step 22000000/1000000000 | t=2.20e-01 | T=7341.0 | a=1.000005 | H=2.41e-05 | 468.1 steps/s | 2.14 ms/step | ETA: 34818.1 min
Step 22050000/1000000000 | t=2.21e-01 | T=7341.0 | a=1.000005 | H=2.41e-05 | 468.1 steps/s | 2.14 ms/step | ETA: 34819.6 min
