======================================================================
LATTICE SIMULATION LOG
Started: 2026-02-20 23:21:27
Log file: logs/simulation_20260220_232127.log
======================================================================

Numba Configuration:
  Version: 0.63.1
  Threading layer: default
  Configured threads: 11
  Active threads: 11
----------------------------------------------------------------------

Hubble expansion: ENABLED (comoving lattice)
  g_* = 106.75, M_Pl = 2.40e+18 GeV, ΔV = 1.00e+28 GeV^4
  H² = (T⁴/χ_g² + ΔV) / (3 M_Pl²)
  H(T0=7346.0) = 2.4056e-05 GeV
  3H = 7.2169e-05 GeV
  η_phys = 0.3 GeV  →  3H/η = 2.41e-04
  T(t) = T0 / a(t)  (entropy conservation)
  Initial a = 1.0
Field precision: float32
Tree-level VEV: ±1.0000e+11

Finding thermal VEV at T = 7346.0...
  V'(0) = 1.0462e-07
  V'(VEV) = 7.1340e-31
  Thermal VEV found: 1.0000e+11
  Ratio thermal/tree: 1.0000

Finding escape point...
  V'(1e-10) = 1.0462e-07
  V'(1e0)   = 1.0462e+03
  V'(1e5)   = -9.9983e+10
  V'(1e8)   = -1.0000e+14
  V'(1e10)  = -9.9000e+15
  Barrier found between 5.3999e+02 and 5.6809e+02
  Barrier top at: 5.6190e+02
  Escape point: 6.1809e+02
  V'(escape) = -1.3647e+05 (should be < 0)

Using TREE-LEVEL VEV for seeding: 1.0000e+11
The bubble is seeded at the true vacuum (no rolling needed).
Bubble seeding: DISABLED (thermal nucleation only)
Field states will be saved to: data/set6/256x256_T0_7346_dx_0.005_dtphys_2.5e-07_interval_50000_hubble_eta_0.3/field_states
Figures will be saved to: data/set6/256x256_T0_7346_dx_0.005_dtphys_2.5e-07_interval_50000_hubble_eta_0.3/figs/latticeSnapshot

--resume specified but no checkpoints found. Starting from scratch.

============================================================
Starting time evolution...
Grid: 256×256, Steps: 1000000000, dt: 2.50e-04
Using fused RK2: True
Using in-kernel RNG: True
Field precision: float32
Spline resolution N_Y: 256
Bubble seeding: DISABLED
Thermal noise: ENABLED (FDT noise_scale(T0) = 6.6390e-06)
Overdamped mode: DISABLED (η = 0.3)
Hubble expansion: ENABLED
  H(T0) = 2.4056e-05 GeV, 3H/η = 2.41e-04
  g_* = 106.75, M_Pl = 2.40e+18 GeV
============================================================

Warming up JIT compilation...
JIT warmup complete.
Starting main loop...

Step 0/1000000000 | t=0.00e+00 | T=7346.0 | a=1.000000 | H=2.41e-05 | 444.6 steps/s | 2.25 ms/step | ETA: 37483.4 min
Step 50000/1000000000 | t=1.25e-02 | T=7346.0 | a=1.000000 | H=2.41e-05 | 429.5 steps/s | 2.33 ms/step | ETA: 38805.0 min
Step 100000/1000000000 | t=2.50e-02 | T=7346.0 | a=1.000001 | H=2.41e-05 | 435.6 steps/s | 2.30 ms/step | ETA: 38258.7 min
Step 150000/1000000000 | t=3.75e-02 | T=7346.0 | a=1.000001 | H=2.41e-05 | 437.7 steps/s | 2.28 ms/step | ETA: 38071.6 min
Step 200000/1000000000 | t=5.00e-02 | T=7346.0 | a=1.000001 | H=2.41e-05 | 438.1 steps/s | 2.28 ms/step | ETA: 38039.4 min
Step 250000/1000000000 | t=6.25e-02 | T=7346.0 | a=1.000002 | H=2.41e-05 | 437.6 steps/s | 2.29 ms/step | ETA: 38074.6 min
Step 300000/1000000000 | t=7.50e-02 | T=7346.0 | a=1.000002 | H=2.41e-05 | 437.0 steps/s | 2.29 ms/step | ETA: 38129.7 min
Step 350000/1000000000 | t=8.75e-02 | T=7346.0 | a=1.000002 | H=2.41e-05 | 437.3 steps/s | 2.29 ms/step | ETA: 38102.0 min
Step 400000/1000000000 | t=1.00e-01 | T=7346.0 | a=1.000002 | H=2.41e-05 | 437.0 steps/s | 2.29 ms/step | ETA: 38127.0 min
Step 450000/1000000000 | t=1.13e-01 | T=7346.0 | a=1.000003 | H=2.41e-05 | 435.4 steps/s | 2.30 ms/step | ETA: 38263.3 min
Step 500000/1000000000 | t=1.25e-01 | T=7346.0 | a=1.000003 | H=2.41e-05 | 431.5 steps/s | 2.32 ms/step | ETA: 38602.3 min
Step 550000/1000000000 | t=1.38e-01 | T=7346.0 | a=1.000003 | H=2.41e-05 | 428.4 steps/s | 2.33 ms/step | ETA: 38881.3 min
Step 600000/1000000000 | t=1.50e-01 | T=7346.0 | a=1.000004 | H=2.41e-05 | 426.5 steps/s | 2.34 ms/step | ETA: 39054.0 min
Step 650000/1000000000 | t=1.63e-01 | T=7346.0 | a=1.000004 | H=2.41e-05 | 424.8 steps/s | 2.35 ms/step | ETA: 39207.5 min
Step 700000/1000000000 | t=1.75e-01 | T=7346.0 | a=1.000004 | H=2.41e-05 | 423.7 steps/s | 2.36 ms/step | ETA: 39304.9 min
Step 750000/1000000000 | t=1.88e-01 | T=7346.0 | a=1.000005 | H=2.41e-05 | 422.4 steps/s | 2.37 ms/step | ETA: 39423.0 min
Step 800000/1000000000 | t=2.00e-01 | T=7346.0 | a=1.000005 | H=2.41e-05 | 420.8 steps/s | 2.38 ms/step | ETA: 39579.2 min
Step 850000/1000000000 | t=2.13e-01 | T=7346.0 | a=1.000005 | H=2.41e-05 | 419.8 steps/s | 2.38 ms/step | ETA: 39668.3 min
Step 900000/1000000000 | t=2.25e-01 | T=7346.0 | a=1.000005 | H=2.41e-05 | 419.4 steps/s | 2.38 ms/step | ETA: 39699.9 min
Step 950000/1000000000 | t=2.38e-01 | T=7346.0 | a=1.000006 | H=2.41e-05 | 419.3 steps/s | 2.38 ms/step | ETA: 39710.0 min
Step 1000000/1000000000 | t=2.50e-01 | T=7346.0 | a=1.000006 | H=2.41e-05 | 418.9 steps/s | 2.39 ms/step | ETA: 39745.7 min
Step 1050000/1000000000 | t=2.63e-01 | T=7346.0 | a=1.000006 | H=2.41e-05 | 418.5 steps/s | 2.39 ms/step | ETA: 39784.0 min
Step 1100000/1000000000 | t=2.75e-01 | T=7346.0 | a=1.000007 | H=2.41e-05 | 418.3 steps/s | 2.39 ms/step | ETA: 39798.3 min
Step 1150000/1000000000 | t=2.88e-01 | T=7345.9 | a=1.000007 | H=2.41e-05 | 417.8 steps/s | 2.39 ms/step | ETA: 39842.0 min
Step 1200000/1000000000 | t=3.00e-01 | T=7345.9 | a=1.000007 | H=2.41e-05 | 417.7 steps/s | 2.39 ms/step | ETA: 39857.8 min
Step 1250000/1000000000 | t=3.13e-01 | T=7345.9 | a=1.000008 | H=2.41e-05 | 416.8 steps/s | 2.40 ms/step | ETA: 39940.2 min
Step 1300000/1000000000 | t=3.25e-01 | T=7345.9 | a=1.000008 | H=2.41e-05 | 416.6 steps/s | 2.40 ms/step | ETA: 39955.6 min
Step 1350000/1000000000 | t=3.38e-01 | T=7345.9 | a=1.000008 | H=2.41e-05 | 416.6 steps/s | 2.40 ms/step | ETA: 39952.6 min
Step 1400000/1000000000 | t=3.50e-01 | T=7345.9 | a=1.000008 | H=2.41e-05 | 416.6 steps/s | 2.40 ms/step | ETA: 39946.6 min
Step 1450000/1000000000 | t=3.63e-01 | T=7345.9 | a=1.000009 | H=2.41e-05 | 416.8 steps/s | 2.40 ms/step | ETA: 39924.9 min
Step 1500000/1000000000 | t=3.75e-01 | T=7345.9 | a=1.000009 | H=2.41e-05 | 416.8 steps/s | 2.40 ms/step | ETA: 39924.8 min
Step 1550000/1000000000 | t=3.88e-01 | T=7345.9 | a=1.000009 | H=2.41e-05 | 416.6 steps/s | 2.40 ms/step | ETA: 39944.9 min
Step 1600000/1000000000 | t=4.00e-01 | T=7345.9 | a=1.000010 | H=2.41e-05 | 416.6 steps/s | 2.40 ms/step | ETA: 39942.8 min
Step 1650000/1000000000 | t=4.13e-01 | T=7345.9 | a=1.000010 | H=2.41e-05 | 416.7 steps/s | 2.40 ms/step | ETA: 39927.4 min
Step 1700000/1000000000 | t=4.25e-01 | T=7345.9 | a=1.000010 | H=2.41e-05 | 416.8 steps/s | 2.40 ms/step | ETA: 39915.4 min
Step 1750000/1000000000 | t=4.38e-01 | T=7345.9 | a=1.000011 | H=2.41e-05 | 416.7 steps/s | 2.40 ms/step | ETA: 39928.2 min
Step 1800000/1000000000 | t=4.50e-01 | T=7345.9 | a=1.000011 | H=2.41e-05 | 416.0 steps/s | 2.40 ms/step | ETA: 39989.5 min
Step 1850000/1000000000 | t=4.63e-01 | T=7345.9 | a=1.000011 | H=2.41e-05 | 415.5 steps/s | 2.41 ms/step | ETA: 40038.4 min
Step 1900000/1000000000 | t=4.75e-01 | T=7345.9 | a=1.000011 | H=2.41e-05 | 415.1 steps/s | 2.41 ms/step | ETA: 40073.8 min
Step 1950000/1000000000 | t=4.88e-01 | T=7345.9 | a=1.000012 | H=2.41e-05 | 414.6 steps/s | 2.41 ms/step | ETA: 40122.2 min
Step 2000000/1000000000 | t=5.00e-01 | T=7345.9 | a=1.000012 | H=2.41e-05 | 414.0 steps/s | 2.42 ms/step | ETA: 40175.3 min
Step 2050000/1000000000 | t=5.13e-01 | T=7345.9 | a=1.000012 | H=2.41e-05 | 413.4 steps/s | 2.42 ms/step | ETA: 40233.3 min
Step 2100000/1000000000 | t=5.25e-01 | T=7345.9 | a=1.000013 | H=2.41e-05 | 412.9 steps/s | 2.42 ms/step | ETA: 40277.7 min
Step 2150000/1000000000 | t=5.38e-01 | T=7345.9 | a=1.000013 | H=2.41e-05 | 412.4 steps/s | 2.42 ms/step | ETA: 40325.1 min
Step 2200000/1000000000 | t=5.50e-01 | T=7345.9 | a=1.000013 | H=2.41e-05 | 412.0 steps/s | 2.43 ms/step | ETA: 40365.4 min
Step 2250000/1000000000 | t=5.63e-01 | T=7345.9 | a=1.000014 | H=2.41e-05 | 411.5 steps/s | 2.43 ms/step | ETA: 40406.3 min
Step 2300000/1000000000 | t=5.75e-01 | T=7345.9 | a=1.000014 | H=2.41e-05 | 411.3 steps/s | 2.43 ms/step | ETA: 40432.8 min
Step 2350000/1000000000 | t=5.88e-01 | T=7345.9 | a=1.000014 | H=2.41e-05 | 410.9 steps/s | 2.43 ms/step | ETA: 40463.9 min
Step 2400000/1000000000 | t=6.00e-01 | T=7345.9 | a=1.000014 | H=2.41e-05 | 410.7 steps/s | 2.44 ms/step | ETA: 40487.5 min
Step 2450000/1000000000 | t=6.13e-01 | T=7345.9 | a=1.000015 | H=2.41e-05 | 410.5 steps/s | 2.44 ms/step | ETA: 40500.3 min
Step 2500000/1000000000 | t=6.25e-01 | T=7345.9 | a=1.000015 | H=2.41e-05 | 410.3 steps/s | 2.44 ms/step | ETA: 40518.5 min
Step 2550000/1000000000 | t=6.38e-01 | T=7345.9 | a=1.000015 | H=2.41e-05 | 410.1 steps/s | 2.44 ms/step | ETA: 40536.2 min
Step 2600000/1000000000 | t=6.50e-01 | T=7345.9 | a=1.000016 | H=2.41e-05 | 410.0 steps/s | 2.44 ms/step | ETA: 40548.6 min
Step 2650000/1000000000 | t=6.63e-01 | T=7345.9 | a=1.000016 | H=2.41e-05 | 409.7 steps/s | 2.44 ms/step | ETA: 40568.9 min
Step 2700000/1000000000 | t=6.75e-01 | T=7345.9 | a=1.000016 | H=2.41e-05 | 409.4 steps/s | 2.44 ms/step | ETA: 40596.3 min
Step 2750000/1000000000 | t=6.88e-01 | T=7345.9 | a=1.000017 | H=2.41e-05 | 409.2 steps/s | 2.44 ms/step | ETA: 40613.7 min
Step 2800000/1000000000 | t=7.00e-01 | T=7345.9 | a=1.000017 | H=2.41e-05 | 409.1 steps/s | 2.44 ms/step | ETA: 40623.3 min
Step 2850000/1000000000 | t=7.13e-01 | T=7345.9 | a=1.000017 | H=2.41e-05 | 408.9 steps/s | 2.45 ms/step | ETA: 40638.7 min
Step 2900000/1000000000 | t=7.25e-01 | T=7345.9 | a=1.000017 | H=2.41e-05 | 408.9 steps/s | 2.45 ms/step | ETA: 40644.9 min
Step 2950000/1000000000 | t=7.38e-01 | T=7345.9 | a=1.000018 | H=2.41e-05 | 408.6 steps/s | 2.45 ms/step | ETA: 40665.6 min
Step 3000000/1000000000 | t=7.50e-01 | T=7345.9 | a=1.000018 | H=2.41e-05 | 408.4 steps/s | 2.45 ms/step | ETA: 40688.9 min
Step 3050000/1000000000 | t=7.63e-01 | T=7345.9 | a=1.000018 | H=2.41e-05 | 408.2 steps/s | 2.45 ms/step | ETA: 40702.7 min
Step 3100000/1000000000 | t=7.75e-01 | T=7345.9 | a=1.000019 | H=2.41e-05 | 408.1 steps/s | 2.45 ms/step | ETA: 40710.1 min
Step 3150000/1000000000 | t=7.88e-01 | T=7345.9 | a=1.000019 | H=2.41e-05 | 408.0 steps/s | 2.45 ms/step | ETA: 40720.2 min
Step 3200000/1000000000 | t=8.00e-01 | T=7345.9 | a=1.000019 | H=2.41e-05 | 407.9 steps/s | 2.45 ms/step | ETA: 40729.2 min
Step 3250000/1000000000 | t=8.13e-01 | T=7345.9 | a=1.000020 | H=2.41e-05 | 407.8 steps/s | 2.45 ms/step | ETA: 40732.7 min
Step 3300000/1000000000 | t=8.25e-01 | T=7345.9 | a=1.000020 | H=2.41e-05 | 407.8 steps/s | 2.45 ms/step | ETA: 40736.1 min
Step 3350000/1000000000 | t=8.38e-01 | T=7345.9 | a=1.000020 | H=2.41e-05 | 407.7 steps/s | 2.45 ms/step | ETA: 40741.2 min
Step 3400000/1000000000 | t=8.50e-01 | T=7345.8 | a=1.000020 | H=2.41e-05 | 407.7 steps/s | 2.45 ms/step | ETA: 40744.1 min
Step 3450000/1000000000 | t=8.63e-01 | T=7345.8 | a=1.000021 | H=2.41e-05 | 407.6 steps/s | 2.45 ms/step | ETA: 40750.9 min
Step 3500000/1000000000 | t=8.75e-01 | T=7345.8 | a=1.000021 | H=2.41e-05 | 407.5 steps/s | 2.45 ms/step | ETA: 40760.6 min
Step 3550000/1000000000 | t=8.88e-01 | T=7345.8 | a=1.000021 | H=2.41e-05 | 407.4 steps/s | 2.45 ms/step | ETA: 40768.3 min
Step 3600000/1000000000 | t=9.00e-01 | T=7345.8 | a=1.000022 | H=2.41e-05 | 407.3 steps/s | 2.46 ms/step | ETA: 40772.3 min
Step 3650000/1000000000 | t=9.13e-01 | T=7345.8 | a=1.000022 | H=2.41e-05 | 407.2 steps/s | 2.46 ms/step | ETA: 40780.3 min
Step 3700000/1000000000 | t=9.25e-01 | T=7345.8 | a=1.000022 | H=2.41e-05 | 407.1 steps/s | 2.46 ms/step | ETA: 40784.7 min
Step 3750000/1000000000 | t=9.38e-01 | T=7345.8 | a=1.000023 | H=2.41e-05 | 407.1 steps/s | 2.46 ms/step | ETA: 40788.1 min
Step 3800000/1000000000 | t=9.50e-01 | T=7345.8 | a=1.000023 | H=2.41e-05 | 407.1 steps/s | 2.46 ms/step | ETA: 40785.6 min
Step 3850000/1000000000 | t=9.63e-01 | T=7345.8 | a=1.000023 | H=2.41e-05 | 407.1 steps/s | 2.46 ms/step | ETA: 40779.3 min
Step 3900000/1000000000 | t=9.75e-01 | T=7345.8 | a=1.000023 | H=2.41e-05 | 407.1 steps/s | 2.46 ms/step | ETA: 40776.2 min
Step 3950000/1000000000 | t=9.88e-01 | T=7345.8 | a=1.000024 | H=2.41e-05 | 407.2 steps/s | 2.46 ms/step | ETA: 40769.5 min
Step 4000000/1000000000 | t=1.00e+00 | T=7345.8 | a=1.000024 | H=2.41e-05 | 407.2 steps/s | 2.46 ms/step | ETA: 40767.6 min
Step 4050000/1000000000 | t=1.01e+00 | T=7345.8 | a=1.000024 | H=2.41e-05 | 407.2 steps/s | 2.46 ms/step | ETA: 40763.8 min
Step 4100000/1000000000 | t=1.03e+00 | T=7345.8 | a=1.000025 | H=2.41e-05 | 407.2 steps/s | 2.46 ms/step | ETA: 40764.4 min
Step 4150000/1000000000 | t=1.04e+00 | T=7345.8 | a=1.000025 | H=2.41e-05 | 407.1 steps/s | 2.46 ms/step | ETA: 40766.7 min
Step 4200000/1000000000 | t=1.05e+00 | T=7345.8 | a=1.000025 | H=2.41e-05 | 407.0 steps/s | 2.46 ms/step | ETA: 40779.2 min
Step 4250000/1000000000 | t=1.06e+00 | T=7345.8 | a=1.000026 | H=2.41e-05 | 406.8 steps/s | 2.46 ms/step | ETA: 40793.0 min
Step 4300000/1000000000 | t=1.08e+00 | T=7345.8 | a=1.000026 | H=2.41e-05 | 406.7 steps/s | 2.46 ms/step | ETA: 40803.9 min
Step 4350000/1000000000 | t=1.09e+00 | T=7345.8 | a=1.000026 | H=2.41e-05 | 406.6 steps/s | 2.46 ms/step | ETA: 40812.9 min
Step 4400000/1000000000 | t=1.10e+00 | T=7345.8 | a=1.000026 | H=2.41e-05 | 406.5 steps/s | 2.46 ms/step | ETA: 40822.1 min
Step 4450000/1000000000 | t=1.11e+00 | T=7345.8 | a=1.000027 | H=2.41e-05 | 406.4 steps/s | 2.46 ms/step | ETA: 40827.4 min
Step 4500000/1000000000 | t=1.13e+00 | T=7345.8 | a=1.000027 | H=2.41e-05 | 406.3 steps/s | 2.46 ms/step | ETA: 40832.0 min
Step 4550000/1000000000 | t=1.14e+00 | T=7345.8 | a=1.000027 | H=2.41e-05 | 406.3 steps/s | 2.46 ms/step | ETA: 40839.0 min
Step 4600000/1000000000 | t=1.15e+00 | T=7345.8 | a=1.000028 | H=2.41e-05 | 406.2 steps/s | 2.46 ms/step | ETA: 40844.3 min
Step 4650000/1000000000 | t=1.16e+00 | T=7345.8 | a=1.000028 | H=2.41e-05 | 406.1 steps/s | 2.46 ms/step | ETA: 40847.0 min
Step 4700000/1000000000 | t=1.18e+00 | T=7345.8 | a=1.000028 | H=2.41e-05 | 406.1 steps/s | 2.46 ms/step | ETA: 40850.0 min
Step 4750000/1000000000 | t=1.19e+00 | T=7345.8 | a=1.000029 | H=2.41e-05 | 406.0 steps/s | 2.46 ms/step | ETA: 40859.2 min
Step 4800000/1000000000 | t=1.20e+00 | T=7345.8 | a=1.000029 | H=2.41e-05 | 405.9 steps/s | 2.46 ms/step | ETA: 40861.7 min
Step 4850000/1000000000 | t=1.21e+00 | T=7345.8 | a=1.000029 | H=2.41e-05 | 405.8 steps/s | 2.46 ms/step | ETA: 40867.9 min
Step 4900000/1000000000 | t=1.23e+00 | T=7345.8 | a=1.000029 | H=2.41e-05 | 405.7 steps/s | 2.46 ms/step | ETA: 40882.0 min
Step 4950000/1000000000 | t=1.24e+00 | T=7345.8 | a=1.000030 | H=2.41e-05 | 405.5 steps/s | 2.47 ms/step | ETA: 40894.0 min
Step 5000000/1000000000 | t=1.25e+00 | T=7345.8 | a=1.000030 | H=2.41e-05 | 405.4 steps/s | 2.47 ms/step | ETA: 40907.2 min
Step 5050000/1000000000 | t=1.26e+00 | T=7345.8 | a=1.000030 | H=2.41e-05 | 405.3 steps/s | 2.47 ms/step | ETA: 40917.7 min
Step 5100000/1000000000 | t=1.28e+00 | T=7345.8 | a=1.000031 | H=2.41e-05 | 405.2 steps/s | 2.47 ms/step | ETA: 40921.7 min
Step 5150000/1000000000 | t=1.29e+00 | T=7345.8 | a=1.000031 | H=2.41e-05 | 405.1 steps/s | 2.47 ms/step | ETA: 40927.7 min
Step 5200000/1000000000 | t=1.30e+00 | T=7345.8 | a=1.000031 | H=2.41e-05 | 405.0 steps/s | 2.47 ms/step | ETA: 40942.9 min
Step 5250000/1000000000 | t=1.31e+00 | T=7345.8 | a=1.000032 | H=2.41e-05 | 404.8 steps/s | 2.47 ms/step | ETA: 40956.7 min
Step 5300000/1000000000 | t=1.33e+00 | T=7345.8 | a=1.000032 | H=2.41e-05 | 404.6 steps/s | 2.47 ms/step | ETA: 40971.0 min
Step 5350000/1000000000 | t=1.34e+00 | T=7345.8 | a=1.000032 | H=2.41e-05 | 404.5 steps/s | 2.47 ms/step | ETA: 40987.0 min
Step 5400000/1000000000 | t=1.35e+00 | T=7345.8 | a=1.000032 | H=2.41e-05 | 404.3 steps/s | 2.47 ms/step | ETA: 41000.2 min
Step 5450000/1000000000 | t=1.36e+00 | T=7345.8 | a=1.000033 | H=2.41e-05 | 404.2 steps/s | 2.47 ms/step | ETA: 41011.5 min
Step 5500000/1000000000 | t=1.38e+00 | T=7345.8 | a=1.000033 | H=2.41e-05 | 404.0 steps/s | 2.48 ms/step | ETA: 41023.8 min
Step 5550000/1000000000 | t=1.39e+00 | T=7345.8 | a=1.000033 | H=2.41e-05 | 404.0 steps/s | 2.48 ms/step | ETA: 41029.5 min
Step 5600000/1000000000 | t=1.40e+00 | T=7345.8 | a=1.000034 | H=2.41e-05 | 403.8 steps/s | 2.48 ms/step | ETA: 41042.2 min
Step 5650000/1000000000 | t=1.41e+00 | T=7345.8 | a=1.000034 | H=2.41e-05 | 403.7 steps/s | 2.48 ms/step | ETA: 41050.3 min
Step 5700000/1000000000 | t=1.43e+00 | T=7345.7 | a=1.000034 | H=2.41e-05 | 403.6 steps/s | 2.48 ms/step | ETA: 41061.1 min
Step 5750000/1000000000 | t=1.44e+00 | T=7345.7 | a=1.000035 | H=2.41e-05 | 403.5 steps/s | 2.48 ms/step | ETA: 41070.6 min
Step 5800000/1000000000 | t=1.45e+00 | T=7345.7 | a=1.000035 | H=2.41e-05 | 403.4 steps/s | 2.48 ms/step | ETA: 41074.8 min
Step 5850000/1000000000 | t=1.46e+00 | T=7345.7 | a=1.000035 | H=2.41e-05 | 403.4 steps/s | 2.48 ms/step | ETA: 41078.5 min
Step 5900000/1000000000 | t=1.48e+00 | T=7345.7 | a=1.000035 | H=2.41e-05 | 403.3 steps/s | 2.48 ms/step | ETA: 41080.6 min
Step 5950000/1000000000 | t=1.49e+00 | T=7345.7 | a=1.000036 | H=2.41e-05 | 403.3 steps/s | 2.48 ms/step | ETA: 41083.0 min
Step 6000000/1000000000 | t=1.50e+00 | T=7345.7 | a=1.000036 | H=2.41e-05 | 403.2 steps/s | 2.48 ms/step | ETA: 41086.3 min
Step 6050000/1000000000 | t=1.51e+00 | T=7345.7 | a=1.000036 | H=2.41e-05 | 403.1 steps/s | 2.48 ms/step | ETA: 41093.4 min
Step 6100000/1000000000 | t=1.53e+00 | T=7345.7 | a=1.000037 | H=2.41e-05 | 403.1 steps/s | 2.48 ms/step | ETA: 41098.0 min
Step 6150000/1000000000 | t=1.54e+00 | T=7345.7 | a=1.000037 | H=2.41e-05 | 403.0 steps/s | 2.48 ms/step | ETA: 41102.6 min
Step 6200000/1000000000 | t=1.55e+00 | T=7345.7 | a=1.000037 | H=2.41e-05 | 402.9 steps/s | 2.48 ms/step | ETA: 41106.4 min
Step 6250000/1000000000 | t=1.56e+00 | T=7345.7 | a=1.000038 | H=2.41e-05 | 402.9 steps/s | 2.48 ms/step | ETA: 41110.5 min
Step 6300000/1000000000 | t=1.58e+00 | T=7345.7 | a=1.000038 | H=2.41e-05 | 402.7 steps/s | 2.48 ms/step | ETA: 41123.0 min
Step 6350000/1000000000 | t=1.59e+00 | T=7345.7 | a=1.000038 | H=2.41e-05 | 402.7 steps/s | 2.48 ms/step | ETA: 41128.8 min
Step 6400000/1000000000 | t=1.60e+00 | T=7345.7 | a=1.000038 | H=2.41e-05 | 402.6 steps/s | 2.48 ms/step | ETA: 41133.6 min
Step 6450000/1000000000 | t=1.61e+00 | T=7345.7 | a=1.000039 | H=2.41e-05 | 402.5 steps/s | 2.48 ms/step | ETA: 41139.8 min
Step 6500000/1000000000 | t=1.63e+00 | T=7345.7 | a=1.000039 | H=2.41e-05 | 402.4 steps/s | 2.48 ms/step | ETA: 41144.7 min
Step 6550000/1000000000 | t=1.64e+00 | T=7345.7 | a=1.000039 | H=2.41e-05 | 402.4 steps/s | 2.49 ms/step | ETA: 41151.1 min
Step 6600000/1000000000 | t=1.65e+00 | T=7345.7 | a=1.000040 | H=2.41e-05 | 402.3 steps/s | 2.49 ms/step | ETA: 41154.7 min
Step 6650000/1000000000 | t=1.66e+00 | T=7345.7 | a=1.000040 | H=2.41e-05 | 402.2 steps/s | 2.49 ms/step | ETA: 41158.9 min
Step 6700000/1000000000 | t=1.68e+00 | T=7345.7 | a=1.000040 | H=2.41e-05 | 402.2 steps/s | 2.49 ms/step | ETA: 41163.8 min
Step 6750000/1000000000 | t=1.69e+00 | T=7345.7 | a=1.000041 | H=2.41e-05 | 402.0 steps/s | 2.49 ms/step | ETA: 41175.2 min
Step 6800000/1000000000 | t=1.70e+00 | T=7345.7 | a=1.000041 | H=2.41e-05 | 401.9 steps/s | 2.49 ms/step | ETA: 41186.2 min
Step 6850000/1000000000 | t=1.71e+00 | T=7345.7 | a=1.000041 | H=2.41e-05 | 401.8 steps/s | 2.49 ms/step | ETA: 41194.6 min
Step 6900000/1000000000 | t=1.73e+00 | T=7345.7 | a=1.000041 | H=2.41e-05 | 401.7 steps/s | 2.49 ms/step | ETA: 41202.9 min
Step 6950000/1000000000 | t=1.74e+00 | T=7345.7 | a=1.000042 | H=2.41e-05 | 401.6 steps/s | 2.49 ms/step | ETA: 41209.9 min
Step 7000000/1000000000 | t=1.75e+00 | T=7345.7 | a=1.000042 | H=2.41e-05 | 401.5 steps/s | 2.49 ms/step | ETA: 41216.3 min
Step 7050000/1000000000 | t=1.76e+00 | T=7345.7 | a=1.000042 | H=2.41e-05 | 401.5 steps/s | 2.49 ms/step | ETA: 41223.1 min
Step 7100000/1000000000 | t=1.78e+00 | T=7345.7 | a=1.000043 | H=2.41e-05 | 401.4 steps/s | 2.49 ms/step | ETA: 41227.6 min
Step 7150000/1000000000 | t=1.79e+00 | T=7345.7 | a=1.000043 | H=2.41e-05 | 401.3 steps/s | 2.49 ms/step | ETA: 41234.5 min
Step 7200000/1000000000 | t=1.80e+00 | T=7345.7 | a=1.000043 | H=2.41e-05 | 401.2 steps/s | 2.49 ms/step | ETA: 41242.9 min
Step 7250000/1000000000 | t=1.81e+00 | T=7345.7 | a=1.000044 | H=2.41e-05 | 401.1 steps/s | 2.49 ms/step | ETA: 41252.7 min
Step 7300000/1000000000 | t=1.83e+00 | T=7345.7 | a=1.000044 | H=2.41e-05 | 401.0 steps/s | 2.49 ms/step | ETA: 41263.4 min
Step 7350000/1000000000 | t=1.84e+00 | T=7345.7 | a=1.000044 | H=2.41e-05 | 400.9 steps/s | 2.49 ms/step | ETA: 41266.3 min
Step 7400000/1000000000 | t=1.85e+00 | T=7345.7 | a=1.000045 | H=2.41e-05 | 400.8 steps/s | 2.49 ms/step | ETA: 41274.0 min
Step 7450000/1000000000 | t=1.86e+00 | T=7345.7 | a=1.000045 | H=2.41e-05 | 400.8 steps/s | 2.50 ms/step | ETA: 41278.8 min
Step 7500000/1000000000 | t=1.88e+00 | T=7345.7 | a=1.000045 | H=2.41e-05 | 400.7 steps/s | 2.50 ms/step | ETA: 41285.4 min
Step 7550000/1000000000 | t=1.89e+00 | T=7345.7 | a=1.000045 | H=2.41e-05 | 400.6 steps/s | 2.50 ms/step | ETA: 41293.9 min
Step 7600000/1000000000 | t=1.90e+00 | T=7345.7 | a=1.000046 | H=2.41e-05 | 400.5 steps/s | 2.50 ms/step | ETA: 41298.5 min
Step 7650000/1000000000 | t=1.91e+00 | T=7345.7 | a=1.000046 | H=2.41e-05 | 400.4 steps/s | 2.50 ms/step | ETA: 41305.9 min
Step 7700000/1000000000 | t=1.93e+00 | T=7345.7 | a=1.000046 | H=2.41e-05 | 400.3 steps/s | 2.50 ms/step | ETA: 41310.3 min
Step 7750000/1000000000 | t=1.94e+00 | T=7345.7 | a=1.000047 | H=2.41e-05 | 400.3 steps/s | 2.50 ms/step | ETA: 41314.9 min
Step 7800000/1000000000 | t=1.95e+00 | T=7345.7 | a=1.000047 | H=2.41e-05 | 400.3 steps/s | 2.50 ms/step | ETA: 41315.4 min
Step 7850000/1000000000 | t=1.96e+00 | T=7345.7 | a=1.000047 | H=2.41e-05 | 400.2 steps/s | 2.50 ms/step | ETA: 41318.7 min
Step 7900000/1000000000 | t=1.98e+00 | T=7345.7 | a=1.000048 | H=2.41e-05 | 400.2 steps/s | 2.50 ms/step | ETA: 41320.7 min
Step 7950000/1000000000 | t=1.99e+00 | T=7345.6 | a=1.000048 | H=2.41e-05 | 400.1 steps/s | 2.50 ms/step | ETA: 41324.6 min
Step 8000000/1000000000 | t=2.00e+00 | T=7345.6 | a=1.000048 | H=2.41e-05 | 400.1 steps/s | 2.50 ms/step | ETA: 41327.3 min
Step 8050000/1000000000 | t=2.01e+00 | T=7345.6 | a=1.000048 | H=2.41e-05 | 400.0 steps/s | 2.50 ms/step | ETA: 41328.8 min
Step 8100000/1000000000 | t=2.03e+00 | T=7345.6 | a=1.000049 | H=2.41e-05 | 400.0 steps/s | 2.50 ms/step | ETA: 41332.9 min
Step 8150000/1000000000 | t=2.04e+00 | T=7345.6 | a=1.000049 | H=2.41e-05 | 399.9 steps/s | 2.50 ms/step | ETA: 41342.0 min
Step 8200000/1000000000 | t=2.05e+00 | T=7345.6 | a=1.000049 | H=2.41e-05 | 399.8 steps/s | 2.50 ms/step | ETA: 41342.1 min
Step 8250000/1000000000 | t=2.06e+00 | T=7345.6 | a=1.000050 | H=2.41e-05 | 399.8 steps/s | 2.50 ms/step | ETA: 41345.8 min
Step 8300000/1000000000 | t=2.08e+00 | T=7345.6 | a=1.000050 | H=2.41e-05 | 399.7 steps/s | 2.50 ms/step | ETA: 41349.1 min
Step 8350000/1000000000 | t=2.09e+00 | T=7345.6 | a=1.000050 | H=2.41e-05 | 399.7 steps/s | 2.50 ms/step | ETA: 41354.6 min
Step 8400000/1000000000 | t=2.10e+00 | T=7345.6 | a=1.000051 | H=2.41e-05 | 399.6 steps/s | 2.50 ms/step | ETA: 41359.9 min
Step 8450000/1000000000 | t=2.11e+00 | T=7345.6 | a=1.000051 | H=2.41e-05 | 399.5 steps/s | 2.50 ms/step | ETA: 41363.7 min
Step 8500000/1000000000 | t=2.13e+00 | T=7345.6 | a=1.000051 | H=2.41e-05 | 399.5 steps/s | 2.50 ms/step | ETA: 41365.9 min
Step 8550000/1000000000 | t=2.14e+00 | T=7345.6 | a=1.000051 | H=2.41e-05 | 399.4 steps/s | 2.50 ms/step | ETA: 41369.5 min
Step 8600000/1000000000 | t=2.15e+00 | T=7345.6 | a=1.000052 | H=2.41e-05 | 399.4 steps/s | 2.50 ms/step | ETA: 41372.1 min
Step 8650000/1000000000 | t=2.16e+00 | T=7345.6 | a=1.000052 | H=2.41e-05 | 399.3 steps/s | 2.50 ms/step | ETA: 41374.2 min
Step 8700000/1000000000 | t=2.18e+00 | T=7345.6 | a=1.000052 | H=2.41e-05 | 399.3 steps/s | 2.50 ms/step | ETA: 41375.7 min
Step 8750000/1000000000 | t=2.19e+00 | T=7345.6 | a=1.000053 | H=2.41e-05 | 399.3 steps/s | 2.50 ms/step | ETA: 41375.5 min
Step 8800000/1000000000 | t=2.20e+00 | T=7345.6 | a=1.000053 | H=2.41e-05 | 399.2 steps/s | 2.50 ms/step | ETA: 41379.8 min
Step 8850000/1000000000 | t=2.21e+00 | T=7345.6 | a=1.000053 | H=2.41e-05 | 399.2 steps/s | 2.51 ms/step | ETA: 41382.7 min
Step 8900000/1000000000 | t=2.23e+00 | T=7345.6 | a=1.000054 | H=2.41e-05 | 399.2 steps/s | 2.51 ms/step | ETA: 41383.2 min
Step 8950000/1000000000 | t=2.24e+00 | T=7345.6 | a=1.000054 | H=2.41e-05 | 399.1 steps/s | 2.51 ms/step | ETA: 41382.5 min
Step 9000000/1000000000 | t=2.25e+00 | T=7345.6 | a=1.000054 | H=2.41e-05 | 399.1 steps/s | 2.51 ms/step | ETA: 41384.3 min
Step 9050000/1000000000 | t=2.26e+00 | T=7345.6 | a=1.000054 | H=2.41e-05 | 399.1 steps/s | 2.51 ms/step | ETA: 41386.8 min
Step 9100000/1000000000 | t=2.28e+00 | T=7345.6 | a=1.000055 | H=2.41e-05 | 399.0 steps/s | 2.51 ms/step | ETA: 41388.2 min
Step 9150000/1000000000 | t=2.29e+00 | T=7345.6 | a=1.000055 | H=2.41e-05 | 399.0 steps/s | 2.51 ms/step | ETA: 41392.3 min
Step 9200000/1000000000 | t=2.30e+00 | T=7345.6 | a=1.000055 | H=2.41e-05 | 398.9 steps/s | 2.51 ms/step | ETA: 41392.5 min
Step 9250000/1000000000 | t=2.31e+00 | T=7345.6 | a=1.000056 | H=2.41e-05 | 398.9 steps/s | 2.51 ms/step | ETA: 41396.4 min
Step 9300000/1000000000 | t=2.33e+00 | T=7345.6 | a=1.000056 | H=2.41e-05 | 398.8 steps/s | 2.51 ms/step | ETA: 41401.8 min
Step 9350000/1000000000 | t=2.34e+00 | T=7345.6 | a=1.000056 | H=2.41e-05 | 398.7 steps/s | 2.51 ms/step | ETA: 41408.7 min
Step 9400000/1000000000 | t=2.35e+00 | T=7345.6 | a=1.000057 | H=2.41e-05 | 398.7 steps/s | 2.51 ms/step | ETA: 41412.5 min
Step 9450000/1000000000 | t=2.36e+00 | T=7345.6 | a=1.000057 | H=2.41e-05 | 398.6 steps/s | 2.51 ms/step | ETA: 41416.7 min
Step 9500000/1000000000 | t=2.38e+00 | T=7345.6 | a=1.000057 | H=2.41e-05 | 398.5 steps/s | 2.51 ms/step | ETA: 41422.3 min
Step 9550000/1000000000 | t=2.39e+00 | T=7345.6 | a=1.000057 | H=2.41e-05 | 398.5 steps/s | 2.51 ms/step | ETA: 41427.3 min
Step 9600000/1000000000 | t=2.40e+00 | T=7345.6 | a=1.000058 | H=2.41e-05 | 398.4 steps/s | 2.51 ms/step | ETA: 41432.4 min
Step 9650000/1000000000 | t=2.41e+00 | T=7345.6 | a=1.000058 | H=2.41e-05 | 398.3 steps/s | 2.51 ms/step | ETA: 41437.5 min
Step 9700000/1000000000 | t=2.43e+00 | T=7345.6 | a=1.000058 | H=2.41e-05 | 398.3 steps/s | 2.51 ms/step | ETA: 41442.1 min
Step 9750000/1000000000 | t=2.44e+00 | T=7345.6 | a=1.000059 | H=2.41e-05 | 398.2 steps/s | 2.51 ms/step | ETA: 41448.8 min
Step 9800000/1000000000 | t=2.45e+00 | T=7345.6 | a=1.000059 | H=2.41e-05 | 398.2 steps/s | 2.51 ms/step | ETA: 41448.8 min
Step 9850000/1000000000 | t=2.46e+00 | T=7345.6 | a=1.000059 | H=2.41e-05 | 398.1 steps/s | 2.51 ms/step | ETA: 41448.5 min
Step 9900000/1000000000 | t=2.48e+00 | T=7345.6 | a=1.000060 | H=2.41e-05 | 398.2 steps/s | 2.51 ms/step | ETA: 41445.1 min
Step 9950000/1000000000 | t=2.49e+00 | T=7345.6 | a=1.000060 | H=2.41e-05 | 398.2 steps/s | 2.51 ms/step | ETA: 41442.8 min
Step 10000000/1000000000 | t=2.50e+00 | T=7345.6 | a=1.000060 | H=2.41e-05 | 398.2 steps/s | 2.51 ms/step | ETA: 41441.7 min
Step 10050000/1000000000 | t=2.51e+00 | T=7345.6 | a=1.000060 | H=2.41e-05 | 398.2 steps/s | 2.51 ms/step | ETA: 41438.2 min
Step 10100000/1000000000 | t=2.53e+00 | T=7345.6 | a=1.000061 | H=2.41e-05 | 398.2 steps/s | 2.51 ms/step | ETA: 41436.4 min
Step 10150000/1000000000 | t=2.54e+00 | T=7345.6 | a=1.000061 | H=2.41e-05 | 398.2 steps/s | 2.51 ms/step | ETA: 41435.4 min
Step 10200000/1000000000 | t=2.55e+00 | T=7345.5 | a=1.000061 | H=2.41e-05 | 398.1 steps/s | 2.51 ms/step | ETA: 41437.4 min
Step 10250000/1000000000 | t=2.56e+00 | T=7345.5 | a=1.000062 | H=2.41e-05 | 398.1 steps/s | 2.51 ms/step | ETA: 41437.3 min
Step 10300000/1000000000 | t=2.58e+00 | T=7345.5 | a=1.000062 | H=2.41e-05 | 398.1 steps/s | 2.51 ms/step | ETA: 41436.2 min
Step 10350000/1000000000 | t=2.59e+00 | T=7345.5 | a=1.000062 | H=2.41e-05 | 398.1 steps/s | 2.51 ms/step | ETA: 41433.7 min
Step 10400000/1000000000 | t=2.60e+00 | T=7345.5 | a=1.000063 | H=2.41e-05 | 398.1 steps/s | 2.51 ms/step | ETA: 41432.3 min
Step 10450000/1000000000 | t=2.61e+00 | T=7345.5 | a=1.000063 | H=2.41e-05 | 398.1 steps/s | 2.51 ms/step | ETA: 41432.4 min
Step 10500000/1000000000 | t=2.63e+00 | T=7345.5 | a=1.000063 | H=2.41e-05 | 398.0 steps/s | 2.51 ms/step | ETA: 41432.9 min
Step 10550000/1000000000 | t=2.64e+00 | T=7345.5 | a=1.000063 | H=2.41e-05 | 398.0 steps/s | 2.51 ms/step | ETA: 41431.7 min
Step 10600000/1000000000 | t=2.65e+00 | T=7345.5 | a=1.000064 | H=2.41e-05 | 398.0 steps/s | 2.51 ms/step | ETA: 41432.3 min
Step 10650000/1000000000 | t=2.66e+00 | T=7345.5 | a=1.000064 | H=2.41e-05 | 398.0 steps/s | 2.51 ms/step | ETA: 41431.9 min
Step 10700000/1000000000 | t=2.68e+00 | T=7345.5 | a=1.000064 | H=2.41e-05 | 397.9 steps/s | 2.51 ms/step | ETA: 41434.4 min
Step 10750000/1000000000 | t=2.69e+00 | T=7345.5 | a=1.000065 | H=2.41e-05 | 397.9 steps/s | 2.51 ms/step | ETA: 41437.0 min
Step 10800000/1000000000 | t=2.70e+00 | T=7345.5 | a=1.000065 | H=2.41e-05 | 397.8 steps/s | 2.51 ms/step | ETA: 41440.5 min
Step 10850000/1000000000 | t=2.71e+00 | T=7345.5 | a=1.000065 | H=2.41e-05 | 397.8 steps/s | 2.51 ms/step | ETA: 41441.5 min
Step 10900000/1000000000 | t=2.73e+00 | T=7345.5 | a=1.000066 | H=2.41e-05 | 397.8 steps/s | 2.51 ms/step | ETA: 41441.8 min
Step 10950000/1000000000 | t=2.74e+00 | T=7345.5 | a=1.000066 | H=2.41e-05 | 397.7 steps/s | 2.51 ms/step | ETA: 41443.8 min
Step 11000000/1000000000 | t=2.75e+00 | T=7345.5 | a=1.000066 | H=2.41e-05 | 397.7 steps/s | 2.51 ms/step | ETA: 41444.9 min
Step 11050000/1000000000 | t=2.76e+00 | T=7345.5 | a=1.000066 | H=2.41e-05 | 397.7 steps/s | 2.51 ms/step | ETA: 41443.9 min
Step 11100000/1000000000 | t=2.78e+00 | T=7345.5 | a=1.000067 | H=2.41e-05 | 397.7 steps/s | 2.51 ms/step | ETA: 41443.1 min
Step 11150000/1000000000 | t=2.79e+00 | T=7345.5 | a=1.000067 | H=2.41e-05 | 397.7 steps/s | 2.51 ms/step | ETA: 41440.9 min
Step 11200000/1000000000 | t=2.80e+00 | T=7345.5 | a=1.000067 | H=2.41e-05 | 397.7 steps/s | 2.51 ms/step | ETA: 41438.8 min
Step 11250000/1000000000 | t=2.81e+00 | T=7345.5 | a=1.000068 | H=2.41e-05 | 397.7 steps/s | 2.51 ms/step | ETA: 41437.5 min
Step 11300000/1000000000 | t=2.83e+00 | T=7345.5 | a=1.000068 | H=2.41e-05 | 397.7 steps/s | 2.51 ms/step | ETA: 41437.9 min
Step 11350000/1000000000 | t=2.84e+00 | T=7345.5 | a=1.000068 | H=2.41e-05 | 397.7 steps/s | 2.51 ms/step | ETA: 41435.6 min
Step 11400000/1000000000 | t=2.85e+00 | T=7345.5 | a=1.000069 | H=2.41e-05 | 397.6 steps/s | 2.51 ms/step | ETA: 41435.4 min
Step 11450000/1000000000 | t=2.86e+00 | T=7345.5 | a=1.000069 | H=2.41e-05 | 397.6 steps/s | 2.51 ms/step | ETA: 41434.7 min
Step 11500000/1000000000 | t=2.88e+00 | T=7345.5 | a=1.000069 | H=2.41e-05 | 397.6 steps/s | 2.51 ms/step | ETA: 41433.5 min
Step 11550000/1000000000 | t=2.89e+00 | T=7345.5 | a=1.000069 | H=2.41e-05 | 397.6 steps/s | 2.52 ms/step | ETA: 41433.6 min
Step 11600000/1000000000 | t=2.90e+00 | T=7345.5 | a=1.000070 | H=2.41e-05 | 397.6 steps/s | 2.52 ms/step | ETA: 41431.8 min
Step 11650000/1000000000 | t=2.91e+00 | T=7345.5 | a=1.000070 | H=2.41e-05 | 397.6 steps/s | 2.52 ms/step | ETA: 41431.6 min
Step 11700000/1000000000 | t=2.93e+00 | T=7345.5 | a=1.000070 | H=2.41e-05 | 397.6 steps/s | 2.52 ms/step | ETA: 41432.1 min
Step 11750000/1000000000 | t=2.94e+00 | T=7345.5 | a=1.000071 | H=2.41e-05 | 397.5 steps/s | 2.52 ms/step | ETA: 41431.3 min
Step 11800000/1000000000 | t=2.95e+00 | T=7345.5 | a=1.000071 | H=2.41e-05 | 397.5 steps/s | 2.52 ms/step | ETA: 41432.4 min
Step 11850000/1000000000 | t=2.96e+00 | T=7345.5 | a=1.000071 | H=2.41e-05 | 397.5 steps/s | 2.52 ms/step | ETA: 41433.1 min
Step 11900000/1000000000 | t=2.98e+00 | T=7345.5 | a=1.000072 | H=2.41e-05 | 397.5 steps/s | 2.52 ms/step | ETA: 41434.7 min
Step 11950000/1000000000 | t=2.99e+00 | T=7345.5 | a=1.000072 | H=2.41e-05 | 397.4 steps/s | 2.52 ms/step | ETA: 41436.6 min
Step 12000000/1000000000 | t=3.00e+00 | T=7345.5 | a=1.000072 | H=2.41e-05 | 397.4 steps/s | 2.52 ms/step | ETA: 41436.8 min
Step 12050000/1000000000 | t=3.01e+00 | T=7345.5 | a=1.000072 | H=2.41e-05 | 397.4 steps/s | 2.52 ms/step | ETA: 41436.0 min
Step 12100000/1000000000 | t=3.03e+00 | T=7345.5 | a=1.000073 | H=2.41e-05 | 397.4 steps/s | 2.52 ms/step | ETA: 41436.0 min
Step 12150000/1000000000 | t=3.04e+00 | T=7345.5 | a=1.000073 | H=2.41e-05 | 397.4 steps/s | 2.52 ms/step | ETA: 41433.7 min
Step 12200000/1000000000 | t=3.05e+00 | T=7345.5 | a=1.000073 | H=2.41e-05 | 397.3 steps/s | 2.52 ms/step | ETA: 41433.1 min
Step 12250000/1000000000 | t=3.06e+00 | T=7345.5 | a=1.000074 | H=2.41e-05 | 397.3 steps/s | 2.52 ms/step | ETA: 41432.4 min
Step 12300000/1000000000 | t=3.08e+00 | T=7345.5 | a=1.000074 | H=2.41e-05 | 397.3 steps/s | 2.52 ms/step | ETA: 41430.5 min
Step 12350000/1000000000 | t=3.09e+00 | T=7345.5 | a=1.000074 | H=2.41e-05 | 397.3 steps/s | 2.52 ms/step | ETA: 41427.1 min
Step 12400000/1000000000 | t=3.10e+00 | T=7345.5 | a=1.000075 | H=2.41e-05 | 397.3 steps/s | 2.52 ms/step | ETA: 41427.7 min
Step 12450000/1000000000 | t=3.11e+00 | T=7345.4 | a=1.000075 | H=2.41e-05 | 397.3 steps/s | 2.52 ms/step | ETA: 41426.2 min
Step 12500000/1000000000 | t=3.13e+00 | T=7345.4 | a=1.000075 | H=2.41e-05 | 397.3 steps/s | 2.52 ms/step | ETA: 41425.2 min
Step 12550000/1000000000 | t=3.14e+00 | T=7345.4 | a=1.000075 | H=2.41e-05 | 397.3 steps/s | 2.52 ms/step | ETA: 41424.1 min
Step 12600000/1000000000 | t=3.15e+00 | T=7345.4 | a=1.000076 | H=2.41e-05 | 397.3 steps/s | 2.52 ms/step | ETA: 41422.3 min
Step 12650000/1000000000 | t=3.16e+00 | T=7345.4 | a=1.000076 | H=2.41e-05 | 397.3 steps/s | 2.52 ms/step | ETA: 41421.2 min
Step 12700000/1000000000 | t=3.18e+00 | T=7345.4 | a=1.000076 | H=2.41e-05 | 397.2 steps/s | 2.52 ms/step | ETA: 41428.4 min
Step 12750000/1000000000 | t=3.19e+00 | T=7345.4 | a=1.000077 | H=2.41e-05 | 397.1 steps/s | 2.52 ms/step | ETA: 41436.9 min
