======================================================================
LATTICE SIMULATION LOG
Started: 2026-02-13 14:54:52
Log file: logs/simulation_20260213_145452.log
======================================================================

Numba Configuration:
  Version: 0.63.1
  Threading layer: default
  Configured threads: 11
  Active threads: 11
----------------------------------------------------------------------
OVERDAMPED MODE: η = 50.0 (rescaled: 5.00e-02)
Field precision: float32
Tree-level VEV: ±1.0000e+11

Finding thermal VEV at T = 7350.0...
  V'(0) = 2.1550e-07
  V'(VEV) = 7.1457e-31
  Thermal VEV found: 1.0000e+11
  Ratio thermal/tree: 1.0000

Finding escape point...
  V'(1e-10) = 2.1550e-07
  V'(1e0)   = 2.1550e+03
  V'(1e5)   = -9.9983e+10
  V'(1e8)   = -1.0000e+14
  V'(1e10)  = -9.9000e+15
  Barrier found between 7.7025e+02 and 8.1034e+02
  Barrier top at: 8.0472e+02
  Escape point: 8.8519e+02
  V'(escape) = -4.0450e+05 (should be < 0)

Using TREE-LEVEL VEV for seeding: 1.0000e+11
The bubble is seeded at the true vacuum (no rolling needed).

============================================================
BUBBLE SEEDING ENABLED
============================================================
Number of bubbles: 1
Profile type: tanh
Wall width: 20.0 lattice units
VEV magnitude: 1.0000e+11
------------------------------------------------------------
  Seeded bubble: center=(128, 128), radius=40, sign=+, profile=tanh
------------------------------------------------------------
Field after seeding: min=7.5094e+04, max=9.8201e+10
============================================================

Field states will be saved to: data/set6/T0_7350_dt_1e-05_a_0.001_interval_100000_seeded_1bubbles_tanh/field_states
Figures will be saved to: data/set6/T0_7350_dt_1e-05_a_0.001_interval_100000_seeded_1bubbles_tanh/figs/latticeSnapshot

============================================================
Starting time evolution...
Grid: 256×256, Steps: 100000000, dt: 1.00e-05
Using fused RK2: True
Using in-kernel RNG: True
Field precision: float32
Spline resolution N_Y: 256
Bubble seeding: ENABLED (1 bubbles)
  Bubble 1: (128, 128), R=40, +VEV
Thermal noise: ENABLED
Overdamped mode: ENABLED (η = 50.0, no ringing)
============================================================

Warming up JIT compilation...
JIT warmup complete.

------------------------------------------------------------
FORCE IMBALANCE DIAGNOSTIC (before relaxation)
------------------------------------------------------------
  Force imbalance (before relaxation):
    max|F| = 3.8386e+10  at lattice site (97, 108)
    phi range: [7.5094e+04, 9.8201e+10]
    Saved: data/set6/T0_7350_dt_1e-05_a_0.001_interval_100000_seeded_1bubbles_tanh/figs/latticeSnapshot/initial_force_imbalance.png
------------------------------------------------------------


============================================================
GRADIENT FLOW RELAXATION
============================================================
  dt_gf = 0.1, max_iter = 50000, tol = 1e-06
  wall_margin = 2.0 * wall_width
  Smooth Gaussian weight: sigma = 40.0 lattice units
  Active sites (weight > 0.01): 49717 / 65536 (75.9%)
  Weight range: [0.0000, 1.0000]
  JIT warmup for gradient_flow_update complete.
  Snapshots will be saved to: data/set6/T0_7350_dt_1e-05_a_0.001_interval_100000_seeded_1bubbles_tanh/figs/latticeSnapshot/gradient_flow_snapshots
  Force imbalance (GF iter 0):
    max|F| = 3.8386e+10  at lattice site (97, 108)
    phi range: [7.5094e+04, 9.8201e+10]
    Saved: data/set6/T0_7350_dt_1e-05_a_0.001_interval_100000_seeded_1bubbles_tanh/figs/latticeSnapshot/gradient_flow_snapshots/gf_iter_0000.png
  Force imbalance (GF iter 1):
    max|F| = 3.8381e+10  at lattice site (93, 112)
    phi range: [7.5094e+04, 9.8303e+10]
    Saved: data/set6/T0_7350_dt_1e-05_a_0.001_interval_100000_seeded_1bubbles_tanh/figs/latticeSnapshot/gradient_flow_snapshots/gf_iter_0001.png
  Force imbalance (GF iter 10):
    max|F| = 3.8351e+10  at lattice site (88, 158)
    phi range: [7.5095e+04, 9.9076e+10]
    Saved: data/set6/T0_7350_dt_1e-05_a_0.001_interval_100000_seeded_1bubbles_tanh/figs/latticeSnapshot/gradient_flow_snapshots/gf_iter_0010.png
  Force imbalance (GF iter 50):
    max|F| = 3.8426e+10  at lattice site (71, 86)
    phi range: [7.5096e+04, 9.9998e+10]
    Saved: data/set6/T0_7350_dt_1e-05_a_0.001_interval_100000_seeded_1bubbles_tanh/figs/latticeSnapshot/gradient_flow_snapshots/gf_iter_0050.png
  Force imbalance (GF iter 100):
    max|F| = 3.8490e+10  at lattice site (65, 78)
    phi range: [7.5098e+04, 1.0000e+11]
    Saved: data/set6/T0_7350_dt_1e-05_a_0.001_interval_100000_seeded_1bubbles_tanh/figs/latticeSnapshot/gradient_flow_snapshots/gf_iter_0100.png
  Force imbalance (GF iter 200):
    max|F| = 3.8492e+10  at lattice site (59, 71)
    phi range: [7.5102e+04, 1.0000e+11]
    Saved: data/set6/T0_7350_dt_1e-05_a_0.001_interval_100000_seeded_1bubbles_tanh/figs/latticeSnapshot/gradient_flow_snapshots/gf_iter_0200.png
  Force imbalance (GF iter 500):
    max|F| = 3.8316e+10  at lattice site (42, 76)
    phi range: [7.5114e+04, 1.0000e+11]
    Saved: data/set6/T0_7350_dt_1e-05_a_0.001_interval_100000_seeded_1bubbles_tanh/figs/latticeSnapshot/gradient_flow_snapshots/gf_iter_0500.png
  iter   1000: max|dphi|=1.72e+06, rel=1.72e-05, phi range=[7.51e+04, 1.00e+11]
  Force imbalance (GF iter 1000):
    max|F| = 3.8097e+10  at lattice site (20, 122)
    phi range: [7.5134e+04, 1.0000e+11]
    Saved: data/set6/T0_7350_dt_1e-05_a_0.001_interval_100000_seeded_1bubbles_tanh/figs/latticeSnapshot/gradient_flow_snapshots/gf_iter_1000.png
  Converged at iter 1272! rel_change=9.97e-07 < tol=1e-06
  Force imbalance (GF iter 1272, converged):
    max|F| = 3.8008e+10  at lattice site (22, 160)
    phi range: [7.5144e+04, 1.0000e+11]
    Saved: data/set6/T0_7350_dt_1e-05_a_0.001_interval_100000_seeded_1bubbles_tanh/figs/latticeSnapshot/gradient_flow_snapshots/gf_iter_1272_converged.png
  Gradient flow took 2.01s (1272 iterations)
  Momentum reset to zero.
============================================================

------------------------------------------------------------
FORCE IMBALANCE DIAGNOSTIC (after gradient flow)
------------------------------------------------------------
  Force imbalance (after gradient flow):
    max|F| = 3.8008e+10  at lattice site (22, 160)
    phi range: [7.5144e+04, 1.0000e+11]
    Saved: data/set6/T0_7350_dt_1e-05_a_0.001_interval_100000_seeded_1bubbles_tanh/figs/latticeSnapshot/initial_force_imbalance_after_gf.png
------------------------------------------------------------

Starting main loop...

Step 0/100000000 | t=0.00e+00 | T=7350.0 | 508.3 steps/s | 0.00 ms/step | ETA: 0.0 min
Step 100000/100000000 | t=1.00e-03 | T=7350.0 | 466.8 steps/s | 2.14 ms/step | ETA: 3566.6 min
Step 200000/100000000 | t=2.00e-03 | T=7350.0 | 449.7 steps/s | 2.22 ms/step | ETA: 3698.5 min
Step 300000/100000000 | t=3.00e-03 | T=7350.0 | 450.4 steps/s | 2.22 ms/step | ETA: 3689.5 min
Step 400000/100000000 | t=4.00e-03 | T=7350.0 | 450.0 steps/s | 2.22 ms/step | ETA: 3688.6 min
Step 500000/100000000 | t=5.00e-03 | T=7350.0 | 446.7 steps/s | 2.24 ms/step | ETA: 3712.4 min
