======================================================================
LATTICE SIMULATION LOG
Started: 2026-02-24 16:38:34
Log file: logs/simulation_20260224_163834.log
======================================================================

Numba Configuration:
  Version: 0.63.1
  Threading layer: default
  Configured threads: 11
  Active threads: 11
----------------------------------------------------------------------

Time step: dt_phys = 1.00e-04, dt (rescaled) = 1.0000e-01
  CFL limit: dt_CFL = 0.5774 (rescaled)
  dt/dt_CFL = 1.7321e-01 (SAFE)

Hubble expansion: ENABLED (comoving lattice)
  g_* = 106.75, M_Pl = 2.40e+18 GeV, ΔV = 1.00e+28 GeV^4
  H² = (T⁴/χ_g² + ΔV) / (3 M_Pl²)
  H(T0=7370.0) = 2.4056e-05 GeV
  3H = 7.2169e-05 GeV
  η_phys = 0.3 GeV  →  3H/η = 2.41e-04
  T(t) = T0 / a(t)  (entropy conservation)
  Initial a = 1.0
Field precision: float32
Tree-level VEV: ±1.0000e+11

Finding thermal VEV at T = 7370.0...
  V'(0) = 7.7081e-07
  V'(VEV) = 7.2041e-31
  Thermal VEV found: 1.0000e+11
  Ratio thermal/tree: 1.0000

Finding escape point...
  V'(1e-10) = 7.7081e-07
  V'(1e0)   = 7.7081e+03
  V'(1e5)   = -9.9982e+10
  V'(1e8)   = -1.0000e+14
  V'(1e10)  = -9.9000e+15
  Barrier found between 1.4897e+03 and 1.5672e+03
  Barrier top at: 1.5078e+03
  Escape point: 1.6586e+03
  V'(escape) = -2.7585e+06 (should be < 0)

Using TREE-LEVEL VEV for seeding: 1.0000e+11
The bubble is seeded at the true vacuum (no rolling needed).
Bubble seeding: DISABLED (thermal nucleation only)
Field states will be saved to: data/set6/256x256x256_T0_7370_dx_0.001_dtphys_0.0001_interval_5000_3D_hubble_eta_0.3_rk2_fused_table/field_states
Figures will be saved to: data/set6/256x256x256_T0_7370_dx_0.001_dtphys_0.0001_interval_5000_3D_hubble_eta_0.3_rk2_fused_table/figs/latticeSnapshot

============================================================
Starting time evolution...
Grid: 256×256×256, Steps: 10000000000, dt: 1.00e-01
Integrator: rk2_fused_table
Using Vprime lookup table: True (size=16384)
Using in-kernel RNG: True
Field precision: float32
Spline resolution N_Y: 256
Bubble seeding: DISABLED
Thermal noise: ENABLED (FDT noise_scale(T0) = 2.1029e+01)
Overdamped mode: DISABLED (η = 0.3)
Hubble expansion: ENABLED
  H(T0) = 2.4056e-05 GeV, 3H/η = 2.41e-04
  g_* = 106.75, M_Pl = 2.40e+18 GeV
============================================================

Warming up JIT compilation...
JIT warmup complete.
Starting main loop...

Dense snapshots: enabled (threshold=10000.0, interval=5)
Step 0/10000000000 | t=0.00e+00 | T=7370.0 | a=1.000000 | H=2.41e-05 | 4.2 steps/s | 238.63 ms/step | ETA: 39771000.5 min
Step 5000/10000000000 | t=5.00e-01 | T=7369.9 | a=1.000012 | H=2.41e-05 | 11.8 steps/s | 84.97 ms/step | ETA: 14160882.7 min
Step 10000/10000000000 | t=1.00e+00 | T=7369.8 | a=1.000024 | H=2.41e-05 | 12.6 steps/s | 79.53 ms/step | ETA: 13255064.2 min
Step 15000/10000000000 | t=1.50e+00 | T=7369.7 | a=1.000036 | H=2.41e-05 | 12.7 steps/s | 79.04 ms/step | ETA: 13173781.8 min
Step 20000/10000000000 | t=2.00e+00 | T=7369.6 | a=1.000048 | H=2.41e-05 | 12.1 steps/s | 82.70 ms/step | ETA: 13783623.5 min
Step 25000/10000000000 | t=2.50e+00 | T=7369.6 | a=1.000060 | H=2.41e-05 | 3.8 steps/s | 259.94 ms/step | ETA: 43322919.2 min
Step 30000/10000000000 | t=3.00e+00 | T=7369.5 | a=1.000072 | H=2.41e-05 | 4.3 steps/s | 230.54 ms/step | ETA: 38423131.4 min
Step 35000/10000000000 | t=3.50e+00 | T=7369.4 | a=1.000084 | H=2.41e-05 | 4.8 steps/s | 209.46 ms/step | ETA: 34909689.9 min
Step 40000/10000000000 | t=4.00e+00 | T=7369.3 | a=1.000096 | H=2.41e-05 | 5.2 steps/s | 193.67 ms/step | ETA: 32278982.9 min
Step 45000/10000000000 | t=4.50e+00 | T=7369.2 | a=1.000108 | H=2.41e-05 | 5.5 steps/s | 181.71 ms/step | ETA: 30285309.5 min
Step 50000/10000000000 | t=5.00e+00 | T=7369.1 | a=1.000120 | H=2.41e-05 | 5.9 steps/s | 170.85 ms/step | ETA: 28474606.2 min
Step 55000/10000000000 | t=5.50e+00 | T=7369.0 | a=1.000132 | H=2.41e-05 | 6.2 steps/s | 162.01 ms/step | ETA: 27002220.7 min
Step 60000/10000000000 | t=6.00e+00 | T=7368.9 | a=1.000144 | H=2.41e-05 | 6.5 steps/s | 154.61 ms/step | ETA: 25767683.5 min
Step 65000/10000000000 | t=6.50e+00 | T=7368.8 | a=1.000156 | H=2.41e-05 | 6.7 steps/s | 148.34 ms/step | ETA: 24723798.8 min
Step 70000/10000000000 | t=7.00e+00 | T=7368.8 | a=1.000168 | H=2.41e-05 | 7.0 steps/s | 142.99 ms/step | ETA: 23831414.2 min
Step 75000/10000000000 | t=7.50e+00 | T=7368.7 | a=1.000180 | H=2.41e-05 | 7.2 steps/s | 138.31 ms/step | ETA: 23050725.5 min
Step 80000/10000000000 | t=8.00e+00 | T=7368.6 | a=1.000192 | H=2.41e-05 | 7.4 steps/s | 134.25 ms/step | ETA: 22375198.5 min
Step 85000/10000000000 | t=8.50e+00 | T=7368.5 | a=1.000205 | H=2.41e-05 | 7.7 steps/s | 130.70 ms/step | ETA: 21783889.8 min
Step 90000/10000000000 | t=9.00e+00 | T=7368.4 | a=1.000217 | H=2.41e-05 | 7.8 steps/s | 127.58 ms/step | ETA: 21263710.0 min
Step 95000/10000000000 | t=9.50e+00 | T=7368.3 | a=1.000229 | H=2.41e-05 | 8.0 steps/s | 124.77 ms/step | ETA: 20794544.6 min
Step 100000/10000000000 | t=1.00e+01 | T=7368.2 | a=1.000241 | H=2.41e-05 | 8.2 steps/s | 122.19 ms/step | ETA: 20364590.1 min
Step 105000/10000000000 | t=1.05e+01 | T=7368.1 | a=1.000253 | H=2.41e-05 | 8.3 steps/s | 119.88 ms/step | ETA: 19980221.3 min
Step 110000/10000000000 | t=1.10e+01 | T=7368.1 | a=1.000265 | H=2.41e-05 | 8.5 steps/s | 117.76 ms/step | ETA: 19626749.3 min
Step 115000/10000000000 | t=1.15e+01 | T=7368.0 | a=1.000277 | H=2.41e-05 | 8.6 steps/s | 115.82 ms/step | ETA: 19303108.3 min
Step 120000/10000000000 | t=1.20e+01 | T=7367.9 | a=1.000289 | H=2.41e-05 | 8.8 steps/s | 114.05 ms/step | ETA: 19008240.9 min
Step 125000/10000000000 | t=1.25e+01 | T=7367.8 | a=1.000301 | H=2.41e-05 | 8.9 steps/s | 112.42 ms/step | ETA: 18736593.8 min
Step 130000/10000000000 | t=1.30e+01 | T=7367.7 | a=1.000313 | H=2.41e-05 | 9.0 steps/s | 110.96 ms/step | ETA: 18492562.9 min
Step 135000/10000000000 | t=1.35e+01 | T=7367.6 | a=1.000325 | H=2.41e-05 | 9.1 steps/s | 109.57 ms/step | ETA: 18261951.1 min
Step 140000/10000000000 | t=1.40e+01 | T=7367.5 | a=1.000337 | H=2.41e-05 | 9.2 steps/s | 108.30 ms/step | ETA: 18049068.7 min
Step 145000/10000000000 | t=1.45e+01 | T=7367.4 | a=1.000349 | H=2.41e-05 | 9.3 steps/s | 107.10 ms/step | ETA: 17850126.0 min
Step 150000/10000000000 | t=1.50e+01 | T=7367.3 | a=1.000361 | H=2.41e-05 | 9.4 steps/s | 105.99 ms/step | ETA: 17664573.3 min
Step 155000/10000000000 | t=1.55e+01 | T=7367.3 | a=1.000373 | H=2.41e-05 | 9.5 steps/s | 104.97 ms/step | ETA: 17495027.5 min
Step 160000/10000000000 | t=1.60e+01 | T=7367.2 | a=1.000385 | H=2.41e-05 | 9.6 steps/s | 103.99 ms/step | ETA: 17331667.6 min
Step 165000/10000000000 | t=1.65e+01 | T=7367.1 | a=1.000397 | H=2.41e-05 | 9.7 steps/s | 103.07 ms/step | ETA: 17178836.2 min
Step 170000/10000000000 | t=1.70e+01 | T=7367.0 | a=1.000409 | H=2.41e-05 | 9.8 steps/s | 102.21 ms/step | ETA: 17034859.0 min
Step 175000/10000000000 | t=1.75e+01 | T=7366.9 | a=1.000421 | H=2.41e-05 | 9.9 steps/s | 101.41 ms/step | ETA: 16900894.9 min
Step 180000/10000000000 | t=1.80e+01 | T=7366.8 | a=1.000433 | H=2.41e-05 | 9.9 steps/s | 100.64 ms/step | ETA: 16772901.9 min
Step 185000/10000000000 | t=1.85e+01 | T=7366.7 | a=1.000445 | H=2.41e-05 | 10.0 steps/s | 99.91 ms/step | ETA: 16650773.5 min
Step 190000/10000000000 | t=1.90e+01 | T=7366.6 | a=1.000457 | H=2.41e-05 | 10.1 steps/s | 99.21 ms/step | ETA: 16534333.9 min
Step 195000/10000000000 | t=1.95e+01 | T=7366.5 | a=1.000469 | H=2.41e-05 | 10.1 steps/s | 98.55 ms/step | ETA: 16424120.4 min
Step 200000/10000000000 | t=2.00e+01 | T=7366.5 | a=1.000481 | H=2.41e-05 | 10.2 steps/s | 97.92 ms/step | ETA: 16320090.9 min
Step 205000/10000000000 | t=2.05e+01 | T=7366.4 | a=1.000493 | H=2.41e-05 | 10.3 steps/s | 97.34 ms/step | ETA: 16223648.3 min
Step 210000/10000000000 | t=2.10e+01 | T=7366.3 | a=1.000505 | H=2.41e-05 | 10.3 steps/s | 96.77 ms/step | ETA: 16128219.7 min
Step 215000/10000000000 | t=2.15e+01 | T=7366.2 | a=1.000517 | H=2.41e-05 | 10.4 steps/s | 96.22 ms/step | ETA: 16036619.0 min
Step 220000/10000000000 | t=2.20e+01 | T=7366.1 | a=1.000529 | H=2.41e-05 | 10.4 steps/s | 95.70 ms/step | ETA: 15949592.1 min
Step 225000/10000000000 | t=2.25e+01 | T=7366.0 | a=1.000541 | H=2.41e-05 | 10.5 steps/s | 95.21 ms/step | ETA: 15867813.5 min
Step 230000/10000000000 | t=2.30e+01 | T=7365.9 | a=1.000553 | H=2.41e-05 | 10.6 steps/s | 94.74 ms/step | ETA: 15789742.4 min
Step 235000/10000000000 | t=2.35e+01 | T=7365.8 | a=1.000565 | H=2.41e-05 | 10.6 steps/s | 94.29 ms/step | ETA: 15714387.7 min
Step 240000/10000000000 | t=2.40e+01 | T=7365.7 | a=1.000578 | H=2.41e-05 | 10.7 steps/s | 93.85 ms/step | ETA: 15641464.2 min
Step 245000/10000000000 | t=2.45e+01 | T=7365.7 | a=1.000590 | H=2.41e-05 | 10.7 steps/s | 93.44 ms/step | ETA: 15573571.6 min
