======================================================================
LATTICE SIMULATION LOG
Started: 2026-01-19 10:47:52
Log file: logs/simulation_20260119_104752.log
======================================================================

Numba Configuration:
  Version: 0.63.1
  Threading layer: default
  Configured threads: 11
  Active threads: 11
----------------------------------------------------------------------
Field precision: float32
Field states will be saved to: data/set6/T0_7345_dt_1e-05_a_0.001_interval_50000/field_states
Figures will be saved to: data/set6/T0_7345_dt_1e-05_a_0.001_interval_50000/figs/latticeSnapshot

============================================================
Starting time evolution...
Grid: 128×128, Steps: 100000000, dt: 1.00e-05
Using fused RK2: True
Using in-kernel RNG: True
Field precision: float32
Spline resolution N_Y: 256
============================================================

Warming up JIT compilation...
JIT warmup complete. Starting main loop...

Step 0/100000000 | t=0.00e+00 | T=7345.0 | 1618.2 steps/s | 0.00 ms/step | ETA: 0.0 min
Step 50000/100000000 | t=5.00e-04 | T=7345.0 | 1229.5 steps/s | 0.81 ms/step | ETA: 1354.9 min
Step 100000/100000000 | t=1.00e-03 | T=7345.0 | 1204.6 steps/s | 0.83 ms/step | ETA: 1382.2 min
Step 150000/100000000 | t=1.50e-03 | T=7345.0 | 1179.0 steps/s | 0.85 ms/step | ETA: 1411.5 min
Step 200000/100000000 | t=2.00e-03 | T=7345.0 | 1180.7 steps/s | 0.85 ms/step | ETA: 1408.7 min
Step 250000/100000000 | t=2.50e-03 | T=7345.0 | 1186.5 steps/s | 0.84 ms/step | ETA: 1401.2 min
Step 300000/100000000 | t=3.00e-03 | T=7345.0 | 1178.8 steps/s | 0.85 ms/step | ETA: 1409.6 min
Step 350000/100000000 | t=3.50e-03 | T=7345.0 | 1180.1 steps/s | 0.85 ms/step | ETA: 1407.3 min
Step 400000/100000000 | t=4.00e-03 | T=7345.0 | 1178.6 steps/s | 0.85 ms/step | ETA: 1408.5 min
Step 450000/100000000 | t=4.50e-03 | T=7345.0 | 1183.5 steps/s | 0.84 ms/step | ETA: 1401.9 min
Step 500000/100000000 | t=5.00e-03 | T=7345.0 | 1186.5 steps/s | 0.84 ms/step | ETA: 1397.7 min
Step 550000/100000000 | t=5.50e-03 | T=7345.0 | 1182.6 steps/s | 0.85 ms/step | ETA: 1401.6 min
Step 600000/100000000 | t=6.00e-03 | T=7345.0 | 1184.9 steps/s | 0.84 ms/step | ETA: 1398.1 min
Step 650000/100000000 | t=6.50e-03 | T=7345.0 | 1190.5 steps/s | 0.84 ms/step | ETA: 1390.9 min
Step 700000/100000000 | t=7.00e-03 | T=7345.0 | 1195.8 steps/s | 0.84 ms/step | ETA: 1384.0 min
Step 750000/100000000 | t=7.50e-03 | T=7345.0 | 1196.9 steps/s | 0.84 ms/step | ETA: 1382.0 min
Step 800000/100000000 | t=8.00e-03 | T=7345.0 | 1196.6 steps/s | 0.84 ms/step | ETA: 1381.7 min
Step 850000/100000000 | t=8.50e-03 | T=7345.0 | 1204.1 steps/s | 0.83 ms/step | ETA: 1372.4 min
Step 900000/100000000 | t=9.00e-03 | T=7345.0 | 1217.0 steps/s | 0.82 ms/step | ETA: 1357.1 min
Step 950000/100000000 | t=9.50e-03 | T=7345.0 | 1229.1 steps/s | 0.81 ms/step | ETA: 1343.1 min
Step 1000000/100000000 | t=1.00e-02 | T=7345.0 | 1238.4 steps/s | 0.81 ms/step | ETA: 1332.3 min
Step 1050000/100000000 | t=1.05e-02 | T=7345.0 | 1249.1 steps/s | 0.80 ms/step | ETA: 1320.2 min
Step 1100000/100000000 | t=1.10e-02 | T=7345.0 | 1258.3 steps/s | 0.79 ms/step | ETA: 1310.0 min
Step 1150000/100000000 | t=1.15e-02 | T=7345.0 | 1265.1 steps/s | 0.79 ms/step | ETA: 1302.2 min
Step 1200000/100000000 | t=1.20e-02 | T=7345.0 | 1272.9 steps/s | 0.79 ms/step | ETA: 1293.6 min
Step 1250000/100000000 | t=1.25e-02 | T=7345.0 | 1279.6 steps/s | 0.78 ms/step | ETA: 1286.2 min
Step 1300000/100000000 | t=1.30e-02 | T=7345.0 | 1281.0 steps/s | 0.78 ms/step | ETA: 1284.2 min
Step 1350000/100000000 | t=1.35e-02 | T=7345.0 | 1287.5 steps/s | 0.78 ms/step | ETA: 1277.0 min
Step 1400000/100000000 | t=1.40e-02 | T=7345.0 | 1293.1 steps/s | 0.77 ms/step | ETA: 1270.9 min
Step 1450000/100000000 | t=1.45e-02 | T=7345.0 | 1298.3 steps/s | 0.77 ms/step | ETA: 1265.1 min
Step 1500000/100000000 | t=1.50e-02 | T=7345.0 | 1302.7 steps/s | 0.77 ms/step | ETA: 1260.2 min
Step 1550000/100000000 | t=1.55e-02 | T=7345.0 | 1304.2 steps/s | 0.77 ms/step | ETA: 1258.1 min
Step 1600000/100000000 | t=1.60e-02 | T=7345.0 | 1303.4 steps/s | 0.77 ms/step | ETA: 1258.2 min
Step 1650000/100000000 | t=1.65e-02 | T=7345.0 | 1304.3 steps/s | 0.77 ms/step | ETA: 1256.7 min
Step 1700000/100000000 | t=1.70e-02 | T=7345.0 | 1302.3 steps/s | 0.77 ms/step | ETA: 1258.0 min
Step 1750000/100000000 | t=1.75e-02 | T=7345.0 | 1302.7 steps/s | 0.77 ms/step | ETA: 1257.0 min
Step 1800000/100000000 | t=1.80e-02 | T=7345.0 | 1304.5 steps/s | 0.77 ms/step | ETA: 1254.6 min
Step 1850000/100000000 | t=1.85e-02 | T=7345.0 | 1305.4 steps/s | 0.77 ms/step | ETA: 1253.1 min
Step 1900000/100000000 | t=1.90e-02 | T=7345.0 | 1306.5 steps/s | 0.77 ms/step | ETA: 1251.4 min
Step 1950000/100000000 | t=1.95e-02 | T=7345.0 | 1307.6 steps/s | 0.76 ms/step | ETA: 1249.8 min
Step 2000000/100000000 | t=2.00e-02 | T=7345.0 | 1308.3 steps/s | 0.76 ms/step | ETA: 1248.4 min
Step 2050000/100000000 | t=2.05e-02 | T=7345.0 | 1310.2 steps/s | 0.76 ms/step | ETA: 1246.0 min
Step 2100000/100000000 | t=2.10e-02 | T=7345.0 | 1312.4 steps/s | 0.76 ms/step | ETA: 1243.3 min
Step 2150000/100000000 | t=2.15e-02 | T=7345.0 | 1313.9 steps/s | 0.76 ms/step | ETA: 1241.2 min
Step 2200000/100000000 | t=2.20e-02 | T=7345.0 | 1315.7 steps/s | 0.76 ms/step | ETA: 1238.9 min
Step 2250000/100000000 | t=2.25e-02 | T=7345.0 | 1317.1 steps/s | 0.76 ms/step | ETA: 1237.0 min
Step 2300000/100000000 | t=2.30e-02 | T=7345.0 | 1318.4 steps/s | 0.76 ms/step | ETA: 1235.0 min
Step 2350000/100000000 | t=2.35e-02 | T=7345.0 | 1320.2 steps/s | 0.76 ms/step | ETA: 1232.8 min
Step 2400000/100000000 | t=2.40e-02 | T=7345.0 | 1321.5 steps/s | 0.76 ms/step | ETA: 1231.0 min
Step 2450000/100000000 | t=2.45e-02 | T=7345.0 | 1323.0 steps/s | 0.76 ms/step | ETA: 1228.9 min
Step 2500000/100000000 | t=2.50e-02 | T=7345.0 | 1324.3 steps/s | 0.76 ms/step | ETA: 1227.1 min
Step 2550000/100000000 | t=2.55e-02 | T=7345.0 | 1324.5 steps/s | 0.75 ms/step | ETA: 1226.2 min
Step 2600000/100000000 | t=2.60e-02 | T=7345.0 | 1325.2 steps/s | 0.75 ms/step | ETA: 1225.0 min
Step 2650000/100000000 | t=2.65e-02 | T=7345.0 | 1325.3 steps/s | 0.75 ms/step | ETA: 1224.3 min
Step 2700000/100000000 | t=2.70e-02 | T=7345.0 | 1325.6 steps/s | 0.75 ms/step | ETA: 1223.4 min
Step 2750000/100000000 | t=2.75e-02 | T=7345.0 | 1326.4 steps/s | 0.75 ms/step | ETA: 1222.0 min
Step 2800000/100000000 | t=2.80e-02 | T=7345.0 | 1327.7 steps/s | 0.75 ms/step | ETA: 1220.2 min
Step 2850000/100000000 | t=2.85e-02 | T=7345.0 | 1329.5 steps/s | 0.75 ms/step | ETA: 1217.9 min
Step 2900000/100000000 | t=2.90e-02 | T=7345.0 | 1330.9 steps/s | 0.75 ms/step | ETA: 1216.0 min
Step 2950000/100000000 | t=2.95e-02 | T=7345.0 | 1332.6 steps/s | 0.75 ms/step | ETA: 1213.8 min
Step 3000000/100000000 | t=3.00e-02 | T=7345.0 | 1334.1 steps/s | 0.75 ms/step | ETA: 1211.8 min
Step 3050000/100000000 | t=3.05e-02 | T=7345.0 | 1335.7 steps/s | 0.75 ms/step | ETA: 1209.7 min
Step 3100000/100000000 | t=3.10e-02 | T=7345.0 | 1337.0 steps/s | 0.75 ms/step | ETA: 1208.0 min
Step 3150000/100000000 | t=3.15e-02 | T=7345.0 | 1338.0 steps/s | 0.75 ms/step | ETA: 1206.4 min
Step 3200000/100000000 | t=3.20e-02 | T=7345.0 | 1338.9 steps/s | 0.75 ms/step | ETA: 1205.0 min
Step 3250000/100000000 | t=3.25e-02 | T=7345.0 | 1339.1 steps/s | 0.75 ms/step | ETA: 1204.2 min
Step 3300000/100000000 | t=3.30e-02 | T=7345.0 | 1339.7 steps/s | 0.75 ms/step | ETA: 1203.0 min
Step 3350000/100000000 | t=3.35e-02 | T=7345.0 | 1340.0 steps/s | 0.75 ms/step | ETA: 1202.1 min
Step 3400000/100000000 | t=3.40e-02 | T=7345.0 | 1340.3 steps/s | 0.75 ms/step | ETA: 1201.3 min
Step 3450000/100000000 | t=3.45e-02 | T=7345.0 | 1341.7 steps/s | 0.75 ms/step | ETA: 1199.4 min
Step 3500000/100000000 | t=3.50e-02 | T=7345.0 | 1343.2 steps/s | 0.74 ms/step | ETA: 1197.4 min
Step 3550000/100000000 | t=3.55e-02 | T=7345.0 | 1344.6 steps/s | 0.74 ms/step | ETA: 1195.5 min
Step 3600000/100000000 | t=3.60e-02 | T=7345.0 | 1346.0 steps/s | 0.74 ms/step | ETA: 1193.7 min
Step 3650000/100000000 | t=3.65e-02 | T=7345.0 | 1346.9 steps/s | 0.74 ms/step | ETA: 1192.2 min
Step 3700000/100000000 | t=3.70e-02 | T=7345.0 | 1347.8 steps/s | 0.74 ms/step | ETA: 1190.8 min
Step 3750000/100000000 | t=3.75e-02 | T=7345.0 | 1348.9 steps/s | 0.74 ms/step | ETA: 1189.3 min
Step 3800000/100000000 | t=3.80e-02 | T=7345.0 | 1349.8 steps/s | 0.74 ms/step | ETA: 1187.8 min
Step 3850000/100000000 | t=3.85e-02 | T=7345.0 | 1350.9 steps/s | 0.74 ms/step | ETA: 1186.2 min
Step 3900000/100000000 | t=3.90e-02 | T=7345.0 | 1351.5 steps/s | 0.74 ms/step | ETA: 1185.1 min
Step 3950000/100000000 | t=3.95e-02 | T=7345.0 | 1352.3 steps/s | 0.74 ms/step | ETA: 1183.8 min
Step 4000000/100000000 | t=4.00e-02 | T=7345.0 | 1353.2 steps/s | 0.74 ms/step | ETA: 1182.4 min
Step 4050000/100000000 | t=4.05e-02 | T=7345.0 | 1354.1 steps/s | 0.74 ms/step | ETA: 1181.0 min
Step 4100000/100000000 | t=4.10e-02 | T=7345.0 | 1355.4 steps/s | 0.74 ms/step | ETA: 1179.2 min
Step 4150000/100000000 | t=4.15e-02 | T=7345.0 | 1356.2 steps/s | 0.74 ms/step | ETA: 1177.9 min
Step 4200000/100000000 | t=4.20e-02 | T=7345.0 | 1354.2 steps/s | 0.74 ms/step | ETA: 1179.0 min
Step 4250000/100000000 | t=4.25e-02 | T=7345.0 | 1351.5 steps/s | 0.74 ms/step | ETA: 1180.8 min
Step 4300000/100000000 | t=4.30e-02 | T=7345.0 | 1349.3 steps/s | 0.74 ms/step | ETA: 1182.1 min
Step 4350000/100000000 | t=4.35e-02 | T=7345.0 | 1346.3 steps/s | 0.74 ms/step | ETA: 1184.1 min
Step 4400000/100000000 | t=4.40e-02 | T=7345.0 | 1344.4 steps/s | 0.74 ms/step | ETA: 1185.2 min
Step 4450000/100000000 | t=4.45e-02 | T=7345.0 | 1341.3 steps/s | 0.75 ms/step | ETA: 1187.3 min
Step 4500000/100000000 | t=4.50e-02 | T=7345.0 | 1341.8 steps/s | 0.75 ms/step | ETA: 1186.2 min
Step 4550000/100000000 | t=4.55e-02 | T=7345.0 | 1342.5 steps/s | 0.74 ms/step | ETA: 1184.9 min
Step 4600000/100000000 | t=4.60e-02 | T=7345.0 | 1342.9 steps/s | 0.74 ms/step | ETA: 1184.0 min
Step 4650000/100000000 | t=4.65e-02 | T=7345.0 | 1343.6 steps/s | 0.74 ms/step | ETA: 1182.7 min
Step 4700000/100000000 | t=4.70e-02 | T=7345.0 | 1344.3 steps/s | 0.74 ms/step | ETA: 1181.5 min
Step 4750000/100000000 | t=4.75e-02 | T=7345.0 | 1345.1 steps/s | 0.74 ms/step | ETA: 1180.2 min
Step 4800000/100000000 | t=4.80e-02 | T=7345.0 | 1345.7 steps/s | 0.74 ms/step | ETA: 1179.1 min
Step 4850000/100000000 | t=4.85e-02 | T=7345.0 | 1346.4 steps/s | 0.74 ms/step | ETA: 1177.9 min
Step 4900000/100000000 | t=4.90e-02 | T=7345.0 | 1346.9 steps/s | 0.74 ms/step | ETA: 1176.8 min
Step 4950000/100000000 | t=4.95e-02 | T=7345.0 | 1347.3 steps/s | 0.74 ms/step | ETA: 1175.8 min
Step 5000000/100000000 | t=5.00e-02 | T=7344.9 | 1348.3 steps/s | 0.74 ms/step | ETA: 1174.3 min
Step 5050000/100000000 | t=5.05e-02 | T=7344.9 | 1349.6 steps/s | 0.74 ms/step | ETA: 1172.6 min
Step 5100000/100000000 | t=5.10e-02 | T=7344.9 | 1350.3 steps/s | 0.74 ms/step | ETA: 1171.4 min
Step 5150000/100000000 | t=5.15e-02 | T=7344.9 | 1351.1 steps/s | 0.74 ms/step | ETA: 1170.0 min
Step 5200000/100000000 | t=5.20e-02 | T=7344.9 | 1351.9 steps/s | 0.74 ms/step | ETA: 1168.7 min
Step 5250000/100000000 | t=5.25e-02 | T=7344.9 | 1352.7 steps/s | 0.74 ms/step | ETA: 1167.4 min
Step 5300000/100000000 | t=5.30e-02 | T=7344.9 | 1353.4 steps/s | 0.74 ms/step | ETA: 1166.2 min
Step 5350000/100000000 | t=5.35e-02 | T=7344.9 | 1354.2 steps/s | 0.74 ms/step | ETA: 1164.9 min
Step 5400000/100000000 | t=5.40e-02 | T=7344.9 | 1354.9 steps/s | 0.74 ms/step | ETA: 1163.7 min
Step 5450000/100000000 | t=5.45e-02 | T=7344.9 | 1355.6 steps/s | 0.74 ms/step | ETA: 1162.5 min
Step 5500000/100000000 | t=5.50e-02 | T=7344.9 | 1356.2 steps/s | 0.74 ms/step | ETA: 1161.3 min
Step 5550000/100000000 | t=5.55e-02 | T=7344.9 | 1357.3 steps/s | 0.74 ms/step | ETA: 1159.8 min
Step 5600000/100000000 | t=5.60e-02 | T=7344.9 | 1358.0 steps/s | 0.74 ms/step | ETA: 1158.6 min
Step 5650000/100000000 | t=5.65e-02 | T=7344.9 | 1359.0 steps/s | 0.74 ms/step | ETA: 1157.1 min
Step 5700000/100000000 | t=5.70e-02 | T=7344.9 | 1360.1 steps/s | 0.74 ms/step | ETA: 1155.6 min
Step 5750000/100000000 | t=5.75e-02 | T=7344.9 | 1361.1 steps/s | 0.73 ms/step | ETA: 1154.1 min
Step 5800000/100000000 | t=5.80e-02 | T=7344.9 | 1362.3 steps/s | 0.73 ms/step | ETA: 1152.5 min
Step 5850000/100000000 | t=5.85e-02 | T=7344.9 | 1363.0 steps/s | 0.73 ms/step | ETA: 1151.3 min
Step 5900000/100000000 | t=5.90e-02 | T=7344.9 | 1363.6 steps/s | 0.73 ms/step | ETA: 1150.2 min
Step 5950000/100000000 | t=5.95e-02 | T=7344.9 | 1364.2 steps/s | 0.73 ms/step | ETA: 1149.1 min
Step 6000000/100000000 | t=6.00e-02 | T=7344.9 | 1364.8 steps/s | 0.73 ms/step | ETA: 1147.9 min
Step 6050000/100000000 | t=6.05e-02 | T=7344.9 | 1365.7 steps/s | 0.73 ms/step | ETA: 1146.5 min
Step 6100000/100000000 | t=6.10e-02 | T=7344.9 | 1366.0 steps/s | 0.73 ms/step | ETA: 1145.6 min
Step 6150000/100000000 | t=6.15e-02 | T=7344.9 | 1366.3 steps/s | 0.73 ms/step | ETA: 1144.8 min
Step 6200000/100000000 | t=6.20e-02 | T=7344.9 | 1366.8 steps/s | 0.73 ms/step | ETA: 1143.8 min
Step 6250000/100000000 | t=6.25e-02 | T=7344.9 | 1367.4 steps/s | 0.73 ms/step | ETA: 1142.7 min
Step 6300000/100000000 | t=6.30e-02 | T=7344.9 | 1367.9 steps/s | 0.73 ms/step | ETA: 1141.6 min
Step 6350000/100000000 | t=6.35e-02 | T=7344.9 | 1368.5 steps/s | 0.73 ms/step | ETA: 1140.5 min
Step 6400000/100000000 | t=6.40e-02 | T=7344.9 | 1369.0 steps/s | 0.73 ms/step | ETA: 1139.5 min
Step 6450000/100000000 | t=6.45e-02 | T=7344.9 | 1369.7 steps/s | 0.73 ms/step | ETA: 1138.4 min
Step 6500000/100000000 | t=6.50e-02 | T=7344.9 | 1370.0 steps/s | 0.73 ms/step | ETA: 1137.5 min
Step 6550000/100000000 | t=6.55e-02 | T=7344.9 | 1370.3 steps/s | 0.73 ms/step | ETA: 1136.6 min
Step 6600000/100000000 | t=6.60e-02 | T=7344.9 | 1370.6 steps/s | 0.73 ms/step | ETA: 1135.8 min
Step 6650000/100000000 | t=6.65e-02 | T=7344.9 | 1371.5 steps/s | 0.73 ms/step | ETA: 1134.4 min
Step 6700000/100000000 | t=6.70e-02 | T=7344.9 | 1372.3 steps/s | 0.73 ms/step | ETA: 1133.1 min
Step 6750000/100000000 | t=6.75e-02 | T=7344.9 | 1373.2 steps/s | 0.73 ms/step | ETA: 1131.8 min
Step 6800000/100000000 | t=6.80e-02 | T=7344.9 | 1374.1 steps/s | 0.73 ms/step | ETA: 1130.4 min
Step 6850000/100000000 | t=6.85e-02 | T=7344.9 | 1374.6 steps/s | 0.73 ms/step | ETA: 1129.5 min
Step 6900000/100000000 | t=6.90e-02 | T=7344.9 | 1375.0 steps/s | 0.73 ms/step | ETA: 1128.5 min
Step 6950000/100000000 | t=6.95e-02 | T=7344.9 | 1375.4 steps/s | 0.73 ms/step | ETA: 1127.5 min
Step 7000000/100000000 | t=7.00e-02 | T=7344.9 | 1376.0 steps/s | 0.73 ms/step | ETA: 1126.5 min
Step 7050000/100000000 | t=7.05e-02 | T=7344.9 | 1376.5 steps/s | 0.73 ms/step | ETA: 1125.5 min
Step 7100000/100000000 | t=7.10e-02 | T=7344.9 | 1376.6 steps/s | 0.73 ms/step | ETA: 1124.7 min
Step 7150000/100000000 | t=7.15e-02 | T=7344.9 | 1376.9 steps/s | 0.73 ms/step | ETA: 1123.9 min
Step 7200000/100000000 | t=7.20e-02 | T=7344.9 | 1377.1 steps/s | 0.73 ms/step | ETA: 1123.1 min
Step 7250000/100000000 | t=7.25e-02 | T=7344.9 | 1377.1 steps/s | 0.73 ms/step | ETA: 1122.5 min
Step 7300000/100000000 | t=7.30e-02 | T=7344.9 | 1377.2 steps/s | 0.73 ms/step | ETA: 1121.9 min
Step 7350000/100000000 | t=7.35e-02 | T=7344.9 | 1377.3 steps/s | 0.73 ms/step | ETA: 1121.2 min
Step 7400000/100000000 | t=7.40e-02 | T=7344.9 | 1377.4 steps/s | 0.73 ms/step | ETA: 1120.4 min
Step 7450000/100000000 | t=7.45e-02 | T=7344.9 | 1377.5 steps/s | 0.73 ms/step | ETA: 1119.8 min
Step 7500000/100000000 | t=7.50e-02 | T=7344.9 | 1377.7 steps/s | 0.73 ms/step | ETA: 1119.0 min
Step 7550000/100000000 | t=7.55e-02 | T=7344.9 | 1377.8 steps/s | 0.73 ms/step | ETA: 1118.3 min
Step 7600000/100000000 | t=7.60e-02 | T=7344.9 | 1377.9 steps/s | 0.73 ms/step | ETA: 1117.6 min
Step 7650000/100000000 | t=7.65e-02 | T=7344.9 | 1378.0 steps/s | 0.73 ms/step | ETA: 1117.0 min
Step 7700000/100000000 | t=7.70e-02 | T=7344.9 | 1378.3 steps/s | 0.73 ms/step | ETA: 1116.1 min
Step 7750000/100000000 | t=7.75e-02 | T=7344.9 | 1378.7 steps/s | 0.73 ms/step | ETA: 1115.2 min
Step 7800000/100000000 | t=7.80e-02 | T=7344.9 | 1379.4 steps/s | 0.72 ms/step | ETA: 1114.0 min
Step 7850000/100000000 | t=7.85e-02 | T=7344.9 | 1380.3 steps/s | 0.72 ms/step | ETA: 1112.7 min
Step 7900000/100000000 | t=7.90e-02 | T=7344.9 | 1381.2 steps/s | 0.72 ms/step | ETA: 1111.4 min
Step 7950000/100000000 | t=7.95e-02 | T=7344.9 | 1382.0 steps/s | 0.72 ms/step | ETA: 1110.1 min
Step 8000000/100000000 | t=8.00e-02 | T=7344.9 | 1382.8 steps/s | 0.72 ms/step | ETA: 1108.9 min
Step 8050000/100000000 | t=8.05e-02 | T=7344.9 | 1383.7 steps/s | 0.72 ms/step | ETA: 1107.5 min
Step 8100000/100000000 | t=8.10e-02 | T=7344.9 | 1384.5 steps/s | 0.72 ms/step | ETA: 1106.3 min
Step 8150000/100000000 | t=8.15e-02 | T=7344.9 | 1385.4 steps/s | 0.72 ms/step | ETA: 1105.0 min
Step 8200000/100000000 | t=8.20e-02 | T=7344.9 | 1386.4 steps/s | 0.72 ms/step | ETA: 1103.6 min
Step 8250000/100000000 | t=8.25e-02 | T=7344.9 | 1386.9 steps/s | 0.72 ms/step | ETA: 1102.6 min
Step 8300000/100000000 | t=8.30e-02 | T=7344.9 | 1387.6 steps/s | 0.72 ms/step | ETA: 1101.4 min
Step 8350000/100000000 | t=8.35e-02 | T=7344.9 | 1388.3 steps/s | 0.72 ms/step | ETA: 1100.3 min
Step 8400000/100000000 | t=8.40e-02 | T=7344.9 | 1389.0 steps/s | 0.72 ms/step | ETA: 1099.1 min
Step 8450000/100000000 | t=8.45e-02 | T=7344.9 | 1389.4 steps/s | 0.72 ms/step | ETA: 1098.2 min
Step 8500000/100000000 | t=8.50e-02 | T=7344.9 | 1390.1 steps/s | 0.72 ms/step | ETA: 1097.0 min
Step 8550000/100000000 | t=8.55e-02 | T=7344.9 | 1390.9 steps/s | 0.72 ms/step | ETA: 1095.8 min
Step 8600000/100000000 | t=8.60e-02 | T=7344.9 | 1391.6 steps/s | 0.72 ms/step | ETA: 1094.7 min
Step 8650000/100000000 | t=8.65e-02 | T=7344.9 | 1392.0 steps/s | 0.72 ms/step | ETA: 1093.7 min
Step 8700000/100000000 | t=8.70e-02 | T=7344.9 | 1392.7 steps/s | 0.72 ms/step | ETA: 1092.6 min
Step 8750000/100000000 | t=8.75e-02 | T=7344.9 | 1393.4 steps/s | 0.72 ms/step | ETA: 1091.5 min
Step 8800000/100000000 | t=8.80e-02 | T=7344.9 | 1393.8 steps/s | 0.72 ms/step | ETA: 1090.5 min
Step 8850000/100000000 | t=8.85e-02 | T=7344.9 | 1394.5 steps/s | 0.72 ms/step | ETA: 1089.4 min
Step 8900000/100000000 | t=8.90e-02 | T=7344.9 | 1395.0 steps/s | 0.72 ms/step | ETA: 1088.4 min
Step 8950000/100000000 | t=8.95e-02 | T=7344.9 | 1395.5 steps/s | 0.72 ms/step | ETA: 1087.4 min
Step 9000000/100000000 | t=9.00e-02 | T=7344.9 | 1396.1 steps/s | 0.72 ms/step | ETA: 1086.4 min
Step 9050000/100000000 | t=9.05e-02 | T=7344.9 | 1396.7 steps/s | 0.72 ms/step | ETA: 1085.3 min
Step 9100000/100000000 | t=9.10e-02 | T=7344.9 | 1397.3 steps/s | 0.72 ms/step | ETA: 1084.3 min
Step 9150000/100000000 | t=9.15e-02 | T=7344.9 | 1397.7 steps/s | 0.72 ms/step | ETA: 1083.3 min
Step 9200000/100000000 | t=9.20e-02 | T=7344.9 | 1398.3 steps/s | 0.72 ms/step | ETA: 1082.3 min
Step 9250000/100000000 | t=9.25e-02 | T=7344.9 | 1398.9 steps/s | 0.71 ms/step | ETA: 1081.2 min
Step 9300000/100000000 | t=9.30e-02 | T=7344.9 | 1399.5 steps/s | 0.71 ms/step | ETA: 1080.1 min
Step 9350000/100000000 | t=9.35e-02 | T=7344.9 | 1399.9 steps/s | 0.71 ms/step | ETA: 1079.2 min
Step 9400000/100000000 | t=9.40e-02 | T=7344.9 | 1400.3 steps/s | 0.71 ms/step | ETA: 1078.3 min
Step 9450000/100000000 | t=9.45e-02 | T=7344.9 | 1400.9 steps/s | 0.71 ms/step | ETA: 1077.3 min
Step 9500000/100000000 | t=9.50e-02 | T=7344.9 | 1401.5 steps/s | 0.71 ms/step | ETA: 1076.2 min
Step 9550000/100000000 | t=9.55e-02 | T=7344.9 | 1402.1 steps/s | 0.71 ms/step | ETA: 1075.2 min
Step 9600000/100000000 | t=9.60e-02 | T=7344.9 | 1402.9 steps/s | 0.71 ms/step | ETA: 1074.0 min
Step 9650000/100000000 | t=9.65e-02 | T=7344.9 | 1403.5 steps/s | 0.71 ms/step | ETA: 1072.9 min
Step 9700000/100000000 | t=9.70e-02 | T=7344.9 | 1404.1 steps/s | 0.71 ms/step | ETA: 1071.9 min
Step 9750000/100000000 | t=9.75e-02 | T=7344.9 | 1404.8 steps/s | 0.71 ms/step | ETA: 1070.8 min
Step 9800000/100000000 | t=9.80e-02 | T=7344.9 | 1405.6 steps/s | 0.71 ms/step | ETA: 1069.6 min
Step 9850000/100000000 | t=9.85e-02 | T=7344.9 | 1406.1 steps/s | 0.71 ms/step | ETA: 1068.5 min
Step 9900000/100000000 | t=9.90e-02 | T=7344.9 | 1406.8 steps/s | 0.71 ms/step | ETA: 1067.4 min
Step 9950000/100000000 | t=9.95e-02 | T=7344.9 | 1407.5 steps/s | 0.71 ms/step | ETA: 1066.3 min
Step 10000000/100000000 | t=1.00e-01 | T=7344.9 | 1407.7 steps/s | 0.71 ms/step | ETA: 1065.6 min
Step 10050000/100000000 | t=1.01e-01 | T=7344.9 | 1408.3 steps/s | 0.71 ms/step | ETA: 1064.5 min
Step 10100000/100000000 | t=1.01e-01 | T=7344.9 | 1408.7 steps/s | 0.71 ms/step | ETA: 1063.6 min
Step 10150000/100000000 | t=1.02e-01 | T=7344.9 | 1409.2 steps/s | 0.71 ms/step | ETA: 1062.7 min
Step 10200000/100000000 | t=1.02e-01 | T=7344.9 | 1409.6 steps/s | 0.71 ms/step | ETA: 1061.8 min
Step 10250000/100000000 | t=1.03e-01 | T=7344.9 | 1410.1 steps/s | 0.71 ms/step | ETA: 1060.8 min
Step 10300000/100000000 | t=1.03e-01 | T=7344.9 | 1410.6 steps/s | 0.71 ms/step | ETA: 1059.8 min
Step 10350000/100000000 | t=1.04e-01 | T=7344.9 | 1411.2 steps/s | 0.71 ms/step | ETA: 1058.8 min
Step 10400000/100000000 | t=1.04e-01 | T=7344.9 | 1411.9 steps/s | 0.71 ms/step | ETA: 1057.7 min
Step 10450000/100000000 | t=1.05e-01 | T=7344.9 | 1412.5 steps/s | 0.71 ms/step | ETA: 1056.6 min
Step 10500000/100000000 | t=1.05e-01 | T=7344.9 | 1413.1 steps/s | 0.71 ms/step | ETA: 1055.6 min
Step 10550000/100000000 | t=1.06e-01 | T=7344.9 | 1413.6 steps/s | 0.71 ms/step | ETA: 1054.6 min
Step 10600000/100000000 | t=1.06e-01 | T=7344.9 | 1414.2 steps/s | 0.71 ms/step | ETA: 1053.6 min
Step 10650000/100000000 | t=1.07e-01 | T=7344.9 | 1414.8 steps/s | 0.71 ms/step | ETA: 1052.6 min
Step 10700000/100000000 | t=1.07e-01 | T=7344.9 | 1415.4 steps/s | 0.71 ms/step | ETA: 1051.5 min
Step 10750000/100000000 | t=1.08e-01 | T=7344.9 | 1416.1 steps/s | 0.71 ms/step | ETA: 1050.4 min
Step 10800000/100000000 | t=1.08e-01 | T=7344.9 | 1416.7 steps/s | 0.71 ms/step | ETA: 1049.4 min
Step 10850000/100000000 | t=1.09e-01 | T=7344.9 | 1417.4 steps/s | 0.71 ms/step | ETA: 1048.3 min
Step 10900000/100000000 | t=1.09e-01 | T=7344.9 | 1418.2 steps/s | 0.71 ms/step | ETA: 1047.1 min
Step 10950000/100000000 | t=1.10e-01 | T=7344.9 | 1418.9 steps/s | 0.70 ms/step | ETA: 1046.0 min
Step 11000000/100000000 | t=1.10e-01 | T=7344.9 | 1419.7 steps/s | 0.70 ms/step | ETA: 1044.9 min
Step 11050000/100000000 | t=1.11e-01 | T=7344.9 | 1420.3 steps/s | 0.70 ms/step | ETA: 1043.8 min
Step 11100000/100000000 | t=1.11e-01 | T=7344.9 | 1420.9 steps/s | 0.70 ms/step | ETA: 1042.8 min
Step 11150000/100000000 | t=1.12e-01 | T=7344.9 | 1421.3 steps/s | 0.70 ms/step | ETA: 1041.9 min
Step 11200000/100000000 | t=1.12e-01 | T=7344.9 | 1422.0 steps/s | 0.70 ms/step | ETA: 1040.8 min
Step 11250000/100000000 | t=1.13e-01 | T=7344.9 | 1422.5 steps/s | 0.70 ms/step | ETA: 1039.9 min
Step 11300000/100000000 | t=1.13e-01 | T=7344.9 | 1423.0 steps/s | 0.70 ms/step | ETA: 1038.9 min
Step 11350000/100000000 | t=1.14e-01 | T=7344.9 | 1423.7 steps/s | 0.70 ms/step | ETA: 1037.8 min
Step 11400000/100000000 | t=1.14e-01 | T=7344.9 | 1424.1 steps/s | 0.70 ms/step | ETA: 1036.9 min
Step 11450000/100000000 | t=1.15e-01 | T=7344.9 | 1424.6 steps/s | 0.70 ms/step | ETA: 1036.0 min
Step 11500000/100000000 | t=1.15e-01 | T=7344.9 | 1425.0 steps/s | 0.70 ms/step | ETA: 1035.1 min
Step 11550000/100000000 | t=1.16e-01 | T=7344.9 | 1425.4 steps/s | 0.70 ms/step | ETA: 1034.2 min
Step 11600000/100000000 | t=1.16e-01 | T=7344.9 | 1425.8 steps/s | 0.70 ms/step | ETA: 1033.3 min
Step 11650000/100000000 | t=1.17e-01 | T=7344.9 | 1426.2 steps/s | 0.70 ms/step | ETA: 1032.5 min
Step 11700000/100000000 | t=1.17e-01 | T=7344.9 | 1425.9 steps/s | 0.70 ms/step | ETA: 1032.1 min
Step 11750000/100000000 | t=1.18e-01 | T=7344.9 | 1425.7 steps/s | 0.70 ms/step | ETA: 1031.7 min
Step 11800000/100000000 | t=1.18e-01 | T=7344.9 | 1425.7 steps/s | 0.70 ms/step | ETA: 1031.1 min
Step 11850000/100000000 | t=1.19e-01 | T=7344.9 | 1425.8 steps/s | 0.70 ms/step | ETA: 1030.4 min
Step 11900000/100000000 | t=1.19e-01 | T=7344.9 | 1425.6 steps/s | 0.70 ms/step | ETA: 1030.0 min
Step 11950000/100000000 | t=1.20e-01 | T=7344.9 | 1425.4 steps/s | 0.70 ms/step | ETA: 1029.5 min
Step 12000000/100000000 | t=1.20e-01 | T=7344.9 | 1425.6 steps/s | 0.70 ms/step | ETA: 1028.8 min
Step 12050000/100000000 | t=1.21e-01 | T=7344.9 | 1426.0 steps/s | 0.70 ms/step | ETA: 1027.9 min
Step 12100000/100000000 | t=1.21e-01 | T=7344.9 | 1426.5 steps/s | 0.70 ms/step | ETA: 1027.0 min
Step 12150000/100000000 | t=1.22e-01 | T=7344.9 | 1426.7 steps/s | 0.70 ms/step | ETA: 1026.2 min
Step 12200000/100000000 | t=1.22e-01 | T=7344.9 | 1426.9 steps/s | 0.70 ms/step | ETA: 1025.6 min
Step 12250000/100000000 | t=1.23e-01 | T=7344.9 | 1427.2 steps/s | 0.70 ms/step | ETA: 1024.7 min
Step 12300000/100000000 | t=1.23e-01 | T=7344.9 | 1427.6 steps/s | 0.70 ms/step | ETA: 1023.8 min
Step 12350000/100000000 | t=1.24e-01 | T=7344.9 | 1427.9 steps/s | 0.70 ms/step | ETA: 1023.1 min
Step 12400000/100000000 | t=1.24e-01 | T=7344.9 | 1428.2 steps/s | 0.70 ms/step | ETA: 1022.3 min
Step 12450000/100000000 | t=1.25e-01 | T=7344.9 | 1428.3 steps/s | 0.70 ms/step | ETA: 1021.6 min
Step 12500000/100000000 | t=1.25e-01 | T=7344.9 | 1428.4 steps/s | 0.70 ms/step | ETA: 1020.9 min
Step 12550000/100000000 | t=1.26e-01 | T=7344.9 | 1428.4 steps/s | 0.70 ms/step | ETA: 1020.4 min
Step 12600000/100000000 | t=1.26e-01 | T=7344.9 | 1428.4 steps/s | 0.70 ms/step | ETA: 1019.8 min
Step 12650000/100000000 | t=1.27e-01 | T=7344.9 | 1428.7 steps/s | 0.70 ms/step | ETA: 1019.0 min
Step 12700000/100000000 | t=1.27e-01 | T=7344.9 | 1428.3 steps/s | 0.70 ms/step | ETA: 1018.7 min
Step 12750000/100000000 | t=1.28e-01 | T=7344.9 | 1428.6 steps/s | 0.70 ms/step | ETA: 1017.9 min
Step 12800000/100000000 | t=1.28e-01 | T=7344.9 | 1428.6 steps/s | 0.70 ms/step | ETA: 1017.3 min
Step 12850000/100000000 | t=1.29e-01 | T=7344.9 | 1428.8 steps/s | 0.70 ms/step | ETA: 1016.6 min
Step 12900000/100000000 | t=1.29e-01 | T=7344.9 | 1429.0 steps/s | 0.70 ms/step | ETA: 1015.8 min
Step 12950000/100000000 | t=1.30e-01 | T=7344.9 | 1429.3 steps/s | 0.70 ms/step | ETA: 1015.1 min
Step 13000000/100000000 | t=1.30e-01 | T=7344.9 | 1429.4 steps/s | 0.70 ms/step | ETA: 1014.4 min
Step 13050000/100000000 | t=1.31e-01 | T=7344.9 | 1429.7 steps/s | 0.70 ms/step | ETA: 1013.6 min
Step 13100000/100000000 | t=1.31e-01 | T=7344.9 | 1430.0 steps/s | 0.70 ms/step | ETA: 1012.8 min
Step 13150000/100000000 | t=1.32e-01 | T=7344.9 | 1430.2 steps/s | 0.70 ms/step | ETA: 1012.1 min
Step 13200000/100000000 | t=1.32e-01 | T=7344.9 | 1430.2 steps/s | 0.70 ms/step | ETA: 1011.5 min
Step 13250000/100000000 | t=1.33e-01 | T=7344.9 | 1430.1 steps/s | 0.70 ms/step | ETA: 1011.0 min
Step 13300000/100000000 | t=1.33e-01 | T=7344.9 | 1430.1 steps/s | 0.70 ms/step | ETA: 1010.4 min
Step 13350000/100000000 | t=1.34e-01 | T=7344.9 | 1430.1 steps/s | 0.70 ms/step | ETA: 1009.8 min
Step 13400000/100000000 | t=1.34e-01 | T=7344.9 | 1430.2 steps/s | 0.70 ms/step | ETA: 1009.2 min
Step 13450000/100000000 | t=1.35e-01 | T=7344.9 | 1430.4 steps/s | 0.70 ms/step | ETA: 1008.5 min
Step 13500000/100000000 | t=1.35e-01 | T=7344.9 | 1430.4 steps/s | 0.70 ms/step | ETA: 1007.9 min
Step 13550000/100000000 | t=1.36e-01 | T=7344.9 | 1430.5 steps/s | 0.70 ms/step | ETA: 1007.2 min
Step 13600000/100000000 | t=1.36e-01 | T=7344.9 | 1430.8 steps/s | 0.70 ms/step | ETA: 1006.4 min
Step 13650000/100000000 | t=1.37e-01 | T=7344.9 | 1431.1 steps/s | 0.70 ms/step | ETA: 1005.7 min
Step 13700000/100000000 | t=1.37e-01 | T=7344.9 | 1431.0 steps/s | 0.70 ms/step | ETA: 1005.1 min
Step 13750000/100000000 | t=1.38e-01 | T=7344.9 | 1430.5 steps/s | 0.70 ms/step | ETA: 1004.9 min
Step 13800000/100000000 | t=1.38e-01 | T=7344.9 | 1430.4 steps/s | 0.70 ms/step | ETA: 1004.4 min
Step 13850000/100000000 | t=1.39e-01 | T=7344.9 | 1430.3 steps/s | 0.70 ms/step | ETA: 1003.9 min
Step 13900000/100000000 | t=1.39e-01 | T=7344.9 | 1430.4 steps/s | 0.70 ms/step | ETA: 1003.2 min
Step 13950000/100000000 | t=1.40e-01 | T=7344.9 | 1430.7 steps/s | 0.70 ms/step | ETA: 1002.4 min
Step 14000000/100000000 | t=1.40e-01 | T=7344.9 | 1430.7 steps/s | 0.70 ms/step | ETA: 1001.8 min
Step 14050000/100000000 | t=1.41e-01 | T=7344.9 | 1431.2 steps/s | 0.70 ms/step | ETA: 1000.9 min
Step 14100000/100000000 | t=1.41e-01 | T=7344.9 | 1430.7 steps/s | 0.70 ms/step | ETA: 1000.7 min
Step 14150000/100000000 | t=1.41e-01 | T=7344.9 | 1430.5 steps/s | 0.70 ms/step | ETA: 1000.2 min
Step 14200000/100000000 | t=1.42e-01 | T=7344.9 | 1430.4 steps/s | 0.70 ms/step | ETA: 999.7 min
Step 14250000/100000000 | t=1.42e-01 | T=7344.9 | 1429.4 steps/s | 0.70 ms/step | ETA: 999.8 min
Step 14300000/100000000 | t=1.43e-01 | T=7344.9 | 1429.2 steps/s | 0.70 ms/step | ETA: 999.4 min
Step 14350000/100000000 | t=1.43e-01 | T=7344.9 | 1428.6 steps/s | 0.70 ms/step | ETA: 999.2 min
Step 14400000/100000000 | t=1.44e-01 | T=7344.9 | 1427.2 steps/s | 0.70 ms/step | ETA: 999.6 min
Step 14450000/100000000 | t=1.44e-01 | T=7344.9 | 1426.2 steps/s | 0.70 ms/step | ETA: 999.7 min
Step 14500000/100000000 | t=1.45e-01 | T=7344.9 | 1425.9 steps/s | 0.70 ms/step | ETA: 999.4 min
Step 14550000/100000000 | t=1.45e-01 | T=7344.9 | 1425.8 steps/s | 0.70 ms/step | ETA: 998.8 min
Step 14600000/100000000 | t=1.46e-01 | T=7344.9 | 1425.8 steps/s | 0.70 ms/step | ETA: 998.3 min
