======================================================================
LATTICE SIMULATION LOG
Started: 2026-01-19 13:45:08
Log file: logs/simulation_20260119_134508.log
======================================================================

Numba Configuration:
  Version: 0.63.1
  Threading layer: default
  Configured threads: 11
  Active threads: 11
----------------------------------------------------------------------
Field precision: float32
Field states will be saved to: data/set6/T0_7350_dt_1e-05_a_0.001_interval_50000/field_states
Figures will be saved to: data/set6/T0_7350_dt_1e-05_a_0.001_interval_50000/figs/latticeSnapshot

============================================================
Starting time evolution...
Grid: 512×512, Steps: 100000000, dt: 1.00e-05
Using fused RK2: True
Using in-kernel RNG: True
Field precision: float32
Spline resolution N_Y: 256
============================================================

Warming up JIT compilation...
JIT warmup complete. Starting main loop...

Step 0/100000000 | t=0.00e+00 | T=7350.0 | 127.2 steps/s | 0.00 ms/step | ETA: 0.0 min
Step 50000/100000000 | t=5.00e-04 | T=7350.0 | 117.2 steps/s | 8.54 ms/step | ETA: 14219.5 min
