======================================================================
LATTICE SIMULATION LOG
Started: 2026-02-23 13:09:26
Log file: logs/simulation_20260223_130926.log
======================================================================

Numba Configuration:
  Version: 0.63.1
  Threading layer: default
  Configured threads: 11
  Active threads: 11
----------------------------------------------------------------------

Time step: dt_phys = 3.00e-03, dt (rescaled) = 3.0000e+00
  CFL limit: dt_CFL = 5.7735 (rescaled)
  dt/dt_CFL = 5.1962e-01 (SAFE)

Hubble expansion: ENABLED (comoving lattice)
  g_* = 106.75, M_Pl = 2.40e+18 GeV, ΔV = 1.00e+28 GeV^4
  H² = (T⁴/χ_g² + ΔV) / (3 M_Pl²)
  H(T0=7350.0) = 2.4056e-05 GeV
  3H = 7.2169e-05 GeV
  η_phys = 0.3 GeV  →  3H/η = 2.41e-04
  T(t) = T0 / a(t)  (entropy conservation)
  Initial a = 1.0
Field precision: float32
Tree-level VEV: ±1.0000e+11

Finding thermal VEV at T = 7350.0...
  V'(0) = 2.1550e-07
  V'(VEV) = 7.1457e-31
  Thermal VEV found: 1.0000e+11
  Ratio thermal/tree: 1.0000

Finding escape point...
  V'(1e-10) = 2.1550e-07
  V'(1e0)   = 2.1550e+03
  V'(1e5)   = -9.9983e+10
  V'(1e8)   = -1.0000e+14
  V'(1e10)  = -9.9000e+15
  Barrier found between 7.7025e+02 and 8.1034e+02
  Barrier top at: 8.0472e+02
  Escape point: 8.8519e+02
  V'(escape) = -4.0450e+05 (should be < 0)

Using TREE-LEVEL VEV for seeding: 1.0000e+11
The bubble is seeded at the true vacuum (no rolling needed).
Bubble seeding: DISABLED (thermal nucleation only)
Field states will be saved to: data/set6/256x256x256_T0_7350_dx_0.01_dtphys_0.003_interval_1000_3D_hubble_eta_0.3/field_states
Figures will be saved to: data/set6/256x256x256_T0_7350_dx_0.01_dtphys_0.003_interval_1000_3D_hubble_eta_0.3/figs/latticeSnapshot

--resume specified but no checkpoints found. Starting from scratch.

============================================================
Starting time evolution...
Grid: 256×256×256, Steps: 10000000000, dt: 3.00e+00
Integrator: RK2 (4 passes/step)
  Single-pass fused: True
  Fused RK2: True
Using Vprime lookup table: True (size=16384)
Using in-kernel RNG: True
Field precision: float32
Spline resolution N_Y: 256
Bubble seeding: DISABLED
Thermal noise: ENABLED (FDT noise_scale(T0) = 3.6373e+00)
Overdamped mode: DISABLED (η = 0.3)
Hubble expansion: ENABLED
  H(T0) = 2.4056e-05 GeV, 3H/η = 2.41e-04
  g_* = 106.75, M_Pl = 2.40e+18 GeV
============================================================

Warming up JIT compilation...
JIT warmup complete.
Starting main loop...

Step 0/10000000000 | t=0.00e+00 | T=7350.0 | a=1.000000 | H=2.41e-05 | 4.4 steps/s | 227.96 ms/step | ETA: 37993868.2 min
Step 1000/10000000000 | t=3.00e+00 | T=7349.5 | a=1.000072 | H=2.41e-05 | 10.7 steps/s | 93.46 ms/step | ETA: 15576861.9 min
Step 2000/10000000000 | t=6.00e+00 | T=7348.9 | a=1.000144 | H=2.41e-05 | 11.0 steps/s | 90.58 ms/step | ETA: 15096215.9 min
Step 3000/10000000000 | t=9.00e+00 | T=7348.4 | a=1.000217 | H=2.41e-05 | 11.3 steps/s | 88.50 ms/step | ETA: 14750127.7 min
Step 4000/10000000000 | t=1.20e+01 | T=7347.9 | a=1.000289 | H=2.41e-05 | 11.4 steps/s | 87.75 ms/step | ETA: 14624591.3 min
Step 5000/10000000000 | t=1.50e+01 | T=7347.3 | a=1.000361 | H=2.41e-05 | 11.6 steps/s | 86.55 ms/step | ETA: 14424767.6 min
Step 6000/10000000000 | t=1.80e+01 | T=7346.8 | a=1.000433 | H=2.41e-05 | 11.4 steps/s | 87.63 ms/step | ETA: 14604377.2 min
Step 7000/10000000000 | t=2.10e+01 | T=7346.3 | a=1.000505 | H=2.41e-05 | 11.3 steps/s | 88.36 ms/step | ETA: 14726552.3 min
Step 8000/10000000000 | t=2.40e+01 | T=7345.8 | a=1.000578 | H=2.41e-05 | 11.3 steps/s | 88.43 ms/step | ETA: 14738636.6 min
Step 9000/10000000000 | t=2.70e+01 | T=7345.2 | a=1.000650 | H=2.41e-05 | 11.3 steps/s | 88.35 ms/step | ETA: 14724656.1 min
Step 10000/10000000000 | t=3.00e+01 | T=7344.7 | a=1.000722 | H=2.41e-05 | 11.4 steps/s | 87.71 ms/step | ETA: 14618930.3 min
Step 11000/10000000000 | t=3.30e+01 | T=7344.2 | a=1.000794 | H=2.41e-05 | 11.5 steps/s | 87.28 ms/step | ETA: 14546267.7 min
Step 12000/10000000000 | t=3.60e+01 | T=7343.6 | a=1.000866 | H=2.41e-05 | 11.5 steps/s | 86.66 ms/step | ETA: 14443469.4 min
Step 13000/10000000000 | t=3.90e+01 | T=7343.1 | a=1.000939 | H=2.41e-05 | 11.6 steps/s | 86.41 ms/step | ETA: 14401351.8 min
