======================================================================
LATTICE SIMULATION LOG
Started: 2026-01-30 14:02:50
Log file: logs/simulation_20260130_140250.log
======================================================================

Numba Configuration:
  Version: 0.63.1
  Threading layer: default
  Configured threads: 11
  Active threads: 11
----------------------------------------------------------------------
OVERDAMPED MODE: η = 50.0 (rescaled: 5.00e-02)
Field precision: float32
Tree-level VEV: ±1.0000e+11

Finding thermal VEV at T = 7375.0...
  V'(0) = 9.0987e-07
  V'(VEV) = 7.2188e-31
  Thermal VEV found: 1.0000e+11
  Ratio thermal/tree: 1.0000
Using thermal VEV for seeding: 1.0000e+11

============================================================
BUBBLE SEEDING ENABLED
============================================================
Number of bubbles: 1
Profile type: tanh
Wall width: 20.0 lattice units
VEV magnitude: 1.0000e+11
------------------------------------------------------------
  Seeded bubble: center=(128, 128), radius=40, sign=+, profile=tanh
------------------------------------------------------------
Field after seeding: min=7.5094e+04, max=9.8201e+10
============================================================

Field states will be saved to: data/set6/T0_7375_dt_1e-05_a_0.001_interval_100000_seeded_1bubbles/field_states
Figures will be saved to: data/set6/T0_7375_dt_1e-05_a_0.001_interval_100000_seeded_1bubbles/figs/latticeSnapshot

============================================================
Starting time evolution...
Grid: 256×256, Steps: 100000000, dt: 1.00e-05
Using fused RK2: True
Using in-kernel RNG: True
Field precision: float32
Spline resolution N_Y: 256
Bubble seeding: ENABLED (1 bubbles)
  Bubble 1: (128, 128), R=40, +VEV
Thermal noise: DISABLED (deterministic evolution)
Overdamped mode: ENABLED (η = 50.0, no ringing)
============================================================

Warming up JIT compilation...
JIT warmup complete.
Starting main loop...

Step 0/100000000 | t=0.00e+00 | T=7375.0 | 703.3 steps/s | 0.00 ms/step | ETA: 0.0 min
Step 100000/100000000 | t=1.00e-03 | T=7375.0 | 630.6 steps/s | 1.59 ms/step | ETA: 2640.4 min
Step 200000/100000000 | t=2.00e-03 | T=7375.0 | 635.6 steps/s | 1.57 ms/step | ETA: 2617.0 min
Step 300000/100000000 | t=3.00e-03 | T=7375.0 | 629.7 steps/s | 1.59 ms/step | ETA: 2638.9 min
Step 400000/100000000 | t=4.00e-03 | T=7375.0 | 608.8 steps/s | 1.64 ms/step | ETA: 2726.8 min
Step 500000/100000000 | t=5.00e-03 | T=7375.0 | 600.0 steps/s | 1.67 ms/step | ETA: 2764.0 min
Step 600000/100000000 | t=6.00e-03 | T=7375.0 | 596.5 steps/s | 1.68 ms/step | ETA: 2777.4 min
Step 700000/100000000 | t=7.00e-03 | T=7375.0 | 594.4 steps/s | 1.68 ms/step | ETA: 2784.5 min
