======================================================================
LATTICE SIMULATION LOG
Started: 2026-02-23 16:08:37
Log file: logs/simulation_20260223_160837.log
======================================================================

Numba Configuration:
  Version: 0.63.1
  Threading layer: default
  Configured threads: 11
  Active threads: 11
----------------------------------------------------------------------

Time step: dt_phys = 1.00e-04, dt (rescaled) = 1.0000e-01
  CFL limit: dt_CFL = 0.5774 (rescaled)
  dt/dt_CFL = 1.7321e-01 (SAFE)

Hubble expansion: ENABLED (comoving lattice)
  g_* = 106.75, M_Pl = 2.40e+18 GeV, ΔV = 1.00e+28 GeV^4
  H² = (T⁴/χ_g² + ΔV) / (3 M_Pl²)
  H(T0=7450.0) = 2.4056e-05 GeV
  3H = 7.2169e-05 GeV
  η_phys = 0.3 GeV  →  3H/η = 2.41e-04
  T(t) = T0 / a(t)  (entropy conservation)
  Initial a = 1.0
Field precision: float32
Tree-level VEV: ±1.0000e+11

Finding thermal VEV at T = 7450.0...
  V'(0) = 3.0071e-06
  V'(VEV) = 7.4413e-31
  Thermal VEV found: 1.0000e+11
  Ratio thermal/tree: 1.0000

Finding escape point...
  V'(1e-10) = 3.0071e-06
  V'(1e0)   = 3.0071e+04
  V'(1e5)   = -9.9980e+10
  V'(1e8)   = -1.0000e+14
  V'(1e10)  = -9.9000e+15
  Barrier found between 2.8810e+03 and 3.0310e+03
  Barrier top at: 2.9120e+03
  Escape point: 3.2032e+03
  V'(escape) = -2.1137e+07 (should be < 0)

Using TREE-LEVEL VEV for seeding: 1.0000e+11
The bubble is seeded at the true vacuum (no rolling needed).
Bubble seeding: DISABLED (thermal nucleation only)
Field states will be saved to: data/set6/256x256x256_T0_7450_dx_0.001_dtphys_0.0001_interval_1000_3D_hubble_eta_0.3_baoab/field_states
Figures will be saved to: data/set6/256x256x256_T0_7450_dx_0.001_dtphys_0.0001_interval_1000_3D_hubble_eta_0.3_baoab/figs/latticeSnapshot

--resume specified but no checkpoints found. Starting from scratch.

============================================================
Starting time evolution...
Grid: 256×256×256, Steps: 10000000000, dt: 1.00e-01
Integrator: baoab
Using Vprime lookup table: True (size=16384)
Using in-kernel RNG: True
Field precision: float32
Spline resolution N_Y: 256
Bubble seeding: DISABLED
Thermal noise: ENABLED (FDT noise_scale(T0) = 2.1142e+01)
Overdamped mode: DISABLED (η = 0.3)
Hubble expansion: ENABLED
  H(T0) = 2.4056e-05 GeV, 3H/η = 2.41e-04
  g_* = 106.75, M_Pl = 2.40e+18 GeV
============================================================

Warming up JIT compilation...
JIT warmup complete.
Starting main loop...

Dense snapshots: enabled (threshold=100000.0, interval=10)
Step 0/10000000000 | t=0.00e+00 | T=7450.0 | a=1.000000 | H=2.41e-05 | 3.8 steps/s | 265.97 ms/step | ETA: 44327696.2 min
Step 1000/10000000000 | t=1.00e-01 | T=7450.0 | a=1.000002 | H=2.41e-05 | 11.8 steps/s | 84.63 ms/step | ETA: 14104832.4 min
Step 2000/10000000000 | t=2.00e-01 | T=7450.0 | a=1.000005 | H=2.41e-05 | 11.8 steps/s | 84.53 ms/step | ETA: 14088114.0 min
Step 3000/10000000000 | t=3.00e-01 | T=7449.9 | a=1.000007 | H=2.41e-05 | 11.8 steps/s | 84.61 ms/step | ETA: 14101233.6 min
Step 4000/10000000000 | t=4.00e-01 | T=7449.9 | a=1.000010 | H=2.41e-05 | 11.7 steps/s | 85.42 ms/step | ETA: 14235844.0 min
Step 5000/10000000000 | t=5.00e-01 | T=7449.9 | a=1.000012 | H=2.41e-05 | 11.8 steps/s | 84.79 ms/step | ETA: 14132296.0 min
Step 6000/10000000000 | t=6.00e-01 | T=7449.9 | a=1.000014 | H=2.41e-05 | 11.8 steps/s | 84.75 ms/step | ETA: 14125697.4 min
Step 7000/10000000000 | t=7.00e-01 | T=7449.9 | a=1.000017 | H=2.41e-05 | 11.8 steps/s | 84.87 ms/step | ETA: 14144692.3 min
Step 8000/10000000000 | t=8.00e-01 | T=7449.9 | a=1.000019 | H=2.41e-05 | 11.8 steps/s | 84.85 ms/step | ETA: 14141798.8 min
Step 9000/10000000000 | t=9.00e-01 | T=7449.8 | a=1.000022 | H=2.41e-05 | 11.8 steps/s | 84.51 ms/step | ETA: 14085164.2 min
Step 10000/10000000000 | t=1.00e+00 | T=7449.8 | a=1.000024 | H=2.41e-05 | 11.8 steps/s | 84.61 ms/step | ETA: 14100858.5 min
Step 11000/10000000000 | t=1.10e+00 | T=7449.8 | a=1.000026 | H=2.41e-05 | 11.8 steps/s | 84.60 ms/step | ETA: 14100142.9 min
Step 12000/10000000000 | t=1.20e+00 | T=7449.8 | a=1.000029 | H=2.41e-05 | 11.9 steps/s | 84.20 ms/step | ETA: 14033528.4 min
Step 13000/10000000000 | t=1.30e+00 | T=7449.8 | a=1.000031 | H=2.41e-05 | 11.9 steps/s | 83.76 ms/step | ETA: 13960600.0 min
Step 14000/10000000000 | t=1.40e+00 | T=7449.7 | a=1.000034 | H=2.41e-05 | 12.0 steps/s | 83.42 ms/step | ETA: 13903340.4 min
Step 15000/10000000000 | t=1.50e+00 | T=7449.7 | a=1.000036 | H=2.41e-05 | 12.0 steps/s | 83.11 ms/step | ETA: 13851332.0 min
Step 16000/10000000000 | t=1.60e+00 | T=7449.7 | a=1.000038 | H=2.41e-05 | 12.0 steps/s | 83.35 ms/step | ETA: 13890975.8 min
Step 17000/10000000000 | t=1.70e+00 | T=7449.7 | a=1.000041 | H=2.41e-05 | 12.0 steps/s | 83.41 ms/step | ETA: 13900984.9 min
Step 18000/10000000000 | t=1.80e+00 | T=7449.7 | a=1.000043 | H=2.41e-05 | 11.9 steps/s | 83.78 ms/step | ETA: 13963317.6 min
Step 19000/10000000000 | t=1.90e+00 | T=7449.7 | a=1.000046 | H=2.41e-05 | 11.9 steps/s | 83.98 ms/step | ETA: 13997376.8 min
Step 20000/10000000000 | t=2.00e+00 | T=7449.6 | a=1.000048 | H=2.41e-05 | 11.9 steps/s | 83.98 ms/step | ETA: 13996944.5 min
Step 21000/10000000000 | t=2.10e+00 | T=7449.6 | a=1.000051 | H=2.41e-05 | 11.9 steps/s | 83.95 ms/step | ETA: 13991203.2 min
Step 22000/10000000000 | t=2.20e+00 | T=7449.6 | a=1.000053 | H=2.41e-05 | 11.9 steps/s | 83.72 ms/step | ETA: 13952494.9 min
Step 23000/10000000000 | t=2.30e+00 | T=7449.6 | a=1.000055 | H=2.41e-05 | 12.0 steps/s | 83.46 ms/step | ETA: 13909602.1 min
Step 24000/10000000000 | t=2.40e+00 | T=7449.6 | a=1.000058 | H=2.41e-05 | 12.0 steps/s | 83.24 ms/step | ETA: 13874090.2 min
Step 25000/10000000000 | t=2.50e+00 | T=7449.6 | a=1.000060 | H=2.41e-05 | 12.0 steps/s | 83.02 ms/step | ETA: 13836449.3 min
Step 26000/10000000000 | t=2.60e+00 | T=7449.5 | a=1.000063 | H=2.41e-05 | 12.1 steps/s | 82.82 ms/step | ETA: 13803227.2 min
Step 27000/10000000000 | t=2.70e+00 | T=7449.5 | a=1.000065 | H=2.41e-05 | 12.0 steps/s | 82.99 ms/step | ETA: 13831894.2 min
Step 28000/10000000000 | t=2.80e+00 | T=7449.5 | a=1.000067 | H=2.41e-05 | 12.0 steps/s | 83.00 ms/step | ETA: 13833344.7 min
Step 29000/10000000000 | t=2.90e+00 | T=7449.5 | a=1.000070 | H=2.41e-05 | 12.1 steps/s | 82.90 ms/step | ETA: 13817344.2 min
Step 30000/10000000000 | t=3.00e+00 | T=7449.5 | a=1.000072 | H=2.41e-05 | 12.1 steps/s | 82.87 ms/step | ETA: 13811107.4 min
Step 31000/10000000000 | t=3.10e+00 | T=7449.4 | a=1.000075 | H=2.41e-05 | 12.0 steps/s | 83.09 ms/step | ETA: 13847722.3 min
Step 32000/10000000000 | t=3.20e+00 | T=7449.4 | a=1.000077 | H=2.41e-05 | 12.0 steps/s | 83.09 ms/step | ETA: 13848076.1 min
Step 33000/10000000000 | t=3.30e+00 | T=7449.4 | a=1.000079 | H=2.41e-05 | 12.0 steps/s | 83.19 ms/step | ETA: 13865785.5 min
Step 34000/10000000000 | t=3.40e+00 | T=7449.4 | a=1.000082 | H=2.41e-05 | 12.0 steps/s | 83.30 ms/step | ETA: 13882646.2 min
Step 35000/10000000000 | t=3.50e+00 | T=7449.4 | a=1.000084 | H=2.41e-05 | 12.0 steps/s | 83.26 ms/step | ETA: 13875935.0 min
Step 36000/10000000000 | t=3.60e+00 | T=7449.4 | a=1.000087 | H=2.41e-05 | 12.0 steps/s | 83.38 ms/step | ETA: 13897428.8 min
Step 37000/10000000000 | t=3.70e+00 | T=7449.3 | a=1.000089 | H=2.41e-05 | 12.0 steps/s | 83.51 ms/step | ETA: 13917661.4 min
Step 38000/10000000000 | t=3.80e+00 | T=7449.3 | a=1.000091 | H=2.41e-05 | 12.0 steps/s | 83.60 ms/step | ETA: 13932586.4 min
Step 39000/10000000000 | t=3.90e+00 | T=7449.3 | a=1.000094 | H=2.41e-05 | 11.9 steps/s | 83.73 ms/step | ETA: 13954296.3 min
Step 40000/10000000000 | t=4.00e+00 | T=7449.3 | a=1.000096 | H=2.41e-05 | 11.9 steps/s | 83.70 ms/step | ETA: 13950433.4 min
Step 41000/10000000000 | t=4.10e+00 | T=7449.3 | a=1.000099 | H=2.41e-05 | 11.9 steps/s | 83.95 ms/step | ETA: 13992242.0 min
Step 42000/10000000000 | t=4.20e+00 | T=7449.2 | a=1.000101 | H=2.41e-05 | 11.9 steps/s | 84.06 ms/step | ETA: 14010481.8 min
Step 43000/10000000000 | t=4.30e+00 | T=7449.2 | a=1.000103 | H=2.41e-05 | 11.9 steps/s | 84.24 ms/step | ETA: 14040029.8 min
Step 44000/10000000000 | t=4.40e+00 | T=7449.2 | a=1.000106 | H=2.41e-05 | 11.8 steps/s | 84.39 ms/step | ETA: 14065611.2 min
Step 45000/10000000000 | t=4.50e+00 | T=7449.2 | a=1.000108 | H=2.41e-05 | 6.2 steps/s | 162.59 ms/step | ETA: 27098723.6 min
Step 46000/10000000000 | t=4.60e+00 | T=7449.2 | a=1.000111 | H=2.41e-05 | 6.0 steps/s | 165.87 ms/step | ETA: 27644371.0 min
Step 47000/10000000000 | t=4.70e+00 | T=7449.2 | a=1.000113 | H=2.41e-05 | 6.1 steps/s | 163.97 ms/step | ETA: 27327933.5 min
Step 48000/10000000000 | t=4.80e+00 | T=7449.1 | a=1.000115 | H=2.41e-05 | 6.2 steps/s | 162.14 ms/step | ETA: 27022749.5 min
Step 49000/10000000000 | t=4.90e+00 | T=7449.1 | a=1.000118 | H=2.41e-05 | 6.2 steps/s | 160.38 ms/step | ETA: 26729272.5 min
Step 50000/10000000000 | t=5.00e+00 | T=7449.1 | a=1.000120 | H=2.41e-05 | 6.3 steps/s | 158.69 ms/step | ETA: 26448213.9 min
Step 51000/10000000000 | t=5.10e+00 | T=7449.1 | a=1.000123 | H=2.41e-05 | 6.4 steps/s | 157.10 ms/step | ETA: 26183261.6 min
Step 52000/10000000000 | t=5.20e+00 | T=7449.1 | a=1.000125 | H=2.41e-05 | 6.4 steps/s | 155.54 ms/step | ETA: 25923299.5 min
Step 53000/10000000000 | t=5.30e+00 | T=7449.1 | a=1.000128 | H=2.41e-05 | 6.5 steps/s | 154.05 ms/step | ETA: 25674934.5 min
Step 54000/10000000000 | t=5.40e+00 | T=7449.0 | a=1.000130 | H=2.41e-05 | 6.6 steps/s | 152.60 ms/step | ETA: 25433645.5 min
Step 55000/10000000000 | t=5.50e+00 | T=7449.0 | a=1.000132 | H=2.41e-05 | 6.6 steps/s | 151.21 ms/step | ETA: 25201128.3 min
Step 56000/10000000000 | t=5.60e+00 | T=7449.0 | a=1.000135 | H=2.41e-05 | 6.7 steps/s | 149.91 ms/step | ETA: 24985620.7 min
Step 57000/10000000000 | t=5.70e+00 | T=7449.0 | a=1.000137 | H=2.41e-05 | 6.7 steps/s | 148.61 ms/step | ETA: 24768521.7 min
Step 58000/10000000000 | t=5.80e+00 | T=7449.0 | a=1.000140 | H=2.41e-05 | 6.8 steps/s | 147.37 ms/step | ETA: 24561105.9 min
Step 59000/10000000000 | t=5.90e+00 | T=7448.9 | a=1.000142 | H=2.41e-05 | 6.8 steps/s | 146.17 ms/step | ETA: 24362207.6 min
Step 60000/10000000000 | t=6.00e+00 | T=7448.9 | a=1.000144 | H=2.41e-05 | 6.9 steps/s | 145.03 ms/step | ETA: 24171571.8 min
Step 61000/10000000000 | t=6.10e+00 | T=7448.9 | a=1.000147 | H=2.41e-05 | 6.9 steps/s | 143.95 ms/step | ETA: 23991713.3 min
Step 62000/10000000000 | t=6.20e+00 | T=7448.9 | a=1.000149 | H=2.41e-05 | 7.0 steps/s | 142.90 ms/step | ETA: 23815850.7 min
Step 63000/10000000000 | t=6.30e+00 | T=7448.9 | a=1.000152 | H=2.41e-05 | 7.0 steps/s | 141.89 ms/step | ETA: 23647705.0 min
Step 64000/10000000000 | t=6.40e+00 | T=7448.9 | a=1.000154 | H=2.41e-05 | 7.1 steps/s | 140.88 ms/step | ETA: 23479073.3 min
Step 65000/10000000000 | t=6.50e+00 | T=7448.8 | a=1.000156 | H=2.41e-05 | 7.1 steps/s | 139.88 ms/step | ETA: 23313796.8 min
Step 66000/10000000000 | t=6.60e+00 | T=7448.8 | a=1.000159 | H=2.41e-05 | 7.2 steps/s | 138.92 ms/step | ETA: 23153329.7 min
Step 67000/10000000000 | t=6.70e+00 | T=7448.8 | a=1.000161 | H=2.41e-05 | 7.2 steps/s | 137.99 ms/step | ETA: 22998923.2 min
Step 68000/10000000000 | t=6.80e+00 | T=7448.8 | a=1.000164 | H=2.41e-05 | 7.3 steps/s | 137.10 ms/step | ETA: 22850124.3 min
Step 69000/10000000000 | t=6.90e+00 | T=7448.8 | a=1.000166 | H=2.41e-05 | 7.3 steps/s | 136.22 ms/step | ETA: 22703102.9 min
Step 70000/10000000000 | t=7.00e+00 | T=7448.7 | a=1.000168 | H=2.41e-05 | 7.4 steps/s | 135.36 ms/step | ETA: 22560586.0 min
Step 71000/10000000000 | t=7.10e+00 | T=7448.7 | a=1.000171 | H=2.41e-05 | 7.4 steps/s | 134.58 ms/step | ETA: 22430282.3 min
Step 72000/10000000000 | t=7.20e+00 | T=7448.7 | a=1.000173 | H=2.41e-05 | 7.5 steps/s | 133.77 ms/step | ETA: 22295604.7 min
Step 73000/10000000000 | t=7.30e+00 | T=7448.7 | a=1.000176 | H=2.41e-05 | 7.5 steps/s | 133.00 ms/step | ETA: 22165882.7 min
Step 74000/10000000000 | t=7.40e+00 | T=7448.7 | a=1.000178 | H=2.41e-05 | 7.6 steps/s | 132.25 ms/step | ETA: 22041362.2 min
Step 75000/10000000000 | t=7.50e+00 | T=7448.7 | a=1.000180 | H=2.41e-05 | 7.6 steps/s | 131.52 ms/step | ETA: 21919018.3 min
Step 76000/10000000000 | t=7.60e+00 | T=7448.6 | a=1.000183 | H=2.41e-05 | 7.6 steps/s | 130.80 ms/step | ETA: 21799546.5 min
Step 77000/10000000000 | t=7.70e+00 | T=7448.6 | a=1.000185 | H=2.41e-05 | 7.7 steps/s | 130.09 ms/step | ETA: 21681664.6 min
Step 78000/10000000000 | t=7.80e+00 | T=7448.6 | a=1.000188 | H=2.41e-05 | 7.7 steps/s | 129.41 ms/step | ETA: 21568006.0 min
Step 79000/10000000000 | t=7.90e+00 | T=7448.6 | a=1.000190 | H=2.41e-05 | 7.8 steps/s | 128.75 ms/step | ETA: 21458560.9 min
Step 80000/10000000000 | t=8.00e+00 | T=7448.6 | a=1.000192 | H=2.41e-05 | 7.8 steps/s | 128.11 ms/step | ETA: 21350690.7 min
Step 81000/10000000000 | t=8.10e+00 | T=7448.5 | a=1.000195 | H=2.41e-05 | 7.8 steps/s | 127.49 ms/step | ETA: 21248229.0 min
Step 82000/10000000000 | t=8.20e+00 | T=7448.5 | a=1.000197 | H=2.41e-05 | 7.9 steps/s | 126.87 ms/step | ETA: 21145034.2 min
Step 83000/10000000000 | t=8.30e+00 | T=7448.5 | a=1.000200 | H=2.41e-05 | 7.9 steps/s | 126.27 ms/step | ETA: 21045152.0 min
Step 84000/10000000000 | t=8.40e+00 | T=7448.5 | a=1.000202 | H=2.41e-05 | 8.0 steps/s | 125.69 ms/step | ETA: 20947414.2 min
Step 85000/10000000000 | t=8.50e+00 | T=7448.5 | a=1.000205 | H=2.41e-05 | 8.0 steps/s | 125.11 ms/step | ETA: 20850713.7 min
Step 86000/10000000000 | t=8.60e+00 | T=7448.5 | a=1.000207 | H=2.41e-05 | 8.0 steps/s | 124.54 ms/step | ETA: 20756425.2 min
Step 87000/10000000000 | t=8.70e+00 | T=7448.4 | a=1.000209 | H=2.41e-05 | 8.1 steps/s | 124.00 ms/step | ETA: 20666091.2 min
Step 88000/10000000000 | t=8.80e+00 | T=7448.4 | a=1.000212 | H=2.41e-05 | 8.1 steps/s | 123.45 ms/step | ETA: 20575631.4 min
Step 89000/10000000000 | t=8.90e+00 | T=7448.4 | a=1.000214 | H=2.41e-05 | 8.1 steps/s | 122.93 ms/step | ETA: 20487803.4 min
Step 90000/10000000000 | t=9.00e+00 | T=7448.4 | a=1.000217 | H=2.41e-05 | 8.2 steps/s | 122.41 ms/step | ETA: 20401949.0 min
Step 91000/10000000000 | t=9.10e+00 | T=7448.4 | a=1.000219 | H=2.41e-05 | 8.2 steps/s | 121.94 ms/step | ETA: 20323512.9 min
Step 92000/10000000000 | t=9.20e+00 | T=7448.4 | a=1.000221 | H=2.41e-05 | 8.2 steps/s | 121.45 ms/step | ETA: 20240977.2 min
Step 93000/10000000000 | t=9.30e+00 | T=7448.3 | a=1.000224 | H=2.41e-05 | 8.3 steps/s | 120.97 ms/step | ETA: 20161230.6 min
Step 94000/10000000000 | t=9.40e+00 | T=7448.3 | a=1.000226 | H=2.41e-05 | 8.3 steps/s | 120.50 ms/step | ETA: 20082362.7 min
Step 95000/10000000000 | t=9.50e+00 | T=7448.3 | a=1.000229 | H=2.41e-05 | 8.3 steps/s | 120.04 ms/step | ETA: 20006905.3 min
Step 96000/10000000000 | t=9.60e+00 | T=7448.3 | a=1.000231 | H=2.41e-05 | 8.4 steps/s | 119.59 ms/step | ETA: 19930772.3 min
Step 97000/10000000000 | t=9.70e+00 | T=7448.3 | a=1.000233 | H=2.41e-05 | 8.4 steps/s | 119.14 ms/step | ETA: 19856220.2 min
Step 98000/10000000000 | t=9.80e+00 | T=7448.2 | a=1.000236 | H=2.41e-05 | 8.4 steps/s | 118.71 ms/step | ETA: 19784334.2 min
Step 99000/10000000000 | t=9.90e+00 | T=7448.2 | a=1.000238 | H=2.41e-05 | 8.5 steps/s | 118.29 ms/step | ETA: 19715215.6 min
Step 100000/10000000000 | t=1.00e+01 | T=7448.2 | a=1.000241 | H=2.41e-05 | 8.5 steps/s | 117.87 ms/step | ETA: 19645123.9 min
Step 101000/10000000000 | t=1.01e+01 | T=7448.2 | a=1.000243 | H=2.41e-05 | 8.5 steps/s | 117.48 ms/step | ETA: 19580205.8 min
Step 102000/10000000000 | t=1.02e+01 | T=7448.2 | a=1.000245 | H=2.41e-05 | 8.5 steps/s | 117.09 ms/step | ETA: 19515167.7 min
Step 103000/10000000000 | t=1.03e+01 | T=7448.2 | a=1.000248 | H=2.41e-05 | 8.6 steps/s | 116.70 ms/step | ETA: 19449518.5 min
Step 104000/10000000000 | t=1.04e+01 | T=7448.1 | a=1.000250 | H=2.41e-05 | 8.6 steps/s | 116.31 ms/step | ETA: 19384856.3 min
Step 105000/10000000000 | t=1.05e+01 | T=7448.1 | a=1.000253 | H=2.41e-05 | 8.6 steps/s | 115.93 ms/step | ETA: 19321621.8 min
Step 106000/10000000000 | t=1.06e+01 | T=7448.1 | a=1.000255 | H=2.41e-05 | 8.7 steps/s | 115.56 ms/step | ETA: 19259712.1 min
Step 107000/10000000000 | t=1.07e+01 | T=7448.1 | a=1.000257 | H=2.41e-05 | 8.7 steps/s | 115.21 ms/step | ETA: 19200867.5 min
Step 108000/10000000000 | t=1.08e+01 | T=7448.1 | a=1.000260 | H=2.41e-05 | 8.7 steps/s | 114.85 ms/step | ETA: 19140999.1 min
Step 109000/10000000000 | t=1.09e+01 | T=7448.0 | a=1.000262 | H=2.41e-05 | 8.7 steps/s | 114.50 ms/step | ETA: 19082454.9 min
Step 110000/10000000000 | t=1.10e+01 | T=7448.0 | a=1.000265 | H=2.41e-05 | 8.8 steps/s | 114.16 ms/step | ETA: 19025840.0 min
Step 111000/10000000000 | t=1.11e+01 | T=7448.0 | a=1.000267 | H=2.41e-05 | 8.8 steps/s | 113.84 ms/step | ETA: 18972871.0 min
Step 112000/10000000000 | t=1.12e+01 | T=7448.0 | a=1.000269 | H=2.41e-05 | 8.8 steps/s | 113.51 ms/step | ETA: 18918527.1 min
Step 113000/10000000000 | t=1.13e+01 | T=7448.0 | a=1.000272 | H=2.41e-05 | 8.8 steps/s | 113.19 ms/step | ETA: 18864326.6 min
Step 114000/10000000000 | t=1.14e+01 | T=7448.0 | a=1.000274 | H=2.41e-05 | 8.9 steps/s | 112.87 ms/step | ETA: 18812117.0 min
Step 115000/10000000000 | t=1.15e+01 | T=7447.9 | a=1.000277 | H=2.41e-05 | 8.9 steps/s | 112.56 ms/step | ETA: 18760376.7 min
Step 116000/10000000000 | t=1.16e+01 | T=7447.9 | a=1.000279 | H=2.41e-05 | 8.9 steps/s | 112.26 ms/step | ETA: 18709337.4 min
Step 117000/10000000000 | t=1.17e+01 | T=7447.9 | a=1.000282 | H=2.41e-05 | 8.9 steps/s | 111.97 ms/step | ETA: 18661623.9 min
Step 118000/10000000000 | t=1.18e+01 | T=7447.9 | a=1.000284 | H=2.41e-05 | 9.0 steps/s | 111.68 ms/step | ETA: 18613025.8 min
Step 119000/10000000000 | t=1.19e+01 | T=7447.9 | a=1.000286 | H=2.41e-05 | 9.0 steps/s | 111.39 ms/step | ETA: 18564026.2 min
Step 120000/10000000000 | t=1.20e+01 | T=7447.8 | a=1.000289 | H=2.41e-05 | 9.0 steps/s | 111.09 ms/step | ETA: 18515423.1 min
Step 121000/10000000000 | t=1.21e+01 | T=7447.8 | a=1.000291 | H=2.41e-05 | 9.0 steps/s | 110.83 ms/step | ETA: 18471150.8 min
Step 122000/10000000000 | t=1.22e+01 | T=7447.8 | a=1.000294 | H=2.41e-05 | 9.0 steps/s | 110.56 ms/step | ETA: 18425725.5 min
Step 123000/10000000000 | t=1.23e+01 | T=7447.8 | a=1.000296 | H=2.41e-05 | 9.1 steps/s | 110.29 ms/step | ETA: 18380616.2 min
Step 124000/10000000000 | t=1.24e+01 | T=7447.8 | a=1.000298 | H=2.41e-05 | 9.1 steps/s | 110.01 ms/step | ETA: 18335603.0 min
Step 125000/10000000000 | t=1.25e+01 | T=7447.8 | a=1.000301 | H=2.41e-05 | 9.1 steps/s | 109.75 ms/step | ETA: 18291997.8 min
Step 126000/10000000000 | t=1.26e+01 | T=7447.7 | a=1.000303 | H=2.41e-05 | 9.1 steps/s | 109.50 ms/step | ETA: 18250208.6 min
Step 127000/10000000000 | t=1.27e+01 | T=7447.7 | a=1.000306 | H=2.41e-05 | 9.2 steps/s | 109.24 ms/step | ETA: 18207200.5 min
Step 128000/10000000000 | t=1.28e+01 | T=7447.7 | a=1.000308 | H=2.41e-05 | 9.2 steps/s | 108.99 ms/step | ETA: 18165075.9 min
Step 129000/10000000000 | t=1.29e+01 | T=7447.7 | a=1.000310 | H=2.41e-05 | 9.2 steps/s | 108.74 ms/step | ETA: 18123328.1 min
Step 130000/10000000000 | t=1.30e+01 | T=7447.7 | a=1.000313 | H=2.41e-05 | 9.2 steps/s | 108.51 ms/step | ETA: 18084296.3 min
Step 131000/10000000000 | t=1.31e+01 | T=7447.7 | a=1.000315 | H=2.41e-05 | 9.2 steps/s | 108.28 ms/step | ETA: 18046640.2 min
Step 132000/10000000000 | t=1.32e+01 | T=7447.6 | a=1.000318 | H=2.41e-05 | 9.3 steps/s | 108.04 ms/step | ETA: 18006729.8 min
Step 133000/10000000000 | t=1.33e+01 | T=7447.6 | a=1.000320 | H=2.41e-05 | 9.3 steps/s | 107.81 ms/step | ETA: 17968904.0 min
Step 134000/10000000000 | t=1.34e+01 | T=7447.6 | a=1.000322 | H=2.41e-05 | 9.3 steps/s | 107.58 ms/step | ETA: 17929865.1 min
Step 135000/10000000000 | t=1.35e+01 | T=7447.6 | a=1.000325 | H=2.41e-05 | 9.3 steps/s | 107.35 ms/step | ETA: 17891203.3 min
Step 136000/10000000000 | t=1.36e+01 | T=7447.6 | a=1.000327 | H=2.41e-05 | 9.3 steps/s | 107.12 ms/step | ETA: 17853512.8 min
Step 137000/10000000000 | t=1.37e+01 | T=7447.5 | a=1.000330 | H=2.41e-05 | 9.4 steps/s | 106.90 ms/step | ETA: 17816990.3 min
Step 138000/10000000000 | t=1.38e+01 | T=7447.5 | a=1.000332 | H=2.41e-05 | 9.4 steps/s | 106.70 ms/step | ETA: 17782462.7 min
Step 139000/10000000000 | t=1.39e+01 | T=7447.5 | a=1.000334 | H=2.41e-05 | 9.4 steps/s | 106.49 ms/step | ETA: 17747328.8 min
Step 140000/10000000000 | t=1.40e+01 | T=7447.5 | a=1.000337 | H=2.41e-05 | 9.4 steps/s | 106.28 ms/step | ETA: 17712669.2 min
Step 141000/10000000000 | t=1.41e+01 | T=7447.5 | a=1.000339 | H=2.41e-05 | 9.4 steps/s | 106.10 ms/step | ETA: 17682744.2 min
Step 142000/10000000000 | t=1.42e+01 | T=7447.5 | a=1.000342 | H=2.41e-05 | 9.4 steps/s | 105.89 ms/step | ETA: 17647855.1 min
Step 143000/10000000000 | t=1.43e+01 | T=7447.4 | a=1.000344 | H=2.41e-05 | 9.5 steps/s | 105.69 ms/step | ETA: 17614256.2 min
Step 144000/10000000000 | t=1.44e+01 | T=7447.4 | a=1.000346 | H=2.41e-05 | 9.5 steps/s | 105.49 ms/step | ETA: 17580839.9 min
Step 145000/10000000000 | t=1.45e+01 | T=7447.4 | a=1.000349 | H=2.41e-05 | 9.5 steps/s | 105.29 ms/step | ETA: 17548328.1 min
Step 146000/10000000000 | t=1.46e+01 | T=7447.4 | a=1.000351 | H=2.41e-05 | 9.5 steps/s | 105.10 ms/step | ETA: 17516562.3 min
Step 147000/10000000000 | t=1.47e+01 | T=7447.4 | a=1.000354 | H=2.41e-05 | 9.5 steps/s | 104.91 ms/step | ETA: 17484409.9 min
Step 148000/10000000000 | t=1.48e+01 | T=7447.3 | a=1.000356 | H=2.41e-05 | 9.5 steps/s | 104.72 ms/step | ETA: 17452580.9 min
Step 149000/10000000000 | t=1.49e+01 | T=7447.3 | a=1.000359 | H=2.41e-05 | 9.6 steps/s | 104.53 ms/step | ETA: 17422201.6 min
Step 150000/10000000000 | t=1.50e+01 | T=7447.3 | a=1.000361 | H=2.41e-05 | 9.6 steps/s | 104.35 ms/step | ETA: 17392157.6 min
Step 151000/10000000000 | t=1.51e+01 | T=7447.3 | a=1.000363 | H=2.41e-05 | 9.6 steps/s | 104.19 ms/step | ETA: 17364110.3 min
Step 152000/10000000000 | t=1.52e+01 | T=7447.3 | a=1.000366 | H=2.41e-05 | 9.6 steps/s | 104.01 ms/step | ETA: 17334500.8 min
Step 153000/10000000000 | t=1.53e+01 | T=7447.3 | a=1.000368 | H=2.41e-05 | 9.6 steps/s | 103.84 ms/step | ETA: 17305861.4 min
Step 154000/10000000000 | t=1.54e+01 | T=7447.2 | a=1.000371 | H=2.41e-05 | 9.6 steps/s | 103.66 ms/step | ETA: 17277225.1 min
Step 155000/10000000000 | t=1.55e+01 | T=7447.2 | a=1.000373 | H=2.41e-05 | 9.7 steps/s | 103.49 ms/step | ETA: 17248522.7 min
Step 156000/10000000000 | t=1.56e+01 | T=7447.2 | a=1.000375 | H=2.41e-05 | 9.7 steps/s | 103.32 ms/step | ETA: 17220099.1 min
Step 157000/10000000000 | t=1.57e+01 | T=7447.2 | a=1.000378 | H=2.41e-05 | 9.7 steps/s | 103.16 ms/step | ETA: 17192502.0 min
Step 158000/10000000000 | t=1.58e+01 | T=7447.2 | a=1.000380 | H=2.41e-05 | 9.7 steps/s | 102.99 ms/step | ETA: 17165057.8 min
Step 159000/10000000000 | t=1.59e+01 | T=7447.2 | a=1.000383 | H=2.41e-05 | 9.7 steps/s | 102.83 ms/step | ETA: 17137333.0 min
Step 160000/10000000000 | t=1.60e+01 | T=7447.1 | a=1.000385 | H=2.41e-05 | 9.7 steps/s | 102.66 ms/step | ETA: 17110424.7 min
Step 161000/10000000000 | t=1.61e+01 | T=7447.1 | a=1.000387 | H=2.41e-05 | 9.8 steps/s | 102.52 ms/step | ETA: 17087003.7 min
Step 162000/10000000000 | t=1.62e+01 | T=7447.1 | a=1.000390 | H=2.41e-05 | 9.8 steps/s | 102.37 ms/step | ETA: 17060628.0 min
Step 163000/10000000000 | t=1.63e+01 | T=7447.1 | a=1.000392 | H=2.41e-05 | 9.8 steps/s | 102.22 ms/step | ETA: 17035570.9 min
Step 164000/10000000000 | t=1.64e+01 | T=7447.1 | a=1.000395 | H=2.41e-05 | 9.8 steps/s | 102.07 ms/step | ETA: 17011340.1 min
Step 165000/10000000000 | t=1.65e+01 | T=7447.0 | a=1.000397 | H=2.41e-05 | 9.8 steps/s | 101.92 ms/step | ETA: 16985935.9 min
Step 166000/10000000000 | t=1.66e+01 | T=7447.0 | a=1.000399 | H=2.41e-05 | 9.8 steps/s | 101.77 ms/step | ETA: 16960566.0 min
Step 167000/10000000000 | t=1.67e+01 | T=7447.0 | a=1.000402 | H=2.41e-05 | 9.8 steps/s | 101.61 ms/step | ETA: 16935547.5 min
Step 168000/10000000000 | t=1.68e+01 | T=7447.0 | a=1.000404 | H=2.41e-05 | 9.9 steps/s | 101.47 ms/step | ETA: 16910590.9 min
Step 169000/10000000000 | t=1.69e+01 | T=7447.0 | a=1.000407 | H=2.41e-05 | 9.9 steps/s | 101.33 ms/step | ETA: 16887300.3 min
Step 170000/10000000000 | t=1.70e+01 | T=7447.0 | a=1.000409 | H=2.41e-05 | 9.9 steps/s | 101.18 ms/step | ETA: 16863121.4 min
Step 171000/10000000000 | t=1.71e+01 | T=7446.9 | a=1.000411 | H=2.41e-05 | 9.9 steps/s | 101.05 ms/step | ETA: 16841044.2 min
Step 172000/10000000000 | t=1.72e+01 | T=7446.9 | a=1.000414 | H=2.41e-05 | 9.9 steps/s | 100.91 ms/step | ETA: 16818018.7 min
Step 173000/10000000000 | t=1.73e+01 | T=7446.9 | a=1.000416 | H=2.41e-05 | 9.9 steps/s | 100.77 ms/step | ETA: 16794384.6 min
Step 174000/10000000000 | t=1.74e+01 | T=7446.9 | a=1.000419 | H=2.41e-05 | 9.9 steps/s | 100.63 ms/step | ETA: 16771335.6 min
Step 175000/10000000000 | t=1.75e+01 | T=7446.9 | a=1.000421 | H=2.41e-05 | 10.0 steps/s | 100.49 ms/step | ETA: 16748329.4 min
Step 176000/10000000000 | t=1.76e+01 | T=7446.8 | a=1.000423 | H=2.41e-05 | 10.0 steps/s | 100.36 ms/step | ETA: 16725741.7 min
Step 177000/10000000000 | t=1.77e+01 | T=7446.8 | a=1.000426 | H=2.41e-05 | 10.0 steps/s | 100.23 ms/step | ETA: 16704245.3 min
Step 178000/10000000000 | t=1.78e+01 | T=7446.8 | a=1.000428 | H=2.41e-05 | 10.0 steps/s | 100.09 ms/step | ETA: 16681783.9 min
Step 179000/10000000000 | t=1.79e+01 | T=7446.8 | a=1.000431 | H=2.41e-05 | 10.0 steps/s | 99.96 ms/step | ETA: 16659569.7 min
Step 180000/10000000000 | t=1.80e+01 | T=7446.8 | a=1.000433 | H=2.41e-05 | 10.0 steps/s | 99.83 ms/step | ETA: 16638480.9 min
Step 181000/10000000000 | t=1.81e+01 | T=7446.8 | a=1.000436 | H=2.41e-05 | 10.0 steps/s | 99.71 ms/step | ETA: 16618500.6 min
Step 182000/10000000000 | t=1.82e+01 | T=7446.7 | a=1.000438 | H=2.41e-05 | 10.0 steps/s | 99.59 ms/step | ETA: 16597431.0 min
Step 183000/10000000000 | t=1.83e+01 | T=7446.7 | a=1.000440 | H=2.41e-05 | 10.1 steps/s | 99.46 ms/step | ETA: 16576265.8 min
Step 184000/10000000000 | t=1.84e+01 | T=7446.7 | a=1.000443 | H=2.41e-05 | 10.1 steps/s | 99.34 ms/step | ETA: 16555993.4 min
Step 185000/10000000000 | t=1.85e+01 | T=7446.7 | a=1.000445 | H=2.41e-05 | 10.1 steps/s | 99.22 ms/step | ETA: 16536022.8 min
Step 186000/10000000000 | t=1.86e+01 | T=7446.7 | a=1.000448 | H=2.41e-05 | 10.1 steps/s | 99.10 ms/step | ETA: 16516013.9 min
Step 187000/10000000000 | t=1.87e+01 | T=7446.6 | a=1.000450 | H=2.41e-05 | 10.1 steps/s | 98.98 ms/step | ETA: 16496266.9 min
Step 188000/10000000000 | t=1.88e+01 | T=7446.6 | a=1.000452 | H=2.41e-05 | 10.1 steps/s | 98.87 ms/step | ETA: 16477637.2 min
Step 189000/10000000000 | t=1.89e+01 | T=7446.6 | a=1.000455 | H=2.41e-05 | 10.1 steps/s | 98.76 ms/step | ETA: 16459728.1 min
Step 190000/10000000000 | t=1.90e+01 | T=7446.6 | a=1.000457 | H=2.41e-05 | 10.1 steps/s | 98.64 ms/step | ETA: 16440336.7 min
Step 191000/10000000000 | t=1.91e+01 | T=7446.6 | a=1.000460 | H=2.41e-05 | 10.1 steps/s | 98.54 ms/step | ETA: 16423231.7 min
Step 192000/10000000000 | t=1.92e+01 | T=7446.6 | a=1.000462 | H=2.41e-05 | 10.2 steps/s | 98.44 ms/step | ETA: 16405669.1 min
Step 193000/10000000000 | t=1.93e+01 | T=7446.5 | a=1.000464 | H=2.41e-05 | 10.2 steps/s | 98.32 ms/step | ETA: 16386652.4 min
Step 194000/10000000000 | t=1.94e+01 | T=7446.5 | a=1.000467 | H=2.41e-05 | 10.2 steps/s | 98.21 ms/step | ETA: 16367917.4 min
Step 195000/10000000000 | t=1.95e+01 | T=7446.5 | a=1.000469 | H=2.41e-05 | 10.2 steps/s | 98.10 ms/step | ETA: 16349320.8 min
Step 196000/10000000000 | t=1.96e+01 | T=7446.5 | a=1.000472 | H=2.41e-05 | 10.2 steps/s | 97.99 ms/step | ETA: 16331775.4 min
Step 197000/10000000000 | t=1.97e+01 | T=7446.5 | a=1.000474 | H=2.41e-05 | 10.2 steps/s | 97.88 ms/step | ETA: 16313786.7 min
Step 198000/10000000000 | t=1.98e+01 | T=7446.5 | a=1.000476 | H=2.41e-05 | 10.2 steps/s | 97.78 ms/step | ETA: 16295634.7 min
Step 199000/10000000000 | t=1.99e+01 | T=7446.4 | a=1.000479 | H=2.41e-05 | 10.2 steps/s | 97.67 ms/step | ETA: 16277703.8 min
Step 200000/10000000000 | t=2.00e+01 | T=7446.4 | a=1.000481 | H=2.41e-05 | 10.2 steps/s | 97.57 ms/step | ETA: 16260965.0 min
Step 201000/10000000000 | t=2.01e+01 | T=7446.4 | a=1.000484 | H=2.41e-05 | 10.3 steps/s | 97.47 ms/step | ETA: 16244903.7 min
Step 202000/10000000000 | t=2.02e+01 | T=7446.4 | a=1.000486 | H=2.41e-05 | 10.3 steps/s | 97.37 ms/step | ETA: 16227484.6 min
Step 203000/10000000000 | t=2.03e+01 | T=7446.4 | a=1.000488 | H=2.41e-05 | 10.3 steps/s | 97.27 ms/step | ETA: 16210739.3 min
Step 204000/10000000000 | t=2.04e+01 | T=7446.3 | a=1.000491 | H=2.41e-05 | 10.3 steps/s | 97.17 ms/step | ETA: 16194762.0 min
Step 205000/10000000000 | t=2.05e+01 | T=7446.3 | a=1.000493 | H=2.41e-05 | 10.3 steps/s | 97.07 ms/step | ETA: 16178727.9 min
Step 206000/10000000000 | t=2.06e+01 | T=7446.3 | a=1.000496 | H=2.41e-05 | 10.3 steps/s | 96.98 ms/step | ETA: 16162342.9 min
Step 207000/10000000000 | t=2.07e+01 | T=7446.3 | a=1.000498 | H=2.41e-05 | 10.3 steps/s | 96.88 ms/step | ETA: 16146166.4 min
Step 208000/10000000000 | t=2.08e+01 | T=7446.3 | a=1.000500 | H=2.41e-05 | 10.3 steps/s | 96.79 ms/step | ETA: 16131320.9 min
Step 209000/10000000000 | t=2.09e+01 | T=7446.3 | a=1.000503 | H=2.41e-05 | 10.3 steps/s | 96.69 ms/step | ETA: 16115380.6 min
Step 210000/10000000000 | t=2.10e+01 | T=7446.2 | a=1.000505 | H=2.41e-05 | 10.4 steps/s | 96.60 ms/step | ETA: 16099553.1 min
Step 211000/10000000000 | t=2.11e+01 | T=7446.2 | a=1.000508 | H=2.41e-05 | 10.4 steps/s | 96.52 ms/step | ETA: 16086351.0 min
Step 212000/10000000000 | t=2.12e+01 | T=7446.2 | a=1.000510 | H=2.41e-05 | 10.4 steps/s | 96.43 ms/step | ETA: 16070587.7 min
Step 213000/10000000000 | t=2.13e+01 | T=7446.2 | a=1.000513 | H=2.41e-05 | 10.4 steps/s | 96.33 ms/step | ETA: 16055002.6 min
Step 214000/10000000000 | t=2.14e+01 | T=7446.2 | a=1.000515 | H=2.41e-05 | 10.4 steps/s | 96.25 ms/step | ETA: 16041211.2 min
Step 215000/10000000000 | t=2.15e+01 | T=7446.1 | a=1.000517 | H=2.41e-05 | 10.4 steps/s | 96.16 ms/step | ETA: 16027034.1 min
Step 216000/10000000000 | t=2.16e+01 | T=7446.1 | a=1.000520 | H=2.41e-05 | 10.4 steps/s | 96.08 ms/step | ETA: 16012383.5 min
Step 217000/10000000000 | t=2.17e+01 | T=7446.1 | a=1.000522 | H=2.41e-05 | 10.4 steps/s | 95.98 ms/step | ETA: 15997134.3 min
Step 218000/10000000000 | t=2.18e+01 | T=7446.1 | a=1.000525 | H=2.41e-05 | 10.4 steps/s | 95.90 ms/step | ETA: 15982345.9 min
Step 219000/10000000000 | t=2.19e+01 | T=7446.1 | a=1.000527 | H=2.41e-05 | 10.4 steps/s | 95.81 ms/step | ETA: 15968358.4 min
Step 220000/10000000000 | t=2.20e+01 | T=7446.1 | a=1.000529 | H=2.41e-05 | 10.4 steps/s | 95.72 ms/step | ETA: 15953722.2 min
Step 221000/10000000000 | t=2.21e+01 | T=7446.0 | a=1.000532 | H=2.41e-05 | 10.5 steps/s | 95.65 ms/step | ETA: 15940544.9 min
Step 222000/10000000000 | t=2.22e+01 | T=7446.0 | a=1.000534 | H=2.41e-05 | 10.5 steps/s | 95.56 ms/step | ETA: 15926316.4 min
Step 223000/10000000000 | t=2.23e+01 | T=7446.0 | a=1.000537 | H=2.41e-05 | 10.5 steps/s | 95.48 ms/step | ETA: 15912672.2 min
Step 224000/10000000000 | t=2.24e+01 | T=7446.0 | a=1.000539 | H=2.41e-05 | 10.5 steps/s | 95.39 ms/step | ETA: 15898558.7 min
Step 225000/10000000000 | t=2.25e+01 | T=7446.0 | a=1.000541 | H=2.41e-05 | 10.5 steps/s | 95.31 ms/step | ETA: 15884805.1 min
Step 226000/10000000000 | t=2.26e+01 | T=7446.0 | a=1.000544 | H=2.41e-05 | 10.5 steps/s | 95.24 ms/step | ETA: 15872530.4 min
Step 227000/10000000000 | t=2.27e+01 | T=7445.9 | a=1.000546 | H=2.41e-05 | 10.5 steps/s | 95.16 ms/step | ETA: 15859709.7 min
Step 228000/10000000000 | t=2.28e+01 | T=7445.9 | a=1.000549 | H=2.41e-05 | 10.5 steps/s | 95.08 ms/step | ETA: 15846298.6 min
Step 229000/10000000000 | t=2.29e+01 | T=7445.9 | a=1.000551 | H=2.41e-05 | 10.5 steps/s | 95.00 ms/step | ETA: 15832679.2 min
Step 230000/10000000000 | t=2.30e+01 | T=7445.9 | a=1.000553 | H=2.41e-05 | 10.5 steps/s | 94.92 ms/step | ETA: 15819350.7 min
Step 231000/10000000000 | t=2.31e+01 | T=7445.9 | a=1.000556 | H=2.41e-05 | 10.5 steps/s | 94.85 ms/step | ETA: 15808179.9 min
Step 232000/10000000000 | t=2.32e+01 | T=7445.8 | a=1.000558 | H=2.41e-05 | 10.6 steps/s | 94.77 ms/step | ETA: 15794842.3 min
Step 233000/10000000000 | t=2.33e+01 | T=7445.8 | a=1.000561 | H=2.41e-05 | 10.6 steps/s | 94.70 ms/step | ETA: 15782597.4 min
Step 234000/10000000000 | t=2.34e+01 | T=7445.8 | a=1.000563 | H=2.41e-05 | 10.6 steps/s | 94.63 ms/step | ETA: 15770689.3 min
Step 235000/10000000000 | t=2.35e+01 | T=7445.8 | a=1.000565 | H=2.41e-05 | 10.6 steps/s | 94.55 ms/step | ETA: 15757886.8 min
Step 236000/10000000000 | t=2.36e+01 | T=7445.8 | a=1.000568 | H=2.41e-05 | 10.6 steps/s | 94.47 ms/step | ETA: 15745162.4 min
Step 237000/10000000000 | t=2.37e+01 | T=7445.8 | a=1.000570 | H=2.41e-05 | 10.6 steps/s | 94.40 ms/step | ETA: 15732559.0 min
Step 238000/10000000000 | t=2.38e+01 | T=7445.7 | a=1.000573 | H=2.41e-05 | 10.6 steps/s | 94.32 ms/step | ETA: 15720219.0 min
