======================================================================
LATTICE SIMULATION LOG
Started: 2026-03-01 07:18:42
Log file: logs/simulation_20260301_071842.log
======================================================================

Numba Configuration:
  Version: 0.63.1
  Threading layer: default
  Configured threads: 11
  Active threads: 11
----------------------------------------------------------------------

Time step: dt_phys = 1.00e-04, dt (rescaled) = 1.0000e-01
  CFL limit: dt_CFL = 0.5774 (rescaled)
  dt/dt_CFL = 1.7321e-01 (SAFE)

Hubble expansion: ENABLED (comoving lattice)
  g_* = 106.75, M_Pl = 2.40e+18 GeV, ΔV = 1.00e+28 GeV^4
  H² = (T⁴/χ_g² + ΔV) / (3 M_Pl²)
  H(T0=7405.0) = 2.4056e-05 GeV
  3H = 7.2169e-05 GeV
  η_phys = 1000 GeV  →  3H/η = 7.22e-08
  T(t) = T0 / a(t)  (entropy conservation)
  Initial a = 1.0
Field precision: float32
Tree-level VEV: ±1.0000e+11
Couplings: boson=1.09, fermion=1.09

Finding thermal VEV at T = 7405.0...
  V'(0) = 1.7462e-06
  V'(VEV) = 7.3073e-31
  Thermal VEV found: 1.0000e+11
  Ratio thermal/tree: 1.0000

Finding escape point...
  V'(1e-10) = 1.7462e-06
  V'(1e0)   = 1.7462e+04
  V'(1e5)   = -9.9981e+10
  V'(1e8)   = -1.0000e+14
  V'(1e10)  = -9.9000e+15
  Barrier found between 2.2355e+03 and 2.3518e+03
  Barrier top at: 2.2423e+03
  Escape point: 2.4665e+03
  V'(escape) = -9.4263e+06 (should be < 0)

Using TREE-LEVEL VEV for seeding: 1.0000e+11
The bubble is seeded at the true vacuum (no rolling needed).
Bubble seeding: DISABLED (thermal nucleation only)
Field states will be saved to: data/set6/256x256x256_T0_7405_dx_0.001_dtphys_0.0001_interval_10000_3D_hubble_eta_1000_gb_1.09_gf_1.09_rk2_fused_inline/field_states
Figures will be saved to: data/set6/256x256x256_T0_7405_dx_0.001_dtphys_0.0001_interval_10000_3D_hubble_eta_1000_gb_1.09_gf_1.09_rk2_fused_inline/figs/latticeSnapshot
  No valid checkpoint (with pi) found. Starting from scratch.

============================================================
Starting time evolution...
Grid: 256×256×256, Steps: 200000, dt: 1.00e-01
Integrator: rk2_fused_inline
Using Vprime lookup table: False (size=16384)
Using in-kernel RNG: True
Field precision: float32
Spline resolution N_Y: 256
Bubble seeding: DISABLED
Thermal noise: ENABLED (FDT noise_scale(T0) = 1.2170e+03)
Overdamped mode: DISABLED (η = 1000)
Hubble expansion: ENABLED
  H(T0) = 2.4056e-05 GeV, 3H/η = 7.22e-08
  g_* = 106.75, M_Pl = 2.40e+18 GeV
============================================================

Warming up JIT compilation...
JIT warmup complete.
Starting main loop...

Dense snapshots: enabled (threshold=50000.0, interval=10)
Step 0/200000 | t=0.00e+00 | T=7405.0 | a=1.000000 | H=2.41e-05 | 4.1 steps/s | 242.33 ms/step | ETA: 807.8 min
Step 10000/200000 | t=1.00e+00 | T=7404.8 | a=1.000024 | H=2.41e-05 | 5.1 steps/s | 197.99 ms/step | ETA: 627.0 min
Step 20000/200000 | t=2.00e+00 | T=7404.6 | a=1.000048 | H=2.41e-05 | 5.1 steps/s | 196.29 ms/step | ETA: 588.9 min
Step 30000/200000 | t=3.00e+00 | T=7404.5 | a=1.000072 | H=2.41e-05 | 5.1 steps/s | 194.54 ms/step | ETA: 551.2 min
Step 40000/200000 | t=4.00e+00 | T=7404.3 | a=1.000096 | H=2.41e-05 | 5.2 steps/s | 193.59 ms/step | ETA: 516.2 min
Step 50000/200000 | t=5.00e+00 | T=7404.1 | a=1.000120 | H=2.41e-05 | 5.2 steps/s | 193.02 ms/step | ETA: 482.6 min
Step 60000/200000 | t=6.00e+00 | T=7403.9 | a=1.000144 | H=2.41e-05 | 5.2 steps/s | 192.65 ms/step | ETA: 449.5 min
Step 70000/200000 | t=7.00e+00 | T=7403.8 | a=1.000168 | H=2.41e-05 | 5.2 steps/s | 192.47 ms/step | ETA: 417.0 min
Step 80000/200000 | t=8.00e+00 | T=7403.6 | a=1.000192 | H=2.41e-05 | 5.2 steps/s | 192.30 ms/step | ETA: 384.6 min
Step 90000/200000 | t=9.00e+00 | T=7403.4 | a=1.000217 | H=2.41e-05 | 5.2 steps/s | 192.15 ms/step | ETA: 352.3 min
Step 100000/200000 | t=1.00e+01 | T=7403.2 | a=1.000241 | H=2.41e-05 | 5.2 steps/s | 191.93 ms/step | ETA: 319.9 min
Step 110000/200000 | t=1.10e+01 | T=7403.0 | a=1.000265 | H=2.41e-05 | 5.2 steps/s | 191.79 ms/step | ETA: 287.7 min
Step 120000/200000 | t=1.20e+01 | T=7402.9 | a=1.000289 | H=2.41e-05 | 5.2 steps/s | 191.68 ms/step | ETA: 255.6 min
Step 130000/200000 | t=1.30e+01 | T=7402.7 | a=1.000313 | H=2.41e-05 | 5.2 steps/s | 191.58 ms/step | ETA: 223.5 min
