======================================================================
LATTICE SIMULATION LOG
Started: 2026-02-22 07:22:59
Log file: logs/simulation_20260222_072259.log
======================================================================

Numba Configuration:
  Version: 0.63.1
  Threading layer: default
  Configured threads: 11
  Active threads: 11
----------------------------------------------------------------------

Time step: dt_phys = 1.00e-04, dt (rescaled) = 1.0000e-01
  CFL limit: dt_CFL = 2.8868 (rescaled)
  dt/dt_CFL = 3.4641e-02 (SAFE)

Hubble expansion: ENABLED (comoving lattice)
  g_* = 106.75, M_Pl = 2.40e+18 GeV, ΔV = 1.00e+28 GeV^4
  H² = (T⁴/χ_g² + ΔV) / (3 M_Pl²)
  H(T0=7400.0) = 2.4056e-05 GeV
  3H = 7.2169e-05 GeV
  η_phys = 0.3 GeV  →  3H/η = 2.41e-04
  T(t) = T0 / a(t)  (entropy conservation)
  Initial a = 1.0
Field precision: float32
Tree-level VEV: ±1.0000e+11

Finding thermal VEV at T = 7400.0...
  V'(0) = 1.6066e-06
  V'(VEV) = 7.2925e-31
  Thermal VEV found: 1.0000e+11
  Ratio thermal/tree: 1.0000

Finding escape point...
  V'(1e-10) = 1.6066e-06
  V'(1e0)   = 1.6066e+04
  V'(1e5)   = -9.9981e+10
  V'(1e8)   = -1.0000e+14
  V'(1e10)  = -9.9000e+15
  Barrier found between 2.1249e+03 and 2.2355e+03
  Barrier top at: 2.1539e+03
  Escape point: 2.3693e+03
  V'(escape) = -8.3211e+06 (should be < 0)

Using TREE-LEVEL VEV for seeding: 1.0000e+11
The bubble is seeded at the true vacuum (no rolling needed).
Bubble seeding: DISABLED (thermal nucleation only)
Field states will be saved to: data/set6/64x64x64_T0_7400_dx_0.005_dtphys_0.0001_interval_10000_3D_hubble_eta_0.3/field_states
Figures will be saved to: data/set6/64x64x64_T0_7400_dx_0.005_dtphys_0.0001_interval_10000_3D_hubble_eta_0.3/figs/latticeSnapshot

--resume specified but no checkpoints found. Starting from scratch.

============================================================
Starting time evolution...
Grid: 64×64×64, Steps: 1000000000, dt: 1.00e-01
Integrator: RK2 (4 passes/step)
  Single-pass fused: True
  Fused RK2: True
Using Vprime lookup table: True (size=16384)
Using in-kernel RNG: True
Field precision: float32
Spline resolution N_Y: 256
Bubble seeding: DISABLED
Thermal noise: ENABLED (FDT noise_scale(T0) = 5.9599e-05)
Overdamped mode: DISABLED (η = 0.3)
Hubble expansion: ENABLED
  H(T0) = 2.4056e-05 GeV, 3H/η = 2.41e-04
  g_* = 106.75, M_Pl = 2.40e+18 GeV
============================================================

Warming up JIT compilation...
JIT warmup complete.
Starting main loop...

Step 0/1000000000 | t=0.00e+00 | T=7400.0 | a=1.000000 | H=2.41e-05 | 9.2 steps/s | 108.85 ms/step | ETA: 1814103.1 min
Step 10000/1000000000 | t=1.00e+00 | T=7399.8 | a=1.000024 | H=2.41e-05 | 549.5 steps/s | 1.82 ms/step | ETA: 30328.8 min
Step 20000/1000000000 | t=2.00e+00 | T=7399.6 | a=1.000048 | H=2.41e-05 | 566.8 steps/s | 1.76 ms/step | ETA: 29406.6 min
Step 30000/1000000000 | t=3.00e+00 | T=7399.5 | a=1.000072 | H=2.41e-05 | 561.8 steps/s | 1.78 ms/step | ETA: 29665.7 min
Step 40000/1000000000 | t=4.00e+00 | T=7399.3 | a=1.000096 | H=2.41e-05 | 564.4 steps/s | 1.77 ms/step | ETA: 29531.1 min
Step 50000/1000000000 | t=5.00e+00 | T=7399.1 | a=1.000120 | H=2.41e-05 | 567.3 steps/s | 1.76 ms/step | ETA: 29378.9 min
Step 60000/1000000000 | t=6.00e+00 | T=7398.9 | a=1.000144 | H=2.41e-05 | 569.1 steps/s | 1.76 ms/step | ETA: 29284.0 min
Step 70000/1000000000 | t=7.00e+00 | T=7398.8 | a=1.000168 | H=2.41e-05 | 571.9 steps/s | 1.75 ms/step | ETA: 29140.1 min
Step 80000/1000000000 | t=8.00e+00 | T=7398.6 | a=1.000192 | H=2.41e-05 | 571.7 steps/s | 1.75 ms/step | ETA: 29150.8 min
Step 90000/1000000000 | t=9.00e+00 | T=7398.4 | a=1.000217 | H=2.41e-05 | 573.1 steps/s | 1.74 ms/step | ETA: 29080.4 min
Step 100000/1000000000 | t=1.00e+01 | T=7398.2 | a=1.000241 | H=2.41e-05 | 573.5 steps/s | 1.74 ms/step | ETA: 29060.0 min
Step 110000/1000000000 | t=1.10e+01 | T=7398.0 | a=1.000265 | H=2.41e-05 | 573.7 steps/s | 1.74 ms/step | ETA: 29050.3 min
Step 120000/1000000000 | t=1.20e+01 | T=7397.9 | a=1.000289 | H=2.41e-05 | 573.7 steps/s | 1.74 ms/step | ETA: 29048.6 min
Step 130000/1000000000 | t=1.30e+01 | T=7397.7 | a=1.000313 | H=2.41e-05 | 573.2 steps/s | 1.74 ms/step | ETA: 29071.5 min
Step 140000/1000000000 | t=1.40e+01 | T=7397.5 | a=1.000337 | H=2.41e-05 | 573.6 steps/s | 1.74 ms/step | ETA: 29053.8 min
Step 150000/1000000000 | t=1.50e+01 | T=7397.3 | a=1.000361 | H=2.41e-05 | 573.8 steps/s | 1.74 ms/step | ETA: 29042.3 min
Step 160000/1000000000 | t=1.60e+01 | T=7397.2 | a=1.000385 | H=2.41e-05 | 573.4 steps/s | 1.74 ms/step | ETA: 29060.4 min
Step 170000/1000000000 | t=1.70e+01 | T=7397.0 | a=1.000409 | H=2.41e-05 | 573.7 steps/s | 1.74 ms/step | ETA: 29046.3 min
Step 180000/1000000000 | t=1.80e+01 | T=7396.8 | a=1.000433 | H=2.41e-05 | 573.1 steps/s | 1.74 ms/step | ETA: 29077.3 min
Step 190000/1000000000 | t=1.90e+01 | T=7396.6 | a=1.000457 | H=2.41e-05 | 573.6 steps/s | 1.74 ms/step | ETA: 29048.4 min
Step 200000/1000000000 | t=2.00e+01 | T=7396.4 | a=1.000481 | H=2.41e-05 | 573.2 steps/s | 1.74 ms/step | ETA: 29068.5 min
Step 210000/1000000000 | t=2.10e+01 | T=7396.3 | a=1.000505 | H=2.41e-05 | 573.2 steps/s | 1.74 ms/step | ETA: 29068.2 min
Step 220000/1000000000 | t=2.20e+01 | T=7396.1 | a=1.000529 | H=2.41e-05 | 573.0 steps/s | 1.75 ms/step | ETA: 29081.7 min
Step 230000/1000000000 | t=2.30e+01 | T=7395.9 | a=1.000553 | H=2.41e-05 | 573.1 steps/s | 1.74 ms/step | ETA: 29075.2 min
Step 240000/1000000000 | t=2.40e+01 | T=7395.7 | a=1.000578 | H=2.41e-05 | 573.5 steps/s | 1.74 ms/step | ETA: 29052.5 min
Step 250000/1000000000 | t=2.50e+01 | T=7395.6 | a=1.000602 | H=2.41e-05 | 573.3 steps/s | 1.74 ms/step | ETA: 29063.2 min
Step 260000/1000000000 | t=2.60e+01 | T=7395.4 | a=1.000626 | H=2.41e-05 | 572.7 steps/s | 1.75 ms/step | ETA: 29092.5 min
Step 270000/1000000000 | t=2.70e+01 | T=7395.2 | a=1.000650 | H=2.41e-05 | 572.7 steps/s | 1.75 ms/step | ETA: 29093.4 min
Step 280000/1000000000 | t=2.80e+01 | T=7395.0 | a=1.000674 | H=2.41e-05 | 572.2 steps/s | 1.75 ms/step | ETA: 29119.4 min
Step 290000/1000000000 | t=2.90e+01 | T=7394.8 | a=1.000698 | H=2.41e-05 | 572.3 steps/s | 1.75 ms/step | ETA: 29114.5 min
Step 300000/1000000000 | t=3.00e+01 | T=7394.7 | a=1.000722 | H=2.41e-05 | 572.4 steps/s | 1.75 ms/step | ETA: 29110.6 min
Step 310000/1000000000 | t=3.10e+01 | T=7394.5 | a=1.000746 | H=2.41e-05 | 572.3 steps/s | 1.75 ms/step | ETA: 29113.2 min
Step 320000/1000000000 | t=3.20e+01 | T=7394.3 | a=1.000770 | H=2.41e-05 | 572.4 steps/s | 1.75 ms/step | ETA: 29109.9 min
Step 330000/1000000000 | t=3.30e+01 | T=7394.1 | a=1.000794 | H=2.41e-05 | 572.4 steps/s | 1.75 ms/step | ETA: 29106.2 min
Step 340000/1000000000 | t=3.40e+01 | T=7393.9 | a=1.000818 | H=2.41e-05 | 572.6 steps/s | 1.75 ms/step | ETA: 29099.0 min
Step 350000/1000000000 | t=3.50e+01 | T=7393.8 | a=1.000842 | H=2.41e-05 | 572.5 steps/s | 1.75 ms/step | ETA: 29101.2 min
Step 360000/1000000000 | t=3.60e+01 | T=7393.6 | a=1.000866 | H=2.41e-05 | 572.8 steps/s | 1.75 ms/step | ETA: 29087.1 min
Step 370000/1000000000 | t=3.70e+01 | T=7393.4 | a=1.000890 | H=2.41e-05 | 572.4 steps/s | 1.75 ms/step | ETA: 29107.6 min
Step 380000/1000000000 | t=3.80e+01 | T=7393.2 | a=1.000915 | H=2.41e-05 | 572.6 steps/s | 1.75 ms/step | ETA: 29097.4 min
Step 390000/1000000000 | t=3.90e+01 | T=7393.1 | a=1.000939 | H=2.41e-05 | 572.6 steps/s | 1.75 ms/step | ETA: 29095.7 min
Step 400000/1000000000 | t=4.00e+01 | T=7392.9 | a=1.000963 | H=2.41e-05 | 572.6 steps/s | 1.75 ms/step | ETA: 29092.9 min
Step 410000/1000000000 | t=4.10e+01 | T=7392.7 | a=1.000987 | H=2.41e-05 | 572.7 steps/s | 1.75 ms/step | ETA: 29091.5 min
Step 420000/1000000000 | t=4.20e+01 | T=7392.5 | a=1.001011 | H=2.41e-05 | 572.8 steps/s | 1.75 ms/step | ETA: 29083.8 min
Step 430000/1000000000 | t=4.30e+01 | T=7392.3 | a=1.001035 | H=2.41e-05 | 573.0 steps/s | 1.75 ms/step | ETA: 29072.2 min
Step 440000/1000000000 | t=4.40e+01 | T=7392.2 | a=1.001059 | H=2.41e-05 | 573.0 steps/s | 1.75 ms/step | ETA: 29071.8 min
Step 450000/1000000000 | t=4.50e+01 | T=7392.0 | a=1.001083 | H=2.41e-05 | 573.0 steps/s | 1.75 ms/step | ETA: 29073.3 min
Step 460000/1000000000 | t=4.60e+01 | T=7391.8 | a=1.001107 | H=2.41e-05 | 572.7 steps/s | 1.75 ms/step | ETA: 29086.5 min
Step 470000/1000000000 | t=4.70e+01 | T=7391.6 | a=1.001131 | H=2.41e-05 | 572.7 steps/s | 1.75 ms/step | ETA: 29086.0 min
Step 480000/1000000000 | t=4.80e+01 | T=7391.5 | a=1.001155 | H=2.41e-05 | 572.8 steps/s | 1.75 ms/step | ETA: 29081.4 min
Step 490000/1000000000 | t=4.90e+01 | T=7391.3 | a=1.001179 | H=2.41e-05 | 572.9 steps/s | 1.75 ms/step | ETA: 29077.9 min
Step 500000/1000000000 | t=5.00e+01 | T=7391.1 | a=1.001204 | H=2.41e-05 | 573.0 steps/s | 1.75 ms/step | ETA: 29073.1 min
Step 510000/1000000000 | t=5.10e+01 | T=7390.9 | a=1.001228 | H=2.41e-05 | 572.9 steps/s | 1.75 ms/step | ETA: 29076.4 min
Step 520000/1000000000 | t=5.20e+01 | T=7390.7 | a=1.001252 | H=2.41e-05 | 572.8 steps/s | 1.75 ms/step | ETA: 29080.3 min
Step 530000/1000000000 | t=5.30e+01 | T=7390.6 | a=1.001276 | H=2.41e-05 | 573.0 steps/s | 1.75 ms/step | ETA: 29069.3 min
Step 540000/1000000000 | t=5.40e+01 | T=7390.4 | a=1.001300 | H=2.41e-05 | 573.1 steps/s | 1.74 ms/step | ETA: 29064.4 min
Step 550000/1000000000 | t=5.50e+01 | T=7390.2 | a=1.001324 | H=2.41e-05 | 573.2 steps/s | 1.74 ms/step | ETA: 29061.5 min
Step 560000/1000000000 | t=5.60e+01 | T=7390.0 | a=1.001348 | H=2.41e-05 | 573.3 steps/s | 1.74 ms/step | ETA: 29056.6 min
Step 570000/1000000000 | t=5.70e+01 | T=7389.9 | a=1.001372 | H=2.41e-05 | 573.4 steps/s | 1.74 ms/step | ETA: 29049.9 min
Step 580000/1000000000 | t=5.80e+01 | T=7389.7 | a=1.001396 | H=2.41e-05 | 573.5 steps/s | 1.74 ms/step | ETA: 29042.9 min
Step 590000/1000000000 | t=5.90e+01 | T=7389.5 | a=1.001420 | H=2.41e-05 | 573.5 steps/s | 1.74 ms/step | ETA: 29043.2 min
Step 600000/1000000000 | t=6.00e+01 | T=7389.3 | a=1.001444 | H=2.41e-05 | 573.5 steps/s | 1.74 ms/step | ETA: 29041.6 min
Step 610000/1000000000 | t=6.10e+01 | T=7389.1 | a=1.001469 | H=2.41e-05 | 573.8 steps/s | 1.74 ms/step | ETA: 29030.9 min
Step 620000/1000000000 | t=6.20e+01 | T=7389.0 | a=1.001493 | H=2.41e-05 | 573.4 steps/s | 1.74 ms/step | ETA: 29048.3 min
Step 630000/1000000000 | t=6.30e+01 | T=7388.8 | a=1.001517 | H=2.41e-05 | 573.3 steps/s | 1.74 ms/step | ETA: 29051.4 min
Step 640000/1000000000 | t=6.40e+01 | T=7388.6 | a=1.001541 | H=2.41e-05 | 573.4 steps/s | 1.74 ms/step | ETA: 29045.5 min
Step 650000/1000000000 | t=6.50e+01 | T=7388.4 | a=1.001565 | H=2.41e-05 | 573.5 steps/s | 1.74 ms/step | ETA: 29040.9 min
Step 660000/1000000000 | t=6.60e+01 | T=7388.3 | a=1.001589 | H=2.41e-05 | 573.6 steps/s | 1.74 ms/step | ETA: 29039.5 min
Step 670000/1000000000 | t=6.70e+01 | T=7388.1 | a=1.001613 | H=2.41e-05 | 573.6 steps/s | 1.74 ms/step | ETA: 29034.6 min
Step 680000/1000000000 | t=6.80e+01 | T=7387.9 | a=1.001637 | H=2.41e-05 | 573.6 steps/s | 1.74 ms/step | ETA: 29036.9 min
Step 690000/1000000000 | t=6.90e+01 | T=7387.7 | a=1.001661 | H=2.41e-05 | 573.6 steps/s | 1.74 ms/step | ETA: 29036.2 min
Step 700000/1000000000 | t=7.00e+01 | T=7387.5 | a=1.001685 | H=2.41e-05 | 573.3 steps/s | 1.74 ms/step | ETA: 29051.4 min
Step 710000/1000000000 | t=7.10e+01 | T=7387.4 | a=1.001709 | H=2.41e-05 | 573.2 steps/s | 1.74 ms/step | ETA: 29054.2 min
Step 720000/1000000000 | t=7.20e+01 | T=7387.2 | a=1.001734 | H=2.41e-05 | 573.1 steps/s | 1.75 ms/step | ETA: 29062.9 min
Step 730000/1000000000 | t=7.30e+01 | T=7387.0 | a=1.001758 | H=2.41e-05 | 573.2 steps/s | 1.74 ms/step | ETA: 29057.3 min
Step 740000/1000000000 | t=7.40e+01 | T=7386.8 | a=1.001782 | H=2.41e-05 | 573.4 steps/s | 1.74 ms/step | ETA: 29046.0 min
Step 750000/1000000000 | t=7.50e+01 | T=7386.7 | a=1.001806 | H=2.41e-05 | 573.4 steps/s | 1.74 ms/step | ETA: 29043.1 min
Step 760000/1000000000 | t=7.60e+01 | T=7386.5 | a=1.001830 | H=2.41e-05 | 573.6 steps/s | 1.74 ms/step | ETA: 29035.8 min
Step 770000/1000000000 | t=7.70e+01 | T=7386.3 | a=1.001854 | H=2.41e-05 | 573.7 steps/s | 1.74 ms/step | ETA: 29026.8 min
Step 780000/1000000000 | t=7.80e+01 | T=7386.1 | a=1.001878 | H=2.41e-05 | 573.8 steps/s | 1.74 ms/step | ETA: 29023.4 min
Step 790000/1000000000 | t=7.90e+01 | T=7386.0 | a=1.001902 | H=2.41e-05 | 573.9 steps/s | 1.74 ms/step | ETA: 29018.2 min
Step 800000/1000000000 | t=8.00e+01 | T=7385.8 | a=1.001926 | H=2.41e-05 | 573.9 steps/s | 1.74 ms/step | ETA: 29018.4 min
Step 810000/1000000000 | t=8.10e+01 | T=7385.6 | a=1.001950 | H=2.41e-05 | 573.4 steps/s | 1.74 ms/step | ETA: 29041.9 min
Step 820000/1000000000 | t=8.20e+01 | T=7385.4 | a=1.001975 | H=2.41e-05 | 573.2 steps/s | 1.74 ms/step | ETA: 29054.7 min
Step 830000/1000000000 | t=8.30e+01 | T=7385.2 | a=1.001999 | H=2.41e-05 | 573.0 steps/s | 1.75 ms/step | ETA: 29061.9 min
Step 840000/1000000000 | t=8.40e+01 | T=7385.1 | a=1.002023 | H=2.41e-05 | 573.0 steps/s | 1.75 ms/step | ETA: 29060.3 min
Step 850000/1000000000 | t=8.50e+01 | T=7384.9 | a=1.002047 | H=2.41e-05 | 573.0 steps/s | 1.75 ms/step | ETA: 29061.2 min
Step 860000/1000000000 | t=8.60e+01 | T=7384.7 | a=1.002071 | H=2.41e-05 | 571.1 steps/s | 1.75 ms/step | ETA: 29156.5 min
Step 870000/1000000000 | t=8.70e+01 | T=7384.5 | a=1.002095 | H=2.41e-05 | 570.8 steps/s | 1.75 ms/step | ETA: 29171.0 min
Step 880000/1000000000 | t=8.80e+01 | T=7384.4 | a=1.002119 | H=2.41e-05 | 570.7 steps/s | 1.75 ms/step | ETA: 29177.8 min
Step 890000/1000000000 | t=8.90e+01 | T=7384.2 | a=1.002143 | H=2.41e-05 | 570.6 steps/s | 1.75 ms/step | ETA: 29182.6 min
Step 900000/1000000000 | t=9.00e+01 | T=7384.0 | a=1.002167 | H=2.41e-05 | 570.7 steps/s | 1.75 ms/step | ETA: 29180.0 min
Step 910000/1000000000 | t=9.10e+01 | T=7383.8 | a=1.002192 | H=2.41e-05 | 570.6 steps/s | 1.75 ms/step | ETA: 29182.0 min
Step 920000/1000000000 | t=9.20e+01 | T=7383.6 | a=1.002216 | H=2.41e-05 | 570.6 steps/s | 1.75 ms/step | ETA: 29180.7 min
Step 930000/1000000000 | t=9.30e+01 | T=7383.5 | a=1.002240 | H=2.41e-05 | 570.6 steps/s | 1.75 ms/step | ETA: 29181.2 min
Step 940000/1000000000 | t=9.40e+01 | T=7383.3 | a=1.002264 | H=2.41e-05 | 570.6 steps/s | 1.75 ms/step | ETA: 29179.8 min
Step 950000/1000000000 | t=9.50e+01 | T=7383.1 | a=1.002288 | H=2.41e-05 | 570.7 steps/s | 1.75 ms/step | ETA: 29178.0 min
Step 960000/1000000000 | t=9.60e+01 | T=7382.9 | a=1.002312 | H=2.41e-05 | 570.5 steps/s | 1.75 ms/step | ETA: 29187.0 min
Step 970000/1000000000 | t=9.70e+01 | T=7382.8 | a=1.002336 | H=2.41e-05 | 570.5 steps/s | 1.75 ms/step | ETA: 29185.1 min
Step 980000/1000000000 | t=9.80e+01 | T=7382.6 | a=1.002360 | H=2.41e-05 | 570.5 steps/s | 1.75 ms/step | ETA: 29187.0 min
Step 990000/1000000000 | t=9.90e+01 | T=7382.4 | a=1.002384 | H=2.41e-05 | 570.5 steps/s | 1.75 ms/step | ETA: 29182.9 min
Step 1000000/1000000000 | t=1.00e+02 | T=7382.2 | a=1.002409 | H=2.41e-05 | 570.6 steps/s | 1.75 ms/step | ETA: 29180.2 min
Step 1010000/1000000000 | t=1.01e+02 | T=7382.0 | a=1.002433 | H=2.41e-05 | 570.6 steps/s | 1.75 ms/step | ETA: 29180.9 min
Step 1020000/1000000000 | t=1.02e+02 | T=7381.9 | a=1.002457 | H=2.41e-05 | 570.6 steps/s | 1.75 ms/step | ETA: 29180.7 min
Step 1030000/1000000000 | t=1.03e+02 | T=7381.7 | a=1.002481 | H=2.41e-05 | 570.6 steps/s | 1.75 ms/step | ETA: 29177.5 min
Step 1040000/1000000000 | t=1.04e+02 | T=7381.5 | a=1.002505 | H=2.41e-05 | 570.6 steps/s | 1.75 ms/step | ETA: 29179.4 min
Step 1050000/1000000000 | t=1.05e+02 | T=7381.3 | a=1.002529 | H=2.41e-05 | 570.7 steps/s | 1.75 ms/step | ETA: 29175.1 min
Step 1060000/1000000000 | t=1.06e+02 | T=7381.2 | a=1.002553 | H=2.41e-05 | 570.6 steps/s | 1.75 ms/step | ETA: 29180.3 min
Step 1070000/1000000000 | t=1.07e+02 | T=7381.0 | a=1.002577 | H=2.41e-05 | 570.6 steps/s | 1.75 ms/step | ETA: 29178.4 min
Step 1080000/1000000000 | t=1.08e+02 | T=7380.8 | a=1.002601 | H=2.41e-05 | 570.7 steps/s | 1.75 ms/step | ETA: 29174.7 min
Step 1090000/1000000000 | t=1.09e+02 | T=7380.6 | a=1.002626 | H=2.41e-05 | 570.6 steps/s | 1.75 ms/step | ETA: 29175.7 min
Step 1100000/1000000000 | t=1.10e+02 | T=7380.4 | a=1.002650 | H=2.41e-05 | 570.7 steps/s | 1.75 ms/step | ETA: 29171.9 min
Step 1110000/1000000000 | t=1.11e+02 | T=7380.3 | a=1.002674 | H=2.41e-05 | 570.7 steps/s | 1.75 ms/step | ETA: 29170.3 min
Step 1120000/1000000000 | t=1.12e+02 | T=7380.1 | a=1.002698 | H=2.41e-05 | 570.7 steps/s | 1.75 ms/step | ETA: 29169.0 min
Step 1130000/1000000000 | t=1.13e+02 | T=7379.9 | a=1.002722 | H=2.41e-05 | 570.8 steps/s | 1.75 ms/step | ETA: 29167.4 min
Step 1140000/1000000000 | t=1.14e+02 | T=7379.7 | a=1.002746 | H=2.41e-05 | 570.9 steps/s | 1.75 ms/step | ETA: 29162.9 min
Step 1150000/1000000000 | t=1.15e+02 | T=7379.6 | a=1.002770 | H=2.41e-05 | 570.9 steps/s | 1.75 ms/step | ETA: 29161.0 min
Step 1160000/1000000000 | t=1.16e+02 | T=7379.4 | a=1.002794 | H=2.41e-05 | 570.9 steps/s | 1.75 ms/step | ETA: 29158.9 min
Step 1170000/1000000000 | t=1.17e+02 | T=7379.2 | a=1.002819 | H=2.41e-05 | 570.9 steps/s | 1.75 ms/step | ETA: 29157.0 min
Step 1180000/1000000000 | t=1.18e+02 | T=7379.0 | a=1.002843 | H=2.41e-05 | 571.0 steps/s | 1.75 ms/step | ETA: 29153.6 min
Step 1190000/1000000000 | t=1.19e+02 | T=7378.8 | a=1.002867 | H=2.41e-05 | 571.0 steps/s | 1.75 ms/step | ETA: 29151.9 min
Step 1200000/1000000000 | t=1.20e+02 | T=7378.7 | a=1.002891 | H=2.41e-05 | 571.0 steps/s | 1.75 ms/step | ETA: 29151.3 min
Step 1210000/1000000000 | t=1.21e+02 | T=7378.5 | a=1.002915 | H=2.41e-05 | 571.0 steps/s | 1.75 ms/step | ETA: 29153.4 min
Step 1220000/1000000000 | t=1.22e+02 | T=7378.3 | a=1.002939 | H=2.41e-05 | 571.1 steps/s | 1.75 ms/step | ETA: 29148.7 min
Step 1230000/1000000000 | t=1.23e+02 | T=7378.1 | a=1.002963 | H=2.41e-05 | 571.1 steps/s | 1.75 ms/step | ETA: 29148.1 min
Step 1240000/1000000000 | t=1.24e+02 | T=7378.0 | a=1.002987 | H=2.41e-05 | 571.1 steps/s | 1.75 ms/step | ETA: 29147.0 min
Step 1250000/1000000000 | t=1.25e+02 | T=7377.8 | a=1.003012 | H=2.41e-05 | 571.1 steps/s | 1.75 ms/step | ETA: 29147.1 min
Step 1260000/1000000000 | t=1.26e+02 | T=7377.6 | a=1.003036 | H=2.41e-05 | 571.1 steps/s | 1.75 ms/step | ETA: 29147.7 min
Step 1270000/1000000000 | t=1.27e+02 | T=7377.4 | a=1.003060 | H=2.41e-05 | 571.2 steps/s | 1.75 ms/step | ETA: 29143.4 min
Step 1280000/1000000000 | t=1.28e+02 | T=7377.2 | a=1.003084 | H=2.41e-05 | 571.2 steps/s | 1.75 ms/step | ETA: 29142.0 min
Step 1290000/1000000000 | t=1.29e+02 | T=7377.1 | a=1.003108 | H=2.41e-05 | 571.1 steps/s | 1.75 ms/step | ETA: 29143.7 min
Step 1300000/1000000000 | t=1.30e+02 | T=7376.9 | a=1.003132 | H=2.41e-05 | 570.9 steps/s | 1.75 ms/step | ETA: 29154.8 min
Step 1310000/1000000000 | t=1.31e+02 | T=7376.7 | a=1.003156 | H=2.41e-05 | 570.9 steps/s | 1.75 ms/step | ETA: 29155.5 min
Step 1320000/1000000000 | t=1.32e+02 | T=7376.5 | a=1.003180 | H=2.41e-05 | 570.9 steps/s | 1.75 ms/step | ETA: 29154.3 min
Step 1330000/1000000000 | t=1.33e+02 | T=7376.4 | a=1.003205 | H=2.41e-05 | 571.0 steps/s | 1.75 ms/step | ETA: 29151.3 min
Step 1340000/1000000000 | t=1.34e+02 | T=7376.2 | a=1.003229 | H=2.41e-05 | 571.0 steps/s | 1.75 ms/step | ETA: 29151.8 min
Step 1350000/1000000000 | t=1.35e+02 | T=7376.0 | a=1.003253 | H=2.41e-05 | 570.9 steps/s | 1.75 ms/step | ETA: 29152.0 min
Step 1360000/1000000000 | t=1.36e+02 | T=7375.8 | a=1.003277 | H=2.41e-05 | 570.9 steps/s | 1.75 ms/step | ETA: 29153.4 min
Step 1370000/1000000000 | t=1.37e+02 | T=7375.7 | a=1.003301 | H=2.41e-05 | 570.9 steps/s | 1.75 ms/step | ETA: 29153.7 min
Step 1380000/1000000000 | t=1.38e+02 | T=7375.5 | a=1.003325 | H=2.41e-05 | 570.8 steps/s | 1.75 ms/step | ETA: 29156.1 min
Step 1390000/1000000000 | t=1.39e+02 | T=7375.3 | a=1.003349 | H=2.41e-05 | 570.8 steps/s | 1.75 ms/step | ETA: 29156.1 min
Step 1400000/1000000000 | t=1.40e+02 | T=7375.1 | a=1.003374 | H=2.41e-05 | 570.7 steps/s | 1.75 ms/step | ETA: 29160.8 min
Step 1410000/1000000000 | t=1.41e+02 | T=7374.9 | a=1.003398 | H=2.41e-05 | 570.7 steps/s | 1.75 ms/step | ETA: 29162.9 min
Step 1420000/1000000000 | t=1.42e+02 | T=7374.8 | a=1.003422 | H=2.41e-05 | 570.7 steps/s | 1.75 ms/step | ETA: 29160.9 min
Step 1430000/1000000000 | t=1.43e+02 | T=7374.6 | a=1.003446 | H=2.41e-05 | 570.6 steps/s | 1.75 ms/step | ETA: 29164.9 min
Step 1440000/1000000000 | t=1.44e+02 | T=7374.4 | a=1.003470 | H=2.41e-05 | 570.6 steps/s | 1.75 ms/step | ETA: 29166.0 min
Step 1450000/1000000000 | t=1.45e+02 | T=7374.2 | a=1.003494 | H=2.41e-05 | 570.6 steps/s | 1.75 ms/step | ETA: 29164.6 min
Step 1460000/1000000000 | t=1.46e+02 | T=7374.1 | a=1.003518 | H=2.41e-05 | 570.6 steps/s | 1.75 ms/step | ETA: 29164.5 min
Step 1470000/1000000000 | t=1.47e+02 | T=7373.9 | a=1.003543 | H=2.41e-05 | 570.6 steps/s | 1.75 ms/step | ETA: 29164.7 min
Step 1480000/1000000000 | t=1.48e+02 | T=7373.7 | a=1.003567 | H=2.41e-05 | 570.7 steps/s | 1.75 ms/step | ETA: 29161.7 min
Step 1490000/1000000000 | t=1.49e+02 | T=7373.5 | a=1.003591 | H=2.41e-05 | 570.8 steps/s | 1.75 ms/step | ETA: 29157.6 min
Step 1500000/1000000000 | t=1.50e+02 | T=7373.3 | a=1.003615 | H=2.41e-05 | 570.8 steps/s | 1.75 ms/step | ETA: 29157.3 min
Step 1510000/1000000000 | t=1.51e+02 | T=7373.2 | a=1.003639 | H=2.41e-05 | 570.7 steps/s | 1.75 ms/step | ETA: 29159.3 min
Step 1520000/1000000000 | t=1.52e+02 | T=7373.0 | a=1.003663 | H=2.41e-05 | 570.7 steps/s | 1.75 ms/step | ETA: 29160.8 min
Step 1530000/1000000000 | t=1.53e+02 | T=7372.8 | a=1.003687 | H=2.41e-05 | 570.7 steps/s | 1.75 ms/step | ETA: 29161.3 min
Step 1540000/1000000000 | t=1.54e+02 | T=7372.6 | a=1.003712 | H=2.41e-05 | 570.6 steps/s | 1.75 ms/step | ETA: 29162.8 min
Step 1550000/1000000000 | t=1.55e+02 | T=7372.5 | a=1.003736 | H=2.41e-05 | 570.7 steps/s | 1.75 ms/step | ETA: 29161.0 min
Step 1560000/1000000000 | t=1.56e+02 | T=7372.3 | a=1.003760 | H=2.41e-05 | 570.6 steps/s | 1.75 ms/step | ETA: 29161.1 min
Step 1570000/1000000000 | t=1.57e+02 | T=7372.1 | a=1.003784 | H=2.41e-05 | 570.7 steps/s | 1.75 ms/step | ETA: 29158.6 min
Step 1580000/1000000000 | t=1.58e+02 | T=7371.9 | a=1.003808 | H=2.41e-05 | 570.7 steps/s | 1.75 ms/step | ETA: 29159.7 min
Step 1590000/1000000000 | t=1.59e+02 | T=7371.7 | a=1.003832 | H=2.41e-05 | 570.7 steps/s | 1.75 ms/step | ETA: 29159.3 min
Step 1600000/1000000000 | t=1.60e+02 | T=7371.6 | a=1.003856 | H=2.41e-05 | 570.6 steps/s | 1.75 ms/step | ETA: 29160.1 min
Step 1610000/1000000000 | t=1.61e+02 | T=7371.4 | a=1.003881 | H=2.41e-05 | 570.6 steps/s | 1.75 ms/step | ETA: 29162.9 min
Step 1620000/1000000000 | t=1.62e+02 | T=7371.2 | a=1.003905 | H=2.41e-05 | 570.7 steps/s | 1.75 ms/step | ETA: 29158.3 min
Step 1630000/1000000000 | t=1.63e+02 | T=7371.0 | a=1.003929 | H=2.41e-05 | 570.7 steps/s | 1.75 ms/step | ETA: 29158.1 min
Step 1640000/1000000000 | t=1.64e+02 | T=7370.9 | a=1.003953 | H=2.41e-05 | 570.7 steps/s | 1.75 ms/step | ETA: 29154.1 min
Step 1650000/1000000000 | t=1.65e+02 | T=7370.7 | a=1.003977 | H=2.41e-05 | 570.6 steps/s | 1.75 ms/step | ETA: 29159.3 min
Step 1660000/1000000000 | t=1.66e+02 | T=7370.5 | a=1.004001 | H=2.41e-05 | 570.7 steps/s | 1.75 ms/step | ETA: 29155.6 min
Step 1670000/1000000000 | t=1.67e+02 | T=7370.3 | a=1.004025 | H=2.41e-05 | 570.7 steps/s | 1.75 ms/step | ETA: 29153.2 min
Step 1680000/1000000000 | t=1.68e+02 | T=7370.2 | a=1.004050 | H=2.41e-05 | 570.8 steps/s | 1.75 ms/step | ETA: 29149.9 min
Step 1690000/1000000000 | t=1.69e+02 | T=7370.0 | a=1.004074 | H=2.41e-05 | 570.8 steps/s | 1.75 ms/step | ETA: 29147.7 min
Step 1700000/1000000000 | t=1.70e+02 | T=7369.8 | a=1.004098 | H=2.41e-05 | 570.9 steps/s | 1.75 ms/step | ETA: 29144.8 min
Step 1710000/1000000000 | t=1.71e+02 | T=7369.6 | a=1.004122 | H=2.41e-05 | 570.9 steps/s | 1.75 ms/step | ETA: 29142.8 min
Step 1720000/1000000000 | t=1.72e+02 | T=7369.4 | a=1.004146 | H=2.41e-05 | 571.0 steps/s | 1.75 ms/step | ETA: 29139.2 min
Step 1730000/1000000000 | t=1.73e+02 | T=7369.3 | a=1.004170 | H=2.41e-05 | 571.0 steps/s | 1.75 ms/step | ETA: 29139.9 min
Step 1740000/1000000000 | t=1.74e+02 | T=7369.1 | a=1.004195 | H=2.41e-05 | 570.8 steps/s | 1.75 ms/step | ETA: 29145.6 min
Step 1750000/1000000000 | t=1.75e+02 | T=7368.9 | a=1.004219 | H=2.41e-05 | 570.9 steps/s | 1.75 ms/step | ETA: 29142.7 min
Step 1760000/1000000000 | t=1.76e+02 | T=7368.7 | a=1.004243 | H=2.41e-05 | 571.0 steps/s | 1.75 ms/step | ETA: 29139.2 min
Step 1770000/1000000000 | t=1.77e+02 | T=7368.6 | a=1.004267 | H=2.41e-05 | 571.1 steps/s | 1.75 ms/step | ETA: 29133.3 min
Step 1780000/1000000000 | t=1.78e+02 | T=7368.4 | a=1.004291 | H=2.41e-05 | 571.1 steps/s | 1.75 ms/step | ETA: 29130.7 min
Step 1790000/1000000000 | t=1.79e+02 | T=7368.2 | a=1.004315 | H=2.41e-05 | 571.2 steps/s | 1.75 ms/step | ETA: 29128.0 min
Step 1800000/1000000000 | t=1.80e+02 | T=7368.0 | a=1.004340 | H=2.41e-05 | 571.2 steps/s | 1.75 ms/step | ETA: 29127.4 min
Step 1810000/1000000000 | t=1.81e+02 | T=7367.8 | a=1.004364 | H=2.41e-05 | 571.3 steps/s | 1.75 ms/step | ETA: 29122.9 min
Step 1820000/1000000000 | t=1.82e+02 | T=7367.7 | a=1.004388 | H=2.41e-05 | 571.3 steps/s | 1.75 ms/step | ETA: 29119.0 min
Step 1830000/1000000000 | t=1.83e+02 | T=7367.5 | a=1.004412 | H=2.41e-05 | 571.3 steps/s | 1.75 ms/step | ETA: 29118.0 min
Step 1840000/1000000000 | t=1.84e+02 | T=7367.3 | a=1.004436 | H=2.41e-05 | 571.3 steps/s | 1.75 ms/step | ETA: 29117.1 min
Step 1850000/1000000000 | t=1.85e+02 | T=7367.1 | a=1.004460 | H=2.41e-05 | 571.4 steps/s | 1.75 ms/step | ETA: 29115.5 min
Step 1860000/1000000000 | t=1.86e+02 | T=7367.0 | a=1.004484 | H=2.41e-05 | 571.4 steps/s | 1.75 ms/step | ETA: 29113.6 min
Step 1870000/1000000000 | t=1.87e+02 | T=7366.8 | a=1.004509 | H=2.41e-05 | 571.5 steps/s | 1.75 ms/step | ETA: 29108.4 min
Step 1880000/1000000000 | t=1.88e+02 | T=7366.6 | a=1.004533 | H=2.41e-05 | 571.5 steps/s | 1.75 ms/step | ETA: 29109.5 min
Step 1890000/1000000000 | t=1.89e+02 | T=7366.4 | a=1.004557 | H=2.41e-05 | 571.5 steps/s | 1.75 ms/step | ETA: 29106.5 min
Step 1900000/1000000000 | t=1.90e+02 | T=7366.3 | a=1.004581 | H=2.41e-05 | 571.6 steps/s | 1.75 ms/step | ETA: 29103.5 min
Step 1910000/1000000000 | t=1.91e+02 | T=7366.1 | a=1.004605 | H=2.41e-05 | 571.6 steps/s | 1.75 ms/step | ETA: 29099.9 min
Step 1920000/1000000000 | t=1.92e+02 | T=7365.9 | a=1.004629 | H=2.41e-05 | 571.7 steps/s | 1.75 ms/step | ETA: 29097.2 min
Step 1930000/1000000000 | t=1.93e+02 | T=7365.7 | a=1.004654 | H=2.41e-05 | 571.8 steps/s | 1.75 ms/step | ETA: 29093.5 min
Step 1940000/1000000000 | t=1.94e+02 | T=7365.5 | a=1.004678 | H=2.41e-05 | 571.8 steps/s | 1.75 ms/step | ETA: 29089.0 min
Step 1950000/1000000000 | t=1.95e+02 | T=7365.4 | a=1.004702 | H=2.41e-05 | 571.9 steps/s | 1.75 ms/step | ETA: 29085.8 min
Step 1960000/1000000000 | t=1.96e+02 | T=7365.2 | a=1.004726 | H=2.41e-05 | 572.0 steps/s | 1.75 ms/step | ETA: 29082.7 min
Step 1970000/1000000000 | t=1.97e+02 | T=7365.0 | a=1.004750 | H=2.41e-05 | 572.0 steps/s | 1.75 ms/step | ETA: 29079.3 min
Step 1980000/1000000000 | t=1.98e+02 | T=7364.8 | a=1.004775 | H=2.41e-05 | 572.0 steps/s | 1.75 ms/step | ETA: 29079.3 min
Step 1990000/1000000000 | t=1.99e+02 | T=7364.7 | a=1.004799 | H=2.41e-05 | 572.0 steps/s | 1.75 ms/step | ETA: 29080.6 min
Step 2000000/1000000000 | t=2.00e+02 | T=7364.5 | a=1.004823 | H=2.41e-05 | 571.9 steps/s | 1.75 ms/step | ETA: 29083.3 min
Step 2010000/1000000000 | t=2.01e+02 | T=7364.3 | a=1.004847 | H=2.41e-05 | 571.9 steps/s | 1.75 ms/step | ETA: 29082.8 min
Step 2020000/1000000000 | t=2.02e+02 | T=7364.1 | a=1.004871 | H=2.41e-05 | 572.0 steps/s | 1.75 ms/step | ETA: 29081.2 min
Step 2030000/1000000000 | t=2.03e+02 | T=7364.0 | a=1.004895 | H=2.41e-05 | 572.0 steps/s | 1.75 ms/step | ETA: 29079.8 min
Step 2040000/1000000000 | t=2.04e+02 | T=7363.8 | a=1.004920 | H=2.41e-05 | 572.0 steps/s | 1.75 ms/step | ETA: 29077.0 min
Step 2050000/1000000000 | t=2.05e+02 | T=7363.6 | a=1.004944 | H=2.41e-05 | 572.0 steps/s | 1.75 ms/step | ETA: 29075.4 min
Step 2060000/1000000000 | t=2.06e+02 | T=7363.4 | a=1.004968 | H=2.41e-05 | 572.1 steps/s | 1.75 ms/step | ETA: 29073.2 min
Step 2070000/1000000000 | t=2.07e+02 | T=7363.2 | a=1.004992 | H=2.41e-05 | 572.1 steps/s | 1.75 ms/step | ETA: 29070.2 min
Step 2080000/1000000000 | t=2.08e+02 | T=7363.1 | a=1.005016 | H=2.41e-05 | 572.2 steps/s | 1.75 ms/step | ETA: 29066.8 min
Step 2090000/1000000000 | t=2.09e+02 | T=7362.9 | a=1.005040 | H=2.41e-05 | 572.1 steps/s | 1.75 ms/step | ETA: 29071.6 min
Step 2100000/1000000000 | t=2.10e+02 | T=7362.7 | a=1.005065 | H=2.41e-05 | 572.2 steps/s | 1.75 ms/step | ETA: 29068.5 min
Step 2110000/1000000000 | t=2.11e+02 | T=7362.5 | a=1.005089 | H=2.41e-05 | 572.2 steps/s | 1.75 ms/step | ETA: 29067.2 min
Step 2120000/1000000000 | t=2.12e+02 | T=7362.4 | a=1.005113 | H=2.41e-05 | 572.2 steps/s | 1.75 ms/step | ETA: 29065.0 min
Step 2130000/1000000000 | t=2.13e+02 | T=7362.2 | a=1.005137 | H=2.41e-05 | 572.3 steps/s | 1.75 ms/step | ETA: 29061.6 min
Step 2140000/1000000000 | t=2.14e+02 | T=7362.0 | a=1.005161 | H=2.41e-05 | 572.3 steps/s | 1.75 ms/step | ETA: 29058.1 min
Step 2150000/1000000000 | t=2.15e+02 | T=7361.8 | a=1.005185 | H=2.41e-05 | 572.4 steps/s | 1.75 ms/step | ETA: 29054.7 min
Step 2160000/1000000000 | t=2.16e+02 | T=7361.6 | a=1.005210 | H=2.41e-05 | 572.4 steps/s | 1.75 ms/step | ETA: 29054.4 min
Step 2170000/1000000000 | t=2.17e+02 | T=7361.5 | a=1.005234 | H=2.41e-05 | 572.4 steps/s | 1.75 ms/step | ETA: 29052.6 min
Step 2180000/1000000000 | t=2.18e+02 | T=7361.3 | a=1.005258 | H=2.41e-05 | 572.5 steps/s | 1.75 ms/step | ETA: 29050.2 min
Step 2190000/1000000000 | t=2.19e+02 | T=7361.1 | a=1.005282 | H=2.41e-05 | 572.5 steps/s | 1.75 ms/step | ETA: 29048.3 min
Step 2200000/1000000000 | t=2.20e+02 | T=7360.9 | a=1.005306 | H=2.41e-05 | 572.5 steps/s | 1.75 ms/step | ETA: 29047.4 min
Step 2210000/1000000000 | t=2.21e+02 | T=7360.8 | a=1.005331 | H=2.41e-05 | 572.5 steps/s | 1.75 ms/step | ETA: 29046.7 min
Step 2220000/1000000000 | t=2.22e+02 | T=7360.6 | a=1.005355 | H=2.41e-05 | 572.6 steps/s | 1.75 ms/step | ETA: 29044.1 min
Step 2230000/1000000000 | t=2.23e+02 | T=7360.4 | a=1.005379 | H=2.41e-05 | 572.6 steps/s | 1.75 ms/step | ETA: 29043.0 min
Step 2240000/1000000000 | t=2.24e+02 | T=7360.2 | a=1.005403 | H=2.41e-05 | 572.7 steps/s | 1.75 ms/step | ETA: 29038.2 min
Step 2250000/1000000000 | t=2.25e+02 | T=7360.1 | a=1.005427 | H=2.41e-05 | 572.7 steps/s | 1.75 ms/step | ETA: 29034.8 min
Step 2260000/1000000000 | t=2.26e+02 | T=7359.9 | a=1.005452 | H=2.41e-05 | 572.8 steps/s | 1.75 ms/step | ETA: 29033.3 min
Step 2270000/1000000000 | t=2.27e+02 | T=7359.7 | a=1.005476 | H=2.41e-05 | 572.8 steps/s | 1.75 ms/step | ETA: 29032.5 min
Step 2280000/1000000000 | t=2.28e+02 | T=7359.5 | a=1.005500 | H=2.41e-05 | 572.8 steps/s | 1.75 ms/step | ETA: 29030.9 min
Step 2290000/1000000000 | t=2.29e+02 | T=7359.3 | a=1.005524 | H=2.41e-05 | 572.8 steps/s | 1.75 ms/step | ETA: 29029.1 min
Step 2300000/1000000000 | t=2.30e+02 | T=7359.2 | a=1.005548 | H=2.41e-05 | 572.9 steps/s | 1.75 ms/step | ETA: 29026.5 min
Step 2310000/1000000000 | t=2.31e+02 | T=7359.0 | a=1.005572 | H=2.41e-05 | 572.9 steps/s | 1.75 ms/step | ETA: 29025.0 min
Step 2320000/1000000000 | t=2.32e+02 | T=7358.8 | a=1.005597 | H=2.41e-05 | 573.0 steps/s | 1.75 ms/step | ETA: 29021.6 min
Step 2330000/1000000000 | t=2.33e+02 | T=7358.6 | a=1.005621 | H=2.41e-05 | 573.0 steps/s | 1.75 ms/step | ETA: 29019.7 min
Step 2340000/1000000000 | t=2.34e+02 | T=7358.5 | a=1.005645 | H=2.41e-05 | 573.0 steps/s | 1.75 ms/step | ETA: 29017.4 min
Step 2350000/1000000000 | t=2.35e+02 | T=7358.3 | a=1.005669 | H=2.41e-05 | 573.0 steps/s | 1.75 ms/step | ETA: 29019.2 min
Step 2360000/1000000000 | t=2.36e+02 | T=7358.1 | a=1.005693 | H=2.41e-05 | 573.0 steps/s | 1.75 ms/step | ETA: 29017.1 min
Step 2370000/1000000000 | t=2.37e+02 | T=7357.9 | a=1.005718 | H=2.41e-05 | 573.1 steps/s | 1.75 ms/step | ETA: 29014.6 min
Step 2380000/1000000000 | t=2.38e+02 | T=7357.8 | a=1.005742 | H=2.41e-05 | 573.1 steps/s | 1.75 ms/step | ETA: 29014.6 min
Step 2390000/1000000000 | t=2.39e+02 | T=7357.6 | a=1.005766 | H=2.41e-05 | 573.1 steps/s | 1.74 ms/step | ETA: 29012.0 min
Step 2400000/1000000000 | t=2.40e+02 | T=7357.4 | a=1.005790 | H=2.41e-05 | 573.1 steps/s | 1.74 ms/step | ETA: 29010.7 min
Step 2410000/1000000000 | t=2.41e+02 | T=7357.2 | a=1.005814 | H=2.41e-05 | 573.1 steps/s | 1.74 ms/step | ETA: 29010.9 min
Step 2420000/1000000000 | t=2.42e+02 | T=7357.0 | a=1.005839 | H=2.41e-05 | 573.1 steps/s | 1.74 ms/step | ETA: 29009.0 min
Step 2430000/1000000000 | t=2.43e+02 | T=7356.9 | a=1.005863 | H=2.41e-05 | 573.2 steps/s | 1.74 ms/step | ETA: 29006.0 min
Step 2440000/1000000000 | t=2.44e+02 | T=7356.7 | a=1.005887 | H=2.41e-05 | 573.1 steps/s | 1.74 ms/step | ETA: 29008.7 min
Step 2450000/1000000000 | t=2.45e+02 | T=7356.5 | a=1.005911 | H=2.41e-05 | 573.1 steps/s | 1.74 ms/step | ETA: 29007.9 min
Step 2460000/1000000000 | t=2.46e+02 | T=7356.3 | a=1.005935 | H=2.41e-05 | 573.2 steps/s | 1.74 ms/step | ETA: 29004.7 min
Step 2470000/1000000000 | t=2.47e+02 | T=7356.2 | a=1.005960 | H=2.41e-05 | 573.2 steps/s | 1.74 ms/step | ETA: 29004.3 min
Step 2480000/1000000000 | t=2.48e+02 | T=7356.0 | a=1.005984 | H=2.41e-05 | 573.2 steps/s | 1.74 ms/step | ETA: 29002.0 min
Step 2490000/1000000000 | t=2.49e+02 | T=7355.8 | a=1.006008 | H=2.41e-05 | 573.3 steps/s | 1.74 ms/step | ETA: 28999.4 min
Step 2500000/1000000000 | t=2.50e+02 | T=7355.6 | a=1.006032 | H=2.41e-05 | 573.3 steps/s | 1.74 ms/step | ETA: 28998.8 min
Step 2510000/1000000000 | t=2.51e+02 | T=7355.5 | a=1.006056 | H=2.41e-05 | 573.3 steps/s | 1.74 ms/step | ETA: 28996.5 min
Step 2520000/1000000000 | t=2.52e+02 | T=7355.3 | a=1.006081 | H=2.41e-05 | 573.3 steps/s | 1.74 ms/step | ETA: 28998.9 min
Step 2530000/1000000000 | t=2.53e+02 | T=7355.1 | a=1.006105 | H=2.41e-05 | 573.3 steps/s | 1.74 ms/step | ETA: 28997.4 min
Step 2540000/1000000000 | t=2.54e+02 | T=7354.9 | a=1.006129 | H=2.41e-05 | 573.3 steps/s | 1.74 ms/step | ETA: 28996.2 min
Step 2550000/1000000000 | t=2.55e+02 | T=7354.7 | a=1.006153 | H=2.41e-05 | 573.3 steps/s | 1.74 ms/step | ETA: 28995.7 min
Step 2560000/1000000000 | t=2.56e+02 | T=7354.6 | a=1.006177 | H=2.41e-05 | 573.3 steps/s | 1.74 ms/step | ETA: 28994.8 min
Step 2570000/1000000000 | t=2.57e+02 | T=7354.4 | a=1.006202 | H=2.41e-05 | 573.4 steps/s | 1.74 ms/step | ETA: 28992.9 min
Step 2580000/1000000000 | t=2.58e+02 | T=7354.2 | a=1.006226 | H=2.41e-05 | 573.4 steps/s | 1.74 ms/step | ETA: 28992.3 min
Step 2590000/1000000000 | t=2.59e+02 | T=7354.0 | a=1.006250 | H=2.41e-05 | 573.4 steps/s | 1.74 ms/step | ETA: 28989.2 min
Step 2600000/1000000000 | t=2.60e+02 | T=7353.9 | a=1.006274 | H=2.41e-05 | 573.5 steps/s | 1.74 ms/step | ETA: 28986.0 min
Step 2610000/1000000000 | t=2.61e+02 | T=7353.7 | a=1.006298 | H=2.41e-05 | 573.5 steps/s | 1.74 ms/step | ETA: 28986.0 min
Step 2620000/1000000000 | t=2.62e+02 | T=7353.5 | a=1.006323 | H=2.41e-05 | 573.5 steps/s | 1.74 ms/step | ETA: 28985.8 min
Step 2630000/1000000000 | t=2.63e+02 | T=7353.3 | a=1.006347 | H=2.41e-05 | 573.5 steps/s | 1.74 ms/step | ETA: 28985.2 min
Step 2640000/1000000000 | t=2.64e+02 | T=7353.2 | a=1.006371 | H=2.41e-05 | 573.5 steps/s | 1.74 ms/step | ETA: 28983.0 min
Step 2650000/1000000000 | t=2.65e+02 | T=7353.0 | a=1.006395 | H=2.41e-05 | 573.6 steps/s | 1.74 ms/step | ETA: 28981.0 min
Step 2660000/1000000000 | t=2.66e+02 | T=7352.8 | a=1.006419 | H=2.41e-05 | 573.6 steps/s | 1.74 ms/step | ETA: 28979.0 min
Step 2670000/1000000000 | t=2.67e+02 | T=7352.6 | a=1.006444 | H=2.41e-05 | 573.6 steps/s | 1.74 ms/step | ETA: 28978.5 min
Step 2680000/1000000000 | t=2.68e+02 | T=7352.4 | a=1.006468 | H=2.41e-05 | 573.7 steps/s | 1.74 ms/step | ETA: 28974.9 min
Step 2690000/1000000000 | t=2.69e+02 | T=7352.3 | a=1.006492 | H=2.41e-05 | 573.6 steps/s | 1.74 ms/step | ETA: 28976.5 min
Step 2700000/1000000000 | t=2.70e+02 | T=7352.1 | a=1.006516 | H=2.41e-05 | 573.6 steps/s | 1.74 ms/step | ETA: 28975.8 min
Step 2710000/1000000000 | t=2.71e+02 | T=7351.9 | a=1.006541 | H=2.41e-05 | 573.6 steps/s | 1.74 ms/step | ETA: 28975.2 min
Step 2720000/1000000000 | t=2.72e+02 | T=7351.7 | a=1.006565 | H=2.41e-05 | 573.6 steps/s | 1.74 ms/step | ETA: 28974.9 min
Step 2730000/1000000000 | t=2.73e+02 | T=7351.6 | a=1.006589 | H=2.41e-05 | 573.4 steps/s | 1.74 ms/step | ETA: 28984.5 min
Step 2740000/1000000000 | t=2.74e+02 | T=7351.4 | a=1.006613 | H=2.41e-05 | 573.4 steps/s | 1.74 ms/step | ETA: 28985.9 min
Step 2750000/1000000000 | t=2.75e+02 | T=7351.2 | a=1.006637 | H=2.41e-05 | 573.4 steps/s | 1.74 ms/step | ETA: 28988.1 min
Step 2760000/1000000000 | t=2.76e+02 | T=7351.0 | a=1.006662 | H=2.41e-05 | 573.3 steps/s | 1.74 ms/step | ETA: 28993.4 min
Step 2770000/1000000000 | t=2.77e+02 | T=7350.9 | a=1.006686 | H=2.41e-05 | 573.2 steps/s | 1.74 ms/step | ETA: 28996.5 min
Step 2780000/1000000000 | t=2.78e+02 | T=7350.7 | a=1.006710 | H=2.41e-05 | 573.0 steps/s | 1.75 ms/step | ETA: 29007.1 min
Step 2790000/1000000000 | t=2.79e+02 | T=7350.5 | a=1.006734 | H=2.41e-05 | 572.9 steps/s | 1.75 ms/step | ETA: 29008.5 min
Step 2800000/1000000000 | t=2.80e+02 | T=7350.3 | a=1.006758 | H=2.41e-05 | 572.7 steps/s | 1.75 ms/step | ETA: 29020.8 min
Step 2810000/1000000000 | t=2.81e+02 | T=7350.1 | a=1.006783 | H=2.41e-05 | 572.2 steps/s | 1.75 ms/step | ETA: 29047.9 min
Step 2820000/1000000000 | t=2.82e+02 | T=7350.0 | a=1.006807 | H=2.41e-05 | 571.9 steps/s | 1.75 ms/step | ETA: 29059.4 min
Step 2830000/1000000000 | t=2.83e+02 | T=7349.8 | a=1.006831 | H=2.41e-05 | 571.8 steps/s | 1.75 ms/step | ETA: 29067.5 min
Step 2840000/1000000000 | t=2.84e+02 | T=7349.6 | a=1.006855 | H=2.41e-05 | 571.6 steps/s | 1.75 ms/step | ETA: 29077.1 min
Step 2850000/1000000000 | t=2.85e+02 | T=7349.4 | a=1.006880 | H=2.41e-05 | 571.5 steps/s | 1.75 ms/step | ETA: 29080.1 min
Step 2860000/1000000000 | t=2.86e+02 | T=7349.3 | a=1.006904 | H=2.41e-05 | 571.4 steps/s | 1.75 ms/step | ETA: 29086.1 min
Step 2870000/1000000000 | t=2.87e+02 | T=7349.1 | a=1.006928 | H=2.41e-05 | 571.2 steps/s | 1.75 ms/step | ETA: 29094.5 min
Step 2880000/1000000000 | t=2.88e+02 | T=7348.9 | a=1.006952 | H=2.41e-05 | 571.1 steps/s | 1.75 ms/step | ETA: 29098.0 min
Step 2890000/1000000000 | t=2.89e+02 | T=7348.7 | a=1.006976 | H=2.41e-05 | 570.8 steps/s | 1.75 ms/step | ETA: 29112.0 min
Step 2900000/1000000000 | t=2.90e+02 | T=7348.6 | a=1.007001 | H=2.41e-05 | 570.8 steps/s | 1.75 ms/step | ETA: 29112.2 min
Step 2910000/1000000000 | t=2.91e+02 | T=7348.4 | a=1.007025 | H=2.41e-05 | 570.7 steps/s | 1.75 ms/step | ETA: 29119.1 min
Step 2920000/1000000000 | t=2.92e+02 | T=7348.2 | a=1.007049 | H=2.41e-05 | 570.6 steps/s | 1.75 ms/step | ETA: 29125.0 min
Step 2930000/1000000000 | t=2.93e+02 | T=7348.0 | a=1.007073 | H=2.41e-05 | 570.5 steps/s | 1.75 ms/step | ETA: 29130.6 min
