======================================================================
LATTICE SIMULATION LOG
Started: 2026-01-15 17:07:51
Log file: logs/simulation_20260115_170751.log
======================================================================

Numba Configuration:
  Version: 0.63.1
  Threading layer: default
  Configured threads: 11
  Active threads: 11
----------------------------------------------------------------------
Field precision: float32
Field states will be saved to: data/set6/T0_7350_dt_1e-05_a_0.001_interval_1000000/field_states
Figures will be saved to: data/set6/T0_7350_dt_1e-05_a_0.001_interval_1000000/figs/latticeSnapshot

============================================================
Starting time evolution...
Grid: 128×128, Steps: 100000000, dt: 1.00e-05
Using fused RK2: True
Using in-kernel RNG: True
Field precision: float32
Spline resolution N_Y: 256
============================================================

Warming up JIT compilation...
JIT warmup complete. Starting main loop...

Step 0/100000000 | t=0.00e+00 | T=7350.0 | 866.6 steps/s | 0.00 ms/step | ETA: 0.0 min
