======================================================================
LATTICE SIMULATION LOG
Started: 2026-02-23 14:51:10
Log file: logs/simulation_20260223_145110.log
======================================================================

Numba Configuration:
  Version: 0.63.1
  Threading layer: default
  Configured threads: 11
  Active threads: 11
----------------------------------------------------------------------

Time step: dt_phys = 3.00e-04, dt (rescaled) = 3.0000e-01
  CFL limit: dt_CFL = 0.5774 (rescaled)
  dt/dt_CFL = 5.1962e-01 (SAFE)

Hubble expansion: ENABLED (comoving lattice)
  g_* = 106.75, M_Pl = 2.40e+18 GeV, ΔV = 1.00e+28 GeV^4
  H² = (T⁴/χ_g² + ΔV) / (3 M_Pl²)
  H(T0=7450.0) = 2.4056e-05 GeV
  3H = 7.2169e-05 GeV
  η_phys = 0.3 GeV  →  3H/η = 2.41e-04
  T(t) = T0 / a(t)  (entropy conservation)
  Initial a = 1.0
Field precision: float32
Tree-level VEV: ±1.0000e+11

Finding thermal VEV at T = 7450.0...
  V'(0) = 3.0071e-06
  V'(VEV) = 7.4413e-31
  Thermal VEV found: 1.0000e+11
  Ratio thermal/tree: 1.0000

Finding escape point...
  V'(1e-10) = 3.0071e-06
  V'(1e0)   = 3.0071e+04
  V'(1e5)   = -9.9980e+10
  V'(1e8)   = -1.0000e+14
  V'(1e10)  = -9.9000e+15
  Barrier found between 2.8810e+03 and 3.0310e+03
  Barrier top at: 2.9120e+03
  Escape point: 3.2032e+03
  V'(escape) = -2.1137e+07 (should be < 0)

Using TREE-LEVEL VEV for seeding: 1.0000e+11
The bubble is seeded at the true vacuum (no rolling needed).
Bubble seeding: DISABLED (thermal nucleation only)
Field states will be saved to: data/set6/256x256x256_T0_7450_dx_0.001_dtphys_0.0003_interval_100_3D_hubble_eta_0.3/field_states
Figures will be saved to: data/set6/256x256x256_T0_7450_dx_0.001_dtphys_0.0003_interval_100_3D_hubble_eta_0.3/figs/latticeSnapshot

============================================================
Starting time evolution...
Grid: 256×256×256, Steps: 10000000000, dt: 3.00e-01
Integrator: RK2 non-fused (2 passes/step, table V')
Using Vprime lookup table: True (size=16384)
Using in-kernel RNG: True
Field precision: float32
Spline resolution N_Y: 256
Bubble seeding: DISABLED
Thermal noise: ENABLED (FDT noise_scale(T0) = 3.6620e+01)
Overdamped mode: DISABLED (η = 0.3)
Hubble expansion: ENABLED
  H(T0) = 2.4056e-05 GeV, 3H/η = 2.41e-04
  g_* = 106.75, M_Pl = 2.40e+18 GeV
============================================================

Warming up JIT compilation...
JIT warmup complete.
Starting main loop...

Step 0/10000000000 | t=0.00e+00 | T=7450.0 | a=1.000000 | H=2.41e-05 | 4.4 steps/s | 225.42 ms/step | ETA: 37570118.9 min
Step 100/10000000000 | t=3.00e-02 | T=7450.0 | a=1.000001 | H=2.41e-05 | 6.4 steps/s | 155.71 ms/step | ETA: 25951060.7 min
