======================================================================
LATTICE SIMULATION LOG
Started: 2026-02-26 00:12:41
Log file: logs/simulation_20260226_001241.log
======================================================================

Numba Configuration:
  Version: 0.63.1
  Threading layer: default
  Configured threads: 11
  Active threads: 11
----------------------------------------------------------------------

Time step: dt_phys = 2.00e-05, dt (rescaled) = 2.0000e-02
  CFL limit: dt_CFL = 0.5774 (rescaled)
  dt/dt_CFL = 3.4641e-02 (SAFE)

Hubble expansion: ENABLED (comoving lattice)
  g_* = 106.75, M_Pl = 2.40e+18 GeV, ΔV = 1.00e+28 GeV^4
  H² = (T⁴/χ_g² + ΔV) / (3 M_Pl²)
  H(T0=7350.0) = 2.4056e-05 GeV
  3H = 7.2169e-05 GeV
  η_phys = 5000 GeV  →  3H/η = 1.44e-08
  T(t) = T0 / a(t)  (entropy conservation)
  Initial a = 1.0
Field precision: float32
Tree-level VEV: ±1.0000e+11
Couplings: boson=1.09, fermion=1.09

Finding thermal VEV at T = 7350.0...
  V'(0) = 2.1550e-07
  V'(VEV) = 7.1457e-31
  Thermal VEV found: 1.0000e+11
  Ratio thermal/tree: 1.0000

Finding escape point...
  V'(1e-10) = 2.1550e-07
  V'(1e0)   = 2.1550e+03
  V'(1e5)   = -9.9983e+10
  V'(1e8)   = -1.0000e+14
  V'(1e10)  = -9.9000e+15
  Barrier found between 7.7025e+02 and 8.1034e+02
  Barrier top at: 8.0472e+02
  Escape point: 8.8519e+02
  V'(escape) = -4.0450e+05 (should be < 0)

Using TREE-LEVEL VEV for seeding: 1.0000e+11
The bubble is seeded at the true vacuum (no rolling needed).
Bubble seeding: DISABLED (thermal nucleation only)
Field states will be saved to: data/set6/256x256x256_T0_7350_dx_0.001_dtphys_2e-05_interval_5000_3D_hubble_eta_5000_gb_1.09_gf_1.09_rk2_fused_table/field_states
Figures will be saved to: data/set6/256x256x256_T0_7350_dx_0.001_dtphys_2e-05_interval_5000_3D_hubble_eta_5000_gb_1.09_gf_1.09_rk2_fused_table/figs/latticeSnapshot

============================================================
Starting time evolution...
Grid: 256×256×256, Steps: 10000000000, dt: 2.00e-02
Integrator: rk2_fused_table
Using Vprime lookup table: True (size=16384)
Using in-kernel RNG: True
Field precision: float32
Spline resolution N_Y: 256
Bubble seeding: DISABLED
Thermal noise: ENABLED (FDT noise_scale(T0) = 1.2124e+03)
Overdamped mode: DISABLED (η = 5000)
Hubble expansion: ENABLED
  H(T0) = 2.4056e-05 GeV, 3H/η = 1.44e-08
  g_* = 106.75, M_Pl = 2.40e+18 GeV
============================================================

Warming up JIT compilation...
JIT warmup complete.
Starting main loop...

Dense snapshots: enabled (threshold=10000.0, interval=100)
Step 0/10000000000 | t=0.00e+00 | T=7350.0 | a=1.000000 | H=2.41e-05 | 3.1 steps/s | 323.22 ms/step | ETA: 53869287.2 min
Step 5000/10000000000 | t=1.00e-01 | T=7350.0 | a=1.000002 | H=2.41e-05 | 13.1 steps/s | 76.46 ms/step | ETA: 12743517.3 min
Step 10000/10000000000 | t=2.00e-01 | T=7350.0 | a=1.000005 | H=2.41e-05 | 13.3 steps/s | 75.10 ms/step | ETA: 12515977.6 min
Step 15000/10000000000 | t=3.00e-01 | T=7349.9 | a=1.000007 | H=2.41e-05 | 13.4 steps/s | 74.70 ms/step | ETA: 12449765.1 min
Step 20000/10000000000 | t=4.00e-01 | T=7349.9 | a=1.000010 | H=2.41e-05 | 13.4 steps/s | 74.57 ms/step | ETA: 12428889.4 min
Step 25000/10000000000 | t=5.00e-01 | T=7349.9 | a=1.000012 | H=2.41e-05 | 13.4 steps/s | 74.48 ms/step | ETA: 12413056.6 min

*** phi threshold exceeded: max|phi|=10018.3 > 10000.0
*** Switching to dense snapshots: every 100 steps

Step 26800/10000000000 | t=5.36e-01 | T=7349.9 | a=1.000013 | H=2.41e-05 | 13.4 steps/s | 74.47 ms/step | ETA: 12411112.2 min
Step 26900/10000000000 | t=5.38e-01 | T=7349.9 | a=1.000013 | H=2.41e-05 | 13.4 steps/s | 74.55 ms/step | ETA: 12424686.7 min
Step 27000/10000000000 | t=5.40e-01 | T=7349.9 | a=1.000013 | H=2.41e-05 | 13.4 steps/s | 74.63 ms/step | ETA: 12438356.1 min
Step 27100/10000000000 | t=5.42e-01 | T=7349.9 | a=1.000013 | H=2.41e-05 | 13.4 steps/s | 74.75 ms/step | ETA: 12457916.9 min
Step 27200/10000000000 | t=5.44e-01 | T=7349.9 | a=1.000013 | H=2.41e-05 | 13.4 steps/s | 74.82 ms/step | ETA: 12469246.3 min
Step 27300/10000000000 | t=5.46e-01 | T=7349.9 | a=1.000013 | H=2.41e-05 | 13.3 steps/s | 74.95 ms/step | ETA: 12492129.6 min
Step 27400/10000000000 | t=5.48e-01 | T=7349.9 | a=1.000013 | H=2.41e-05 | 13.3 steps/s | 75.03 ms/step | ETA: 12505205.3 min
Step 27500/10000000000 | t=5.50e-01 | T=7349.9 | a=1.000013 | H=2.41e-05 | 13.3 steps/s | 75.09 ms/step | ETA: 12515354.6 min
Step 27600/10000000000 | t=5.52e-01 | T=7349.9 | a=1.000013 | H=2.41e-05 | 13.3 steps/s | 75.16 ms/step | ETA: 12526093.4 min
Step 27700/10000000000 | t=5.54e-01 | T=7349.9 | a=1.000013 | H=2.41e-05 | 13.3 steps/s | 75.22 ms/step | ETA: 12536347.1 min
Step 27800/10000000000 | t=5.56e-01 | T=7349.9 | a=1.000013 | H=2.41e-05 | 13.3 steps/s | 75.28 ms/step | ETA: 12546363.6 min
Step 27900/10000000000 | t=5.58e-01 | T=7349.9 | a=1.000013 | H=2.41e-05 | 13.3 steps/s | 75.38 ms/step | ETA: 12562671.1 min
Step 28000/10000000000 | t=5.60e-01 | T=7349.9 | a=1.000013 | H=2.41e-05 | 13.3 steps/s | 75.46 ms/step | ETA: 12576173.8 min
Step 28100/10000000000 | t=5.62e-01 | T=7349.9 | a=1.000014 | H=2.41e-05 | 13.2 steps/s | 75.55 ms/step | ETA: 12592019.6 min
Step 28200/10000000000 | t=5.64e-01 | T=7349.9 | a=1.000014 | H=2.41e-05 | 13.2 steps/s | 75.67 ms/step | ETA: 12611450.8 min
Step 28300/10000000000 | t=5.66e-01 | T=7349.9 | a=1.000014 | H=2.41e-05 | 13.2 steps/s | 75.82 ms/step | ETA: 12637424.4 min
Step 28400/10000000000 | t=5.68e-01 | T=7349.9 | a=1.000014 | H=2.41e-05 | 13.2 steps/s | 75.90 ms/step | ETA: 12649153.9 min
Step 28500/10000000000 | t=5.70e-01 | T=7349.9 | a=1.000014 | H=2.41e-05 | 13.2 steps/s | 75.96 ms/step | ETA: 12660150.8 min
Step 28600/10000000000 | t=5.72e-01 | T=7349.9 | a=1.000014 | H=2.41e-05 | 13.1 steps/s | 76.06 ms/step | ETA: 12676122.4 min
Step 28700/10000000000 | t=5.74e-01 | T=7349.9 | a=1.000014 | H=2.41e-05 | 13.1 steps/s | 76.12 ms/step | ETA: 12687184.0 min
Step 28800/10000000000 | t=5.76e-01 | T=7349.9 | a=1.000014 | H=2.41e-05 | 13.1 steps/s | 76.20 ms/step | ETA: 12699747.6 min
Step 28900/10000000000 | t=5.78e-01 | T=7349.9 | a=1.000014 | H=2.41e-05 | 13.1 steps/s | 76.25 ms/step | ETA: 12708822.6 min
Step 29000/10000000000 | t=5.80e-01 | T=7349.9 | a=1.000014 | H=2.41e-05 | 13.1 steps/s | 76.31 ms/step | ETA: 12717698.8 min
Step 29100/10000000000 | t=5.82e-01 | T=7349.9 | a=1.000014 | H=2.41e-05 | 13.1 steps/s | 76.37 ms/step | ETA: 12727606.1 min
Step 29200/10000000000 | t=5.84e-01 | T=7349.9 | a=1.000014 | H=2.41e-05 | 13.1 steps/s | 76.42 ms/step | ETA: 12736793.8 min
Step 29300/10000000000 | t=5.86e-01 | T=7349.9 | a=1.000014 | H=2.41e-05 | 13.1 steps/s | 76.54 ms/step | ETA: 12756994.9 min
Step 29400/10000000000 | t=5.88e-01 | T=7349.9 | a=1.000014 | H=2.41e-05 | 13.1 steps/s | 76.60 ms/step | ETA: 12765817.2 min
Step 29500/10000000000 | t=5.90e-01 | T=7349.9 | a=1.000014 | H=2.41e-05 | 13.0 steps/s | 76.65 ms/step | ETA: 12774809.0 min
Step 29600/10000000000 | t=5.92e-01 | T=7349.9 | a=1.000014 | H=2.41e-05 | 13.0 steps/s | 76.70 ms/step | ETA: 12782956.1 min
Step 29700/10000000000 | t=5.94e-01 | T=7349.9 | a=1.000014 | H=2.41e-05 | 13.0 steps/s | 76.75 ms/step | ETA: 12791453.8 min
Step 29800/10000000000 | t=5.96e-01 | T=7349.9 | a=1.000014 | H=2.41e-05 | 13.0 steps/s | 76.80 ms/step | ETA: 12799893.8 min
Step 29900/10000000000 | t=5.98e-01 | T=7349.9 | a=1.000014 | H=2.41e-05 | 13.0 steps/s | 76.86 ms/step | ETA: 12809645.3 min
Step 30000/10000000000 | t=6.00e-01 | T=7349.9 | a=1.000014 | H=2.41e-05 | 13.0 steps/s | 76.91 ms/step | ETA: 12818379.3 min
Step 30100/10000000000 | t=6.02e-01 | T=7349.9 | a=1.000014 | H=2.41e-05 | 13.0 steps/s | 76.96 ms/step | ETA: 12826787.7 min
Step 30200/10000000000 | t=6.04e-01 | T=7349.9 | a=1.000015 | H=2.41e-05 | 13.0 steps/s | 77.01 ms/step | ETA: 12835198.9 min
Step 30300/10000000000 | t=6.06e-01 | T=7349.9 | a=1.000015 | H=2.41e-05 | 13.0 steps/s | 77.12 ms/step | ETA: 12854020.7 min
Step 30400/10000000000 | t=6.08e-01 | T=7349.9 | a=1.000015 | H=2.41e-05 | 13.0 steps/s | 77.17 ms/step | ETA: 12862044.3 min
Step 30500/10000000000 | t=6.10e-01 | T=7349.9 | a=1.000015 | H=2.41e-05 | 12.9 steps/s | 77.22 ms/step | ETA: 12870457.6 min
Step 30600/10000000000 | t=6.12e-01 | T=7349.9 | a=1.000015 | H=2.41e-05 | 12.9 steps/s | 77.27 ms/step | ETA: 12878095.9 min
Step 30700/10000000000 | t=6.14e-01 | T=7349.9 | a=1.000015 | H=2.41e-05 | 12.9 steps/s | 77.33 ms/step | ETA: 12887963.9 min
Step 30800/10000000000 | t=6.16e-01 | T=7349.9 | a=1.000015 | H=2.41e-05 | 12.9 steps/s | 77.38 ms/step | ETA: 12896379.8 min
Step 30900/10000000000 | t=6.18e-01 | T=7349.9 | a=1.000015 | H=2.41e-05 | 12.9 steps/s | 77.42 ms/step | ETA: 12903913.6 min
Step 31000/10000000000 | t=6.20e-01 | T=7349.9 | a=1.000015 | H=2.41e-05 | 12.9 steps/s | 77.47 ms/step | ETA: 12911121.7 min
Step 31100/10000000000 | t=6.22e-01 | T=7349.9 | a=1.000015 | H=2.41e-05 | 12.9 steps/s | 77.51 ms/step | ETA: 12918947.2 min
Step 31200/10000000000 | t=6.24e-01 | T=7349.9 | a=1.000015 | H=2.41e-05 | 12.9 steps/s | 77.56 ms/step | ETA: 12927398.7 min
Step 31300/10000000000 | t=6.26e-01 | T=7349.9 | a=1.000015 | H=2.41e-05 | 12.9 steps/s | 77.67 ms/step | ETA: 12945700.2 min
Step 31400/10000000000 | t=6.28e-01 | T=7349.9 | a=1.000015 | H=2.41e-05 | 12.9 steps/s | 77.73 ms/step | ETA: 12954960.2 min
Step 31500/10000000000 | t=6.30e-01 | T=7349.9 | a=1.000015 | H=2.41e-05 | 12.9 steps/s | 77.77 ms/step | ETA: 12962381.3 min
Step 31600/10000000000 | t=6.32e-01 | T=7349.9 | a=1.000015 | H=2.41e-05 | 12.9 steps/s | 77.82 ms/step | ETA: 12969627.7 min
Step 31700/10000000000 | t=6.34e-01 | T=7349.9 | a=1.000015 | H=2.41e-05 | 12.8 steps/s | 77.86 ms/step | ETA: 12977160.5 min
Step 31800/10000000000 | t=6.36e-01 | T=7349.9 | a=1.000015 | H=2.41e-05 | 12.8 steps/s | 77.90 ms/step | ETA: 12984069.4 min
Step 31900/10000000000 | t=6.38e-01 | T=7349.9 | a=1.000015 | H=2.41e-05 | 12.8 steps/s | 77.95 ms/step | ETA: 12990899.6 min
Step 32000/10000000000 | t=6.40e-01 | T=7349.9 | a=1.000015 | H=2.41e-05 | 12.8 steps/s | 78.00 ms/step | ETA: 13000094.4 min
Step 32100/10000000000 | t=6.42e-01 | T=7349.9 | a=1.000015 | H=2.41e-05 | 12.8 steps/s | 78.04 ms/step | ETA: 13006892.2 min
Step 32200/10000000000 | t=6.44e-01 | T=7349.9 | a=1.000015 | H=2.41e-05 | 12.8 steps/s | 78.09 ms/step | ETA: 13014402.9 min
Step 32300/10000000000 | t=6.46e-01 | T=7349.9 | a=1.000016 | H=2.41e-05 | 12.8 steps/s | 78.19 ms/step | ETA: 13031207.5 min
Step 32400/10000000000 | t=6.48e-01 | T=7349.9 | a=1.000016 | H=2.41e-05 | 12.8 steps/s | 78.23 ms/step | ETA: 13038930.3 min
Step 32500/10000000000 | t=6.50e-01 | T=7349.9 | a=1.000016 | H=2.41e-05 | 12.8 steps/s | 78.27 ms/step | ETA: 13045480.1 min
Step 32600/10000000000 | t=6.52e-01 | T=7349.9 | a=1.000016 | H=2.41e-05 | 12.8 steps/s | 78.32 ms/step | ETA: 13052500.7 min
Step 32700/10000000000 | t=6.54e-01 | T=7349.9 | a=1.000016 | H=2.41e-05 | 12.8 steps/s | 78.35 ms/step | ETA: 13058831.8 min
Step 32800/10000000000 | t=6.56e-01 | T=7349.9 | a=1.000016 | H=2.41e-05 | 12.8 steps/s | 78.41 ms/step | ETA: 13068099.4 min
Step 32900/10000000000 | t=6.58e-01 | T=7349.9 | a=1.000016 | H=2.41e-05 | 12.7 steps/s | 78.46 ms/step | ETA: 13077347.6 min
Step 33000/10000000000 | t=6.60e-01 | T=7349.9 | a=1.000016 | H=2.41e-05 | 12.7 steps/s | 78.52 ms/step | ETA: 13086541.4 min
Step 33100/10000000000 | t=6.62e-01 | T=7349.9 | a=1.000016 | H=2.41e-05 | 12.7 steps/s | 78.58 ms/step | ETA: 13097310.6 min
Step 33200/10000000000 | t=6.64e-01 | T=7349.9 | a=1.000016 | H=2.41e-05 | 12.7 steps/s | 78.64 ms/step | ETA: 13106589.9 min
Step 33300/10000000000 | t=6.66e-01 | T=7349.9 | a=1.000016 | H=2.41e-05 | 12.7 steps/s | 78.75 ms/step | ETA: 13125587.4 min
Step 33400/10000000000 | t=6.68e-01 | T=7349.9 | a=1.000016 | H=2.41e-05 | 12.7 steps/s | 78.81 ms/step | ETA: 13135085.8 min
Step 33500/10000000000 | t=6.70e-01 | T=7349.9 | a=1.000016 | H=2.41e-05 | 12.7 steps/s | 78.87 ms/step | ETA: 13144413.2 min
Step 33600/10000000000 | t=6.72e-01 | T=7349.9 | a=1.000016 | H=2.41e-05 | 12.7 steps/s | 78.92 ms/step | ETA: 13153860.7 min
Step 33700/10000000000 | t=6.74e-01 | T=7349.9 | a=1.000016 | H=2.41e-05 | 12.7 steps/s | 78.97 ms/step | ETA: 13162446.4 min
Step 33800/10000000000 | t=6.76e-01 | T=7349.9 | a=1.000016 | H=2.41e-05 | 12.7 steps/s | 79.03 ms/step | ETA: 13171928.2 min
Step 33900/10000000000 | t=6.78e-01 | T=7349.9 | a=1.000016 | H=2.41e-05 | 12.6 steps/s | 79.09 ms/step | ETA: 13180945.7 min
Step 34000/10000000000 | t=6.80e-01 | T=7349.9 | a=1.000016 | H=2.41e-05 | 12.6 steps/s | 79.14 ms/step | ETA: 13190040.2 min
Step 34100/10000000000 | t=6.82e-01 | T=7349.9 | a=1.000016 | H=2.41e-05 | 12.6 steps/s | 79.19 ms/step | ETA: 13198564.7 min
Step 34200/10000000000 | t=6.84e-01 | T=7349.9 | a=1.000016 | H=2.41e-05 | 12.6 steps/s | 79.25 ms/step | ETA: 13207655.2 min
Step 34300/10000000000 | t=6.86e-01 | T=7349.9 | a=1.000017 | H=2.41e-05 | 12.6 steps/s | 79.36 ms/step | ETA: 13226512.1 min
Step 34400/10000000000 | t=6.88e-01 | T=7349.9 | a=1.000017 | H=2.41e-05 | 12.6 steps/s | 79.43 ms/step | ETA: 13237551.6 min
Step 34500/10000000000 | t=6.90e-01 | T=7349.9 | a=1.000017 | H=2.41e-05 | 12.6 steps/s | 79.48 ms/step | ETA: 13246652.2 min
Step 34600/10000000000 | t=6.92e-01 | T=7349.9 | a=1.000017 | H=2.41e-05 | 12.6 steps/s | 79.52 ms/step | ETA: 13253754.7 min
Step 34700/10000000000 | t=6.94e-01 | T=7349.9 | a=1.000017 | H=2.41e-05 | 12.6 steps/s | 79.56 ms/step | ETA: 13259397.1 min
Step 34800/10000000000 | t=6.96e-01 | T=7349.9 | a=1.000017 | H=2.41e-05 | 12.6 steps/s | 79.59 ms/step | ETA: 13264946.3 min
Step 34900/10000000000 | t=6.98e-01 | T=7349.9 | a=1.000017 | H=2.41e-05 | 12.6 steps/s | 79.64 ms/step | ETA: 13272515.0 min
Step 35000/10000000000 | t=7.00e-01 | T=7349.9 | a=1.000017 | H=2.41e-05 | 12.6 steps/s | 79.68 ms/step | ETA: 13279602.1 min
Step 35100/10000000000 | t=7.02e-01 | T=7349.9 | a=1.000017 | H=2.41e-05 | 12.5 steps/s | 79.72 ms/step | ETA: 13286417.0 min
Step 35200/10000000000 | t=7.04e-01 | T=7349.9 | a=1.000017 | H=2.41e-05 | 12.5 steps/s | 79.76 ms/step | ETA: 13292472.9 min
Step 35300/10000000000 | t=7.06e-01 | T=7349.9 | a=1.000017 | H=2.41e-05 | 12.5 steps/s | 79.85 ms/step | ETA: 13308470.1 min
Step 35400/10000000000 | t=7.08e-01 | T=7349.9 | a=1.000017 | H=2.41e-05 | 12.5 steps/s | 79.89 ms/step | ETA: 13314217.1 min
Step 35500/10000000000 | t=7.10e-01 | T=7349.9 | a=1.000017 | H=2.41e-05 | 12.5 steps/s | 79.92 ms/step | ETA: 13320023.4 min
Step 35600/10000000000 | t=7.12e-01 | T=7349.9 | a=1.000017 | H=2.41e-05 | 12.5 steps/s | 79.95 ms/step | ETA: 13325331.7 min
Step 35700/10000000000 | t=7.14e-01 | T=7349.9 | a=1.000017 | H=2.41e-05 | 12.5 steps/s | 79.99 ms/step | ETA: 13331762.1 min
Step 35800/10000000000 | t=7.16e-01 | T=7349.9 | a=1.000017 | H=2.41e-05 | 12.5 steps/s | 80.02 ms/step | ETA: 13336953.9 min
Step 35900/10000000000 | t=7.18e-01 | T=7349.9 | a=1.000017 | H=2.41e-05 | 12.5 steps/s | 80.05 ms/step | ETA: 13341917.6 min
Step 36000/10000000000 | t=7.20e-01 | T=7349.9 | a=1.000017 | H=2.41e-05 | 12.5 steps/s | 80.08 ms/step | ETA: 13346831.0 min
Step 36100/10000000000 | t=7.22e-01 | T=7349.9 | a=1.000017 | H=2.41e-05 | 12.5 steps/s | 80.11 ms/step | ETA: 13352063.4 min
Step 36200/10000000000 | t=7.24e-01 | T=7349.9 | a=1.000017 | H=2.41e-05 | 12.5 steps/s | 80.15 ms/step | ETA: 13358563.3 min
Step 36300/10000000000 | t=7.26e-01 | T=7349.9 | a=1.000017 | H=2.41e-05 | 12.5 steps/s | 80.24 ms/step | ETA: 13373363.2 min
Step 36400/10000000000 | t=7.28e-01 | T=7349.9 | a=1.000018 | H=2.41e-05 | 12.5 steps/s | 80.27 ms/step | ETA: 13378751.7 min
Step 36500/10000000000 | t=7.30e-01 | T=7349.9 | a=1.000018 | H=2.41e-05 | 12.5 steps/s | 80.30 ms/step | ETA: 13383692.0 min
Step 36600/10000000000 | t=7.32e-01 | T=7349.9 | a=1.000018 | H=2.41e-05 | 12.4 steps/s | 80.33 ms/step | ETA: 13388606.3 min
Step 36700/10000000000 | t=7.34e-01 | T=7349.9 | a=1.000018 | H=2.41e-05 | 12.4 steps/s | 80.36 ms/step | ETA: 13393741.8 min
Step 36800/10000000000 | t=7.36e-01 | T=7349.9 | a=1.000018 | H=2.41e-05 | 12.4 steps/s | 80.39 ms/step | ETA: 13398976.4 min
Step 36900/10000000000 | t=7.38e-01 | T=7349.9 | a=1.000018 | H=2.41e-05 | 12.4 steps/s | 80.42 ms/step | ETA: 13403988.3 min
Step 37000/10000000000 | t=7.40e-01 | T=7349.9 | a=1.000018 | H=2.41e-05 | 12.4 steps/s | 80.46 ms/step | ETA: 13409689.1 min
Step 37100/10000000000 | t=7.42e-01 | T=7349.9 | a=1.000018 | H=2.41e-05 | 12.4 steps/s | 80.49 ms/step | ETA: 13414488.8 min
Step 37200/10000000000 | t=7.44e-01 | T=7349.9 | a=1.000018 | H=2.41e-05 | 12.4 steps/s | 80.52 ms/step | ETA: 13420270.6 min
Step 37300/10000000000 | t=7.46e-01 | T=7349.9 | a=1.000018 | H=2.41e-05 | 12.4 steps/s | 80.60 ms/step | ETA: 13433546.9 min
Step 37400/10000000000 | t=7.48e-01 | T=7349.9 | a=1.000018 | H=2.41e-05 | 12.4 steps/s | 80.63 ms/step | ETA: 13438456.3 min
Step 37500/10000000000 | t=7.50e-01 | T=7349.9 | a=1.000018 | H=2.41e-05 | 12.4 steps/s | 80.66 ms/step | ETA: 13443638.4 min
Step 37600/10000000000 | t=7.52e-01 | T=7349.9 | a=1.000018 | H=2.41e-05 | 12.4 steps/s | 80.72 ms/step | ETA: 13453331.4 min
Step 37700/10000000000 | t=7.54e-01 | T=7349.9 | a=1.000018 | H=2.41e-05 | 12.4 steps/s | 80.76 ms/step | ETA: 13459863.5 min
Step 37800/10000000000 | t=7.56e-01 | T=7349.9 | a=1.000018 | H=2.41e-05 | 12.4 steps/s | 80.80 ms/step | ETA: 13465785.5 min
Step 37900/10000000000 | t=7.58e-01 | T=7349.9 | a=1.000018 | H=2.41e-05 | 12.4 steps/s | 80.83 ms/step | ETA: 13471691.3 min
Step 38000/10000000000 | t=7.60e-01 | T=7349.9 | a=1.000018 | H=2.41e-05 | 12.4 steps/s | 80.87 ms/step | ETA: 13477462.6 min
Step 38100/10000000000 | t=7.62e-01 | T=7349.9 | a=1.000018 | H=2.41e-05 | 12.4 steps/s | 80.90 ms/step | ETA: 13483762.7 min
Step 38200/10000000000 | t=7.64e-01 | T=7349.9 | a=1.000018 | H=2.41e-05 | 12.4 steps/s | 80.96 ms/step | ETA: 13493063.4 min
Step 38300/10000000000 | t=7.66e-01 | T=7349.9 | a=1.000018 | H=2.41e-05 | 12.3 steps/s | 81.05 ms/step | ETA: 13508480.4 min
Step 38400/10000000000 | t=7.68e-01 | T=7349.9 | a=1.000018 | H=2.41e-05 | 12.3 steps/s | 81.09 ms/step | ETA: 13515736.2 min
Step 38500/10000000000 | t=7.70e-01 | T=7349.9 | a=1.000019 | H=2.41e-05 | 12.3 steps/s | 81.14 ms/step | ETA: 13523440.3 min
Step 38600/10000000000 | t=7.72e-01 | T=7349.9 | a=1.000019 | H=2.41e-05 | 12.3 steps/s | 81.19 ms/step | ETA: 13531644.4 min
Step 38700/10000000000 | t=7.74e-01 | T=7349.9 | a=1.000019 | H=2.41e-05 | 12.3 steps/s | 81.25 ms/step | ETA: 13541377.9 min
Step 38800/10000000000 | t=7.76e-01 | T=7349.9 | a=1.000019 | H=2.41e-05 | 12.3 steps/s | 81.31 ms/step | ETA: 13551269.1 min
Step 38900/10000000000 | t=7.78e-01 | T=7349.9 | a=1.000019 | H=2.41e-05 | 12.3 steps/s | 81.37 ms/step | ETA: 13561683.1 min
Step 39000/10000000000 | t=7.80e-01 | T=7349.9 | a=1.000019 | H=2.41e-05 | 12.3 steps/s | 81.44 ms/step | ETA: 13572477.4 min
Step 39100/10000000000 | t=7.82e-01 | T=7349.9 | a=1.000019 | H=2.41e-05 | 12.3 steps/s | 81.50 ms/step | ETA: 13582770.9 min
Step 39200/10000000000 | t=7.84e-01 | T=7349.9 | a=1.000019 | H=2.41e-05 | 12.3 steps/s | 81.55 ms/step | ETA: 13591693.2 min
Step 39300/10000000000 | t=7.86e-01 | T=7349.9 | a=1.000019 | H=2.41e-05 | 12.2 steps/s | 81.67 ms/step | ETA: 13611086.4 min
Step 39400/10000000000 | t=7.88e-01 | T=7349.9 | a=1.000019 | H=2.41e-05 | 12.2 steps/s | 81.71 ms/step | ETA: 13617589.5 min
Step 39500/10000000000 | t=7.90e-01 | T=7349.9 | a=1.000019 | H=2.41e-05 | 12.2 steps/s | 81.74 ms/step | ETA: 13623365.5 min
Step 39600/10000000000 | t=7.92e-01 | T=7349.9 | a=1.000019 | H=2.41e-05 | 12.2 steps/s | 81.77 ms/step | ETA: 13629016.1 min
Step 39700/10000000000 | t=7.94e-01 | T=7349.9 | a=1.000019 | H=2.41e-05 | 12.2 steps/s | 81.81 ms/step | ETA: 13634406.5 min
Step 39800/10000000000 | t=7.96e-01 | T=7349.9 | a=1.000019 | H=2.41e-05 | 12.2 steps/s | 81.85 ms/step | ETA: 13640818.8 min
Step 39900/10000000000 | t=7.98e-01 | T=7349.9 | a=1.000019 | H=2.41e-05 | 12.2 steps/s | 81.88 ms/step | ETA: 13647391.6 min
Step 40000/10000000000 | t=8.00e-01 | T=7349.9 | a=1.000019 | H=2.41e-05 | 12.2 steps/s | 81.92 ms/step | ETA: 13653458.1 min
Step 40100/10000000000 | t=8.02e-01 | T=7349.9 | a=1.000019 | H=2.41e-05 | 12.2 steps/s | 81.95 ms/step | ETA: 13658867.7 min
Step 40200/10000000000 | t=8.04e-01 | T=7349.9 | a=1.000019 | H=2.41e-05 | 12.2 steps/s | 81.99 ms/step | ETA: 13664942.8 min
Step 40300/10000000000 | t=8.06e-01 | T=7349.9 | a=1.000019 | H=2.41e-05 | 12.2 steps/s | 82.08 ms/step | ETA: 13679230.3 min
Step 40400/10000000000 | t=8.08e-01 | T=7349.9 | a=1.000019 | H=2.41e-05 | 12.2 steps/s | 82.11 ms/step | ETA: 13684356.0 min
Step 40500/10000000000 | t=8.10e-01 | T=7349.9 | a=1.000019 | H=2.41e-05 | 12.2 steps/s | 82.14 ms/step | ETA: 13690476.5 min
Step 40600/10000000000 | t=8.12e-01 | T=7349.9 | a=1.000020 | H=2.41e-05 | 12.2 steps/s | 82.21 ms/step | ETA: 13701987.2 min
Step 40700/10000000000 | t=8.14e-01 | T=7349.9 | a=1.000020 | H=2.41e-05 | 12.2 steps/s | 82.25 ms/step | ETA: 13707881.3 min
Step 40800/10000000000 | t=8.16e-01 | T=7349.9 | a=1.000020 | H=2.41e-05 | 12.2 steps/s | 82.28 ms/step | ETA: 13712527.4 min
Step 40900/10000000000 | t=8.18e-01 | T=7349.9 | a=1.000020 | H=2.41e-05 | 12.2 steps/s | 82.30 ms/step | ETA: 13717171.0 min
Step 41000/10000000000 | t=8.20e-01 | T=7349.9 | a=1.000020 | H=2.41e-05 | 12.1 steps/s | 82.33 ms/step | ETA: 13721605.9 min
Step 41100/10000000000 | t=8.22e-01 | T=7349.9 | a=1.000020 | H=2.41e-05 | 12.1 steps/s | 82.36 ms/step | ETA: 13726381.3 min
Step 41200/10000000000 | t=8.24e-01 | T=7349.9 | a=1.000020 | H=2.41e-05 | 12.1 steps/s | 82.40 ms/step | ETA: 13732820.8 min
Step 41300/10000000000 | t=8.26e-01 | T=7349.9 | a=1.000020 | H=2.41e-05 | 12.1 steps/s | 82.48 ms/step | ETA: 13746604.3 min
Step 41400/10000000000 | t=8.28e-01 | T=7349.9 | a=1.000020 | H=2.41e-05 | 12.1 steps/s | 82.51 ms/step | ETA: 13751007.5 min
Step 41500/10000000000 | t=8.30e-01 | T=7349.9 | a=1.000020 | H=2.41e-05 | 12.1 steps/s | 82.54 ms/step | ETA: 13755953.0 min
Step 41600/10000000000 | t=8.32e-01 | T=7349.9 | a=1.000020 | H=2.41e-05 | 12.1 steps/s | 82.57 ms/step | ETA: 13761300.1 min
Step 41700/10000000000 | t=8.34e-01 | T=7349.9 | a=1.000020 | H=2.41e-05 | 12.1 steps/s | 82.59 ms/step | ETA: 13765432.0 min
Step 41800/10000000000 | t=8.36e-01 | T=7349.9 | a=1.000020 | H=2.41e-05 | 12.1 steps/s | 82.63 ms/step | ETA: 13771151.3 min
Step 41900/10000000000 | t=8.38e-01 | T=7349.9 | a=1.000020 | H=2.41e-05 | 12.1 steps/s | 82.65 ms/step | ETA: 13775472.5 min
Step 42000/10000000000 | t=8.40e-01 | T=7349.9 | a=1.000020 | H=2.41e-05 | 12.1 steps/s | 82.68 ms/step | ETA: 13779419.7 min
Step 42100/10000000000 | t=8.42e-01 | T=7349.9 | a=1.000020 | H=2.41e-05 | 12.1 steps/s | 82.71 ms/step | ETA: 13785143.8 min
Step 42200/10000000000 | t=8.44e-01 | T=7349.9 | a=1.000020 | H=2.41e-05 | 12.1 steps/s | 82.73 ms/step | ETA: 13789022.3 min
Step 42300/10000000000 | t=8.46e-01 | T=7349.9 | a=1.000020 | H=2.41e-05 | 12.1 steps/s | 82.83 ms/step | ETA: 13804275.1 min
Step 42400/10000000000 | t=8.48e-01 | T=7349.9 | a=1.000020 | H=2.41e-05 | 12.1 steps/s | 82.85 ms/step | ETA: 13808636.8 min
Step 42500/10000000000 | t=8.50e-01 | T=7349.8 | a=1.000020 | H=2.41e-05 | 12.1 steps/s | 82.88 ms/step | ETA: 13813032.3 min
Step 42600/10000000000 | t=8.52e-01 | T=7349.8 | a=1.000020 | H=2.41e-05 | 12.1 steps/s | 82.91 ms/step | ETA: 13817859.7 min
Step 42700/10000000000 | t=8.54e-01 | T=7349.8 | a=1.000021 | H=2.41e-05 | 12.1 steps/s | 82.93 ms/step | ETA: 13821801.9 min
Step 42800/10000000000 | t=8.56e-01 | T=7349.8 | a=1.000021 | H=2.41e-05 | 12.1 steps/s | 82.98 ms/step | ETA: 13830517.4 min
Step 42900/10000000000 | t=8.58e-01 | T=7349.8 | a=1.000021 | H=2.41e-05 | 12.0 steps/s | 83.01 ms/step | ETA: 13835218.2 min
Step 43000/10000000000 | t=8.60e-01 | T=7349.8 | a=1.000021 | H=2.41e-05 | 12.0 steps/s | 83.04 ms/step | ETA: 13839193.1 min
Step 43100/10000000000 | t=8.62e-01 | T=7349.8 | a=1.000021 | H=2.41e-05 | 12.0 steps/s | 83.06 ms/step | ETA: 13843355.4 min
Step 43200/10000000000 | t=8.64e-01 | T=7349.8 | a=1.000021 | H=2.41e-05 | 12.0 steps/s | 83.08 ms/step | ETA: 13846943.8 min
Step 43300/10000000000 | t=8.66e-01 | T=7349.8 | a=1.000021 | H=2.41e-05 | 12.0 steps/s | 83.16 ms/step | ETA: 13860621.5 min
Step 43400/10000000000 | t=8.68e-01 | T=7349.8 | a=1.000021 | H=2.41e-05 | 12.0 steps/s | 83.19 ms/step | ETA: 13864247.8 min
Step 43500/10000000000 | t=8.70e-01 | T=7349.8 | a=1.000021 | H=2.41e-05 | 12.0 steps/s | 83.21 ms/step | ETA: 13868132.2 min
Step 43600/10000000000 | t=8.72e-01 | T=7349.8 | a=1.000021 | H=2.41e-05 | 12.0 steps/s | 83.23 ms/step | ETA: 13872162.3 min
Step 43700/10000000000 | t=8.74e-01 | T=7349.8 | a=1.000021 | H=2.41e-05 | 12.0 steps/s | 83.26 ms/step | ETA: 13877140.1 min
Step 43800/10000000000 | t=8.76e-01 | T=7349.8 | a=1.000021 | H=2.41e-05 | 12.0 steps/s | 83.28 ms/step | ETA: 13880562.4 min
Step 43900/10000000000 | t=8.78e-01 | T=7349.8 | a=1.000021 | H=2.41e-05 | 12.0 steps/s | 83.32 ms/step | ETA: 13885962.3 min
Step 44000/10000000000 | t=8.80e-01 | T=7349.8 | a=1.000021 | H=2.41e-05 | 12.0 steps/s | 83.34 ms/step | ETA: 13889779.3 min
Step 44100/10000000000 | t=8.82e-01 | T=7349.8 | a=1.000021 | H=2.41e-05 | 12.0 steps/s | 83.36 ms/step | ETA: 13893295.1 min
Step 44200/10000000000 | t=8.84e-01 | T=7349.8 | a=1.000021 | H=2.41e-05 | 12.0 steps/s | 83.38 ms/step | ETA: 13896626.5 min
Step 44300/10000000000 | t=8.86e-01 | T=7349.8 | a=1.000021 | H=2.41e-05 | 12.0 steps/s | 83.46 ms/step | ETA: 13909298.0 min
Step 44400/10000000000 | t=8.88e-01 | T=7349.8 | a=1.000021 | H=2.41e-05 | 12.0 steps/s | 83.49 ms/step | ETA: 13914145.1 min
Step 44500/10000000000 | t=8.90e-01 | T=7349.8 | a=1.000021 | H=2.41e-05 | 12.0 steps/s | 83.50 ms/step | ETA: 13917133.1 min
Step 44600/10000000000 | t=8.92e-01 | T=7349.8 | a=1.000021 | H=2.41e-05 | 12.0 steps/s | 83.52 ms/step | ETA: 13920484.0 min
Step 44700/10000000000 | t=8.94e-01 | T=7349.8 | a=1.000022 | H=2.41e-05 | 12.0 steps/s | 83.54 ms/step | ETA: 13923800.0 min
Step 44800/10000000000 | t=8.96e-01 | T=7349.8 | a=1.000022 | H=2.41e-05 | 12.0 steps/s | 83.56 ms/step | ETA: 13926946.1 min
Step 44900/10000000000 | t=8.98e-01 | T=7349.8 | a=1.000022 | H=2.41e-05 | 12.0 steps/s | 83.60 ms/step | ETA: 13933112.1 min
Step 45000/10000000000 | t=9.00e-01 | T=7349.8 | a=1.000022 | H=2.41e-05 | 12.0 steps/s | 83.62 ms/step | ETA: 13936453.7 min
Step 45100/10000000000 | t=9.02e-01 | T=7349.8 | a=1.000022 | H=2.41e-05 | 12.0 steps/s | 83.64 ms/step | ETA: 13939555.5 min
Step 45200/10000000000 | t=9.04e-01 | T=7349.8 | a=1.000022 | H=2.41e-05 | 12.0 steps/s | 83.66 ms/step | ETA: 13943608.8 min
Step 45300/10000000000 | t=9.06e-01 | T=7349.8 | a=1.000022 | H=2.41e-05 | 11.9 steps/s | 83.73 ms/step | ETA: 13954833.8 min
Step 45400/10000000000 | t=9.08e-01 | T=7349.8 | a=1.000022 | H=2.41e-05 | 11.9 steps/s | 83.77 ms/step | ETA: 13961160.8 min
Step 45500/10000000000 | t=9.10e-01 | T=7349.8 | a=1.000022 | H=2.41e-05 | 11.9 steps/s | 83.79 ms/step | ETA: 13965096.0 min
Step 45600/10000000000 | t=9.12e-01 | T=7349.8 | a=1.000022 | H=2.41e-05 | 11.9 steps/s | 83.81 ms/step | ETA: 13969004.5 min
Step 45700/10000000000 | t=9.14e-01 | T=7349.8 | a=1.000022 | H=2.41e-05 | 11.9 steps/s | 83.84 ms/step | ETA: 13973670.5 min
Step 45800/10000000000 | t=9.16e-01 | T=7349.8 | a=1.000022 | H=2.41e-05 | 11.9 steps/s | 83.86 ms/step | ETA: 13976820.1 min
Step 45900/10000000000 | t=9.18e-01 | T=7349.8 | a=1.000022 | H=2.41e-05 | 11.9 steps/s | 83.88 ms/step | ETA: 13980166.0 min
Step 46000/10000000000 | t=9.20e-01 | T=7349.8 | a=1.000022 | H=2.41e-05 | 11.9 steps/s | 83.90 ms/step | ETA: 13983484.9 min
Step 46100/10000000000 | t=9.22e-01 | T=7349.8 | a=1.000022 | H=2.41e-05 | 11.9 steps/s | 83.92 ms/step | ETA: 13987303.8 min
Step 46200/10000000000 | t=9.24e-01 | T=7349.8 | a=1.000022 | H=2.41e-05 | 11.9 steps/s | 83.94 ms/step | ETA: 13990453.3 min
Step 46300/10000000000 | t=9.26e-01 | T=7349.8 | a=1.000022 | H=2.41e-05 | 11.9 steps/s | 84.01 ms/step | ETA: 14001657.9 min
Step 46400/10000000000 | t=9.28e-01 | T=7349.8 | a=1.000022 | H=2.41e-05 | 11.9 steps/s | 84.03 ms/step | ETA: 14004530.7 min
Step 46500/10000000000 | t=9.30e-01 | T=7349.8 | a=1.000022 | H=2.41e-05 | 11.9 steps/s | 84.04 ms/step | ETA: 14007071.4 min
Step 46600/10000000000 | t=9.32e-01 | T=7349.8 | a=1.000022 | H=2.41e-05 | 11.9 steps/s | 84.07 ms/step | ETA: 14010962.1 min
Step 46700/10000000000 | t=9.34e-01 | T=7349.8 | a=1.000022 | H=2.41e-05 | 11.9 steps/s | 84.08 ms/step | ETA: 14013718.7 min
Step 46800/10000000000 | t=9.36e-01 | T=7349.8 | a=1.000023 | H=2.41e-05 | 11.9 steps/s | 84.12 ms/step | ETA: 14020551.5 min
Step 46900/10000000000 | t=9.38e-01 | T=7349.8 | a=1.000023 | H=2.41e-05 | 11.9 steps/s | 84.15 ms/step | ETA: 14024855.8 min
Step 47000/10000000000 | t=9.40e-01 | T=7349.8 | a=1.000023 | H=2.41e-05 | 11.9 steps/s | 84.18 ms/step | ETA: 14030009.3 min
Step 47100/10000000000 | t=9.42e-01 | T=7349.8 | a=1.000023 | H=2.41e-05 | 11.9 steps/s | 84.20 ms/step | ETA: 14032476.2 min
Step 47200/10000000000 | t=9.44e-01 | T=7349.8 | a=1.000023 | H=2.41e-05 | 11.9 steps/s | 84.21 ms/step | ETA: 14035251.5 min
Step 47300/10000000000 | t=9.46e-01 | T=7349.8 | a=1.000023 | H=2.41e-05 | 11.9 steps/s | 84.27 ms/step | ETA: 14045117.8 min
Step 47400/10000000000 | t=9.48e-01 | T=7349.8 | a=1.000023 | H=2.41e-05 | 11.9 steps/s | 84.31 ms/step | ETA: 14051083.8 min
Step 47500/10000000000 | t=9.50e-01 | T=7349.8 | a=1.000023 | H=2.41e-05 | 11.9 steps/s | 84.36 ms/step | ETA: 14060148.8 min
Step 47600/10000000000 | t=9.52e-01 | T=7349.8 | a=1.000023 | H=2.41e-05 | 11.9 steps/s | 84.38 ms/step | ETA: 14063581.3 min
Step 47700/10000000000 | t=9.54e-01 | T=7349.8 | a=1.000023 | H=2.41e-05 | 11.8 steps/s | 84.40 ms/step | ETA: 14066747.5 min
Step 47800/10000000000 | t=9.56e-01 | T=7349.8 | a=1.000023 | H=2.41e-05 | 11.8 steps/s | 84.42 ms/step | ETA: 14069196.2 min
Step 47900/10000000000 | t=9.58e-01 | T=7349.8 | a=1.000023 | H=2.41e-05 | 11.8 steps/s | 84.43 ms/step | ETA: 14071516.9 min
Step 48000/10000000000 | t=9.60e-01 | T=7349.8 | a=1.000023 | H=2.41e-05 | 11.8 steps/s | 84.46 ms/step | ETA: 14076416.4 min
Step 48100/10000000000 | t=9.62e-01 | T=7349.8 | a=1.000023 | H=2.41e-05 | 11.8 steps/s | 84.48 ms/step | ETA: 14079327.8 min
Step 48200/10000000000 | t=9.64e-01 | T=7349.8 | a=1.000023 | H=2.41e-05 | 11.8 steps/s | 84.49 ms/step | ETA: 14081415.6 min
Step 48300/10000000000 | t=9.66e-01 | T=7349.8 | a=1.000023 | H=2.41e-05 | 11.8 steps/s | 84.56 ms/step | ETA: 14092672.4 min
Step 48400/10000000000 | t=9.68e-01 | T=7349.8 | a=1.000023 | H=2.41e-05 | 11.8 steps/s | 84.57 ms/step | ETA: 14094848.7 min
Step 48500/10000000000 | t=9.70e-01 | T=7349.8 | a=1.000023 | H=2.41e-05 | 11.8 steps/s | 84.58 ms/step | ETA: 14097031.9 min
Step 48600/10000000000 | t=9.72e-01 | T=7349.8 | a=1.000023 | H=2.41e-05 | 11.8 steps/s | 84.60 ms/step | ETA: 14100541.9 min
Step 48700/10000000000 | t=9.74e-01 | T=7349.8 | a=1.000023 | H=2.41e-05 | 11.8 steps/s | 84.62 ms/step | ETA: 14103165.4 min
Step 48800/10000000000 | t=9.76e-01 | T=7349.8 | a=1.000023 | H=2.41e-05 | 11.8 steps/s | 84.63 ms/step | ETA: 14105328.6 min
Step 48900/10000000000 | t=9.78e-01 | T=7349.8 | a=1.000024 | H=2.41e-05 | 11.8 steps/s | 84.65 ms/step | ETA: 14107533.2 min
Step 49000/10000000000 | t=9.80e-01 | T=7349.8 | a=1.000024 | H=2.41e-05 | 11.8 steps/s | 84.67 ms/step | ETA: 14111858.4 min
Step 49100/10000000000 | t=9.82e-01 | T=7349.8 | a=1.000024 | H=2.41e-05 | 11.8 steps/s | 84.69 ms/step | ETA: 14114821.7 min
Step 49200/10000000000 | t=9.84e-01 | T=7349.8 | a=1.000024 | H=2.41e-05 | 11.8 steps/s | 84.71 ms/step | ETA: 14117520.0 min
Step 49300/10000000000 | t=9.86e-01 | T=7349.8 | a=1.000024 | H=2.41e-05 | 11.8 steps/s | 84.77 ms/step | ETA: 14127987.9 min
Step 49400/10000000000 | t=9.88e-01 | T=7349.8 | a=1.000024 | H=2.41e-05 | 11.8 steps/s | 84.78 ms/step | ETA: 14130132.3 min
Step 49500/10000000000 | t=9.90e-01 | T=7349.8 | a=1.000024 | H=2.41e-05 | 11.8 steps/s | 84.80 ms/step | ETA: 14133313.1 min
Step 49600/10000000000 | t=9.92e-01 | T=7349.8 | a=1.000024 | H=2.41e-05 | 11.8 steps/s | 84.81 ms/step | ETA: 14135429.5 min
Step 49700/10000000000 | t=9.94e-01 | T=7349.8 | a=1.000024 | H=2.41e-05 | 11.8 steps/s | 84.83 ms/step | ETA: 14137672.5 min
Step 49800/10000000000 | t=9.96e-01 | T=7349.8 | a=1.000024 | H=2.41e-05 | 11.8 steps/s | 84.84 ms/step | ETA: 14139640.4 min
Step 49900/10000000000 | t=9.98e-01 | T=7349.8 | a=1.000024 | H=2.41e-05 | 11.8 steps/s | 84.86 ms/step | ETA: 14142800.3 min
Step 50000/10000000000 | t=1.00e+00 | T=7349.8 | a=1.000024 | H=2.41e-05 | 11.8 steps/s | 84.87 ms/step | ETA: 14145761.6 min
Step 50100/10000000000 | t=1.00e+00 | T=7349.8 | a=1.000024 | H=2.41e-05 | 11.8 steps/s | 84.89 ms/step | ETA: 14148036.6 min
Step 50200/10000000000 | t=1.00e+00 | T=7349.8 | a=1.000024 | H=2.41e-05 | 11.8 steps/s | 84.90 ms/step | ETA: 14150016.7 min
Step 50300/10000000000 | t=1.01e+00 | T=7349.8 | a=1.000024 | H=2.41e-05 | 11.8 steps/s | 84.96 ms/step | ETA: 14159130.9 min
Step 50400/10000000000 | t=1.01e+00 | T=7349.8 | a=1.000024 | H=2.41e-05 | 11.8 steps/s | 84.97 ms/step | ETA: 14161019.8 min
Step 50500/10000000000 | t=1.01e+00 | T=7349.8 | a=1.000024 | H=2.41e-05 | 11.8 steps/s | 84.99 ms/step | ETA: 14164766.2 min
Step 50600/10000000000 | t=1.01e+00 | T=7349.8 | a=1.000024 | H=2.41e-05 | 11.8 steps/s | 85.01 ms/step | ETA: 14167868.6 min
Step 50700/10000000000 | t=1.01e+00 | T=7349.8 | a=1.000024 | H=2.41e-05 | 11.8 steps/s | 85.02 ms/step | ETA: 14169674.8 min
Step 50800/10000000000 | t=1.02e+00 | T=7349.8 | a=1.000024 | H=2.41e-05 | 11.8 steps/s | 85.03 ms/step | ETA: 14171902.5 min
Step 50900/10000000000 | t=1.02e+00 | T=7349.8 | a=1.000024 | H=2.41e-05 | 11.8 steps/s | 85.04 ms/step | ETA: 14173597.5 min
Step 51000/10000000000 | t=1.02e+00 | T=7349.8 | a=1.000025 | H=2.41e-05 | 11.8 steps/s | 85.06 ms/step | ETA: 14176204.7 min
Step 51100/10000000000 | t=1.02e+00 | T=7349.8 | a=1.000025 | H=2.41e-05 | 11.8 steps/s | 85.07 ms/step | ETA: 14178821.7 min
Step 51200/10000000000 | t=1.02e+00 | T=7349.8 | a=1.000025 | H=2.41e-05 | 11.8 steps/s | 85.09 ms/step | ETA: 14181378.0 min
Step 51300/10000000000 | t=1.03e+00 | T=7349.8 | a=1.000025 | H=2.41e-05 | 11.7 steps/s | 85.14 ms/step | ETA: 14190137.5 min
Step 51400/10000000000 | t=1.03e+00 | T=7349.8 | a=1.000025 | H=2.41e-05 | 11.7 steps/s | 85.15 ms/step | ETA: 14191974.7 min
Step 51500/10000000000 | t=1.03e+00 | T=7349.8 | a=1.000025 | H=2.41e-05 | 11.7 steps/s | 85.17 ms/step | ETA: 14194674.4 min
Step 51600/10000000000 | t=1.03e+00 | T=7349.8 | a=1.000025 | H=2.41e-05 | 11.7 steps/s | 85.18 ms/step | ETA: 14197098.9 min
Step 51700/10000000000 | t=1.03e+00 | T=7349.8 | a=1.000025 | H=2.41e-05 | 11.7 steps/s | 85.20 ms/step | ETA: 14200177.9 min
Step 51800/10000000000 | t=1.04e+00 | T=7349.8 | a=1.000025 | H=2.41e-05 | 11.7 steps/s | 85.22 ms/step | ETA: 14202598.0 min
Step 51900/10000000000 | t=1.04e+00 | T=7349.8 | a=1.000025 | H=2.41e-05 | 11.7 steps/s | 85.24 ms/step | ETA: 14206773.5 min
Step 52000/10000000000 | t=1.04e+00 | T=7349.8 | a=1.000025 | H=2.41e-05 | 11.7 steps/s | 85.25 ms/step | ETA: 14208904.2 min
Step 52100/10000000000 | t=1.04e+00 | T=7349.8 | a=1.000025 | H=2.41e-05 | 11.7 steps/s | 85.26 ms/step | ETA: 14210566.5 min
Step 52200/10000000000 | t=1.04e+00 | T=7349.8 | a=1.000025 | H=2.41e-05 | 11.7 steps/s | 85.27 ms/step | ETA: 14212027.2 min
Step 52300/10000000000 | t=1.05e+00 | T=7349.8 | a=1.000025 | H=2.41e-05 | 11.7 steps/s | 85.33 ms/step | ETA: 14220763.7 min
Step 52400/10000000000 | t=1.05e+00 | T=7349.8 | a=1.000025 | H=2.41e-05 | 11.7 steps/s | 85.34 ms/step | ETA: 14223841.3 min
Step 52500/10000000000 | t=1.05e+00 | T=7349.8 | a=1.000025 | H=2.41e-05 | 11.7 steps/s | 85.35 ms/step | ETA: 14225723.2 min
Step 52600/10000000000 | t=1.05e+00 | T=7349.8 | a=1.000025 | H=2.41e-05 | 11.7 steps/s | 85.36 ms/step | ETA: 14227290.9 min
Step 52700/10000000000 | t=1.05e+00 | T=7349.8 | a=1.000025 | H=2.41e-05 | 11.7 steps/s | 85.38 ms/step | ETA: 14229481.6 min
Step 52800/10000000000 | t=1.06e+00 | T=7349.8 | a=1.000025 | H=2.41e-05 | 11.7 steps/s | 85.39 ms/step | ETA: 14231632.1 min
Step 52900/10000000000 | t=1.06e+00 | T=7349.8 | a=1.000025 | H=2.41e-05 | 11.7 steps/s | 85.40 ms/step | ETA: 14233304.8 min
Step 53000/10000000000 | t=1.06e+00 | T=7349.8 | a=1.000026 | H=2.41e-05 | 11.7 steps/s | 85.41 ms/step | ETA: 14234890.5 min
Step 53100/10000000000 | t=1.06e+00 | T=7349.8 | a=1.000026 | H=2.41e-05 | 11.7 steps/s | 85.45 ms/step | ETA: 14240831.4 min
Step 53200/10000000000 | t=1.06e+00 | T=7349.8 | a=1.000026 | H=2.41e-05 | 11.7 steps/s | 85.47 ms/step | ETA: 14244343.3 min
Step 53300/10000000000 | t=1.07e+00 | T=7349.8 | a=1.000026 | H=2.41e-05 | 11.7 steps/s | 85.52 ms/step | ETA: 14252649.9 min
Step 53400/10000000000 | t=1.07e+00 | T=7349.8 | a=1.000026 | H=2.41e-05 | 11.7 steps/s | 85.53 ms/step | ETA: 14254487.2 min
Step 53500/10000000000 | t=1.07e+00 | T=7349.8 | a=1.000026 | H=2.41e-05 | 11.7 steps/s | 85.54 ms/step | ETA: 14257032.3 min
Step 53600/10000000000 | t=1.07e+00 | T=7349.8 | a=1.000026 | H=2.41e-05 | 11.7 steps/s | 85.55 ms/step | ETA: 14258744.3 min
Step 53700/10000000000 | t=1.07e+00 | T=7349.8 | a=1.000026 | H=2.41e-05 | 11.7 steps/s | 85.56 ms/step | ETA: 14260545.4 min
Step 53800/10000000000 | t=1.08e+00 | T=7349.8 | a=1.000026 | H=2.41e-05 | 11.7 steps/s | 85.58 ms/step | ETA: 14262445.2 min
Step 53900/10000000000 | t=1.08e+00 | T=7349.8 | a=1.000026 | H=2.41e-05 | 11.7 steps/s | 85.59 ms/step | ETA: 14264361.2 min
Step 54000/10000000000 | t=1.08e+00 | T=7349.8 | a=1.000026 | H=2.41e-05 | 11.7 steps/s | 85.60 ms/step | ETA: 14266064.0 min
Step 54100/10000000000 | t=1.08e+00 | T=7349.8 | a=1.000026 | H=2.41e-05 | 11.7 steps/s | 85.61 ms/step | ETA: 14268303.5 min
Step 54200/10000000000 | t=1.08e+00 | T=7349.8 | a=1.000026 | H=2.41e-05 | 11.7 steps/s | 85.62 ms/step | ETA: 14269589.7 min
Step 54300/10000000000 | t=1.09e+00 | T=7349.8 | a=1.000026 | H=2.41e-05 | 11.7 steps/s | 85.67 ms/step | ETA: 14278455.1 min
Step 54400/10000000000 | t=1.09e+00 | T=7349.8 | a=1.000026 | H=2.41e-05 | 11.7 steps/s | 85.68 ms/step | ETA: 14279722.3 min
Step 54500/10000000000 | t=1.09e+00 | T=7349.8 | a=1.000026 | H=2.41e-05 | 11.7 steps/s | 85.69 ms/step | ETA: 14281764.5 min
Step 54600/10000000000 | t=1.09e+00 | T=7349.8 | a=1.000026 | H=2.41e-05 | 11.7 steps/s | 85.70 ms/step | ETA: 14283933.0 min
Step 54700/10000000000 | t=1.09e+00 | T=7349.8 | a=1.000026 | H=2.41e-05 | 11.7 steps/s | 85.71 ms/step | ETA: 14285299.1 min
Step 54800/10000000000 | t=1.10e+00 | T=7349.8 | a=1.000026 | H=2.41e-05 | 11.7 steps/s | 85.72 ms/step | ETA: 14286703.3 min
Step 54900/10000000000 | t=1.10e+00 | T=7349.8 | a=1.000026 | H=2.41e-05 | 11.7 steps/s | 85.73 ms/step | ETA: 14288152.1 min
Step 55000/10000000000 | t=1.10e+00 | T=7349.8 | a=1.000026 | H=2.41e-05 | 11.7 steps/s | 85.75 ms/step | ETA: 14290761.9 min
Step 55100/10000000000 | t=1.10e+00 | T=7349.8 | a=1.000027 | H=2.41e-05 | 11.7 steps/s | 85.76 ms/step | ETA: 14293587.3 min
Step 55200/10000000000 | t=1.10e+00 | T=7349.8 | a=1.000027 | H=2.41e-05 | 11.7 steps/s | 85.77 ms/step | ETA: 14295105.8 min
Step 55300/10000000000 | t=1.11e+00 | T=7349.8 | a=1.000027 | H=2.41e-05 | 11.7 steps/s | 85.82 ms/step | ETA: 14303364.9 min
Step 55400/10000000000 | t=1.11e+00 | T=7349.8 | a=1.000027 | H=2.41e-05 | 11.7 steps/s | 85.83 ms/step | ETA: 14304741.2 min
Step 55500/10000000000 | t=1.11e+00 | T=7349.8 | a=1.000027 | H=2.41e-05 | 11.7 steps/s | 85.84 ms/step | ETA: 14305893.4 min
Step 55600/10000000000 | t=1.11e+00 | T=7349.8 | a=1.000027 | H=2.41e-05 | 11.6 steps/s | 85.85 ms/step | ETA: 14308682.4 min
Step 55700/10000000000 | t=1.11e+00 | T=7349.8 | a=1.000027 | H=2.41e-05 | 11.6 steps/s | 85.86 ms/step | ETA: 14310170.8 min
Step 55800/10000000000 | t=1.12e+00 | T=7349.8 | a=1.000027 | H=2.41e-05 | 11.6 steps/s | 85.87 ms/step | ETA: 14311483.6 min
Step 55900/10000000000 | t=1.12e+00 | T=7349.8 | a=1.000027 | H=2.41e-05 | 11.6 steps/s | 85.88 ms/step | ETA: 14313360.4 min
Step 56000/10000000000 | t=1.12e+00 | T=7349.8 | a=1.000027 | H=2.41e-05 | 11.6 steps/s | 85.89 ms/step | ETA: 14314647.1 min
Step 56100/10000000000 | t=1.12e+00 | T=7349.8 | a=1.000027 | H=2.41e-05 | 11.6 steps/s | 85.91 ms/step | ETA: 14317951.2 min
Step 56200/10000000000 | t=1.12e+00 | T=7349.8 | a=1.000027 | H=2.41e-05 | 11.6 steps/s | 85.92 ms/step | ETA: 14319878.1 min
Step 56300/10000000000 | t=1.13e+00 | T=7349.8 | a=1.000027 | H=2.41e-05 | 11.6 steps/s | 85.97 ms/step | ETA: 14328635.6 min
Step 56400/10000000000 | t=1.13e+00 | T=7349.8 | a=1.000027 | H=2.41e-05 | 11.6 steps/s | 85.98 ms/step | ETA: 14330117.5 min
Step 56500/10000000000 | t=1.13e+00 | T=7349.8 | a=1.000027 | H=2.41e-05 | 11.6 steps/s | 85.99 ms/step | ETA: 14331165.0 min
Step 56600/10000000000 | t=1.13e+00 | T=7349.8 | a=1.000027 | H=2.41e-05 | 11.6 steps/s | 86.00 ms/step | ETA: 14332893.4 min
Step 56700/10000000000 | t=1.13e+00 | T=7349.8 | a=1.000027 | H=2.41e-05 | 11.6 steps/s | 86.02 ms/step | ETA: 14335922.7 min
Step 56800/10000000000 | t=1.14e+00 | T=7349.8 | a=1.000027 | H=2.41e-05 | 11.6 steps/s | 86.03 ms/step | ETA: 14337774.8 min
Step 56900/10000000000 | t=1.14e+00 | T=7349.8 | a=1.000027 | H=2.41e-05 | 11.6 steps/s | 86.04 ms/step | ETA: 14340277.7 min
Step 57000/10000000000 | t=1.14e+00 | T=7349.8 | a=1.000027 | H=2.41e-05 | 11.6 steps/s | 86.05 ms/step | ETA: 14341970.3 min
Step 57100/10000000000 | t=1.14e+00 | T=7349.8 | a=1.000027 | H=2.41e-05 | 11.6 steps/s | 86.06 ms/step | ETA: 14343152.1 min
Step 57200/10000000000 | t=1.14e+00 | T=7349.8 | a=1.000028 | H=2.41e-05 | 11.6 steps/s | 86.08 ms/step | ETA: 14346372.4 min
Step 57300/10000000000 | t=1.15e+00 | T=7349.8 | a=1.000028 | H=2.41e-05 | 11.6 steps/s | 86.13 ms/step | ETA: 14355751.0 min
Step 57400/10000000000 | t=1.15e+00 | T=7349.8 | a=1.000028 | H=2.41e-05 | 11.6 steps/s | 86.14 ms/step | ETA: 14356751.2 min
Step 57500/10000000000 | t=1.15e+00 | T=7349.8 | a=1.000028 | H=2.41e-05 | 11.6 steps/s | 86.15 ms/step | ETA: 14358374.1 min
Step 57600/10000000000 | t=1.15e+00 | T=7349.8 | a=1.000028 | H=2.41e-05 | 11.6 steps/s | 86.16 ms/step | ETA: 14359556.0 min
Step 57700/10000000000 | t=1.15e+00 | T=7349.8 | a=1.000028 | H=2.41e-05 | 11.6 steps/s | 86.17 ms/step | ETA: 14360976.8 min
Step 57800/10000000000 | t=1.16e+00 | T=7349.8 | a=1.000028 | H=2.41e-05 | 11.6 steps/s | 86.18 ms/step | ETA: 14363423.4 min
Step 57900/10000000000 | t=1.16e+00 | T=7349.8 | a=1.000028 | H=2.41e-05 | 11.6 steps/s | 86.20 ms/step | ETA: 14366519.3 min
Step 58000/10000000000 | t=1.16e+00 | T=7349.8 | a=1.000028 | H=2.41e-05 | 11.6 steps/s | 86.21 ms/step | ETA: 14369027.1 min
Step 58100/10000000000 | t=1.16e+00 | T=7349.8 | a=1.000028 | H=2.41e-05 | 11.6 steps/s | 86.22 ms/step | ETA: 14370026.0 min
Step 58200/10000000000 | t=1.16e+00 | T=7349.8 | a=1.000028 | H=2.41e-05 | 11.6 steps/s | 86.23 ms/step | ETA: 14371844.6 min
Step 58300/10000000000 | t=1.17e+00 | T=7349.8 | a=1.000028 | H=2.41e-05 | 11.6 steps/s | 86.28 ms/step | ETA: 14379563.1 min
Step 58400/10000000000 | t=1.17e+00 | T=7349.8 | a=1.000028 | H=2.41e-05 | 11.6 steps/s | 86.29 ms/step | ETA: 14380806.5 min
Step 58500/10000000000 | t=1.17e+00 | T=7349.8 | a=1.000028 | H=2.41e-05 | 11.6 steps/s | 86.29 ms/step | ETA: 14381812.6 min
Step 58600/10000000000 | t=1.17e+00 | T=7349.8 | a=1.000028 | H=2.41e-05 | 11.6 steps/s | 86.30 ms/step | ETA: 14382603.9 min
Step 58700/10000000000 | t=1.17e+00 | T=7349.8 | a=1.000028 | H=2.41e-05 | 11.6 steps/s | 86.30 ms/step | ETA: 14383663.7 min
Step 58800/10000000000 | t=1.18e+00 | T=7349.8 | a=1.000028 | H=2.41e-05 | 11.6 steps/s | 86.31 ms/step | ETA: 14385332.4 min
Step 58900/10000000000 | t=1.18e+00 | T=7349.8 | a=1.000028 | H=2.41e-05 | 11.6 steps/s | 86.32 ms/step | ETA: 14387320.8 min
Step 59000/10000000000 | t=1.18e+00 | T=7349.8 | a=1.000028 | H=2.41e-05 | 11.6 steps/s | 86.34 ms/step | ETA: 14389431.7 min
Step 59100/10000000000 | t=1.18e+00 | T=7349.8 | a=1.000028 | H=2.41e-05 | 11.6 steps/s | 86.35 ms/step | ETA: 14390768.4 min
Step 59200/10000000000 | t=1.18e+00 | T=7349.8 | a=1.000028 | H=2.41e-05 | 11.6 steps/s | 86.35 ms/step | ETA: 14391543.3 min
Step 59300/10000000000 | t=1.19e+00 | T=7349.8 | a=1.000029 | H=2.41e-05 | 11.6 steps/s | 86.39 ms/step | ETA: 14398694.2 min
Step 59400/10000000000 | t=1.19e+00 | T=7349.8 | a=1.000029 | H=2.41e-05 | 11.6 steps/s | 86.41 ms/step | ETA: 14400754.3 min
Step 59500/10000000000 | t=1.19e+00 | T=7349.8 | a=1.000029 | H=2.41e-05 | 11.6 steps/s | 86.41 ms/step | ETA: 14402110.6 min
Step 59600/10000000000 | t=1.19e+00 | T=7349.8 | a=1.000029 | H=2.41e-05 | 11.6 steps/s | 86.43 ms/step | ETA: 14404237.3 min
Step 59700/10000000000 | t=1.19e+00 | T=7349.8 | a=1.000029 | H=2.41e-05 | 11.6 steps/s | 86.43 ms/step | ETA: 14405320.2 min
Step 59800/10000000000 | t=1.20e+00 | T=7349.8 | a=1.000029 | H=2.41e-05 | 11.6 steps/s | 86.44 ms/step | ETA: 14406157.6 min
Step 59900/10000000000 | t=1.20e+00 | T=7349.8 | a=1.000029 | H=2.41e-05 | 11.6 steps/s | 86.45 ms/step | ETA: 14407492.4 min
Step 60000/10000000000 | t=1.20e+00 | T=7349.8 | a=1.000029 | H=2.41e-05 | 11.6 steps/s | 86.45 ms/step | ETA: 14408916.5 min
Step 60100/10000000000 | t=1.20e+00 | T=7349.8 | a=1.000029 | H=2.41e-05 | 11.6 steps/s | 86.47 ms/step | ETA: 14410819.3 min
Step 60200/10000000000 | t=1.20e+00 | T=7349.8 | a=1.000029 | H=2.41e-05 | 11.6 steps/s | 86.47 ms/step | ETA: 14412074.2 min
Step 60300/10000000000 | t=1.21e+00 | T=7349.8 | a=1.000029 | H=2.41e-05 | 11.6 steps/s | 86.51 ms/step | ETA: 14418997.5 min
Step 60400/10000000000 | t=1.21e+00 | T=7349.8 | a=1.000029 | H=2.41e-05 | 11.6 steps/s | 86.52 ms/step | ETA: 14420703.4 min
Step 60500/10000000000 | t=1.21e+00 | T=7349.8 | a=1.000029 | H=2.41e-05 | 11.6 steps/s | 86.53 ms/step | ETA: 14421776.4 min
Step 60600/10000000000 | t=1.21e+00 | T=7349.8 | a=1.000029 | H=2.41e-05 | 11.6 steps/s | 86.54 ms/step | ETA: 14422571.3 min
Step 60700/10000000000 | t=1.21e+00 | T=7349.8 | a=1.000029 | H=2.41e-05 | 11.6 steps/s | 86.55 ms/step | ETA: 14424314.4 min
Step 60800/10000000000 | t=1.22e+00 | T=7349.8 | a=1.000029 | H=2.41e-05 | 11.6 steps/s | 86.55 ms/step | ETA: 14425429.5 min
Step 60900/10000000000 | t=1.22e+00 | T=7349.8 | a=1.000029 | H=2.41e-05 | 11.6 steps/s | 86.56 ms/step | ETA: 14426336.9 min
Step 61000/10000000000 | t=1.22e+00 | T=7349.8 | a=1.000029 | H=2.41e-05 | 11.6 steps/s | 86.57 ms/step | ETA: 14428562.9 min
Step 61100/10000000000 | t=1.22e+00 | T=7349.8 | a=1.000029 | H=2.41e-05 | 11.6 steps/s | 86.58 ms/step | ETA: 14429491.8 min
Step 61200/10000000000 | t=1.22e+00 | T=7349.8 | a=1.000029 | H=2.41e-05 | 11.5 steps/s | 86.58 ms/step | ETA: 14430503.8 min
Step 61300/10000000000 | t=1.23e+00 | T=7349.8 | a=1.000029 | H=2.41e-05 | 11.5 steps/s | 86.62 ms/step | ETA: 14437183.0 min
Step 61400/10000000000 | t=1.23e+00 | T=7349.8 | a=1.000030 | H=2.41e-05 | 11.5 steps/s | 86.63 ms/step | ETA: 14438894.1 min
Step 61500/10000000000 | t=1.23e+00 | T=7349.8 | a=1.000030 | H=2.41e-05 | 11.5 steps/s | 86.64 ms/step | ETA: 14440256.7 min
Step 61600/10000000000 | t=1.23e+00 | T=7349.8 | a=1.000030 | H=2.41e-05 | 11.5 steps/s | 86.65 ms/step | ETA: 14441082.2 min
Step 61700/10000000000 | t=1.23e+00 | T=7349.8 | a=1.000030 | H=2.41e-05 | 11.5 steps/s | 86.65 ms/step | ETA: 14442009.8 min
Step 61800/10000000000 | t=1.24e+00 | T=7349.8 | a=1.000030 | H=2.41e-05 | 11.5 steps/s | 86.66 ms/step | ETA: 14443833.4 min
Step 61900/10000000000 | t=1.24e+00 | T=7349.8 | a=1.000030 | H=2.41e-05 | 11.5 steps/s | 86.67 ms/step | ETA: 14444780.5 min
Step 62000/10000000000 | t=1.24e+00 | T=7349.8 | a=1.000030 | H=2.41e-05 | 11.5 steps/s | 86.67 ms/step | ETA: 14445726.6 min
Step 62100/10000000000 | t=1.24e+00 | T=7349.8 | a=1.000030 | H=2.41e-05 | 11.5 steps/s | 86.68 ms/step | ETA: 14446493.1 min
Step 62200/10000000000 | t=1.24e+00 | T=7349.8 | a=1.000030 | H=2.41e-05 | 11.5 steps/s | 86.69 ms/step | ETA: 14447554.8 min
Step 62300/10000000000 | t=1.25e+00 | T=7349.8 | a=1.000030 | H=2.41e-05 | 11.5 steps/s | 86.73 ms/step | ETA: 14455165.2 min
Step 62400/10000000000 | t=1.25e+00 | T=7349.8 | a=1.000030 | H=2.41e-05 | 11.5 steps/s | 86.74 ms/step | ETA: 14456278.0 min
Step 62500/10000000000 | t=1.25e+00 | T=7349.8 | a=1.000030 | H=2.41e-05 | 11.5 steps/s | 86.75 ms/step | ETA: 14457517.1 min
Step 62600/10000000000 | t=1.25e+00 | T=7349.8 | a=1.000030 | H=2.41e-05 | 11.5 steps/s | 86.75 ms/step | ETA: 14458427.1 min
Step 62700/10000000000 | t=1.25e+00 | T=7349.8 | a=1.000030 | H=2.41e-05 | 11.5 steps/s | 86.76 ms/step | ETA: 14459595.0 min
Step 62800/10000000000 | t=1.26e+00 | T=7349.8 | a=1.000030 | H=2.41e-05 | 11.5 steps/s | 86.76 ms/step | ETA: 14460307.7 min
Step 62900/10000000000 | t=1.26e+00 | T=7349.8 | a=1.000030 | H=2.41e-05 | 11.5 steps/s | 86.77 ms/step | ETA: 14461283.1 min
Step 63000/10000000000 | t=1.26e+00 | T=7349.8 | a=1.000030 | H=2.41e-05 | 11.5 steps/s | 86.78 ms/step | ETA: 14463266.9 min
Step 63100/10000000000 | t=1.26e+00 | T=7349.8 | a=1.000030 | H=2.41e-05 | 11.5 steps/s | 86.79 ms/step | ETA: 14464208.0 min
Step 63200/10000000000 | t=1.26e+00 | T=7349.8 | a=1.000030 | H=2.41e-05 | 11.5 steps/s | 86.80 ms/step | ETA: 14466278.9 min
Step 63300/10000000000 | t=1.27e+00 | T=7349.8 | a=1.000030 | H=2.41e-05 | 11.5 steps/s | 86.84 ms/step | ETA: 14473613.7 min
Step 63400/10000000000 | t=1.27e+00 | T=7349.8 | a=1.000031 | H=2.41e-05 | 11.5 steps/s | 86.85 ms/step | ETA: 14474325.8 min
Step 63500/10000000000 | t=1.27e+00 | T=7349.8 | a=1.000031 | H=2.41e-05 | 11.5 steps/s | 86.85 ms/step | ETA: 14475016.9 min
Step 63600/10000000000 | t=1.27e+00 | T=7349.8 | a=1.000031 | H=2.41e-05 | 11.5 steps/s | 86.87 ms/step | ETA: 14477684.7 min
Step 63700/10000000000 | t=1.27e+00 | T=7349.8 | a=1.000031 | H=2.41e-05 | 11.5 steps/s | 86.87 ms/step | ETA: 14478584.4 min
Step 63800/10000000000 | t=1.28e+00 | T=7349.8 | a=1.000031 | H=2.41e-05 | 11.5 steps/s | 86.88 ms/step | ETA: 14479708.4 min
Step 63900/10000000000 | t=1.28e+00 | T=7349.8 | a=1.000031 | H=2.41e-05 | 11.5 steps/s | 86.89 ms/step | ETA: 14481333.0 min
Step 64000/10000000000 | t=1.28e+00 | T=7349.8 | a=1.000031 | H=2.41e-05 | 11.5 steps/s | 86.89 ms/step | ETA: 14482298.9 min
Step 64100/10000000000 | t=1.28e+00 | T=7349.8 | a=1.000031 | H=2.41e-05 | 11.5 steps/s | 86.90 ms/step | ETA: 14482963.2 min
Step 64200/10000000000 | t=1.28e+00 | T=7349.8 | a=1.000031 | H=2.41e-05 | 11.5 steps/s | 86.91 ms/step | ETA: 14485172.9 min
Step 64300/10000000000 | t=1.29e+00 | T=7349.8 | a=1.000031 | H=2.41e-05 | 11.5 steps/s | 86.95 ms/step | ETA: 14491625.5 min
Step 64400/10000000000 | t=1.29e+00 | T=7349.8 | a=1.000031 | H=2.41e-05 | 11.5 steps/s | 86.96 ms/step | ETA: 14493317.1 min
Step 64500/10000000000 | t=1.29e+00 | T=7349.8 | a=1.000031 | H=2.41e-05 | 11.5 steps/s | 86.96 ms/step | ETA: 14494051.0 min
Step 64600/10000000000 | t=1.29e+00 | T=7349.8 | a=1.000031 | H=2.41e-05 | 11.5 steps/s | 86.98 ms/step | ETA: 14496607.6 min
Step 64700/10000000000 | t=1.29e+00 | T=7349.8 | a=1.000031 | H=2.41e-05 | 11.5 steps/s | 86.99 ms/step | ETA: 14497590.8 min
Step 64800/10000000000 | t=1.30e+00 | T=7349.8 | a=1.000031 | H=2.41e-05 | 11.5 steps/s | 86.99 ms/step | ETA: 14498183.3 min
Step 64900/10000000000 | t=1.30e+00 | T=7349.8 | a=1.000031 | H=2.41e-05 | 11.5 steps/s | 86.99 ms/step | ETA: 14498693.7 min
Step 65000/10000000000 | t=1.30e+00 | T=7349.8 | a=1.000031 | H=2.41e-05 | 11.5 steps/s | 87.00 ms/step | ETA: 14499336.4 min
Step 65100/10000000000 | t=1.30e+00 | T=7349.8 | a=1.000031 | H=2.41e-05 | 11.5 steps/s | 87.00 ms/step | ETA: 14500025.7 min
Step 65200/10000000000 | t=1.30e+00 | T=7349.8 | a=1.000031 | H=2.41e-05 | 11.5 steps/s | 87.01 ms/step | ETA: 14502305.5 min
Step 65300/10000000000 | t=1.31e+00 | T=7349.8 | a=1.000031 | H=2.41e-05 | 11.5 steps/s | 87.05 ms/step | ETA: 14508589.9 min
Step 65400/10000000000 | t=1.31e+00 | T=7349.8 | a=1.000031 | H=2.41e-05 | 11.5 steps/s | 87.05 ms/step | ETA: 14508951.4 min
Step 65500/10000000000 | t=1.31e+00 | T=7349.8 | a=1.000032 | H=2.41e-05 | 11.5 steps/s | 87.06 ms/step | ETA: 14509711.8 min
Step 65600/10000000000 | t=1.31e+00 | T=7349.8 | a=1.000032 | H=2.41e-05 | 11.5 steps/s | 87.07 ms/step | ETA: 14511326.3 min
Step 65700/10000000000 | t=1.31e+00 | T=7349.8 | a=1.000032 | H=2.41e-05 | 11.5 steps/s | 87.07 ms/step | ETA: 14512049.4 min
Step 65800/10000000000 | t=1.32e+00 | T=7349.8 | a=1.000032 | H=2.41e-05 | 11.5 steps/s | 87.08 ms/step | ETA: 14512594.3 min
Step 65900/10000000000 | t=1.32e+00 | T=7349.8 | a=1.000032 | H=2.41e-05 | 11.5 steps/s | 87.10 ms/step | ETA: 14515914.8 min
Step 66000/10000000000 | t=1.32e+00 | T=7349.8 | a=1.000032 | H=2.41e-05 | 11.5 steps/s | 87.11 ms/step | ETA: 14517851.1 min
Step 66100/10000000000 | t=1.32e+00 | T=7349.8 | a=1.000032 | H=2.41e-05 | 11.5 steps/s | 87.11 ms/step | ETA: 14518939.4 min
Step 66200/10000000000 | t=1.32e+00 | T=7349.8 | a=1.000032 | H=2.41e-05 | 11.5 steps/s | 87.12 ms/step | ETA: 14519526.6 min
Step 66300/10000000000 | t=1.33e+00 | T=7349.8 | a=1.000032 | H=2.41e-05 | 11.5 steps/s | 87.16 ms/step | ETA: 14527251.8 min
Step 66400/10000000000 | t=1.33e+00 | T=7349.8 | a=1.000032 | H=2.41e-05 | 11.5 steps/s | 87.17 ms/step | ETA: 14527954.8 min
Step 66500/10000000000 | t=1.33e+00 | T=7349.8 | a=1.000032 | H=2.41e-05 | 11.5 steps/s | 87.21 ms/step | ETA: 14535344.0 min
Step 66600/10000000000 | t=1.33e+00 | T=7349.8 | a=1.000032 | H=2.41e-05 | 11.5 steps/s | 87.22 ms/step | ETA: 14535796.7 min
Step 66700/10000000000 | t=1.33e+00 | T=7349.8 | a=1.000032 | H=2.41e-05 | 11.5 steps/s | 87.22 ms/step | ETA: 14536149.1 min
Step 66800/10000000000 | t=1.34e+00 | T=7349.8 | a=1.000032 | H=2.41e-05 | 11.5 steps/s | 87.23 ms/step | ETA: 14537930.5 min
Step 66900/10000000000 | t=1.34e+00 | T=7349.8 | a=1.000032 | H=2.41e-05 | 11.5 steps/s | 87.23 ms/step | ETA: 14538695.9 min
Step 67000/10000000000 | t=1.34e+00 | T=7349.8 | a=1.000032 | H=2.41e-05 | 11.5 steps/s | 87.24 ms/step | ETA: 14539433.3 min
Step 67100/10000000000 | t=1.34e+00 | T=7349.8 | a=1.000032 | H=2.41e-05 | 11.5 steps/s | 87.24 ms/step | ETA: 14540425.6 min
Step 67200/10000000000 | t=1.34e+00 | T=7349.8 | a=1.000032 | H=2.41e-05 | 11.5 steps/s | 87.25 ms/step | ETA: 14541146.7 min
Step 67300/10000000000 | t=1.35e+00 | T=7349.8 | a=1.000032 | H=2.41e-05 | 11.5 steps/s | 87.28 ms/step | ETA: 14547248.8 min
Step 67400/10000000000 | t=1.35e+00 | T=7349.8 | a=1.000032 | H=2.41e-05 | 11.5 steps/s | 87.30 ms/step | ETA: 14549169.0 min
Step 67500/10000000000 | t=1.35e+00 | T=7349.8 | a=1.000032 | H=2.41e-05 | 11.5 steps/s | 87.30 ms/step | ETA: 14550124.2 min
Step 67600/10000000000 | t=1.35e+00 | T=7349.8 | a=1.000033 | H=2.41e-05 | 11.5 steps/s | 87.30 ms/step | ETA: 14550642.0 min
Step 67700/10000000000 | t=1.35e+00 | T=7349.8 | a=1.000033 | H=2.41e-05 | 11.5 steps/s | 87.31 ms/step | ETA: 14551047.8 min
Step 67800/10000000000 | t=1.36e+00 | T=7349.8 | a=1.000033 | H=2.41e-05 | 11.5 steps/s | 87.31 ms/step | ETA: 14551697.9 min
Step 67900/10000000000 | t=1.36e+00 | T=7349.8 | a=1.000033 | H=2.41e-05 | 11.5 steps/s | 87.32 ms/step | ETA: 14553260.2 min
Step 68000/10000000000 | t=1.36e+00 | T=7349.8 | a=1.000033 | H=2.41e-05 | 11.5 steps/s | 87.33 ms/step | ETA: 14555114.6 min
Step 68100/10000000000 | t=1.36e+00 | T=7349.8 | a=1.000033 | H=2.41e-05 | 11.5 steps/s | 87.34 ms/step | ETA: 14555754.7 min
Step 68200/10000000000 | t=1.36e+00 | T=7349.8 | a=1.000033 | H=2.41e-05 | 11.4 steps/s | 87.34 ms/step | ETA: 14556266.8 min
Step 68300/10000000000 | t=1.37e+00 | T=7349.8 | a=1.000033 | H=2.41e-05 | 11.4 steps/s | 87.38 ms/step | ETA: 14563109.0 min
Step 68400/10000000000 | t=1.37e+00 | T=7349.8 | a=1.000033 | H=2.41e-05 | 11.4 steps/s | 87.39 ms/step | ETA: 14564775.4 min
Step 68500/10000000000 | t=1.37e+00 | T=7349.8 | a=1.000033 | H=2.41e-05 | 11.4 steps/s | 87.40 ms/step | ETA: 14566003.3 min
Step 68600/10000000000 | t=1.37e+00 | T=7349.8 | a=1.000033 | H=2.41e-05 | 11.4 steps/s | 87.40 ms/step | ETA: 14566564.1 min
Step 68700/10000000000 | t=1.37e+00 | T=7349.8 | a=1.000033 | H=2.41e-05 | 11.4 steps/s | 87.41 ms/step | ETA: 14567696.9 min
Step 68800/10000000000 | t=1.38e+00 | T=7349.8 | a=1.000033 | H=2.41e-05 | 11.4 steps/s | 87.41 ms/step | ETA: 14568292.2 min
Step 68900/10000000000 | t=1.38e+00 | T=7349.8 | a=1.000033 | H=2.41e-05 | 11.4 steps/s | 87.41 ms/step | ETA: 14568589.1 min
Step 69000/10000000000 | t=1.38e+00 | T=7349.8 | a=1.000033 | H=2.41e-05 | 11.4 steps/s | 87.42 ms/step | ETA: 14569694.5 min
Step 69100/10000000000 | t=1.38e+00 | T=7349.8 | a=1.000033 | H=2.41e-05 | 11.4 steps/s | 87.42 ms/step | ETA: 14570466.3 min
Step 69200/10000000000 | t=1.38e+00 | T=7349.8 | a=1.000033 | H=2.41e-05 | 11.4 steps/s | 87.43 ms/step | ETA: 14571521.2 min
Step 69300/10000000000 | t=1.39e+00 | T=7349.8 | a=1.000033 | H=2.41e-05 | 11.4 steps/s | 87.46 ms/step | ETA: 14577373.1 min
Step 69400/10000000000 | t=1.39e+00 | T=7349.8 | a=1.000033 | H=2.41e-05 | 11.4 steps/s | 87.47 ms/step | ETA: 14578103.5 min
Step 69500/10000000000 | t=1.39e+00 | T=7349.8 | a=1.000033 | H=2.41e-05 | 11.4 steps/s | 87.47 ms/step | ETA: 14578426.4 min
Step 69600/10000000000 | t=1.39e+00 | T=7349.8 | a=1.000033 | H=2.41e-05 | 11.4 steps/s | 87.47 ms/step | ETA: 14578755.2 min
Step 69700/10000000000 | t=1.39e+00 | T=7349.8 | a=1.000034 | H=2.41e-05 | 11.4 steps/s | 87.49 ms/step | ETA: 14581765.6 min
Step 69800/10000000000 | t=1.40e+00 | T=7349.8 | a=1.000034 | H=2.41e-05 | 11.4 steps/s | 87.49 ms/step | ETA: 14582253.1 min
Step 69900/10000000000 | t=1.40e+00 | T=7349.8 | a=1.000034 | H=2.41e-05 | 11.4 steps/s | 87.50 ms/step | ETA: 14582477.4 min
Step 70000/10000000000 | t=1.40e+00 | T=7349.8 | a=1.000034 | H=2.41e-05 | 11.4 steps/s | 87.50 ms/step | ETA: 14583032.0 min
Step 70100/10000000000 | t=1.40e+00 | T=7349.8 | a=1.000034 | H=2.41e-05 | 11.4 steps/s | 87.50 ms/step | ETA: 14583438.7 min
Step 70200/10000000000 | t=1.40e+00 | T=7349.8 | a=1.000034 | H=2.41e-05 | 11.4 steps/s | 87.51 ms/step | ETA: 14585026.5 min
Step 70300/10000000000 | t=1.41e+00 | T=7349.8 | a=1.000034 | H=2.41e-05 | 11.4 steps/s | 87.55 ms/step | ETA: 14591342.6 min
Step 70400/10000000000 | t=1.41e+00 | T=7349.8 | a=1.000034 | H=2.41e-05 | 11.4 steps/s | 87.55 ms/step | ETA: 14591934.8 min
Step 70500/10000000000 | t=1.41e+00 | T=7349.8 | a=1.000034 | H=2.41e-05 | 11.4 steps/s | 87.55 ms/step | ETA: 14592242.5 min
Step 70600/10000000000 | t=1.41e+00 | T=7349.8 | a=1.000034 | H=2.41e-05 | 11.4 steps/s | 87.56 ms/step | ETA: 14592612.0 min
Step 70700/10000000000 | t=1.41e+00 | T=7349.7 | a=1.000034 | H=2.41e-05 | 11.4 steps/s | 87.56 ms/step | ETA: 14594037.3 min
Step 70800/10000000000 | t=1.42e+00 | T=7349.7 | a=1.000034 | H=2.41e-05 | 11.4 steps/s | 87.57 ms/step | ETA: 14595418.7 min
Step 70900/10000000000 | t=1.42e+00 | T=7349.7 | a=1.000034 | H=2.41e-05 | 11.4 steps/s | 87.57 ms/step | ETA: 14595591.7 min
Step 71000/10000000000 | t=1.42e+00 | T=7349.7 | a=1.000034 | H=2.41e-05 | 11.4 steps/s | 87.58 ms/step | ETA: 14596548.6 min
Step 71100/10000000000 | t=1.42e+00 | T=7349.7 | a=1.000034 | H=2.41e-05 | 11.4 steps/s | 87.58 ms/step | ETA: 14597209.1 min
Step 71200/10000000000 | t=1.42e+00 | T=7349.7 | a=1.000034 | H=2.41e-05 | 11.4 steps/s | 87.59 ms/step | ETA: 14597747.8 min
Step 71300/10000000000 | t=1.43e+00 | T=7349.7 | a=1.000034 | H=2.41e-05 | 11.4 steps/s | 87.63 ms/step | ETA: 14604333.1 min
Step 71400/10000000000 | t=1.43e+00 | T=7349.7 | a=1.000034 | H=2.41e-05 | 11.4 steps/s | 87.63 ms/step | ETA: 14604648.6 min
Step 71500/10000000000 | t=1.43e+00 | T=7349.7 | a=1.000034 | H=2.41e-05 | 11.4 steps/s | 87.63 ms/step | ETA: 14605721.7 min
Step 71600/10000000000 | t=1.43e+00 | T=7349.7 | a=1.000034 | H=2.41e-05 | 11.4 steps/s | 87.64 ms/step | ETA: 14607060.1 min
Step 71700/10000000000 | t=1.43e+00 | T=7349.7 | a=1.000034 | H=2.41e-05 | 11.4 steps/s | 87.65 ms/step | ETA: 14608141.3 min
Step 71800/10000000000 | t=1.44e+00 | T=7349.7 | a=1.000035 | H=2.41e-05 | 11.4 steps/s | 87.65 ms/step | ETA: 14608691.0 min
Step 71900/10000000000 | t=1.44e+00 | T=7349.7 | a=1.000035 | H=2.41e-05 | 11.4 steps/s | 87.65 ms/step | ETA: 14609013.0 min
Step 72000/10000000000 | t=1.44e+00 | T=7349.7 | a=1.000035 | H=2.41e-05 | 11.4 steps/s | 87.66 ms/step | ETA: 14609415.0 min
Step 72100/10000000000 | t=1.44e+00 | T=7349.7 | a=1.000035 | H=2.41e-05 | 11.4 steps/s | 87.66 ms/step | ETA: 14609809.0 min
Step 72200/10000000000 | t=1.44e+00 | T=7349.7 | a=1.000035 | H=2.41e-05 | 11.4 steps/s | 87.66 ms/step | ETA: 14610053.5 min
Step 72300/10000000000 | t=1.45e+00 | T=7349.7 | a=1.000035 | H=2.41e-05 | 11.4 steps/s | 87.71 ms/step | ETA: 14617793.6 min
Step 72400/10000000000 | t=1.45e+00 | T=7349.7 | a=1.000035 | H=2.41e-05 | 11.4 steps/s | 87.71 ms/step | ETA: 14618845.3 min
Step 72500/10000000000 | t=1.45e+00 | T=7349.7 | a=1.000035 | H=2.41e-05 | 11.4 steps/s | 87.72 ms/step | ETA: 14619652.6 min
Step 72600/10000000000 | t=1.45e+00 | T=7349.7 | a=1.000035 | H=2.41e-05 | 11.4 steps/s | 87.72 ms/step | ETA: 14620042.1 min
Step 72700/10000000000 | t=1.45e+00 | T=7349.7 | a=1.000035 | H=2.41e-05 | 11.4 steps/s | 87.72 ms/step | ETA: 14620495.9 min
Step 72800/10000000000 | t=1.46e+00 | T=7349.7 | a=1.000035 | H=2.41e-05 | 11.4 steps/s | 87.73 ms/step | ETA: 14622020.0 min
Step 72900/10000000000 | t=1.46e+00 | T=7349.7 | a=1.000035 | H=2.41e-05 | 11.4 steps/s | 87.74 ms/step | ETA: 14622668.5 min
Step 73000/10000000000 | t=1.46e+00 | T=7349.7 | a=1.000035 | H=2.41e-05 | 11.4 steps/s | 87.74 ms/step | ETA: 14622948.3 min
Step 73100/10000000000 | t=1.46e+00 | T=7349.7 | a=1.000035 | H=2.41e-05 | 11.4 steps/s | 87.74 ms/step | ETA: 14623141.2 min
Step 73200/10000000000 | t=1.46e+00 | T=7349.7 | a=1.000035 | H=2.41e-05 | 11.4 steps/s | 87.74 ms/step | ETA: 14623448.0 min
Step 73300/10000000000 | t=1.47e+00 | T=7349.7 | a=1.000035 | H=2.41e-05 | 11.4 steps/s | 87.78 ms/step | ETA: 14630310.9 min
Step 73400/10000000000 | t=1.47e+00 | T=7349.7 | a=1.000035 | H=2.41e-05 | 11.4 steps/s | 87.79 ms/step | ETA: 14632360.0 min
Step 73500/10000000000 | t=1.47e+00 | T=7349.7 | a=1.000035 | H=2.41e-05 | 11.4 steps/s | 87.80 ms/step | ETA: 14633850.2 min
Step 73600/10000000000 | t=1.47e+00 | T=7349.7 | a=1.000035 | H=2.41e-05 | 11.4 steps/s | 87.81 ms/step | ETA: 14634256.5 min
Step 73700/10000000000 | t=1.47e+00 | T=7349.7 | a=1.000035 | H=2.41e-05 | 11.4 steps/s | 87.81 ms/step | ETA: 14634404.3 min
Step 73800/10000000000 | t=1.48e+00 | T=7349.7 | a=1.000036 | H=2.41e-05 | 11.4 steps/s | 87.81 ms/step | ETA: 14634795.2 min
Step 73900/10000000000 | t=1.48e+00 | T=7349.7 | a=1.000036 | H=2.41e-05 | 11.4 steps/s | 87.82 ms/step | ETA: 14636950.1 min
Step 74000/10000000000 | t=1.48e+00 | T=7349.7 | a=1.000036 | H=2.41e-05 | 11.4 steps/s | 87.82 ms/step | ETA: 14637178.5 min
Step 74100/10000000000 | t=1.48e+00 | T=7349.7 | a=1.000036 | H=2.41e-05 | 11.4 steps/s | 87.82 ms/step | ETA: 14637304.4 min
Step 74200/10000000000 | t=1.48e+00 | T=7349.7 | a=1.000036 | H=2.41e-05 | 11.4 steps/s | 87.83 ms/step | ETA: 14637899.2 min
Step 74300/10000000000 | t=1.49e+00 | T=7349.7 | a=1.000036 | H=2.41e-05 | 11.4 steps/s | 87.86 ms/step | ETA: 14643280.7 min
Step 74400/10000000000 | t=1.49e+00 | T=7349.7 | a=1.000036 | H=2.41e-05 | 11.4 steps/s | 87.87 ms/step | ETA: 14644575.4 min
Step 74500/10000000000 | t=1.49e+00 | T=7349.7 | a=1.000036 | H=2.41e-05 | 11.4 steps/s | 87.87 ms/step | ETA: 14645014.0 min
Step 74600/10000000000 | t=1.49e+00 | T=7349.7 | a=1.000036 | H=2.41e-05 | 11.4 steps/s | 87.87 ms/step | ETA: 14645478.7 min
Step 74700/10000000000 | t=1.49e+00 | T=7349.7 | a=1.000036 | H=2.41e-05 | 11.4 steps/s | 87.88 ms/step | ETA: 14646011.7 min
Step 74800/10000000000 | t=1.50e+00 | T=7349.7 | a=1.000036 | H=2.41e-05 | 11.4 steps/s | 87.89 ms/step | ETA: 14647465.7 min
Step 74900/10000000000 | t=1.50e+00 | T=7349.7 | a=1.000036 | H=2.41e-05 | 11.4 steps/s | 87.89 ms/step | ETA: 14647802.8 min
Step 75000/10000000000 | t=1.50e+00 | T=7349.7 | a=1.000036 | H=2.41e-05 | 11.4 steps/s | 87.89 ms/step | ETA: 14648043.6 min
Step 75100/10000000000 | t=1.50e+00 | T=7349.7 | a=1.000036 | H=2.41e-05 | 11.4 steps/s | 87.89 ms/step | ETA: 14649037.9 min
Step 75200/10000000000 | t=1.50e+00 | T=7349.7 | a=1.000036 | H=2.41e-05 | 11.4 steps/s | 87.90 ms/step | ETA: 14650673.2 min
Step 75300/10000000000 | t=1.51e+00 | T=7349.7 | a=1.000036 | H=2.41e-05 | 11.4 steps/s | 87.94 ms/step | ETA: 14656725.4 min
Step 75400/10000000000 | t=1.51e+00 | T=7349.7 | a=1.000036 | H=2.41e-05 | 11.4 steps/s | 87.95 ms/step | ETA: 14657737.9 min
Step 75500/10000000000 | t=1.51e+00 | T=7349.7 | a=1.000036 | H=2.41e-05 | 11.4 steps/s | 87.95 ms/step | ETA: 14658985.3 min
Step 75600/10000000000 | t=1.51e+00 | T=7349.7 | a=1.000036 | H=2.41e-05 | 11.4 steps/s | 87.97 ms/step | ETA: 14660919.5 min
Step 75700/10000000000 | t=1.51e+00 | T=7349.7 | a=1.000036 | H=2.41e-05 | 11.4 steps/s | 87.97 ms/step | ETA: 14661945.2 min
Step 75800/10000000000 | t=1.52e+00 | T=7349.7 | a=1.000036 | H=2.41e-05 | 11.4 steps/s | 87.98 ms/step | ETA: 14662605.8 min
Step 75900/10000000000 | t=1.52e+00 | T=7349.7 | a=1.000037 | H=2.41e-05 | 11.4 steps/s | 87.98 ms/step | ETA: 14663099.3 min
Step 76000/10000000000 | t=1.52e+00 | T=7349.7 | a=1.000037 | H=2.41e-05 | 11.4 steps/s | 87.98 ms/step | ETA: 14663377.3 min
Step 76100/10000000000 | t=1.52e+00 | T=7349.7 | a=1.000037 | H=2.41e-05 | 11.4 steps/s | 88.00 ms/step | ETA: 14666370.5 min
Step 76200/10000000000 | t=1.52e+00 | T=7349.7 | a=1.000037 | H=2.41e-05 | 11.4 steps/s | 88.00 ms/step | ETA: 14667020.8 min
Step 76300/10000000000 | t=1.53e+00 | T=7349.7 | a=1.000037 | H=2.41e-05 | 11.4 steps/s | 88.03 ms/step | ETA: 14672229.0 min
Step 76400/10000000000 | t=1.53e+00 | T=7349.7 | a=1.000037 | H=2.41e-05 | 11.4 steps/s | 88.04 ms/step | ETA: 14672867.8 min
Step 76500/10000000000 | t=1.53e+00 | T=7349.7 | a=1.000037 | H=2.41e-05 | 11.4 steps/s | 88.04 ms/step | ETA: 14673551.8 min
Step 76600/10000000000 | t=1.53e+00 | T=7349.7 | a=1.000037 | H=2.41e-05 | 11.4 steps/s | 88.05 ms/step | ETA: 14674709.9 min
Step 76700/10000000000 | t=1.53e+00 | T=7349.7 | a=1.000037 | H=2.41e-05 | 11.4 steps/s | 88.05 ms/step | ETA: 14675171.1 min
Step 76800/10000000000 | t=1.54e+00 | T=7349.7 | a=1.000037 | H=2.41e-05 | 11.4 steps/s | 88.05 ms/step | ETA: 14675619.6 min
Step 76900/10000000000 | t=1.54e+00 | T=7349.7 | a=1.000037 | H=2.41e-05 | 11.4 steps/s | 88.06 ms/step | ETA: 14675733.0 min
Step 77000/10000000000 | t=1.54e+00 | T=7349.7 | a=1.000037 | H=2.41e-05 | 11.4 steps/s | 88.06 ms/step | ETA: 14675992.8 min
Step 77100/10000000000 | t=1.54e+00 | T=7349.7 | a=1.000037 | H=2.41e-05 | 11.4 steps/s | 88.06 ms/step | ETA: 14677189.3 min
Step 77200/10000000000 | t=1.54e+00 | T=7349.7 | a=1.000037 | H=2.41e-05 | 11.4 steps/s | 88.07 ms/step | ETA: 14678956.3 min
Step 77300/10000000000 | t=1.55e+00 | T=7349.7 | a=1.000037 | H=2.41e-05 | 11.3 steps/s | 88.12 ms/step | ETA: 14686085.2 min
Step 77400/10000000000 | t=1.55e+00 | T=7349.7 | a=1.000037 | H=2.41e-05 | 11.3 steps/s | 88.12 ms/step | ETA: 14687367.1 min
Step 77500/10000000000 | t=1.55e+00 | T=7349.7 | a=1.000037 | H=2.41e-05 | 11.3 steps/s | 88.13 ms/step | ETA: 14687766.1 min
Step 77600/10000000000 | t=1.55e+00 | T=7349.7 | a=1.000037 | H=2.41e-05 | 11.3 steps/s | 88.13 ms/step | ETA: 14687988.6 min
Step 77700/10000000000 | t=1.55e+00 | T=7349.7 | a=1.000037 | H=2.41e-05 | 11.3 steps/s | 88.13 ms/step | ETA: 14688175.1 min
Step 77800/10000000000 | t=1.56e+00 | T=7349.7 | a=1.000037 | H=2.41e-05 | 11.3 steps/s | 88.13 ms/step | ETA: 14688511.0 min
Step 77900/10000000000 | t=1.56e+00 | T=7349.7 | a=1.000037 | H=2.41e-05 | 11.3 steps/s | 88.14 ms/step | ETA: 14689109.5 min
Step 78000/10000000000 | t=1.56e+00 | T=7349.7 | a=1.000038 | H=2.41e-05 | 11.3 steps/s | 88.14 ms/step | ETA: 14690006.3 min
Step 78100/10000000000 | t=1.56e+00 | T=7349.7 | a=1.000038 | H=2.41e-05 | 11.3 steps/s | 88.14 ms/step | ETA: 14690326.3 min
Step 78200/10000000000 | t=1.56e+00 | T=7349.7 | a=1.000038 | H=2.41e-05 | 11.3 steps/s | 88.14 ms/step | ETA: 14690560.1 min
Step 78300/10000000000 | t=1.57e+00 | T=7349.7 | a=1.000038 | H=2.41e-05 | 11.3 steps/s | 88.17 ms/step | ETA: 14695699.0 min
Step 78400/10000000000 | t=1.57e+00 | T=7349.7 | a=1.000038 | H=2.41e-05 | 11.3 steps/s | 88.18 ms/step | ETA: 14696651.3 min
Step 78500/10000000000 | t=1.57e+00 | T=7349.7 | a=1.000038 | H=2.41e-05 | 11.3 steps/s | 88.18 ms/step | ETA: 14696824.6 min
Step 78600/10000000000 | t=1.57e+00 | T=7349.7 | a=1.000038 | H=2.41e-05 | 11.3 steps/s | 88.19 ms/step | ETA: 14697747.4 min
Step 78700/10000000000 | t=1.57e+00 | T=7349.7 | a=1.000038 | H=2.41e-05 | 11.3 steps/s | 88.19 ms/step | ETA: 14698604.2 min
Step 78800/10000000000 | t=1.58e+00 | T=7349.7 | a=1.000038 | H=2.41e-05 | 11.3 steps/s | 88.19 ms/step | ETA: 14698707.6 min
Step 78900/10000000000 | t=1.58e+00 | T=7349.7 | a=1.000038 | H=2.41e-05 | 11.3 steps/s | 88.20 ms/step | ETA: 14699274.2 min
Step 79000/10000000000 | t=1.58e+00 | T=7349.7 | a=1.000038 | H=2.41e-05 | 11.3 steps/s | 88.20 ms/step | ETA: 14699802.1 min
Step 79100/10000000000 | t=1.58e+00 | T=7349.7 | a=1.000038 | H=2.41e-05 | 11.3 steps/s | 88.20 ms/step | ETA: 14699922.0 min
Step 79200/10000000000 | t=1.58e+00 | T=7349.7 | a=1.000038 | H=2.41e-05 | 11.3 steps/s | 88.20 ms/step | ETA: 14699996.3 min
Step 79300/10000000000 | t=1.59e+00 | T=7349.7 | a=1.000038 | H=2.41e-05 | 11.3 steps/s | 88.24 ms/step | ETA: 14705794.8 min
Step 79400/10000000000 | t=1.59e+00 | T=7349.7 | a=1.000038 | H=2.41e-05 | 11.3 steps/s | 88.24 ms/step | ETA: 14707310.6 min
Step 79500/10000000000 | t=1.59e+00 | T=7349.7 | a=1.000038 | H=2.41e-05 | 11.3 steps/s | 88.25 ms/step | ETA: 14707389.2 min
Step 79600/10000000000 | t=1.59e+00 | T=7349.7 | a=1.000038 | H=2.41e-05 | 11.3 steps/s | 88.25 ms/step | ETA: 14707707.8 min
Step 79700/10000000000 | t=1.59e+00 | T=7349.7 | a=1.000038 | H=2.41e-05 | 11.3 steps/s | 88.25 ms/step | ETA: 14707934.7 min
Step 79800/10000000000 | t=1.60e+00 | T=7349.7 | a=1.000038 | H=2.41e-05 | 11.3 steps/s | 88.26 ms/step | ETA: 14709242.2 min
Step 79900/10000000000 | t=1.60e+00 | T=7349.7 | a=1.000038 | H=2.41e-05 | 11.3 steps/s | 88.27 ms/step | ETA: 14710898.2 min
Step 80000/10000000000 | t=1.60e+00 | T=7349.7 | a=1.000038 | H=2.41e-05 | 11.3 steps/s | 88.27 ms/step | ETA: 14711211.9 min
Step 80100/10000000000 | t=1.60e+00 | T=7349.7 | a=1.000039 | H=2.41e-05 | 11.3 steps/s | 88.27 ms/step | ETA: 14711342.8 min
Step 80200/10000000000 | t=1.60e+00 | T=7349.7 | a=1.000039 | H=2.41e-05 | 11.3 steps/s | 88.27 ms/step | ETA: 14712281.5 min
Step 80300/10000000000 | t=1.61e+00 | T=7349.7 | a=1.000039 | H=2.41e-05 | 11.3 steps/s | 88.31 ms/step | ETA: 14717760.2 min
Step 80400/10000000000 | t=1.61e+00 | T=7349.7 | a=1.000039 | H=2.41e-05 | 11.3 steps/s | 88.31 ms/step | ETA: 14717715.2 min
Step 80500/10000000000 | t=1.61e+00 | T=7349.7 | a=1.000039 | H=2.41e-05 | 11.3 steps/s | 88.31 ms/step | ETA: 14717903.2 min
Step 80600/10000000000 | t=1.61e+00 | T=7349.7 | a=1.000039 | H=2.41e-05 | 11.3 steps/s | 88.32 ms/step | ETA: 14719541.5 min
Step 80700/10000000000 | t=1.61e+00 | T=7349.7 | a=1.000039 | H=2.41e-05 | 11.3 steps/s | 88.32 ms/step | ETA: 14719745.7 min
Step 80800/10000000000 | t=1.62e+00 | T=7349.7 | a=1.000039 | H=2.41e-05 | 11.3 steps/s | 88.32 ms/step | ETA: 14719820.9 min
Step 80900/10000000000 | t=1.62e+00 | T=7349.7 | a=1.000039 | H=2.41e-05 | 11.3 steps/s | 88.32 ms/step | ETA: 14720060.9 min
Step 81000/10000000000 | t=1.62e+00 | T=7349.7 | a=1.000039 | H=2.41e-05 | 11.3 steps/s | 88.32 ms/step | ETA: 14720601.5 min
Step 81100/10000000000 | t=1.62e+00 | T=7349.7 | a=1.000039 | H=2.41e-05 | 11.3 steps/s | 88.33 ms/step | ETA: 14721507.8 min
Step 81200/10000000000 | t=1.62e+00 | T=7349.7 | a=1.000039 | H=2.41e-05 | 11.3 steps/s | 88.33 ms/step | ETA: 14721946.8 min
Step 81300/10000000000 | t=1.63e+00 | T=7349.7 | a=1.000039 | H=2.41e-05 | 11.3 steps/s | 88.36 ms/step | ETA: 14726651.8 min
Step 81400/10000000000 | t=1.63e+00 | T=7349.7 | a=1.000039 | H=2.41e-05 | 11.3 steps/s | 88.36 ms/step | ETA: 14726592.9 min
Step 81500/10000000000 | t=1.63e+00 | T=7349.7 | a=1.000039 | H=2.41e-05 | 11.3 steps/s | 88.36 ms/step | ETA: 14726868.1 min
Step 81600/10000000000 | t=1.63e+00 | T=7349.7 | a=1.000039 | H=2.41e-05 | 11.3 steps/s | 88.37 ms/step | ETA: 14727465.0 min
Step 81700/10000000000 | t=1.63e+00 | T=7349.7 | a=1.000039 | H=2.41e-05 | 11.3 steps/s | 88.37 ms/step | ETA: 14728880.9 min
Step 81800/10000000000 | t=1.64e+00 | T=7349.7 | a=1.000039 | H=2.41e-05 | 11.3 steps/s | 88.38 ms/step | ETA: 14729147.6 min
Step 81900/10000000000 | t=1.64e+00 | T=7349.7 | a=1.000039 | H=2.41e-05 | 11.3 steps/s | 88.38 ms/step | ETA: 14730089.3 min
Step 82000/10000000000 | t=1.64e+00 | T=7349.7 | a=1.000039 | H=2.41e-05 | 11.3 steps/s | 88.38 ms/step | ETA: 14730607.6 min
Step 82100/10000000000 | t=1.64e+00 | T=7349.7 | a=1.000040 | H=2.41e-05 | 11.3 steps/s | 88.38 ms/step | ETA: 14730653.9 min
Step 82200/10000000000 | t=1.64e+00 | T=7349.7 | a=1.000040 | H=2.41e-05 | 11.3 steps/s | 88.39 ms/step | ETA: 14730759.2 min
Step 82300/10000000000 | t=1.65e+00 | T=7349.7 | a=1.000040 | H=2.41e-05 | 11.3 steps/s | 88.42 ms/step | ETA: 14737306.6 min
Step 82400/10000000000 | t=1.65e+00 | T=7349.7 | a=1.000040 | H=2.41e-05 | 11.3 steps/s | 88.45 ms/step | ETA: 14741386.0 min
Step 82500/10000000000 | t=1.65e+00 | T=7349.7 | a=1.000040 | H=2.41e-05 | 11.3 steps/s | 88.47 ms/step | ETA: 14744260.0 min
Step 82600/10000000000 | t=1.65e+00 | T=7349.7 | a=1.000040 | H=2.41e-05 | 11.3 steps/s | 88.47 ms/step | ETA: 14744473.8 min
Step 82700/10000000000 | t=1.65e+00 | T=7349.7 | a=1.000040 | H=2.41e-05 | 11.3 steps/s | 88.47 ms/step | ETA: 14744675.0 min
Step 82800/10000000000 | t=1.66e+00 | T=7349.7 | a=1.000040 | H=2.41e-05 | 11.3 steps/s | 88.47 ms/step | ETA: 14745417.2 min
Step 82900/10000000000 | t=1.66e+00 | T=7349.7 | a=1.000040 | H=2.41e-05 | 11.3 steps/s | 88.47 ms/step | ETA: 14745603.4 min
Step 83000/10000000000 | t=1.66e+00 | T=7349.7 | a=1.000040 | H=2.41e-05 | 11.3 steps/s | 88.47 ms/step | ETA: 14745622.8 min
Step 83100/10000000000 | t=1.66e+00 | T=7349.7 | a=1.000040 | H=2.41e-05 | 11.3 steps/s | 88.48 ms/step | ETA: 14746474.1 min
Step 83200/10000000000 | t=1.66e+00 | T=7349.7 | a=1.000040 | H=2.41e-05 | 11.3 steps/s | 88.48 ms/step | ETA: 14746831.5 min
Step 83300/10000000000 | t=1.67e+00 | T=7349.7 | a=1.000040 | H=2.41e-05 | 11.3 steps/s | 88.51 ms/step | ETA: 14751449.3 min
Step 83400/10000000000 | t=1.67e+00 | T=7349.7 | a=1.000040 | H=2.41e-05 | 11.3 steps/s | 88.51 ms/step | ETA: 14751753.4 min
Step 83500/10000000000 | t=1.67e+00 | T=7349.7 | a=1.000040 | H=2.41e-05 | 11.3 steps/s | 88.51 ms/step | ETA: 14751758.6 min
Step 83600/10000000000 | t=1.67e+00 | T=7349.7 | a=1.000040 | H=2.41e-05 | 11.3 steps/s | 88.52 ms/step | ETA: 14752770.9 min
Step 83700/10000000000 | t=1.67e+00 | T=7349.7 | a=1.000040 | H=2.41e-05 | 11.3 steps/s | 88.52 ms/step | ETA: 14753421.7 min
Step 83800/10000000000 | t=1.68e+00 | T=7349.7 | a=1.000040 | H=2.41e-05 | 11.3 steps/s | 88.55 ms/step | ETA: 14757401.6 min
Step 83900/10000000000 | t=1.68e+00 | T=7349.7 | a=1.000040 | H=2.41e-05 | 11.3 steps/s | 88.55 ms/step | ETA: 14757564.3 min
Step 84000/10000000000 | t=1.68e+00 | T=7349.7 | a=1.000040 | H=2.41e-05 | 11.3 steps/s | 88.55 ms/step | ETA: 14757852.3 min
Step 84100/10000000000 | t=1.68e+00 | T=7349.7 | a=1.000040 | H=2.41e-05 | 11.3 steps/s | 88.55 ms/step | ETA: 14757849.1 min
Step 84200/10000000000 | t=1.68e+00 | T=7349.7 | a=1.000041 | H=2.41e-05 | 11.3 steps/s | 88.55 ms/step | ETA: 14757978.5 min
Step 84300/10000000000 | t=1.69e+00 | T=7349.7 | a=1.000041 | H=2.41e-05 | 11.3 steps/s | 88.58 ms/step | ETA: 14763063.4 min
Step 84400/10000000000 | t=1.69e+00 | T=7349.7 | a=1.000041 | H=2.41e-05 | 11.3 steps/s | 88.58 ms/step | ETA: 14763514.5 min
Step 84500/10000000000 | t=1.69e+00 | T=7349.7 | a=1.000041 | H=2.41e-05 | 11.3 steps/s | 88.58 ms/step | ETA: 14763473.0 min
Step 84600/10000000000 | t=1.69e+00 | T=7349.7 | a=1.000041 | H=2.41e-05 | 11.3 steps/s | 88.58 ms/step | ETA: 14763561.2 min
Step 84700/10000000000 | t=1.69e+00 | T=7349.7 | a=1.000041 | H=2.41e-05 | 11.3 steps/s | 88.59 ms/step | ETA: 14764555.2 min
Step 84800/10000000000 | t=1.70e+00 | T=7349.7 | a=1.000041 | H=2.41e-05 | 11.3 steps/s | 88.59 ms/step | ETA: 14764648.3 min
Step 84900/10000000000 | t=1.70e+00 | T=7349.7 | a=1.000041 | H=2.41e-05 | 11.3 steps/s | 88.60 ms/step | ETA: 14766153.0 min
Step 85000/10000000000 | t=1.70e+00 | T=7349.7 | a=1.000041 | H=2.41e-05 | 11.3 steps/s | 88.60 ms/step | ETA: 14766555.6 min
Step 85100/10000000000 | t=1.70e+00 | T=7349.7 | a=1.000041 | H=2.41e-05 | 11.3 steps/s | 88.61 ms/step | ETA: 14767601.4 min
Step 85200/10000000000 | t=1.70e+00 | T=7349.7 | a=1.000041 | H=2.41e-05 | 11.3 steps/s | 88.61 ms/step | ETA: 14767976.7 min
Step 85300/10000000000 | t=1.71e+00 | T=7349.7 | a=1.000041 | H=2.41e-05 | 11.3 steps/s | 88.64 ms/step | ETA: 14772702.5 min
Step 85400/10000000000 | t=1.71e+00 | T=7349.7 | a=1.000041 | H=2.41e-05 | 11.3 steps/s | 88.64 ms/step | ETA: 14772704.3 min
Step 85500/10000000000 | t=1.71e+00 | T=7349.7 | a=1.000041 | H=2.41e-05 | 11.3 steps/s | 88.64 ms/step | ETA: 14772706.8 min
Step 85600/10000000000 | t=1.71e+00 | T=7349.7 | a=1.000041 | H=2.41e-05 | 11.3 steps/s | 88.64 ms/step | ETA: 14772777.1 min
Step 85700/10000000000 | t=1.71e+00 | T=7349.7 | a=1.000041 | H=2.41e-05 | 11.3 steps/s | 88.64 ms/step | ETA: 14773070.2 min
Step 85800/10000000000 | t=1.72e+00 | T=7349.7 | a=1.000041 | H=2.41e-05 | 11.3 steps/s | 88.64 ms/step | ETA: 14773909.6 min
Step 85900/10000000000 | t=1.72e+00 | T=7349.7 | a=1.000041 | H=2.41e-05 | 11.3 steps/s | 88.64 ms/step | ETA: 14774014.8 min
Step 86000/10000000000 | t=1.72e+00 | T=7349.7 | a=1.000041 | H=2.41e-05 | 11.3 steps/s | 88.65 ms/step | ETA: 14774238.9 min
Step 86100/10000000000 | t=1.72e+00 | T=7349.7 | a=1.000041 | H=2.41e-05 | 11.3 steps/s | 88.65 ms/step | ETA: 14774336.8 min
Step 86200/10000000000 | t=1.72e+00 | T=7349.7 | a=1.000041 | H=2.41e-05 | 11.3 steps/s | 88.65 ms/step | ETA: 14774958.8 min
Step 86300/10000000000 | t=1.73e+00 | T=7349.7 | a=1.000042 | H=2.41e-05 | 11.3 steps/s | 88.69 ms/step | ETA: 14780863.4 min
Step 86400/10000000000 | t=1.73e+00 | T=7349.7 | a=1.000042 | H=2.41e-05 | 11.3 steps/s | 88.69 ms/step | ETA: 14781044.3 min
Step 86500/10000000000 | t=1.73e+00 | T=7349.7 | a=1.000042 | H=2.41e-05 | 11.3 steps/s | 88.69 ms/step | ETA: 14780973.8 min
Step 86600/10000000000 | t=1.73e+00 | T=7349.7 | a=1.000042 | H=2.41e-05 | 11.3 steps/s | 88.69 ms/step | ETA: 14781101.6 min
Step 86700/10000000000 | t=1.73e+00 | T=7349.7 | a=1.000042 | H=2.41e-05 | 11.3 steps/s | 88.69 ms/step | ETA: 14781784.3 min
Step 86800/10000000000 | t=1.74e+00 | T=7349.7 | a=1.000042 | H=2.41e-05 | 11.3 steps/s | 88.69 ms/step | ETA: 14781892.6 min
Step 86900/10000000000 | t=1.74e+00 | T=7349.7 | a=1.000042 | H=2.41e-05 | 11.3 steps/s | 88.69 ms/step | ETA: 14781906.2 min
Step 87000/10000000000 | t=1.74e+00 | T=7349.7 | a=1.000042 | H=2.41e-05 | 11.3 steps/s | 88.70 ms/step | ETA: 14782720.4 min
Step 87100/10000000000 | t=1.74e+00 | T=7349.7 | a=1.000042 | H=2.41e-05 | 11.3 steps/s | 88.70 ms/step | ETA: 14783331.8 min
Step 87200/10000000000 | t=1.74e+00 | T=7349.7 | a=1.000042 | H=2.41e-05 | 11.3 steps/s | 88.70 ms/step | ETA: 14783970.8 min
Step 87300/10000000000 | t=1.75e+00 | T=7349.7 | a=1.000042 | H=2.41e-05 | 11.3 steps/s | 88.73 ms/step | ETA: 14788616.7 min
Step 87400/10000000000 | t=1.75e+00 | T=7349.7 | a=1.000042 | H=2.41e-05 | 11.3 steps/s | 88.73 ms/step | ETA: 14788641.0 min
Step 87500/10000000000 | t=1.75e+00 | T=7349.7 | a=1.000042 | H=2.41e-05 | 11.3 steps/s | 88.73 ms/step | ETA: 14788541.6 min
Step 87600/10000000000 | t=1.75e+00 | T=7349.7 | a=1.000042 | H=2.41e-05 | 11.3 steps/s | 88.74 ms/step | ETA: 14790598.1 min
Step 87700/10000000000 | t=1.75e+00 | T=7349.7 | a=1.000042 | H=2.41e-05 | 11.3 steps/s | 88.75 ms/step | ETA: 14791055.4 min
Step 87800/10000000000 | t=1.76e+00 | T=7349.7 | a=1.000042 | H=2.41e-05 | 11.3 steps/s | 88.75 ms/step | ETA: 14790969.1 min
Step 87900/10000000000 | t=1.76e+00 | T=7349.7 | a=1.000042 | H=2.41e-05 | 11.3 steps/s | 88.75 ms/step | ETA: 14791083.8 min
Step 88000/10000000000 | t=1.76e+00 | T=7349.7 | a=1.000042 | H=2.41e-05 | 11.3 steps/s | 88.75 ms/step | ETA: 14791714.2 min
Step 88100/10000000000 | t=1.76e+00 | T=7349.7 | a=1.000042 | H=2.41e-05 | 11.3 steps/s | 88.75 ms/step | ETA: 14791866.8 min
Step 88200/10000000000 | t=1.76e+00 | T=7349.7 | a=1.000042 | H=2.41e-05 | 11.3 steps/s | 88.77 ms/step | ETA: 14794768.3 min
Step 88300/10000000000 | t=1.77e+00 | T=7349.7 | a=1.000042 | H=2.41e-05 | 11.3 steps/s | 88.80 ms/step | ETA: 14800005.4 min
Step 88400/10000000000 | t=1.77e+00 | T=7349.7 | a=1.000043 | H=2.41e-05 | 11.3 steps/s | 88.80 ms/step | ETA: 14799868.7 min
Step 88500/10000000000 | t=1.77e+00 | T=7349.7 | a=1.000043 | H=2.41e-05 | 11.3 steps/s | 88.80 ms/step | ETA: 14799976.7 min
Step 88600/10000000000 | t=1.77e+00 | T=7349.7 | a=1.000043 | H=2.41e-05 | 11.3 steps/s | 88.80 ms/step | ETA: 14800044.9 min
Step 88700/10000000000 | t=1.77e+00 | T=7349.7 | a=1.000043 | H=2.41e-05 | 11.3 steps/s | 88.81 ms/step | ETA: 14801863.0 min
Step 88800/10000000000 | t=1.78e+00 | T=7349.7 | a=1.000043 | H=2.41e-05 | 11.3 steps/s | 88.83 ms/step | ETA: 14804279.8 min
Step 88900/10000000000 | t=1.78e+00 | T=7349.7 | a=1.000043 | H=2.41e-05 | 11.3 steps/s | 88.83 ms/step | ETA: 14805232.0 min
Step 89000/10000000000 | t=1.78e+00 | T=7349.7 | a=1.000043 | H=2.41e-05 | 11.3 steps/s | 88.83 ms/step | ETA: 14805562.2 min
Step 89100/10000000000 | t=1.78e+00 | T=7349.7 | a=1.000043 | H=2.41e-05 | 11.3 steps/s | 88.83 ms/step | ETA: 14805495.4 min
Step 89200/10000000000 | t=1.78e+00 | T=7349.7 | a=1.000043 | H=2.41e-05 | 11.3 steps/s | 88.83 ms/step | ETA: 14805382.9 min
Step 89300/10000000000 | t=1.79e+00 | T=7349.7 | a=1.000043 | H=2.41e-05 | 11.3 steps/s | 88.86 ms/step | ETA: 14810188.1 min
Step 89400/10000000000 | t=1.79e+00 | T=7349.7 | a=1.000043 | H=2.41e-05 | 11.3 steps/s | 88.86 ms/step | ETA: 14810187.1 min
Step 89500/10000000000 | t=1.79e+00 | T=7349.7 | a=1.000043 | H=2.41e-05 | 11.3 steps/s | 88.86 ms/step | ETA: 14810637.9 min
Step 89600/10000000000 | t=1.79e+00 | T=7349.7 | a=1.000043 | H=2.41e-05 | 11.3 steps/s | 88.87 ms/step | ETA: 14810717.7 min
Step 89700/10000000000 | t=1.79e+00 | T=7349.7 | a=1.000043 | H=2.41e-05 | 11.3 steps/s | 88.87 ms/step | ETA: 14811346.6 min
Step 89800/10000000000 | t=1.80e+00 | T=7349.7 | a=1.000043 | H=2.41e-05 | 11.3 steps/s | 88.87 ms/step | ETA: 14811695.9 min
Step 89900/10000000000 | t=1.80e+00 | T=7349.7 | a=1.000043 | H=2.41e-05 | 11.3 steps/s | 88.87 ms/step | ETA: 14811558.8 min
Step 90000/10000000000 | t=1.80e+00 | T=7349.7 | a=1.000043 | H=2.41e-05 | 11.3 steps/s | 88.87 ms/step | ETA: 14811610.0 min
Step 90100/10000000000 | t=1.80e+00 | T=7349.7 | a=1.000043 | H=2.41e-05 | 11.3 steps/s | 88.87 ms/step | ETA: 14811525.4 min
Step 90200/10000000000 | t=1.80e+00 | T=7349.7 | a=1.000043 | H=2.41e-05 | 11.3 steps/s | 88.87 ms/step | ETA: 14812314.3 min
Step 90300/10000000000 | t=1.81e+00 | T=7349.7 | a=1.000043 | H=2.41e-05 | 11.2 steps/s | 88.90 ms/step | ETA: 14817258.7 min
Step 90400/10000000000 | t=1.81e+00 | T=7349.7 | a=1.000043 | H=2.41e-05 | 11.2 steps/s | 88.91 ms/step | ETA: 14817587.1 min
Step 90500/10000000000 | t=1.81e+00 | T=7349.7 | a=1.000044 | H=2.41e-05 | 11.2 steps/s | 88.91 ms/step | ETA: 14817955.2 min
Step 90600/10000000000 | t=1.81e+00 | T=7349.7 | a=1.000044 | H=2.41e-05 | 11.2 steps/s | 88.91 ms/step | ETA: 14818095.9 min
Step 90700/10000000000 | t=1.81e+00 | T=7349.7 | a=1.000044 | H=2.41e-05 | 11.2 steps/s | 88.91 ms/step | ETA: 14817940.0 min
Step 90800/10000000000 | t=1.82e+00 | T=7349.7 | a=1.000044 | H=2.41e-05 | 11.2 steps/s | 88.91 ms/step | ETA: 14818563.7 min
Step 90900/10000000000 | t=1.82e+00 | T=7349.7 | a=1.000044 | H=2.41e-05 | 11.2 steps/s | 88.91 ms/step | ETA: 14818650.0 min
Step 91000/10000000000 | t=1.82e+00 | T=7349.7 | a=1.000044 | H=2.41e-05 | 11.2 steps/s | 88.91 ms/step | ETA: 14818588.8 min
Step 91100/10000000000 | t=1.82e+00 | T=7349.7 | a=1.000044 | H=2.41e-05 | 11.2 steps/s | 88.91 ms/step | ETA: 14818568.2 min
Step 91200/10000000000 | t=1.82e+00 | T=7349.7 | a=1.000044 | H=2.41e-05 | 11.2 steps/s | 88.92 ms/step | ETA: 14819140.9 min
Step 91300/10000000000 | t=1.83e+00 | T=7349.7 | a=1.000044 | H=2.41e-05 | 11.2 steps/s | 88.94 ms/step | ETA: 14823599.5 min
Step 91400/10000000000 | t=1.83e+00 | T=7349.7 | a=1.000044 | H=2.41e-05 | 11.2 steps/s | 88.94 ms/step | ETA: 14823484.9 min
Step 91500/10000000000 | t=1.83e+00 | T=7349.7 | a=1.000044 | H=2.41e-05 | 11.2 steps/s | 88.96 ms/step | ETA: 14825803.1 min
Step 91600/10000000000 | t=1.83e+00 | T=7349.7 | a=1.000044 | H=2.41e-05 | 11.2 steps/s | 88.96 ms/step | ETA: 14826058.3 min
Step 91700/10000000000 | t=1.83e+00 | T=7349.7 | a=1.000044 | H=2.41e-05 | 11.2 steps/s | 88.96 ms/step | ETA: 14826753.8 min
Step 91800/10000000000 | t=1.84e+00 | T=7349.7 | a=1.000044 | H=2.41e-05 | 11.2 steps/s | 88.96 ms/step | ETA: 14827235.5 min
Step 91900/10000000000 | t=1.84e+00 | T=7349.7 | a=1.000044 | H=2.41e-05 | 11.2 steps/s | 88.96 ms/step | ETA: 14827288.9 min
Step 92000/10000000000 | t=1.84e+00 | T=7349.7 | a=1.000044 | H=2.41e-05 | 11.2 steps/s | 88.96 ms/step | ETA: 14827178.0 min
Step 92100/10000000000 | t=1.84e+00 | T=7349.7 | a=1.000044 | H=2.41e-05 | 11.2 steps/s | 88.97 ms/step | ETA: 14827872.2 min
Step 92200/10000000000 | t=1.84e+00 | T=7349.7 | a=1.000044 | H=2.41e-05 | 11.2 steps/s | 88.97 ms/step | ETA: 14828144.3 min
Step 92300/10000000000 | t=1.85e+00 | T=7349.7 | a=1.000044 | H=2.41e-05 | 11.2 steps/s | 88.99 ms/step | ETA: 14832272.2 min
Step 92400/10000000000 | t=1.85e+00 | T=7349.7 | a=1.000044 | H=2.41e-05 | 11.2 steps/s | 88.99 ms/step | ETA: 14832311.0 min
Step 92500/10000000000 | t=1.85e+00 | T=7349.7 | a=1.000045 | H=2.41e-05 | 11.2 steps/s | 88.99 ms/step | ETA: 14832330.6 min
Step 92600/10000000000 | t=1.85e+00 | T=7349.7 | a=1.000045 | H=2.41e-05 | 11.2 steps/s | 88.99 ms/step | ETA: 14832358.5 min
Step 92700/10000000000 | t=1.85e+00 | T=7349.7 | a=1.000045 | H=2.41e-05 | 11.2 steps/s | 89.00 ms/step | ETA: 14832747.8 min
Step 92800/10000000000 | t=1.86e+00 | T=7349.7 | a=1.000045 | H=2.41e-05 | 11.2 steps/s | 89.00 ms/step | ETA: 14832780.7 min
Step 92900/10000000000 | t=1.86e+00 | T=7349.7 | a=1.000045 | H=2.41e-05 | 11.2 steps/s | 89.00 ms/step | ETA: 14832675.8 min
Step 93000/10000000000 | t=1.86e+00 | T=7349.7 | a=1.000045 | H=2.41e-05 | 11.2 steps/s | 89.00 ms/step | ETA: 14832614.8 min
Step 93100/10000000000 | t=1.86e+00 | T=7349.7 | a=1.000045 | H=2.41e-05 | 11.2 steps/s | 89.00 ms/step | ETA: 14833046.7 min
Step 93200/10000000000 | t=1.86e+00 | T=7349.7 | a=1.000045 | H=2.41e-05 | 11.2 steps/s | 89.00 ms/step | ETA: 14832945.6 min
Step 93300/10000000000 | t=1.87e+00 | T=7349.7 | a=1.000045 | H=2.41e-05 | 11.2 steps/s | 89.03 ms/step | ETA: 14837362.7 min
Step 93400/10000000000 | t=1.87e+00 | T=7349.7 | a=1.000045 | H=2.41e-05 | 11.2 steps/s | 89.04 ms/step | ETA: 14839354.6 min
Step 93500/10000000000 | t=1.87e+00 | T=7349.7 | a=1.000045 | H=2.41e-05 | 11.2 steps/s | 89.04 ms/step | ETA: 14840060.9 min
Step 93600/10000000000 | t=1.87e+00 | T=7349.7 | a=1.000045 | H=2.41e-05 | 11.2 steps/s | 89.04 ms/step | ETA: 14840060.7 min
Step 93700/10000000000 | t=1.87e+00 | T=7349.7 | a=1.000045 | H=2.41e-05 | 11.2 steps/s | 89.04 ms/step | ETA: 14840093.8 min
Step 93800/10000000000 | t=1.88e+00 | T=7349.7 | a=1.000045 | H=2.41e-05 | 11.2 steps/s | 89.04 ms/step | ETA: 14840003.0 min
Step 93900/10000000000 | t=1.88e+00 | T=7349.7 | a=1.000045 | H=2.41e-05 | 11.2 steps/s | 89.04 ms/step | ETA: 14839882.0 min
Step 94000/10000000000 | t=1.88e+00 | T=7349.7 | a=1.000045 | H=2.41e-05 | 11.2 steps/s | 89.04 ms/step | ETA: 14840537.2 min
Step 94100/10000000000 | t=1.88e+00 | T=7349.7 | a=1.000045 | H=2.41e-05 | 11.2 steps/s | 89.04 ms/step | ETA: 14840521.5 min
Step 94200/10000000000 | t=1.88e+00 | T=7349.7 | a=1.000045 | H=2.41e-05 | 11.2 steps/s | 89.04 ms/step | ETA: 14840502.8 min
Step 94300/10000000000 | t=1.89e+00 | T=7349.7 | a=1.000045 | H=2.41e-05 | 11.2 steps/s | 89.07 ms/step | ETA: 14844569.6 min
Step 94400/10000000000 | t=1.89e+00 | T=7349.7 | a=1.000045 | H=2.41e-05 | 11.2 steps/s | 89.07 ms/step | ETA: 14844708.7 min
Step 94500/10000000000 | t=1.89e+00 | T=7349.7 | a=1.000045 | H=2.41e-05 | 11.2 steps/s | 89.07 ms/step | ETA: 14845540.3 min
Step 94600/10000000000 | t=1.89e+00 | T=7349.7 | a=1.000046 | H=2.41e-05 | 11.2 steps/s | 89.07 ms/step | ETA: 14845484.1 min
Step 94700/10000000000 | t=1.89e+00 | T=7349.7 | a=1.000046 | H=2.41e-05 | 11.2 steps/s | 89.08 ms/step | ETA: 14846276.9 min
Step 94800/10000000000 | t=1.90e+00 | T=7349.7 | a=1.000046 | H=2.41e-05 | 11.2 steps/s | 89.08 ms/step | ETA: 14846823.5 min
Step 94900/10000000000 | t=1.90e+00 | T=7349.7 | a=1.000046 | H=2.41e-05 | 11.2 steps/s | 89.08 ms/step | ETA: 14847209.8 min
Step 95000/10000000000 | t=1.90e+00 | T=7349.7 | a=1.000046 | H=2.41e-05 | 11.2 steps/s | 89.08 ms/step | ETA: 14847057.6 min
Step 95100/10000000000 | t=1.90e+00 | T=7349.7 | a=1.000046 | H=2.41e-05 | 11.2 steps/s | 89.08 ms/step | ETA: 14846926.5 min
Step 95200/10000000000 | t=1.90e+00 | T=7349.7 | a=1.000046 | H=2.41e-05 | 11.2 steps/s | 89.08 ms/step | ETA: 14846940.6 min
Step 95300/10000000000 | t=1.91e+00 | T=7349.7 | a=1.000046 | H=2.41e-05 | 11.2 steps/s | 89.11 ms/step | ETA: 14851887.8 min
Step 95400/10000000000 | t=1.91e+00 | T=7349.7 | a=1.000046 | H=2.41e-05 | 11.2 steps/s | 89.11 ms/step | ETA: 14852269.8 min
Step 95500/10000000000 | t=1.91e+00 | T=7349.7 | a=1.000046 | H=2.41e-05 | 11.2 steps/s | 89.11 ms/step | ETA: 14852217.0 min
Step 95600/10000000000 | t=1.91e+00 | T=7349.7 | a=1.000046 | H=2.41e-05 | 11.2 steps/s | 89.11 ms/step | ETA: 14852124.2 min
Step 95700/10000000000 | t=1.91e+00 | T=7349.7 | a=1.000046 | H=2.41e-05 | 11.2 steps/s | 89.12 ms/step | ETA: 14852414.4 min
Step 95800/10000000000 | t=1.92e+00 | T=7349.7 | a=1.000046 | H=2.41e-05 | 11.2 steps/s | 89.13 ms/step | ETA: 14854741.5 min
Step 95900/10000000000 | t=1.92e+00 | T=7349.7 | a=1.000046 | H=2.41e-05 | 11.2 steps/s | 89.13 ms/step | ETA: 14854578.0 min
Step 96000/10000000000 | t=1.92e+00 | T=7349.7 | a=1.000046 | H=2.41e-05 | 11.2 steps/s | 89.13 ms/step | ETA: 14854825.8 min
Step 96100/10000000000 | t=1.92e+00 | T=7349.7 | a=1.000046 | H=2.41e-05 | 11.2 steps/s | 89.13 ms/step | ETA: 14854948.2 min
Step 96200/10000000000 | t=1.92e+00 | T=7349.7 | a=1.000046 | H=2.41e-05 | 11.2 steps/s | 89.13 ms/step | ETA: 14854950.6 min
Step 96300/10000000000 | t=1.93e+00 | T=7349.7 | a=1.000046 | H=2.41e-05 | 11.2 steps/s | 89.16 ms/step | ETA: 14859891.6 min
Step 96400/10000000000 | t=1.93e+00 | T=7349.7 | a=1.000046 | H=2.41e-05 | 11.2 steps/s | 89.16 ms/step | ETA: 14859675.6 min
Step 96500/10000000000 | t=1.93e+00 | T=7349.7 | a=1.000046 | H=2.41e-05 | 11.2 steps/s | 89.17 ms/step | ETA: 14860780.7 min
Step 96600/10000000000 | t=1.93e+00 | T=7349.7 | a=1.000046 | H=2.41e-05 | 11.2 steps/s | 89.17 ms/step | ETA: 14860877.0 min
Step 96700/10000000000 | t=1.93e+00 | T=7349.7 | a=1.000047 | H=2.41e-05 | 11.2 steps/s | 89.17 ms/step | ETA: 14860857.5 min
Step 96800/10000000000 | t=1.94e+00 | T=7349.7 | a=1.000047 | H=2.41e-05 | 11.2 steps/s | 89.17 ms/step | ETA: 14860778.6 min
Step 96900/10000000000 | t=1.94e+00 | T=7349.7 | a=1.000047 | H=2.41e-05 | 11.2 steps/s | 89.17 ms/step | ETA: 14860992.9 min
Step 97000/10000000000 | t=1.94e+00 | T=7349.7 | a=1.000047 | H=2.41e-05 | 11.2 steps/s | 89.17 ms/step | ETA: 14861391.5 min
Step 97100/10000000000 | t=1.94e+00 | T=7349.7 | a=1.000047 | H=2.41e-05 | 11.2 steps/s | 89.17 ms/step | ETA: 14861649.9 min
Step 97200/10000000000 | t=1.94e+00 | T=7349.7 | a=1.000047 | H=2.41e-05 | 11.2 steps/s | 89.17 ms/step | ETA: 14861547.6 min
Step 97300/10000000000 | t=1.95e+00 | T=7349.7 | a=1.000047 | H=2.41e-05 | 11.2 steps/s | 89.20 ms/step | ETA: 14865809.6 min
Step 97400/10000000000 | t=1.95e+00 | T=7349.7 | a=1.000047 | H=2.41e-05 | 11.2 steps/s | 89.20 ms/step | ETA: 14865920.8 min
Step 97500/10000000000 | t=1.95e+00 | T=7349.7 | a=1.000047 | H=2.41e-05 | 11.2 steps/s | 89.20 ms/step | ETA: 14866728.7 min
Step 97600/10000000000 | t=1.95e+00 | T=7349.7 | a=1.000047 | H=2.41e-05 | 11.2 steps/s | 89.20 ms/step | ETA: 14866980.1 min
Step 97700/10000000000 | t=1.95e+00 | T=7349.7 | a=1.000047 | H=2.41e-05 | 11.2 steps/s | 89.20 ms/step | ETA: 14866950.4 min
Step 97800/10000000000 | t=1.96e+00 | T=7349.7 | a=1.000047 | H=2.41e-05 | 11.2 steps/s | 89.20 ms/step | ETA: 14866774.9 min
Step 97900/10000000000 | t=1.96e+00 | T=7349.7 | a=1.000047 | H=2.41e-05 | 11.2 steps/s | 89.21 ms/step | ETA: 14867844.3 min
Step 98000/10000000000 | t=1.96e+00 | T=7349.7 | a=1.000047 | H=2.41e-05 | 11.2 steps/s | 89.21 ms/step | ETA: 14868192.9 min
Step 98100/10000000000 | t=1.96e+00 | T=7349.7 | a=1.000047 | H=2.41e-05 | 11.2 steps/s | 89.21 ms/step | ETA: 14868291.0 min
Step 98200/10000000000 | t=1.96e+00 | T=7349.7 | a=1.000047 | H=2.41e-05 | 11.2 steps/s | 89.21 ms/step | ETA: 14868343.5 min
Step 98300/10000000000 | t=1.97e+00 | T=7349.7 | a=1.000047 | H=2.41e-05 | 11.2 steps/s | 89.24 ms/step | ETA: 14872362.9 min
Step 98400/10000000000 | t=1.97e+00 | T=7349.7 | a=1.000047 | H=2.41e-05 | 11.2 steps/s | 89.24 ms/step | ETA: 14873041.3 min
Step 98500/10000000000 | t=1.97e+00 | T=7349.7 | a=1.000047 | H=2.41e-05 | 11.2 steps/s | 89.24 ms/step | ETA: 14873721.2 min
Step 98600/10000000000 | t=1.97e+00 | T=7349.7 | a=1.000047 | H=2.41e-05 | 11.2 steps/s | 89.24 ms/step | ETA: 14873963.5 min
Step 98700/10000000000 | t=1.97e+00 | T=7349.7 | a=1.000047 | H=2.41e-05 | 11.2 steps/s | 89.24 ms/step | ETA: 14873961.1 min
Step 98800/10000000000 | t=1.98e+00 | T=7349.7 | a=1.000048 | H=2.41e-05 | 11.2 steps/s | 89.24 ms/step | ETA: 14873912.6 min
Step 98900/10000000000 | t=1.98e+00 | T=7349.7 | a=1.000048 | H=2.41e-05 | 11.2 steps/s | 89.24 ms/step | ETA: 14873843.1 min
Step 99000/10000000000 | t=1.98e+00 | T=7349.6 | a=1.000048 | H=2.41e-05 | 11.2 steps/s | 89.24 ms/step | ETA: 14873748.9 min
Step 99100/10000000000 | t=1.98e+00 | T=7349.6 | a=1.000048 | H=2.41e-05 | 11.2 steps/s | 89.24 ms/step | ETA: 14873595.1 min
Step 99200/10000000000 | t=1.98e+00 | T=7349.6 | a=1.000048 | H=2.41e-05 | 11.2 steps/s | 89.25 ms/step | ETA: 14874196.1 min
Step 99300/10000000000 | t=1.99e+00 | T=7349.6 | a=1.000048 | H=2.41e-05 | 11.2 steps/s | 89.27 ms/step | ETA: 14878230.6 min
Step 99400/10000000000 | t=1.99e+00 | T=7349.6 | a=1.000048 | H=2.41e-05 | 11.2 steps/s | 89.27 ms/step | ETA: 14878116.5 min
Step 99500/10000000000 | t=1.99e+00 | T=7349.6 | a=1.000048 | H=2.41e-05 | 11.2 steps/s | 89.28 ms/step | ETA: 14879179.9 min
Step 99600/10000000000 | t=1.99e+00 | T=7349.6 | a=1.000048 | H=2.41e-05 | 11.2 steps/s | 89.28 ms/step | ETA: 14879991.0 min
Step 99700/10000000000 | t=1.99e+00 | T=7349.6 | a=1.000048 | H=2.41e-05 | 11.2 steps/s | 89.28 ms/step | ETA: 14880501.5 min
Step 99800/10000000000 | t=2.00e+00 | T=7349.6 | a=1.000048 | H=2.41e-05 | 11.2 steps/s | 89.28 ms/step | ETA: 14880518.6 min
Step 99900/10000000000 | t=2.00e+00 | T=7349.6 | a=1.000048 | H=2.41e-05 | 11.2 steps/s | 89.28 ms/step | ETA: 14880647.0 min

!!!!!!!!!!!!!!!!!!!!!!!!!!!!!!!!!!!!!!!!!!!!!!!!!!!!!!!!!!!!
DIVERGENCE DETECTED at step 100000 (t_phys=2.000000e+00)
  NaN sites: phi=0/16777216
  |phi|_max = 9.9999e+10
  Finite phi: [-9.9999e+10, 9.9999e+10]
  NaN sites: pi=0/16777216
  Finite pi:  [-9.1658e+07, 1.0094e+10]
  noise_scale = 1.212406e+03
  eta_eff = 5.000000e+00, T = 7349.6, inv_a2 = 0.9999037796
!!!!!!!!!!!!!!!!!!!!!!!!!!!!!!!!!!!!!!!!!!!!!!!!!!!!!!!!!!!!
  Debug state saved: data/set6/256x256x256_T0_7350_dx_0.001_dtphys_2e-05_interval_5000_3D_hubble_eta_5000_gb_1.09_gf_1.09_rk2_fused_table/field_states/state_step_0000100000_NaN_debug.npz
  ABORTING simulation.

============================================================
SIMULATION FINISHED!
============================================================

Timing:
  Total time: 148.99 minutes (8939.6 seconds)
  Average: 1118622.5 steps/second
  Time per step: 0.001 ms

Simulation Parameters:
  Grid: 256×256×256
  Total steps: 10,000,000,000
  Initial temperature: 7350.0
  Cooling rate: 0.001
  dx_phys: 0.001
  dt_phys: 2e-05

Optimizations Used:
  Single-pass fused RK2: True
  Fused RK2: False
  Vprime table: True (size=16384)
  In-kernel RNG: True
  Field precision: float32
  Spline resolution (N_Y): 256
  Numba threads: 11

Output:
  Snapshots saved: data/set6/256x256x256_T0_7350_dx_0.001_dtphys_2e-05_interval_5000_3D_hubble_eta_5000_gb_1.09_gf_1.09_rk2_fused_table
  Snapshot interval: every 5000 steps
  Total snapshots: 2000000

Completed: 2026-02-26 02:41:42

Metadata saved to: data/set6/256x256x256_T0_7350_dx_0.001_dtphys_2e-05_interval_5000_3D_hubble_eta_5000_gb_1.09_gf_1.09_rk2_fused_table/simulation_metadata.npz
Field states saved to: data/set6/256x256x256_T0_7350_dx_0.001_dtphys_2e-05_interval_5000_3D_hubble_eta_5000_gb_1.09_gf_1.09_rk2_fused_table/field_states/
Use revisualize_snapshots.py to replot with different settings
============================================================
