======================================================================
LATTICE SIMULATION LOG
Started: 2026-02-23 13:31:29
Log file: logs/simulation_20260223_133129.log
======================================================================

Numba Configuration:
  Version: 0.63.1
  Threading layer: default
  Configured threads: 11
  Active threads: 11
----------------------------------------------------------------------

Time step: dt_phys = 3.00e-03, dt (rescaled) = 3.0000e+00
  CFL limit: dt_CFL = 5.7735 (rescaled)
  dt/dt_CFL = 5.1962e-01 (SAFE)

Hubble expansion: ENABLED (comoving lattice)
  g_* = 106.75, M_Pl = 2.40e+18 GeV, ΔV = 1.00e+28 GeV^4
  H² = (T⁴/χ_g² + ΔV) / (3 M_Pl²)
  H(T0=7350.0) = 2.4056e-05 GeV
  3H = 7.2169e-05 GeV
  η_phys = 0.3 GeV  →  3H/η = 2.41e-04
  T(t) = T0 / a(t)  (entropy conservation)
  Initial a = 1.0
Field precision: float32
Tree-level VEV: ±1.0000e+11

Finding thermal VEV at T = 7350.0...
  V'(0) = 2.1550e-07
  V'(VEV) = 7.1457e-31
  Thermal VEV found: 1.0000e+11
  Ratio thermal/tree: 1.0000

Finding escape point...
  V'(1e-10) = 2.1550e-07
  V'(1e0)   = 2.1550e+03
  V'(1e5)   = -9.9983e+10
  V'(1e8)   = -1.0000e+14
  V'(1e10)  = -9.9000e+15
  Barrier found between 7.7025e+02 and 8.1034e+02
  Barrier top at: 8.0472e+02
  Escape point: 8.8519e+02
  V'(escape) = -4.0450e+05 (should be < 0)

Using TREE-LEVEL VEV for seeding: 1.0000e+11
The bubble is seeded at the true vacuum (no rolling needed).
Bubble seeding: DISABLED (thermal nucleation only)
Field states will be saved to: data/set6/256x256x256_T0_7350_dx_0.01_dtphys_0.003_interval_1000_3D_hubble_eta_0.3/field_states
Figures will be saved to: data/set6/256x256x256_T0_7350_dx_0.01_dtphys_0.003_interval_1000_3D_hubble_eta_0.3/figs/latticeSnapshot

============================================================
RESUMING FROM CHECKPOINT
============================================================
  File: data/set6/256x256x256_T0_7350_dx_0.01_dtphys_0.003_interval_1000_3D_hubble_eta_0.3/field_states/state_step_0000013000.npz
  Step: 13000  ->  resuming from step 13000
  Time: 3.900000e+01 (physical)
  Temperature: 7343.1
  phi range: [-3.0380e+02, 3.0757e+02]
  scale_factor: 1.0009387066
  Remaining steps: 9,999,987,000
============================================================


============================================================
Starting time evolution...
Grid: 256×256×256, Steps: 10000000000, dt: 3.00e+00
Integrator: RK2 (4 passes/step)
  Single-pass fused: True
  Fused RK2: True
Using Vprime lookup table: True (size=16384)
Using in-kernel RNG: True
Field precision: float32
Spline resolution N_Y: 256
Bubble seeding: DISABLED
Thermal noise: ENABLED (FDT noise_scale(T0) = 3.6373e+00)
Overdamped mode: DISABLED (η = 0.3)
Hubble expansion: ENABLED
  H(T0) = 2.4056e-05 GeV, 3H/η = 2.41e-04
  g_* = 106.75, M_Pl = 2.40e+18 GeV
============================================================

Warming up JIT compilation...
JIT warmup complete.
Starting main loop...

Step 13000/10000000000 | t=3.90e+01 | T=7343.1 | a=1.000939 | H=2.41e-05 | 5.4 steps/s | 185.42 ms/step | ETA: 30903815.8 min
Step 14000/10000000000 | t=4.20e+01 | T=7342.6 | a=1.001011 | H=2.41e-05 | 10.8 steps/s | 92.29 ms/step | ETA: 15381639.1 min
Step 15000/10000000000 | t=4.50e+01 | T=7342.0 | a=1.001083 | H=2.41e-05 | 11.1 steps/s | 90.35 ms/step | ETA: 15057843.7 min
Step 16000/10000000000 | t=4.80e+01 | T=7341.5 | a=1.001156 | H=2.41e-05 | 11.2 steps/s | 89.03 ms/step | ETA: 14838305.2 min
