======================================================================
LATTICE SIMULATION LOG
Started: 2026-02-22 21:58:33
Log file: logs/simulation_20260222_215833.log
======================================================================

Numba Configuration:
  Version: 0.63.1
  Threading layer: default
  Configured threads: 11
  Active threads: 11
----------------------------------------------------------------------

Time step: dt_phys = 4.00e-05, dt (rescaled) = 4.0000e-02
  CFL limit: dt_CFL = 0.1155 (rescaled)
  dt/dt_CFL = 3.4641e-01 (SAFE)

Hubble expansion: ENABLED (comoving lattice)
  g_* = 106.75, M_Pl = 2.40e+18 GeV, ΔV = 1.00e+28 GeV^4
  H² = (T⁴/χ_g² + ΔV) / (3 M_Pl²)
  H(T0=7385.0) = 2.4056e-05 GeV
  3H = 7.2169e-05 GeV
  η_phys = 0.3 GeV  →  3H/η = 2.41e-04
  T(t) = T0 / a(t)  (entropy conservation)
  Initial a = 1.0
Field precision: float32
Tree-level VEV: ±1.0000e+11

Finding thermal VEV at T = 7385.0...
  V'(0) = 1.1883e-06
  V'(VEV) = 7.2482e-31
  Thermal VEV found: 1.0000e+11
  Ratio thermal/tree: 1.0000

Finding escape point...
  V'(1e-10) = 1.1883e-06
  V'(1e0)   = 1.1883e+04
  V'(1e5)   = -9.9982e+10
  V'(1e8)   = -1.0000e+14
  V'(1e10)  = -9.9000e+15
  Barrier found between 1.8249e+03 and 1.9198e+03
  Barrier top at: 1.8614e+03
  Escape point: 2.0476e+03
  V'(escape) = -5.2920e+06 (should be < 0)

Using TREE-LEVEL VEV for seeding: 1.0000e+11
The bubble is seeded at the true vacuum (no rolling needed).
Bubble seeding: DISABLED (thermal nucleation only)
Field states will be saved to: data/set6/64x64x64_T0_7385_dx_0.0002_dtphys_4e-05_interval_1000_3D_hubble_eta_0.3/field_states
Figures will be saved to: data/set6/64x64x64_T0_7385_dx_0.0002_dtphys_4e-05_interval_1000_3D_hubble_eta_0.3/figs/latticeSnapshot

--resume specified but no checkpoints found. Starting from scratch.

============================================================
Starting time evolution...
Grid: 64×64×64, Steps: 1000000000, dt: 4.00e-02
Integrator: RK2 (4 passes/step)
  Single-pass fused: True
  Fused RK2: True
Using Vprime lookup table: True (size=16384)
Using in-kernel RNG: True
Field precision: float32
Spline resolution N_Y: 256
Bubble seeding: DISABLED
Thermal noise: ENABLED (FDT noise_scale(T0) = 1.4885e+02)
Overdamped mode: DISABLED (η = 0.3)
Hubble expansion: ENABLED
  H(T0) = 2.4056e-05 GeV, 3H/η = 2.41e-04
  g_* = 106.75, M_Pl = 2.40e+18 GeV
============================================================

Warming up JIT compilation...
JIT warmup complete.
Starting main loop...

Step 0/1000000000 | t=0.00e+00 | T=7385.0 | a=1.000000 | H=2.41e-05 | 8.0 steps/s | 125.35 ms/step | ETA: 2089186.5 min
Step 1000/1000000000 | t=4.00e-02 | T=7385.0 | a=1.000001 | H=2.41e-05 | 448.2 steps/s | 2.23 ms/step | ETA: 37188.6 min
Step 2000/1000000000 | t=8.00e-02 | T=7385.0 | a=1.000002 | H=2.41e-05 | 490.2 steps/s | 2.04 ms/step | ETA: 33999.7 min
Step 3000/1000000000 | t=1.20e-01 | T=7385.0 | a=1.000003 | H=2.41e-05 | 495.8 steps/s | 2.02 ms/step | ETA: 33612.9 min
Step 4000/1000000000 | t=1.60e-01 | T=7385.0 | a=1.000004 | H=2.41e-05 | 499.4 steps/s | 2.00 ms/step | ETA: 33375.6 min
Step 5000/1000000000 | t=2.00e-01 | T=7385.0 | a=1.000005 | H=2.41e-05 | 501.8 steps/s | 1.99 ms/step | ETA: 33214.9 min
Step 6000/1000000000 | t=2.40e-01 | T=7385.0 | a=1.000006 | H=2.41e-05 | 503.5 steps/s | 1.99 ms/step | ETA: 33099.2 min
Step 7000/1000000000 | t=2.80e-01 | T=7385.0 | a=1.000007 | H=2.41e-05 | 499.6 steps/s | 2.00 ms/step | ETA: 33357.4 min
Step 8000/1000000000 | t=3.20e-01 | T=7384.9 | a=1.000008 | H=2.41e-05 | 500.2 steps/s | 2.00 ms/step | ETA: 33320.4 min
Step 9000/1000000000 | t=3.60e-01 | T=7384.9 | a=1.000009 | H=2.41e-05 | 497.6 steps/s | 2.01 ms/step | ETA: 33491.5 min
Step 10000/1000000000 | t=4.00e-01 | T=7384.9 | a=1.000010 | H=2.41e-05 | 500.0 steps/s | 2.00 ms/step | ETA: 33335.7 min
Step 11000/1000000000 | t=4.40e-01 | T=7384.9 | a=1.000011 | H=2.41e-05 | 499.5 steps/s | 2.00 ms/step | ETA: 33365.2 min
Step 12000/1000000000 | t=4.80e-01 | T=7384.9 | a=1.000012 | H=2.41e-05 | 499.6 steps/s | 2.00 ms/step | ETA: 33360.2 min
Step 13000/1000000000 | t=5.20e-01 | T=7384.9 | a=1.000013 | H=2.41e-05 | 501.4 steps/s | 1.99 ms/step | ETA: 33240.7 min
Step 14000/1000000000 | t=5.60e-01 | T=7384.9 | a=1.000013 | H=2.41e-05 | 503.2 steps/s | 1.99 ms/step | ETA: 33121.7 min
Step 15000/1000000000 | t=6.00e-01 | T=7384.9 | a=1.000014 | H=2.41e-05 | 501.6 steps/s | 1.99 ms/step | ETA: 33223.5 min
Step 16000/1000000000 | t=6.40e-01 | T=7384.9 | a=1.000015 | H=2.41e-05 | 502.7 steps/s | 1.99 ms/step | ETA: 33156.9 min
Step 17000/1000000000 | t=6.80e-01 | T=7384.9 | a=1.000016 | H=2.41e-05 | 497.9 steps/s | 2.01 ms/step | ETA: 33475.9 min
Step 18000/1000000000 | t=7.20e-01 | T=7384.9 | a=1.000017 | H=2.41e-05 | 498.2 steps/s | 2.01 ms/step | ETA: 33456.2 min
Step 19000/1000000000 | t=7.60e-01 | T=7384.9 | a=1.000018 | H=2.41e-05 | 498.0 steps/s | 2.01 ms/step | ETA: 33465.7 min
Step 20000/1000000000 | t=8.00e-01 | T=7384.9 | a=1.000019 | H=2.41e-05 | 499.3 steps/s | 2.00 ms/step | ETA: 33381.3 min
Step 21000/1000000000 | t=8.40e-01 | T=7384.9 | a=1.000020 | H=2.41e-05 | 499.7 steps/s | 2.00 ms/step | ETA: 33351.5 min
Step 22000/1000000000 | t=8.80e-01 | T=7384.8 | a=1.000021 | H=2.41e-05 | 499.3 steps/s | 2.00 ms/step | ETA: 33376.0 min
Step 23000/1000000000 | t=9.20e-01 | T=7384.8 | a=1.000022 | H=2.41e-05 | 499.9 steps/s | 2.00 ms/step | ETA: 33340.2 min
Step 24000/1000000000 | t=9.60e-01 | T=7384.8 | a=1.000023 | H=2.41e-05 | 500.3 steps/s | 2.00 ms/step | ETA: 33311.3 min
Step 25000/1000000000 | t=1.00e+00 | T=7384.8 | a=1.000024 | H=2.41e-05 | 501.0 steps/s | 2.00 ms/step | ETA: 33268.6 min
Step 26000/1000000000 | t=1.04e+00 | T=7384.8 | a=1.000025 | H=2.41e-05 | 500.6 steps/s | 2.00 ms/step | ETA: 33291.8 min
Step 27000/1000000000 | t=1.08e+00 | T=7384.8 | a=1.000026 | H=2.41e-05 | 500.2 steps/s | 2.00 ms/step | ETA: 33316.1 min
Step 28000/1000000000 | t=1.12e+00 | T=7384.8 | a=1.000027 | H=2.41e-05 | 500.9 steps/s | 2.00 ms/step | ETA: 33270.5 min
Step 29000/1000000000 | t=1.16e+00 | T=7384.8 | a=1.000028 | H=2.41e-05 | 500.5 steps/s | 2.00 ms/step | ETA: 33301.7 min
Step 30000/1000000000 | t=1.20e+00 | T=7384.8 | a=1.000029 | H=2.41e-05 | 498.0 steps/s | 2.01 ms/step | ETA: 33466.1 min
Step 31000/1000000000 | t=1.24e+00 | T=7384.8 | a=1.000030 | H=2.41e-05 | 499.1 steps/s | 2.00 ms/step | ETA: 33389.1 min
Step 32000/1000000000 | t=1.28e+00 | T=7384.8 | a=1.000031 | H=2.41e-05 | 499.6 steps/s | 2.00 ms/step | ETA: 33361.2 min
Step 33000/1000000000 | t=1.32e+00 | T=7384.8 | a=1.000032 | H=2.41e-05 | 500.0 steps/s | 2.00 ms/step | ETA: 33334.8 min
Step 34000/1000000000 | t=1.36e+00 | T=7384.8 | a=1.000033 | H=2.41e-05 | 500.2 steps/s | 2.00 ms/step | ETA: 33320.3 min
Step 35000/1000000000 | t=1.40e+00 | T=7384.8 | a=1.000034 | H=2.41e-05 | 500.9 steps/s | 2.00 ms/step | ETA: 33269.5 min
Step 36000/1000000000 | t=1.44e+00 | T=7384.7 | a=1.000035 | H=2.41e-05 | 500.7 steps/s | 2.00 ms/step | ETA: 33285.1 min
Step 37000/1000000000 | t=1.48e+00 | T=7384.7 | a=1.000036 | H=2.41e-05 | 501.1 steps/s | 2.00 ms/step | ETA: 33261.6 min
Step 38000/1000000000 | t=1.52e+00 | T=7384.7 | a=1.000037 | H=2.41e-05 | 501.5 steps/s | 1.99 ms/step | ETA: 33229.1 min
Step 39000/1000000000 | t=1.56e+00 | T=7384.7 | a=1.000038 | H=2.41e-05 | 498.1 steps/s | 2.01 ms/step | ETA: 33458.2 min
Step 40000/1000000000 | t=1.60e+00 | T=7384.7 | a=1.000038 | H=2.41e-05 | 497.2 steps/s | 2.01 ms/step | ETA: 33520.2 min
Step 41000/1000000000 | t=1.64e+00 | T=7384.7 | a=1.000039 | H=2.41e-05 | 497.3 steps/s | 2.01 ms/step | ETA: 33513.3 min
Step 42000/1000000000 | t=1.68e+00 | T=7384.7 | a=1.000040 | H=2.41e-05 | 497.7 steps/s | 2.01 ms/step | ETA: 33487.6 min
Step 43000/1000000000 | t=1.72e+00 | T=7384.7 | a=1.000041 | H=2.41e-05 | 498.2 steps/s | 2.01 ms/step | ETA: 33451.5 min
Step 44000/1000000000 | t=1.76e+00 | T=7384.7 | a=1.000042 | H=2.41e-05 | 498.4 steps/s | 2.01 ms/step | ETA: 33439.5 min
Step 45000/1000000000 | t=1.80e+00 | T=7384.7 | a=1.000043 | H=2.41e-05 | 498.9 steps/s | 2.00 ms/step | ETA: 33408.5 min
Step 46000/1000000000 | t=1.84e+00 | T=7384.7 | a=1.000044 | H=2.41e-05 | 499.3 steps/s | 2.00 ms/step | ETA: 33379.2 min
Step 47000/1000000000 | t=1.88e+00 | T=7384.7 | a=1.000045 | H=2.41e-05 | 499.1 steps/s | 2.00 ms/step | ETA: 33391.5 min
Step 48000/1000000000 | t=1.92e+00 | T=7384.7 | a=1.000046 | H=2.41e-05 | 499.6 steps/s | 2.00 ms/step | ETA: 33359.7 min
Step 49000/1000000000 | t=1.96e+00 | T=7384.7 | a=1.000047 | H=2.41e-05 | 499.0 steps/s | 2.00 ms/step | ETA: 33399.5 min
Step 50000/1000000000 | t=2.00e+00 | T=7384.6 | a=1.000048 | H=2.41e-05 | 499.3 steps/s | 2.00 ms/step | ETA: 33379.0 min
Step 51000/1000000000 | t=2.04e+00 | T=7384.6 | a=1.000049 | H=2.41e-05 | 499.3 steps/s | 2.00 ms/step | ETA: 33378.4 min
Step 52000/1000000000 | t=2.08e+00 | T=7384.6 | a=1.000050 | H=2.41e-05 | 499.8 steps/s | 2.00 ms/step | ETA: 33343.8 min
Step 53000/1000000000 | t=2.12e+00 | T=7384.6 | a=1.000051 | H=2.41e-05 | 500.4 steps/s | 2.00 ms/step | ETA: 33307.0 min
Step 54000/1000000000 | t=2.16e+00 | T=7384.6 | a=1.000052 | H=2.41e-05 | 500.7 steps/s | 2.00 ms/step | ETA: 33286.3 min
Step 55000/1000000000 | t=2.20e+00 | T=7384.6 | a=1.000053 | H=2.41e-05 | 500.5 steps/s | 2.00 ms/step | ETA: 33299.7 min
Step 56000/1000000000 | t=2.24e+00 | T=7384.6 | a=1.000054 | H=2.41e-05 | 500.8 steps/s | 2.00 ms/step | ETA: 33277.5 min
Step 57000/1000000000 | t=2.28e+00 | T=7384.6 | a=1.000055 | H=2.41e-05 | 500.2 steps/s | 2.00 ms/step | ETA: 33317.0 min
Step 58000/1000000000 | t=2.32e+00 | T=7384.6 | a=1.000056 | H=2.41e-05 | 500.3 steps/s | 2.00 ms/step | ETA: 33312.0 min
Step 59000/1000000000 | t=2.36e+00 | T=7384.6 | a=1.000057 | H=2.41e-05 | 500.5 steps/s | 2.00 ms/step | ETA: 33300.4 min
Step 60000/1000000000 | t=2.40e+00 | T=7384.6 | a=1.000058 | H=2.41e-05 | 500.6 steps/s | 2.00 ms/step | ETA: 33291.7 min
Step 61000/1000000000 | t=2.44e+00 | T=7384.6 | a=1.000059 | H=2.41e-05 | 500.9 steps/s | 2.00 ms/step | ETA: 33268.6 min
Step 62000/1000000000 | t=2.48e+00 | T=7384.6 | a=1.000060 | H=2.41e-05 | 500.8 steps/s | 2.00 ms/step | ETA: 33277.4 min
Step 63000/1000000000 | t=2.52e+00 | T=7384.6 | a=1.000061 | H=2.41e-05 | 501.0 steps/s | 2.00 ms/step | ETA: 33267.6 min
Step 64000/1000000000 | t=2.56e+00 | T=7384.5 | a=1.000062 | H=2.41e-05 | 501.5 steps/s | 1.99 ms/step | ETA: 33230.1 min
Step 65000/1000000000 | t=2.60e+00 | T=7384.5 | a=1.000063 | H=2.41e-05 | 501.6 steps/s | 1.99 ms/step | ETA: 33227.5 min
Step 66000/1000000000 | t=2.64e+00 | T=7384.5 | a=1.000064 | H=2.41e-05 | 501.8 steps/s | 1.99 ms/step | ETA: 33210.8 min
Step 67000/1000000000 | t=2.68e+00 | T=7384.5 | a=1.000064 | H=2.41e-05 | 501.7 steps/s | 1.99 ms/step | ETA: 33215.8 min
Step 68000/1000000000 | t=2.72e+00 | T=7384.5 | a=1.000065 | H=2.41e-05 | 501.8 steps/s | 1.99 ms/step | ETA: 33212.2 min
Step 69000/1000000000 | t=2.76e+00 | T=7384.5 | a=1.000066 | H=2.41e-05 | 501.5 steps/s | 1.99 ms/step | ETA: 33233.2 min
Step 70000/1000000000 | t=2.80e+00 | T=7384.5 | a=1.000067 | H=2.41e-05 | 500.0 steps/s | 2.00 ms/step | ETA: 33332.0 min
Step 71000/1000000000 | t=2.84e+00 | T=7384.5 | a=1.000068 | H=2.41e-05 | 497.0 steps/s | 2.01 ms/step | ETA: 33535.4 min
Step 72000/1000000000 | t=2.88e+00 | T=7384.5 | a=1.000069 | H=2.41e-05 | 493.7 steps/s | 2.03 ms/step | ETA: 33754.5 min
Step 73000/1000000000 | t=2.92e+00 | T=7384.5 | a=1.000070 | H=2.41e-05 | 493.8 steps/s | 2.03 ms/step | ETA: 33751.4 min
Step 74000/1000000000 | t=2.96e+00 | T=7384.5 | a=1.000071 | H=2.41e-05 | 493.8 steps/s | 2.03 ms/step | ETA: 33752.1 min
Step 75000/1000000000 | t=3.00e+00 | T=7384.5 | a=1.000072 | H=2.41e-05 | 493.9 steps/s | 2.02 ms/step | ETA: 33745.4 min
Step 76000/1000000000 | t=3.04e+00 | T=7384.5 | a=1.000073 | H=2.41e-05 | 493.4 steps/s | 2.03 ms/step | ETA: 33779.0 min
Step 77000/1000000000 | t=3.08e+00 | T=7384.5 | a=1.000074 | H=2.41e-05 | 493.2 steps/s | 2.03 ms/step | ETA: 33790.8 min
Step 78000/1000000000 | t=3.12e+00 | T=7384.4 | a=1.000075 | H=2.41e-05 | 493.0 steps/s | 2.03 ms/step | ETA: 33802.9 min
Step 79000/1000000000 | t=3.16e+00 | T=7384.4 | a=1.000076 | H=2.41e-05 | 493.2 steps/s | 2.03 ms/step | ETA: 33791.5 min
Step 80000/1000000000 | t=3.20e+00 | T=7384.4 | a=1.000077 | H=2.41e-05 | 493.2 steps/s | 2.03 ms/step | ETA: 33791.5 min
Step 81000/1000000000 | t=3.24e+00 | T=7384.4 | a=1.000078 | H=2.41e-05 | 493.5 steps/s | 2.03 ms/step | ETA: 33767.4 min
Step 82000/1000000000 | t=3.28e+00 | T=7384.4 | a=1.000079 | H=2.41e-05 | 493.3 steps/s | 2.03 ms/step | ETA: 33780.9 min
Step 83000/1000000000 | t=3.32e+00 | T=7384.4 | a=1.000080 | H=2.41e-05 | 493.2 steps/s | 2.03 ms/step | ETA: 33792.6 min
Step 84000/1000000000 | t=3.36e+00 | T=7384.4 | a=1.000081 | H=2.41e-05 | 493.0 steps/s | 2.03 ms/step | ETA: 33802.4 min
Step 85000/1000000000 | t=3.40e+00 | T=7384.4 | a=1.000082 | H=2.41e-05 | 493.2 steps/s | 2.03 ms/step | ETA: 33787.5 min
Step 86000/1000000000 | t=3.44e+00 | T=7384.4 | a=1.000083 | H=2.41e-05 | 493.1 steps/s | 2.03 ms/step | ETA: 33796.1 min
Step 87000/1000000000 | t=3.48e+00 | T=7384.4 | a=1.000084 | H=2.41e-05 | 492.9 steps/s | 2.03 ms/step | ETA: 33811.7 min
Step 88000/1000000000 | t=3.52e+00 | T=7384.4 | a=1.000085 | H=2.41e-05 | 492.6 steps/s | 2.03 ms/step | ETA: 33828.4 min
Step 89000/1000000000 | t=3.56e+00 | T=7384.4 | a=1.000086 | H=2.41e-05 | 492.9 steps/s | 2.03 ms/step | ETA: 33808.4 min
Step 90000/1000000000 | t=3.60e+00 | T=7384.4 | a=1.000087 | H=2.41e-05 | 492.9 steps/s | 2.03 ms/step | ETA: 33813.1 min
Step 91000/1000000000 | t=3.64e+00 | T=7384.4 | a=1.000088 | H=2.41e-05 | 492.9 steps/s | 2.03 ms/step | ETA: 33807.6 min
Step 92000/1000000000 | t=3.68e+00 | T=7384.3 | a=1.000089 | H=2.41e-05 | 492.9 steps/s | 2.03 ms/step | ETA: 33811.2 min
Step 93000/1000000000 | t=3.72e+00 | T=7384.3 | a=1.000089 | H=2.41e-05 | 493.2 steps/s | 2.03 ms/step | ETA: 33790.7 min
Step 94000/1000000000 | t=3.76e+00 | T=7384.3 | a=1.000090 | H=2.41e-05 | 493.4 steps/s | 2.03 ms/step | ETA: 33776.2 min
Step 95000/1000000000 | t=3.80e+00 | T=7384.3 | a=1.000091 | H=2.41e-05 | 493.5 steps/s | 2.03 ms/step | ETA: 33770.0 min
Step 96000/1000000000 | t=3.84e+00 | T=7384.3 | a=1.000092 | H=2.41e-05 | 493.8 steps/s | 2.03 ms/step | ETA: 33748.9 min
Step 97000/1000000000 | t=3.88e+00 | T=7384.3 | a=1.000093 | H=2.41e-05 | 494.0 steps/s | 2.02 ms/step | ETA: 33733.1 min
Step 98000/1000000000 | t=3.92e+00 | T=7384.3 | a=1.000094 | H=2.41e-05 | 493.9 steps/s | 2.02 ms/step | ETA: 33738.5 min
Step 99000/1000000000 | t=3.96e+00 | T=7384.3 | a=1.000095 | H=2.41e-05 | 494.3 steps/s | 2.02 ms/step | ETA: 33711.2 min
Step 100000/1000000000 | t=4.00e+00 | T=7384.3 | a=1.000096 | H=2.41e-05 | 494.2 steps/s | 2.02 ms/step | ETA: 33719.6 min
Step 101000/1000000000 | t=4.04e+00 | T=7384.3 | a=1.000097 | H=2.41e-05 | 494.5 steps/s | 2.02 ms/step | ETA: 33702.4 min
Step 102000/1000000000 | t=4.08e+00 | T=7384.3 | a=1.000098 | H=2.41e-05 | 494.5 steps/s | 2.02 ms/step | ETA: 33701.5 min
Step 103000/1000000000 | t=4.12e+00 | T=7384.3 | a=1.000099 | H=2.41e-05 | 494.3 steps/s | 2.02 ms/step | ETA: 33713.5 min
Step 104000/1000000000 | t=4.16e+00 | T=7384.3 | a=1.000100 | H=2.41e-05 | 494.2 steps/s | 2.02 ms/step | ETA: 33718.6 min
Step 105000/1000000000 | t=4.20e+00 | T=7384.3 | a=1.000101 | H=2.41e-05 | 494.4 steps/s | 2.02 ms/step | ETA: 33706.3 min
Step 106000/1000000000 | t=4.24e+00 | T=7384.2 | a=1.000102 | H=2.41e-05 | 494.7 steps/s | 2.02 ms/step | ETA: 33689.6 min
Step 107000/1000000000 | t=4.28e+00 | T=7384.2 | a=1.000103 | H=2.41e-05 | 494.9 steps/s | 2.02 ms/step | ETA: 33669.9 min
Step 108000/1000000000 | t=4.32e+00 | T=7384.2 | a=1.000104 | H=2.41e-05 | 494.7 steps/s | 2.02 ms/step | ETA: 33685.8 min
Step 109000/1000000000 | t=4.36e+00 | T=7384.2 | a=1.000105 | H=2.41e-05 | 495.0 steps/s | 2.02 ms/step | ETA: 33667.9 min
Step 110000/1000000000 | t=4.40e+00 | T=7384.2 | a=1.000106 | H=2.41e-05 | 495.1 steps/s | 2.02 ms/step | ETA: 33656.4 min
Step 111000/1000000000 | t=4.44e+00 | T=7384.2 | a=1.000107 | H=2.41e-05 | 495.2 steps/s | 2.02 ms/step | ETA: 33650.5 min
Step 112000/1000000000 | t=4.48e+00 | T=7384.2 | a=1.000108 | H=2.41e-05 | 495.6 steps/s | 2.02 ms/step | ETA: 33622.4 min
Step 113000/1000000000 | t=4.52e+00 | T=7384.2 | a=1.000109 | H=2.41e-05 | 495.9 steps/s | 2.02 ms/step | ETA: 33606.8 min
Step 114000/1000000000 | t=4.56e+00 | T=7384.2 | a=1.000110 | H=2.41e-05 | 496.0 steps/s | 2.02 ms/step | ETA: 33597.9 min
Step 115000/1000000000 | t=4.60e+00 | T=7384.2 | a=1.000111 | H=2.41e-05 | 496.2 steps/s | 2.02 ms/step | ETA: 33581.4 min
Step 116000/1000000000 | t=4.64e+00 | T=7384.2 | a=1.000112 | H=2.41e-05 | 496.4 steps/s | 2.01 ms/step | ETA: 33571.3 min
Step 117000/1000000000 | t=4.68e+00 | T=7384.2 | a=1.000113 | H=2.41e-05 | 496.3 steps/s | 2.01 ms/step | ETA: 33577.3 min
Step 118000/1000000000 | t=4.72e+00 | T=7384.2 | a=1.000114 | H=2.41e-05 | 496.0 steps/s | 2.02 ms/step | ETA: 33597.6 min
Step 119000/1000000000 | t=4.76e+00 | T=7384.2 | a=1.000115 | H=2.41e-05 | 496.0 steps/s | 2.02 ms/step | ETA: 33595.8 min
Step 120000/1000000000 | t=4.80e+00 | T=7384.1 | a=1.000115 | H=2.41e-05 | 496.0 steps/s | 2.02 ms/step | ETA: 33597.6 min
Step 121000/1000000000 | t=4.84e+00 | T=7384.1 | a=1.000116 | H=2.41e-05 | 495.9 steps/s | 2.02 ms/step | ETA: 33604.7 min
Step 122000/1000000000 | t=4.88e+00 | T=7384.1 | a=1.000117 | H=2.41e-05 | 495.9 steps/s | 2.02 ms/step | ETA: 33603.1 min
Step 123000/1000000000 | t=4.92e+00 | T=7384.1 | a=1.000118 | H=2.41e-05 | 495.8 steps/s | 2.02 ms/step | ETA: 33608.2 min
Step 124000/1000000000 | t=4.96e+00 | T=7384.1 | a=1.000119 | H=2.41e-05 | 495.9 steps/s | 2.02 ms/step | ETA: 33603.6 min
Step 125000/1000000000 | t=5.00e+00 | T=7384.1 | a=1.000120 | H=2.41e-05 | 495.7 steps/s | 2.02 ms/step | ETA: 33616.2 min
Step 126000/1000000000 | t=5.04e+00 | T=7384.1 | a=1.000121 | H=2.41e-05 | 495.7 steps/s | 2.02 ms/step | ETA: 33621.5 min
Step 127000/1000000000 | t=5.08e+00 | T=7384.1 | a=1.000122 | H=2.41e-05 | 495.6 steps/s | 2.02 ms/step | ETA: 33624.5 min
Step 128000/1000000000 | t=5.12e+00 | T=7384.1 | a=1.000123 | H=2.41e-05 | 495.6 steps/s | 2.02 ms/step | ETA: 33621.8 min
Step 129000/1000000000 | t=5.16e+00 | T=7384.1 | a=1.000124 | H=2.41e-05 | 495.7 steps/s | 2.02 ms/step | ETA: 33621.4 min
Step 130000/1000000000 | t=5.20e+00 | T=7384.1 | a=1.000125 | H=2.41e-05 | 495.7 steps/s | 2.02 ms/step | ETA: 33620.0 min
Step 131000/1000000000 | t=5.24e+00 | T=7384.1 | a=1.000126 | H=2.41e-05 | 493.4 steps/s | 2.03 ms/step | ETA: 33774.7 min
Step 132000/1000000000 | t=5.28e+00 | T=7384.1 | a=1.000127 | H=2.41e-05 | 493.0 steps/s | 2.03 ms/step | ETA: 33803.3 min
Step 133000/1000000000 | t=5.32e+00 | T=7384.1 | a=1.000128 | H=2.41e-05 | 492.9 steps/s | 2.03 ms/step | ETA: 33809.6 min
Step 134000/1000000000 | t=5.36e+00 | T=7384.0 | a=1.000129 | H=2.41e-05 | 492.8 steps/s | 2.03 ms/step | ETA: 33816.3 min
Step 135000/1000000000 | t=5.40e+00 | T=7384.0 | a=1.000130 | H=2.41e-05 | 492.8 steps/s | 2.03 ms/step | ETA: 33814.8 min
Step 136000/1000000000 | t=5.44e+00 | T=7384.0 | a=1.000131 | H=2.41e-05 | 493.0 steps/s | 2.03 ms/step | ETA: 33801.9 min
Step 137000/1000000000 | t=5.48e+00 | T=7384.0 | a=1.000132 | H=2.41e-05 | 493.0 steps/s | 2.03 ms/step | ETA: 33802.7 min
Step 138000/1000000000 | t=5.52e+00 | T=7384.0 | a=1.000133 | H=2.41e-05 | 492.7 steps/s | 2.03 ms/step | ETA: 33822.5 min
Step 139000/1000000000 | t=5.56e+00 | T=7384.0 | a=1.000134 | H=2.41e-05 | 493.0 steps/s | 2.03 ms/step | ETA: 33805.0 min
Step 140000/1000000000 | t=5.60e+00 | T=7384.0 | a=1.000135 | H=2.41e-05 | 492.9 steps/s | 2.03 ms/step | ETA: 33805.5 min
Step 141000/1000000000 | t=5.64e+00 | T=7384.0 | a=1.000136 | H=2.41e-05 | 493.1 steps/s | 2.03 ms/step | ETA: 33795.7 min
Step 142000/1000000000 | t=5.68e+00 | T=7384.0 | a=1.000137 | H=2.41e-05 | 493.2 steps/s | 2.03 ms/step | ETA: 33791.0 min
Step 143000/1000000000 | t=5.72e+00 | T=7384.0 | a=1.000138 | H=2.41e-05 | 493.4 steps/s | 2.03 ms/step | ETA: 33773.8 min
Step 144000/1000000000 | t=5.76e+00 | T=7384.0 | a=1.000139 | H=2.41e-05 | 493.7 steps/s | 2.03 ms/step | ETA: 33752.9 min
Step 145000/1000000000 | t=5.80e+00 | T=7384.0 | a=1.000140 | H=2.41e-05 | 493.7 steps/s | 2.03 ms/step | ETA: 33754.4 min
Step 146000/1000000000 | t=5.84e+00 | T=7384.0 | a=1.000140 | H=2.41e-05 | 493.9 steps/s | 2.02 ms/step | ETA: 33740.9 min
Step 147000/1000000000 | t=5.88e+00 | T=7384.0 | a=1.000141 | H=2.41e-05 | 493.8 steps/s | 2.03 ms/step | ETA: 33748.7 min
Step 148000/1000000000 | t=5.92e+00 | T=7383.9 | a=1.000142 | H=2.41e-05 | 493.8 steps/s | 2.03 ms/step | ETA: 33749.2 min
Step 149000/1000000000 | t=5.96e+00 | T=7383.9 | a=1.000143 | H=2.41e-05 | 494.0 steps/s | 2.02 ms/step | ETA: 33733.0 min
Step 150000/1000000000 | t=6.00e+00 | T=7383.9 | a=1.000144 | H=2.41e-05 | 494.1 steps/s | 2.02 ms/step | ETA: 33728.3 min
Step 151000/1000000000 | t=6.04e+00 | T=7383.9 | a=1.000145 | H=2.41e-05 | 494.2 steps/s | 2.02 ms/step | ETA: 33716.1 min
Step 152000/1000000000 | t=6.08e+00 | T=7383.9 | a=1.000146 | H=2.41e-05 | 494.5 steps/s | 2.02 ms/step | ETA: 33699.1 min
Step 153000/1000000000 | t=6.12e+00 | T=7383.9 | a=1.000147 | H=2.41e-05 | 494.5 steps/s | 2.02 ms/step | ETA: 33698.3 min
Step 154000/1000000000 | t=6.16e+00 | T=7383.9 | a=1.000148 | H=2.41e-05 | 494.7 steps/s | 2.02 ms/step | ETA: 33688.5 min
Step 155000/1000000000 | t=6.20e+00 | T=7383.9 | a=1.000149 | H=2.41e-05 | 494.7 steps/s | 2.02 ms/step | ETA: 33686.5 min
Step 156000/1000000000 | t=6.24e+00 | T=7383.9 | a=1.000150 | H=2.41e-05 | 494.7 steps/s | 2.02 ms/step | ETA: 33683.9 min
Step 157000/1000000000 | t=6.28e+00 | T=7383.9 | a=1.000151 | H=2.41e-05 | 494.7 steps/s | 2.02 ms/step | ETA: 33688.0 min
Step 158000/1000000000 | t=6.32e+00 | T=7383.9 | a=1.000152 | H=2.41e-05 | 494.5 steps/s | 2.02 ms/step | ETA: 33696.0 min
Step 159000/1000000000 | t=6.36e+00 | T=7383.9 | a=1.000153 | H=2.41e-05 | 494.5 steps/s | 2.02 ms/step | ETA: 33695.5 min
Step 160000/1000000000 | t=6.40e+00 | T=7383.9 | a=1.000154 | H=2.41e-05 | 494.5 steps/s | 2.02 ms/step | ETA: 33697.0 min
Step 161000/1000000000 | t=6.44e+00 | T=7383.9 | a=1.000155 | H=2.41e-05 | 494.6 steps/s | 2.02 ms/step | ETA: 33690.6 min
Step 162000/1000000000 | t=6.48e+00 | T=7383.8 | a=1.000156 | H=2.41e-05 | 494.4 steps/s | 2.02 ms/step | ETA: 33702.6 min
Step 163000/1000000000 | t=6.52e+00 | T=7383.8 | a=1.000157 | H=2.41e-05 | 494.3 steps/s | 2.02 ms/step | ETA: 33710.0 min
Step 164000/1000000000 | t=6.56e+00 | T=7383.8 | a=1.000158 | H=2.41e-05 | 494.4 steps/s | 2.02 ms/step | ETA: 33703.2 min
Step 165000/1000000000 | t=6.60e+00 | T=7383.8 | a=1.000159 | H=2.41e-05 | 494.6 steps/s | 2.02 ms/step | ETA: 33694.1 min
Step 166000/1000000000 | t=6.64e+00 | T=7383.8 | a=1.000160 | H=2.41e-05 | 494.8 steps/s | 2.02 ms/step | ETA: 33676.4 min
Step 167000/1000000000 | t=6.68e+00 | T=7383.8 | a=1.000161 | H=2.41e-05 | 495.0 steps/s | 2.02 ms/step | ETA: 33662.5 min
Step 168000/1000000000 | t=6.72e+00 | T=7383.8 | a=1.000162 | H=2.41e-05 | 494.9 steps/s | 2.02 ms/step | ETA: 33668.1 min
Step 169000/1000000000 | t=6.76e+00 | T=7383.8 | a=1.000163 | H=2.41e-05 | 495.0 steps/s | 2.02 ms/step | ETA: 33662.6 min
Step 170000/1000000000 | t=6.80e+00 | T=7383.8 | a=1.000164 | H=2.41e-05 | 495.0 steps/s | 2.02 ms/step | ETA: 33666.7 min
Step 171000/1000000000 | t=6.84e+00 | T=7383.8 | a=1.000165 | H=2.41e-05 | 494.9 steps/s | 2.02 ms/step | ETA: 33670.9 min
Step 172000/1000000000 | t=6.88e+00 | T=7383.8 | a=1.000166 | H=2.41e-05 | 495.1 steps/s | 2.02 ms/step | ETA: 33659.6 min
Step 173000/1000000000 | t=6.92e+00 | T=7383.8 | a=1.000166 | H=2.41e-05 | 495.3 steps/s | 2.02 ms/step | ETA: 33643.9 min
Step 174000/1000000000 | t=6.96e+00 | T=7383.8 | a=1.000167 | H=2.41e-05 | 495.3 steps/s | 2.02 ms/step | ETA: 33643.1 min
Step 175000/1000000000 | t=7.00e+00 | T=7383.8 | a=1.000168 | H=2.41e-05 | 495.4 steps/s | 2.02 ms/step | ETA: 33638.6 min
Step 176000/1000000000 | t=7.04e+00 | T=7383.7 | a=1.000169 | H=2.41e-05 | 495.3 steps/s | 2.02 ms/step | ETA: 33645.9 min
Step 177000/1000000000 | t=7.08e+00 | T=7383.7 | a=1.000170 | H=2.41e-05 | 495.5 steps/s | 2.02 ms/step | ETA: 33632.1 min
Step 178000/1000000000 | t=7.12e+00 | T=7383.7 | a=1.000171 | H=2.41e-05 | 495.6 steps/s | 2.02 ms/step | ETA: 33622.9 min
Step 179000/1000000000 | t=7.16e+00 | T=7383.7 | a=1.000172 | H=2.41e-05 | 495.6 steps/s | 2.02 ms/step | ETA: 33621.8 min
Step 180000/1000000000 | t=7.20e+00 | T=7383.7 | a=1.000173 | H=2.41e-05 | 495.8 steps/s | 2.02 ms/step | ETA: 33610.5 min
Step 181000/1000000000 | t=7.24e+00 | T=7383.7 | a=1.000174 | H=2.41e-05 | 495.7 steps/s | 2.02 ms/step | ETA: 33616.8 min
Step 182000/1000000000 | t=7.28e+00 | T=7383.7 | a=1.000175 | H=2.41e-05 | 495.8 steps/s | 2.02 ms/step | ETA: 33610.1 min
Step 183000/1000000000 | t=7.32e+00 | T=7383.7 | a=1.000176 | H=2.41e-05 | 496.0 steps/s | 2.02 ms/step | ETA: 33594.5 min
Step 184000/1000000000 | t=7.36e+00 | T=7383.7 | a=1.000177 | H=2.41e-05 | 495.9 steps/s | 2.02 ms/step | ETA: 33599.5 min
Step 185000/1000000000 | t=7.40e+00 | T=7383.7 | a=1.000178 | H=2.41e-05 | 495.9 steps/s | 2.02 ms/step | ETA: 33604.3 min
Step 186000/1000000000 | t=7.44e+00 | T=7383.7 | a=1.000179 | H=2.41e-05 | 495.8 steps/s | 2.02 ms/step | ETA: 33608.3 min
Step 187000/1000000000 | t=7.48e+00 | T=7383.7 | a=1.000180 | H=2.41e-05 | 495.6 steps/s | 2.02 ms/step | ETA: 33620.1 min
Step 188000/1000000000 | t=7.52e+00 | T=7383.7 | a=1.000181 | H=2.41e-05 | 495.7 steps/s | 2.02 ms/step | ETA: 33616.6 min
Step 189000/1000000000 | t=7.56e+00 | T=7383.7 | a=1.000182 | H=2.41e-05 | 495.6 steps/s | 2.02 ms/step | ETA: 33624.4 min
Step 190000/1000000000 | t=7.60e+00 | T=7383.6 | a=1.000183 | H=2.41e-05 | 492.3 steps/s | 2.03 ms/step | ETA: 33847.0 min
Step 191000/1000000000 | t=7.64e+00 | T=7383.6 | a=1.000184 | H=2.41e-05 | 491.9 steps/s | 2.03 ms/step | ETA: 33878.9 min
Step 192000/1000000000 | t=7.68e+00 | T=7383.6 | a=1.000185 | H=2.41e-05 | 491.5 steps/s | 2.03 ms/step | ETA: 33902.5 min
Step 193000/1000000000 | t=7.72e+00 | T=7383.6 | a=1.000186 | H=2.41e-05 | 491.6 steps/s | 2.03 ms/step | ETA: 33895.4 min
Step 194000/1000000000 | t=7.76e+00 | T=7383.6 | a=1.000187 | H=2.41e-05 | 491.8 steps/s | 2.03 ms/step | ETA: 33881.1 min
Step 195000/1000000000 | t=7.80e+00 | T=7383.6 | a=1.000188 | H=2.41e-05 | 492.1 steps/s | 2.03 ms/step | ETA: 33864.9 min
Step 196000/1000000000 | t=7.84e+00 | T=7383.6 | a=1.000189 | H=2.41e-05 | 489.0 steps/s | 2.05 ms/step | ETA: 34078.8 min
Step 197000/1000000000 | t=7.88e+00 | T=7383.6 | a=1.000190 | H=2.41e-05 | 489.1 steps/s | 2.04 ms/step | ETA: 34069.1 min
Step 198000/1000000000 | t=7.92e+00 | T=7383.6 | a=1.000191 | H=2.41e-05 | 489.2 steps/s | 2.04 ms/step | ETA: 34059.3 min
Step 199000/1000000000 | t=7.96e+00 | T=7383.6 | a=1.000192 | H=2.41e-05 | 489.3 steps/s | 2.04 ms/step | ETA: 34055.6 min
Step 200000/1000000000 | t=8.00e+00 | T=7383.6 | a=1.000192 | H=2.41e-05 | 489.4 steps/s | 2.04 ms/step | ETA: 34046.3 min
Step 201000/1000000000 | t=8.04e+00 | T=7383.6 | a=1.000193 | H=2.41e-05 | 488.5 steps/s | 2.05 ms/step | ETA: 34112.9 min
Step 202000/1000000000 | t=8.08e+00 | T=7383.6 | a=1.000194 | H=2.41e-05 | 488.5 steps/s | 2.05 ms/step | ETA: 34112.4 min
Step 203000/1000000000 | t=8.12e+00 | T=7383.6 | a=1.000195 | H=2.41e-05 | 488.6 steps/s | 2.05 ms/step | ETA: 34106.1 min
Step 204000/1000000000 | t=8.16e+00 | T=7383.6 | a=1.000196 | H=2.41e-05 | 488.5 steps/s | 2.05 ms/step | ETA: 34109.6 min
Step 205000/1000000000 | t=8.20e+00 | T=7383.5 | a=1.000197 | H=2.41e-05 | 488.6 steps/s | 2.05 ms/step | ETA: 34106.8 min
Step 206000/1000000000 | t=8.24e+00 | T=7383.5 | a=1.000198 | H=2.41e-05 | 488.7 steps/s | 2.05 ms/step | ETA: 34100.4 min
Step 207000/1000000000 | t=8.28e+00 | T=7383.5 | a=1.000199 | H=2.41e-05 | 488.7 steps/s | 2.05 ms/step | ETA: 34097.1 min
Step 208000/1000000000 | t=8.32e+00 | T=7383.5 | a=1.000200 | H=2.41e-05 | 488.7 steps/s | 2.05 ms/step | ETA: 34096.0 min
Step 209000/1000000000 | t=8.36e+00 | T=7383.5 | a=1.000201 | H=2.41e-05 | 488.7 steps/s | 2.05 ms/step | ETA: 34096.3 min
Step 210000/1000000000 | t=8.40e+00 | T=7383.5 | a=1.000202 | H=2.41e-05 | 488.8 steps/s | 2.05 ms/step | ETA: 34093.2 min
Step 211000/1000000000 | t=8.44e+00 | T=7383.5 | a=1.000203 | H=2.41e-05 | 488.7 steps/s | 2.05 ms/step | ETA: 34095.9 min
Step 212000/1000000000 | t=8.48e+00 | T=7383.5 | a=1.000204 | H=2.41e-05 | 488.7 steps/s | 2.05 ms/step | ETA: 34095.1 min
Step 213000/1000000000 | t=8.52e+00 | T=7383.5 | a=1.000205 | H=2.41e-05 | 488.4 steps/s | 2.05 ms/step | ETA: 34120.3 min
Step 214000/1000000000 | t=8.56e+00 | T=7383.5 | a=1.000206 | H=2.41e-05 | 488.4 steps/s | 2.05 ms/step | ETA: 34120.2 min
Step 215000/1000000000 | t=8.60e+00 | T=7383.5 | a=1.000207 | H=2.41e-05 | 488.4 steps/s | 2.05 ms/step | ETA: 34115.2 min
Step 216000/1000000000 | t=8.64e+00 | T=7383.5 | a=1.000208 | H=2.41e-05 | 488.5 steps/s | 2.05 ms/step | ETA: 34112.3 min
Step 217000/1000000000 | t=8.68e+00 | T=7383.5 | a=1.000209 | H=2.41e-05 | 488.6 steps/s | 2.05 ms/step | ETA: 34105.7 min
Step 218000/1000000000 | t=8.72e+00 | T=7383.5 | a=1.000210 | H=2.41e-05 | 488.7 steps/s | 2.05 ms/step | ETA: 34100.0 min
Step 219000/1000000000 | t=8.76e+00 | T=7383.4 | a=1.000211 | H=2.41e-05 | 488.7 steps/s | 2.05 ms/step | ETA: 34098.5 min
Step 220000/1000000000 | t=8.80e+00 | T=7383.4 | a=1.000212 | H=2.41e-05 | 488.6 steps/s | 2.05 ms/step | ETA: 34100.3 min
Step 221000/1000000000 | t=8.84e+00 | T=7383.4 | a=1.000213 | H=2.41e-05 | 488.7 steps/s | 2.05 ms/step | ETA: 34098.3 min
Step 222000/1000000000 | t=8.88e+00 | T=7383.4 | a=1.000214 | H=2.41e-05 | 488.4 steps/s | 2.05 ms/step | ETA: 34114.0 min
Step 223000/1000000000 | t=8.92e+00 | T=7383.4 | a=1.000215 | H=2.41e-05 | 488.4 steps/s | 2.05 ms/step | ETA: 34120.5 min
Step 224000/1000000000 | t=8.96e+00 | T=7383.4 | a=1.000216 | H=2.41e-05 | 488.3 steps/s | 2.05 ms/step | ETA: 34126.9 min
Step 225000/1000000000 | t=9.00e+00 | T=7383.4 | a=1.000217 | H=2.41e-05 | 488.1 steps/s | 2.05 ms/step | ETA: 34139.7 min
Step 226000/1000000000 | t=9.04e+00 | T=7383.4 | a=1.000217 | H=2.41e-05 | 487.9 steps/s | 2.05 ms/step | ETA: 34152.4 min
Step 227000/1000000000 | t=9.08e+00 | T=7383.4 | a=1.000218 | H=2.41e-05 | 487.8 steps/s | 2.05 ms/step | ETA: 34157.6 min
Step 228000/1000000000 | t=9.12e+00 | T=7383.4 | a=1.000219 | H=2.41e-05 | 488.0 steps/s | 2.05 ms/step | ETA: 34147.1 min
Step 229000/1000000000 | t=9.16e+00 | T=7383.4 | a=1.000220 | H=2.41e-05 | 488.0 steps/s | 2.05 ms/step | ETA: 34146.4 min
Step 230000/1000000000 | t=9.20e+00 | T=7383.4 | a=1.000221 | H=2.41e-05 | 488.1 steps/s | 2.05 ms/step | ETA: 34138.4 min
Step 231000/1000000000 | t=9.24e+00 | T=7383.4 | a=1.000222 | H=2.41e-05 | 488.1 steps/s | 2.05 ms/step | ETA: 34139.4 min
Step 232000/1000000000 | t=9.28e+00 | T=7383.4 | a=1.000223 | H=2.41e-05 | 488.1 steps/s | 2.05 ms/step | ETA: 34138.2 min
Step 233000/1000000000 | t=9.32e+00 | T=7383.3 | a=1.000224 | H=2.41e-05 | 488.3 steps/s | 2.05 ms/step | ETA: 34126.9 min
Step 234000/1000000000 | t=9.36e+00 | T=7383.3 | a=1.000225 | H=2.41e-05 | 488.4 steps/s | 2.05 ms/step | ETA: 34120.1 min
Step 235000/1000000000 | t=9.40e+00 | T=7383.3 | a=1.000226 | H=2.41e-05 | 488.5 steps/s | 2.05 ms/step | ETA: 34107.5 min
Step 236000/1000000000 | t=9.44e+00 | T=7383.3 | a=1.000227 | H=2.41e-05 | 488.6 steps/s | 2.05 ms/step | ETA: 34104.9 min
Step 237000/1000000000 | t=9.48e+00 | T=7383.3 | a=1.000228 | H=2.41e-05 | 488.7 steps/s | 2.05 ms/step | ETA: 34098.3 min
Step 238000/1000000000 | t=9.52e+00 | T=7383.3 | a=1.000229 | H=2.41e-05 | 488.8 steps/s | 2.05 ms/step | ETA: 34086.3 min
Step 239000/1000000000 | t=9.56e+00 | T=7383.3 | a=1.000230 | H=2.41e-05 | 488.8 steps/s | 2.05 ms/step | ETA: 34087.3 min
Step 240000/1000000000 | t=9.60e+00 | T=7383.3 | a=1.000231 | H=2.41e-05 | 489.0 steps/s | 2.05 ms/step | ETA: 34076.6 min
Step 241000/1000000000 | t=9.64e+00 | T=7383.3 | a=1.000232 | H=2.41e-05 | 489.1 steps/s | 2.04 ms/step | ETA: 34067.4 min
Step 242000/1000000000 | t=9.68e+00 | T=7383.3 | a=1.000233 | H=2.41e-05 | 489.2 steps/s | 2.04 ms/step | ETA: 34062.0 min
Step 243000/1000000000 | t=9.72e+00 | T=7383.3 | a=1.000234 | H=2.41e-05 | 489.3 steps/s | 2.04 ms/step | ETA: 34051.0 min
Step 244000/1000000000 | t=9.76e+00 | T=7383.3 | a=1.000235 | H=2.41e-05 | 489.4 steps/s | 2.04 ms/step | ETA: 34048.2 min
Step 245000/1000000000 | t=9.80e+00 | T=7383.3 | a=1.000236 | H=2.41e-05 | 489.5 steps/s | 2.04 ms/step | ETA: 34040.2 min
Step 246000/1000000000 | t=9.84e+00 | T=7383.3 | a=1.000237 | H=2.41e-05 | 489.6 steps/s | 2.04 ms/step | ETA: 34032.9 min
Step 247000/1000000000 | t=9.88e+00 | T=7383.2 | a=1.000238 | H=2.41e-05 | 489.7 steps/s | 2.04 ms/step | ETA: 34022.8 min
Step 248000/1000000000 | t=9.92e+00 | T=7383.2 | a=1.000239 | H=2.41e-05 | 489.8 steps/s | 2.04 ms/step | ETA: 34016.4 min
Step 249000/1000000000 | t=9.96e+00 | T=7383.2 | a=1.000240 | H=2.41e-05 | 489.7 steps/s | 2.04 ms/step | ETA: 34023.1 min
Step 250000/1000000000 | t=1.00e+01 | T=7383.2 | a=1.000241 | H=2.41e-05 | 488.6 steps/s | 2.05 ms/step | ETA: 34102.3 min
Step 251000/1000000000 | t=1.00e+01 | T=7383.2 | a=1.000242 | H=2.41e-05 | 486.2 steps/s | 2.06 ms/step | ETA: 34272.9 min
Step 252000/1000000000 | t=1.01e+01 | T=7383.2 | a=1.000243 | H=2.41e-05 | 485.7 steps/s | 2.06 ms/step | ETA: 34309.2 min
Step 253000/1000000000 | t=1.01e+01 | T=7383.2 | a=1.000243 | H=2.41e-05 | 485.6 steps/s | 2.06 ms/step | ETA: 34315.1 min
Step 254000/1000000000 | t=1.02e+01 | T=7383.2 | a=1.000244 | H=2.41e-05 | 485.6 steps/s | 2.06 ms/step | ETA: 34311.7 min
Step 255000/1000000000 | t=1.02e+01 | T=7383.2 | a=1.000245 | H=2.41e-05 | 485.6 steps/s | 2.06 ms/step | ETA: 34314.9 min
Step 256000/1000000000 | t=1.02e+01 | T=7383.2 | a=1.000246 | H=2.41e-05 | 485.6 steps/s | 2.06 ms/step | ETA: 34311.5 min
Step 257000/1000000000 | t=1.03e+01 | T=7383.2 | a=1.000247 | H=2.41e-05 | 485.8 steps/s | 2.06 ms/step | ETA: 34301.9 min
Step 258000/1000000000 | t=1.03e+01 | T=7383.2 | a=1.000248 | H=2.41e-05 | 485.9 steps/s | 2.06 ms/step | ETA: 34290.6 min
Step 259000/1000000000 | t=1.04e+01 | T=7383.2 | a=1.000249 | H=2.41e-05 | 485.9 steps/s | 2.06 ms/step | ETA: 34293.2 min
Step 260000/1000000000 | t=1.04e+01 | T=7383.2 | a=1.000250 | H=2.41e-05 | 486.1 steps/s | 2.06 ms/step | ETA: 34279.2 min
Step 261000/1000000000 | t=1.04e+01 | T=7383.1 | a=1.000251 | H=2.41e-05 | 486.2 steps/s | 2.06 ms/step | ETA: 34269.6 min
Step 262000/1000000000 | t=1.05e+01 | T=7383.1 | a=1.000252 | H=2.41e-05 | 486.4 steps/s | 2.06 ms/step | ETA: 34259.2 min
Step 263000/1000000000 | t=1.05e+01 | T=7383.1 | a=1.000253 | H=2.41e-05 | 486.4 steps/s | 2.06 ms/step | ETA: 34253.1 min
Step 264000/1000000000 | t=1.06e+01 | T=7383.1 | a=1.000254 | H=2.41e-05 | 486.6 steps/s | 2.06 ms/step | ETA: 34244.6 min
Step 265000/1000000000 | t=1.06e+01 | T=7383.1 | a=1.000255 | H=2.41e-05 | 486.7 steps/s | 2.05 ms/step | ETA: 34234.6 min
Step 266000/1000000000 | t=1.06e+01 | T=7383.1 | a=1.000256 | H=2.41e-05 | 486.8 steps/s | 2.05 ms/step | ETA: 34227.1 min
Step 267000/1000000000 | t=1.07e+01 | T=7383.1 | a=1.000257 | H=2.41e-05 | 487.0 steps/s | 2.05 ms/step | ETA: 34216.5 min
Step 268000/1000000000 | t=1.07e+01 | T=7383.1 | a=1.000258 | H=2.41e-05 | 487.1 steps/s | 2.05 ms/step | ETA: 34206.8 min
Step 269000/1000000000 | t=1.08e+01 | T=7383.1 | a=1.000259 | H=2.41e-05 | 487.1 steps/s | 2.05 ms/step | ETA: 34207.5 min
Step 270000/1000000000 | t=1.08e+01 | T=7383.1 | a=1.000260 | H=2.41e-05 | 487.2 steps/s | 2.05 ms/step | ETA: 34199.2 min
Step 271000/1000000000 | t=1.08e+01 | T=7383.1 | a=1.000261 | H=2.41e-05 | 487.3 steps/s | 2.05 ms/step | ETA: 34192.1 min
Step 272000/1000000000 | t=1.09e+01 | T=7383.1 | a=1.000262 | H=2.41e-05 | 487.5 steps/s | 2.05 ms/step | ETA: 34182.2 min
Step 273000/1000000000 | t=1.09e+01 | T=7383.1 | a=1.000263 | H=2.41e-05 | 487.6 steps/s | 2.05 ms/step | ETA: 34174.4 min
Step 274000/1000000000 | t=1.10e+01 | T=7383.1 | a=1.000264 | H=2.41e-05 | 487.7 steps/s | 2.05 ms/step | ETA: 34163.3 min
Step 275000/1000000000 | t=1.10e+01 | T=7383.0 | a=1.000265 | H=2.41e-05 | 487.8 steps/s | 2.05 ms/step | ETA: 34156.2 min
Step 276000/1000000000 | t=1.10e+01 | T=7383.0 | a=1.000266 | H=2.41e-05 | 487.9 steps/s | 2.05 ms/step | ETA: 34150.8 min
Step 277000/1000000000 | t=1.11e+01 | T=7383.0 | a=1.000267 | H=2.41e-05 | 487.9 steps/s | 2.05 ms/step | ETA: 34153.2 min
Step 278000/1000000000 | t=1.11e+01 | T=7383.0 | a=1.000268 | H=2.41e-05 | 487.7 steps/s | 2.05 ms/step | ETA: 34163.4 min
Step 279000/1000000000 | t=1.12e+01 | T=7383.0 | a=1.000269 | H=2.41e-05 | 487.6 steps/s | 2.05 ms/step | ETA: 34171.2 min
Step 280000/1000000000 | t=1.12e+01 | T=7383.0 | a=1.000269 | H=2.41e-05 | 487.6 steps/s | 2.05 ms/step | ETA: 34172.7 min
Step 281000/1000000000 | t=1.12e+01 | T=7383.0 | a=1.000270 | H=2.41e-05 | 487.4 steps/s | 2.05 ms/step | ETA: 34182.2 min
Step 282000/1000000000 | t=1.13e+01 | T=7383.0 | a=1.000271 | H=2.41e-05 | 487.4 steps/s | 2.05 ms/step | ETA: 34187.5 min
Step 283000/1000000000 | t=1.13e+01 | T=7383.0 | a=1.000272 | H=2.41e-05 | 487.4 steps/s | 2.05 ms/step | ETA: 34182.8 min
Step 284000/1000000000 | t=1.14e+01 | T=7383.0 | a=1.000273 | H=2.41e-05 | 487.4 steps/s | 2.05 ms/step | ETA: 34182.2 min
Step 285000/1000000000 | t=1.14e+01 | T=7383.0 | a=1.000274 | H=2.41e-05 | 487.5 steps/s | 2.05 ms/step | ETA: 34174.9 min
Step 286000/1000000000 | t=1.14e+01 | T=7383.0 | a=1.000275 | H=2.41e-05 | 487.5 steps/s | 2.05 ms/step | ETA: 34180.0 min
Step 287000/1000000000 | t=1.15e+01 | T=7383.0 | a=1.000276 | H=2.41e-05 | 487.5 steps/s | 2.05 ms/step | ETA: 34179.9 min
Step 288000/1000000000 | t=1.15e+01 | T=7383.0 | a=1.000277 | H=2.41e-05 | 487.5 steps/s | 2.05 ms/step | ETA: 34178.0 min
Step 289000/1000000000 | t=1.16e+01 | T=7382.9 | a=1.000278 | H=2.41e-05 | 487.6 steps/s | 2.05 ms/step | ETA: 34171.5 min
Step 290000/1000000000 | t=1.16e+01 | T=7382.9 | a=1.000279 | H=2.41e-05 | 487.7 steps/s | 2.05 ms/step | ETA: 34167.4 min
Step 291000/1000000000 | t=1.16e+01 | T=7382.9 | a=1.000280 | H=2.41e-05 | 487.2 steps/s | 2.05 ms/step | ETA: 34197.5 min
Step 292000/1000000000 | t=1.17e+01 | T=7382.9 | a=1.000281 | H=2.41e-05 | 487.0 steps/s | 2.05 ms/step | ETA: 34215.5 min
Step 293000/1000000000 | t=1.17e+01 | T=7382.9 | a=1.000282 | H=2.41e-05 | 486.9 steps/s | 2.05 ms/step | ETA: 34219.0 min
Step 294000/1000000000 | t=1.18e+01 | T=7382.9 | a=1.000283 | H=2.41e-05 | 486.9 steps/s | 2.05 ms/step | ETA: 34216.9 min
Step 295000/1000000000 | t=1.18e+01 | T=7382.9 | a=1.000284 | H=2.41e-05 | 487.1 steps/s | 2.05 ms/step | ETA: 34207.8 min
Step 296000/1000000000 | t=1.18e+01 | T=7382.9 | a=1.000285 | H=2.41e-05 | 487.2 steps/s | 2.05 ms/step | ETA: 34199.1 min
Step 297000/1000000000 | t=1.19e+01 | T=7382.9 | a=1.000286 | H=2.41e-05 | 487.3 steps/s | 2.05 ms/step | ETA: 34193.9 min
Step 298000/1000000000 | t=1.19e+01 | T=7382.9 | a=1.000287 | H=2.41e-05 | 487.3 steps/s | 2.05 ms/step | ETA: 34193.1 min
Step 299000/1000000000 | t=1.20e+01 | T=7382.9 | a=1.000288 | H=2.41e-05 | 487.4 steps/s | 2.05 ms/step | ETA: 34184.1 min
Step 300000/1000000000 | t=1.20e+01 | T=7382.9 | a=1.000289 | H=2.41e-05 | 487.6 steps/s | 2.05 ms/step | ETA: 34173.6 min
Step 301000/1000000000 | t=1.20e+01 | T=7382.9 | a=1.000290 | H=2.41e-05 | 487.7 steps/s | 2.05 ms/step | ETA: 34164.9 min
Step 302000/1000000000 | t=1.21e+01 | T=7382.9 | a=1.000291 | H=2.41e-05 | 487.7 steps/s | 2.05 ms/step | ETA: 34162.6 min
Step 303000/1000000000 | t=1.21e+01 | T=7382.8 | a=1.000292 | H=2.41e-05 | 487.8 steps/s | 2.05 ms/step | ETA: 34156.3 min
Step 304000/1000000000 | t=1.22e+01 | T=7382.8 | a=1.000293 | H=2.41e-05 | 487.9 steps/s | 2.05 ms/step | ETA: 34151.7 min
Step 305000/1000000000 | t=1.22e+01 | T=7382.8 | a=1.000294 | H=2.41e-05 | 488.0 steps/s | 2.05 ms/step | ETA: 34142.8 min
Step 306000/1000000000 | t=1.22e+01 | T=7382.8 | a=1.000294 | H=2.41e-05 | 488.1 steps/s | 2.05 ms/step | ETA: 34133.4 min
Step 307000/1000000000 | t=1.23e+01 | T=7382.8 | a=1.000295 | H=2.41e-05 | 488.2 steps/s | 2.05 ms/step | ETA: 34130.2 min
Step 308000/1000000000 | t=1.23e+01 | T=7382.8 | a=1.000296 | H=2.41e-05 | 488.2 steps/s | 2.05 ms/step | ETA: 34125.4 min
Step 309000/1000000000 | t=1.24e+01 | T=7382.8 | a=1.000297 | H=2.41e-05 | 488.3 steps/s | 2.05 ms/step | ETA: 34122.3 min
Step 310000/1000000000 | t=1.24e+01 | T=7382.8 | a=1.000298 | H=2.41e-05 | 488.1 steps/s | 2.05 ms/step | ETA: 34134.7 min
Step 311000/1000000000 | t=1.24e+01 | T=7382.8 | a=1.000299 | H=2.41e-05 | 488.2 steps/s | 2.05 ms/step | ETA: 34129.1 min
Step 312000/1000000000 | t=1.25e+01 | T=7382.8 | a=1.000300 | H=2.41e-05 | 488.2 steps/s | 2.05 ms/step | ETA: 34125.9 min
Step 313000/1000000000 | t=1.25e+01 | T=7382.8 | a=1.000301 | H=2.41e-05 | 488.3 steps/s | 2.05 ms/step | ETA: 34121.0 min
Step 314000/1000000000 | t=1.26e+01 | T=7382.8 | a=1.000302 | H=2.41e-05 | 488.4 steps/s | 2.05 ms/step | ETA: 34117.0 min
Step 315000/1000000000 | t=1.26e+01 | T=7382.8 | a=1.000303 | H=2.41e-05 | 488.5 steps/s | 2.05 ms/step | ETA: 34106.8 min
Step 316000/1000000000 | t=1.26e+01 | T=7382.8 | a=1.000304 | H=2.41e-05 | 488.6 steps/s | 2.05 ms/step | ETA: 34097.7 min
Step 317000/1000000000 | t=1.27e+01 | T=7382.7 | a=1.000305 | H=2.41e-05 | 488.8 steps/s | 2.05 ms/step | ETA: 34088.9 min
Step 318000/1000000000 | t=1.27e+01 | T=7382.7 | a=1.000306 | H=2.41e-05 | 488.7 steps/s | 2.05 ms/step | ETA: 34091.5 min
Step 319000/1000000000 | t=1.28e+01 | T=7382.7 | a=1.000307 | H=2.41e-05 | 488.8 steps/s | 2.05 ms/step | ETA: 34084.1 min
Step 320000/1000000000 | t=1.28e+01 | T=7382.7 | a=1.000308 | H=2.41e-05 | 488.9 steps/s | 2.05 ms/step | ETA: 34079.4 min
Step 321000/1000000000 | t=1.28e+01 | T=7382.7 | a=1.000309 | H=2.41e-05 | 488.9 steps/s | 2.05 ms/step | ETA: 34075.9 min
Step 322000/1000000000 | t=1.29e+01 | T=7382.7 | a=1.000310 | H=2.41e-05 | 489.0 steps/s | 2.04 ms/step | ETA: 34070.9 min
Step 323000/1000000000 | t=1.29e+01 | T=7382.7 | a=1.000311 | H=2.41e-05 | 489.2 steps/s | 2.04 ms/step | ETA: 34060.5 min
Step 324000/1000000000 | t=1.30e+01 | T=7382.7 | a=1.000312 | H=2.41e-05 | 489.3 steps/s | 2.04 ms/step | ETA: 34053.9 min
Step 325000/1000000000 | t=1.30e+01 | T=7382.7 | a=1.000313 | H=2.41e-05 | 489.4 steps/s | 2.04 ms/step | ETA: 34046.3 min
Step 326000/1000000000 | t=1.30e+01 | T=7382.7 | a=1.000314 | H=2.41e-05 | 489.5 steps/s | 2.04 ms/step | ETA: 34039.2 min
Step 327000/1000000000 | t=1.31e+01 | T=7382.7 | a=1.000315 | H=2.41e-05 | 489.6 steps/s | 2.04 ms/step | ETA: 34029.3 min
Step 328000/1000000000 | t=1.31e+01 | T=7382.7 | a=1.000316 | H=2.41e-05 | 489.8 steps/s | 2.04 ms/step | ETA: 34019.3 min
Step 329000/1000000000 | t=1.32e+01 | T=7382.7 | a=1.000317 | H=2.41e-05 | 489.8 steps/s | 2.04 ms/step | ETA: 34014.4 min
Step 330000/1000000000 | t=1.32e+01 | T=7382.7 | a=1.000318 | H=2.41e-05 | 489.9 steps/s | 2.04 ms/step | ETA: 34011.9 min
Step 331000/1000000000 | t=1.32e+01 | T=7382.6 | a=1.000319 | H=2.41e-05 | 490.0 steps/s | 2.04 ms/step | ETA: 34001.2 min
Step 332000/1000000000 | t=1.33e+01 | T=7382.6 | a=1.000320 | H=2.41e-05 | 489.8 steps/s | 2.04 ms/step | ETA: 34016.8 min
Step 333000/1000000000 | t=1.33e+01 | T=7382.6 | a=1.000320 | H=2.41e-05 | 489.8 steps/s | 2.04 ms/step | ETA: 34016.3 min
Step 334000/1000000000 | t=1.34e+01 | T=7382.6 | a=1.000321 | H=2.41e-05 | 489.9 steps/s | 2.04 ms/step | ETA: 34011.6 min
Step 335000/1000000000 | t=1.34e+01 | T=7382.6 | a=1.000322 | H=2.41e-05 | 489.9 steps/s | 2.04 ms/step | ETA: 34005.8 min
Step 336000/1000000000 | t=1.34e+01 | T=7382.6 | a=1.000323 | H=2.41e-05 | 490.1 steps/s | 2.04 ms/step | ETA: 33995.3 min
Step 337000/1000000000 | t=1.35e+01 | T=7382.6 | a=1.000324 | H=2.41e-05 | 490.1 steps/s | 2.04 ms/step | ETA: 33991.9 min
Step 338000/1000000000 | t=1.35e+01 | T=7382.6 | a=1.000325 | H=2.41e-05 | 490.3 steps/s | 2.04 ms/step | ETA: 33982.7 min
Step 339000/1000000000 | t=1.36e+01 | T=7382.6 | a=1.000326 | H=2.41e-05 | 490.4 steps/s | 2.04 ms/step | ETA: 33974.1 min
Step 340000/1000000000 | t=1.36e+01 | T=7382.6 | a=1.000327 | H=2.41e-05 | 490.4 steps/s | 2.04 ms/step | ETA: 33975.6 min
Step 341000/1000000000 | t=1.36e+01 | T=7382.6 | a=1.000328 | H=2.41e-05 | 490.5 steps/s | 2.04 ms/step | ETA: 33969.9 min
Step 342000/1000000000 | t=1.37e+01 | T=7382.6 | a=1.000329 | H=2.41e-05 | 490.4 steps/s | 2.04 ms/step | ETA: 33971.2 min
Step 343000/1000000000 | t=1.37e+01 | T=7382.6 | a=1.000330 | H=2.41e-05 | 490.5 steps/s | 2.04 ms/step | ETA: 33968.1 min
Step 344000/1000000000 | t=1.38e+01 | T=7382.6 | a=1.000331 | H=2.41e-05 | 490.6 steps/s | 2.04 ms/step | ETA: 33957.2 min
Step 345000/1000000000 | t=1.38e+01 | T=7382.5 | a=1.000332 | H=2.41e-05 | 490.7 steps/s | 2.04 ms/step | ETA: 33956.0 min
Step 346000/1000000000 | t=1.38e+01 | T=7382.5 | a=1.000333 | H=2.41e-05 | 490.8 steps/s | 2.04 ms/step | ETA: 33948.7 min
Step 347000/1000000000 | t=1.39e+01 | T=7382.5 | a=1.000334 | H=2.41e-05 | 490.9 steps/s | 2.04 ms/step | ETA: 33940.0 min
Step 348000/1000000000 | t=1.39e+01 | T=7382.5 | a=1.000335 | H=2.41e-05 | 490.9 steps/s | 2.04 ms/step | ETA: 33937.4 min
Step 349000/1000000000 | t=1.40e+01 | T=7382.5 | a=1.000336 | H=2.41e-05 | 491.1 steps/s | 2.04 ms/step | ETA: 33928.1 min
Step 350000/1000000000 | t=1.40e+01 | T=7382.5 | a=1.000337 | H=2.41e-05 | 491.1 steps/s | 2.04 ms/step | ETA: 33924.1 min
Step 351000/1000000000 | t=1.40e+01 | T=7382.5 | a=1.000338 | H=2.41e-05 | 491.1 steps/s | 2.04 ms/step | ETA: 33923.4 min
Step 352000/1000000000 | t=1.41e+01 | T=7382.5 | a=1.000339 | H=2.41e-05 | 491.3 steps/s | 2.04 ms/step | ETA: 33913.1 min
Step 353000/1000000000 | t=1.41e+01 | T=7382.5 | a=1.000340 | H=2.41e-05 | 491.4 steps/s | 2.03 ms/step | ETA: 33903.3 min
Step 354000/1000000000 | t=1.42e+01 | T=7382.5 | a=1.000341 | H=2.41e-05 | 491.5 steps/s | 2.03 ms/step | ETA: 33897.7 min
Step 355000/1000000000 | t=1.42e+01 | T=7382.5 | a=1.000342 | H=2.41e-05 | 491.6 steps/s | 2.03 ms/step | ETA: 33893.4 min
Step 356000/1000000000 | t=1.42e+01 | T=7382.5 | a=1.000343 | H=2.41e-05 | 491.6 steps/s | 2.03 ms/step | ETA: 33890.0 min
Step 357000/1000000000 | t=1.43e+01 | T=7382.5 | a=1.000344 | H=2.41e-05 | 491.7 steps/s | 2.03 ms/step | ETA: 33881.7 min
Step 358000/1000000000 | t=1.43e+01 | T=7382.5 | a=1.000345 | H=2.41e-05 | 491.9 steps/s | 2.03 ms/step | ETA: 33870.0 min
Step 359000/1000000000 | t=1.44e+01 | T=7382.4 | a=1.000346 | H=2.41e-05 | 492.0 steps/s | 2.03 ms/step | ETA: 33863.7 min
Step 360000/1000000000 | t=1.44e+01 | T=7382.4 | a=1.000346 | H=2.41e-05 | 492.0 steps/s | 2.03 ms/step | ETA: 33862.3 min
Step 361000/1000000000 | t=1.44e+01 | T=7382.4 | a=1.000347 | H=2.41e-05 | 492.1 steps/s | 2.03 ms/step | ETA: 33853.7 min
Step 362000/1000000000 | t=1.45e+01 | T=7382.4 | a=1.000348 | H=2.41e-05 | 492.2 steps/s | 2.03 ms/step | ETA: 33848.1 min
Step 363000/1000000000 | t=1.45e+01 | T=7382.4 | a=1.000349 | H=2.41e-05 | 492.3 steps/s | 2.03 ms/step | ETA: 33844.5 min
Step 364000/1000000000 | t=1.46e+01 | T=7382.4 | a=1.000350 | H=2.41e-05 | 492.4 steps/s | 2.03 ms/step | ETA: 33836.7 min
Step 365000/1000000000 | t=1.46e+01 | T=7382.4 | a=1.000351 | H=2.41e-05 | 492.4 steps/s | 2.03 ms/step | ETA: 33837.8 min
Step 366000/1000000000 | t=1.46e+01 | T=7382.4 | a=1.000352 | H=2.41e-05 | 492.4 steps/s | 2.03 ms/step | ETA: 33835.2 min
Step 367000/1000000000 | t=1.47e+01 | T=7382.4 | a=1.000353 | H=2.41e-05 | 492.2 steps/s | 2.03 ms/step | ETA: 33847.3 min
Step 368000/1000000000 | t=1.47e+01 | T=7382.4 | a=1.000354 | H=2.41e-05 | 492.3 steps/s | 2.03 ms/step | ETA: 33839.5 min
Step 369000/1000000000 | t=1.48e+01 | T=7382.4 | a=1.000355 | H=2.41e-05 | 492.5 steps/s | 2.03 ms/step | ETA: 33830.3 min
Step 370000/1000000000 | t=1.48e+01 | T=7382.4 | a=1.000356 | H=2.41e-05 | 492.5 steps/s | 2.03 ms/step | ETA: 33830.2 min
Step 371000/1000000000 | t=1.48e+01 | T=7382.4 | a=1.000357 | H=2.41e-05 | 492.6 steps/s | 2.03 ms/step | ETA: 33823.6 min
Step 372000/1000000000 | t=1.49e+01 | T=7382.4 | a=1.000358 | H=2.41e-05 | 492.7 steps/s | 2.03 ms/step | ETA: 33816.8 min
Step 373000/1000000000 | t=1.49e+01 | T=7382.3 | a=1.000359 | H=2.41e-05 | 492.7 steps/s | 2.03 ms/step | ETA: 33813.4 min
Step 374000/1000000000 | t=1.50e+01 | T=7382.3 | a=1.000360 | H=2.41e-05 | 492.8 steps/s | 2.03 ms/step | ETA: 33805.4 min
Step 375000/1000000000 | t=1.50e+01 | T=7382.3 | a=1.000361 | H=2.41e-05 | 493.0 steps/s | 2.03 ms/step | ETA: 33796.7 min
Step 376000/1000000000 | t=1.50e+01 | T=7382.3 | a=1.000362 | H=2.41e-05 | 493.0 steps/s | 2.03 ms/step | ETA: 33797.1 min
Step 377000/1000000000 | t=1.51e+01 | T=7382.3 | a=1.000363 | H=2.41e-05 | 493.1 steps/s | 2.03 ms/step | ETA: 33787.8 min
Step 378000/1000000000 | t=1.51e+01 | T=7382.3 | a=1.000364 | H=2.41e-05 | 493.1 steps/s | 2.03 ms/step | ETA: 33784.5 min
Step 379000/1000000000 | t=1.52e+01 | T=7382.3 | a=1.000365 | H=2.41e-05 | 493.2 steps/s | 2.03 ms/step | ETA: 33777.1 min
Step 380000/1000000000 | t=1.52e+01 | T=7382.3 | a=1.000366 | H=2.41e-05 | 493.3 steps/s | 2.03 ms/step | ETA: 33775.1 min
Step 381000/1000000000 | t=1.52e+01 | T=7382.3 | a=1.000367 | H=2.41e-05 | 493.4 steps/s | 2.03 ms/step | ETA: 33769.6 min
Step 382000/1000000000 | t=1.53e+01 | T=7382.3 | a=1.000368 | H=2.41e-05 | 493.4 steps/s | 2.03 ms/step | ETA: 33765.7 min
Step 383000/1000000000 | t=1.53e+01 | T=7382.3 | a=1.000369 | H=2.41e-05 | 493.5 steps/s | 2.03 ms/step | ETA: 33756.9 min
Step 384000/1000000000 | t=1.54e+01 | T=7382.3 | a=1.000370 | H=2.41e-05 | 493.6 steps/s | 2.03 ms/step | ETA: 33752.2 min
Step 385000/1000000000 | t=1.54e+01 | T=7382.3 | a=1.000371 | H=2.41e-05 | 493.7 steps/s | 2.03 ms/step | ETA: 33747.3 min
Step 386000/1000000000 | t=1.54e+01 | T=7382.3 | a=1.000371 | H=2.41e-05 | 493.8 steps/s | 2.03 ms/step | ETA: 33739.8 min
Step 387000/1000000000 | t=1.55e+01 | T=7382.3 | a=1.000372 | H=2.41e-05 | 493.8 steps/s | 2.02 ms/step | ETA: 33736.2 min
Step 388000/1000000000 | t=1.55e+01 | T=7382.2 | a=1.000373 | H=2.41e-05 | 493.9 steps/s | 2.02 ms/step | ETA: 33732.2 min
Step 389000/1000000000 | t=1.56e+01 | T=7382.2 | a=1.000374 | H=2.41e-05 | 493.9 steps/s | 2.02 ms/step | ETA: 33729.1 min
Step 390000/1000000000 | t=1.56e+01 | T=7382.2 | a=1.000375 | H=2.41e-05 | 494.0 steps/s | 2.02 ms/step | ETA: 33723.7 min
Step 391000/1000000000 | t=1.56e+01 | T=7382.2 | a=1.000376 | H=2.41e-05 | 494.1 steps/s | 2.02 ms/step | ETA: 33718.0 min
Step 392000/1000000000 | t=1.57e+01 | T=7382.2 | a=1.000377 | H=2.41e-05 | 494.1 steps/s | 2.02 ms/step | ETA: 33715.4 min
Step 393000/1000000000 | t=1.57e+01 | T=7382.2 | a=1.000378 | H=2.41e-05 | 494.3 steps/s | 2.02 ms/step | ETA: 33707.2 min
Step 394000/1000000000 | t=1.58e+01 | T=7382.2 | a=1.000379 | H=2.41e-05 | 494.3 steps/s | 2.02 ms/step | ETA: 33702.7 min
Step 395000/1000000000 | t=1.58e+01 | T=7382.2 | a=1.000380 | H=2.41e-05 | 494.4 steps/s | 2.02 ms/step | ETA: 33696.5 min
Step 396000/1000000000 | t=1.58e+01 | T=7382.2 | a=1.000381 | H=2.41e-05 | 494.5 steps/s | 2.02 ms/step | ETA: 33689.8 min
Step 397000/1000000000 | t=1.59e+01 | T=7382.2 | a=1.000382 | H=2.41e-05 | 494.6 steps/s | 2.02 ms/step | ETA: 33684.8 min
Step 398000/1000000000 | t=1.59e+01 | T=7382.2 | a=1.000383 | H=2.41e-05 | 494.7 steps/s | 2.02 ms/step | ETA: 33676.6 min
Step 399000/1000000000 | t=1.60e+01 | T=7382.2 | a=1.000384 | H=2.41e-05 | 494.8 steps/s | 2.02 ms/step | ETA: 33672.2 min
Step 400000/1000000000 | t=1.60e+01 | T=7382.2 | a=1.000385 | H=2.41e-05 | 494.8 steps/s | 2.02 ms/step | ETA: 33670.3 min
Step 401000/1000000000 | t=1.60e+01 | T=7382.2 | a=1.000386 | H=2.41e-05 | 494.9 steps/s | 2.02 ms/step | ETA: 33665.7 min
Step 402000/1000000000 | t=1.61e+01 | T=7382.1 | a=1.000387 | H=2.41e-05 | 495.0 steps/s | 2.02 ms/step | ETA: 33658.1 min
Step 403000/1000000000 | t=1.61e+01 | T=7382.1 | a=1.000388 | H=2.41e-05 | 495.0 steps/s | 2.02 ms/step | ETA: 33657.2 min
Step 404000/1000000000 | t=1.62e+01 | T=7382.1 | a=1.000389 | H=2.41e-05 | 495.1 steps/s | 2.02 ms/step | ETA: 33651.2 min
Step 405000/1000000000 | t=1.62e+01 | T=7382.1 | a=1.000390 | H=2.41e-05 | 495.1 steps/s | 2.02 ms/step | ETA: 33647.6 min
Step 406000/1000000000 | t=1.62e+01 | T=7382.1 | a=1.000391 | H=2.41e-05 | 495.1 steps/s | 2.02 ms/step | ETA: 33649.0 min
Step 407000/1000000000 | t=1.63e+01 | T=7382.1 | a=1.000392 | H=2.41e-05 | 495.2 steps/s | 2.02 ms/step | ETA: 33644.6 min
Step 408000/1000000000 | t=1.63e+01 | T=7382.1 | a=1.000393 | H=2.41e-05 | 495.2 steps/s | 2.02 ms/step | ETA: 33644.8 min
Step 409000/1000000000 | t=1.64e+01 | T=7382.1 | a=1.000394 | H=2.41e-05 | 495.3 steps/s | 2.02 ms/step | ETA: 33636.3 min
Step 410000/1000000000 | t=1.64e+01 | T=7382.1 | a=1.000395 | H=2.41e-05 | 495.3 steps/s | 2.02 ms/step | ETA: 33635.1 min
Step 411000/1000000000 | t=1.64e+01 | T=7382.1 | a=1.000396 | H=2.41e-05 | 495.4 steps/s | 2.02 ms/step | ETA: 33630.3 min
Step 412000/1000000000 | t=1.65e+01 | T=7382.1 | a=1.000397 | H=2.41e-05 | 495.4 steps/s | 2.02 ms/step | ETA: 33627.3 min
Step 413000/1000000000 | t=1.65e+01 | T=7382.1 | a=1.000397 | H=2.41e-05 | 495.5 steps/s | 2.02 ms/step | ETA: 33622.4 min
Step 414000/1000000000 | t=1.66e+01 | T=7382.1 | a=1.000398 | H=2.41e-05 | 495.5 steps/s | 2.02 ms/step | ETA: 33619.3 min
Step 415000/1000000000 | t=1.66e+01 | T=7382.1 | a=1.000399 | H=2.41e-05 | 495.6 steps/s | 2.02 ms/step | ETA: 33615.4 min
Step 416000/1000000000 | t=1.66e+01 | T=7382.0 | a=1.000400 | H=2.41e-05 | 495.6 steps/s | 2.02 ms/step | ETA: 33615.5 min
Step 417000/1000000000 | t=1.67e+01 | T=7382.0 | a=1.000401 | H=2.41e-05 | 495.7 steps/s | 2.02 ms/step | ETA: 33608.8 min
Step 418000/1000000000 | t=1.67e+01 | T=7382.0 | a=1.000402 | H=2.41e-05 | 495.8 steps/s | 2.02 ms/step | ETA: 33601.7 min
Step 419000/1000000000 | t=1.68e+01 | T=7382.0 | a=1.000403 | H=2.41e-05 | 495.9 steps/s | 2.02 ms/step | ETA: 33595.5 min
Step 420000/1000000000 | t=1.68e+01 | T=7382.0 | a=1.000404 | H=2.41e-05 | 495.9 steps/s | 2.02 ms/step | ETA: 33592.4 min
Step 421000/1000000000 | t=1.68e+01 | T=7382.0 | a=1.000405 | H=2.41e-05 | 496.0 steps/s | 2.02 ms/step | ETA: 33586.6 min
Step 422000/1000000000 | t=1.69e+01 | T=7382.0 | a=1.000406 | H=2.41e-05 | 496.1 steps/s | 2.02 ms/step | ETA: 33584.2 min
Step 423000/1000000000 | t=1.69e+01 | T=7382.0 | a=1.000407 | H=2.41e-05 | 496.1 steps/s | 2.02 ms/step | ETA: 33582.4 min
Step 424000/1000000000 | t=1.70e+01 | T=7382.0 | a=1.000408 | H=2.41e-05 | 496.1 steps/s | 2.02 ms/step | ETA: 33578.0 min
Step 425000/1000000000 | t=1.70e+01 | T=7382.0 | a=1.000409 | H=2.41e-05 | 496.3 steps/s | 2.02 ms/step | ETA: 33570.5 min
Step 426000/1000000000 | t=1.70e+01 | T=7382.0 | a=1.000410 | H=2.41e-05 | 496.3 steps/s | 2.01 ms/step | ETA: 33568.4 min
Step 427000/1000000000 | t=1.71e+01 | T=7382.0 | a=1.000411 | H=2.41e-05 | 496.4 steps/s | 2.01 ms/step | ETA: 33561.3 min
Step 428000/1000000000 | t=1.71e+01 | T=7382.0 | a=1.000412 | H=2.41e-05 | 496.5 steps/s | 2.01 ms/step | ETA: 33555.4 min
Step 429000/1000000000 | t=1.72e+01 | T=7382.0 | a=1.000413 | H=2.41e-05 | 496.6 steps/s | 2.01 ms/step | ETA: 33549.9 min
Step 430000/1000000000 | t=1.72e+01 | T=7381.9 | a=1.000414 | H=2.41e-05 | 496.6 steps/s | 2.01 ms/step | ETA: 33548.9 min
Step 431000/1000000000 | t=1.72e+01 | T=7381.9 | a=1.000415 | H=2.41e-05 | 496.6 steps/s | 2.01 ms/step | ETA: 33547.1 min
Step 432000/1000000000 | t=1.73e+01 | T=7381.9 | a=1.000416 | H=2.41e-05 | 496.7 steps/s | 2.01 ms/step | ETA: 33541.8 min
Step 433000/1000000000 | t=1.73e+01 | T=7381.9 | a=1.000417 | H=2.41e-05 | 496.7 steps/s | 2.01 ms/step | ETA: 33538.2 min
Step 434000/1000000000 | t=1.74e+01 | T=7381.9 | a=1.000418 | H=2.41e-05 | 496.8 steps/s | 2.01 ms/step | ETA: 33532.7 min
Step 435000/1000000000 | t=1.74e+01 | T=7381.9 | a=1.000419 | H=2.41e-05 | 496.9 steps/s | 2.01 ms/step | ETA: 33525.1 min
Step 436000/1000000000 | t=1.74e+01 | T=7381.9 | a=1.000420 | H=2.41e-05 | 497.0 steps/s | 2.01 ms/step | ETA: 33520.1 min
Step 437000/1000000000 | t=1.75e+01 | T=7381.9 | a=1.000421 | H=2.41e-05 | 497.0 steps/s | 2.01 ms/step | ETA: 33517.9 min
Step 438000/1000000000 | t=1.75e+01 | T=7381.9 | a=1.000422 | H=2.41e-05 | 497.1 steps/s | 2.01 ms/step | ETA: 33515.0 min
Step 439000/1000000000 | t=1.76e+01 | T=7381.9 | a=1.000423 | H=2.41e-05 | 497.1 steps/s | 2.01 ms/step | ETA: 33511.7 min
Step 440000/1000000000 | t=1.76e+01 | T=7381.9 | a=1.000423 | H=2.41e-05 | 497.2 steps/s | 2.01 ms/step | ETA: 33507.4 min
Step 441000/1000000000 | t=1.76e+01 | T=7381.9 | a=1.000424 | H=2.41e-05 | 497.2 steps/s | 2.01 ms/step | ETA: 33505.7 min
Step 442000/1000000000 | t=1.77e+01 | T=7381.9 | a=1.000425 | H=2.41e-05 | 497.2 steps/s | 2.01 ms/step | ETA: 33503.8 min
Step 443000/1000000000 | t=1.77e+01 | T=7381.9 | a=1.000426 | H=2.41e-05 | 497.3 steps/s | 2.01 ms/step | ETA: 33498.2 min
Step 444000/1000000000 | t=1.78e+01 | T=7381.8 | a=1.000427 | H=2.41e-05 | 497.3 steps/s | 2.01 ms/step | ETA: 33500.8 min
Step 445000/1000000000 | t=1.78e+01 | T=7381.8 | a=1.000428 | H=2.41e-05 | 497.3 steps/s | 2.01 ms/step | ETA: 33497.6 min
Step 446000/1000000000 | t=1.78e+01 | T=7381.8 | a=1.000429 | H=2.41e-05 | 497.4 steps/s | 2.01 ms/step | ETA: 33491.4 min
Step 447000/1000000000 | t=1.79e+01 | T=7381.8 | a=1.000430 | H=2.41e-05 | 497.5 steps/s | 2.01 ms/step | ETA: 33486.4 min
Step 448000/1000000000 | t=1.79e+01 | T=7381.8 | a=1.000431 | H=2.41e-05 | 497.6 steps/s | 2.01 ms/step | ETA: 33479.3 min
Step 449000/1000000000 | t=1.80e+01 | T=7381.8 | a=1.000432 | H=2.41e-05 | 497.6 steps/s | 2.01 ms/step | ETA: 33479.8 min
Step 450000/1000000000 | t=1.80e+01 | T=7381.8 | a=1.000433 | H=2.41e-05 | 497.6 steps/s | 2.01 ms/step | ETA: 33477.0 min
Step 451000/1000000000 | t=1.80e+01 | T=7381.8 | a=1.000434 | H=2.41e-05 | 497.7 steps/s | 2.01 ms/step | ETA: 33475.6 min
Step 452000/1000000000 | t=1.81e+01 | T=7381.8 | a=1.000435 | H=2.41e-05 | 497.6 steps/s | 2.01 ms/step | ETA: 33478.4 min
Step 453000/1000000000 | t=1.81e+01 | T=7381.8 | a=1.000436 | H=2.41e-05 | 497.7 steps/s | 2.01 ms/step | ETA: 33469.9 min
Step 454000/1000000000 | t=1.82e+01 | T=7381.8 | a=1.000437 | H=2.41e-05 | 497.8 steps/s | 2.01 ms/step | ETA: 33465.8 min
Step 455000/1000000000 | t=1.82e+01 | T=7381.8 | a=1.000438 | H=2.41e-05 | 497.8 steps/s | 2.01 ms/step | ETA: 33465.2 min
Step 456000/1000000000 | t=1.82e+01 | T=7381.8 | a=1.000439 | H=2.41e-05 | 497.9 steps/s | 2.01 ms/step | ETA: 33457.5 min
Step 457000/1000000000 | t=1.83e+01 | T=7381.8 | a=1.000440 | H=2.41e-05 | 498.0 steps/s | 2.01 ms/step | ETA: 33452.4 min
Step 458000/1000000000 | t=1.83e+01 | T=7381.7 | a=1.000441 | H=2.41e-05 | 498.1 steps/s | 2.01 ms/step | ETA: 33446.4 min
Step 459000/1000000000 | t=1.84e+01 | T=7381.7 | a=1.000442 | H=2.41e-05 | 498.2 steps/s | 2.01 ms/step | ETA: 33441.7 min
Step 460000/1000000000 | t=1.84e+01 | T=7381.7 | a=1.000443 | H=2.41e-05 | 498.1 steps/s | 2.01 ms/step | ETA: 33441.9 min
Step 461000/1000000000 | t=1.84e+01 | T=7381.7 | a=1.000444 | H=2.41e-05 | 498.2 steps/s | 2.01 ms/step | ETA: 33440.6 min
Step 462000/1000000000 | t=1.85e+01 | T=7381.7 | a=1.000445 | H=2.41e-05 | 498.2 steps/s | 2.01 ms/step | ETA: 33437.7 min
Step 463000/1000000000 | t=1.85e+01 | T=7381.7 | a=1.000446 | H=2.41e-05 | 498.2 steps/s | 2.01 ms/step | ETA: 33435.0 min
Step 464000/1000000000 | t=1.86e+01 | T=7381.7 | a=1.000447 | H=2.41e-05 | 498.3 steps/s | 2.01 ms/step | ETA: 33430.2 min
Step 465000/1000000000 | t=1.86e+01 | T=7381.7 | a=1.000448 | H=2.41e-05 | 498.4 steps/s | 2.01 ms/step | ETA: 33425.3 min
Step 466000/1000000000 | t=1.86e+01 | T=7381.7 | a=1.000449 | H=2.41e-05 | 498.4 steps/s | 2.01 ms/step | ETA: 33423.8 min
Step 467000/1000000000 | t=1.87e+01 | T=7381.7 | a=1.000449 | H=2.41e-05 | 498.4 steps/s | 2.01 ms/step | ETA: 33422.2 min
Step 468000/1000000000 | t=1.87e+01 | T=7381.7 | a=1.000450 | H=2.41e-05 | 498.5 steps/s | 2.01 ms/step | ETA: 33420.3 min
Step 469000/1000000000 | t=1.88e+01 | T=7381.7 | a=1.000451 | H=2.41e-05 | 498.4 steps/s | 2.01 ms/step | ETA: 33421.6 min
Step 470000/1000000000 | t=1.88e+01 | T=7381.7 | a=1.000452 | H=2.41e-05 | 498.5 steps/s | 2.01 ms/step | ETA: 33415.1 min
Step 471000/1000000000 | t=1.88e+01 | T=7381.7 | a=1.000453 | H=2.41e-05 | 498.5 steps/s | 2.01 ms/step | ETA: 33414.6 min
Step 472000/1000000000 | t=1.89e+01 | T=7381.6 | a=1.000454 | H=2.41e-05 | 498.6 steps/s | 2.01 ms/step | ETA: 33410.0 min
Step 473000/1000000000 | t=1.89e+01 | T=7381.6 | a=1.000455 | H=2.41e-05 | 498.7 steps/s | 2.01 ms/step | ETA: 33403.7 min
Step 474000/1000000000 | t=1.90e+01 | T=7381.6 | a=1.000456 | H=2.41e-05 | 498.8 steps/s | 2.00 ms/step | ETA: 33399.2 min
Step 475000/1000000000 | t=1.90e+01 | T=7381.6 | a=1.000457 | H=2.41e-05 | 498.8 steps/s | 2.00 ms/step | ETA: 33395.5 min
Step 476000/1000000000 | t=1.90e+01 | T=7381.6 | a=1.000458 | H=2.41e-05 | 498.9 steps/s | 2.00 ms/step | ETA: 33393.4 min
Step 477000/1000000000 | t=1.91e+01 | T=7381.6 | a=1.000459 | H=2.41e-05 | 498.9 steps/s | 2.00 ms/step | ETA: 33388.8 min
Step 478000/1000000000 | t=1.91e+01 | T=7381.6 | a=1.000460 | H=2.41e-05 | 499.0 steps/s | 2.00 ms/step | ETA: 33382.3 min
Step 479000/1000000000 | t=1.92e+01 | T=7381.6 | a=1.000461 | H=2.41e-05 | 499.0 steps/s | 2.00 ms/step | ETA: 33383.8 min
Step 480000/1000000000 | t=1.92e+01 | T=7381.6 | a=1.000462 | H=2.41e-05 | 499.0 steps/s | 2.00 ms/step | ETA: 33381.7 min
Step 481000/1000000000 | t=1.92e+01 | T=7381.6 | a=1.000463 | H=2.41e-05 | 499.1 steps/s | 2.00 ms/step | ETA: 33378.6 min
Step 482000/1000000000 | t=1.93e+01 | T=7381.6 | a=1.000464 | H=2.41e-05 | 499.1 steps/s | 2.00 ms/step | ETA: 33375.4 min
Step 483000/1000000000 | t=1.93e+01 | T=7381.6 | a=1.000465 | H=2.41e-05 | 499.2 steps/s | 2.00 ms/step | ETA: 33370.8 min
Step 484000/1000000000 | t=1.94e+01 | T=7381.6 | a=1.000466 | H=2.41e-05 | 499.3 steps/s | 2.00 ms/step | ETA: 33366.8 min
Step 485000/1000000000 | t=1.94e+01 | T=7381.6 | a=1.000467 | H=2.41e-05 | 499.3 steps/s | 2.00 ms/step | ETA: 33363.5 min
Step 486000/1000000000 | t=1.94e+01 | T=7381.5 | a=1.000468 | H=2.41e-05 | 499.4 steps/s | 2.00 ms/step | ETA: 33358.5 min
Step 487000/1000000000 | t=1.95e+01 | T=7381.5 | a=1.000469 | H=2.41e-05 | 499.4 steps/s | 2.00 ms/step | ETA: 33355.4 min
Step 488000/1000000000 | t=1.95e+01 | T=7381.5 | a=1.000470 | H=2.41e-05 | 499.5 steps/s | 2.00 ms/step | ETA: 33352.0 min
Step 489000/1000000000 | t=1.96e+01 | T=7381.5 | a=1.000471 | H=2.41e-05 | 499.6 steps/s | 2.00 ms/step | ETA: 33347.0 min
Step 490000/1000000000 | t=1.96e+01 | T=7381.5 | a=1.000472 | H=2.41e-05 | 499.6 steps/s | 2.00 ms/step | ETA: 33343.6 min
Step 491000/1000000000 | t=1.96e+01 | T=7381.5 | a=1.000473 | H=2.41e-05 | 499.7 steps/s | 2.00 ms/step | ETA: 33337.8 min
Step 492000/1000000000 | t=1.97e+01 | T=7381.5 | a=1.000474 | H=2.41e-05 | 499.7 steps/s | 2.00 ms/step | ETA: 33335.6 min
Step 493000/1000000000 | t=1.97e+01 | T=7381.5 | a=1.000475 | H=2.41e-05 | 499.8 steps/s | 2.00 ms/step | ETA: 33333.0 min
Step 494000/1000000000 | t=1.98e+01 | T=7381.5 | a=1.000475 | H=2.41e-05 | 499.8 steps/s | 2.00 ms/step | ETA: 33329.1 min
Step 495000/1000000000 | t=1.98e+01 | T=7381.5 | a=1.000476 | H=2.41e-05 | 499.8 steps/s | 2.00 ms/step | ETA: 33329.2 min
Step 496000/1000000000 | t=1.98e+01 | T=7381.5 | a=1.000477 | H=2.41e-05 | 499.9 steps/s | 2.00 ms/step | ETA: 33324.0 min
Step 497000/1000000000 | t=1.99e+01 | T=7381.5 | a=1.000478 | H=2.41e-05 | 499.9 steps/s | 2.00 ms/step | ETA: 33321.4 min
Step 498000/1000000000 | t=1.99e+01 | T=7381.5 | a=1.000479 | H=2.41e-05 | 500.0 steps/s | 2.00 ms/step | ETA: 33317.1 min
Step 499000/1000000000 | t=2.00e+01 | T=7381.5 | a=1.000480 | H=2.41e-05 | 500.0 steps/s | 2.00 ms/step | ETA: 33316.2 min
Step 500000/1000000000 | t=2.00e+01 | T=7381.4 | a=1.000481 | H=2.41e-05 | 500.1 steps/s | 2.00 ms/step | ETA: 33310.6 min
Step 501000/1000000000 | t=2.00e+01 | T=7381.4 | a=1.000482 | H=2.41e-05 | 500.1 steps/s | 2.00 ms/step | ETA: 33309.2 min
Step 502000/1000000000 | t=2.01e+01 | T=7381.4 | a=1.000483 | H=2.41e-05 | 500.2 steps/s | 2.00 ms/step | ETA: 33304.5 min
Step 503000/1000000000 | t=2.01e+01 | T=7381.4 | a=1.000484 | H=2.41e-05 | 500.2 steps/s | 2.00 ms/step | ETA: 33300.8 min
Step 504000/1000000000 | t=2.02e+01 | T=7381.4 | a=1.000485 | H=2.41e-05 | 500.3 steps/s | 2.00 ms/step | ETA: 33298.0 min
Step 505000/1000000000 | t=2.02e+01 | T=7381.4 | a=1.000486 | H=2.41e-05 | 500.3 steps/s | 2.00 ms/step | ETA: 33295.1 min
Step 506000/1000000000 | t=2.02e+01 | T=7381.4 | a=1.000487 | H=2.41e-05 | 500.4 steps/s | 2.00 ms/step | ETA: 33289.7 min
Step 507000/1000000000 | t=2.03e+01 | T=7381.4 | a=1.000488 | H=2.41e-05 | 500.4 steps/s | 2.00 ms/step | ETA: 33291.3 min
Step 508000/1000000000 | t=2.03e+01 | T=7381.4 | a=1.000489 | H=2.41e-05 | 500.5 steps/s | 2.00 ms/step | ETA: 33285.1 min
Step 509000/1000000000 | t=2.04e+01 | T=7381.4 | a=1.000490 | H=2.41e-05 | 500.5 steps/s | 2.00 ms/step | ETA: 33283.3 min
Step 510000/1000000000 | t=2.04e+01 | T=7381.4 | a=1.000491 | H=2.41e-05 | 500.5 steps/s | 2.00 ms/step | ETA: 33282.2 min
Step 511000/1000000000 | t=2.04e+01 | T=7381.4 | a=1.000492 | H=2.41e-05 | 500.6 steps/s | 2.00 ms/step | ETA: 33279.6 min
Step 512000/1000000000 | t=2.05e+01 | T=7381.4 | a=1.000493 | H=2.41e-05 | 500.6 steps/s | 2.00 ms/step | ETA: 33274.0 min
Step 513000/1000000000 | t=2.05e+01 | T=7381.4 | a=1.000494 | H=2.41e-05 | 500.7 steps/s | 2.00 ms/step | ETA: 33271.3 min
Step 514000/1000000000 | t=2.06e+01 | T=7381.3 | a=1.000495 | H=2.41e-05 | 500.7 steps/s | 2.00 ms/step | ETA: 33266.5 min
Step 515000/1000000000 | t=2.06e+01 | T=7381.3 | a=1.000496 | H=2.41e-05 | 500.7 steps/s | 2.00 ms/step | ETA: 33269.1 min
Step 516000/1000000000 | t=2.06e+01 | T=7381.3 | a=1.000497 | H=2.41e-05 | 500.7 steps/s | 2.00 ms/step | ETA: 33267.6 min
Step 517000/1000000000 | t=2.07e+01 | T=7381.3 | a=1.000498 | H=2.41e-05 | 500.7 steps/s | 2.00 ms/step | ETA: 33271.0 min
Step 518000/1000000000 | t=2.07e+01 | T=7381.3 | a=1.000499 | H=2.41e-05 | 500.7 steps/s | 2.00 ms/step | ETA: 33271.8 min
Step 519000/1000000000 | t=2.08e+01 | T=7381.3 | a=1.000500 | H=2.41e-05 | 500.6 steps/s | 2.00 ms/step | ETA: 33274.2 min
Step 520000/1000000000 | t=2.08e+01 | T=7381.3 | a=1.000500 | H=2.41e-05 | 500.5 steps/s | 2.00 ms/step | ETA: 33283.4 min
Step 521000/1000000000 | t=2.08e+01 | T=7381.3 | a=1.000501 | H=2.41e-05 | 500.5 steps/s | 2.00 ms/step | ETA: 33285.3 min
Step 522000/1000000000 | t=2.09e+01 | T=7381.3 | a=1.000502 | H=2.41e-05 | 500.5 steps/s | 2.00 ms/step | ETA: 33285.1 min
Step 523000/1000000000 | t=2.09e+01 | T=7381.3 | a=1.000503 | H=2.41e-05 | 500.5 steps/s | 2.00 ms/step | ETA: 33280.8 min
Step 524000/1000000000 | t=2.10e+01 | T=7381.3 | a=1.000504 | H=2.41e-05 | 500.6 steps/s | 2.00 ms/step | ETA: 33279.1 min
Step 525000/1000000000 | t=2.10e+01 | T=7381.3 | a=1.000505 | H=2.41e-05 | 500.6 steps/s | 2.00 ms/step | ETA: 33277.8 min
Step 526000/1000000000 | t=2.10e+01 | T=7381.3 | a=1.000506 | H=2.41e-05 | 500.4 steps/s | 2.00 ms/step | ETA: 33287.7 min
Step 527000/1000000000 | t=2.11e+01 | T=7381.3 | a=1.000507 | H=2.41e-05 | 500.4 steps/s | 2.00 ms/step | ETA: 33289.0 min
Step 528000/1000000000 | t=2.11e+01 | T=7381.2 | a=1.000508 | H=2.41e-05 | 500.4 steps/s | 2.00 ms/step | ETA: 33286.4 min
Step 529000/1000000000 | t=2.12e+01 | T=7381.2 | a=1.000509 | H=2.41e-05 | 500.5 steps/s | 2.00 ms/step | ETA: 33283.1 min
Step 530000/1000000000 | t=2.12e+01 | T=7381.2 | a=1.000510 | H=2.41e-05 | 500.5 steps/s | 2.00 ms/step | ETA: 33280.1 min
Step 531000/1000000000 | t=2.12e+01 | T=7381.2 | a=1.000511 | H=2.41e-05 | 500.5 steps/s | 2.00 ms/step | ETA: 33279.7 min
Step 532000/1000000000 | t=2.13e+01 | T=7381.2 | a=1.000512 | H=2.41e-05 | 500.5 steps/s | 2.00 ms/step | ETA: 33284.1 min
Step 533000/1000000000 | t=2.13e+01 | T=7381.2 | a=1.000513 | H=2.41e-05 | 500.5 steps/s | 2.00 ms/step | ETA: 33280.2 min
Step 534000/1000000000 | t=2.14e+01 | T=7381.2 | a=1.000514 | H=2.41e-05 | 500.6 steps/s | 2.00 ms/step | ETA: 33277.6 min
Step 535000/1000000000 | t=2.14e+01 | T=7381.2 | a=1.000515 | H=2.41e-05 | 500.6 steps/s | 2.00 ms/step | ETA: 33277.5 min
Step 536000/1000000000 | t=2.14e+01 | T=7381.2 | a=1.000516 | H=2.41e-05 | 500.6 steps/s | 2.00 ms/step | ETA: 33278.7 min
Step 537000/1000000000 | t=2.15e+01 | T=7381.2 | a=1.000517 | H=2.41e-05 | 500.6 steps/s | 2.00 ms/step | ETA: 33276.7 min
Step 538000/1000000000 | t=2.15e+01 | T=7381.2 | a=1.000518 | H=2.41e-05 | 500.6 steps/s | 2.00 ms/step | ETA: 33274.3 min
Step 539000/1000000000 | t=2.16e+01 | T=7381.2 | a=1.000519 | H=2.41e-05 | 500.6 steps/s | 2.00 ms/step | ETA: 33275.6 min
Step 540000/1000000000 | t=2.16e+01 | T=7381.2 | a=1.000520 | H=2.41e-05 | 500.7 steps/s | 2.00 ms/step | ETA: 33271.3 min
Step 541000/1000000000 | t=2.16e+01 | T=7381.2 | a=1.000521 | H=2.41e-05 | 500.7 steps/s | 2.00 ms/step | ETA: 33269.9 min
Step 542000/1000000000 | t=2.17e+01 | T=7381.1 | a=1.000522 | H=2.41e-05 | 500.7 steps/s | 2.00 ms/step | ETA: 33268.4 min
Step 543000/1000000000 | t=2.17e+01 | T=7381.1 | a=1.000523 | H=2.41e-05 | 500.7 steps/s | 2.00 ms/step | ETA: 33267.5 min
Step 544000/1000000000 | t=2.18e+01 | T=7381.1 | a=1.000524 | H=2.41e-05 | 500.7 steps/s | 2.00 ms/step | ETA: 33267.1 min
Step 545000/1000000000 | t=2.18e+01 | T=7381.1 | a=1.000525 | H=2.41e-05 | 500.7 steps/s | 2.00 ms/step | ETA: 33268.5 min
Step 546000/1000000000 | t=2.18e+01 | T=7381.1 | a=1.000526 | H=2.41e-05 | 500.7 steps/s | 2.00 ms/step | ETA: 33268.2 min
Step 547000/1000000000 | t=2.19e+01 | T=7381.1 | a=1.000526 | H=2.41e-05 | 500.7 steps/s | 2.00 ms/step | ETA: 33270.1 min
Step 548000/1000000000 | t=2.19e+01 | T=7381.1 | a=1.000527 | H=2.41e-05 | 500.7 steps/s | 2.00 ms/step | ETA: 33270.3 min
Step 549000/1000000000 | t=2.20e+01 | T=7381.1 | a=1.000528 | H=2.41e-05 | 500.7 steps/s | 2.00 ms/step | ETA: 33267.4 min
Step 550000/1000000000 | t=2.20e+01 | T=7381.1 | a=1.000529 | H=2.41e-05 | 500.7 steps/s | 2.00 ms/step | ETA: 33269.7 min
Step 551000/1000000000 | t=2.20e+01 | T=7381.1 | a=1.000530 | H=2.41e-05 | 500.7 steps/s | 2.00 ms/step | ETA: 33268.8 min
Step 552000/1000000000 | t=2.21e+01 | T=7381.1 | a=1.000531 | H=2.41e-05 | 500.7 steps/s | 2.00 ms/step | ETA: 33266.6 min
Step 553000/1000000000 | t=2.21e+01 | T=7381.1 | a=1.000532 | H=2.41e-05 | 500.3 steps/s | 2.00 ms/step | ETA: 33295.4 min
Step 554000/1000000000 | t=2.22e+01 | T=7381.1 | a=1.000533 | H=2.41e-05 | 500.3 steps/s | 2.00 ms/step | ETA: 33294.3 min
Step 555000/1000000000 | t=2.22e+01 | T=7381.1 | a=1.000534 | H=2.41e-05 | 500.3 steps/s | 2.00 ms/step | ETA: 33294.1 min
Step 556000/1000000000 | t=2.22e+01 | T=7381.0 | a=1.000535 | H=2.41e-05 | 500.3 steps/s | 2.00 ms/step | ETA: 33294.3 min
Step 557000/1000000000 | t=2.23e+01 | T=7381.0 | a=1.000536 | H=2.41e-05 | 500.3 steps/s | 2.00 ms/step | ETA: 33295.4 min
Step 558000/1000000000 | t=2.23e+01 | T=7381.0 | a=1.000537 | H=2.41e-05 | 500.3 steps/s | 2.00 ms/step | ETA: 33298.0 min
Step 559000/1000000000 | t=2.24e+01 | T=7381.0 | a=1.000538 | H=2.41e-05 | 500.3 steps/s | 2.00 ms/step | ETA: 33294.2 min
Step 560000/1000000000 | t=2.24e+01 | T=7381.0 | a=1.000539 | H=2.41e-05 | 500.3 steps/s | 2.00 ms/step | ETA: 33291.9 min
Step 561000/1000000000 | t=2.24e+01 | T=7381.0 | a=1.000540 | H=2.41e-05 | 500.4 steps/s | 2.00 ms/step | ETA: 33289.3 min
Step 562000/1000000000 | t=2.25e+01 | T=7381.0 | a=1.000541 | H=2.41e-05 | 500.4 steps/s | 2.00 ms/step | ETA: 33286.0 min
Step 563000/1000000000 | t=2.25e+01 | T=7381.0 | a=1.000542 | H=2.41e-05 | 500.4 steps/s | 2.00 ms/step | ETA: 33291.1 min
Step 564000/1000000000 | t=2.26e+01 | T=7381.0 | a=1.000543 | H=2.41e-05 | 500.3 steps/s | 2.00 ms/step | ETA: 33291.5 min
Step 565000/1000000000 | t=2.26e+01 | T=7381.0 | a=1.000544 | H=2.41e-05 | 500.4 steps/s | 2.00 ms/step | ETA: 33290.3 min
Step 566000/1000000000 | t=2.26e+01 | T=7381.0 | a=1.000545 | H=2.41e-05 | 500.4 steps/s | 2.00 ms/step | ETA: 33288.0 min
Step 567000/1000000000 | t=2.27e+01 | T=7381.0 | a=1.000546 | H=2.41e-05 | 500.5 steps/s | 2.00 ms/step | ETA: 33283.6 min
Step 568000/1000000000 | t=2.27e+01 | T=7381.0 | a=1.000547 | H=2.41e-05 | 500.5 steps/s | 2.00 ms/step | ETA: 33283.7 min
Step 569000/1000000000 | t=2.28e+01 | T=7381.0 | a=1.000548 | H=2.41e-05 | 500.4 steps/s | 2.00 ms/step | ETA: 33286.0 min
Step 570000/1000000000 | t=2.28e+01 | T=7381.0 | a=1.000549 | H=2.41e-05 | 500.4 steps/s | 2.00 ms/step | ETA: 33289.6 min
Step 571000/1000000000 | t=2.28e+01 | T=7380.9 | a=1.000550 | H=2.41e-05 | 500.4 steps/s | 2.00 ms/step | ETA: 33290.6 min
Step 572000/1000000000 | t=2.29e+01 | T=7380.9 | a=1.000551 | H=2.41e-05 | 500.4 steps/s | 2.00 ms/step | ETA: 33290.7 min
Step 573000/1000000000 | t=2.29e+01 | T=7380.9 | a=1.000552 | H=2.41e-05 | 500.4 steps/s | 2.00 ms/step | ETA: 33290.9 min
Step 574000/1000000000 | t=2.30e+01 | T=7380.9 | a=1.000552 | H=2.41e-05 | 500.3 steps/s | 2.00 ms/step | ETA: 33295.3 min
Step 575000/1000000000 | t=2.30e+01 | T=7380.9 | a=1.000553 | H=2.41e-05 | 500.3 steps/s | 2.00 ms/step | ETA: 33294.7 min
Step 576000/1000000000 | t=2.30e+01 | T=7380.9 | a=1.000554 | H=2.41e-05 | 500.3 steps/s | 2.00 ms/step | ETA: 33291.9 min
Step 577000/1000000000 | t=2.31e+01 | T=7380.9 | a=1.000555 | H=2.41e-05 | 500.3 steps/s | 2.00 ms/step | ETA: 33292.7 min
Step 578000/1000000000 | t=2.31e+01 | T=7380.9 | a=1.000556 | H=2.41e-05 | 500.2 steps/s | 2.00 ms/step | ETA: 33299.9 min
Step 579000/1000000000 | t=2.32e+01 | T=7380.9 | a=1.000557 | H=2.41e-05 | 500.2 steps/s | 2.00 ms/step | ETA: 33300.0 min
Step 580000/1000000000 | t=2.32e+01 | T=7380.9 | a=1.000558 | H=2.41e-05 | 500.1 steps/s | 2.00 ms/step | ETA: 33306.5 min
Step 581000/1000000000 | t=2.32e+01 | T=7380.9 | a=1.000559 | H=2.41e-05 | 500.0 steps/s | 2.00 ms/step | ETA: 33313.2 min
Step 582000/1000000000 | t=2.33e+01 | T=7380.9 | a=1.000560 | H=2.41e-05 | 500.0 steps/s | 2.00 ms/step | ETA: 33312.2 min
Step 583000/1000000000 | t=2.33e+01 | T=7380.9 | a=1.000561 | H=2.41e-05 | 500.0 steps/s | 2.00 ms/step | ETA: 33311.6 min
Step 584000/1000000000 | t=2.34e+01 | T=7380.9 | a=1.000562 | H=2.41e-05 | 500.1 steps/s | 2.00 ms/step | ETA: 33309.7 min
Step 585000/1000000000 | t=2.34e+01 | T=7380.8 | a=1.000563 | H=2.41e-05 | 500.1 steps/s | 2.00 ms/step | ETA: 33308.8 min
Step 586000/1000000000 | t=2.34e+01 | T=7380.8 | a=1.000564 | H=2.41e-05 | 500.1 steps/s | 2.00 ms/step | ETA: 33306.4 min
Step 587000/1000000000 | t=2.35e+01 | T=7380.8 | a=1.000565 | H=2.41e-05 | 500.1 steps/s | 2.00 ms/step | ETA: 33305.6 min
Step 588000/1000000000 | t=2.35e+01 | T=7380.8 | a=1.000566 | H=2.41e-05 | 500.1 steps/s | 2.00 ms/step | ETA: 33307.7 min
Step 589000/1000000000 | t=2.36e+01 | T=7380.8 | a=1.000567 | H=2.41e-05 | 500.1 steps/s | 2.00 ms/step | ETA: 33307.1 min
Step 590000/1000000000 | t=2.36e+01 | T=7380.8 | a=1.000568 | H=2.41e-05 | 500.1 steps/s | 2.00 ms/step | ETA: 33306.7 min
Step 591000/1000000000 | t=2.36e+01 | T=7380.8 | a=1.000569 | H=2.41e-05 | 500.0 steps/s | 2.00 ms/step | ETA: 33312.5 min
Step 592000/1000000000 | t=2.37e+01 | T=7380.8 | a=1.000570 | H=2.41e-05 | 500.0 steps/s | 2.00 ms/step | ETA: 33311.8 min
Step 593000/1000000000 | t=2.37e+01 | T=7380.8 | a=1.000571 | H=2.41e-05 | 500.0 steps/s | 2.00 ms/step | ETA: 33310.8 min
Step 594000/1000000000 | t=2.38e+01 | T=7380.8 | a=1.000572 | H=2.41e-05 | 500.0 steps/s | 2.00 ms/step | ETA: 33310.9 min
Step 595000/1000000000 | t=2.38e+01 | T=7380.8 | a=1.000573 | H=2.41e-05 | 500.0 steps/s | 2.00 ms/step | ETA: 33313.8 min
Step 596000/1000000000 | t=2.38e+01 | T=7380.8 | a=1.000574 | H=2.41e-05 | 500.0 steps/s | 2.00 ms/step | ETA: 33311.3 min
Step 597000/1000000000 | t=2.39e+01 | T=7380.8 | a=1.000575 | H=2.41e-05 | 499.5 steps/s | 2.00 ms/step | ETA: 33344.7 min
Step 598000/1000000000 | t=2.39e+01 | T=7380.8 | a=1.000576 | H=2.41e-05 | 499.6 steps/s | 2.00 ms/step | ETA: 33343.2 min
Step 599000/1000000000 | t=2.40e+01 | T=7380.7 | a=1.000577 | H=2.41e-05 | 499.5 steps/s | 2.00 ms/step | ETA: 33349.6 min
Step 600000/1000000000 | t=2.40e+01 | T=7380.7 | a=1.000578 | H=2.41e-05 | 499.5 steps/s | 2.00 ms/step | ETA: 33348.0 min
Step 601000/1000000000 | t=2.40e+01 | T=7380.7 | a=1.000578 | H=2.41e-05 | 499.5 steps/s | 2.00 ms/step | ETA: 33348.4 min
Step 602000/1000000000 | t=2.41e+01 | T=7380.7 | a=1.000579 | H=2.41e-05 | 499.4 steps/s | 2.00 ms/step | ETA: 33350.2 min
Step 603000/1000000000 | t=2.41e+01 | T=7380.7 | a=1.000580 | H=2.41e-05 | 499.5 steps/s | 2.00 ms/step | ETA: 33349.4 min
Step 604000/1000000000 | t=2.42e+01 | T=7380.7 | a=1.000581 | H=2.41e-05 | 499.5 steps/s | 2.00 ms/step | ETA: 33348.0 min
Step 605000/1000000000 | t=2.42e+01 | T=7380.7 | a=1.000582 | H=2.41e-05 | 499.5 steps/s | 2.00 ms/step | ETA: 33346.4 min
Step 606000/1000000000 | t=2.42e+01 | T=7380.7 | a=1.000583 | H=2.41e-05 | 499.5 steps/s | 2.00 ms/step | ETA: 33343.3 min
Step 607000/1000000000 | t=2.43e+01 | T=7380.7 | a=1.000584 | H=2.41e-05 | 499.6 steps/s | 2.00 ms/step | ETA: 33340.2 min
Step 608000/1000000000 | t=2.43e+01 | T=7380.7 | a=1.000585 | H=2.41e-05 | 499.6 steps/s | 2.00 ms/step | ETA: 33338.3 min
Step 609000/1000000000 | t=2.44e+01 | T=7380.7 | a=1.000586 | H=2.41e-05 | 499.6 steps/s | 2.00 ms/step | ETA: 33336.5 min
Step 610000/1000000000 | t=2.44e+01 | T=7380.7 | a=1.000587 | H=2.41e-05 | 499.6 steps/s | 2.00 ms/step | ETA: 33338.1 min
Step 611000/1000000000 | t=2.44e+01 | T=7380.7 | a=1.000588 | H=2.41e-05 | 499.6 steps/s | 2.00 ms/step | ETA: 33341.1 min
Step 612000/1000000000 | t=2.45e+01 | T=7380.7 | a=1.000589 | H=2.41e-05 | 499.6 steps/s | 2.00 ms/step | ETA: 33340.8 min
Step 613000/1000000000 | t=2.45e+01 | T=7380.6 | a=1.000590 | H=2.41e-05 | 499.5 steps/s | 2.00 ms/step | ETA: 33345.3 min
Step 614000/1000000000 | t=2.46e+01 | T=7380.6 | a=1.000591 | H=2.41e-05 | 499.5 steps/s | 2.00 ms/step | ETA: 33348.8 min
Step 615000/1000000000 | t=2.46e+01 | T=7380.6 | a=1.000592 | H=2.41e-05 | 499.4 steps/s | 2.00 ms/step | ETA: 33350.2 min
Step 616000/1000000000 | t=2.46e+01 | T=7380.6 | a=1.000593 | H=2.41e-05 | 499.5 steps/s | 2.00 ms/step | ETA: 33349.3 min
Step 617000/1000000000 | t=2.47e+01 | T=7380.6 | a=1.000594 | H=2.41e-05 | 499.3 steps/s | 2.00 ms/step | ETA: 33361.0 min
Step 618000/1000000000 | t=2.47e+01 | T=7380.6 | a=1.000595 | H=2.41e-05 | 499.3 steps/s | 2.00 ms/step | ETA: 33361.1 min
Step 619000/1000000000 | t=2.48e+01 | T=7380.6 | a=1.000596 | H=2.41e-05 | 499.2 steps/s | 2.00 ms/step | ETA: 33362.9 min
Step 620000/1000000000 | t=2.48e+01 | T=7380.6 | a=1.000597 | H=2.41e-05 | 499.3 steps/s | 2.00 ms/step | ETA: 33360.3 min
Step 621000/1000000000 | t=2.48e+01 | T=7380.6 | a=1.000598 | H=2.41e-05 | 499.3 steps/s | 2.00 ms/step | ETA: 33360.5 min
Step 622000/1000000000 | t=2.49e+01 | T=7380.6 | a=1.000599 | H=2.41e-05 | 499.3 steps/s | 2.00 ms/step | ETA: 33358.3 min
Step 623000/1000000000 | t=2.49e+01 | T=7380.6 | a=1.000600 | H=2.41e-05 | 499.4 steps/s | 2.00 ms/step | ETA: 33355.8 min
Step 624000/1000000000 | t=2.50e+01 | T=7380.6 | a=1.000601 | H=2.41e-05 | 499.3 steps/s | 2.00 ms/step | ETA: 33359.8 min
Step 625000/1000000000 | t=2.50e+01 | T=7380.6 | a=1.000602 | H=2.41e-05 | 499.2 steps/s | 2.00 ms/step | ETA: 33364.7 min
Step 626000/1000000000 | t=2.50e+01 | T=7380.6 | a=1.000603 | H=2.41e-05 | 499.2 steps/s | 2.00 ms/step | ETA: 33365.7 min
Step 627000/1000000000 | t=2.51e+01 | T=7380.5 | a=1.000604 | H=2.41e-05 | 499.2 steps/s | 2.00 ms/step | ETA: 33365.1 min
Step 628000/1000000000 | t=2.51e+01 | T=7380.5 | a=1.000604 | H=2.41e-05 | 499.2 steps/s | 2.00 ms/step | ETA: 33364.7 min
Step 629000/1000000000 | t=2.52e+01 | T=7380.5 | a=1.000605 | H=2.41e-05 | 499.2 steps/s | 2.00 ms/step | ETA: 33363.0 min
Step 630000/1000000000 | t=2.52e+01 | T=7380.5 | a=1.000606 | H=2.41e-05 | 499.2 steps/s | 2.00 ms/step | ETA: 33362.5 min
Step 631000/1000000000 | t=2.52e+01 | T=7380.5 | a=1.000607 | H=2.41e-05 | 499.2 steps/s | 2.00 ms/step | ETA: 33364.2 min
Step 632000/1000000000 | t=2.53e+01 | T=7380.5 | a=1.000608 | H=2.41e-05 | 499.2 steps/s | 2.00 ms/step | ETA: 33364.0 min
Step 633000/1000000000 | t=2.53e+01 | T=7380.5 | a=1.000609 | H=2.41e-05 | 499.2 steps/s | 2.00 ms/step | ETA: 33362.5 min
Step 634000/1000000000 | t=2.54e+01 | T=7380.5 | a=1.000610 | H=2.41e-05 | 499.2 steps/s | 2.00 ms/step | ETA: 33363.7 min
Step 635000/1000000000 | t=2.54e+01 | T=7380.5 | a=1.000611 | H=2.41e-05 | 499.3 steps/s | 2.00 ms/step | ETA: 33360.6 min
Step 636000/1000000000 | t=2.54e+01 | T=7380.5 | a=1.000612 | H=2.41e-05 | 499.2 steps/s | 2.00 ms/step | ETA: 33364.1 min
Step 637000/1000000000 | t=2.55e+01 | T=7380.5 | a=1.000613 | H=2.41e-05 | 499.3 steps/s | 2.00 ms/step | ETA: 33362.0 min
Step 638000/1000000000 | t=2.55e+01 | T=7380.5 | a=1.000614 | H=2.41e-05 | 499.1 steps/s | 2.00 ms/step | ETA: 33369.2 min
Step 639000/1000000000 | t=2.56e+01 | T=7380.5 | a=1.000615 | H=2.41e-05 | 499.1 steps/s | 2.00 ms/step | ETA: 33374.9 min
Step 640000/1000000000 | t=2.56e+01 | T=7380.5 | a=1.000616 | H=2.41e-05 | 499.0 steps/s | 2.00 ms/step | ETA: 33379.9 min
Step 641000/1000000000 | t=2.56e+01 | T=7380.4 | a=1.000617 | H=2.41e-05 | 499.0 steps/s | 2.00 ms/step | ETA: 33379.1 min
Step 642000/1000000000 | t=2.57e+01 | T=7380.4 | a=1.000618 | H=2.41e-05 | 498.9 steps/s | 2.00 ms/step | ETA: 33384.7 min
Step 643000/1000000000 | t=2.57e+01 | T=7380.4 | a=1.000619 | H=2.41e-05 | 498.8 steps/s | 2.00 ms/step | ETA: 33390.4 min
Step 644000/1000000000 | t=2.58e+01 | T=7380.4 | a=1.000620 | H=2.41e-05 | 498.8 steps/s | 2.00 ms/step | ETA: 33393.0 min
Step 645000/1000000000 | t=2.58e+01 | T=7380.4 | a=1.000621 | H=2.41e-05 | 498.7 steps/s | 2.01 ms/step | ETA: 33397.0 min
Step 646000/1000000000 | t=2.58e+01 | T=7380.4 | a=1.000622 | H=2.41e-05 | 498.8 steps/s | 2.00 ms/step | ETA: 33394.7 min
Step 647000/1000000000 | t=2.59e+01 | T=7380.4 | a=1.000623 | H=2.41e-05 | 498.7 steps/s | 2.01 ms/step | ETA: 33397.2 min
Step 648000/1000000000 | t=2.59e+01 | T=7380.4 | a=1.000624 | H=2.41e-05 | 498.7 steps/s | 2.01 ms/step | ETA: 33397.2 min
Step 649000/1000000000 | t=2.60e+01 | T=7380.4 | a=1.000625 | H=2.41e-05 | 498.8 steps/s | 2.00 ms/step | ETA: 33395.0 min
Step 650000/1000000000 | t=2.60e+01 | T=7380.4 | a=1.000626 | H=2.41e-05 | 498.7 steps/s | 2.01 ms/step | ETA: 33398.8 min
Step 651000/1000000000 | t=2.60e+01 | T=7380.4 | a=1.000627 | H=2.41e-05 | 498.7 steps/s | 2.01 ms/step | ETA: 33397.5 min
Step 652000/1000000000 | t=2.61e+01 | T=7380.4 | a=1.000628 | H=2.41e-05 | 498.6 steps/s | 2.01 ms/step | ETA: 33405.0 min
Step 653000/1000000000 | t=2.61e+01 | T=7380.4 | a=1.000629 | H=2.41e-05 | 498.6 steps/s | 2.01 ms/step | ETA: 33404.9 min
Step 654000/1000000000 | t=2.62e+01 | T=7380.4 | a=1.000630 | H=2.41e-05 | 498.5 steps/s | 2.01 ms/step | ETA: 33411.6 min
Step 655000/1000000000 | t=2.62e+01 | T=7380.3 | a=1.000630 | H=2.41e-05 | 498.5 steps/s | 2.01 ms/step | ETA: 33413.5 min
Step 656000/1000000000 | t=2.62e+01 | T=7380.3 | a=1.000631 | H=2.41e-05 | 498.5 steps/s | 2.01 ms/step | ETA: 33413.6 min
Step 657000/1000000000 | t=2.63e+01 | T=7380.3 | a=1.000632 | H=2.41e-05 | 498.4 steps/s | 2.01 ms/step | ETA: 33421.2 min
Step 658000/1000000000 | t=2.63e+01 | T=7380.3 | a=1.000633 | H=2.41e-05 | 498.3 steps/s | 2.01 ms/step | ETA: 33425.8 min
Step 659000/1000000000 | t=2.64e+01 | T=7380.3 | a=1.000634 | H=2.41e-05 | 498.3 steps/s | 2.01 ms/step | ETA: 33426.1 min
Step 660000/1000000000 | t=2.64e+01 | T=7380.3 | a=1.000635 | H=2.41e-05 | 498.2 steps/s | 2.01 ms/step | ETA: 33428.7 min
Step 661000/1000000000 | t=2.64e+01 | T=7380.3 | a=1.000636 | H=2.41e-05 | 498.2 steps/s | 2.01 ms/step | ETA: 33432.4 min
Step 662000/1000000000 | t=2.65e+01 | T=7380.3 | a=1.000637 | H=2.41e-05 | 498.0 steps/s | 2.01 ms/step | ETA: 33446.2 min
Step 663000/1000000000 | t=2.65e+01 | T=7380.3 | a=1.000638 | H=2.41e-05 | 497.9 steps/s | 2.01 ms/step | ETA: 33448.7 min
Step 664000/1000000000 | t=2.66e+01 | T=7380.3 | a=1.000639 | H=2.41e-05 | 497.9 steps/s | 2.01 ms/step | ETA: 33450.1 min
Step 665000/1000000000 | t=2.66e+01 | T=7380.3 | a=1.000640 | H=2.41e-05 | 497.8 steps/s | 2.01 ms/step | ETA: 33457.1 min
Step 666000/1000000000 | t=2.66e+01 | T=7380.3 | a=1.000641 | H=2.41e-05 | 497.8 steps/s | 2.01 ms/step | ETA: 33460.9 min
Step 667000/1000000000 | t=2.67e+01 | T=7380.3 | a=1.000642 | H=2.41e-05 | 497.7 steps/s | 2.01 ms/step | ETA: 33465.3 min
Step 668000/1000000000 | t=2.67e+01 | T=7380.3 | a=1.000643 | H=2.41e-05 | 497.6 steps/s | 2.01 ms/step | ETA: 33469.6 min
Step 669000/1000000000 | t=2.68e+01 | T=7380.2 | a=1.000644 | H=2.41e-05 | 497.2 steps/s | 2.01 ms/step | ETA: 33498.0 min
Step 670000/1000000000 | t=2.68e+01 | T=7380.2 | a=1.000645 | H=2.41e-05 | 497.1 steps/s | 2.01 ms/step | ETA: 33502.4 min
Step 671000/1000000000 | t=2.68e+01 | T=7380.2 | a=1.000646 | H=2.41e-05 | 497.1 steps/s | 2.01 ms/step | ETA: 33506.2 min
Step 672000/1000000000 | t=2.69e+01 | T=7380.2 | a=1.000647 | H=2.41e-05 | 497.1 steps/s | 2.01 ms/step | ETA: 33506.2 min
Step 673000/1000000000 | t=2.69e+01 | T=7380.2 | a=1.000648 | H=2.41e-05 | 497.0 steps/s | 2.01 ms/step | ETA: 33510.2 min
Step 674000/1000000000 | t=2.70e+01 | T=7380.2 | a=1.000649 | H=2.41e-05 | 497.0 steps/s | 2.01 ms/step | ETA: 33510.2 min
Step 675000/1000000000 | t=2.70e+01 | T=7380.2 | a=1.000650 | H=2.41e-05 | 497.0 steps/s | 2.01 ms/step | ETA: 33511.0 min
Step 676000/1000000000 | t=2.70e+01 | T=7380.2 | a=1.000651 | H=2.41e-05 | 497.0 steps/s | 2.01 ms/step | ETA: 33511.0 min
Step 677000/1000000000 | t=2.71e+01 | T=7380.2 | a=1.000652 | H=2.41e-05 | 496.9 steps/s | 2.01 ms/step | ETA: 33515.6 min
Step 678000/1000000000 | t=2.71e+01 | T=7380.2 | a=1.000653 | H=2.41e-05 | 496.9 steps/s | 2.01 ms/step | ETA: 33516.1 min
Step 679000/1000000000 | t=2.72e+01 | T=7380.2 | a=1.000654 | H=2.41e-05 | 496.9 steps/s | 2.01 ms/step | ETA: 33516.7 min
Step 680000/1000000000 | t=2.72e+01 | T=7380.2 | a=1.000655 | H=2.41e-05 | 497.0 steps/s | 2.01 ms/step | ETA: 33514.9 min
Step 681000/1000000000 | t=2.72e+01 | T=7380.2 | a=1.000656 | H=2.41e-05 | 497.0 steps/s | 2.01 ms/step | ETA: 33514.1 min
Step 682000/1000000000 | t=2.73e+01 | T=7380.2 | a=1.000656 | H=2.41e-05 | 496.8 steps/s | 2.01 ms/step | ETA: 33525.0 min
Step 683000/1000000000 | t=2.73e+01 | T=7380.1 | a=1.000657 | H=2.41e-05 | 496.8 steps/s | 2.01 ms/step | ETA: 33525.1 min
Step 684000/1000000000 | t=2.74e+01 | T=7380.1 | a=1.000658 | H=2.41e-05 | 496.8 steps/s | 2.01 ms/step | ETA: 33524.8 min
Step 685000/1000000000 | t=2.74e+01 | T=7380.1 | a=1.000659 | H=2.41e-05 | 496.8 steps/s | 2.01 ms/step | ETA: 33522.9 min
Step 686000/1000000000 | t=2.74e+01 | T=7380.1 | a=1.000660 | H=2.41e-05 | 496.9 steps/s | 2.01 ms/step | ETA: 33520.4 min
Step 687000/1000000000 | t=2.75e+01 | T=7380.1 | a=1.000661 | H=2.41e-05 | 496.9 steps/s | 2.01 ms/step | ETA: 33517.3 min
Step 688000/1000000000 | t=2.75e+01 | T=7380.1 | a=1.000662 | H=2.41e-05 | 496.9 steps/s | 2.01 ms/step | ETA: 33517.0 min
Step 689000/1000000000 | t=2.76e+01 | T=7380.1 | a=1.000663 | H=2.41e-05 | 496.9 steps/s | 2.01 ms/step | ETA: 33517.9 min
Step 690000/1000000000 | t=2.76e+01 | T=7380.1 | a=1.000664 | H=2.41e-05 | 496.9 steps/s | 2.01 ms/step | ETA: 33520.3 min
Step 691000/1000000000 | t=2.76e+01 | T=7380.1 | a=1.000665 | H=2.41e-05 | 496.9 steps/s | 2.01 ms/step | ETA: 33518.7 min
Step 692000/1000000000 | t=2.77e+01 | T=7380.1 | a=1.000666 | H=2.41e-05 | 496.9 steps/s | 2.01 ms/step | ETA: 33520.5 min
Step 693000/1000000000 | t=2.77e+01 | T=7380.1 | a=1.000667 | H=2.41e-05 | 496.8 steps/s | 2.01 ms/step | ETA: 33521.7 min
Step 694000/1000000000 | t=2.78e+01 | T=7380.1 | a=1.000668 | H=2.41e-05 | 496.9 steps/s | 2.01 ms/step | ETA: 33518.7 min
Step 695000/1000000000 | t=2.78e+01 | T=7380.1 | a=1.000669 | H=2.41e-05 | 496.9 steps/s | 2.01 ms/step | ETA: 33520.9 min
Step 696000/1000000000 | t=2.78e+01 | T=7380.1 | a=1.000670 | H=2.41e-05 | 496.8 steps/s | 2.01 ms/step | ETA: 33524.4 min
Step 697000/1000000000 | t=2.79e+01 | T=7380.0 | a=1.000671 | H=2.41e-05 | 496.8 steps/s | 2.01 ms/step | ETA: 33524.5 min
Step 698000/1000000000 | t=2.79e+01 | T=7380.0 | a=1.000672 | H=2.41e-05 | 496.8 steps/s | 2.01 ms/step | ETA: 33524.8 min
Step 699000/1000000000 | t=2.80e+01 | T=7380.0 | a=1.000673 | H=2.41e-05 | 496.8 steps/s | 2.01 ms/step | ETA: 33523.4 min
Step 700000/1000000000 | t=2.80e+01 | T=7380.0 | a=1.000674 | H=2.41e-05 | 496.9 steps/s | 2.01 ms/step | ETA: 33521.1 min
Step 701000/1000000000 | t=2.80e+01 | T=7380.0 | a=1.000675 | H=2.41e-05 | 496.9 steps/s | 2.01 ms/step | ETA: 33519.5 min
Step 702000/1000000000 | t=2.81e+01 | T=7380.0 | a=1.000676 | H=2.41e-05 | 496.8 steps/s | 2.01 ms/step | ETA: 33524.4 min
Step 703000/1000000000 | t=2.81e+01 | T=7380.0 | a=1.000677 | H=2.41e-05 | 496.8 steps/s | 2.01 ms/step | ETA: 33526.9 min
Step 704000/1000000000 | t=2.82e+01 | T=7380.0 | a=1.000678 | H=2.41e-05 | 496.8 steps/s | 2.01 ms/step | ETA: 33526.4 min
Step 705000/1000000000 | t=2.82e+01 | T=7380.0 | a=1.000679 | H=2.41e-05 | 496.7 steps/s | 2.01 ms/step | ETA: 33530.7 min
Step 706000/1000000000 | t=2.82e+01 | T=7380.0 | a=1.000680 | H=2.41e-05 | 496.7 steps/s | 2.01 ms/step | ETA: 33530.3 min
Step 707000/1000000000 | t=2.83e+01 | T=7380.0 | a=1.000681 | H=2.41e-05 | 496.7 steps/s | 2.01 ms/step | ETA: 33529.3 min
Step 708000/1000000000 | t=2.83e+01 | T=7380.0 | a=1.000682 | H=2.41e-05 | 496.7 steps/s | 2.01 ms/step | ETA: 33529.8 min
Step 709000/1000000000 | t=2.84e+01 | T=7380.0 | a=1.000682 | H=2.41e-05 | 496.7 steps/s | 2.01 ms/step | ETA: 33528.6 min
Step 710000/1000000000 | t=2.84e+01 | T=7380.0 | a=1.000683 | H=2.41e-05 | 496.7 steps/s | 2.01 ms/step | ETA: 33530.5 min
Step 711000/1000000000 | t=2.84e+01 | T=7379.9 | a=1.000684 | H=2.41e-05 | 496.7 steps/s | 2.01 ms/step | ETA: 33528.9 min
Step 712000/1000000000 | t=2.85e+01 | T=7379.9 | a=1.000685 | H=2.41e-05 | 496.7 steps/s | 2.01 ms/step | ETA: 33529.2 min
Step 713000/1000000000 | t=2.85e+01 | T=7379.9 | a=1.000686 | H=2.41e-05 | 496.8 steps/s | 2.01 ms/step | ETA: 33527.1 min
Step 714000/1000000000 | t=2.86e+01 | T=7379.9 | a=1.000687 | H=2.41e-05 | 496.8 steps/s | 2.01 ms/step | ETA: 33527.1 min
Step 715000/1000000000 | t=2.86e+01 | T=7379.9 | a=1.000688 | H=2.41e-05 | 496.7 steps/s | 2.01 ms/step | ETA: 33529.4 min
Step 716000/1000000000 | t=2.86e+01 | T=7379.9 | a=1.000689 | H=2.41e-05 | 496.7 steps/s | 2.01 ms/step | ETA: 33528.9 min
Step 717000/1000000000 | t=2.87e+01 | T=7379.9 | a=1.000690 | H=2.41e-05 | 496.7 steps/s | 2.01 ms/step | ETA: 33528.0 min
Step 718000/1000000000 | t=2.87e+01 | T=7379.9 | a=1.000691 | H=2.41e-05 | 496.8 steps/s | 2.01 ms/step | ETA: 33526.4 min
Step 719000/1000000000 | t=2.88e+01 | T=7379.9 | a=1.000692 | H=2.41e-05 | 496.8 steps/s | 2.01 ms/step | ETA: 33525.6 min
Step 720000/1000000000 | t=2.88e+01 | T=7379.9 | a=1.000693 | H=2.41e-05 | 496.7 steps/s | 2.01 ms/step | ETA: 33528.0 min
Step 721000/1000000000 | t=2.88e+01 | T=7379.9 | a=1.000694 | H=2.41e-05 | 496.7 steps/s | 2.01 ms/step | ETA: 33528.9 min
Step 722000/1000000000 | t=2.89e+01 | T=7379.9 | a=1.000695 | H=2.41e-05 | 496.7 steps/s | 2.01 ms/step | ETA: 33532.2 min
Step 723000/1000000000 | t=2.89e+01 | T=7379.9 | a=1.000696 | H=2.41e-05 | 496.7 steps/s | 2.01 ms/step | ETA: 33531.1 min
Step 724000/1000000000 | t=2.90e+01 | T=7379.9 | a=1.000697 | H=2.41e-05 | 496.7 steps/s | 2.01 ms/step | ETA: 33530.9 min
Step 725000/1000000000 | t=2.90e+01 | T=7379.8 | a=1.000698 | H=2.41e-05 | 496.7 steps/s | 2.01 ms/step | ETA: 33527.2 min
Step 726000/1000000000 | t=2.90e+01 | T=7379.8 | a=1.000699 | H=2.41e-05 | 496.7 steps/s | 2.01 ms/step | ETA: 33531.7 min
Step 727000/1000000000 | t=2.91e+01 | T=7379.8 | a=1.000700 | H=2.41e-05 | 496.7 steps/s | 2.01 ms/step | ETA: 33533.3 min
Step 728000/1000000000 | t=2.91e+01 | T=7379.8 | a=1.000701 | H=2.41e-05 | 496.6 steps/s | 2.01 ms/step | ETA: 33535.7 min
Step 729000/1000000000 | t=2.92e+01 | T=7379.8 | a=1.000702 | H=2.41e-05 | 496.6 steps/s | 2.01 ms/step | ETA: 33538.6 min
Step 730000/1000000000 | t=2.92e+01 | T=7379.8 | a=1.000703 | H=2.41e-05 | 496.6 steps/s | 2.01 ms/step | ETA: 33537.9 min
Step 731000/1000000000 | t=2.92e+01 | T=7379.8 | a=1.000704 | H=2.41e-05 | 496.6 steps/s | 2.01 ms/step | ETA: 33537.8 min
Step 732000/1000000000 | t=2.93e+01 | T=7379.8 | a=1.000705 | H=2.41e-05 | 496.6 steps/s | 2.01 ms/step | ETA: 33537.6 min
Step 733000/1000000000 | t=2.93e+01 | T=7379.8 | a=1.000706 | H=2.41e-05 | 496.5 steps/s | 2.01 ms/step | ETA: 33540.4 min
Step 734000/1000000000 | t=2.94e+01 | T=7379.8 | a=1.000707 | H=2.41e-05 | 496.5 steps/s | 2.01 ms/step | ETA: 33540.5 min
Step 735000/1000000000 | t=2.94e+01 | T=7379.8 | a=1.000708 | H=2.41e-05 | 496.6 steps/s | 2.01 ms/step | ETA: 33540.2 min
Step 736000/1000000000 | t=2.94e+01 | T=7379.8 | a=1.000708 | H=2.41e-05 | 496.5 steps/s | 2.01 ms/step | ETA: 33542.2 min
Step 737000/1000000000 | t=2.95e+01 | T=7379.8 | a=1.000709 | H=2.41e-05 | 496.5 steps/s | 2.01 ms/step | ETA: 33545.5 min
Step 738000/1000000000 | t=2.95e+01 | T=7379.8 | a=1.000710 | H=2.41e-05 | 496.4 steps/s | 2.01 ms/step | ETA: 33547.7 min
Step 739000/1000000000 | t=2.96e+01 | T=7379.8 | a=1.000711 | H=2.41e-05 | 496.4 steps/s | 2.01 ms/step | ETA: 33547.2 min
Step 740000/1000000000 | t=2.96e+01 | T=7379.7 | a=1.000712 | H=2.41e-05 | 496.4 steps/s | 2.01 ms/step | ETA: 33549.9 min
Step 741000/1000000000 | t=2.96e+01 | T=7379.7 | a=1.000713 | H=2.41e-05 | 496.4 steps/s | 2.01 ms/step | ETA: 33549.3 min
Step 742000/1000000000 | t=2.97e+01 | T=7379.7 | a=1.000714 | H=2.41e-05 | 496.3 steps/s | 2.02 ms/step | ETA: 33558.4 min
Step 743000/1000000000 | t=2.97e+01 | T=7379.7 | a=1.000715 | H=2.41e-05 | 496.3 steps/s | 2.02 ms/step | ETA: 33559.2 min
Step 744000/1000000000 | t=2.98e+01 | T=7379.7 | a=1.000716 | H=2.41e-05 | 496.3 steps/s | 2.02 ms/step | ETA: 33559.3 min
Step 745000/1000000000 | t=2.98e+01 | T=7379.7 | a=1.000717 | H=2.41e-05 | 482.1 steps/s | 2.07 ms/step | ETA: 34547.3 min
Step 746000/1000000000 | t=2.98e+01 | T=7379.7 | a=1.000718 | H=2.41e-05 | 481.9 steps/s | 2.08 ms/step | ETA: 34558.6 min
Step 747000/1000000000 | t=2.99e+01 | T=7379.7 | a=1.000719 | H=2.41e-05 | 481.9 steps/s | 2.08 ms/step | ETA: 34558.9 min
Step 748000/1000000000 | t=2.99e+01 | T=7379.7 | a=1.000720 | H=2.41e-05 | 481.9 steps/s | 2.08 ms/step | ETA: 34557.7 min
Step 749000/1000000000 | t=3.00e+01 | T=7379.7 | a=1.000721 | H=2.41e-05 | 481.6 steps/s | 2.08 ms/step | ETA: 34584.1 min
Step 750000/1000000000 | t=3.00e+01 | T=7379.7 | a=1.000722 | H=2.41e-05 | 481.6 steps/s | 2.08 ms/step | ETA: 34583.8 min
Step 751000/1000000000 | t=3.00e+01 | T=7379.7 | a=1.000723 | H=2.41e-05 | 481.6 steps/s | 2.08 ms/step | ETA: 34582.9 min
Step 752000/1000000000 | t=3.01e+01 | T=7379.7 | a=1.000724 | H=2.41e-05 | 481.5 steps/s | 2.08 ms/step | ETA: 34586.1 min
Step 753000/1000000000 | t=3.01e+01 | T=7379.7 | a=1.000725 | H=2.41e-05 | 481.5 steps/s | 2.08 ms/step | ETA: 34587.1 min
Step 754000/1000000000 | t=3.02e+01 | T=7379.6 | a=1.000726 | H=2.41e-05 | 481.5 steps/s | 2.08 ms/step | ETA: 34588.1 min
Step 755000/1000000000 | t=3.02e+01 | T=7379.6 | a=1.000727 | H=2.41e-05 | 481.4 steps/s | 2.08 ms/step | ETA: 34591.6 min
Step 756000/1000000000 | t=3.02e+01 | T=7379.6 | a=1.000728 | H=2.41e-05 | 481.4 steps/s | 2.08 ms/step | ETA: 34592.2 min
Step 757000/1000000000 | t=3.03e+01 | T=7379.6 | a=1.000729 | H=2.41e-05 | 481.4 steps/s | 2.08 ms/step | ETA: 34593.1 min
Step 758000/1000000000 | t=3.03e+01 | T=7379.6 | a=1.000730 | H=2.41e-05 | 481.4 steps/s | 2.08 ms/step | ETA: 34594.7 min
Step 759000/1000000000 | t=3.04e+01 | T=7379.6 | a=1.000731 | H=2.41e-05 | 481.3 steps/s | 2.08 ms/step | ETA: 34599.8 min
Step 760000/1000000000 | t=3.04e+01 | T=7379.6 | a=1.000732 | H=2.41e-05 | 481.3 steps/s | 2.08 ms/step | ETA: 34598.8 min
