======================================================================
LATTICE SIMULATION LOG
Started: 2026-02-25 15:57:14
Log file: logs/simulation_20260225_155714.log
======================================================================

Numba Configuration:
  Version: 0.63.1
  Threading layer: default
  Configured threads: 11
  Active threads: 11
----------------------------------------------------------------------

*** eta_phys = 5000 > 100.0: auto-selecting OVERDAMPED (first-order Langevin) integrator ***


Time step: dt_phys = 5.00e-05, dt (rescaled) = 5.0000e-02
  Overdamped CFL limit (diffusive): dt_CFL = 0.8333 (rescaled)
  dt/dt_CFL = 6.0000e-02 (SAFE)

Hubble expansion: ENABLED (comoving lattice)
  g_* = 106.75, M_Pl = 2.40e+18 GeV, ΔV = 1.00e+28 GeV^4
  H² = (T⁴/χ_g² + ΔV) / (3 M_Pl²)
  H(T0=7420.0) = 2.4056e-05 GeV
  3H = 7.2169e-05 GeV
  η_phys = 5000 GeV  →  3H/η = 1.44e-08
  T(t) = T0 / a(t)  (entropy conservation)
  Initial a = 1.0
Field precision: float32
Tree-level VEV: ±1.0000e+11

Finding thermal VEV at T = 7420.0...
  V'(0) = 2.1657e-06
  V'(VEV) = 7.3518e-31
  Thermal VEV found: 1.0000e+11
  Ratio thermal/tree: 1.0000

Finding escape point...
  V'(1e-10) = 2.1657e-06
  V'(1e0)   = 2.1657e+04
  V'(1e5)   = -9.9980e+10
  V'(1e8)   = -1.0000e+14
  V'(1e10)  = -9.9000e+15
  Barrier found between 2.4742e+03 and 2.6030e+03
  Barrier top at: 2.4872e+03
  Escape point: 2.7359e+03
  V'(escape) = -1.2997e+07 (should be < 0)

Using TREE-LEVEL VEV for seeding: 1.0000e+11
The bubble is seeded at the true vacuum (no rolling needed).
Bubble seeding: DISABLED (thermal nucleation only)
Field states will be saved to: data/set6/256x256x256_T0_7420_dx_0.001_dtphys_5e-05_interval_1000_3D_hubble_eta_5000_OD_overdamped/field_states
Figures will be saved to: data/set6/256x256x256_T0_7420_dx_0.001_dtphys_5e-05_interval_1000_3D_hubble_eta_5000_OD_overdamped/figs/latticeSnapshot

============================================================
Starting time evolution...
Grid: 256×256×256, Steps: 10000000000, dt: 5.00e-02
Integrator: overdamped
Using Vprime lookup table: True (size=16384)
Using in-kernel RNG: True
Field precision: float32
Spline resolution N_Y: 256
Bubble seeding: DISABLED
Thermal noise: ENABLED (overdamped FDT noise_scale(T0) = 3.8523e+02)
Overdamped (first-order) Langevin: ENABLED (η = 5000, Heun method)
  No momentum (pi) — pure dissipative dynamics
Hubble expansion: ENABLED
  H(T0) = 2.4056e-05 GeV, 3H/η = 1.44e-08
  g_* = 106.75, M_Pl = 2.40e+18 GeV
============================================================

Warming up JIT compilation...
JIT warmup complete.
Starting main loop...

Dense snapshots: enabled (threshold=10000.0, interval=10)
Step 0/10000000000 | t=0.00e+00 | T=7420.0 | a=1.000000 | H=2.41e-05 | 4.0 steps/s | 252.32 ms/step | ETA: 42053620.0 min
Step 1000/10000000000 | t=5.00e-02 | T=7420.0 | a=1.000001 | H=2.41e-05 | 8.2 steps/s | 122.20 ms/step | ETA: 20366509.8 min
