======================================================================
LATTICE SIMULATION LOG
Started: 2026-03-10 11:11:38
Log file: logs/simulation_20260310_111138.log
======================================================================

Numba Configuration:
  Version: 0.63.1
  Threading layer: default
  Configured threads: 11
  Active threads: 11

Potential type: fermion_only  (coeffs: boson=0.0, fermion=1.0)
Complex field simulation (two-component: phi1 + i*phi2)
Pure U(1) symmetry (no Z_N breaking)
----------------------------------------------------------------------
[Counterterm] Helpers defined; splines will be corrected after dx_phys is set.

Time step: dt_phys = 2.50e-04, dt (rescaled) = 2.5000e-01
  CFL limit: dt_CFL = 0.5774 (rescaled)
  dt/dt_CFL = 4.3301e-01 (SAFE)

Hubble expansion: ENABLED (comoving lattice)
  g_* = 106.75, M_Pl = 2.40e+18 GeV, ΔV = 1.00e+28 GeV^4
  H² = (T⁴/χ_g² + ΔV) / (3 M_Pl²)
  H(T0=6770.0) = 2.4056e-05 GeV
  3H = 7.2169e-05 GeV
  η_phys = 1000 GeV  →  3H/η = 7.22e-08
  T(t) = T0 / a(t)  (entropy conservation)
  Initial a = 1.0
Field precision: float32
Tree-level VEV: ±1.0000e+11
Couplings: boson=1.09, fermion=1.09

[Counterterm] Applying lattice counterterm:
  dx_phys = 0.001, T0 = 6770
  UV cutoff: k_max = pi/dx = 3141.6 GeV
  Dimensionless cutoff: x_cut = k_max/T = 0.4640
  Soft-mode fraction: boson=0.0009 (0.09%), fermion=0.0005 (0.05%)
  Spline coefficients replaced in 0.00s
  [No runtime overhead: kernel code unchanged, only spline values differ]

Finding thermal VEV at T = 6770.0...
  V'(0) = 1.0085e-06
  V'(VEV) = 5.5840e-31
  Thermal VEV found: 1.0000e+11
  Ratio thermal/tree: 1.0000

Finding escape point...
  V'(1e-10) = 1.0085e-06
  V'(1e0)   = 1.0085e+04
  V'(1e5)   = -9.9993e+10
  V'(1e8)   = -1.0000e+14
  V'(1e10)  = -9.9000e+15
  Barrier found between 1.2160e+03 and 1.2793e+03
  Barrier top at: 1.2457e+03
  Escape point: 1.3703e+03
  V'(escape) = -2.8203e+06 (should be < 0)

Using TREE-LEVEL VEV for seeding: 1.0000e+11
The bubble is seeded at the true vacuum (no rolling needed).
Bubble seeding: DISABLED (thermal nucleation only)
Field states will be saved to: data/set6/256x256x256_T0_6770_complex_dx_0.001_dtphys_0.00025_interval_4000_3D_hubble_eta_1000_gb_1.09_gf_1.09_rk2_fused_inline_CT_fermion_only/field_states
Figures will be saved to: data/set6/256x256x256_T0_6770_complex_dx_0.001_dtphys_0.00025_interval_4000_3D_hubble_eta_1000_gb_1.09_gf_1.09_rk2_fused_inline_CT_fermion_only/figs/latticeSnapshot

============================================================
Starting time evolution...
Grid: 256×256×256, Steps: 100000, dt: 2.50e-01
Integrator: rk2_fused_inline
Using Vprime lookup table: False (size=16384)
Using in-kernel RNG: True
Field precision: float32
Spline resolution N_Y: 256
Bubble seeding: DISABLED
Thermal noise: ENABLED (FDT noise_scale(T0) = 1.8398e+03)
Overdamped mode: DISABLED (η = 1000)
Hubble expansion: ENABLED
  H(T0) = 2.4056e-05 GeV, 3H/η = 7.22e-08
  g_* = 106.75, M_Pl = 2.40e+18 GeV
============================================================

Warming up JIT compilation...
JIT warmup complete.
Starting main loop...

Dense snapshots: enabled (threshold=50000.0, interval=20)
Step 0/100000 | t=0.00e+00 | T=6770.0 | a=1.000000 | H=2.41e-05 | 2.0 steps/s | 496.87 ms/step | ETA: 828.1 min

*** phi threshold exceeded: max|phi|=51383.3 > 50000.0
*** Switching to dense snapshots: every 20 steps

Step 1300/100000 | t=3.25e-01 | T=6769.9 | a=1.000008 | H=2.41e-05 | 2.6 steps/s | 377.44 ms/step | ETA: 620.9 min
Step 1320/100000 | t=3.30e-01 | T=6769.9 | a=1.000008 | H=2.41e-05 | 2.6 steps/s | 389.50 ms/step | ETA: 640.6 min
Step 1340/100000 | t=3.35e-01 | T=6769.9 | a=1.000008 | H=2.41e-05 | 2.5 steps/s | 402.58 ms/step | ETA: 662.0 min
Step 1360/100000 | t=3.40e-01 | T=6769.9 | a=1.000008 | H=2.41e-05 | 2.4 steps/s | 413.44 ms/step | ETA: 679.7 min
Step 1380/100000 | t=3.45e-01 | T=6769.9 | a=1.000008 | H=2.41e-05 | 2.4 steps/s | 424.30 ms/step | ETA: 697.4 min
Step 1400/100000 | t=3.50e-01 | T=6769.9 | a=1.000008 | H=2.41e-05 | 2.3 steps/s | 434.90 ms/step | ETA: 714.7 min
Step 1420/100000 | t=3.55e-01 | T=6769.9 | a=1.000009 | H=2.41e-05 | 2.2 steps/s | 444.54 ms/step | ETA: 730.4 min
Step 1440/100000 | t=3.60e-01 | T=6769.9 | a=1.000009 | H=2.41e-05 | 2.2 steps/s | 454.04 ms/step | ETA: 745.8 min
Step 1460/100000 | t=3.65e-01 | T=6769.9 | a=1.000009 | H=2.41e-05 | 2.2 steps/s | 463.45 ms/step | ETA: 761.1 min
Step 1480/100000 | t=3.70e-01 | T=6769.9 | a=1.000009 | H=2.41e-05 | 2.1 steps/s | 472.29 ms/step | ETA: 775.5 min
Step 1500/100000 | t=3.75e-01 | T=6769.9 | a=1.000009 | H=2.41e-05 | 2.1 steps/s | 483.57 ms/step | ETA: 793.9 min
Step 1520/100000 | t=3.80e-01 | T=6769.9 | a=1.000009 | H=2.41e-05 | 2.0 steps/s | 491.40 ms/step | ETA: 806.5 min
Step 1540/100000 | t=3.85e-01 | T=6769.9 | a=1.000009 | H=2.41e-05 | 2.0 steps/s | 498.79 ms/step | ETA: 818.5 min
Step 1560/100000 | t=3.90e-01 | T=6769.9 | a=1.000009 | H=2.41e-05 | 2.0 steps/s | 505.91 ms/step | ETA: 830.0 min
Step 1580/100000 | t=3.95e-01 | T=6769.9 | a=1.000010 | H=2.41e-05 | 2.0 steps/s | 512.45 ms/step | ETA: 840.6 min
Step 1600/100000 | t=4.00e-01 | T=6769.9 | a=1.000010 | H=2.41e-05 | 1.9 steps/s | 519.10 ms/step | ETA: 851.3 min
Step 1620/100000 | t=4.05e-01 | T=6769.9 | a=1.000010 | H=2.41e-05 | 1.9 steps/s | 525.61 ms/step | ETA: 861.8 min
Step 1640/100000 | t=4.10e-01 | T=6769.9 | a=1.000010 | H=2.41e-05 | 1.9 steps/s | 533.53 ms/step | ETA: 874.6 min
Step 1660/100000 | t=4.15e-01 | T=6769.9 | a=1.000010 | H=2.41e-05 | 1.9 steps/s | 539.72 ms/step | ETA: 884.6 min
Step 1680/100000 | t=4.20e-01 | T=6769.9 | a=1.000010 | H=2.41e-05 | 1.8 steps/s | 545.49 ms/step | ETA: 893.9 min
Step 1700/100000 | t=4.25e-01 | T=6769.9 | a=1.000010 | H=2.41e-05 | 1.8 steps/s | 551.83 ms/step | ETA: 904.1 min
Step 1720/100000 | t=4.30e-01 | T=6769.9 | a=1.000010 | H=2.41e-05 | 1.8 steps/s | 555.80 ms/step | ETA: 910.4 min
Step 1740/100000 | t=4.35e-01 | T=6769.9 | a=1.000010 | H=2.41e-05 | 1.8 steps/s | 560.06 ms/step | ETA: 917.2 min
