======================================================================
LATTICE SIMULATION LOG
Started: 2026-02-22 22:42:18
Log file: logs/simulation_20260222_224218.log
======================================================================

Numba Configuration:
  Version: 0.63.1
  Threading layer: default
  Configured threads: 11
  Active threads: 11
----------------------------------------------------------------------

Time step: dt_phys = 4.00e-05, dt (rescaled) = 4.0000e-02
  CFL limit: dt_CFL = 0.1155 (rescaled)
  dt/dt_CFL = 3.4641e-01 (SAFE)

Hubble expansion: ENABLED (comoving lattice)
  g_* = 106.75, M_Pl = 2.40e+18 GeV, ΔV = 1.00e+28 GeV^4
  H² = (T⁴/χ_g² + ΔV) / (3 M_Pl²)
  H(T0=7385.0) = 2.4056e-05 GeV
  3H = 7.2169e-05 GeV
  η_phys = 0.3 GeV  →  3H/η = 2.41e-04
  T(t) = T0 / a(t)  (entropy conservation)
  Initial a = 1.0
Field precision: float32
Tree-level VEV: ±1.0000e+11

Finding thermal VEV at T = 7385.0...
  V'(0) = 1.1883e-06
  V'(VEV) = 7.2482e-31
  Thermal VEV found: 1.0000e+11
  Ratio thermal/tree: 1.0000

Finding escape point...
  V'(1e-10) = 1.1883e-06
  V'(1e0)   = 1.1883e+04
  V'(1e5)   = -9.9982e+10
  V'(1e8)   = -1.0000e+14
  V'(1e10)  = -9.9000e+15
  Barrier found between 1.8249e+03 and 1.9198e+03
  Barrier top at: 1.8614e+03
  Escape point: 2.0476e+03
  V'(escape) = -5.2920e+06 (should be < 0)

Using TREE-LEVEL VEV for seeding: 1.0000e+11
The bubble is seeded at the true vacuum (no rolling needed).
Bubble seeding: DISABLED (thermal nucleation only)
Field states will be saved to: data/set6/64x64x64_T0_7385_dx_0.0002_dtphys_4e-05_interval_100000_3D_hubble_eta_0.3/field_states
Figures will be saved to: data/set6/64x64x64_T0_7385_dx_0.0002_dtphys_4e-05_interval_100000_3D_hubble_eta_0.3/figs/latticeSnapshot

============================================================
REPLAY MODE - DETAILED BUBBLE DYNAMICS
============================================================
  Source dir: data/set6/64x64x64_T0_7385_dx_0.0002_dtphys_4e-05_interval_1000_3D_hubble_eta_0.3
  Checkpoint: data/set6/64x64x64_T0_7385_dx_0.0002_dtphys_4e-05_interval_1000_3D_hubble_eta_0.3/field_states/state_step_0000744000.npz
  Step range: 744000 -> 747000 (3000 steps)
  Save every: 10 steps (300 snapshots)
  Time: 2.976000e+01 (physical)
  Temperature: 7379.7
  phi range: [-1.4228e+04, -1.2514e+04]
  scale_factor: 1.0007161716
  Output: data/set6/64x64x64_T0_7385_dx_0.0002_dtphys_4e-05_interval_1000_3D_hubble_eta_0.3/detailed_replay/step_744000_to_747000
============================================================


============================================================
Starting time evolution...
Grid: 64×64×64, Steps: 747000, dt: 4.00e-02
Integrator: RK2 (4 passes/step)
  Single-pass fused: True
  Fused RK2: True
Using Vprime lookup table: True (size=16384)
Using in-kernel RNG: True
Field precision: float32
Spline resolution N_Y: 256
Bubble seeding: DISABLED
Thermal noise: ENABLED (FDT noise_scale(T0) = 1.4885e+02)
Overdamped mode: DISABLED (η = 0.3)
Hubble expansion: ENABLED
  H(T0) = 2.4056e-05 GeV, 3H/η = 2.41e-04
  g_* = 106.75, M_Pl = 2.40e+18 GeV
============================================================

Warming up JIT compilation...
JIT warmup complete.
Starting main loop...

Step 744000/747000 | t=2.98e+01 | T=7379.7 | a=1.000716 | H=2.41e-05 | 8.9 steps/s | 112.86 ms/step | ETA: 5.6 min
Step 744010/747000 | t=2.98e+01 | T=7379.7 | a=1.000716 | H=2.41e-05 | 17.5 steps/s | 57.05 ms/step | ETA: 2.8 min
Step 744020/747000 | t=2.98e+01 | T=7379.7 | a=1.000716 | H=2.41e-05 | 21.3 steps/s | 46.88 ms/step | ETA: 2.3 min
Step 744030/747000 | t=2.98e+01 | T=7379.7 | a=1.000716 | H=2.41e-05 | 23.2 steps/s | 43.07 ms/step | ETA: 2.1 min
Step 744040/747000 | t=2.98e+01 | T=7379.7 | a=1.000716 | H=2.41e-05 | 23.0 steps/s | 43.44 ms/step | ETA: 2.1 min
Step 744050/747000 | t=2.98e+01 | T=7379.7 | a=1.000716 | H=2.41e-05 | 22.3 steps/s | 44.86 ms/step | ETA: 2.2 min
Step 744060/747000 | t=2.98e+01 | T=7379.7 | a=1.000716 | H=2.41e-05 | 22.1 steps/s | 45.35 ms/step | ETA: 2.2 min
Step 744070/747000 | t=2.98e+01 | T=7379.7 | a=1.000716 | H=2.41e-05 | 20.5 steps/s | 48.75 ms/step | ETA: 2.4 min
Step 744080/747000 | t=2.98e+01 | T=7379.7 | a=1.000716 | H=2.41e-05 | 19.5 steps/s | 51.35 ms/step | ETA: 2.5 min
Step 744090/747000 | t=2.98e+01 | T=7379.7 | a=1.000716 | H=2.41e-05 | 18.6 steps/s | 53.73 ms/step | ETA: 2.6 min
Step 744100/747000 | t=2.98e+01 | T=7379.7 | a=1.000716 | H=2.41e-05 | 18.0 steps/s | 55.46 ms/step | ETA: 2.7 min
Step 744110/747000 | t=2.98e+01 | T=7379.7 | a=1.000716 | H=2.41e-05 | 17.3 steps/s | 57.90 ms/step | ETA: 2.8 min
Step 744120/747000 | t=2.98e+01 | T=7379.7 | a=1.000716 | H=2.41e-05 | 16.9 steps/s | 59.07 ms/step | ETA: 2.8 min
Step 744130/747000 | t=2.98e+01 | T=7379.7 | a=1.000716 | H=2.41e-05 | 16.4 steps/s | 60.81 ms/step | ETA: 2.9 min
Step 744140/747000 | t=2.98e+01 | T=7379.7 | a=1.000716 | H=2.41e-05 | 15.8 steps/s | 63.11 ms/step | ETA: 3.0 min
Step 744150/747000 | t=2.98e+01 | T=7379.7 | a=1.000716 | H=2.41e-05 | 15.3 steps/s | 65.16 ms/step | ETA: 3.1 min
Step 744160/747000 | t=2.98e+01 | T=7379.7 | a=1.000716 | H=2.41e-05 | 15.0 steps/s | 66.81 ms/step | ETA: 3.2 min
Step 744170/747000 | t=2.98e+01 | T=7379.7 | a=1.000716 | H=2.41e-05 | 14.6 steps/s | 68.36 ms/step | ETA: 3.2 min
Step 744180/747000 | t=2.98e+01 | T=7379.7 | a=1.000716 | H=2.41e-05 | 14.3 steps/s | 69.83 ms/step | ETA: 3.3 min
Step 744190/747000 | t=2.98e+01 | T=7379.7 | a=1.000716 | H=2.41e-05 | 14.0 steps/s | 71.19 ms/step | ETA: 3.3 min
Step 744200/747000 | t=2.98e+01 | T=7379.7 | a=1.000716 | H=2.41e-05 | 13.8 steps/s | 72.23 ms/step | ETA: 3.4 min
Step 744210/747000 | t=2.98e+01 | T=7379.7 | a=1.000716 | H=2.41e-05 | 13.7 steps/s | 73.13 ms/step | ETA: 3.4 min
Step 744220/747000 | t=2.98e+01 | T=7379.7 | a=1.000716 | H=2.41e-05 | 13.5 steps/s | 74.18 ms/step | ETA: 3.4 min
Step 744230/747000 | t=2.98e+01 | T=7379.7 | a=1.000716 | H=2.41e-05 | 13.3 steps/s | 75.03 ms/step | ETA: 3.5 min
Step 744240/747000 | t=2.98e+01 | T=7379.7 | a=1.000716 | H=2.41e-05 | 13.2 steps/s | 75.76 ms/step | ETA: 3.5 min
Step 744250/747000 | t=2.98e+01 | T=7379.7 | a=1.000716 | H=2.41e-05 | 13.1 steps/s | 76.40 ms/step | ETA: 3.5 min
Step 744260/747000 | t=2.98e+01 | T=7379.7 | a=1.000716 | H=2.41e-05 | 12.8 steps/s | 77.91 ms/step | ETA: 3.6 min
Step 744270/747000 | t=2.98e+01 | T=7379.7 | a=1.000716 | H=2.41e-05 | 12.4 steps/s | 80.56 ms/step | ETA: 3.7 min
Step 744280/747000 | t=2.98e+01 | T=7379.7 | a=1.000716 | H=2.41e-05 | 12.0 steps/s | 83.01 ms/step | ETA: 3.8 min
Step 744290/747000 | t=2.98e+01 | T=7379.7 | a=1.000716 | H=2.41e-05 | 11.7 steps/s | 85.37 ms/step | ETA: 3.9 min
Step 744300/747000 | t=2.98e+01 | T=7379.7 | a=1.000716 | H=2.41e-05 | 11.4 steps/s | 87.52 ms/step | ETA: 3.9 min
Step 744310/747000 | t=2.98e+01 | T=7379.7 | a=1.000716 | H=2.41e-05 | 11.2 steps/s | 89.51 ms/step | ETA: 4.0 min
Step 744320/747000 | t=2.98e+01 | T=7379.7 | a=1.000716 | H=2.41e-05 | 10.9 steps/s | 91.41 ms/step | ETA: 4.1 min
Step 744330/747000 | t=2.98e+01 | T=7379.7 | a=1.000716 | H=2.41e-05 | 10.7 steps/s | 93.50 ms/step | ETA: 4.2 min
Step 744340/747000 | t=2.98e+01 | T=7379.7 | a=1.000716 | H=2.41e-05 | 10.5 steps/s | 95.50 ms/step | ETA: 4.2 min
Step 744350/747000 | t=2.98e+01 | T=7379.7 | a=1.000717 | H=2.41e-05 | 10.3 steps/s | 97.25 ms/step | ETA: 4.3 min
Step 744360/747000 | t=2.98e+01 | T=7379.7 | a=1.000717 | H=2.41e-05 | 10.1 steps/s | 99.35 ms/step | ETA: 4.4 min
Step 744370/747000 | t=2.98e+01 | T=7379.7 | a=1.000717 | H=2.41e-05 | 9.9 steps/s | 101.37 ms/step | ETA: 4.4 min
Step 744380/747000 | t=2.98e+01 | T=7379.7 | a=1.000717 | H=2.41e-05 | 9.7 steps/s | 103.28 ms/step | ETA: 4.5 min
Step 744390/747000 | t=2.98e+01 | T=7379.7 | a=1.000717 | H=2.41e-05 | 9.5 steps/s | 105.11 ms/step | ETA: 4.6 min
Step 744400/747000 | t=2.98e+01 | T=7379.7 | a=1.000717 | H=2.41e-05 | 9.3 steps/s | 107.42 ms/step | ETA: 4.7 min
Step 744410/747000 | t=2.98e+01 | T=7379.7 | a=1.000717 | H=2.41e-05 | 9.2 steps/s | 108.76 ms/step | ETA: 4.7 min
Step 744420/747000 | t=2.98e+01 | T=7379.7 | a=1.000717 | H=2.41e-05 | 9.1 steps/s | 110.30 ms/step | ETA: 4.7 min
Step 744430/747000 | t=2.98e+01 | T=7379.7 | a=1.000717 | H=2.41e-05 | 9.0 steps/s | 111.38 ms/step | ETA: 4.8 min
Step 744440/747000 | t=2.98e+01 | T=7379.7 | a=1.000717 | H=2.41e-05 | 8.9 steps/s | 112.08 ms/step | ETA: 4.8 min
Step 744450/747000 | t=2.98e+01 | T=7379.7 | a=1.000717 | H=2.41e-05 | 8.8 steps/s | 113.07 ms/step | ETA: 4.8 min
Step 744460/747000 | t=2.98e+01 | T=7379.7 | a=1.000717 | H=2.41e-05 | 8.8 steps/s | 113.97 ms/step | ETA: 4.8 min
Step 744470/747000 | t=2.98e+01 | T=7379.7 | a=1.000717 | H=2.41e-05 | 8.7 steps/s | 115.10 ms/step | ETA: 4.9 min
Step 744480/747000 | t=2.98e+01 | T=7379.7 | a=1.000717 | H=2.41e-05 | 8.6 steps/s | 116.24 ms/step | ETA: 4.9 min
Step 744490/747000 | t=2.98e+01 | T=7379.7 | a=1.000717 | H=2.41e-05 | 8.5 steps/s | 117.59 ms/step | ETA: 4.9 min
Step 744500/747000 | t=2.98e+01 | T=7379.7 | a=1.000717 | H=2.41e-05 | 8.5 steps/s | 117.98 ms/step | ETA: 4.9 min
Step 744510/747000 | t=2.98e+01 | T=7379.7 | a=1.000717 | H=2.41e-05 | 8.5 steps/s | 117.16 ms/step | ETA: 4.9 min
Step 744520/747000 | t=2.98e+01 | T=7379.7 | a=1.000717 | H=2.41e-05 | 8.6 steps/s | 115.89 ms/step | ETA: 4.8 min
Step 744530/747000 | t=2.98e+01 | T=7379.7 | a=1.000717 | H=2.41e-05 | 8.7 steps/s | 115.42 ms/step | ETA: 4.8 min
Step 744540/747000 | t=2.98e+01 | T=7379.7 | a=1.000717 | H=2.41e-05 | 8.7 steps/s | 114.89 ms/step | ETA: 4.7 min
Step 744550/747000 | t=2.98e+01 | T=7379.7 | a=1.000717 | H=2.41e-05 | 8.7 steps/s | 114.38 ms/step | ETA: 4.7 min
Step 744560/747000 | t=2.98e+01 | T=7379.7 | a=1.000717 | H=2.41e-05 | 8.8 steps/s | 113.81 ms/step | ETA: 4.6 min
Step 744570/747000 | t=2.98e+01 | T=7379.7 | a=1.000717 | H=2.41e-05 | 8.8 steps/s | 113.37 ms/step | ETA: 4.6 min
Step 744580/747000 | t=2.98e+01 | T=7379.7 | a=1.000717 | H=2.41e-05 | 8.9 steps/s | 112.79 ms/step | ETA: 4.5 min
Step 744590/747000 | t=2.98e+01 | T=7379.7 | a=1.000717 | H=2.41e-05 | 8.9 steps/s | 112.61 ms/step | ETA: 4.5 min
Step 744600/747000 | t=2.98e+01 | T=7379.7 | a=1.000717 | H=2.41e-05 | 8.9 steps/s | 112.21 ms/step | ETA: 4.5 min
Step 744610/747000 | t=2.98e+01 | T=7379.7 | a=1.000717 | H=2.41e-05 | 8.9 steps/s | 111.77 ms/step | ETA: 4.5 min
Step 744620/747000 | t=2.98e+01 | T=7379.7 | a=1.000717 | H=2.41e-05 | 9.0 steps/s | 111.70 ms/step | ETA: 4.4 min
Step 744630/747000 | t=2.98e+01 | T=7379.7 | a=1.000717 | H=2.41e-05 | 8.9 steps/s | 112.59 ms/step | ETA: 4.4 min
Step 744640/747000 | t=2.98e+01 | T=7379.7 | a=1.000717 | H=2.41e-05 | 8.8 steps/s | 113.52 ms/step | ETA: 4.5 min
Step 744650/747000 | t=2.98e+01 | T=7379.7 | a=1.000717 | H=2.41e-05 | 8.8 steps/s | 113.07 ms/step | ETA: 4.4 min
Step 744660/747000 | t=2.98e+01 | T=7379.7 | a=1.000717 | H=2.41e-05 | 8.9 steps/s | 112.16 ms/step | ETA: 4.4 min
Step 744670/747000 | t=2.98e+01 | T=7379.7 | a=1.000717 | H=2.41e-05 | 9.0 steps/s | 111.41 ms/step | ETA: 4.3 min
Step 744680/747000 | t=2.98e+01 | T=7379.7 | a=1.000717 | H=2.41e-05 | 9.0 steps/s | 110.55 ms/step | ETA: 4.3 min
Step 744690/747000 | t=2.98e+01 | T=7379.7 | a=1.000717 | H=2.41e-05 | 9.1 steps/s | 109.68 ms/step | ETA: 4.2 min
Step 744700/747000 | t=2.98e+01 | T=7379.7 | a=1.000717 | H=2.41e-05 | 9.2 steps/s | 108.84 ms/step | ETA: 4.2 min
Step 744710/747000 | t=2.98e+01 | T=7379.7 | a=1.000717 | H=2.41e-05 | 9.2 steps/s | 108.15 ms/step | ETA: 4.1 min
Step 744720/747000 | t=2.98e+01 | T=7379.7 | a=1.000717 | H=2.41e-05 | 9.3 steps/s | 107.32 ms/step | ETA: 4.1 min
Step 744730/747000 | t=2.98e+01 | T=7379.7 | a=1.000717 | H=2.41e-05 | 9.4 steps/s | 106.63 ms/step | ETA: 4.0 min
Step 744740/747000 | t=2.98e+01 | T=7379.7 | a=1.000717 | H=2.41e-05 | 9.4 steps/s | 106.07 ms/step | ETA: 4.0 min
Step 744750/747000 | t=2.98e+01 | T=7379.7 | a=1.000717 | H=2.41e-05 | 9.5 steps/s | 105.70 ms/step | ETA: 4.0 min
Step 744760/747000 | t=2.98e+01 | T=7379.7 | a=1.000717 | H=2.41e-05 | 9.5 steps/s | 105.19 ms/step | ETA: 3.9 min
Step 744770/747000 | t=2.98e+01 | T=7379.7 | a=1.000717 | H=2.41e-05 | 9.5 steps/s | 105.08 ms/step | ETA: 3.9 min
Step 744780/747000 | t=2.98e+01 | T=7379.7 | a=1.000717 | H=2.41e-05 | 9.5 steps/s | 104.94 ms/step | ETA: 3.9 min
Step 744790/747000 | t=2.98e+01 | T=7379.7 | a=1.000717 | H=2.41e-05 | 9.6 steps/s | 104.36 ms/step | ETA: 3.8 min
Step 744800/747000 | t=2.98e+01 | T=7379.7 | a=1.000717 | H=2.41e-05 | 9.6 steps/s | 103.70 ms/step | ETA: 3.8 min
Step 744810/747000 | t=2.98e+01 | T=7379.7 | a=1.000717 | H=2.41e-05 | 9.7 steps/s | 102.90 ms/step | ETA: 3.8 min
Step 744820/747000 | t=2.98e+01 | T=7379.7 | a=1.000717 | H=2.41e-05 | 9.8 steps/s | 102.28 ms/step | ETA: 3.7 min
Step 744830/747000 | t=2.98e+01 | T=7379.7 | a=1.000717 | H=2.41e-05 | 9.8 steps/s | 101.58 ms/step | ETA: 3.7 min
Step 744840/747000 | t=2.98e+01 | T=7379.7 | a=1.000717 | H=2.41e-05 | 9.9 steps/s | 101.21 ms/step | ETA: 3.6 min
Step 744850/747000 | t=2.98e+01 | T=7379.7 | a=1.000717 | H=2.41e-05 | 9.9 steps/s | 100.72 ms/step | ETA: 3.6 min
Step 744860/747000 | t=2.98e+01 | T=7379.7 | a=1.000717 | H=2.41e-05 | 10.0 steps/s | 100.10 ms/step | ETA: 3.6 min
Step 744870/747000 | t=2.98e+01 | T=7379.7 | a=1.000717 | H=2.41e-05 | 10.0 steps/s | 99.56 ms/step | ETA: 3.5 min
Step 744880/747000 | t=2.98e+01 | T=7379.7 | a=1.000717 | H=2.41e-05 | 10.1 steps/s | 98.92 ms/step | ETA: 3.5 min
Step 744890/747000 | t=2.98e+01 | T=7379.7 | a=1.000717 | H=2.41e-05 | 10.2 steps/s | 98.23 ms/step | ETA: 3.5 min
Step 744900/747000 | t=2.98e+01 | T=7379.7 | a=1.000717 | H=2.41e-05 | 10.2 steps/s | 97.57 ms/step | ETA: 3.4 min
Step 744910/747000 | t=2.98e+01 | T=7379.7 | a=1.000717 | H=2.41e-05 | 10.3 steps/s | 97.00 ms/step | ETA: 3.4 min
Step 744920/747000 | t=2.98e+01 | T=7379.7 | a=1.000717 | H=2.41e-05 | 10.4 steps/s | 96.53 ms/step | ETA: 3.3 min
Step 744930/747000 | t=2.98e+01 | T=7379.7 | a=1.000717 | H=2.41e-05 | 10.4 steps/s | 95.93 ms/step | ETA: 3.3 min
Step 744940/747000 | t=2.98e+01 | T=7379.7 | a=1.000717 | H=2.41e-05 | 10.5 steps/s | 95.30 ms/step | ETA: 3.3 min
Step 744950/747000 | t=2.98e+01 | T=7379.7 | a=1.000717 | H=2.41e-05 | 10.5 steps/s | 94.89 ms/step | ETA: 3.2 min
Step 744960/747000 | t=2.98e+01 | T=7379.7 | a=1.000717 | H=2.41e-05 | 10.6 steps/s | 94.31 ms/step | ETA: 3.2 min
Step 744970/747000 | t=2.98e+01 | T=7379.7 | a=1.000717 | H=2.41e-05 | 10.7 steps/s | 93.73 ms/step | ETA: 3.2 min
Step 744980/747000 | t=2.98e+01 | T=7379.7 | a=1.000717 | H=2.41e-05 | 10.7 steps/s | 93.15 ms/step | ETA: 3.1 min
Step 744990/747000 | t=2.98e+01 | T=7379.7 | a=1.000717 | H=2.41e-05 | 10.8 steps/s | 92.62 ms/step | ETA: 3.1 min

!!!!!!!!!!!!!!!!!!!!!!!!!!!!!!!!!!!!!!!!!!!!!!!!!!!!!!!!!!!!
DIVERGENCE DETECTED at step 745000 (t_phys=2.980000e+01)
  NaN sites: phi=0/262144, pi=0/262144
  |phi|_max = 1.5247e+11
  Finite phi: [-1.5247e+11, -9.5929e+10]
  Finite pi:  [-2.8206e+10, 4.4825e+10]
  noise_scale = 1.488101e+02
  eta_eff = 3.000722e-04, T = 7379.7, inv_a2 = 0.9985672722
!!!!!!!!!!!!!!!!!!!!!!!!!!!!!!!!!!!!!!!!!!!!!!!!!!!!!!!!!!!!
  Debug state saved: data/set6/64x64x64_T0_7385_dx_0.0002_dtphys_4e-05_interval_1000_3D_hubble_eta_0.3/detailed_replay/step_744000_to_747000/field_states/state_step_0000745000_NaN_debug.npz
  ABORTING simulation.

============================================================
REPLAY FINISHED!
============================================================

Timing:
  Total time: 1.54 minutes (92.4 seconds)
  Average: 32.5 steps/second
  Time per step: 30.787 ms

Replay Summary:
  Step range: 744000 -> 747000
  Save interval: every 10 steps
  Snapshots saved: ~301
  Output: data/set6/64x64x64_T0_7385_dx_0.0002_dtphys_4e-05_interval_1000_3D_hubble_eta_0.3/detailed_replay/step_744000_to_747000

Completed: 2026-02-22 22:43:51
============================================================
