======================================================================
LATTICE SIMULATION LOG
Started: 2026-02-25 16:22:06
Log file: logs/simulation_20260225_162206.log
======================================================================

Numba Configuration:
  Version: 0.63.1
  Threading layer: default
  Configured threads: 11
  Active threads: 11
----------------------------------------------------------------------

Time step: dt_phys = 2.00e-05, dt (rescaled) = 2.0000e-02
  CFL limit: dt_CFL = 0.5774 (rescaled)
  dt/dt_CFL = 3.4641e-02 (SAFE)

Hubble expansion: ENABLED (comoving lattice)
  g_* = 106.75, M_Pl = 2.40e+18 GeV, ΔV = 1.00e+28 GeV^4
  H² = (T⁴/χ_g² + ΔV) / (3 M_Pl²)
  H(T0=7420.0) = 2.4056e-05 GeV
  3H = 7.2169e-05 GeV
  η_phys = 5000 GeV  →  3H/η = 1.44e-08
  T(t) = T0 / a(t)  (entropy conservation)
  Initial a = 1.0
Field precision: float32
Tree-level VEV: ±1.0000e+11

Finding thermal VEV at T = 7420.0...
  V'(0) = 2.1657e-06
  V'(VEV) = 7.3518e-31
  Thermal VEV found: 1.0000e+11
  Ratio thermal/tree: 1.0000

Finding escape point...
  V'(1e-10) = 2.1657e-06
  V'(1e0)   = 2.1657e+04
  V'(1e5)   = -9.9980e+10
  V'(1e8)   = -1.0000e+14
  V'(1e10)  = -9.9000e+15
  Barrier found between 2.4742e+03 and 2.6030e+03
  Barrier top at: 2.4872e+03
  Escape point: 2.7359e+03
  V'(escape) = -1.2997e+07 (should be < 0)

Using TREE-LEVEL VEV for seeding: 1.0000e+11
The bubble is seeded at the true vacuum (no rolling needed).
Bubble seeding: DISABLED (thermal nucleation only)
Field states will be saved to: data/set6/256x256x256_T0_7420_dx_0.001_dtphys_2e-05_interval_1000_3D_hubble_eta_5000_rk2_nonfused_table/field_states
Figures will be saved to: data/set6/256x256x256_T0_7420_dx_0.001_dtphys_2e-05_interval_1000_3D_hubble_eta_5000_rk2_nonfused_table/figs/latticeSnapshot

============================================================
Starting time evolution...
Grid: 256×256×256, Steps: 10000000000, dt: 2.00e-02
Integrator: rk2_nonfused_table
Using Vprime lookup table: True (size=16384)
Using in-kernel RNG: True
Field precision: float32
Spline resolution N_Y: 256
Bubble seeding: DISABLED
Thermal noise: ENABLED (FDT noise_scale(T0) = 1.2182e+03)
Overdamped mode: DISABLED (η = 5000)
Hubble expansion: ENABLED
  H(T0) = 2.4056e-05 GeV, 3H/η = 1.44e-08
  g_* = 106.75, M_Pl = 2.40e+18 GeV
============================================================

Warming up JIT compilation...
JIT warmup complete.
Starting main loop...

Dense snapshots: enabled (threshold=20000.0, interval=100)
Step 0/10000000000 | t=0.00e+00 | T=7420.0 | a=1.000000 | H=2.41e-05 | 4.6 steps/s | 218.12 ms/step | ETA: 36352833.1 min
Step 1000/10000000000 | t=2.00e-02 | T=7420.0 | a=1.000000 | H=2.41e-05 | 13.3 steps/s | 75.33 ms/step | ETA: 12554479.9 min
Step 2000/10000000000 | t=4.00e-02 | T=7420.0 | a=1.000001 | H=2.41e-05 | 13.9 steps/s | 71.92 ms/step | ETA: 11986774.5 min
Step 3000/10000000000 | t=6.00e-02 | T=7420.0 | a=1.000001 | H=2.41e-05 | 13.3 steps/s | 75.01 ms/step | ETA: 12502281.9 min
Step 4000/10000000000 | t=8.00e-02 | T=7420.0 | a=1.000002 | H=2.41e-05 | 13.4 steps/s | 74.90 ms/step | ETA: 12483135.4 min
