======================================================================
LATTICE SIMULATION LOG
Started: 2026-03-05 14:01:11
Log file: logs/simulation_20260305_140111.log
======================================================================

Numba Configuration:
  Version: 0.63.1
  Threading layer: default
  Configured threads: 11
  Active threads: 11
----------------------------------------------------------------------
[Counterterm] Helpers defined; splines will be corrected after dx_phys is set.

Time step: dt_phys = 2.50e-04, dt (rescaled) = 2.5000e-01
  CFL limit: dt_CFL = 0.5774 (rescaled)
  dt/dt_CFL = 4.3301e-01 (SAFE)

Hubble expansion: ENABLED (comoving lattice)
  g_* = 106.75, M_Pl = 2.40e+18 GeV, ΔV = 1.00e+28 GeV^4
  H² = (T⁴/χ_g² + ΔV) / (3 M_Pl²)
  H(T0=7375.0) = 2.4056e-05 GeV
  3H = 7.2169e-05 GeV
  η_phys = 1000 GeV  →  3H/η = 7.22e-08
  T(t) = T0 / a(t)  (entropy conservation)
  Initial a = 1.0
Field precision: float32
Tree-level VEV: ±1.0000e+11
Couplings: boson=1.09, fermion=1.09

[Counterterm] Applying lattice counterterm:
  dx_phys = 0.001, T0 = 7375
  UV cutoff: k_max = pi/dx = 3141.6 GeV
  Dimensionless cutoff: x_cut = k_max/T = 0.4260
  Soft-mode fraction: boson=0.0007 (0.07%), fermion=0.0004 (0.04%)
  Spline coefficients replaced in 0.00s
  [No runtime overhead: kernel code unchanged, only spline values differ]

Finding thermal VEV at T = 7375.0...
  V'(0) = 8.6097e-07
  V'(VEV) = 7.2188e-31
  Thermal VEV found: 1.0000e+11
  Ratio thermal/tree: 1.0000

Finding escape point...
  V'(1e-10) = 8.6097e-07
  V'(1e0)   = 8.6097e+03
  V'(1e5)   = -9.9982e+10
  V'(1e8)   = -1.0000e+14
  V'(1e10)  = -9.9000e+15
  Barrier found between 1.5672e+03 and 1.6488e+03
  Barrier top at: 1.5890e+03
  Escape point: 1.7479e+03
  V'(escape) = -3.2518e+06 (should be < 0)

Using TREE-LEVEL VEV for seeding: 1.0000e+11
The bubble is seeded at the true vacuum (no rolling needed).
Bubble seeding: DISABLED (thermal nucleation only)
Field states will be saved to: data/set6/256x256x256_T0_7375_dx_0.001_dtphys_0.00025_interval_4000_3D_hubble_eta_1000_gb_1.09_gf_1.09_rk2_fused_inline_CT/field_states
Figures will be saved to: data/set6/256x256x256_T0_7375_dx_0.001_dtphys_0.00025_interval_4000_3D_hubble_eta_1000_gb_1.09_gf_1.09_rk2_fused_inline_CT/figs/latticeSnapshot

--resume specified but no checkpoints found. Starting from scratch.

============================================================
Starting time evolution...
Grid: 256×256×256, Steps: 1500000, dt: 2.50e-01
Integrator: rk2_fused_inline
Using Vprime lookup table: False (size=16384)
Using in-kernel RNG: True
Field precision: float32
Spline resolution N_Y: 256
Bubble seeding: DISABLED
Thermal noise: ENABLED (FDT noise_scale(T0) = 1.9203e+03)
Overdamped mode: DISABLED (η = 1000)
Hubble expansion: ENABLED
  H(T0) = 2.4056e-05 GeV, 3H/η = 7.22e-08
  g_* = 106.75, M_Pl = 2.40e+18 GeV
============================================================

Warming up JIT compilation...
JIT warmup complete.
Starting main loop...

Dense snapshots: enabled (threshold=50000.0, interval=5)
Step 0/1500000 | t=0.00e+00 | T=7375.0 | a=1.000000 | H=2.41e-05 | 3.6 steps/s | 281.24 ms/step | ETA: 7030.9 min

*** phi threshold exceeded: max|phi|=50010.8 > 50000.0
*** Switching to dense snapshots: every 5 steps

Step 1005/1500000 | t=2.51e-01 | T=7375.0 | a=1.000006 | H=2.41e-05 | 5.3 steps/s | 189.88 ms/step | ETA: 4743.9 min
Step 1010/1500000 | t=2.53e-01 | T=7375.0 | a=1.000006 | H=2.41e-05 | 5.2 steps/s | 191.96 ms/step | ETA: 4795.7 min
Step 1015/1500000 | t=2.54e-01 | T=7375.0 | a=1.000006 | H=2.41e-05 | 5.2 steps/s | 193.99 ms/step | ETA: 4846.4 min
Step 1020/1500000 | t=2.55e-01 | T=7375.0 | a=1.000006 | H=2.41e-05 | 5.1 steps/s | 195.97 ms/step | ETA: 4896.0 min
Step 1025/1500000 | t=2.56e-01 | T=7375.0 | a=1.000006 | H=2.41e-05 | 5.1 steps/s | 197.86 ms/step | ETA: 4943.2 min
Step 1030/1500000 | t=2.58e-01 | T=7375.0 | a=1.000006 | H=2.41e-05 | 5.0 steps/s | 199.77 ms/step | ETA: 4990.8 min
Step 1035/1500000 | t=2.59e-01 | T=7375.0 | a=1.000006 | H=2.41e-05 | 5.0 steps/s | 201.76 ms/step | ETA: 5040.5 min
Step 1040/1500000 | t=2.60e-01 | T=7375.0 | a=1.000006 | H=2.41e-05 | 4.9 steps/s | 203.57 ms/step | ETA: 5085.8 min
Step 1045/1500000 | t=2.61e-01 | T=7375.0 | a=1.000006 | H=2.41e-05 | 4.9 steps/s | 205.40 ms/step | ETA: 5131.4 min
Step 1050/1500000 | t=2.63e-01 | T=7375.0 | a=1.000006 | H=2.41e-05 | 4.8 steps/s | 207.28 ms/step | ETA: 5178.5 min
Step 1055/1500000 | t=2.64e-01 | T=7375.0 | a=1.000006 | H=2.41e-05 | 4.7 steps/s | 211.21 ms/step | ETA: 5276.6 min
Step 1060/1500000 | t=2.65e-01 | T=7375.0 | a=1.000006 | H=2.41e-05 | 4.7 steps/s | 213.23 ms/step | ETA: 5327.0 min
Step 1065/1500000 | t=2.66e-01 | T=7375.0 | a=1.000006 | H=2.41e-05 | 4.6 steps/s | 215.30 ms/step | ETA: 5378.8 min
Step 1070/1500000 | t=2.68e-01 | T=7375.0 | a=1.000006 | H=2.41e-05 | 4.6 steps/s | 217.24 ms/step | ETA: 5427.2 min
Step 1075/1500000 | t=2.69e-01 | T=7375.0 | a=1.000006 | H=2.41e-05 | 4.6 steps/s | 219.20 ms/step | ETA: 5476.1 min
Step 1080/1500000 | t=2.70e-01 | T=7375.0 | a=1.000007 | H=2.41e-05 | 4.5 steps/s | 221.05 ms/step | ETA: 5522.3 min
Step 1085/1500000 | t=2.71e-01 | T=7375.0 | a=1.000007 | H=2.41e-05 | 4.5 steps/s | 222.85 ms/step | ETA: 5567.2 min
Step 1090/1500000 | t=2.73e-01 | T=7375.0 | a=1.000007 | H=2.41e-05 | 4.5 steps/s | 224.60 ms/step | ETA: 5610.9 min
Step 1095/1500000 | t=2.74e-01 | T=7375.0 | a=1.000007 | H=2.41e-05 | 4.4 steps/s | 226.31 ms/step | ETA: 5653.7 min
Step 1100/1500000 | t=2.75e-01 | T=7375.0 | a=1.000007 | H=2.41e-05 | 4.4 steps/s | 228.11 ms/step | ETA: 5698.5 min
Step 1105/1500000 | t=2.76e-01 | T=7375.0 | a=1.000007 | H=2.41e-05 | 4.3 steps/s | 231.74 ms/step | ETA: 5789.3 min
Step 1110/1500000 | t=2.78e-01 | T=7375.0 | a=1.000007 | H=2.41e-05 | 4.3 steps/s | 233.45 ms/step | ETA: 5832.0 min
Step 1115/1500000 | t=2.79e-01 | T=7375.0 | a=1.000007 | H=2.41e-05 | 4.3 steps/s | 235.11 ms/step | ETA: 5873.4 min
Step 1120/1500000 | t=2.80e-01 | T=7375.0 | a=1.000007 | H=2.41e-05 | 4.2 steps/s | 236.82 ms/step | ETA: 5916.2 min
Step 1125/1500000 | t=2.81e-01 | T=7375.0 | a=1.000007 | H=2.41e-05 | 4.2 steps/s | 238.46 ms/step | ETA: 5957.0 min
Step 1130/1500000 | t=2.82e-01 | T=7374.9 | a=1.000007 | H=2.41e-05 | 4.2 steps/s | 240.09 ms/step | ETA: 5997.7 min
Step 1135/1500000 | t=2.84e-01 | T=7374.9 | a=1.000007 | H=2.41e-05 | 4.1 steps/s | 241.62 ms/step | ETA: 6035.9 min
Step 1140/1500000 | t=2.85e-01 | T=7374.9 | a=1.000007 | H=2.41e-05 | 4.1 steps/s | 243.26 ms/step | ETA: 6076.9 min
Step 1145/1500000 | t=2.86e-01 | T=7374.9 | a=1.000007 | H=2.41e-05 | 4.1 steps/s | 244.95 ms/step | ETA: 6119.1 min
Step 1150/1500000 | t=2.87e-01 | T=7374.9 | a=1.000007 | H=2.41e-05 | 4.1 steps/s | 246.56 ms/step | ETA: 6159.2 min
Step 1155/1500000 | t=2.89e-01 | T=7374.9 | a=1.000007 | H=2.41e-05 | 4.0 steps/s | 250.04 ms/step | ETA: 6246.1 min
Step 1160/1500000 | t=2.90e-01 | T=7374.9 | a=1.000007 | H=2.41e-05 | 4.0 steps/s | 251.58 ms/step | ETA: 6284.6 min
Step 1165/1500000 | t=2.91e-01 | T=7374.9 | a=1.000007 | H=2.41e-05 | 4.0 steps/s | 253.15 ms/step | ETA: 6323.9 min
Step 1170/1500000 | t=2.92e-01 | T=7374.9 | a=1.000007 | H=2.41e-05 | 3.9 steps/s | 254.59 ms/step | ETA: 6359.7 min
Step 1175/1500000 | t=2.94e-01 | T=7374.9 | a=1.000007 | H=2.41e-05 | 3.9 steps/s | 256.08 ms/step | ETA: 6397.1 min
Step 1180/1500000 | t=2.95e-01 | T=7374.9 | a=1.000007 | H=2.41e-05 | 3.9 steps/s | 257.51 ms/step | ETA: 6432.7 min
Step 1185/1500000 | t=2.96e-01 | T=7374.9 | a=1.000007 | H=2.41e-05 | 3.9 steps/s | 258.96 ms/step | ETA: 6468.8 min
Step 1190/1500000 | t=2.97e-01 | T=7374.9 | a=1.000007 | H=2.41e-05 | 3.8 steps/s | 260.36 ms/step | ETA: 6503.9 min
Step 1195/1500000 | t=2.99e-01 | T=7374.9 | a=1.000007 | H=2.41e-05 | 3.8 steps/s | 261.91 ms/step | ETA: 6542.4 min
Step 1200/1500000 | t=3.00e-01 | T=7374.9 | a=1.000007 | H=2.41e-05 | 3.8 steps/s | 264.13 ms/step | ETA: 6598.0 min
Step 1205/1500000 | t=3.01e-01 | T=7374.9 | a=1.000007 | H=2.41e-05 | 3.7 steps/s | 267.48 ms/step | ETA: 6681.6 min
Step 1210/1500000 | t=3.02e-01 | T=7374.9 | a=1.000007 | H=2.41e-05 | 3.7 steps/s | 269.34 ms/step | ETA: 6728.0 min
Step 1215/1500000 | t=3.04e-01 | T=7374.9 | a=1.000007 | H=2.41e-05 | 3.7 steps/s | 270.97 ms/step | ETA: 6768.8 min
