======================================================================
LATTICE SIMULATION LOG
Started: 2026-02-13 10:25:52
Log file: logs/simulation_20260213_102552.log
======================================================================

Numba Configuration:
  Version: 0.63.1
  Threading layer: default
  Configured threads: 11
  Active threads: 11
----------------------------------------------------------------------
OVERDAMPED MODE: η = 50.0 (rescaled: 5.00e-02)
Field precision: float32
Tree-level VEV: ±1.0000e+11

Finding thermal VEV at T = 7350.0...
  V'(0) = 2.1550e-07
  V'(VEV) = 7.1457e-31
  Thermal VEV found: 1.0000e+11
  Ratio thermal/tree: 1.0000

Finding escape point...
  V'(1e-10) = 2.1550e-07
  V'(1e0)   = 2.1550e+03
  V'(1e5)   = -9.9983e+10
  V'(1e8)   = -1.0000e+14
  V'(1e10)  = -9.9000e+15
  Barrier found between 7.7025e+02 and 8.1034e+02
  Barrier top at: 8.0472e+02
  Escape point: 8.8519e+02
  V'(escape) = -4.0450e+05 (should be < 0)

Using TREE-LEVEL VEV for seeding: 1.0000e+11
The bubble is seeded at the true vacuum (no rolling needed).

============================================================
BUBBLE SEEDING ENABLED
============================================================
Number of bubbles: 1
Profile type: tanh
Wall width: 20.0 lattice units
VEV magnitude: 1.0000e+11
------------------------------------------------------------
  Seeded bubble: center=(128, 128), radius=40, sign=+, profile=tanh
------------------------------------------------------------
Field after seeding: min=7.5094e+04, max=9.8201e+10
============================================================

Field states will be saved to: data/set6/T0_7350_dt_1e-05_a_0.001_interval_100000_seeded_1bubbles_tanh/field_states
Figures will be saved to: data/set6/T0_7350_dt_1e-05_a_0.001_interval_100000_seeded_1bubbles_tanh/figs/latticeSnapshot

============================================================
Starting time evolution...
Grid: 256×256, Steps: 100000000, dt: 1.00e-05
Using fused RK2: True
Using in-kernel RNG: True
Field precision: float32
Spline resolution N_Y: 256
Bubble seeding: ENABLED (1 bubbles)
  Bubble 1: (128, 128), R=40, +VEV
Thermal noise: ENABLED
Overdamped mode: ENABLED (η = 50.0, no ringing)
============================================================

Warming up JIT compilation...
JIT warmup complete.

------------------------------------------------------------
FORCE IMBALANCE DIAGNOSTIC (before relaxation)
------------------------------------------------------------
  Force imbalance (before relaxation):
    max|F| = 3.8386e+10  at lattice site (97, 108)
    phi range: [7.5094e+04, 9.8201e+10]
    Saved: data/set6/T0_7350_dt_1e-05_a_0.001_interval_100000_seeded_1bubbles_tanh/figs/latticeSnapshot/initial_force_imbalance.png
------------------------------------------------------------


============================================================
GRADIENT FLOW RELAXATION
============================================================
  dt_gf = 0.1, max_iter = 50000, tol = 1e-06
  Pinning 1 bubble center(s) to VEV
  JIT warmup for gradient_flow_update complete.
  Converged at iter 1! rel_change=0.00e+00 < tol=1e-06
  Gradient flow took 0.00s (1 iterations)
  Momentum reset to zero.
============================================================

------------------------------------------------------------
FORCE IMBALANCE DIAGNOSTIC (after gradient flow)
------------------------------------------------------------
  Force imbalance (after gradient flow):
    max|F| = 3.8385e+10  at lattice site (93, 112)
    phi range: [8.4785e+04, 9.8383e+10]
    Saved: data/set6/T0_7350_dt_1e-05_a_0.001_interval_100000_seeded_1bubbles_tanh/figs/latticeSnapshot/initial_force_imbalance_after_gf.png
------------------------------------------------------------

Starting main loop...

Step 0/100000000 | t=0.00e+00 | T=7350.0 | 108.5 steps/s | 0.00 ms/step | ETA: 0.0 min
Step 100000/100000000 | t=1.00e-03 | T=7350.0 | 287.6 steps/s | 3.48 ms/step | ETA: 5788.4 min
Step 200000/100000000 | t=2.00e-03 | T=7350.0 | 343.0 steps/s | 2.92 ms/step | ETA: 4849.4 min
Step 300000/100000000 | t=3.00e-03 | T=7350.0 | 239.1 steps/s | 4.18 ms/step | ETA: 6950.7 min
