======================================================================
LATTICE SIMULATION LOG
Started: 2026-02-26 20:18:16
Log file: logs/simulation_20260226_201816.log
======================================================================

Numba Configuration:
  Version: 0.63.1
  Threading layer: default
  Configured threads: 11
  Active threads: 11
----------------------------------------------------------------------

Time step: dt_phys = 2.50e-04, dt (rescaled) = 2.5000e-01
  CFL limit: dt_CFL = 0.5774 (rescaled)
  dt/dt_CFL = 4.3301e-01 (SAFE)

Hubble expansion: ENABLED (comoving lattice)
  g_* = 106.75, M_Pl = 2.40e+18 GeV, ΔV = 1.00e+28 GeV^4
  H² = (T⁴/χ_g² + ΔV) / (3 M_Pl²)
  H(T0=7410.0) = 2.4056e-05 GeV
  3H = 7.2169e-05 GeV
  η_phys = 3000 GeV  →  3H/η = 2.41e-08
  T(t) = T0 / a(t)  (entropy conservation)
  Initial a = 1.0
Field precision: float32
Tree-level VEV: ±1.0000e+11
Couplings: boson=1.09, fermion=1.09

Finding thermal VEV at T = 7410.0...
  V'(0) = 1.8860e-06
  V'(VEV) = 7.3221e-31
  Thermal VEV found: 1.0000e+11
  Ratio thermal/tree: 1.0000

Finding escape point...
  V'(1e-10) = 1.8860e-06
  V'(1e0)   = 1.8860e+04
  V'(1e5)   = -9.9981e+10
  V'(1e8)   = -1.0000e+14
  V'(1e10)  = -9.9000e+15
  Barrier found between 2.2355e+03 and 2.3518e+03
  Barrier top at: 2.3270e+03
  Escape point: 2.5597e+03
  V'(escape) = -1.0575e+07 (should be < 0)

Using TREE-LEVEL VEV for seeding: 1.0000e+11
The bubble is seeded at the true vacuum (no rolling needed).
Bubble seeding: DISABLED (thermal nucleation only)
Field states will be saved to: data/set6/256x256x256_T0_7410_dx_0.001_dtphys_0.00025_interval_4000_3D_hubble_eta_3000_gb_1.09_gf_1.09_rk2_fused_table/field_states
Figures will be saved to: data/set6/256x256x256_T0_7410_dx_0.001_dtphys_0.00025_interval_4000_3D_hubble_eta_3000_gb_1.09_gf_1.09_rk2_fused_table/figs/latticeSnapshot

============================================================
Starting time evolution...
Grid: 256×256×256, Steps: 500000, dt: 2.50e-01
Integrator: rk2_fused_table
Using Vprime lookup table: True (size=16384)
Using in-kernel RNG: True
Field precision: float32
Spline resolution N_Y: 256
Bubble seeding: DISABLED
Thermal noise: ENABLED (FDT noise_scale(T0) = 3.3339e+03)
Overdamped mode: DISABLED (η = 3000)
Hubble expansion: ENABLED
  H(T0) = 2.4056e-05 GeV, 3H/η = 2.41e-08
  g_* = 106.75, M_Pl = 2.40e+18 GeV
============================================================

Warming up JIT compilation...
JIT warmup complete.
Starting main loop...

Dense snapshots: enabled (threshold=40000.0, interval=100)
Step 0/500000 | t=0.00e+00 | T=7410.0 | a=1.000000 | H=2.41e-05 | 4.3 steps/s | 233.39 ms/step | ETA: 1944.9 min
Step 4000/500000 | t=1.00e+00 | T=7409.8 | a=1.000024 | H=2.41e-05 | 13.2 steps/s | 75.91 ms/step | ETA: 627.5 min
Step 8000/500000 | t=2.00e+00 | T=7409.6 | a=1.000048 | H=2.41e-05 | 13.3 steps/s | 75.35 ms/step | ETA: 617.8 min
Step 12000/500000 | t=3.00e+00 | T=7409.5 | a=1.000072 | H=2.41e-05 | 13.3 steps/s | 75.10 ms/step | ETA: 610.8 min
Step 16000/500000 | t=4.00e+00 | T=7409.3 | a=1.000096 | H=2.41e-05 | 13.3 steps/s | 75.00 ms/step | ETA: 605.0 min
Step 20000/500000 | t=5.00e+00 | T=7409.1 | a=1.000120 | H=2.41e-05 | 13.3 steps/s | 75.12 ms/step | ETA: 600.9 min
Step 24000/500000 | t=6.00e+00 | T=7408.9 | a=1.000144 | H=2.41e-05 | 13.3 steps/s | 75.12 ms/step | ETA: 596.0 min
Step 28000/500000 | t=7.00e+00 | T=7408.8 | a=1.000168 | H=2.41e-05 | 13.3 steps/s | 75.14 ms/step | ETA: 591.1 min
Step 32000/500000 | t=8.00e+00 | T=7408.6 | a=1.000192 | H=2.41e-05 | 13.3 steps/s | 75.15 ms/step | ETA: 586.2 min
Step 36000/500000 | t=9.00e+00 | T=7408.4 | a=1.000217 | H=2.41e-05 | 13.3 steps/s | 75.16 ms/step | ETA: 581.3 min
Step 40000/500000 | t=1.00e+01 | T=7408.2 | a=1.000241 | H=2.41e-05 | 13.3 steps/s | 75.17 ms/step | ETA: 576.3 min
Step 44000/500000 | t=1.10e+01 | T=7408.0 | a=1.000265 | H=2.41e-05 | 13.3 steps/s | 75.21 ms/step | ETA: 571.6 min
Step 48000/500000 | t=1.20e+01 | T=7407.9 | a=1.000289 | H=2.41e-05 | 13.3 steps/s | 75.21 ms/step | ETA: 566.6 min
Step 52000/500000 | t=1.30e+01 | T=7407.7 | a=1.000313 | H=2.41e-05 | 13.3 steps/s | 75.21 ms/step | ETA: 561.6 min
Step 56000/500000 | t=1.40e+01 | T=7407.5 | a=1.000337 | H=2.41e-05 | 13.3 steps/s | 75.20 ms/step | ETA: 556.5 min
Step 60000/500000 | t=1.50e+01 | T=7407.3 | a=1.000361 | H=2.41e-05 | 13.3 steps/s | 75.20 ms/step | ETA: 551.5 min
Step 64000/500000 | t=1.60e+01 | T=7407.1 | a=1.000385 | H=2.41e-05 | 13.3 steps/s | 75.21 ms/step | ETA: 546.5 min
Step 68000/500000 | t=1.70e+01 | T=7407.0 | a=1.000409 | H=2.41e-05 | 13.3 steps/s | 75.21 ms/step | ETA: 541.5 min
Step 72000/500000 | t=1.80e+01 | T=7406.8 | a=1.000433 | H=2.41e-05 | 13.3 steps/s | 75.21 ms/step | ETA: 536.5 min
Step 76000/500000 | t=1.90e+01 | T=7406.6 | a=1.000457 | H=2.41e-05 | 13.3 steps/s | 75.21 ms/step | ETA: 531.5 min
Step 80000/500000 | t=2.00e+01 | T=7406.4 | a=1.000481 | H=2.41e-05 | 13.3 steps/s | 75.22 ms/step | ETA: 526.5 min
Step 84000/500000 | t=2.10e+01 | T=7406.3 | a=1.000505 | H=2.41e-05 | 13.3 steps/s | 75.24 ms/step | ETA: 521.7 min
Step 88000/500000 | t=2.20e+01 | T=7406.1 | a=1.000529 | H=2.41e-05 | 13.3 steps/s | 75.25 ms/step | ETA: 516.7 min
Step 92000/500000 | t=2.30e+01 | T=7405.9 | a=1.000553 | H=2.41e-05 | 13.3 steps/s | 75.28 ms/step | ETA: 511.9 min
Step 96000/500000 | t=2.40e+01 | T=7405.7 | a=1.000578 | H=2.41e-05 | 13.3 steps/s | 75.28 ms/step | ETA: 506.9 min
Step 100000/500000 | t=2.50e+01 | T=7405.5 | a=1.000602 | H=2.41e-05 | 13.3 steps/s | 75.29 ms/step | ETA: 502.0 min
Step 104000/500000 | t=2.60e+01 | T=7405.4 | a=1.000626 | H=2.41e-05 | 13.3 steps/s | 75.28 ms/step | ETA: 496.8 min
Step 108000/500000 | t=2.70e+01 | T=7405.2 | a=1.000650 | H=2.41e-05 | 13.3 steps/s | 75.28 ms/step | ETA: 491.8 min
Step 112000/500000 | t=2.80e+01 | T=7405.0 | a=1.000674 | H=2.41e-05 | 13.3 steps/s | 75.27 ms/step | ETA: 486.8 min
Step 116000/500000 | t=2.90e+01 | T=7404.8 | a=1.000698 | H=2.41e-05 | 13.3 steps/s | 75.28 ms/step | ETA: 481.8 min
Step 120000/500000 | t=3.00e+01 | T=7404.7 | a=1.000722 | H=2.41e-05 | 13.3 steps/s | 75.28 ms/step | ETA: 476.8 min
Step 124000/500000 | t=3.10e+01 | T=7404.5 | a=1.000746 | H=2.41e-05 | 13.3 steps/s | 75.29 ms/step | ETA: 471.8 min
Step 128000/500000 | t=3.20e+01 | T=7404.3 | a=1.000770 | H=2.41e-05 | 13.3 steps/s | 75.29 ms/step | ETA: 466.8 min
Step 132000/500000 | t=3.30e+01 | T=7404.1 | a=1.000794 | H=2.41e-05 | 13.3 steps/s | 75.29 ms/step | ETA: 461.8 min
Step 136000/500000 | t=3.40e+01 | T=7403.9 | a=1.000818 | H=2.41e-05 | 13.3 steps/s | 75.29 ms/step | ETA: 456.7 min
Step 140000/500000 | t=3.50e+01 | T=7403.8 | a=1.000842 | H=2.41e-05 | 13.3 steps/s | 75.29 ms/step | ETA: 451.7 min

*** phi threshold exceeded: max|phi|=40230.4 > 40000.0
*** Switching to dense snapshots: every 100 steps

Step 142400/500000 | t=3.56e+01 | T=7403.7 | a=1.000857 | H=2.41e-05 | 13.3 steps/s | 75.30 ms/step | ETA: 448.8 min
Step 142500/500000 | t=3.56e+01 | T=7403.7 | a=1.000857 | H=2.41e-05 | 13.3 steps/s | 75.31 ms/step | ETA: 448.7 min
Step 142600/500000 | t=3.56e+01 | T=7403.6 | a=1.000858 | H=2.41e-05 | 13.3 steps/s | 75.34 ms/step | ETA: 448.7 min
Step 142700/500000 | t=3.57e+01 | T=7403.6 | a=1.000859 | H=2.41e-05 | 13.3 steps/s | 75.35 ms/step | ETA: 448.7 min
Step 142800/500000 | t=3.57e+01 | T=7403.6 | a=1.000859 | H=2.41e-05 | 13.3 steps/s | 75.37 ms/step | ETA: 448.7 min
Step 142900/500000 | t=3.57e+01 | T=7403.6 | a=1.000860 | H=2.41e-05 | 13.3 steps/s | 75.41 ms/step | ETA: 448.8 min
Step 143000/500000 | t=3.58e+01 | T=7403.6 | a=1.000860 | H=2.41e-05 | 13.3 steps/s | 75.42 ms/step | ETA: 448.7 min
Step 143100/500000 | t=3.58e+01 | T=7403.6 | a=1.000861 | H=2.41e-05 | 13.3 steps/s | 75.42 ms/step | ETA: 448.6 min
Step 143200/500000 | t=3.58e+01 | T=7403.6 | a=1.000862 | H=2.41e-05 | 13.3 steps/s | 75.43 ms/step | ETA: 448.6 min
Step 143300/500000 | t=3.58e+01 | T=7403.6 | a=1.000862 | H=2.41e-05 | 13.3 steps/s | 75.44 ms/step | ETA: 448.5 min
Step 143400/500000 | t=3.59e+01 | T=7403.6 | a=1.000863 | H=2.41e-05 | 13.3 steps/s | 75.44 ms/step | ETA: 448.4 min
Step 143500/500000 | t=3.59e+01 | T=7403.6 | a=1.000863 | H=2.41e-05 | 13.3 steps/s | 75.45 ms/step | ETA: 448.3 min
Step 143600/500000 | t=3.59e+01 | T=7403.6 | a=1.000864 | H=2.41e-05 | 13.3 steps/s | 75.45 ms/step | ETA: 448.2 min
Step 143700/500000 | t=3.59e+01 | T=7403.6 | a=1.000865 | H=2.41e-05 | 13.3 steps/s | 75.45 ms/step | ETA: 448.1 min
Step 143800/500000 | t=3.60e+01 | T=7403.6 | a=1.000865 | H=2.41e-05 | 13.3 steps/s | 75.46 ms/step | ETA: 448.0 min
Step 143900/500000 | t=3.60e+01 | T=7403.6 | a=1.000866 | H=2.41e-05 | 13.2 steps/s | 75.48 ms/step | ETA: 448.0 min
Step 144000/500000 | t=3.60e+01 | T=7403.6 | a=1.000866 | H=2.41e-05 | 13.2 steps/s | 75.48 ms/step | ETA: 447.9 min
Step 144100/500000 | t=3.60e+01 | T=7403.6 | a=1.000867 | H=2.41e-05 | 13.2 steps/s | 75.49 ms/step | ETA: 447.8 min
Step 144200/500000 | t=3.60e+01 | T=7403.6 | a=1.000868 | H=2.41e-05 | 13.2 steps/s | 75.49 ms/step | ETA: 447.7 min
Step 144300/500000 | t=3.61e+01 | T=7403.6 | a=1.000868 | H=2.41e-05 | 13.2 steps/s | 75.50 ms/step | ETA: 447.6 min
Step 144400/500000 | t=3.61e+01 | T=7403.6 | a=1.000869 | H=2.41e-05 | 13.2 steps/s | 75.50 ms/step | ETA: 447.5 min
Step 144500/500000 | t=3.61e+01 | T=7403.6 | a=1.000869 | H=2.41e-05 | 13.2 steps/s | 75.50 ms/step | ETA: 447.4 min
Step 144600/500000 | t=3.61e+01 | T=7403.6 | a=1.000870 | H=2.41e-05 | 13.2 steps/s | 75.51 ms/step | ETA: 447.3 min
Step 144700/500000 | t=3.62e+01 | T=7403.6 | a=1.000871 | H=2.41e-05 | 13.2 steps/s | 75.51 ms/step | ETA: 447.2 min
Step 144800/500000 | t=3.62e+01 | T=7403.5 | a=1.000871 | H=2.41e-05 | 13.2 steps/s | 75.52 ms/step | ETA: 447.1 min
Step 144900/500000 | t=3.62e+01 | T=7403.5 | a=1.000872 | H=2.41e-05 | 13.2 steps/s | 75.54 ms/step | ETA: 447.1 min
Step 145000/500000 | t=3.62e+01 | T=7403.5 | a=1.000872 | H=2.41e-05 | 13.2 steps/s | 75.54 ms/step | ETA: 447.0 min
Step 145100/500000 | t=3.63e+01 | T=7403.5 | a=1.000873 | H=2.41e-05 | 13.2 steps/s | 75.55 ms/step | ETA: 446.9 min
Step 145200/500000 | t=3.63e+01 | T=7403.5 | a=1.000874 | H=2.41e-05 | 13.2 steps/s | 75.55 ms/step | ETA: 446.8 min
Step 145300/500000 | t=3.63e+01 | T=7403.5 | a=1.000874 | H=2.41e-05 | 13.2 steps/s | 75.56 ms/step | ETA: 446.7 min
Step 145400/500000 | t=3.64e+01 | T=7403.5 | a=1.000875 | H=2.41e-05 | 13.2 steps/s | 75.56 ms/step | ETA: 446.6 min
Step 145500/500000 | t=3.64e+01 | T=7403.5 | a=1.000875 | H=2.41e-05 | 13.2 steps/s | 75.57 ms/step | ETA: 446.5 min
Step 145600/500000 | t=3.64e+01 | T=7403.5 | a=1.000876 | H=2.41e-05 | 13.2 steps/s | 75.57 ms/step | ETA: 446.4 min
Step 145700/500000 | t=3.64e+01 | T=7403.5 | a=1.000877 | H=2.41e-05 | 13.2 steps/s | 75.57 ms/step | ETA: 446.3 min
Step 145800/500000 | t=3.65e+01 | T=7403.5 | a=1.000877 | H=2.41e-05 | 13.2 steps/s | 75.58 ms/step | ETA: 446.2 min
Step 145900/500000 | t=3.65e+01 | T=7403.5 | a=1.000878 | H=2.41e-05 | 13.2 steps/s | 75.61 ms/step | ETA: 446.2 min
Step 146000/500000 | t=3.65e+01 | T=7403.5 | a=1.000878 | H=2.41e-05 | 13.2 steps/s | 75.63 ms/step | ETA: 446.2 min
Step 146100/500000 | t=3.65e+01 | T=7403.5 | a=1.000879 | H=2.41e-05 | 13.2 steps/s | 75.66 ms/step | ETA: 446.3 min
Step 146200/500000 | t=3.65e+01 | T=7403.5 | a=1.000880 | H=2.41e-05 | 13.2 steps/s | 75.67 ms/step | ETA: 446.2 min
Step 146300/500000 | t=3.66e+01 | T=7403.5 | a=1.000880 | H=2.41e-05 | 13.2 steps/s | 75.68 ms/step | ETA: 446.1 min
Step 146400/500000 | t=3.66e+01 | T=7403.5 | a=1.000881 | H=2.41e-05 | 13.2 steps/s | 75.68 ms/step | ETA: 446.0 min
Step 146500/500000 | t=3.66e+01 | T=7403.5 | a=1.000881 | H=2.41e-05 | 13.2 steps/s | 75.69 ms/step | ETA: 445.9 min
Step 146600/500000 | t=3.66e+01 | T=7403.5 | a=1.000882 | H=2.41e-05 | 13.2 steps/s | 75.69 ms/step | ETA: 445.8 min
Step 146700/500000 | t=3.67e+01 | T=7403.5 | a=1.000883 | H=2.41e-05 | 13.2 steps/s | 75.69 ms/step | ETA: 445.7 min
Step 146800/500000 | t=3.67e+01 | T=7403.5 | a=1.000883 | H=2.41e-05 | 13.2 steps/s | 75.70 ms/step | ETA: 445.6 min
Step 146900/500000 | t=3.67e+01 | T=7403.5 | a=1.000884 | H=2.41e-05 | 13.2 steps/s | 75.72 ms/step | ETA: 445.6 min
Step 147000/500000 | t=3.68e+01 | T=7403.5 | a=1.000884 | H=2.41e-05 | 13.2 steps/s | 75.72 ms/step | ETA: 445.5 min
Step 147100/500000 | t=3.68e+01 | T=7403.4 | a=1.000885 | H=2.41e-05 | 13.2 steps/s | 75.73 ms/step | ETA: 445.4 min
Step 147200/500000 | t=3.68e+01 | T=7403.4 | a=1.000886 | H=2.41e-05 | 13.2 steps/s | 75.73 ms/step | ETA: 445.3 min
Step 147300/500000 | t=3.68e+01 | T=7403.4 | a=1.000886 | H=2.41e-05 | 13.2 steps/s | 75.73 ms/step | ETA: 445.2 min
Step 147400/500000 | t=3.69e+01 | T=7403.4 | a=1.000887 | H=2.41e-05 | 13.2 steps/s | 75.74 ms/step | ETA: 445.1 min
Step 147500/500000 | t=3.69e+01 | T=7403.4 | a=1.000887 | H=2.41e-05 | 13.2 steps/s | 75.74 ms/step | ETA: 445.0 min
Step 147600/500000 | t=3.69e+01 | T=7403.4 | a=1.000888 | H=2.41e-05 | 13.2 steps/s | 75.75 ms/step | ETA: 444.9 min
Step 147700/500000 | t=3.69e+01 | T=7403.4 | a=1.000889 | H=2.41e-05 | 13.2 steps/s | 75.75 ms/step | ETA: 444.8 min
Step 147800/500000 | t=3.70e+01 | T=7403.4 | a=1.000889 | H=2.41e-05 | 13.2 steps/s | 75.76 ms/step | ETA: 444.7 min
Step 147900/500000 | t=3.70e+01 | T=7403.4 | a=1.000890 | H=2.41e-05 | 13.2 steps/s | 75.77 ms/step | ETA: 444.7 min
Step 148000/500000 | t=3.70e+01 | T=7403.4 | a=1.000890 | H=2.41e-05 | 13.2 steps/s | 75.78 ms/step | ETA: 444.6 min
Step 148100/500000 | t=3.70e+01 | T=7403.4 | a=1.000891 | H=2.41e-05 | 13.2 steps/s | 75.78 ms/step | ETA: 444.5 min
Step 148200/500000 | t=3.70e+01 | T=7403.4 | a=1.000892 | H=2.41e-05 | 13.2 steps/s | 75.79 ms/step | ETA: 444.4 min
Step 148300/500000 | t=3.71e+01 | T=7403.4 | a=1.000892 | H=2.41e-05 | 13.2 steps/s | 75.79 ms/step | ETA: 444.3 min
Step 148400/500000 | t=3.71e+01 | T=7403.4 | a=1.000893 | H=2.41e-05 | 13.2 steps/s | 75.80 ms/step | ETA: 444.2 min
Step 148500/500000 | t=3.71e+01 | T=7403.4 | a=1.000893 | H=2.41e-05 | 13.2 steps/s | 75.80 ms/step | ETA: 444.1 min
Step 148600/500000 | t=3.71e+01 | T=7403.4 | a=1.000894 | H=2.41e-05 | 13.2 steps/s | 75.80 ms/step | ETA: 444.0 min
Step 148700/500000 | t=3.72e+01 | T=7403.4 | a=1.000895 | H=2.41e-05 | 13.2 steps/s | 75.81 ms/step | ETA: 443.9 min
Step 148800/500000 | t=3.72e+01 | T=7403.4 | a=1.000895 | H=2.41e-05 | 13.2 steps/s | 75.81 ms/step | ETA: 443.8 min
Step 148900/500000 | t=3.72e+01 | T=7403.4 | a=1.000896 | H=2.41e-05 | 13.2 steps/s | 75.83 ms/step | ETA: 443.7 min
Step 149000/500000 | t=3.72e+01 | T=7403.4 | a=1.000897 | H=2.41e-05 | 13.2 steps/s | 75.84 ms/step | ETA: 443.6 min
Step 149100/500000 | t=3.73e+01 | T=7403.4 | a=1.000897 | H=2.41e-05 | 13.2 steps/s | 75.84 ms/step | ETA: 443.5 min
Step 149200/500000 | t=3.73e+01 | T=7403.4 | a=1.000898 | H=2.41e-05 | 13.2 steps/s | 75.85 ms/step | ETA: 443.4 min
Step 149300/500000 | t=3.73e+01 | T=7403.3 | a=1.000898 | H=2.41e-05 | 13.2 steps/s | 75.85 ms/step | ETA: 443.3 min
Step 149400/500000 | t=3.74e+01 | T=7403.3 | a=1.000899 | H=2.41e-05 | 13.2 steps/s | 75.85 ms/step | ETA: 443.2 min
Step 149500/500000 | t=3.74e+01 | T=7403.3 | a=1.000900 | H=2.41e-05 | 13.2 steps/s | 75.86 ms/step | ETA: 443.1 min
Step 149600/500000 | t=3.74e+01 | T=7403.3 | a=1.000900 | H=2.41e-05 | 13.2 steps/s | 75.86 ms/step | ETA: 443.0 min
Step 149700/500000 | t=3.74e+01 | T=7403.3 | a=1.000901 | H=2.41e-05 | 13.2 steps/s | 75.87 ms/step | ETA: 442.9 min
Step 149800/500000 | t=3.75e+01 | T=7403.3 | a=1.000901 | H=2.41e-05 | 13.2 steps/s | 75.87 ms/step | ETA: 442.8 min
Step 149900/500000 | t=3.75e+01 | T=7403.3 | a=1.000902 | H=2.41e-05 | 13.2 steps/s | 75.89 ms/step | ETA: 442.8 min
Step 150000/500000 | t=3.75e+01 | T=7403.3 | a=1.000903 | H=2.41e-05 | 13.2 steps/s | 75.90 ms/step | ETA: 442.7 min
Step 150100/500000 | t=3.75e+01 | T=7403.3 | a=1.000903 | H=2.41e-05 | 13.2 steps/s | 75.90 ms/step | ETA: 442.6 min
Step 150200/500000 | t=3.75e+01 | T=7403.3 | a=1.000904 | H=2.41e-05 | 13.2 steps/s | 75.90 ms/step | ETA: 442.5 min
Step 150300/500000 | t=3.76e+01 | T=7403.3 | a=1.000904 | H=2.41e-05 | 13.2 steps/s | 75.91 ms/step | ETA: 442.4 min
Step 150400/500000 | t=3.76e+01 | T=7403.3 | a=1.000905 | H=2.41e-05 | 13.2 steps/s | 75.91 ms/step | ETA: 442.3 min
Step 150500/500000 | t=3.76e+01 | T=7403.3 | a=1.000906 | H=2.41e-05 | 13.2 steps/s | 75.91 ms/step | ETA: 442.2 min
Step 150600/500000 | t=3.76e+01 | T=7403.3 | a=1.000906 | H=2.41e-05 | 13.2 steps/s | 75.92 ms/step | ETA: 442.1 min
Step 150700/500000 | t=3.77e+01 | T=7403.3 | a=1.000907 | H=2.41e-05 | 13.2 steps/s | 75.92 ms/step | ETA: 442.0 min
Step 150800/500000 | t=3.77e+01 | T=7403.3 | a=1.000907 | H=2.41e-05 | 13.2 steps/s | 75.93 ms/step | ETA: 441.9 min
Step 150900/500000 | t=3.77e+01 | T=7403.3 | a=1.000908 | H=2.41e-05 | 13.2 steps/s | 75.95 ms/step | ETA: 441.9 min
Step 151000/500000 | t=3.78e+01 | T=7403.3 | a=1.000909 | H=2.41e-05 | 13.2 steps/s | 75.95 ms/step | ETA: 441.8 min
Step 151100/500000 | t=3.78e+01 | T=7403.3 | a=1.000909 | H=2.41e-05 | 13.2 steps/s | 75.95 ms/step | ETA: 441.7 min
Step 151200/500000 | t=3.78e+01 | T=7403.3 | a=1.000910 | H=2.41e-05 | 13.2 steps/s | 75.96 ms/step | ETA: 441.6 min
Step 151300/500000 | t=3.78e+01 | T=7403.3 | a=1.000910 | H=2.41e-05 | 13.2 steps/s | 75.97 ms/step | ETA: 441.5 min
Step 151400/500000 | t=3.79e+01 | T=7403.3 | a=1.000911 | H=2.41e-05 | 13.2 steps/s | 75.97 ms/step | ETA: 441.4 min
Step 151500/500000 | t=3.79e+01 | T=7403.3 | a=1.000912 | H=2.41e-05 | 13.2 steps/s | 75.98 ms/step | ETA: 441.3 min
Step 151600/500000 | t=3.79e+01 | T=7403.2 | a=1.000912 | H=2.41e-05 | 13.2 steps/s | 75.99 ms/step | ETA: 441.2 min
Step 151700/500000 | t=3.79e+01 | T=7403.2 | a=1.000913 | H=2.41e-05 | 13.2 steps/s | 76.00 ms/step | ETA: 441.2 min
Step 151800/500000 | t=3.80e+01 | T=7403.2 | a=1.000913 | H=2.41e-05 | 13.2 steps/s | 76.00 ms/step | ETA: 441.1 min
Step 151900/500000 | t=3.80e+01 | T=7403.2 | a=1.000914 | H=2.41e-05 | 13.2 steps/s | 76.02 ms/step | ETA: 441.0 min
Step 152000/500000 | t=3.80e+01 | T=7403.2 | a=1.000915 | H=2.41e-05 | 13.2 steps/s | 76.02 ms/step | ETA: 440.9 min
Step 152100/500000 | t=3.80e+01 | T=7403.2 | a=1.000915 | H=2.41e-05 | 13.2 steps/s | 76.03 ms/step | ETA: 440.8 min
Step 152200/500000 | t=3.80e+01 | T=7403.2 | a=1.000916 | H=2.41e-05 | 13.2 steps/s | 76.03 ms/step | ETA: 440.7 min
Step 152300/500000 | t=3.81e+01 | T=7403.2 | a=1.000916 | H=2.41e-05 | 13.2 steps/s | 76.04 ms/step | ETA: 440.6 min
Step 152400/500000 | t=3.81e+01 | T=7403.2 | a=1.000917 | H=2.41e-05 | 13.2 steps/s | 76.04 ms/step | ETA: 440.5 min
Step 152500/500000 | t=3.81e+01 | T=7403.2 | a=1.000918 | H=2.41e-05 | 13.2 steps/s | 76.04 ms/step | ETA: 440.4 min
Step 152600/500000 | t=3.81e+01 | T=7403.2 | a=1.000918 | H=2.41e-05 | 13.1 steps/s | 76.05 ms/step | ETA: 440.3 min
Step 152700/500000 | t=3.82e+01 | T=7403.2 | a=1.000919 | H=2.41e-05 | 13.1 steps/s | 76.05 ms/step | ETA: 440.2 min
Step 152800/500000 | t=3.82e+01 | T=7403.2 | a=1.000919 | H=2.41e-05 | 13.1 steps/s | 76.06 ms/step | ETA: 440.1 min
Step 152900/500000 | t=3.82e+01 | T=7403.2 | a=1.000920 | H=2.41e-05 | 13.1 steps/s | 76.08 ms/step | ETA: 440.1 min
Step 153000/500000 | t=3.82e+01 | T=7403.2 | a=1.000921 | H=2.41e-05 | 13.1 steps/s | 76.09 ms/step | ETA: 440.0 min
Step 153100/500000 | t=3.83e+01 | T=7403.2 | a=1.000921 | H=2.41e-05 | 13.1 steps/s | 76.09 ms/step | ETA: 439.9 min
Step 153200/500000 | t=3.83e+01 | T=7403.2 | a=1.000922 | H=2.41e-05 | 13.1 steps/s | 76.09 ms/step | ETA: 439.8 min
Step 153300/500000 | t=3.83e+01 | T=7403.2 | a=1.000922 | H=2.41e-05 | 13.1 steps/s | 76.10 ms/step | ETA: 439.7 min
Step 153400/500000 | t=3.84e+01 | T=7403.2 | a=1.000923 | H=2.41e-05 | 13.1 steps/s | 76.10 ms/step | ETA: 439.6 min
Step 153500/500000 | t=3.84e+01 | T=7403.2 | a=1.000924 | H=2.41e-05 | 13.1 steps/s | 76.11 ms/step | ETA: 439.5 min
Step 153600/500000 | t=3.84e+01 | T=7403.2 | a=1.000924 | H=2.41e-05 | 13.1 steps/s | 76.11 ms/step | ETA: 439.4 min
Step 153700/500000 | t=3.84e+01 | T=7403.2 | a=1.000925 | H=2.41e-05 | 13.1 steps/s | 76.11 ms/step | ETA: 439.3 min
Step 153800/500000 | t=3.85e+01 | T=7403.1 | a=1.000925 | H=2.41e-05 | 13.1 steps/s | 76.12 ms/step | ETA: 439.2 min
Step 153900/500000 | t=3.85e+01 | T=7403.1 | a=1.000926 | H=2.41e-05 | 13.1 steps/s | 76.13 ms/step | ETA: 439.2 min
Step 154000/500000 | t=3.85e+01 | T=7403.1 | a=1.000927 | H=2.41e-05 | 13.1 steps/s | 76.14 ms/step | ETA: 439.1 min
Step 154100/500000 | t=3.85e+01 | T=7403.1 | a=1.000927 | H=2.41e-05 | 13.1 steps/s | 76.14 ms/step | ETA: 439.0 min
Step 154200/500000 | t=3.85e+01 | T=7403.1 | a=1.000928 | H=2.41e-05 | 13.1 steps/s | 76.15 ms/step | ETA: 438.9 min
Step 154300/500000 | t=3.86e+01 | T=7403.1 | a=1.000928 | H=2.41e-05 | 13.1 steps/s | 76.15 ms/step | ETA: 438.8 min
Step 154400/500000 | t=3.86e+01 | T=7403.1 | a=1.000929 | H=2.41e-05 | 13.1 steps/s | 76.16 ms/step | ETA: 438.7 min
Step 154500/500000 | t=3.86e+01 | T=7403.1 | a=1.000930 | H=2.41e-05 | 13.1 steps/s | 76.16 ms/step | ETA: 438.6 min
Step 154600/500000 | t=3.86e+01 | T=7403.1 | a=1.000930 | H=2.41e-05 | 13.1 steps/s | 76.17 ms/step | ETA: 438.5 min
Step 154700/500000 | t=3.87e+01 | T=7403.1 | a=1.000931 | H=2.41e-05 | 13.1 steps/s | 76.17 ms/step | ETA: 438.3 min
Step 154800/500000 | t=3.87e+01 | T=7403.1 | a=1.000931 | H=2.41e-05 | 13.1 steps/s | 76.17 ms/step | ETA: 438.3 min
Step 154900/500000 | t=3.87e+01 | T=7403.1 | a=1.000932 | H=2.41e-05 | 13.1 steps/s | 76.19 ms/step | ETA: 438.2 min
Step 155000/500000 | t=3.88e+01 | T=7403.1 | a=1.000933 | H=2.41e-05 | 13.1 steps/s | 76.20 ms/step | ETA: 438.1 min
Step 155100/500000 | t=3.88e+01 | T=7403.1 | a=1.000933 | H=2.41e-05 | 13.1 steps/s | 76.20 ms/step | ETA: 438.0 min
Step 155200/500000 | t=3.88e+01 | T=7403.1 | a=1.000934 | H=2.41e-05 | 13.1 steps/s | 76.20 ms/step | ETA: 437.9 min
Step 155300/500000 | t=3.88e+01 | T=7403.1 | a=1.000934 | H=2.41e-05 | 13.1 steps/s | 76.20 ms/step | ETA: 437.8 min
Step 155400/500000 | t=3.89e+01 | T=7403.1 | a=1.000935 | H=2.41e-05 | 13.1 steps/s | 76.21 ms/step | ETA: 437.7 min
Step 155500/500000 | t=3.89e+01 | T=7403.1 | a=1.000936 | H=2.41e-05 | 13.1 steps/s | 76.21 ms/step | ETA: 437.6 min
Step 155600/500000 | t=3.89e+01 | T=7403.1 | a=1.000936 | H=2.41e-05 | 13.1 steps/s | 76.22 ms/step | ETA: 437.5 min
Step 155700/500000 | t=3.89e+01 | T=7403.1 | a=1.000937 | H=2.41e-05 | 13.1 steps/s | 76.22 ms/step | ETA: 437.4 min
Step 155800/500000 | t=3.90e+01 | T=7403.1 | a=1.000937 | H=2.41e-05 | 13.1 steps/s | 76.22 ms/step | ETA: 437.3 min
Step 155900/500000 | t=3.90e+01 | T=7403.1 | a=1.000938 | H=2.41e-05 | 13.1 steps/s | 76.24 ms/step | ETA: 437.2 min
Step 156000/500000 | t=3.90e+01 | T=7403.1 | a=1.000939 | H=2.41e-05 | 13.1 steps/s | 76.25 ms/step | ETA: 437.2 min
Step 156100/500000 | t=3.90e+01 | T=7403.0 | a=1.000939 | H=2.41e-05 | 13.1 steps/s | 76.26 ms/step | ETA: 437.1 min
Step 156200/500000 | t=3.90e+01 | T=7403.0 | a=1.000940 | H=2.41e-05 | 13.1 steps/s | 76.27 ms/step | ETA: 437.0 min
Step 156300/500000 | t=3.91e+01 | T=7403.0 | a=1.000940 | H=2.41e-05 | 13.1 steps/s | 76.27 ms/step | ETA: 436.9 min
Step 156400/500000 | t=3.91e+01 | T=7403.0 | a=1.000941 | H=2.41e-05 | 13.1 steps/s | 76.28 ms/step | ETA: 436.8 min
Step 156500/500000 | t=3.91e+01 | T=7403.0 | a=1.000942 | H=2.41e-05 | 13.1 steps/s | 76.28 ms/step | ETA: 436.7 min
Step 156600/500000 | t=3.91e+01 | T=7403.0 | a=1.000942 | H=2.41e-05 | 13.1 steps/s | 76.28 ms/step | ETA: 436.6 min
Step 156700/500000 | t=3.92e+01 | T=7403.0 | a=1.000943 | H=2.41e-05 | 13.1 steps/s | 76.29 ms/step | ETA: 436.5 min
Step 156800/500000 | t=3.92e+01 | T=7403.0 | a=1.000943 | H=2.41e-05 | 13.1 steps/s | 76.31 ms/step | ETA: 436.5 min
Step 156900/500000 | t=3.92e+01 | T=7403.0 | a=1.000944 | H=2.41e-05 | 13.1 steps/s | 76.34 ms/step | ETA: 436.5 min
Step 157000/500000 | t=3.92e+01 | T=7403.0 | a=1.000945 | H=2.41e-05 | 13.1 steps/s | 76.35 ms/step | ETA: 436.4 min
Step 157100/500000 | t=3.93e+01 | T=7403.0 | a=1.000945 | H=2.41e-05 | 13.1 steps/s | 76.36 ms/step | ETA: 436.4 min
Step 157200/500000 | t=3.93e+01 | T=7403.0 | a=1.000946 | H=2.41e-05 | 13.1 steps/s | 76.36 ms/step | ETA: 436.3 min
Step 157300/500000 | t=3.93e+01 | T=7403.0 | a=1.000946 | H=2.41e-05 | 13.1 steps/s | 76.36 ms/step | ETA: 436.2 min
Step 157400/500000 | t=3.94e+01 | T=7403.0 | a=1.000947 | H=2.41e-05 | 13.1 steps/s | 76.37 ms/step | ETA: 436.1 min
Step 157500/500000 | t=3.94e+01 | T=7403.0 | a=1.000948 | H=2.41e-05 | 13.1 steps/s | 76.38 ms/step | ETA: 436.0 min
Step 157600/500000 | t=3.94e+01 | T=7403.0 | a=1.000948 | H=2.41e-05 | 13.1 steps/s | 76.38 ms/step | ETA: 435.9 min
Step 157700/500000 | t=3.94e+01 | T=7403.0 | a=1.000949 | H=2.41e-05 | 13.1 steps/s | 76.39 ms/step | ETA: 435.8 min
Step 157800/500000 | t=3.95e+01 | T=7403.0 | a=1.000949 | H=2.41e-05 | 13.1 steps/s | 76.40 ms/step | ETA: 435.7 min
Step 157900/500000 | t=3.95e+01 | T=7403.0 | a=1.000950 | H=2.41e-05 | 13.1 steps/s | 76.41 ms/step | ETA: 435.7 min
Step 158000/500000 | t=3.95e+01 | T=7403.0 | a=1.000951 | H=2.41e-05 | 13.1 steps/s | 76.42 ms/step | ETA: 435.6 min
Step 158100/500000 | t=3.95e+01 | T=7403.0 | a=1.000951 | H=2.41e-05 | 13.1 steps/s | 76.42 ms/step | ETA: 435.5 min
Step 158200/500000 | t=3.95e+01 | T=7403.0 | a=1.000952 | H=2.41e-05 | 13.1 steps/s | 76.42 ms/step | ETA: 435.4 min
Step 158300/500000 | t=3.96e+01 | T=7402.9 | a=1.000952 | H=2.41e-05 | 13.1 steps/s | 76.43 ms/step | ETA: 435.3 min
Step 158400/500000 | t=3.96e+01 | T=7402.9 | a=1.000953 | H=2.41e-05 | 13.1 steps/s | 76.44 ms/step | ETA: 435.2 min
Step 158500/500000 | t=3.96e+01 | T=7402.9 | a=1.000954 | H=2.41e-05 | 13.1 steps/s | 76.44 ms/step | ETA: 435.1 min
Step 158600/500000 | t=3.96e+01 | T=7402.9 | a=1.000954 | H=2.41e-05 | 13.1 steps/s | 76.44 ms/step | ETA: 435.0 min
Step 158700/500000 | t=3.97e+01 | T=7402.9 | a=1.000955 | H=2.41e-05 | 13.1 steps/s | 76.45 ms/step | ETA: 434.8 min
Step 158800/500000 | t=3.97e+01 | T=7402.9 | a=1.000955 | H=2.41e-05 | 13.1 steps/s | 76.45 ms/step | ETA: 434.7 min
Step 158900/500000 | t=3.97e+01 | T=7402.9 | a=1.000956 | H=2.41e-05 | 13.1 steps/s | 76.47 ms/step | ETA: 434.7 min
Step 159000/500000 | t=3.98e+01 | T=7402.9 | a=1.000957 | H=2.41e-05 | 13.1 steps/s | 76.47 ms/step | ETA: 434.6 min
Step 159100/500000 | t=3.98e+01 | T=7402.9 | a=1.000957 | H=2.41e-05 | 13.1 steps/s | 76.48 ms/step | ETA: 434.5 min
Step 159200/500000 | t=3.98e+01 | T=7402.9 | a=1.000958 | H=2.41e-05 | 13.1 steps/s | 76.48 ms/step | ETA: 434.4 min
Step 159300/500000 | t=3.98e+01 | T=7402.9 | a=1.000959 | H=2.41e-05 | 13.1 steps/s | 76.48 ms/step | ETA: 434.3 min
Step 159400/500000 | t=3.99e+01 | T=7402.9 | a=1.000959 | H=2.41e-05 | 13.1 steps/s | 76.49 ms/step | ETA: 434.2 min
Step 159500/500000 | t=3.99e+01 | T=7402.9 | a=1.000960 | H=2.41e-05 | 13.1 steps/s | 76.49 ms/step | ETA: 434.1 min
Step 159600/500000 | t=3.99e+01 | T=7402.9 | a=1.000960 | H=2.41e-05 | 13.1 steps/s | 76.50 ms/step | ETA: 434.0 min
Step 159700/500000 | t=3.99e+01 | T=7402.9 | a=1.000961 | H=2.41e-05 | 13.1 steps/s | 76.50 ms/step | ETA: 433.9 min
Step 159800/500000 | t=4.00e+01 | T=7402.9 | a=1.000962 | H=2.41e-05 | 13.1 steps/s | 76.50 ms/step | ETA: 433.8 min
Step 159900/500000 | t=4.00e+01 | T=7402.9 | a=1.000962 | H=2.41e-05 | 13.1 steps/s | 76.53 ms/step | ETA: 433.8 min
Step 160000/500000 | t=4.00e+01 | T=7402.9 | a=1.000963 | H=2.41e-05 | 13.1 steps/s | 76.53 ms/step | ETA: 433.7 min
Step 160100/500000 | t=4.00e+01 | T=7402.9 | a=1.000963 | H=2.41e-05 | 13.1 steps/s | 76.53 ms/step | ETA: 433.6 min
Step 160200/500000 | t=4.00e+01 | T=7402.9 | a=1.000964 | H=2.41e-05 | 13.1 steps/s | 76.54 ms/step | ETA: 433.5 min
Step 160300/500000 | t=4.01e+01 | T=7402.9 | a=1.000965 | H=2.41e-05 | 13.1 steps/s | 76.54 ms/step | ETA: 433.3 min
Step 160400/500000 | t=4.01e+01 | T=7402.9 | a=1.000965 | H=2.41e-05 | 13.1 steps/s | 76.54 ms/step | ETA: 433.2 min
Step 160500/500000 | t=4.01e+01 | T=7402.9 | a=1.000966 | H=2.41e-05 | 13.1 steps/s | 76.55 ms/step | ETA: 433.1 min
Step 160600/500000 | t=4.01e+01 | T=7402.8 | a=1.000966 | H=2.41e-05 | 13.1 steps/s | 76.55 ms/step | ETA: 433.0 min
Step 160700/500000 | t=4.02e+01 | T=7402.8 | a=1.000967 | H=2.41e-05 | 13.1 steps/s | 76.55 ms/step | ETA: 432.9 min
Step 160800/500000 | t=4.02e+01 | T=7402.8 | a=1.000968 | H=2.41e-05 | 13.1 steps/s | 76.56 ms/step | ETA: 432.8 min
Step 160900/500000 | t=4.02e+01 | T=7402.8 | a=1.000968 | H=2.41e-05 | 13.1 steps/s | 76.57 ms/step | ETA: 432.8 min
Step 161000/500000 | t=4.02e+01 | T=7402.8 | a=1.000969 | H=2.41e-05 | 13.1 steps/s | 76.58 ms/step | ETA: 432.7 min
Step 161100/500000 | t=4.03e+01 | T=7402.8 | a=1.000969 | H=2.41e-05 | 13.1 steps/s | 76.58 ms/step | ETA: 432.5 min
Step 161200/500000 | t=4.03e+01 | T=7402.8 | a=1.000970 | H=2.41e-05 | 13.1 steps/s | 76.58 ms/step | ETA: 432.4 min
Step 161300/500000 | t=4.03e+01 | T=7402.8 | a=1.000971 | H=2.41e-05 | 13.1 steps/s | 76.59 ms/step | ETA: 432.3 min
Step 161400/500000 | t=4.04e+01 | T=7402.8 | a=1.000971 | H=2.41e-05 | 13.1 steps/s | 76.59 ms/step | ETA: 432.2 min
Step 161500/500000 | t=4.04e+01 | T=7402.8 | a=1.000972 | H=2.41e-05 | 13.1 steps/s | 76.59 ms/step | ETA: 432.1 min
Step 161600/500000 | t=4.04e+01 | T=7402.8 | a=1.000972 | H=2.41e-05 | 13.1 steps/s | 76.60 ms/step | ETA: 432.0 min
Step 161700/500000 | t=4.04e+01 | T=7402.8 | a=1.000973 | H=2.41e-05 | 13.1 steps/s | 76.60 ms/step | ETA: 431.9 min
Step 161800/500000 | t=4.05e+01 | T=7402.8 | a=1.000974 | H=2.41e-05 | 13.1 steps/s | 76.60 ms/step | ETA: 431.8 min
Step 161900/500000 | t=4.05e+01 | T=7402.8 | a=1.000974 | H=2.41e-05 | 13.1 steps/s | 76.62 ms/step | ETA: 431.8 min
Step 162000/500000 | t=4.05e+01 | T=7402.8 | a=1.000975 | H=2.41e-05 | 13.1 steps/s | 76.62 ms/step | ETA: 431.6 min
Step 162100/500000 | t=4.05e+01 | T=7402.8 | a=1.000975 | H=2.41e-05 | 13.1 steps/s | 76.62 ms/step | ETA: 431.5 min
Step 162200/500000 | t=4.05e+01 | T=7402.8 | a=1.000976 | H=2.41e-05 | 13.1 steps/s | 76.63 ms/step | ETA: 431.4 min
Step 162300/500000 | t=4.06e+01 | T=7402.8 | a=1.000977 | H=2.41e-05 | 13.0 steps/s | 76.63 ms/step | ETA: 431.3 min
Step 162400/500000 | t=4.06e+01 | T=7402.8 | a=1.000977 | H=2.41e-05 | 13.0 steps/s | 76.64 ms/step | ETA: 431.2 min
Step 162500/500000 | t=4.06e+01 | T=7402.8 | a=1.000978 | H=2.41e-05 | 13.0 steps/s | 76.64 ms/step | ETA: 431.1 min
Step 162600/500000 | t=4.06e+01 | T=7402.8 | a=1.000978 | H=2.41e-05 | 13.0 steps/s | 76.64 ms/step | ETA: 431.0 min
Step 162700/500000 | t=4.07e+01 | T=7402.8 | a=1.000979 | H=2.41e-05 | 13.0 steps/s | 76.64 ms/step | ETA: 430.9 min
Step 162800/500000 | t=4.07e+01 | T=7402.7 | a=1.000980 | H=2.41e-05 | 13.0 steps/s | 76.65 ms/step | ETA: 430.7 min
Step 162900/500000 | t=4.07e+01 | T=7402.7 | a=1.000980 | H=2.41e-05 | 13.0 steps/s | 76.66 ms/step | ETA: 430.7 min
Step 163000/500000 | t=4.08e+01 | T=7402.7 | a=1.000981 | H=2.41e-05 | 13.0 steps/s | 76.67 ms/step | ETA: 430.6 min
Step 163100/500000 | t=4.08e+01 | T=7402.7 | a=1.000981 | H=2.41e-05 | 13.0 steps/s | 76.67 ms/step | ETA: 430.5 min
Step 163200/500000 | t=4.08e+01 | T=7402.7 | a=1.000982 | H=2.41e-05 | 13.0 steps/s | 76.67 ms/step | ETA: 430.4 min
Step 163300/500000 | t=4.08e+01 | T=7402.7 | a=1.000983 | H=2.41e-05 | 13.0 steps/s | 76.68 ms/step | ETA: 430.3 min
Step 163400/500000 | t=4.09e+01 | T=7402.7 | a=1.000983 | H=2.41e-05 | 13.0 steps/s | 76.68 ms/step | ETA: 430.2 min
Step 163500/500000 | t=4.09e+01 | T=7402.7 | a=1.000984 | H=2.41e-05 | 13.0 steps/s | 76.68 ms/step | ETA: 430.1 min
Step 163600/500000 | t=4.09e+01 | T=7402.7 | a=1.000984 | H=2.41e-05 | 13.0 steps/s | 76.69 ms/step | ETA: 430.0 min
Step 163700/500000 | t=4.09e+01 | T=7402.7 | a=1.000985 | H=2.41e-05 | 13.0 steps/s | 76.69 ms/step | ETA: 429.8 min
Step 163800/500000 | t=4.10e+01 | T=7402.7 | a=1.000986 | H=2.41e-05 | 13.0 steps/s | 76.69 ms/step | ETA: 429.7 min
Step 163900/500000 | t=4.10e+01 | T=7402.7 | a=1.000986 | H=2.41e-05 | 13.0 steps/s | 76.71 ms/step | ETA: 429.7 min
Step 164000/500000 | t=4.10e+01 | T=7402.7 | a=1.000987 | H=2.41e-05 | 13.0 steps/s | 76.71 ms/step | ETA: 429.6 min
Step 164100/500000 | t=4.10e+01 | T=7402.7 | a=1.000987 | H=2.41e-05 | 13.0 steps/s | 76.72 ms/step | ETA: 429.5 min
Step 164200/500000 | t=4.10e+01 | T=7402.7 | a=1.000988 | H=2.41e-05 | 13.0 steps/s | 76.72 ms/step | ETA: 429.4 min
Step 164300/500000 | t=4.11e+01 | T=7402.7 | a=1.000989 | H=2.41e-05 | 13.0 steps/s | 76.72 ms/step | ETA: 429.3 min
Step 164400/500000 | t=4.11e+01 | T=7402.7 | a=1.000989 | H=2.41e-05 | 13.0 steps/s | 76.72 ms/step | ETA: 429.1 min
Step 164500/500000 | t=4.11e+01 | T=7402.7 | a=1.000990 | H=2.41e-05 | 13.0 steps/s | 76.73 ms/step | ETA: 429.0 min
Step 164600/500000 | t=4.11e+01 | T=7402.7 | a=1.000990 | H=2.41e-05 | 13.0 steps/s | 76.73 ms/step | ETA: 428.9 min
Step 164700/500000 | t=4.12e+01 | T=7402.7 | a=1.000991 | H=2.41e-05 | 13.0 steps/s | 76.73 ms/step | ETA: 428.8 min
Step 164800/500000 | t=4.12e+01 | T=7402.7 | a=1.000992 | H=2.41e-05 | 13.0 steps/s | 76.73 ms/step | ETA: 428.7 min
Step 164900/500000 | t=4.12e+01 | T=7402.7 | a=1.000992 | H=2.41e-05 | 13.0 steps/s | 76.75 ms/step | ETA: 428.6 min
Step 165000/500000 | t=4.12e+01 | T=7402.7 | a=1.000993 | H=2.41e-05 | 13.0 steps/s | 76.75 ms/step | ETA: 428.5 min
Step 165100/500000 | t=4.13e+01 | T=7402.6 | a=1.000993 | H=2.41e-05 | 13.0 steps/s | 76.75 ms/step | ETA: 428.4 min
Step 165200/500000 | t=4.13e+01 | T=7402.6 | a=1.000994 | H=2.41e-05 | 13.0 steps/s | 76.75 ms/step | ETA: 428.3 min
Step 165300/500000 | t=4.13e+01 | T=7402.6 | a=1.000995 | H=2.41e-05 | 13.0 steps/s | 76.76 ms/step | ETA: 428.2 min
Step 165400/500000 | t=4.14e+01 | T=7402.6 | a=1.000995 | H=2.41e-05 | 13.0 steps/s | 76.76 ms/step | ETA: 428.0 min
Step 165500/500000 | t=4.14e+01 | T=7402.6 | a=1.000996 | H=2.41e-05 | 13.0 steps/s | 76.76 ms/step | ETA: 427.9 min
Step 165600/500000 | t=4.14e+01 | T=7402.6 | a=1.000996 | H=2.41e-05 | 13.0 steps/s | 76.76 ms/step | ETA: 427.8 min
Step 165700/500000 | t=4.14e+01 | T=7402.6 | a=1.000997 | H=2.41e-05 | 13.0 steps/s | 76.76 ms/step | ETA: 427.7 min
Step 165800/500000 | t=4.15e+01 | T=7402.6 | a=1.000998 | H=2.41e-05 | 13.0 steps/s | 76.76 ms/step | ETA: 427.6 min
Step 165900/500000 | t=4.15e+01 | T=7402.6 | a=1.000998 | H=2.41e-05 | 13.0 steps/s | 76.78 ms/step | ETA: 427.5 min
Step 166000/500000 | t=4.15e+01 | T=7402.6 | a=1.000999 | H=2.41e-05 | 13.0 steps/s | 76.78 ms/step | ETA: 427.4 min
Step 166100/500000 | t=4.15e+01 | T=7402.6 | a=1.000999 | H=2.41e-05 | 13.0 steps/s | 76.78 ms/step | ETA: 427.3 min
Step 166200/500000 | t=4.15e+01 | T=7402.6 | a=1.001000 | H=2.41e-05 | 13.0 steps/s | 76.79 ms/step | ETA: 427.2 min
Step 166300/500000 | t=4.16e+01 | T=7402.6 | a=1.001001 | H=2.41e-05 | 13.0 steps/s | 76.79 ms/step | ETA: 427.1 min
Step 166400/500000 | t=4.16e+01 | T=7402.6 | a=1.001001 | H=2.41e-05 | 13.0 steps/s | 76.79 ms/step | ETA: 427.0 min
Step 166500/500000 | t=4.16e+01 | T=7402.6 | a=1.001002 | H=2.41e-05 | 13.0 steps/s | 76.79 ms/step | ETA: 426.8 min
Step 166600/500000 | t=4.16e+01 | T=7402.6 | a=1.001002 | H=2.41e-05 | 13.0 steps/s | 76.80 ms/step | ETA: 426.7 min
Step 166700/500000 | t=4.17e+01 | T=7402.6 | a=1.001003 | H=2.41e-05 | 13.0 steps/s | 76.80 ms/step | ETA: 426.6 min
Step 166800/500000 | t=4.17e+01 | T=7402.6 | a=1.001004 | H=2.41e-05 | 13.0 steps/s | 76.80 ms/step | ETA: 426.5 min
Step 166900/500000 | t=4.17e+01 | T=7402.6 | a=1.001004 | H=2.41e-05 | 13.0 steps/s | 76.82 ms/step | ETA: 426.5 min
Step 167000/500000 | t=4.18e+01 | T=7402.6 | a=1.001005 | H=2.41e-05 | 13.0 steps/s | 76.82 ms/step | ETA: 426.4 min
Step 167100/500000 | t=4.18e+01 | T=7402.6 | a=1.001005 | H=2.41e-05 | 13.0 steps/s | 76.83 ms/step | ETA: 426.3 min
Step 167200/500000 | t=4.18e+01 | T=7402.6 | a=1.001006 | H=2.41e-05 | 13.0 steps/s | 76.83 ms/step | ETA: 426.2 min
Step 167300/500000 | t=4.18e+01 | T=7402.5 | a=1.001007 | H=2.41e-05 | 13.0 steps/s | 76.84 ms/step | ETA: 426.1 min
Step 167400/500000 | t=4.19e+01 | T=7402.5 | a=1.001007 | H=2.41e-05 | 13.0 steps/s | 76.84 ms/step | ETA: 425.9 min
Step 167500/500000 | t=4.19e+01 | T=7402.5 | a=1.001008 | H=2.41e-05 | 13.0 steps/s | 76.84 ms/step | ETA: 425.8 min
Step 167600/500000 | t=4.19e+01 | T=7402.5 | a=1.001008 | H=2.41e-05 | 13.0 steps/s | 76.84 ms/step | ETA: 425.7 min
Step 167700/500000 | t=4.19e+01 | T=7402.5 | a=1.001009 | H=2.41e-05 | 13.0 steps/s | 76.85 ms/step | ETA: 425.6 min
Step 167800/500000 | t=4.20e+01 | T=7402.5 | a=1.001010 | H=2.41e-05 | 13.0 steps/s | 76.85 ms/step | ETA: 425.5 min
Step 167900/500000 | t=4.20e+01 | T=7402.5 | a=1.001010 | H=2.41e-05 | 13.0 steps/s | 76.86 ms/step | ETA: 425.4 min
Step 168000/500000 | t=4.20e+01 | T=7402.5 | a=1.001011 | H=2.41e-05 | 13.0 steps/s | 76.86 ms/step | ETA: 425.3 min
Step 168100/500000 | t=4.20e+01 | T=7402.5 | a=1.001011 | H=2.41e-05 | 13.0 steps/s | 76.87 ms/step | ETA: 425.2 min
Step 168200/500000 | t=4.20e+01 | T=7402.5 | a=1.001012 | H=2.41e-05 | 13.0 steps/s | 76.87 ms/step | ETA: 425.1 min
Step 168300/500000 | t=4.21e+01 | T=7402.5 | a=1.001013 | H=2.41e-05 | 13.0 steps/s | 76.87 ms/step | ETA: 425.0 min
Step 168400/500000 | t=4.21e+01 | T=7402.5 | a=1.001013 | H=2.41e-05 | 13.0 steps/s | 76.88 ms/step | ETA: 424.9 min
Step 168500/500000 | t=4.21e+01 | T=7402.5 | a=1.001014 | H=2.41e-05 | 13.0 steps/s | 76.88 ms/step | ETA: 424.8 min
Step 168600/500000 | t=4.21e+01 | T=7402.5 | a=1.001014 | H=2.41e-05 | 13.0 steps/s | 76.88 ms/step | ETA: 424.6 min
Step 168700/500000 | t=4.22e+01 | T=7402.5 | a=1.001015 | H=2.41e-05 | 13.0 steps/s | 76.88 ms/step | ETA: 424.5 min
Step 168800/500000 | t=4.22e+01 | T=7402.5 | a=1.001016 | H=2.41e-05 | 13.0 steps/s | 76.88 ms/step | ETA: 424.4 min
Step 168900/500000 | t=4.22e+01 | T=7402.5 | a=1.001016 | H=2.41e-05 | 13.0 steps/s | 76.90 ms/step | ETA: 424.4 min
Step 169000/500000 | t=4.22e+01 | T=7402.5 | a=1.001017 | H=2.41e-05 | 13.0 steps/s | 76.90 ms/step | ETA: 424.2 min
Step 169100/500000 | t=4.23e+01 | T=7402.5 | a=1.001018 | H=2.41e-05 | 13.0 steps/s | 76.90 ms/step | ETA: 424.1 min
Step 169200/500000 | t=4.23e+01 | T=7402.5 | a=1.001018 | H=2.41e-05 | 13.0 steps/s | 76.91 ms/step | ETA: 424.0 min
Step 169300/500000 | t=4.23e+01 | T=7402.5 | a=1.001019 | H=2.41e-05 | 13.0 steps/s | 76.91 ms/step | ETA: 423.9 min
Step 169400/500000 | t=4.24e+01 | T=7402.5 | a=1.001019 | H=2.41e-05 | 13.0 steps/s | 76.91 ms/step | ETA: 423.8 min
Step 169500/500000 | t=4.24e+01 | T=7402.5 | a=1.001020 | H=2.41e-05 | 13.0 steps/s | 76.91 ms/step | ETA: 423.6 min
Step 169600/500000 | t=4.24e+01 | T=7402.4 | a=1.001021 | H=2.41e-05 | 13.0 steps/s | 76.91 ms/step | ETA: 423.5 min
Step 169700/500000 | t=4.24e+01 | T=7402.4 | a=1.001021 | H=2.41e-05 | 13.0 steps/s | 76.92 ms/step | ETA: 423.4 min
Step 169800/500000 | t=4.25e+01 | T=7402.4 | a=1.001022 | H=2.41e-05 | 13.0 steps/s | 76.92 ms/step | ETA: 423.3 min
Step 169900/500000 | t=4.25e+01 | T=7402.4 | a=1.001022 | H=2.41e-05 | 13.0 steps/s | 76.93 ms/step | ETA: 423.3 min
Step 170000/500000 | t=4.25e+01 | T=7402.4 | a=1.001023 | H=2.41e-05 | 13.0 steps/s | 76.93 ms/step | ETA: 423.1 min
Step 170100/500000 | t=4.25e+01 | T=7402.4 | a=1.001024 | H=2.41e-05 | 13.0 steps/s | 76.94 ms/step | ETA: 423.0 min
Step 170200/500000 | t=4.25e+01 | T=7402.4 | a=1.001024 | H=2.41e-05 | 13.0 steps/s | 76.94 ms/step | ETA: 422.9 min
Step 170300/500000 | t=4.26e+01 | T=7402.4 | a=1.001025 | H=2.41e-05 | 13.0 steps/s | 76.94 ms/step | ETA: 422.8 min
Step 170400/500000 | t=4.26e+01 | T=7402.4 | a=1.001025 | H=2.41e-05 | 13.0 steps/s | 76.94 ms/step | ETA: 422.7 min
Step 170500/500000 | t=4.26e+01 | T=7402.4 | a=1.001026 | H=2.41e-05 | 13.0 steps/s | 76.94 ms/step | ETA: 422.6 min
Step 170600/500000 | t=4.26e+01 | T=7402.4 | a=1.001027 | H=2.41e-05 | 13.0 steps/s | 76.95 ms/step | ETA: 422.4 min
Step 170700/500000 | t=4.27e+01 | T=7402.4 | a=1.001027 | H=2.41e-05 | 13.0 steps/s | 76.95 ms/step | ETA: 422.3 min
Step 170800/500000 | t=4.27e+01 | T=7402.4 | a=1.001028 | H=2.41e-05 | 13.0 steps/s | 76.95 ms/step | ETA: 422.2 min
Step 170900/500000 | t=4.27e+01 | T=7402.4 | a=1.001028 | H=2.41e-05 | 13.0 steps/s | 76.97 ms/step | ETA: 422.2 min
Step 171000/500000 | t=4.28e+01 | T=7402.4 | a=1.001029 | H=2.41e-05 | 13.0 steps/s | 76.97 ms/step | ETA: 422.0 min
Step 171100/500000 | t=4.28e+01 | T=7402.4 | a=1.001030 | H=2.41e-05 | 13.0 steps/s | 76.97 ms/step | ETA: 421.9 min
Step 171200/500000 | t=4.28e+01 | T=7402.4 | a=1.001030 | H=2.41e-05 | 13.0 steps/s | 76.98 ms/step | ETA: 421.8 min
Step 171300/500000 | t=4.28e+01 | T=7402.4 | a=1.001031 | H=2.41e-05 | 13.0 steps/s | 76.98 ms/step | ETA: 421.7 min
Step 171400/500000 | t=4.29e+01 | T=7402.4 | a=1.001031 | H=2.41e-05 | 13.0 steps/s | 76.98 ms/step | ETA: 421.6 min
Step 171500/500000 | t=4.29e+01 | T=7402.4 | a=1.001032 | H=2.41e-05 | 13.0 steps/s | 76.98 ms/step | ETA: 421.5 min
Step 171600/500000 | t=4.29e+01 | T=7402.4 | a=1.001033 | H=2.41e-05 | 13.0 steps/s | 76.98 ms/step | ETA: 421.4 min
Step 171700/500000 | t=4.29e+01 | T=7402.4 | a=1.001033 | H=2.41e-05 | 13.0 steps/s | 76.99 ms/step | ETA: 421.2 min
Step 171800/500000 | t=4.30e+01 | T=7402.3 | a=1.001034 | H=2.41e-05 | 13.0 steps/s | 76.99 ms/step | ETA: 421.1 min
Step 171900/500000 | t=4.30e+01 | T=7402.3 | a=1.001034 | H=2.41e-05 | 13.0 steps/s | 77.00 ms/step | ETA: 421.1 min
Step 172000/500000 | t=4.30e+01 | T=7402.3 | a=1.001035 | H=2.41e-05 | 13.0 steps/s | 77.00 ms/step | ETA: 421.0 min
Step 172100/500000 | t=4.30e+01 | T=7402.3 | a=1.001036 | H=2.41e-05 | 13.0 steps/s | 77.01 ms/step | ETA: 420.8 min
Step 172200/500000 | t=4.30e+01 | T=7402.3 | a=1.001036 | H=2.41e-05 | 13.0 steps/s | 77.01 ms/step | ETA: 420.7 min
Step 172300/500000 | t=4.31e+01 | T=7402.3 | a=1.001037 | H=2.41e-05 | 13.0 steps/s | 77.01 ms/step | ETA: 420.6 min
Step 172400/500000 | t=4.31e+01 | T=7402.3 | a=1.001037 | H=2.41e-05 | 13.0 steps/s | 77.01 ms/step | ETA: 420.5 min
Step 172500/500000 | t=4.31e+01 | T=7402.3 | a=1.001038 | H=2.41e-05 | 13.0 steps/s | 77.01 ms/step | ETA: 420.4 min
Step 172600/500000 | t=4.31e+01 | T=7402.3 | a=1.001039 | H=2.41e-05 | 13.0 steps/s | 77.02 ms/step | ETA: 420.3 min
Step 172700/500000 | t=4.32e+01 | T=7402.3 | a=1.001039 | H=2.41e-05 | 13.0 steps/s | 77.02 ms/step | ETA: 420.1 min
Step 172800/500000 | t=4.32e+01 | T=7402.3 | a=1.001040 | H=2.41e-05 | 13.0 steps/s | 77.02 ms/step | ETA: 420.0 min
Step 172900/500000 | t=4.32e+01 | T=7402.3 | a=1.001040 | H=2.41e-05 | 13.0 steps/s | 77.04 ms/step | ETA: 420.0 min
Step 173000/500000 | t=4.32e+01 | T=7402.3 | a=1.001041 | H=2.41e-05 | 13.0 steps/s | 77.04 ms/step | ETA: 419.9 min
Step 173100/500000 | t=4.33e+01 | T=7402.3 | a=1.001042 | H=2.41e-05 | 13.0 steps/s | 77.04 ms/step | ETA: 419.8 min
Step 173200/500000 | t=4.33e+01 | T=7402.3 | a=1.001042 | H=2.41e-05 | 13.0 steps/s | 77.05 ms/step | ETA: 419.6 min
Step 173300/500000 | t=4.33e+01 | T=7402.3 | a=1.001043 | H=2.41e-05 | 13.0 steps/s | 77.05 ms/step | ETA: 419.5 min
Step 173400/500000 | t=4.34e+01 | T=7402.3 | a=1.001043 | H=2.41e-05 | 13.0 steps/s | 77.05 ms/step | ETA: 419.4 min
Step 173500/500000 | t=4.34e+01 | T=7402.3 | a=1.001044 | H=2.41e-05 | 13.0 steps/s | 77.05 ms/step | ETA: 419.3 min
Step 173600/500000 | t=4.34e+01 | T=7402.3 | a=1.001045 | H=2.41e-05 | 13.0 steps/s | 77.05 ms/step | ETA: 419.2 min
Step 173700/500000 | t=4.34e+01 | T=7402.3 | a=1.001045 | H=2.41e-05 | 13.0 steps/s | 77.06 ms/step | ETA: 419.1 min
Step 173800/500000 | t=4.35e+01 | T=7402.3 | a=1.001046 | H=2.41e-05 | 13.0 steps/s | 77.06 ms/step | ETA: 418.9 min
Step 173900/500000 | t=4.35e+01 | T=7402.3 | a=1.001046 | H=2.41e-05 | 13.0 steps/s | 77.07 ms/step | ETA: 418.9 min
Step 174000/500000 | t=4.35e+01 | T=7402.2 | a=1.001047 | H=2.41e-05 | 13.0 steps/s | 77.07 ms/step | ETA: 418.8 min
Step 174100/500000 | t=4.35e+01 | T=7402.2 | a=1.001048 | H=2.41e-05 | 13.0 steps/s | 77.08 ms/step | ETA: 418.6 min
Step 174200/500000 | t=4.35e+01 | T=7402.2 | a=1.001048 | H=2.41e-05 | 13.0 steps/s | 77.08 ms/step | ETA: 418.5 min
Step 174300/500000 | t=4.36e+01 | T=7402.2 | a=1.001049 | H=2.41e-05 | 13.0 steps/s | 77.08 ms/step | ETA: 418.4 min
Step 174400/500000 | t=4.36e+01 | T=7402.2 | a=1.001049 | H=2.41e-05 | 13.0 steps/s | 77.08 ms/step | ETA: 418.3 min
Step 174500/500000 | t=4.36e+01 | T=7402.2 | a=1.001050 | H=2.41e-05 | 13.0 steps/s | 77.09 ms/step | ETA: 418.2 min
Step 174600/500000 | t=4.36e+01 | T=7402.2 | a=1.001051 | H=2.41e-05 | 13.0 steps/s | 77.09 ms/step | ETA: 418.1 min
Step 174700/500000 | t=4.37e+01 | T=7402.2 | a=1.001051 | H=2.41e-05 | 13.0 steps/s | 77.09 ms/step | ETA: 418.0 min
Step 174800/500000 | t=4.37e+01 | T=7402.2 | a=1.001052 | H=2.41e-05 | 13.0 steps/s | 77.09 ms/step | ETA: 417.9 min
Step 174900/500000 | t=4.37e+01 | T=7402.2 | a=1.001052 | H=2.41e-05 | 13.0 steps/s | 77.11 ms/step | ETA: 417.8 min
Step 175000/500000 | t=4.38e+01 | T=7402.2 | a=1.001053 | H=2.41e-05 | 13.0 steps/s | 77.11 ms/step | ETA: 417.7 min
Step 175100/500000 | t=4.38e+01 | T=7402.2 | a=1.001054 | H=2.41e-05 | 13.0 steps/s | 77.11 ms/step | ETA: 417.6 min
Step 175200/500000 | t=4.38e+01 | T=7402.2 | a=1.001054 | H=2.41e-05 | 13.0 steps/s | 77.11 ms/step | ETA: 417.4 min
Step 175300/500000 | t=4.38e+01 | T=7402.2 | a=1.001055 | H=2.41e-05 | 13.0 steps/s | 77.12 ms/step | ETA: 417.3 min
Step 175400/500000 | t=4.39e+01 | T=7402.2 | a=1.001055 | H=2.41e-05 | 13.0 steps/s | 77.12 ms/step | ETA: 417.2 min
Step 175500/500000 | t=4.39e+01 | T=7402.2 | a=1.001056 | H=2.41e-05 | 13.0 steps/s | 77.12 ms/step | ETA: 417.1 min
Step 175600/500000 | t=4.39e+01 | T=7402.2 | a=1.001057 | H=2.41e-05 | 13.0 steps/s | 77.12 ms/step | ETA: 417.0 min
Step 175700/500000 | t=4.39e+01 | T=7402.2 | a=1.001057 | H=2.41e-05 | 13.0 steps/s | 77.12 ms/step | ETA: 416.8 min
Step 175800/500000 | t=4.40e+01 | T=7402.2 | a=1.001058 | H=2.41e-05 | 13.0 steps/s | 77.13 ms/step | ETA: 416.7 min
Step 175900/500000 | t=4.40e+01 | T=7402.2 | a=1.001058 | H=2.41e-05 | 13.0 steps/s | 77.14 ms/step | ETA: 416.7 min
Step 176000/500000 | t=4.40e+01 | T=7402.2 | a=1.001059 | H=2.41e-05 | 13.0 steps/s | 77.14 ms/step | ETA: 416.6 min
Step 176100/500000 | t=4.40e+01 | T=7402.2 | a=1.001060 | H=2.41e-05 | 13.0 steps/s | 77.14 ms/step | ETA: 416.4 min
Step 176200/500000 | t=4.40e+01 | T=7402.2 | a=1.001060 | H=2.41e-05 | 13.0 steps/s | 77.15 ms/step | ETA: 416.3 min
Step 176300/500000 | t=4.41e+01 | T=7402.1 | a=1.001061 | H=2.41e-05 | 13.0 steps/s | 77.15 ms/step | ETA: 416.2 min
Step 176400/500000 | t=4.41e+01 | T=7402.1 | a=1.001061 | H=2.41e-05 | 13.0 steps/s | 77.15 ms/step | ETA: 416.1 min
Step 176500/500000 | t=4.41e+01 | T=7402.1 | a=1.001062 | H=2.41e-05 | 13.0 steps/s | 77.15 ms/step | ETA: 416.0 min
Step 176600/500000 | t=4.41e+01 | T=7402.1 | a=1.001063 | H=2.41e-05 | 13.0 steps/s | 77.15 ms/step | ETA: 415.9 min
Step 176700/500000 | t=4.42e+01 | T=7402.1 | a=1.001063 | H=2.41e-05 | 13.0 steps/s | 77.15 ms/step | ETA: 415.7 min
Step 176800/500000 | t=4.42e+01 | T=7402.1 | a=1.001064 | H=2.41e-05 | 13.0 steps/s | 77.16 ms/step | ETA: 415.6 min
Step 176900/500000 | t=4.42e+01 | T=7402.1 | a=1.001064 | H=2.41e-05 | 13.0 steps/s | 77.17 ms/step | ETA: 415.6 min
Step 177000/500000 | t=4.42e+01 | T=7402.1 | a=1.001065 | H=2.41e-05 | 13.0 steps/s | 77.17 ms/step | ETA: 415.4 min
Step 177100/500000 | t=4.43e+01 | T=7402.1 | a=1.001066 | H=2.41e-05 | 13.0 steps/s | 77.18 ms/step | ETA: 415.3 min
Step 177200/500000 | t=4.43e+01 | T=7402.1 | a=1.001066 | H=2.41e-05 | 13.0 steps/s | 77.18 ms/step | ETA: 415.2 min
Step 177300/500000 | t=4.43e+01 | T=7402.1 | a=1.001067 | H=2.41e-05 | 13.0 steps/s | 77.18 ms/step | ETA: 415.1 min
Step 177400/500000 | t=4.44e+01 | T=7402.1 | a=1.001067 | H=2.41e-05 | 13.0 steps/s | 77.18 ms/step | ETA: 415.0 min
Step 177500/500000 | t=4.44e+01 | T=7402.1 | a=1.001068 | H=2.41e-05 | 13.0 steps/s | 77.18 ms/step | ETA: 414.9 min
Step 177600/500000 | t=4.44e+01 | T=7402.1 | a=1.001069 | H=2.41e-05 | 13.0 steps/s | 77.18 ms/step | ETA: 414.7 min
Step 177700/500000 | t=4.44e+01 | T=7402.1 | a=1.001069 | H=2.41e-05 | 13.0 steps/s | 77.19 ms/step | ETA: 414.6 min
Step 177800/500000 | t=4.45e+01 | T=7402.1 | a=1.001070 | H=2.41e-05 | 13.0 steps/s | 77.19 ms/step | ETA: 414.5 min
Step 177900/500000 | t=4.45e+01 | T=7402.1 | a=1.001070 | H=2.41e-05 | 13.0 steps/s | 77.20 ms/step | ETA: 414.4 min
Step 178000/500000 | t=4.45e+01 | T=7402.1 | a=1.001071 | H=2.41e-05 | 13.0 steps/s | 77.20 ms/step | ETA: 414.3 min
Step 178100/500000 | t=4.45e+01 | T=7402.1 | a=1.001072 | H=2.41e-05 | 13.0 steps/s | 77.21 ms/step | ETA: 414.2 min
Step 178200/500000 | t=4.45e+01 | T=7402.1 | a=1.001072 | H=2.41e-05 | 13.0 steps/s | 77.21 ms/step | ETA: 414.1 min
Step 178300/500000 | t=4.46e+01 | T=7402.1 | a=1.001073 | H=2.41e-05 | 13.0 steps/s | 77.21 ms/step | ETA: 414.0 min
Step 178400/500000 | t=4.46e+01 | T=7402.1 | a=1.001073 | H=2.41e-05 | 13.0 steps/s | 77.21 ms/step | ETA: 413.9 min
Step 178500/500000 | t=4.46e+01 | T=7402.0 | a=1.001074 | H=2.41e-05 | 13.0 steps/s | 77.21 ms/step | ETA: 413.7 min
Step 178600/500000 | t=4.46e+01 | T=7402.0 | a=1.001075 | H=2.41e-05 | 13.0 steps/s | 77.22 ms/step | ETA: 413.6 min
Step 178700/500000 | t=4.47e+01 | T=7402.0 | a=1.001075 | H=2.41e-05 | 13.0 steps/s | 77.22 ms/step | ETA: 413.5 min
Step 178800/500000 | t=4.47e+01 | T=7402.0 | a=1.001076 | H=2.41e-05 | 13.0 steps/s | 77.22 ms/step | ETA: 413.4 min
Step 178900/500000 | t=4.47e+01 | T=7402.0 | a=1.001077 | H=2.41e-05 | 12.9 steps/s | 77.23 ms/step | ETA: 413.3 min
Step 179000/500000 | t=4.48e+01 | T=7402.0 | a=1.001077 | H=2.41e-05 | 12.9 steps/s | 77.23 ms/step | ETA: 413.2 min
Step 179100/500000 | t=4.48e+01 | T=7402.0 | a=1.001078 | H=2.41e-05 | 12.9 steps/s | 77.23 ms/step | ETA: 413.1 min
Step 179200/500000 | t=4.48e+01 | T=7402.0 | a=1.001078 | H=2.41e-05 | 12.9 steps/s | 77.24 ms/step | ETA: 413.0 min
Step 179300/500000 | t=4.48e+01 | T=7402.0 | a=1.001079 | H=2.41e-05 | 12.9 steps/s | 77.24 ms/step | ETA: 412.8 min
Step 179400/500000 | t=4.49e+01 | T=7402.0 | a=1.001080 | H=2.41e-05 | 12.9 steps/s | 77.24 ms/step | ETA: 412.7 min
Step 179500/500000 | t=4.49e+01 | T=7402.0 | a=1.001080 | H=2.41e-05 | 12.9 steps/s | 77.24 ms/step | ETA: 412.6 min
Step 179600/500000 | t=4.49e+01 | T=7402.0 | a=1.001081 | H=2.41e-05 | 12.9 steps/s | 77.24 ms/step | ETA: 412.5 min
Step 179700/500000 | t=4.49e+01 | T=7402.0 | a=1.001081 | H=2.41e-05 | 12.9 steps/s | 77.24 ms/step | ETA: 412.4 min
Step 179800/500000 | t=4.50e+01 | T=7402.0 | a=1.001082 | H=2.41e-05 | 12.9 steps/s | 77.25 ms/step | ETA: 412.2 min
Step 179900/500000 | t=4.50e+01 | T=7402.0 | a=1.001083 | H=2.41e-05 | 12.9 steps/s | 77.26 ms/step | ETA: 412.2 min
Step 180000/500000 | t=4.50e+01 | T=7402.0 | a=1.001083 | H=2.41e-05 | 12.9 steps/s | 77.26 ms/step | ETA: 412.1 min
Step 180100/500000 | t=4.50e+01 | T=7402.0 | a=1.001084 | H=2.41e-05 | 12.9 steps/s | 77.26 ms/step | ETA: 411.9 min
Step 180200/500000 | t=4.50e+01 | T=7402.0 | a=1.001084 | H=2.41e-05 | 12.9 steps/s | 77.27 ms/step | ETA: 411.8 min
Step 180300/500000 | t=4.51e+01 | T=7402.0 | a=1.001085 | H=2.41e-05 | 12.9 steps/s | 77.27 ms/step | ETA: 411.7 min
Step 180400/500000 | t=4.51e+01 | T=7402.0 | a=1.001086 | H=2.41e-05 | 12.9 steps/s | 77.27 ms/step | ETA: 411.6 min
Step 180500/500000 | t=4.51e+01 | T=7402.0 | a=1.001086 | H=2.41e-05 | 12.9 steps/s | 77.27 ms/step | ETA: 411.5 min
Step 180600/500000 | t=4.51e+01 | T=7402.0 | a=1.001087 | H=2.41e-05 | 12.9 steps/s | 77.27 ms/step | ETA: 411.3 min
Step 180700/500000 | t=4.52e+01 | T=7402.0 | a=1.001087 | H=2.41e-05 | 12.9 steps/s | 77.27 ms/step | ETA: 411.2 min
Step 180800/500000 | t=4.52e+01 | T=7401.9 | a=1.001088 | H=2.41e-05 | 12.9 steps/s | 77.28 ms/step | ETA: 411.1 min
Step 180900/500000 | t=4.52e+01 | T=7401.9 | a=1.001089 | H=2.41e-05 | 12.9 steps/s | 77.29 ms/step | ETA: 411.1 min
Step 181000/500000 | t=4.52e+01 | T=7401.9 | a=1.001089 | H=2.41e-05 | 12.9 steps/s | 77.29 ms/step | ETA: 410.9 min
Step 181100/500000 | t=4.53e+01 | T=7401.9 | a=1.001090 | H=2.41e-05 | 12.9 steps/s | 77.29 ms/step | ETA: 410.8 min
Step 181200/500000 | t=4.53e+01 | T=7401.9 | a=1.001090 | H=2.41e-05 | 12.9 steps/s | 77.30 ms/step | ETA: 410.7 min
Step 181300/500000 | t=4.53e+01 | T=7401.9 | a=1.001091 | H=2.41e-05 | 12.9 steps/s | 77.30 ms/step | ETA: 410.6 min
Step 181400/500000 | t=4.54e+01 | T=7401.9 | a=1.001092 | H=2.41e-05 | 12.9 steps/s | 77.30 ms/step | ETA: 410.5 min
Step 181500/500000 | t=4.54e+01 | T=7401.9 | a=1.001092 | H=2.41e-05 | 12.9 steps/s | 77.31 ms/step | ETA: 410.4 min
Step 181600/500000 | t=4.54e+01 | T=7401.9 | a=1.001093 | H=2.41e-05 | 12.9 steps/s | 77.31 ms/step | ETA: 410.3 min
Step 181700/500000 | t=4.54e+01 | T=7401.9 | a=1.001093 | H=2.41e-05 | 12.9 steps/s | 77.31 ms/step | ETA: 410.1 min
Step 181800/500000 | t=4.55e+01 | T=7401.9 | a=1.001094 | H=2.41e-05 | 12.9 steps/s | 77.31 ms/step | ETA: 410.0 min
Step 181900/500000 | t=4.55e+01 | T=7401.9 | a=1.001095 | H=2.41e-05 | 12.9 steps/s | 77.33 ms/step | ETA: 410.0 min
Step 182000/500000 | t=4.55e+01 | T=7401.9 | a=1.001095 | H=2.41e-05 | 12.9 steps/s | 77.33 ms/step | ETA: 409.8 min
Step 182100/500000 | t=4.55e+01 | T=7401.9 | a=1.001096 | H=2.41e-05 | 12.9 steps/s | 77.33 ms/step | ETA: 409.7 min
Step 182200/500000 | t=4.55e+01 | T=7401.9 | a=1.001096 | H=2.41e-05 | 12.9 steps/s | 77.33 ms/step | ETA: 409.6 min
Step 182300/500000 | t=4.56e+01 | T=7401.9 | a=1.001097 | H=2.41e-05 | 12.9 steps/s | 77.33 ms/step | ETA: 409.5 min
Step 182400/500000 | t=4.56e+01 | T=7401.9 | a=1.001098 | H=2.41e-05 | 12.9 steps/s | 77.33 ms/step | ETA: 409.4 min
Step 182500/500000 | t=4.56e+01 | T=7401.9 | a=1.001098 | H=2.41e-05 | 12.9 steps/s | 77.34 ms/step | ETA: 409.2 min
Step 182600/500000 | t=4.56e+01 | T=7401.9 | a=1.001099 | H=2.41e-05 | 12.9 steps/s | 77.34 ms/step | ETA: 409.1 min
Step 182700/500000 | t=4.57e+01 | T=7401.9 | a=1.001099 | H=2.41e-05 | 12.9 steps/s | 77.34 ms/step | ETA: 409.0 min
Step 182800/500000 | t=4.57e+01 | T=7401.9 | a=1.001100 | H=2.41e-05 | 12.9 steps/s | 77.34 ms/step | ETA: 408.9 min
Step 182900/500000 | t=4.57e+01 | T=7401.9 | a=1.001101 | H=2.41e-05 | 12.9 steps/s | 77.35 ms/step | ETA: 408.8 min
Step 183000/500000 | t=4.58e+01 | T=7401.8 | a=1.001101 | H=2.41e-05 | 12.9 steps/s | 77.36 ms/step | ETA: 408.7 min
Step 183100/500000 | t=4.58e+01 | T=7401.8 | a=1.001102 | H=2.41e-05 | 12.9 steps/s | 77.36 ms/step | ETA: 408.6 min
Step 183200/500000 | t=4.58e+01 | T=7401.8 | a=1.001102 | H=2.41e-05 | 12.9 steps/s | 77.36 ms/step | ETA: 408.5 min
Step 183300/500000 | t=4.58e+01 | T=7401.8 | a=1.001103 | H=2.41e-05 | 12.9 steps/s | 77.36 ms/step | ETA: 408.3 min
Step 183400/500000 | t=4.59e+01 | T=7401.8 | a=1.001104 | H=2.41e-05 | 12.9 steps/s | 77.36 ms/step | ETA: 408.2 min
Step 183500/500000 | t=4.59e+01 | T=7401.8 | a=1.001104 | H=2.41e-05 | 12.9 steps/s | 77.36 ms/step | ETA: 408.1 min
Step 183600/500000 | t=4.59e+01 | T=7401.8 | a=1.001105 | H=2.41e-05 | 12.9 steps/s | 77.37 ms/step | ETA: 408.0 min
Step 183700/500000 | t=4.59e+01 | T=7401.8 | a=1.001105 | H=2.41e-05 | 12.9 steps/s | 77.37 ms/step | ETA: 407.9 min
Step 183800/500000 | t=4.60e+01 | T=7401.8 | a=1.001106 | H=2.41e-05 | 12.9 steps/s | 77.37 ms/step | ETA: 407.7 min
Step 183900/500000 | t=4.60e+01 | T=7401.8 | a=1.001107 | H=2.41e-05 | 12.9 steps/s | 77.38 ms/step | ETA: 407.7 min
Step 184000/500000 | t=4.60e+01 | T=7401.8 | a=1.001107 | H=2.41e-05 | 12.9 steps/s | 77.38 ms/step | ETA: 407.6 min
Step 184100/500000 | t=4.60e+01 | T=7401.8 | a=1.001108 | H=2.41e-05 | 12.9 steps/s | 77.39 ms/step | ETA: 407.4 min
Step 184200/500000 | t=4.60e+01 | T=7401.8 | a=1.001108 | H=2.41e-05 | 12.9 steps/s | 77.39 ms/step | ETA: 407.3 min
Step 184300/500000 | t=4.61e+01 | T=7401.8 | a=1.001109 | H=2.41e-05 | 12.9 steps/s | 77.39 ms/step | ETA: 407.2 min
Step 184400/500000 | t=4.61e+01 | T=7401.8 | a=1.001110 | H=2.41e-05 | 12.9 steps/s | 77.39 ms/step | ETA: 407.1 min
Step 184500/500000 | t=4.61e+01 | T=7401.8 | a=1.001110 | H=2.41e-05 | 12.9 steps/s | 77.39 ms/step | ETA: 407.0 min
Step 184600/500000 | t=4.61e+01 | T=7401.8 | a=1.001111 | H=2.41e-05 | 12.9 steps/s | 77.39 ms/step | ETA: 406.8 min
Step 184700/500000 | t=4.62e+01 | T=7401.8 | a=1.001111 | H=2.41e-05 | 12.9 steps/s | 77.40 ms/step | ETA: 406.7 min
Step 184800/500000 | t=4.62e+01 | T=7401.8 | a=1.001112 | H=2.41e-05 | 12.9 steps/s | 77.40 ms/step | ETA: 406.6 min
Step 184900/500000 | t=4.62e+01 | T=7401.8 | a=1.001113 | H=2.41e-05 | 12.9 steps/s | 77.41 ms/step | ETA: 406.5 min
Step 185000/500000 | t=4.62e+01 | T=7401.8 | a=1.001113 | H=2.41e-05 | 12.9 steps/s | 77.41 ms/step | ETA: 406.4 min
Step 185100/500000 | t=4.63e+01 | T=7401.8 | a=1.001114 | H=2.41e-05 | 12.9 steps/s | 77.42 ms/step | ETA: 406.3 min
Step 185200/500000 | t=4.63e+01 | T=7401.8 | a=1.001114 | H=2.41e-05 | 12.9 steps/s | 77.42 ms/step | ETA: 406.2 min
Step 185300/500000 | t=4.63e+01 | T=7401.7 | a=1.001115 | H=2.41e-05 | 12.9 steps/s | 77.42 ms/step | ETA: 406.1 min
Step 185400/500000 | t=4.64e+01 | T=7401.7 | a=1.001116 | H=2.41e-05 | 12.9 steps/s | 77.42 ms/step | ETA: 405.9 min
Step 185500/500000 | t=4.64e+01 | T=7401.7 | a=1.001116 | H=2.41e-05 | 12.9 steps/s | 77.42 ms/step | ETA: 405.8 min
Step 185600/500000 | t=4.64e+01 | T=7401.7 | a=1.001117 | H=2.41e-05 | 12.9 steps/s | 77.42 ms/step | ETA: 405.7 min
Step 185700/500000 | t=4.64e+01 | T=7401.7 | a=1.001117 | H=2.41e-05 | 12.9 steps/s | 77.43 ms/step | ETA: 405.6 min
Step 185800/500000 | t=4.65e+01 | T=7401.7 | a=1.001118 | H=2.41e-05 | 12.9 steps/s | 77.43 ms/step | ETA: 405.5 min
Step 185900/500000 | t=4.65e+01 | T=7401.7 | a=1.001119 | H=2.41e-05 | 12.9 steps/s | 77.44 ms/step | ETA: 405.4 min
Step 186000/500000 | t=4.65e+01 | T=7401.7 | a=1.001119 | H=2.41e-05 | 12.9 steps/s | 77.44 ms/step | ETA: 405.3 min
Step 186100/500000 | t=4.65e+01 | T=7401.7 | a=1.001120 | H=2.41e-05 | 12.9 steps/s | 77.44 ms/step | ETA: 405.2 min
Step 186200/500000 | t=4.65e+01 | T=7401.7 | a=1.001120 | H=2.41e-05 | 12.9 steps/s | 77.45 ms/step | ETA: 405.0 min
Step 186300/500000 | t=4.66e+01 | T=7401.7 | a=1.001121 | H=2.41e-05 | 12.9 steps/s | 77.45 ms/step | ETA: 404.9 min
Step 186400/500000 | t=4.66e+01 | T=7401.7 | a=1.001122 | H=2.41e-05 | 12.9 steps/s | 77.45 ms/step | ETA: 404.8 min
Step 186500/500000 | t=4.66e+01 | T=7401.7 | a=1.001122 | H=2.41e-05 | 12.9 steps/s | 77.45 ms/step | ETA: 404.7 min
Step 186600/500000 | t=4.66e+01 | T=7401.7 | a=1.001123 | H=2.41e-05 | 12.9 steps/s | 77.45 ms/step | ETA: 404.6 min
Step 186700/500000 | t=4.67e+01 | T=7401.7 | a=1.001123 | H=2.41e-05 | 12.9 steps/s | 77.45 ms/step | ETA: 404.4 min
Step 186800/500000 | t=4.67e+01 | T=7401.7 | a=1.001124 | H=2.41e-05 | 12.9 steps/s | 77.45 ms/step | ETA: 404.3 min
Step 186900/500000 | t=4.67e+01 | T=7401.7 | a=1.001125 | H=2.41e-05 | 12.9 steps/s | 77.47 ms/step | ETA: 404.3 min
Step 187000/500000 | t=4.68e+01 | T=7401.7 | a=1.001125 | H=2.41e-05 | 12.9 steps/s | 77.47 ms/step | ETA: 404.1 min
Step 187100/500000 | t=4.68e+01 | T=7401.7 | a=1.001126 | H=2.41e-05 | 12.9 steps/s | 77.47 ms/step | ETA: 404.0 min
Step 187200/500000 | t=4.68e+01 | T=7401.7 | a=1.001126 | H=2.41e-05 | 12.9 steps/s | 77.47 ms/step | ETA: 403.9 min
Step 187300/500000 | t=4.68e+01 | T=7401.7 | a=1.001127 | H=2.41e-05 | 12.9 steps/s | 77.47 ms/step | ETA: 403.8 min
Step 187400/500000 | t=4.69e+01 | T=7401.7 | a=1.001128 | H=2.41e-05 | 12.9 steps/s | 77.47 ms/step | ETA: 403.6 min
Step 187500/500000 | t=4.69e+01 | T=7401.6 | a=1.001128 | H=2.41e-05 | 12.9 steps/s | 77.48 ms/step | ETA: 403.5 min
Step 187600/500000 | t=4.69e+01 | T=7401.6 | a=1.001129 | H=2.41e-05 | 12.9 steps/s | 77.48 ms/step | ETA: 403.4 min
Step 187700/500000 | t=4.69e+01 | T=7401.6 | a=1.001129 | H=2.41e-05 | 12.9 steps/s | 77.48 ms/step | ETA: 403.3 min
Step 187800/500000 | t=4.70e+01 | T=7401.6 | a=1.001130 | H=2.41e-05 | 12.9 steps/s | 77.48 ms/step | ETA: 403.2 min
Step 187900/500000 | t=4.70e+01 | T=7401.6 | a=1.001131 | H=2.41e-05 | 12.9 steps/s | 77.49 ms/step | ETA: 403.1 min
Step 188000/500000 | t=4.70e+01 | T=7401.6 | a=1.001131 | H=2.41e-05 | 12.9 steps/s | 77.50 ms/step | ETA: 403.0 min
Step 188100/500000 | t=4.70e+01 | T=7401.6 | a=1.001132 | H=2.41e-05 | 12.9 steps/s | 77.50 ms/step | ETA: 402.9 min
Step 188200/500000 | t=4.70e+01 | T=7401.6 | a=1.001132 | H=2.41e-05 | 12.9 steps/s | 77.50 ms/step | ETA: 402.7 min
Step 188300/500000 | t=4.71e+01 | T=7401.6 | a=1.001133 | H=2.41e-05 | 12.9 steps/s | 77.50 ms/step | ETA: 402.6 min
Step 188400/500000 | t=4.71e+01 | T=7401.6 | a=1.001134 | H=2.41e-05 | 12.9 steps/s | 77.50 ms/step | ETA: 402.5 min
Step 188500/500000 | t=4.71e+01 | T=7401.6 | a=1.001134 | H=2.41e-05 | 12.9 steps/s | 77.50 ms/step | ETA: 402.4 min
Step 188600/500000 | t=4.71e+01 | T=7401.6 | a=1.001135 | H=2.41e-05 | 12.9 steps/s | 77.51 ms/step | ETA: 402.3 min
Step 188700/500000 | t=4.72e+01 | T=7401.6 | a=1.001136 | H=2.41e-05 | 12.9 steps/s | 77.51 ms/step | ETA: 402.1 min
Step 188800/500000 | t=4.72e+01 | T=7401.6 | a=1.001136 | H=2.41e-05 | 12.9 steps/s | 77.51 ms/step | ETA: 402.0 min
Step 188900/500000 | t=4.72e+01 | T=7401.6 | a=1.001137 | H=2.41e-05 | 12.9 steps/s | 77.53 ms/step | ETA: 402.0 min
Step 189000/500000 | t=4.72e+01 | T=7401.6 | a=1.001137 | H=2.41e-05 | 12.9 steps/s | 77.53 ms/step | ETA: 401.9 min
Step 189100/500000 | t=4.73e+01 | T=7401.6 | a=1.001138 | H=2.41e-05 | 12.9 steps/s | 77.53 ms/step | ETA: 401.7 min
Step 189200/500000 | t=4.73e+01 | T=7401.6 | a=1.001139 | H=2.41e-05 | 12.9 steps/s | 77.53 ms/step | ETA: 401.6 min
Step 189300/500000 | t=4.73e+01 | T=7401.6 | a=1.001139 | H=2.41e-05 | 12.9 steps/s | 77.53 ms/step | ETA: 401.5 min
Step 189400/500000 | t=4.74e+01 | T=7401.6 | a=1.001140 | H=2.41e-05 | 12.9 steps/s | 77.53 ms/step | ETA: 401.4 min
Step 189500/500000 | t=4.74e+01 | T=7401.6 | a=1.001140 | H=2.41e-05 | 12.9 steps/s | 77.54 ms/step | ETA: 401.2 min
Step 189600/500000 | t=4.74e+01 | T=7401.6 | a=1.001141 | H=2.41e-05 | 12.9 steps/s | 77.54 ms/step | ETA: 401.1 min
Step 189700/500000 | t=4.74e+01 | T=7401.6 | a=1.001142 | H=2.41e-05 | 12.9 steps/s | 77.54 ms/step | ETA: 401.0 min
Step 189800/500000 | t=4.75e+01 | T=7401.5 | a=1.001142 | H=2.41e-05 | 12.9 steps/s | 77.54 ms/step | ETA: 400.9 min
Step 189900/500000 | t=4.75e+01 | T=7401.5 | a=1.001143 | H=2.41e-05 | 12.9 steps/s | 77.55 ms/step | ETA: 400.8 min
Step 190000/500000 | t=4.75e+01 | T=7401.5 | a=1.001143 | H=2.41e-05 | 12.9 steps/s | 77.56 ms/step | ETA: 400.7 min
Step 190100/500000 | t=4.75e+01 | T=7401.5 | a=1.001144 | H=2.41e-05 | 12.9 steps/s | 77.56 ms/step | ETA: 400.6 min
Step 190200/500000 | t=4.75e+01 | T=7401.5 | a=1.001145 | H=2.41e-05 | 12.9 steps/s | 77.56 ms/step | ETA: 400.5 min
Step 190300/500000 | t=4.76e+01 | T=7401.5 | a=1.001145 | H=2.41e-05 | 12.9 steps/s | 77.56 ms/step | ETA: 400.3 min
Step 190400/500000 | t=4.76e+01 | T=7401.5 | a=1.001146 | H=2.41e-05 | 12.9 steps/s | 77.56 ms/step | ETA: 400.2 min
Step 190500/500000 | t=4.76e+01 | T=7401.5 | a=1.001146 | H=2.41e-05 | 12.9 steps/s | 77.56 ms/step | ETA: 400.1 min
Step 190600/500000 | t=4.76e+01 | T=7401.5 | a=1.001147 | H=2.41e-05 | 12.9 steps/s | 77.57 ms/step | ETA: 400.0 min
Step 190700/500000 | t=4.77e+01 | T=7401.5 | a=1.001148 | H=2.41e-05 | 12.9 steps/s | 77.57 ms/step | ETA: 399.9 min
Step 190800/500000 | t=4.77e+01 | T=7401.5 | a=1.001148 | H=2.41e-05 | 12.9 steps/s | 77.57 ms/step | ETA: 399.7 min
Step 190900/500000 | t=4.77e+01 | T=7401.5 | a=1.001149 | H=2.41e-05 | 12.9 steps/s | 77.58 ms/step | ETA: 399.7 min
Step 191000/500000 | t=4.78e+01 | T=7401.5 | a=1.001149 | H=2.41e-05 | 12.9 steps/s | 77.58 ms/step | ETA: 399.5 min
Step 191100/500000 | t=4.78e+01 | T=7401.5 | a=1.001150 | H=2.41e-05 | 12.9 steps/s | 77.58 ms/step | ETA: 399.4 min
Step 191200/500000 | t=4.78e+01 | T=7401.5 | a=1.001151 | H=2.41e-05 | 12.9 steps/s | 77.59 ms/step | ETA: 399.3 min
Step 191300/500000 | t=4.78e+01 | T=7401.5 | a=1.001151 | H=2.41e-05 | 12.9 steps/s | 77.59 ms/step | ETA: 399.2 min
Step 191400/500000 | t=4.79e+01 | T=7401.5 | a=1.001152 | H=2.41e-05 | 12.9 steps/s | 77.59 ms/step | ETA: 399.1 min
Step 191500/500000 | t=4.79e+01 | T=7401.5 | a=1.001152 | H=2.41e-05 | 12.9 steps/s | 77.59 ms/step | ETA: 398.9 min
Step 191600/500000 | t=4.79e+01 | T=7401.5 | a=1.001153 | H=2.41e-05 | 12.9 steps/s | 77.59 ms/step | ETA: 398.8 min
Step 191700/500000 | t=4.79e+01 | T=7401.5 | a=1.001154 | H=2.41e-05 | 12.9 steps/s | 77.59 ms/step | ETA: 398.7 min
Step 191800/500000 | t=4.80e+01 | T=7401.5 | a=1.001154 | H=2.41e-05 | 12.9 steps/s | 77.59 ms/step | ETA: 398.6 min
Step 191900/500000 | t=4.80e+01 | T=7401.5 | a=1.001155 | H=2.41e-05 | 12.9 steps/s | 77.61 ms/step | ETA: 398.5 min
Step 192000/500000 | t=4.80e+01 | T=7401.4 | a=1.001155 | H=2.41e-05 | 12.9 steps/s | 77.61 ms/step | ETA: 398.4 min
Step 192100/500000 | t=4.80e+01 | T=7401.4 | a=1.001156 | H=2.41e-05 | 12.9 steps/s | 77.61 ms/step | ETA: 398.3 min
Step 192200/500000 | t=4.80e+01 | T=7401.4 | a=1.001157 | H=2.41e-05 | 12.9 steps/s | 77.61 ms/step | ETA: 398.2 min
Step 192300/500000 | t=4.81e+01 | T=7401.4 | a=1.001157 | H=2.41e-05 | 12.9 steps/s | 77.62 ms/step | ETA: 398.0 min
Step 192400/500000 | t=4.81e+01 | T=7401.4 | a=1.001158 | H=2.41e-05 | 12.9 steps/s | 77.62 ms/step | ETA: 397.9 min
Step 192500/500000 | t=4.81e+01 | T=7401.4 | a=1.001158 | H=2.41e-05 | 12.9 steps/s | 77.62 ms/step | ETA: 397.8 min
Step 192600/500000 | t=4.81e+01 | T=7401.4 | a=1.001159 | H=2.41e-05 | 12.9 steps/s | 77.62 ms/step | ETA: 397.7 min
Step 192700/500000 | t=4.82e+01 | T=7401.4 | a=1.001160 | H=2.41e-05 | 12.9 steps/s | 77.62 ms/step | ETA: 397.6 min
Step 192800/500000 | t=4.82e+01 | T=7401.4 | a=1.001160 | H=2.41e-05 | 12.9 steps/s | 77.62 ms/step | ETA: 397.4 min
Step 192900/500000 | t=4.82e+01 | T=7401.4 | a=1.001161 | H=2.41e-05 | 12.9 steps/s | 77.64 ms/step | ETA: 397.4 min
Step 193000/500000 | t=4.82e+01 | T=7401.4 | a=1.001161 | H=2.41e-05 | 12.9 steps/s | 77.64 ms/step | ETA: 397.2 min
Step 193100/500000 | t=4.83e+01 | T=7401.4 | a=1.001162 | H=2.41e-05 | 12.9 steps/s | 77.64 ms/step | ETA: 397.1 min
Step 193200/500000 | t=4.83e+01 | T=7401.4 | a=1.001163 | H=2.41e-05 | 12.9 steps/s | 77.64 ms/step | ETA: 397.0 min
Step 193300/500000 | t=4.83e+01 | T=7401.4 | a=1.001163 | H=2.41e-05 | 12.9 steps/s | 77.64 ms/step | ETA: 396.9 min
Step 193400/500000 | t=4.84e+01 | T=7401.4 | a=1.001164 | H=2.41e-05 | 12.9 steps/s | 77.64 ms/step | ETA: 396.8 min
Step 193500/500000 | t=4.84e+01 | T=7401.4 | a=1.001164 | H=2.41e-05 | 12.9 steps/s | 77.64 ms/step | ETA: 396.6 min
Step 193600/500000 | t=4.84e+01 | T=7401.4 | a=1.001165 | H=2.41e-05 | 12.9 steps/s | 77.64 ms/step | ETA: 396.5 min
Step 193700/500000 | t=4.84e+01 | T=7401.4 | a=1.001166 | H=2.41e-05 | 12.9 steps/s | 77.65 ms/step | ETA: 396.4 min
Step 193800/500000 | t=4.85e+01 | T=7401.4 | a=1.001166 | H=2.41e-05 | 12.9 steps/s | 77.65 ms/step | ETA: 396.3 min
Step 193900/500000 | t=4.85e+01 | T=7401.4 | a=1.001167 | H=2.41e-05 | 12.9 steps/s | 77.66 ms/step | ETA: 396.2 min
Step 194000/500000 | t=4.85e+01 | T=7401.4 | a=1.001167 | H=2.41e-05 | 12.9 steps/s | 77.66 ms/step | ETA: 396.1 min
Step 194100/500000 | t=4.85e+01 | T=7401.4 | a=1.001168 | H=2.41e-05 | 12.9 steps/s | 77.66 ms/step | ETA: 396.0 min
Step 194200/500000 | t=4.85e+01 | T=7401.4 | a=1.001169 | H=2.41e-05 | 12.9 steps/s | 77.67 ms/step | ETA: 395.8 min
Step 194300/500000 | t=4.86e+01 | T=7401.3 | a=1.001169 | H=2.41e-05 | 12.9 steps/s | 77.67 ms/step | ETA: 395.7 min
Step 194400/500000 | t=4.86e+01 | T=7401.3 | a=1.001170 | H=2.41e-05 | 12.9 steps/s | 77.67 ms/step | ETA: 395.6 min
Step 194500/500000 | t=4.86e+01 | T=7401.3 | a=1.001170 | H=2.41e-05 | 12.9 steps/s | 77.67 ms/step | ETA: 395.5 min
Step 194600/500000 | t=4.86e+01 | T=7401.3 | a=1.001171 | H=2.41e-05 | 12.9 steps/s | 77.67 ms/step | ETA: 395.4 min
Step 194700/500000 | t=4.87e+01 | T=7401.3 | a=1.001172 | H=2.41e-05 | 12.9 steps/s | 77.67 ms/step | ETA: 395.2 min
Step 194800/500000 | t=4.87e+01 | T=7401.3 | a=1.001172 | H=2.41e-05 | 12.9 steps/s | 77.68 ms/step | ETA: 395.1 min
Step 194900/500000 | t=4.87e+01 | T=7401.3 | a=1.001173 | H=2.41e-05 | 12.9 steps/s | 77.69 ms/step | ETA: 395.0 min
Step 195000/500000 | t=4.88e+01 | T=7401.3 | a=1.001173 | H=2.41e-05 | 12.9 steps/s | 77.69 ms/step | ETA: 394.9 min
Step 195100/500000 | t=4.88e+01 | T=7401.3 | a=1.001174 | H=2.41e-05 | 12.9 steps/s | 77.69 ms/step | ETA: 394.8 min
Step 195200/500000 | t=4.88e+01 | T=7401.3 | a=1.001175 | H=2.41e-05 | 12.9 steps/s | 77.69 ms/step | ETA: 394.7 min
Step 195300/500000 | t=4.88e+01 | T=7401.3 | a=1.001175 | H=2.41e-05 | 12.9 steps/s | 77.69 ms/step | ETA: 394.6 min
Step 195400/500000 | t=4.89e+01 | T=7401.3 | a=1.001176 | H=2.41e-05 | 12.9 steps/s | 77.70 ms/step | ETA: 394.4 min
Step 195500/500000 | t=4.89e+01 | T=7401.3 | a=1.001176 | H=2.41e-05 | 12.9 steps/s | 77.70 ms/step | ETA: 394.3 min
Step 195600/500000 | t=4.89e+01 | T=7401.3 | a=1.001177 | H=2.41e-05 | 12.9 steps/s | 77.70 ms/step | ETA: 394.2 min
Step 195700/500000 | t=4.89e+01 | T=7401.3 | a=1.001178 | H=2.41e-05 | 12.9 steps/s | 77.70 ms/step | ETA: 394.1 min
Step 195800/500000 | t=4.90e+01 | T=7401.3 | a=1.001178 | H=2.41e-05 | 12.9 steps/s | 77.70 ms/step | ETA: 393.9 min
Step 195900/500000 | t=4.90e+01 | T=7401.3 | a=1.001179 | H=2.41e-05 | 12.9 steps/s | 77.71 ms/step | ETA: 393.9 min
Step 196000/500000 | t=4.90e+01 | T=7401.3 | a=1.001179 | H=2.41e-05 | 12.9 steps/s | 77.72 ms/step | ETA: 393.8 min
Step 196100/500000 | t=4.90e+01 | T=7401.3 | a=1.001180 | H=2.41e-05 | 12.9 steps/s | 77.72 ms/step | ETA: 393.7 min
Step 196200/500000 | t=4.90e+01 | T=7401.3 | a=1.001181 | H=2.41e-05 | 12.9 steps/s | 77.72 ms/step | ETA: 393.5 min
Step 196300/500000 | t=4.91e+01 | T=7401.3 | a=1.001181 | H=2.41e-05 | 12.9 steps/s | 77.72 ms/step | ETA: 393.4 min
Step 196400/500000 | t=4.91e+01 | T=7401.3 | a=1.001182 | H=2.41e-05 | 12.9 steps/s | 77.72 ms/step | ETA: 393.3 min
Step 196500/500000 | t=4.91e+01 | T=7401.2 | a=1.001182 | H=2.41e-05 | 12.9 steps/s | 77.73 ms/step | ETA: 393.2 min
Step 196600/500000 | t=4.91e+01 | T=7401.2 | a=1.001183 | H=2.41e-05 | 12.9 steps/s | 77.73 ms/step | ETA: 393.0 min
Step 196700/500000 | t=4.92e+01 | T=7401.2 | a=1.001184 | H=2.41e-05 | 12.9 steps/s | 77.73 ms/step | ETA: 392.9 min
Step 196800/500000 | t=4.92e+01 | T=7401.2 | a=1.001184 | H=2.41e-05 | 12.9 steps/s | 77.73 ms/step | ETA: 392.8 min
Step 196900/500000 | t=4.92e+01 | T=7401.2 | a=1.001185 | H=2.41e-05 | 12.9 steps/s | 77.74 ms/step | ETA: 392.7 min
Step 197000/500000 | t=4.92e+01 | T=7401.2 | a=1.001185 | H=2.41e-05 | 12.9 steps/s | 77.74 ms/step | ETA: 392.6 min
Step 197100/500000 | t=4.93e+01 | T=7401.2 | a=1.001186 | H=2.41e-05 | 12.9 steps/s | 77.74 ms/step | ETA: 392.5 min
Step 197200/500000 | t=4.93e+01 | T=7401.2 | a=1.001187 | H=2.41e-05 | 12.9 steps/s | 77.75 ms/step | ETA: 392.4 min
Step 197300/500000 | t=4.93e+01 | T=7401.2 | a=1.001187 | H=2.41e-05 | 12.9 steps/s | 77.75 ms/step | ETA: 392.2 min
Step 197400/500000 | t=4.94e+01 | T=7401.2 | a=1.001188 | H=2.41e-05 | 12.9 steps/s | 77.75 ms/step | ETA: 392.1 min
Step 197500/500000 | t=4.94e+01 | T=7401.2 | a=1.001188 | H=2.41e-05 | 12.9 steps/s | 77.75 ms/step | ETA: 392.0 min
Step 197600/500000 | t=4.94e+01 | T=7401.2 | a=1.001189 | H=2.41e-05 | 12.9 steps/s | 77.75 ms/step | ETA: 391.9 min
Step 197700/500000 | t=4.94e+01 | T=7401.2 | a=1.001190 | H=2.41e-05 | 12.9 steps/s | 77.75 ms/step | ETA: 391.7 min
Step 197800/500000 | t=4.95e+01 | T=7401.2 | a=1.001190 | H=2.41e-05 | 12.9 steps/s | 77.75 ms/step | ETA: 391.6 min
Step 197900/500000 | t=4.95e+01 | T=7401.2 | a=1.001191 | H=2.41e-05 | 12.9 steps/s | 77.77 ms/step | ETA: 391.6 min
Step 198000/500000 | t=4.95e+01 | T=7401.2 | a=1.001192 | H=2.41e-05 | 12.9 steps/s | 77.77 ms/step | ETA: 391.4 min
Step 198100/500000 | t=4.95e+01 | T=7401.2 | a=1.001192 | H=2.41e-05 | 12.9 steps/s | 77.77 ms/step | ETA: 391.3 min
Step 198200/500000 | t=4.95e+01 | T=7401.2 | a=1.001193 | H=2.41e-05 | 12.9 steps/s | 77.77 ms/step | ETA: 391.2 min
Step 198300/500000 | t=4.96e+01 | T=7401.2 | a=1.001193 | H=2.41e-05 | 12.9 steps/s | 77.77 ms/step | ETA: 391.1 min
Step 198400/500000 | t=4.96e+01 | T=7401.2 | a=1.001194 | H=2.41e-05 | 12.9 steps/s | 77.77 ms/step | ETA: 390.9 min
Step 198500/500000 | t=4.96e+01 | T=7401.2 | a=1.001195 | H=2.41e-05 | 12.9 steps/s | 77.77 ms/step | ETA: 390.8 min
Step 198600/500000 | t=4.96e+01 | T=7401.2 | a=1.001195 | H=2.41e-05 | 12.9 steps/s | 77.78 ms/step | ETA: 390.7 min
Step 198700/500000 | t=4.97e+01 | T=7401.2 | a=1.001196 | H=2.41e-05 | 12.9 steps/s | 77.78 ms/step | ETA: 390.6 min
Step 198800/500000 | t=4.97e+01 | T=7401.1 | a=1.001196 | H=2.41e-05 | 12.9 steps/s | 77.78 ms/step | ETA: 390.5 min
Step 198900/500000 | t=4.97e+01 | T=7401.1 | a=1.001197 | H=2.41e-05 | 12.9 steps/s | 77.79 ms/step | ETA: 390.4 min
Step 199000/500000 | t=4.98e+01 | T=7401.1 | a=1.001198 | H=2.41e-05 | 12.9 steps/s | 77.79 ms/step | ETA: 390.3 min
Step 199100/500000 | t=4.98e+01 | T=7401.1 | a=1.001198 | H=2.41e-05 | 12.9 steps/s | 77.79 ms/step | ETA: 390.1 min
Step 199200/500000 | t=4.98e+01 | T=7401.1 | a=1.001199 | H=2.41e-05 | 12.9 steps/s | 77.80 ms/step | ETA: 390.0 min
Step 199300/500000 | t=4.98e+01 | T=7401.1 | a=1.001199 | H=2.41e-05 | 12.9 steps/s | 77.80 ms/step | ETA: 389.9 min
Step 199400/500000 | t=4.99e+01 | T=7401.1 | a=1.001200 | H=2.41e-05 | 12.9 steps/s | 77.80 ms/step | ETA: 389.8 min
Step 199500/500000 | t=4.99e+01 | T=7401.1 | a=1.001201 | H=2.41e-05 | 12.9 steps/s | 77.80 ms/step | ETA: 389.7 min
Step 199600/500000 | t=4.99e+01 | T=7401.1 | a=1.001201 | H=2.41e-05 | 12.9 steps/s | 77.80 ms/step | ETA: 389.5 min
Step 199700/500000 | t=4.99e+01 | T=7401.1 | a=1.001202 | H=2.41e-05 | 12.9 steps/s | 77.80 ms/step | ETA: 389.4 min
Step 199800/500000 | t=5.00e+01 | T=7401.1 | a=1.001202 | H=2.41e-05 | 12.9 steps/s | 77.81 ms/step | ETA: 389.3 min
Step 199900/500000 | t=5.00e+01 | T=7401.1 | a=1.001203 | H=2.41e-05 | 12.9 steps/s | 77.82 ms/step | ETA: 389.2 min

!!!!!!!!!!!!!!!!!!!!!!!!!!!!!!!!!!!!!!!!!!!!!!!!!!!!!!!!!!!!
DIVERGENCE DETECTED at step 200000 (t_phys=5.000000e+01)
  NaN sites: phi=0/16777216
  |phi|_max = 1.0000e+11
  Finite phi: [1.0000e+11, 1.0000e+11]
  NaN sites: pi=0/16777216
  Finite pi:  [-1.8694e+04, 3.6281e+04]
  noise_scale = 3.331912e+03
  eta_eff = 3.000000e+00, T = 7401.1, inv_a2 = 0.9975972651
!!!!!!!!!!!!!!!!!!!!!!!!!!!!!!!!!!!!!!!!!!!!!!!!!!!!!!!!!!!!
  Debug state saved: data/set6/256x256x256_T0_7410_dx_0.001_dtphys_0.00025_interval_4000_3D_hubble_eta_3000_gb_1.09_gf_1.09_rk2_fused_table/field_states/state_step_0000200000_NaN_debug.npz
  ABORTING simulation.

============================================================
SIMULATION FINISHED!
============================================================

Timing:
  Total time: 259.50 minutes (15570.0 seconds)
  Average: 32.1 steps/second
  Time per step: 31.140 ms

Simulation Parameters:
  Grid: 256×256×256
  Total steps: 500,000
  Initial temperature: 7410.0
  Cooling rate: 0.001
  dx_phys: 0.001
  dt_phys: 0.00025

Optimizations Used:
  Single-pass fused RK2: True
  Fused RK2: False
  Vprime table: True (size=16384)
  In-kernel RNG: True
  Field precision: float32
  Spline resolution (N_Y): 256
  Numba threads: 11

Output:
  Snapshots saved: data/set6/256x256x256_T0_7410_dx_0.001_dtphys_0.00025_interval_4000_3D_hubble_eta_3000_gb_1.09_gf_1.09_rk2_fused_table
  Snapshot interval: every 4000 steps
  Total snapshots: 125

Completed: 2026-02-27 00:37:47

Metadata saved to: data/set6/256x256x256_T0_7410_dx_0.001_dtphys_0.00025_interval_4000_3D_hubble_eta_3000_gb_1.09_gf_1.09_rk2_fused_table/simulation_metadata.npz
Field states saved to: data/set6/256x256x256_T0_7410_dx_0.001_dtphys_0.00025_interval_4000_3D_hubble_eta_3000_gb_1.09_gf_1.09_rk2_fused_table/field_states/
Use revisualize_snapshots.py to replot with different settings
============================================================
