======================================================================
LATTICE SIMULATION LOG
Started: 2026-02-23 15:44:10
Log file: logs/simulation_20260223_154410.log
======================================================================

Numba Configuration:
  Version: 0.63.1
  Threading layer: default
  Configured threads: 11
  Active threads: 11
----------------------------------------------------------------------

Time step: dt_phys = 1.00e-04, dt (rescaled) = 1.0000e-01
  CFL limit: dt_CFL = 0.5774 (rescaled)
  dt/dt_CFL = 1.7321e-01 (SAFE)

Hubble expansion: ENABLED (comoving lattice)
  g_* = 106.75, M_Pl = 2.40e+18 GeV, ΔV = 1.00e+28 GeV^4
  H² = (T⁴/χ_g² + ΔV) / (3 M_Pl²)
  H(T0=7450.0) = 2.4056e-05 GeV
  3H = 7.2169e-05 GeV
  η_phys = 0.3 GeV  →  3H/η = 2.41e-04
  T(t) = T0 / a(t)  (entropy conservation)
  Initial a = 1.0
Field precision: float32
Tree-level VEV: ±1.0000e+11

Finding thermal VEV at T = 7450.0...
  V'(0) = 3.0071e-06
  V'(VEV) = 7.4413e-31
  Thermal VEV found: 1.0000e+11
  Ratio thermal/tree: 1.0000

Finding escape point...
  V'(1e-10) = 3.0071e-06
  V'(1e0)   = 3.0071e+04
  V'(1e5)   = -9.9980e+10
  V'(1e8)   = -1.0000e+14
  V'(1e10)  = -9.9000e+15
  Barrier found between 2.8810e+03 and 3.0310e+03
  Barrier top at: 2.9120e+03
  Escape point: 3.2032e+03
  V'(escape) = -2.1137e+07 (should be < 0)

Using TREE-LEVEL VEV for seeding: 1.0000e+11
The bubble is seeded at the true vacuum (no rolling needed).
Bubble seeding: DISABLED (thermal nucleation only)
Field states will be saved to: data/set6/256x256x256_T0_7450_dx_0.001_dtphys_0.0001_interval_50_3D_hubble_eta_0.3/field_states
Figures will be saved to: data/set6/256x256x256_T0_7450_dx_0.001_dtphys_0.0001_interval_50_3D_hubble_eta_0.3/figs/latticeSnapshot

============================================================
RESUMING FROM CHECKPOINT
============================================================
  File: data/set6/256x256x256_T0_7450_dx_0.001_dtphys_0.0001_interval_50_3D_hubble_eta_0.3/field_states/state_step_0000003250.npz
  Step: 3250  ->  resuming from step 3250
  Time: 3.250000e-01 (physical)
  Temperature: 7449.9
  phi range: [-6.4269e+06, 6.0056e+06]
  scale_factor: 1.0000078207
  Remaining steps: 9,999,996,750
============================================================


============================================================
Starting time evolution...
Grid: 256×256×256, Steps: 10000000000, dt: 1.00e-01
Integrator: RK2 non-fused (2 passes/step, table V')
Using Vprime lookup table: True (size=16384)
Using in-kernel RNG: True
Field precision: float32
Spline resolution N_Y: 256
Bubble seeding: DISABLED
Thermal noise: ENABLED (FDT noise_scale(T0) = 2.1142e+01)
Overdamped mode: DISABLED (η = 0.3)
Hubble expansion: ENABLED
  H(T0) = 2.4056e-05 GeV, 3H/η = 2.41e-04
  g_* = 106.75, M_Pl = 2.40e+18 GeV
============================================================

Warming up JIT compilation...
JIT warmup complete.
Starting main loop...

Dense snapshots: enabled (threshold=100000.0, interval=5)

*** phi threshold exceeded: max|phi|=7730042.5 > 100000.0
*** Switching to dense snapshots: every 5 steps

Step 3250/10000000000 | t=3.25e-01 | T=7449.9 | a=1.000008 | H=2.41e-05 | 5.6 steps/s | 177.97 ms/step | ETA: 29661963.7 min
Step 3255/10000000000 | t=3.26e-01 | T=7449.9 | a=1.000008 | H=2.41e-05 | 1.3 steps/s | 745.02 ms/step | ETA: 124170349.0 min
Step 3260/10000000000 | t=3.26e-01 | T=7449.9 | a=1.000008 | H=2.41e-05 | 1.6 steps/s | 617.76 ms/step | ETA: 102959375.3 min
Step 3265/10000000000 | t=3.27e-01 | T=7449.9 | a=1.000008 | H=2.41e-05 | 1.8 steps/s | 570.81 ms/step | ETA: 95134967.3 min
Step 3270/10000000000 | t=3.27e-01 | T=7449.9 | a=1.000008 | H=2.41e-05 | 1.8 steps/s | 541.00 ms/step | ETA: 90167381.3 min
Step 3275/10000000000 | t=3.28e-01 | T=7449.9 | a=1.000008 | H=2.41e-05 | 1.9 steps/s | 524.88 ms/step | ETA: 87479362.5 min
Step 3280/10000000000 | t=3.28e-01 | T=7449.9 | a=1.000008 | H=2.41e-05 | 1.9 steps/s | 517.00 ms/step | ETA: 86167277.8 min
Step 3285/10000000000 | t=3.29e-01 | T=7449.9 | a=1.000008 | H=2.41e-05 | 2.0 steps/s | 505.14 ms/step | ETA: 84189417.1 min
Step 3290/10000000000 | t=3.29e-01 | T=7449.9 | a=1.000008 | H=2.41e-05 | 2.0 steps/s | 498.41 ms/step | ETA: 83068822.3 min
Step 3295/10000000000 | t=3.30e-01 | T=7449.9 | a=1.000008 | H=2.41e-05 | 2.0 steps/s | 495.01 ms/step | ETA: 82501338.5 min
Step 3300/10000000000 | t=3.30e-01 | T=7449.9 | a=1.000008 | H=2.41e-05 | 2.0 steps/s | 493.58 ms/step | ETA: 82262658.7 min
Step 3305/10000000000 | t=3.31e-01 | T=7449.9 | a=1.000008 | H=2.41e-05 | 1.9 steps/s | 525.35 ms/step | ETA: 87559087.1 min
Step 3310/10000000000 | t=3.31e-01 | T=7449.9 | a=1.000008 | H=2.41e-05 | 1.9 steps/s | 525.18 ms/step | ETA: 87529916.3 min
Step 3315/10000000000 | t=3.32e-01 | T=7449.9 | a=1.000008 | H=2.41e-05 | 1.9 steps/s | 520.57 ms/step | ETA: 86761203.2 min
Step 3320/10000000000 | t=3.32e-01 | T=7449.9 | a=1.000008 | H=2.41e-05 | 1.9 steps/s | 515.89 ms/step | ETA: 85980816.6 min
Step 3325/10000000000 | t=3.33e-01 | T=7449.9 | a=1.000008 | H=2.41e-05 | 2.0 steps/s | 511.94 ms/step | ETA: 85322787.2 min
Step 3330/10000000000 | t=3.33e-01 | T=7449.9 | a=1.000008 | H=2.41e-05 | 2.0 steps/s | 507.50 ms/step | ETA: 84583165.0 min
Step 3335/10000000000 | t=3.34e-01 | T=7449.9 | a=1.000008 | H=2.41e-05 | 2.0 steps/s | 505.35 ms/step | ETA: 84225301.2 min
Step 3340/10000000000 | t=3.34e-01 | T=7449.9 | a=1.000008 | H=2.41e-05 | 2.0 steps/s | 502.72 ms/step | ETA: 83787111.1 min
Step 3345/10000000000 | t=3.35e-01 | T=7449.9 | a=1.000008 | H=2.41e-05 | 2.0 steps/s | 500.43 ms/step | ETA: 83404968.4 min
Step 3350/10000000000 | t=3.35e-01 | T=7449.9 | a=1.000008 | H=2.41e-05 | 2.0 steps/s | 499.20 ms/step | ETA: 83199629.0 min
Step 3355/10000000000 | t=3.36e-01 | T=7449.9 | a=1.000008 | H=2.41e-05 | 1.9 steps/s | 514.96 ms/step | ETA: 85825905.2 min
Step 3360/10000000000 | t=3.36e-01 | T=7449.9 | a=1.000008 | H=2.41e-05 | 2.0 steps/s | 512.18 ms/step | ETA: 85362633.4 min
Step 3365/10000000000 | t=3.37e-01 | T=7449.9 | a=1.000008 | H=2.41e-05 | 2.0 steps/s | 511.70 ms/step | ETA: 85283795.7 min
Step 3370/10000000000 | t=3.37e-01 | T=7449.9 | a=1.000008 | H=2.41e-05 | 1.9 steps/s | 515.49 ms/step | ETA: 85915239.7 min
Step 3375/10000000000 | t=3.38e-01 | T=7449.9 | a=1.000008 | H=2.41e-05 | 1.9 steps/s | 514.18 ms/step | ETA: 85697160.3 min
Step 3380/10000000000 | t=3.38e-01 | T=7449.9 | a=1.000008 | H=2.41e-05 | 2.0 steps/s | 512.27 ms/step | ETA: 85378622.5 min
Step 3385/10000000000 | t=3.39e-01 | T=7449.9 | a=1.000008 | H=2.41e-05 | 2.0 steps/s | 510.34 ms/step | ETA: 85057042.2 min
Step 3390/10000000000 | t=3.39e-01 | T=7449.9 | a=1.000008 | H=2.41e-05 | 2.0 steps/s | 508.58 ms/step | ETA: 84763386.3 min
Step 3395/10000000000 | t=3.40e-01 | T=7449.9 | a=1.000008 | H=2.41e-05 | 2.0 steps/s | 507.03 ms/step | ETA: 84504743.0 min
Step 3400/10000000000 | t=3.40e-01 | T=7449.9 | a=1.000008 | H=2.41e-05 | 2.0 steps/s | 505.81 ms/step | ETA: 84302288.0 min
Step 3405/10000000000 | t=3.41e-01 | T=7449.9 | a=1.000008 | H=2.41e-05 | 1.9 steps/s | 515.73 ms/step | ETA: 85954941.8 min
Step 3410/10000000000 | t=3.41e-01 | T=7449.9 | a=1.000008 | H=2.41e-05 | 1.9 steps/s | 514.08 ms/step | ETA: 85680753.2 min
Step 3415/10000000000 | t=3.42e-01 | T=7449.9 | a=1.000008 | H=2.41e-05 | 1.9 steps/s | 512.97 ms/step | ETA: 85494772.0 min
Step 3420/10000000000 | t=3.42e-01 | T=7449.9 | a=1.000008 | H=2.41e-05 | 1.9 steps/s | 512.89 ms/step | ETA: 85480966.8 min
Step 3425/10000000000 | t=3.43e-01 | T=7449.9 | a=1.000008 | H=2.41e-05 | 1.9 steps/s | 516.30 ms/step | ETA: 86049499.9 min
Step 3430/10000000000 | t=3.43e-01 | T=7449.9 | a=1.000008 | H=2.41e-05 | 1.9 steps/s | 518.12 ms/step | ETA: 86353897.6 min
Step 3435/10000000000 | t=3.44e-01 | T=7449.9 | a=1.000008 | H=2.41e-05 | 1.9 steps/s | 518.57 ms/step | ETA: 86428850.1 min
Step 3440/10000000000 | t=3.44e-01 | T=7449.9 | a=1.000008 | H=2.41e-05 | 1.9 steps/s | 519.00 ms/step | ETA: 86499229.4 min
Step 3445/10000000000 | t=3.44e-01 | T=7449.9 | a=1.000008 | H=2.41e-05 | 1.9 steps/s | 519.40 ms/step | ETA: 86566791.6 min
Step 3450/10000000000 | t=3.45e-01 | T=7449.9 | a=1.000008 | H=2.41e-05 | 1.9 steps/s | 520.11 ms/step | ETA: 86684496.6 min
Step 3455/10000000000 | t=3.45e-01 | T=7449.9 | a=1.000008 | H=2.41e-05 | 1.9 steps/s | 531.38 ms/step | ETA: 88562938.7 min
Step 3460/10000000000 | t=3.46e-01 | T=7449.9 | a=1.000008 | H=2.41e-05 | 1.9 steps/s | 532.50 ms/step | ETA: 88750641.5 min
Step 3465/10000000000 | t=3.46e-01 | T=7449.9 | a=1.000008 | H=2.41e-05 | 1.9 steps/s | 533.04 ms/step | ETA: 88840597.3 min
Step 3470/10000000000 | t=3.47e-01 | T=7449.9 | a=1.000008 | H=2.41e-05 | 1.9 steps/s | 533.90 ms/step | ETA: 88982892.8 min
Step 3475/10000000000 | t=3.47e-01 | T=7449.9 | a=1.000008 | H=2.41e-05 | 1.9 steps/s | 534.82 ms/step | ETA: 89137093.7 min
Step 3480/10000000000 | t=3.48e-01 | T=7449.9 | a=1.000008 | H=2.41e-05 | 1.9 steps/s | 535.48 ms/step | ETA: 89246166.5 min
Step 3485/10000000000 | t=3.48e-01 | T=7449.9 | a=1.000008 | H=2.41e-05 | 1.9 steps/s | 535.03 ms/step | ETA: 89171564.2 min
Step 3490/10000000000 | t=3.49e-01 | T=7449.9 | a=1.000008 | H=2.41e-05 | 1.9 steps/s | 534.20 ms/step | ETA: 89033302.2 min
Step 3495/10000000000 | t=3.49e-01 | T=7449.9 | a=1.000008 | H=2.41e-05 | 1.9 steps/s | 533.84 ms/step | ETA: 88973347.0 min
Step 3500/10000000000 | t=3.50e-01 | T=7449.9 | a=1.000008 | H=2.41e-05 | 1.9 steps/s | 533.64 ms/step | ETA: 88939673.5 min
Step 3505/10000000000 | t=3.50e-01 | T=7449.9 | a=1.000008 | H=2.41e-05 | 1.8 steps/s | 541.20 ms/step | ETA: 90199930.0 min
Step 3510/10000000000 | t=3.51e-01 | T=7449.9 | a=1.000008 | H=2.41e-05 | 1.8 steps/s | 541.10 ms/step | ETA: 90182810.6 min
Step 3515/10000000000 | t=3.51e-01 | T=7449.9 | a=1.000008 | H=2.41e-05 | 1.8 steps/s | 541.08 ms/step | ETA: 90180613.0 min
Step 3520/10000000000 | t=3.52e-01 | T=7449.9 | a=1.000008 | H=2.41e-05 | 1.8 steps/s | 541.46 ms/step | ETA: 90243482.3 min
Step 3525/10000000000 | t=3.52e-01 | T=7449.9 | a=1.000008 | H=2.41e-05 | 1.8 steps/s | 541.38 ms/step | ETA: 90230677.6 min
Step 3530/10000000000 | t=3.53e-01 | T=7449.9 | a=1.000008 | H=2.41e-05 | 1.8 steps/s | 541.32 ms/step | ETA: 90220229.0 min
Step 3535/10000000000 | t=3.53e-01 | T=7449.9 | a=1.000009 | H=2.41e-05 | 1.8 steps/s | 541.89 ms/step | ETA: 90315201.8 min
Step 3540/10000000000 | t=3.54e-01 | T=7449.9 | a=1.000009 | H=2.41e-05 | 1.8 steps/s | 542.55 ms/step | ETA: 90425471.3 min
Step 3545/10000000000 | t=3.54e-01 | T=7449.9 | a=1.000009 | H=2.41e-05 | 1.8 steps/s | 542.93 ms/step | ETA: 90488003.9 min
Step 3550/10000000000 | t=3.55e-01 | T=7449.9 | a=1.000009 | H=2.41e-05 | 1.8 steps/s | 544.46 ms/step | ETA: 90743954.5 min
Step 3555/10000000000 | t=3.55e-01 | T=7449.9 | a=1.000009 | H=2.41e-05 | 1.8 steps/s | 551.80 ms/step | ETA: 91966395.8 min
Step 3560/10000000000 | t=3.56e-01 | T=7449.9 | a=1.000009 | H=2.41e-05 | 1.8 steps/s | 552.13 ms/step | ETA: 92021281.1 min
Step 3565/10000000000 | t=3.56e-01 | T=7449.9 | a=1.000009 | H=2.41e-05 | 1.8 steps/s | 552.84 ms/step | ETA: 92139342.6 min
Step 3570/10000000000 | t=3.57e-01 | T=7449.9 | a=1.000009 | H=2.41e-05 | 1.8 steps/s | 553.27 ms/step | ETA: 92212287.4 min
Step 3575/10000000000 | t=3.57e-01 | T=7449.9 | a=1.000009 | H=2.41e-05 | 1.8 steps/s | 553.42 ms/step | ETA: 92237153.1 min
Step 3580/10000000000 | t=3.58e-01 | T=7449.9 | a=1.000009 | H=2.41e-05 | 1.8 steps/s | 553.77 ms/step | ETA: 92295712.7 min
Step 3585/10000000000 | t=3.58e-01 | T=7449.9 | a=1.000009 | H=2.41e-05 | 1.8 steps/s | 553.98 ms/step | ETA: 92329334.5 min
Step 3590/10000000000 | t=3.59e-01 | T=7449.9 | a=1.000009 | H=2.41e-05 | 1.8 steps/s | 554.06 ms/step | ETA: 92343442.3 min
Step 3595/10000000000 | t=3.59e-01 | T=7449.9 | a=1.000009 | H=2.41e-05 | 1.8 steps/s | 554.64 ms/step | ETA: 92440309.2 min
Step 3600/10000000000 | t=3.60e-01 | T=7449.9 | a=1.000009 | H=2.41e-05 | 1.8 steps/s | 554.81 ms/step | ETA: 92467609.6 min
Step 3605/10000000000 | t=3.60e-01 | T=7449.9 | a=1.000009 | H=2.41e-05 | 1.8 steps/s | 560.50 ms/step | ETA: 93416603.5 min
Step 3610/10000000000 | t=3.61e-01 | T=7449.9 | a=1.000009 | H=2.41e-05 | 1.8 steps/s | 560.40 ms/step | ETA: 93400702.2 min
Step 3615/10000000000 | t=3.61e-01 | T=7449.9 | a=1.000009 | H=2.41e-05 | 1.8 steps/s | 560.67 ms/step | ETA: 93445527.6 min
Step 3620/10000000000 | t=3.62e-01 | T=7449.9 | a=1.000009 | H=2.41e-05 | 1.8 steps/s | 560.83 ms/step | ETA: 93470956.8 min
Step 3625/10000000000 | t=3.62e-01 | T=7449.9 | a=1.000009 | H=2.41e-05 | 1.8 steps/s | 561.34 ms/step | ETA: 93555859.8 min
Step 3630/10000000000 | t=3.63e-01 | T=7449.9 | a=1.000009 | H=2.41e-05 | 1.8 steps/s | 561.95 ms/step | ETA: 93657798.9 min
Step 3635/10000000000 | t=3.63e-01 | T=7449.9 | a=1.000009 | H=2.41e-05 | 1.8 steps/s | 562.90 ms/step | ETA: 93816509.5 min
