======================================================================
LATTICE SIMULATION LOG
Started: 2026-02-24 14:28:04
Log file: logs/simulation_20260224_142804.log
======================================================================

Numba Configuration:
  Version: 0.63.1
  Threading layer: default
  Configured threads: 11
  Active threads: 11
----------------------------------------------------------------------

Time step: dt_phys = 1.00e-04, dt (rescaled) = 1.0000e-01
  CFL limit: dt_CFL = 0.5774 (rescaled)
  dt/dt_CFL = 1.7321e-01 (SAFE)

Hubble expansion: ENABLED (comoving lattice)
  g_* = 106.75, M_Pl = 2.40e+18 GeV, ΔV = 1.00e+28 GeV^4
  H² = (T⁴/χ_g² + ΔV) / (3 M_Pl²)
  H(T0=7370.0) = 2.4056e-05 GeV
  3H = 7.2169e-05 GeV
  η_phys = 0.3 GeV  →  3H/η = 2.41e-04
  T(t) = T0 / a(t)  (entropy conservation)
  Initial a = 1.0
Field precision: float32
Tree-level VEV: ±1.0000e+11

Finding thermal VEV at T = 7370.0...
  V'(0) = 7.7081e-07
  V'(VEV) = 7.2041e-31
  Thermal VEV found: 1.0000e+11
  Ratio thermal/tree: 1.0000

Finding escape point...
  V'(1e-10) = 7.7081e-07
  V'(1e0)   = 7.7081e+03
  V'(1e5)   = -9.9982e+10
  V'(1e8)   = -1.0000e+14
  V'(1e10)  = -9.9000e+15
  Barrier found between 1.4897e+03 and 1.5672e+03
  Barrier top at: 1.5078e+03
  Escape point: 1.6586e+03
  V'(escape) = -2.7585e+06 (should be < 0)

Using TREE-LEVEL VEV for seeding: 1.0000e+11
The bubble is seeded at the true vacuum (no rolling needed).
Bubble seeding: DISABLED (thermal nucleation only)
Field states will be saved to: data/set6/256x256x256_T0_7370_dx_0.001_dtphys_0.0001_interval_5000_3D_hubble_eta_0.3_baoab/field_states
Figures will be saved to: data/set6/256x256x256_T0_7370_dx_0.001_dtphys_0.0001_interval_5000_3D_hubble_eta_0.3_baoab/figs/latticeSnapshot

============================================================
Starting time evolution...
Grid: 256×256×256, Steps: 10000000000, dt: 1.00e-01
Integrator: baoab
Using Vprime lookup table: True (size=16384)
Using in-kernel RNG: True
Field precision: float32
Spline resolution N_Y: 256
Bubble seeding: DISABLED
Thermal noise: ENABLED (FDT noise_scale(T0) = 2.1029e+01)
Overdamped mode: DISABLED (η = 0.3)
Hubble expansion: ENABLED
  H(T0) = 2.4056e-05 GeV, 3H/η = 2.41e-04
  g_* = 106.75, M_Pl = 2.40e+18 GeV
============================================================

Warming up JIT compilation...
JIT warmup complete.
Starting main loop...

Dense snapshots: enabled (threshold=100000.0, interval=1000)
Step 0/10000000000 | t=0.00e+00 | T=7370.0 | a=1.000000 | H=2.41e-05 | 4.2 steps/s | 236.22 ms/step | ETA: 39369821.5 min
Step 5000/10000000000 | t=5.00e-01 | T=7369.9 | a=1.000012 | H=2.41e-05 | 13.3 steps/s | 75.23 ms/step | ETA: 12537810.7 min
Step 10000/10000000000 | t=1.00e+00 | T=7369.8 | a=1.000024 | H=2.41e-05 | 13.3 steps/s | 75.12 ms/step | ETA: 12519558.9 min
Step 15000/10000000000 | t=1.50e+00 | T=7369.7 | a=1.000036 | H=2.41e-05 | 12.8 steps/s | 78.41 ms/step | ETA: 13068868.2 min

*** phi threshold exceeded: max|phi|=102191.0 > 100000.0
*** Switching to dense snapshots: every 1000 steps

Step 20000/10000000000 | t=2.00e+00 | T=7369.6 | a=1.000048 | H=2.41e-05 | 12.7 steps/s | 78.97 ms/step | ETA: 13161930.2 min
Step 21000/10000000000 | t=2.10e+00 | T=7369.6 | a=1.000051 | H=2.41e-05 | 12.7 steps/s | 79.00 ms/step | ETA: 13166110.9 min
Step 22000/10000000000 | t=2.20e+00 | T=7369.6 | a=1.000053 | H=2.41e-05 | 12.7 steps/s | 78.97 ms/step | ETA: 13161558.1 min
Step 23000/10000000000 | t=2.30e+00 | T=7369.6 | a=1.000055 | H=2.41e-05 | 12.7 steps/s | 78.86 ms/step | ETA: 13143709.3 min
Step 24000/10000000000 | t=2.40e+00 | T=7369.6 | a=1.000058 | H=2.41e-05 | 12.7 steps/s | 78.72 ms/step | ETA: 13119319.6 min
Step 25000/10000000000 | t=2.50e+00 | T=7369.6 | a=1.000060 | H=2.41e-05 | 12.7 steps/s | 78.74 ms/step | ETA: 13123530.4 min
Step 26000/10000000000 | t=2.60e+00 | T=7369.5 | a=1.000063 | H=2.41e-05 | 12.7 steps/s | 78.95 ms/step | ETA: 13158582.8 min
