======================================================================
LATTICE SIMULATION LOG
Started: 2026-02-18 23:39:05
Log file: logs/simulation_20260218_233905.log
======================================================================

Numba Configuration:
  Version: 0.63.1
  Threading layer: default
  Configured threads: 11
  Active threads: 11
----------------------------------------------------------------------
OVERDAMPED MODE: η = 50.0 (rescaled: 5.00e-02)

Hubble expansion: ENABLED (comoving lattice)
  g_* = 106.75, M_Pl = 2.40e+18 GeV, ΔV = 1.00e+28 GeV^4
  H² = (T⁴/χ_g² + ΔV) / (3 M_Pl²)
  H(T0=7341.0) = 2.4056e-05 GeV
  3H = 7.2169e-05 GeV
  η_phys = 0.3 GeV  →  3H/η = 2.41e-04
  T(t) = T0 / a(t)  (entropy conservation)
  Initial a = 1.0
Field precision: float32
Tree-level VEV: ±1.0000e+11

Finding thermal VEV at T = 7341.0...
  V'(0) = -3.3898e-08
  V'(VEV) = 7.1194e-31
  Thermal VEV found: 1.0000e+11
  Ratio thermal/tree: 1.0000

Finding escape point...
  V'(1e-10) = -3.3898e-08
  V'(1e0)   = -3.3899e+02
  V'(1e5)   = -9.9983e+10
  V'(1e8)   = -1.0000e+14
  V'(1e10)  = -9.9000e+15
  No barrier: V' < 0 everywhere (spinodal regime)
  Using thermal VEV: 1.0000e+11
  V'(escape) = 7.1194e-31

Using TREE-LEVEL VEV for seeding: 1.0000e+11
The bubble is seeded at the true vacuum (no rolling needed).
Bubble seeding: DISABLED (thermal nucleation only)
Field states will be saved to: data/set6/256x256_T0_7341_dt_1e-05_interval_50000_hubble/field_states
Figures will be saved to: data/set6/256x256_T0_7341_dt_1e-05_interval_50000_hubble/figs/latticeSnapshot

============================================================
Starting time evolution...
Grid: 256×256, Steps: 1000000000, dt: 1.00e-05
Using fused RK2: True
Using in-kernel RNG: True
Field precision: float32
Spline resolution N_Y: 256
Bubble seeding: DISABLED
Thermal noise: ENABLED (FDT noise_scale(T0) = 8.5680e-05)
Overdamped mode: ENABLED (η = 50.0, no ringing)
Hubble expansion: ENABLED
  H(T0) = 2.4056e-05 GeV, 3H/η = 2.41e-04
  g_* = 106.75, M_Pl = 2.40e+18 GeV
============================================================

Warming up JIT compilation...
JIT warmup complete.
Starting main loop...

Step 0/1000000000 | t=0.00e+00 | T=7341.0 | a=1.000000 | H=2.41e-05 | 208.2 steps/s | 0.00 ms/step | ETA: 0.0 min
Step 50000/1000000000 | t=5.00e-04 | T=7341.0 | a=1.000000 | H=2.41e-05 | 526.7 steps/s | 1.90 ms/step | ETA: 31643.6 min
Step 100000/1000000000 | t=1.00e-03 | T=7341.0 | a=1.000000 | H=2.41e-05 | 500.7 steps/s | 2.00 ms/step | ETA: 33282.5 min
Step 150000/1000000000 | t=1.50e-03 | T=7341.0 | a=1.000000 | H=2.41e-05 | 503.0 steps/s | 1.99 ms/step | ETA: 33128.6 min
Step 200000/1000000000 | t=2.00e-03 | T=7341.0 | a=1.000000 | H=2.41e-05 | 491.4 steps/s | 2.04 ms/step | ETA: 33910.2 min
Step 250000/1000000000 | t=2.50e-03 | T=7341.0 | a=1.000000 | H=2.41e-05 | 489.8 steps/s | 2.04 ms/step | ETA: 34020.3 min
Step 300000/1000000000 | t=3.00e-03 | T=7341.0 | a=1.000000 | H=2.41e-05 | 488.1 steps/s | 2.05 ms/step | ETA: 34138.7 min
Step 350000/1000000000 | t=3.50e-03 | T=7341.0 | a=1.000000 | H=2.41e-05 | 487.6 steps/s | 2.05 ms/step | ETA: 34167.1 min
Step 400000/1000000000 | t=4.00e-03 | T=7341.0 | a=1.000000 | H=2.41e-05 | 488.1 steps/s | 2.05 ms/step | ETA: 34135.0 min
Step 450000/1000000000 | t=4.50e-03 | T=7341.0 | a=1.000000 | H=2.41e-05 | 488.3 steps/s | 2.05 ms/step | ETA: 34119.9 min
Step 500000/1000000000 | t=5.00e-03 | T=7341.0 | a=1.000000 | H=2.41e-05 | 487.6 steps/s | 2.05 ms/step | ETA: 34164.2 min
Step 550000/1000000000 | t=5.50e-03 | T=7341.0 | a=1.000000 | H=2.41e-05 | 487.7 steps/s | 2.05 ms/step | ETA: 34155.8 min
Step 600000/1000000000 | t=6.00e-03 | T=7341.0 | a=1.000000 | H=2.41e-05 | 487.8 steps/s | 2.05 ms/step | ETA: 34145.3 min
Step 650000/1000000000 | t=6.50e-03 | T=7341.0 | a=1.000000 | H=2.41e-05 | 487.6 steps/s | 2.05 ms/step | ETA: 34161.7 min
Step 700000/1000000000 | t=7.00e-03 | T=7341.0 | a=1.000000 | H=2.41e-05 | 485.9 steps/s | 2.06 ms/step | ETA: 34275.0 min
Step 750000/1000000000 | t=7.50e-03 | T=7341.0 | a=1.000000 | H=2.41e-05 | 484.3 steps/s | 2.06 ms/step | ETA: 34388.3 min
Step 800000/1000000000 | t=8.00e-03 | T=7341.0 | a=1.000000 | H=2.41e-05 | 482.7 steps/s | 2.07 ms/step | ETA: 34500.9 min
Step 850000/1000000000 | t=8.50e-03 | T=7341.0 | a=1.000000 | H=2.41e-05 | 481.3 steps/s | 2.08 ms/step | ETA: 34596.8 min
Step 900000/1000000000 | t=9.00e-03 | T=7341.0 | a=1.000000 | H=2.41e-05 | 479.9 steps/s | 2.08 ms/step | ETA: 34695.0 min
Step 950000/1000000000 | t=9.50e-03 | T=7341.0 | a=1.000000 | H=2.41e-05 | 479.0 steps/s | 2.09 ms/step | ETA: 34760.3 min
Step 1000000/1000000000 | t=1.00e-02 | T=7341.0 | a=1.000000 | H=2.41e-05 | 477.6 steps/s | 2.09 ms/step | ETA: 34865.0 min
Step 1050000/1000000000 | t=1.05e-02 | T=7341.0 | a=1.000000 | H=2.41e-05 | 476.5 steps/s | 2.10 ms/step | ETA: 34943.9 min
Step 1100000/1000000000 | t=1.10e-02 | T=7341.0 | a=1.000000 | H=2.41e-05 | 475.6 steps/s | 2.10 ms/step | ETA: 35006.4 min
Step 1150000/1000000000 | t=1.15e-02 | T=7341.0 | a=1.000000 | H=2.41e-05 | 475.0 steps/s | 2.11 ms/step | ETA: 35046.7 min
Step 1200000/1000000000 | t=1.20e-02 | T=7341.0 | a=1.000000 | H=2.41e-05 | 474.4 steps/s | 2.11 ms/step | ETA: 35091.8 min
Step 1250000/1000000000 | t=1.25e-02 | T=7341.0 | a=1.000000 | H=2.41e-05 | 473.7 steps/s | 2.11 ms/step | ETA: 35136.4 min
Step 1300000/1000000000 | t=1.30e-02 | T=7341.0 | a=1.000000 | H=2.41e-05 | 473.4 steps/s | 2.11 ms/step | ETA: 35162.7 min
Step 1350000/1000000000 | t=1.35e-02 | T=7341.0 | a=1.000000 | H=2.41e-05 | 472.7 steps/s | 2.12 ms/step | ETA: 35214.5 min
Step 1400000/1000000000 | t=1.40e-02 | T=7341.0 | a=1.000000 | H=2.41e-05 | 472.4 steps/s | 2.12 ms/step | ETA: 35233.8 min
Step 1450000/1000000000 | t=1.45e-02 | T=7341.0 | a=1.000000 | H=2.41e-05 | 472.0 steps/s | 2.12 ms/step | ETA: 35258.0 min
Step 1500000/1000000000 | t=1.50e-02 | T=7341.0 | a=1.000000 | H=2.41e-05 | 471.7 steps/s | 2.12 ms/step | ETA: 35280.9 min
Step 1550000/1000000000 | t=1.55e-02 | T=7341.0 | a=1.000000 | H=2.41e-05 | 471.6 steps/s | 2.12 ms/step | ETA: 35284.6 min
Step 1600000/1000000000 | t=1.60e-02 | T=7341.0 | a=1.000000 | H=2.41e-05 | 471.2 steps/s | 2.12 ms/step | ETA: 35311.7 min
Step 1650000/1000000000 | t=1.65e-02 | T=7341.0 | a=1.000000 | H=2.41e-05 | 470.9 steps/s | 2.12 ms/step | ETA: 35333.8 min
Step 1700000/1000000000 | t=1.70e-02 | T=7341.0 | a=1.000000 | H=2.41e-05 | 470.7 steps/s | 2.12 ms/step | ETA: 35345.7 min
Step 1750000/1000000000 | t=1.75e-02 | T=7341.0 | a=1.000000 | H=2.41e-05 | 470.7 steps/s | 2.12 ms/step | ETA: 35349.2 min
Step 1800000/1000000000 | t=1.80e-02 | T=7341.0 | a=1.000000 | H=2.41e-05 | 470.5 steps/s | 2.13 ms/step | ETA: 35359.7 min
Step 1850000/1000000000 | t=1.85e-02 | T=7341.0 | a=1.000000 | H=2.41e-05 | 470.3 steps/s | 2.13 ms/step | ETA: 35371.6 min
Step 1900000/1000000000 | t=1.90e-02 | T=7341.0 | a=1.000000 | H=2.41e-05 | 469.9 steps/s | 2.13 ms/step | ETA: 35402.1 min
Step 1950000/1000000000 | t=1.95e-02 | T=7341.0 | a=1.000000 | H=2.41e-05 | 469.8 steps/s | 2.13 ms/step | ETA: 35408.5 min
Step 2000000/1000000000 | t=2.00e-02 | T=7341.0 | a=1.000000 | H=2.41e-05 | 469.7 steps/s | 2.13 ms/step | ETA: 35415.1 min
Step 2050000/1000000000 | t=2.05e-02 | T=7341.0 | a=1.000000 | H=2.41e-05 | 469.5 steps/s | 2.13 ms/step | ETA: 35427.2 min
Step 2100000/1000000000 | t=2.10e-02 | T=7341.0 | a=1.000001 | H=2.41e-05 | 469.2 steps/s | 2.13 ms/step | ETA: 35450.3 min
Step 2150000/1000000000 | t=2.15e-02 | T=7341.0 | a=1.000001 | H=2.41e-05 | 468.6 steps/s | 2.13 ms/step | ETA: 35492.4 min
Step 2200000/1000000000 | t=2.20e-02 | T=7341.0 | a=1.000001 | H=2.41e-05 | 468.1 steps/s | 2.14 ms/step | ETA: 35525.6 min
Step 2250000/1000000000 | t=2.25e-02 | T=7341.0 | a=1.000001 | H=2.41e-05 | 467.7 steps/s | 2.14 ms/step | ETA: 35557.6 min
Step 2300000/1000000000 | t=2.30e-02 | T=7341.0 | a=1.000001 | H=2.41e-05 | 467.2 steps/s | 2.14 ms/step | ETA: 35590.0 min
Step 2350000/1000000000 | t=2.35e-02 | T=7341.0 | a=1.000001 | H=2.41e-05 | 466.8 steps/s | 2.14 ms/step | ETA: 35616.6 min
Step 2400000/1000000000 | t=2.40e-02 | T=7341.0 | a=1.000001 | H=2.41e-05 | 466.5 steps/s | 2.14 ms/step | ETA: 35640.0 min
Step 2450000/1000000000 | t=2.45e-02 | T=7341.0 | a=1.000001 | H=2.41e-05 | 466.1 steps/s | 2.15 ms/step | ETA: 35667.2 min
Step 2500000/1000000000 | t=2.50e-02 | T=7341.0 | a=1.000001 | H=2.41e-05 | 465.9 steps/s | 2.15 ms/step | ETA: 35679.9 min
Step 2550000/1000000000 | t=2.55e-02 | T=7341.0 | a=1.000001 | H=2.41e-05 | 465.7 steps/s | 2.15 ms/step | ETA: 35697.3 min
Step 2600000/1000000000 | t=2.60e-02 | T=7341.0 | a=1.000001 | H=2.41e-05 | 465.5 steps/s | 2.15 ms/step | ETA: 35709.3 min
Step 2650000/1000000000 | t=2.65e-02 | T=7341.0 | a=1.000001 | H=2.41e-05 | 465.2 steps/s | 2.15 ms/step | ETA: 35733.3 min
Step 2700000/1000000000 | t=2.70e-02 | T=7341.0 | a=1.000001 | H=2.41e-05 | 464.8 steps/s | 2.15 ms/step | ETA: 35763.0 min
Step 2750000/1000000000 | t=2.75e-02 | T=7341.0 | a=1.000001 | H=2.41e-05 | 464.8 steps/s | 2.15 ms/step | ETA: 35759.6 min
Step 2800000/1000000000 | t=2.80e-02 | T=7341.0 | a=1.000001 | H=2.41e-05 | 464.8 steps/s | 2.15 ms/step | ETA: 35758.4 min
Step 2850000/1000000000 | t=2.85e-02 | T=7341.0 | a=1.000001 | H=2.41e-05 | 464.5 steps/s | 2.15 ms/step | ETA: 35777.2 min
Step 2900000/1000000000 | t=2.90e-02 | T=7341.0 | a=1.000001 | H=2.41e-05 | 464.5 steps/s | 2.15 ms/step | ETA: 35779.8 min
Step 2950000/1000000000 | t=2.95e-02 | T=7341.0 | a=1.000001 | H=2.41e-05 | 464.6 steps/s | 2.15 ms/step | ETA: 35765.9 min
Step 3000000/1000000000 | t=3.00e-02 | T=7341.0 | a=1.000001 | H=2.41e-05 | 464.8 steps/s | 2.15 ms/step | ETA: 35752.2 min
Step 3050000/1000000000 | t=3.05e-02 | T=7341.0 | a=1.000001 | H=2.41e-05 | 464.9 steps/s | 2.15 ms/step | ETA: 35739.5 min
Step 3100000/1000000000 | t=3.10e-02 | T=7341.0 | a=1.000001 | H=2.41e-05 | 465.1 steps/s | 2.15 ms/step | ETA: 35727.2 min
Step 3150000/1000000000 | t=3.15e-02 | T=7341.0 | a=1.000001 | H=2.41e-05 | 464.9 steps/s | 2.15 ms/step | ETA: 35740.1 min
Step 3200000/1000000000 | t=3.20e-02 | T=7341.0 | a=1.000001 | H=2.41e-05 | 464.6 steps/s | 2.15 ms/step | ETA: 35755.0 min
Step 3250000/1000000000 | t=3.25e-02 | T=7341.0 | a=1.000001 | H=2.41e-05 | 464.5 steps/s | 2.15 ms/step | ETA: 35765.7 min
Step 3300000/1000000000 | t=3.30e-02 | T=7341.0 | a=1.000001 | H=2.41e-05 | 464.3 steps/s | 2.15 ms/step | ETA: 35777.7 min
Step 3350000/1000000000 | t=3.35e-02 | T=7341.0 | a=1.000001 | H=2.41e-05 | 464.2 steps/s | 2.15 ms/step | ETA: 35785.0 min
Step 3400000/1000000000 | t=3.40e-02 | T=7341.0 | a=1.000001 | H=2.41e-05 | 464.0 steps/s | 2.15 ms/step | ETA: 35794.3 min
Step 3450000/1000000000 | t=3.45e-02 | T=7341.0 | a=1.000001 | H=2.41e-05 | 463.8 steps/s | 2.16 ms/step | ETA: 35812.7 min
Step 3500000/1000000000 | t=3.50e-02 | T=7341.0 | a=1.000001 | H=2.41e-05 | 463.6 steps/s | 2.16 ms/step | ETA: 35821.8 min
Step 3550000/1000000000 | t=3.55e-02 | T=7341.0 | a=1.000001 | H=2.41e-05 | 463.6 steps/s | 2.16 ms/step | ETA: 35821.3 min
Step 3600000/1000000000 | t=3.60e-02 | T=7341.0 | a=1.000001 | H=2.41e-05 | 463.6 steps/s | 2.16 ms/step | ETA: 35817.5 min
Step 3650000/1000000000 | t=3.65e-02 | T=7341.0 | a=1.000001 | H=2.41e-05 | 463.7 steps/s | 2.16 ms/step | ETA: 35814.0 min
Step 3700000/1000000000 | t=3.70e-02 | T=7341.0 | a=1.000001 | H=2.41e-05 | 463.6 steps/s | 2.16 ms/step | ETA: 35815.2 min
Step 3750000/1000000000 | t=3.75e-02 | T=7341.0 | a=1.000001 | H=2.41e-05 | 463.6 steps/s | 2.16 ms/step | ETA: 35815.6 min
Step 3800000/1000000000 | t=3.80e-02 | T=7341.0 | a=1.000001 | H=2.41e-05 | 463.5 steps/s | 2.16 ms/step | ETA: 35818.7 min
Step 3850000/1000000000 | t=3.85e-02 | T=7341.0 | a=1.000001 | H=2.41e-05 | 463.5 steps/s | 2.16 ms/step | ETA: 35816.6 min
Step 3900000/1000000000 | t=3.90e-02 | T=7341.0 | a=1.000001 | H=2.41e-05 | 463.6 steps/s | 2.16 ms/step | ETA: 35812.5 min
Step 3950000/1000000000 | t=3.95e-02 | T=7341.0 | a=1.000001 | H=2.41e-05 | 463.6 steps/s | 2.16 ms/step | ETA: 35806.1 min
Step 4000000/1000000000 | t=4.00e-02 | T=7341.0 | a=1.000001 | H=2.41e-05 | 463.6 steps/s | 2.16 ms/step | ETA: 35807.4 min
Step 4050000/1000000000 | t=4.05e-02 | T=7341.0 | a=1.000001 | H=2.41e-05 | 463.6 steps/s | 2.16 ms/step | ETA: 35808.5 min
Step 4100000/1000000000 | t=4.10e-02 | T=7341.0 | a=1.000001 | H=2.41e-05 | 463.4 steps/s | 2.16 ms/step | ETA: 35817.3 min
Step 4150000/1000000000 | t=4.15e-02 | T=7341.0 | a=1.000001 | H=2.41e-05 | 463.4 steps/s | 2.16 ms/step | ETA: 35818.2 min
Step 4200000/1000000000 | t=4.20e-02 | T=7341.0 | a=1.000001 | H=2.41e-05 | 463.3 steps/s | 2.16 ms/step | ETA: 35820.8 min
Step 4250000/1000000000 | t=4.25e-02 | T=7341.0 | a=1.000001 | H=2.41e-05 | 463.3 steps/s | 2.16 ms/step | ETA: 35823.7 min
Step 4300000/1000000000 | t=4.30e-02 | T=7341.0 | a=1.000001 | H=2.41e-05 | 463.3 steps/s | 2.16 ms/step | ETA: 35821.1 min
Step 4350000/1000000000 | t=4.35e-02 | T=7341.0 | a=1.000001 | H=2.41e-05 | 463.1 steps/s | 2.16 ms/step | ETA: 35832.5 min
Step 4400000/1000000000 | t=4.40e-02 | T=7341.0 | a=1.000001 | H=2.41e-05 | 462.9 steps/s | 2.16 ms/step | ETA: 35845.8 min
Step 4450000/1000000000 | t=4.45e-02 | T=7341.0 | a=1.000001 | H=2.41e-05 | 462.8 steps/s | 2.16 ms/step | ETA: 35854.4 min
Step 4500000/1000000000 | t=4.50e-02 | T=7341.0 | a=1.000001 | H=2.41e-05 | 462.6 steps/s | 2.16 ms/step | ETA: 35869.9 min
Step 4550000/1000000000 | t=4.55e-02 | T=7341.0 | a=1.000001 | H=2.41e-05 | 462.4 steps/s | 2.16 ms/step | ETA: 35883.4 min
Step 4600000/1000000000 | t=4.60e-02 | T=7341.0 | a=1.000001 | H=2.41e-05 | 462.1 steps/s | 2.16 ms/step | ETA: 35898.1 min
Step 4650000/1000000000 | t=4.65e-02 | T=7341.0 | a=1.000001 | H=2.41e-05 | 461.9 steps/s | 2.16 ms/step | ETA: 35911.8 min
Step 4700000/1000000000 | t=4.70e-02 | T=7341.0 | a=1.000001 | H=2.41e-05 | 461.8 steps/s | 2.17 ms/step | ETA: 35921.3 min
Step 4750000/1000000000 | t=4.75e-02 | T=7341.0 | a=1.000001 | H=2.41e-05 | 461.6 steps/s | 2.17 ms/step | ETA: 35937.5 min
Step 4800000/1000000000 | t=4.80e-02 | T=7341.0 | a=1.000001 | H=2.41e-05 | 461.4 steps/s | 2.17 ms/step | ETA: 35952.4 min
Step 4850000/1000000000 | t=4.85e-02 | T=7341.0 | a=1.000001 | H=2.41e-05 | 461.1 steps/s | 2.17 ms/step | ETA: 35972.6 min
Step 4900000/1000000000 | t=4.90e-02 | T=7341.0 | a=1.000001 | H=2.41e-05 | 460.8 steps/s | 2.17 ms/step | ETA: 35995.0 min
Step 4950000/1000000000 | t=4.95e-02 | T=7341.0 | a=1.000001 | H=2.41e-05 | 460.5 steps/s | 2.17 ms/step | ETA: 36016.6 min
Step 5000000/1000000000 | t=5.00e-02 | T=7341.0 | a=1.000001 | H=2.41e-05 | 460.3 steps/s | 2.17 ms/step | ETA: 36027.6 min
Step 5050000/1000000000 | t=5.05e-02 | T=7341.0 | a=1.000001 | H=2.41e-05 | 460.0 steps/s | 2.17 ms/step | ETA: 36046.4 min
Step 5100000/1000000000 | t=5.10e-02 | T=7341.0 | a=1.000001 | H=2.41e-05 | 459.7 steps/s | 2.18 ms/step | ETA: 36068.2 min
Step 5150000/1000000000 | t=5.15e-02 | T=7341.0 | a=1.000001 | H=2.41e-05 | 459.5 steps/s | 2.18 ms/step | ETA: 36083.2 min
Step 5200000/1000000000 | t=5.20e-02 | T=7341.0 | a=1.000001 | H=2.41e-05 | 459.4 steps/s | 2.18 ms/step | ETA: 36091.8 min
Step 5250000/1000000000 | t=5.25e-02 | T=7341.0 | a=1.000001 | H=2.41e-05 | 459.3 steps/s | 2.18 ms/step | ETA: 36096.0 min
Step 5300000/1000000000 | t=5.30e-02 | T=7341.0 | a=1.000001 | H=2.41e-05 | 459.2 steps/s | 2.18 ms/step | ETA: 36102.1 min
Step 5350000/1000000000 | t=5.35e-02 | T=7341.0 | a=1.000001 | H=2.41e-05 | 459.2 steps/s | 2.18 ms/step | ETA: 36104.5 min
Step 5400000/1000000000 | t=5.40e-02 | T=7341.0 | a=1.000001 | H=2.41e-05 | 459.0 steps/s | 2.18 ms/step | ETA: 36113.1 min
Step 5450000/1000000000 | t=5.45e-02 | T=7341.0 | a=1.000001 | H=2.41e-05 | 458.9 steps/s | 2.18 ms/step | ETA: 36116.9 min
Step 5500000/1000000000 | t=5.50e-02 | T=7341.0 | a=1.000001 | H=2.41e-05 | 458.9 steps/s | 2.18 ms/step | ETA: 36119.3 min
Step 5550000/1000000000 | t=5.55e-02 | T=7341.0 | a=1.000001 | H=2.41e-05 | 458.8 steps/s | 2.18 ms/step | ETA: 36124.2 min
Step 5600000/1000000000 | t=5.60e-02 | T=7341.0 | a=1.000001 | H=2.41e-05 | 458.8 steps/s | 2.18 ms/step | ETA: 36119.3 min
Step 5650000/1000000000 | t=5.65e-02 | T=7341.0 | a=1.000001 | H=2.41e-05 | 458.8 steps/s | 2.18 ms/step | ETA: 36118.8 min
Step 5700000/1000000000 | t=5.70e-02 | T=7341.0 | a=1.000001 | H=2.41e-05 | 458.9 steps/s | 2.18 ms/step | ETA: 36112.6 min
Step 5750000/1000000000 | t=5.75e-02 | T=7341.0 | a=1.000001 | H=2.41e-05 | 458.9 steps/s | 2.18 ms/step | ETA: 36112.3 min
Step 5800000/1000000000 | t=5.80e-02 | T=7341.0 | a=1.000001 | H=2.41e-05 | 458.9 steps/s | 2.18 ms/step | ETA: 36104.5 min
Step 5850000/1000000000 | t=5.85e-02 | T=7341.0 | a=1.000001 | H=2.41e-05 | 459.0 steps/s | 2.18 ms/step | ETA: 36097.6 min
Step 5900000/1000000000 | t=5.90e-02 | T=7341.0 | a=1.000001 | H=2.41e-05 | 459.0 steps/s | 2.18 ms/step | ETA: 36095.5 min
Step 5950000/1000000000 | t=5.95e-02 | T=7341.0 | a=1.000001 | H=2.41e-05 | 459.0 steps/s | 2.18 ms/step | ETA: 36094.8 min
Step 6000000/1000000000 | t=6.00e-02 | T=7341.0 | a=1.000001 | H=2.41e-05 | 459.0 steps/s | 2.18 ms/step | ETA: 36091.9 min
Step 6050000/1000000000 | t=6.05e-02 | T=7341.0 | a=1.000001 | H=2.41e-05 | 459.1 steps/s | 2.18 ms/step | ETA: 36080.6 min
Step 6100000/1000000000 | t=6.10e-02 | T=7341.0 | a=1.000001 | H=2.41e-05 | 459.2 steps/s | 2.18 ms/step | ETA: 36074.7 min
Step 6150000/1000000000 | t=6.15e-02 | T=7341.0 | a=1.000001 | H=2.41e-05 | 459.2 steps/s | 2.18 ms/step | ETA: 36068.0 min
Step 6200000/1000000000 | t=6.20e-02 | T=7341.0 | a=1.000001 | H=2.41e-05 | 459.2 steps/s | 2.18 ms/step | ETA: 36067.1 min
Step 6250000/1000000000 | t=6.25e-02 | T=7341.0 | a=1.000002 | H=2.41e-05 | 459.1 steps/s | 2.18 ms/step | ETA: 36073.2 min
Step 6300000/1000000000 | t=6.30e-02 | T=7341.0 | a=1.000002 | H=2.41e-05 | 459.1 steps/s | 2.18 ms/step | ETA: 36073.0 min
Step 6350000/1000000000 | t=6.35e-02 | T=7341.0 | a=1.000002 | H=2.41e-05 | 459.1 steps/s | 2.18 ms/step | ETA: 36071.7 min
Step 6400000/1000000000 | t=6.40e-02 | T=7341.0 | a=1.000002 | H=2.41e-05 | 459.0 steps/s | 2.18 ms/step | ETA: 36075.3 min
Step 6450000/1000000000 | t=6.45e-02 | T=7341.0 | a=1.000002 | H=2.41e-05 | 458.9 steps/s | 2.18 ms/step | ETA: 36083.9 min
Step 6500000/1000000000 | t=6.50e-02 | T=7341.0 | a=1.000002 | H=2.41e-05 | 458.8 steps/s | 2.18 ms/step | ETA: 36088.4 min
Step 6550000/1000000000 | t=6.55e-02 | T=7341.0 | a=1.000002 | H=2.41e-05 | 458.8 steps/s | 2.18 ms/step | ETA: 36091.7 min
Step 6600000/1000000000 | t=6.60e-02 | T=7341.0 | a=1.000002 | H=2.41e-05 | 458.8 steps/s | 2.18 ms/step | ETA: 36087.8 min
Step 6650000/1000000000 | t=6.65e-02 | T=7341.0 | a=1.000002 | H=2.41e-05 | 458.8 steps/s | 2.18 ms/step | ETA: 36087.6 min
Step 6700000/1000000000 | t=6.70e-02 | T=7341.0 | a=1.000002 | H=2.41e-05 | 458.8 steps/s | 2.18 ms/step | ETA: 36082.2 min
Step 6750000/1000000000 | t=6.75e-02 | T=7341.0 | a=1.000002 | H=2.41e-05 | 458.8 steps/s | 2.18 ms/step | ETA: 36080.4 min
Step 6800000/1000000000 | t=6.80e-02 | T=7341.0 | a=1.000002 | H=2.41e-05 | 458.9 steps/s | 2.18 ms/step | ETA: 36075.2 min
Step 6850000/1000000000 | t=6.85e-02 | T=7341.0 | a=1.000002 | H=2.41e-05 | 458.9 steps/s | 2.18 ms/step | ETA: 36067.0 min
Step 6900000/1000000000 | t=6.90e-02 | T=7341.0 | a=1.000002 | H=2.41e-05 | 458.9 steps/s | 2.18 ms/step | ETA: 36069.0 min
Step 6950000/1000000000 | t=6.95e-02 | T=7341.0 | a=1.000002 | H=2.41e-05 | 458.8 steps/s | 2.18 ms/step | ETA: 36070.3 min
Step 7000000/1000000000 | t=7.00e-02 | T=7341.0 | a=1.000002 | H=2.41e-05 | 458.8 steps/s | 2.18 ms/step | ETA: 36072.6 min
Step 7050000/1000000000 | t=7.05e-02 | T=7341.0 | a=1.000002 | H=2.41e-05 | 458.7 steps/s | 2.18 ms/step | ETA: 36075.3 min
Step 7100000/1000000000 | t=7.10e-02 | T=7341.0 | a=1.000002 | H=2.41e-05 | 458.7 steps/s | 2.18 ms/step | ETA: 36075.3 min
Step 7150000/1000000000 | t=7.15e-02 | T=7341.0 | a=1.000002 | H=2.41e-05 | 458.7 steps/s | 2.18 ms/step | ETA: 36073.3 min
Step 7200000/1000000000 | t=7.20e-02 | T=7341.0 | a=1.000002 | H=2.41e-05 | 458.8 steps/s | 2.18 ms/step | ETA: 36068.9 min
Step 7250000/1000000000 | t=7.25e-02 | T=7341.0 | a=1.000002 | H=2.41e-05 | 458.8 steps/s | 2.18 ms/step | ETA: 36067.0 min
Step 7300000/1000000000 | t=7.30e-02 | T=7341.0 | a=1.000002 | H=2.41e-05 | 458.8 steps/s | 2.18 ms/step | ETA: 36062.8 min
Step 7350000/1000000000 | t=7.35e-02 | T=7341.0 | a=1.000002 | H=2.41e-05 | 458.8 steps/s | 2.18 ms/step | ETA: 36061.0 min
Step 7400000/1000000000 | t=7.40e-02 | T=7341.0 | a=1.000002 | H=2.41e-05 | 458.8 steps/s | 2.18 ms/step | ETA: 36056.4 min
Step 7450000/1000000000 | t=7.45e-02 | T=7341.0 | a=1.000002 | H=2.41e-05 | 458.8 steps/s | 2.18 ms/step | ETA: 36056.7 min
Step 7500000/1000000000 | t=7.50e-02 | T=7341.0 | a=1.000002 | H=2.41e-05 | 458.8 steps/s | 2.18 ms/step | ETA: 36056.4 min
Step 7550000/1000000000 | t=7.55e-02 | T=7341.0 | a=1.000002 | H=2.41e-05 | 458.7 steps/s | 2.18 ms/step | ETA: 36059.5 min
Step 7600000/1000000000 | t=7.60e-02 | T=7341.0 | a=1.000002 | H=2.41e-05 | 458.6 steps/s | 2.18 ms/step | ETA: 36066.2 min
Step 7650000/1000000000 | t=7.65e-02 | T=7341.0 | a=1.000002 | H=2.41e-05 | 458.6 steps/s | 2.18 ms/step | ETA: 36068.4 min
Step 7700000/1000000000 | t=7.70e-02 | T=7341.0 | a=1.000002 | H=2.41e-05 | 458.5 steps/s | 2.18 ms/step | ETA: 36067.9 min
Step 7750000/1000000000 | t=7.75e-02 | T=7341.0 | a=1.000002 | H=2.41e-05 | 458.5 steps/s | 2.18 ms/step | ETA: 36065.8 min
Step 7800000/1000000000 | t=7.80e-02 | T=7341.0 | a=1.000002 | H=2.41e-05 | 458.5 steps/s | 2.18 ms/step | ETA: 36063.5 min
Step 7850000/1000000000 | t=7.85e-02 | T=7341.0 | a=1.000002 | H=2.41e-05 | 458.6 steps/s | 2.18 ms/step | ETA: 36060.7 min
Step 7900000/1000000000 | t=7.90e-02 | T=7341.0 | a=1.000002 | H=2.41e-05 | 458.6 steps/s | 2.18 ms/step | ETA: 36057.5 min
Step 7950000/1000000000 | t=7.95e-02 | T=7341.0 | a=1.000002 | H=2.41e-05 | 458.6 steps/s | 2.18 ms/step | ETA: 36050.7 min
Step 8000000/1000000000 | t=8.00e-02 | T=7341.0 | a=1.000002 | H=2.41e-05 | 458.7 steps/s | 2.18 ms/step | ETA: 36042.0 min
Step 8050000/1000000000 | t=8.05e-02 | T=7341.0 | a=1.000002 | H=2.41e-05 | 458.8 steps/s | 2.18 ms/step | ETA: 36033.1 min
Step 8100000/1000000000 | t=8.10e-02 | T=7341.0 | a=1.000002 | H=2.41e-05 | 458.9 steps/s | 2.18 ms/step | ETA: 36027.8 min
Step 8150000/1000000000 | t=8.15e-02 | T=7341.0 | a=1.000002 | H=2.41e-05 | 458.8 steps/s | 2.18 ms/step | ETA: 36028.1 min
Step 8200000/1000000000 | t=8.20e-02 | T=7341.0 | a=1.000002 | H=2.41e-05 | 458.9 steps/s | 2.18 ms/step | ETA: 36021.7 min
Step 8250000/1000000000 | t=8.25e-02 | T=7341.0 | a=1.000002 | H=2.41e-05 | 458.9 steps/s | 2.18 ms/step | ETA: 36015.9 min
Step 8300000/1000000000 | t=8.30e-02 | T=7341.0 | a=1.000002 | H=2.41e-05 | 459.0 steps/s | 2.18 ms/step | ETA: 36009.9 min
Step 8350000/1000000000 | t=8.35e-02 | T=7341.0 | a=1.000002 | H=2.41e-05 | 459.0 steps/s | 2.18 ms/step | ETA: 36008.4 min
Step 8400000/1000000000 | t=8.40e-02 | T=7341.0 | a=1.000002 | H=2.41e-05 | 458.9 steps/s | 2.18 ms/step | ETA: 36012.4 min
Step 8450000/1000000000 | t=8.45e-02 | T=7341.0 | a=1.000002 | H=2.41e-05 | 458.9 steps/s | 2.18 ms/step | ETA: 36014.1 min
Step 8500000/1000000000 | t=8.50e-02 | T=7341.0 | a=1.000002 | H=2.41e-05 | 458.9 steps/s | 2.18 ms/step | ETA: 36012.5 min
Step 8550000/1000000000 | t=8.55e-02 | T=7341.0 | a=1.000002 | H=2.41e-05 | 458.8 steps/s | 2.18 ms/step | ETA: 36012.6 min
Step 8600000/1000000000 | t=8.60e-02 | T=7341.0 | a=1.000002 | H=2.41e-05 | 458.8 steps/s | 2.18 ms/step | ETA: 36012.9 min
Step 8650000/1000000000 | t=8.65e-02 | T=7341.0 | a=1.000002 | H=2.41e-05 | 458.8 steps/s | 2.18 ms/step | ETA: 36012.6 min
Step 8700000/1000000000 | t=8.70e-02 | T=7341.0 | a=1.000002 | H=2.41e-05 | 458.8 steps/s | 2.18 ms/step | ETA: 36007.1 min
Step 8750000/1000000000 | t=8.75e-02 | T=7341.0 | a=1.000002 | H=2.41e-05 | 458.9 steps/s | 2.18 ms/step | ETA: 36000.9 min
Step 8800000/1000000000 | t=8.80e-02 | T=7341.0 | a=1.000002 | H=2.41e-05 | 459.0 steps/s | 2.18 ms/step | ETA: 35993.6 min
Step 8850000/1000000000 | t=8.85e-02 | T=7341.0 | a=1.000002 | H=2.41e-05 | 459.0 steps/s | 2.18 ms/step | ETA: 35990.8 min
Step 8900000/1000000000 | t=8.90e-02 | T=7341.0 | a=1.000002 | H=2.41e-05 | 459.0 steps/s | 2.18 ms/step | ETA: 35989.1 min
Step 8950000/1000000000 | t=8.95e-02 | T=7341.0 | a=1.000002 | H=2.41e-05 | 459.0 steps/s | 2.18 ms/step | ETA: 35987.2 min
Step 9000000/1000000000 | t=9.00e-02 | T=7341.0 | a=1.000002 | H=2.41e-05 | 459.0 steps/s | 2.18 ms/step | ETA: 35987.2 min
Step 9050000/1000000000 | t=9.05e-02 | T=7341.0 | a=1.000002 | H=2.41e-05 | 458.9 steps/s | 2.18 ms/step | ETA: 35990.1 min
Step 9100000/1000000000 | t=9.10e-02 | T=7341.0 | a=1.000002 | H=2.41e-05 | 458.9 steps/s | 2.18 ms/step | ETA: 35988.1 min
Step 9150000/1000000000 | t=9.15e-02 | T=7341.0 | a=1.000002 | H=2.41e-05 | 458.9 steps/s | 2.18 ms/step | ETA: 35986.7 min
Step 9200000/1000000000 | t=9.20e-02 | T=7341.0 | a=1.000002 | H=2.41e-05 | 458.9 steps/s | 2.18 ms/step | ETA: 35982.2 min
Step 9250000/1000000000 | t=9.25e-02 | T=7341.0 | a=1.000002 | H=2.41e-05 | 459.0 steps/s | 2.18 ms/step | ETA: 35974.8 min
Step 9300000/1000000000 | t=9.30e-02 | T=7341.0 | a=1.000002 | H=2.41e-05 | 459.1 steps/s | 2.18 ms/step | ETA: 35968.6 min
Step 9350000/1000000000 | t=9.35e-02 | T=7341.0 | a=1.000002 | H=2.41e-05 | 459.1 steps/s | 2.18 ms/step | ETA: 35962.4 min
Step 9400000/1000000000 | t=9.40e-02 | T=7341.0 | a=1.000002 | H=2.41e-05 | 459.1 steps/s | 2.18 ms/step | ETA: 35960.1 min
Step 9450000/1000000000 | t=9.45e-02 | T=7341.0 | a=1.000002 | H=2.41e-05 | 459.2 steps/s | 2.18 ms/step | ETA: 35955.2 min
Step 9500000/1000000000 | t=9.50e-02 | T=7341.0 | a=1.000002 | H=2.41e-05 | 459.2 steps/s | 2.18 ms/step | ETA: 35951.0 min
Step 9550000/1000000000 | t=9.55e-02 | T=7341.0 | a=1.000002 | H=2.41e-05 | 459.2 steps/s | 2.18 ms/step | ETA: 35949.1 min
Step 9600000/1000000000 | t=9.60e-02 | T=7341.0 | a=1.000002 | H=2.41e-05 | 459.2 steps/s | 2.18 ms/step | ETA: 35947.1 min
Step 9650000/1000000000 | t=9.65e-02 | T=7341.0 | a=1.000002 | H=2.41e-05 | 459.2 steps/s | 2.18 ms/step | ETA: 35942.0 min
Step 9700000/1000000000 | t=9.70e-02 | T=7341.0 | a=1.000002 | H=2.41e-05 | 459.3 steps/s | 2.18 ms/step | ETA: 35936.9 min
Step 9750000/1000000000 | t=9.75e-02 | T=7341.0 | a=1.000002 | H=2.41e-05 | 459.3 steps/s | 2.18 ms/step | ETA: 35932.9 min
Step 9800000/1000000000 | t=9.80e-02 | T=7341.0 | a=1.000002 | H=2.41e-05 | 459.4 steps/s | 2.18 ms/step | ETA: 35926.2 min
Step 9850000/1000000000 | t=9.85e-02 | T=7341.0 | a=1.000002 | H=2.41e-05 | 459.4 steps/s | 2.18 ms/step | ETA: 35922.5 min
Step 9900000/1000000000 | t=9.90e-02 | T=7341.0 | a=1.000002 | H=2.41e-05 | 459.4 steps/s | 2.18 ms/step | ETA: 35920.3 min
Step 9950000/1000000000 | t=9.95e-02 | T=7341.0 | a=1.000002 | H=2.41e-05 | 459.4 steps/s | 2.18 ms/step | ETA: 35916.3 min
Step 10000000/1000000000 | t=1.00e-01 | T=7341.0 | a=1.000002 | H=2.41e-05 | 459.5 steps/s | 2.18 ms/step | ETA: 35909.2 min
Step 10050000/1000000000 | t=1.01e-01 | T=7341.0 | a=1.000002 | H=2.41e-05 | 459.6 steps/s | 2.18 ms/step | ETA: 35902.7 min
Step 10100000/1000000000 | t=1.01e-01 | T=7341.0 | a=1.000002 | H=2.41e-05 | 459.6 steps/s | 2.18 ms/step | ETA: 35897.8 min
Step 10150000/1000000000 | t=1.02e-01 | T=7341.0 | a=1.000002 | H=2.41e-05 | 459.6 steps/s | 2.18 ms/step | ETA: 35894.5 min
Step 10200000/1000000000 | t=1.02e-01 | T=7341.0 | a=1.000002 | H=2.41e-05 | 459.7 steps/s | 2.18 ms/step | ETA: 35885.4 min
Step 10250000/1000000000 | t=1.03e-01 | T=7341.0 | a=1.000002 | H=2.41e-05 | 459.8 steps/s | 2.17 ms/step | ETA: 35876.9 min
Step 10300000/1000000000 | t=1.03e-01 | T=7341.0 | a=1.000002 | H=2.41e-05 | 459.9 steps/s | 2.17 ms/step | ETA: 35868.4 min
Step 10350000/1000000000 | t=1.04e-01 | T=7341.0 | a=1.000002 | H=2.41e-05 | 460.0 steps/s | 2.17 ms/step | ETA: 35858.7 min
Step 10400000/1000000000 | t=1.04e-01 | T=7341.0 | a=1.000003 | H=2.41e-05 | 460.0 steps/s | 2.17 ms/step | ETA: 35853.2 min
Step 10450000/1000000000 | t=1.05e-01 | T=7341.0 | a=1.000003 | H=2.41e-05 | 460.0 steps/s | 2.17 ms/step | ETA: 35850.6 min
Step 10500000/1000000000 | t=1.05e-01 | T=7341.0 | a=1.000003 | H=2.41e-05 | 460.1 steps/s | 2.17 ms/step | ETA: 35846.5 min
Step 10550000/1000000000 | t=1.06e-01 | T=7341.0 | a=1.000003 | H=2.41e-05 | 460.1 steps/s | 2.17 ms/step | ETA: 35843.6 min
Step 10600000/1000000000 | t=1.06e-01 | T=7341.0 | a=1.000003 | H=2.41e-05 | 460.1 steps/s | 2.17 ms/step | ETA: 35841.3 min
Step 10650000/1000000000 | t=1.07e-01 | T=7341.0 | a=1.000003 | H=2.41e-05 | 460.1 steps/s | 2.17 ms/step | ETA: 35838.4 min
Step 10700000/1000000000 | t=1.07e-01 | T=7341.0 | a=1.000003 | H=2.41e-05 | 460.1 steps/s | 2.17 ms/step | ETA: 35837.1 min
Step 10750000/1000000000 | t=1.08e-01 | T=7341.0 | a=1.000003 | H=2.41e-05 | 460.1 steps/s | 2.17 ms/step | ETA: 35832.2 min
Step 10800000/1000000000 | t=1.08e-01 | T=7341.0 | a=1.000003 | H=2.41e-05 | 460.2 steps/s | 2.17 ms/step | ETA: 35827.7 min
Step 10850000/1000000000 | t=1.09e-01 | T=7341.0 | a=1.000003 | H=2.41e-05 | 460.3 steps/s | 2.17 ms/step | ETA: 35817.8 min
Step 10900000/1000000000 | t=1.09e-01 | T=7341.0 | a=1.000003 | H=2.41e-05 | 460.3 steps/s | 2.17 ms/step | ETA: 35812.0 min
Step 10950000/1000000000 | t=1.10e-01 | T=7341.0 | a=1.000003 | H=2.41e-05 | 460.3 steps/s | 2.17 ms/step | ETA: 35808.0 min
Step 11000000/1000000000 | t=1.10e-01 | T=7341.0 | a=1.000003 | H=2.41e-05 | 460.3 steps/s | 2.17 ms/step | ETA: 35806.1 min
Step 11050000/1000000000 | t=1.11e-01 | T=7341.0 | a=1.000003 | H=2.41e-05 | 460.4 steps/s | 2.17 ms/step | ETA: 35802.5 min
Step 11100000/1000000000 | t=1.11e-01 | T=7341.0 | a=1.000003 | H=2.41e-05 | 460.4 steps/s | 2.17 ms/step | ETA: 35800.5 min
Step 11150000/1000000000 | t=1.12e-01 | T=7341.0 | a=1.000003 | H=2.41e-05 | 460.4 steps/s | 2.17 ms/step | ETA: 35797.5 min
Step 11200000/1000000000 | t=1.12e-01 | T=7341.0 | a=1.000003 | H=2.41e-05 | 460.4 steps/s | 2.17 ms/step | ETA: 35795.8 min
Step 11250000/1000000000 | t=1.13e-01 | T=7341.0 | a=1.000003 | H=2.41e-05 | 460.4 steps/s | 2.17 ms/step | ETA: 35793.1 min
Step 11300000/1000000000 | t=1.13e-01 | T=7341.0 | a=1.000003 | H=2.41e-05 | 460.5 steps/s | 2.17 ms/step | ETA: 35786.3 min
Step 11350000/1000000000 | t=1.14e-01 | T=7341.0 | a=1.000003 | H=2.41e-05 | 460.5 steps/s | 2.17 ms/step | ETA: 35779.4 min
Step 11400000/1000000000 | t=1.14e-01 | T=7341.0 | a=1.000003 | H=2.41e-05 | 460.6 steps/s | 2.17 ms/step | ETA: 35774.5 min
Step 11450000/1000000000 | t=1.15e-01 | T=7341.0 | a=1.000003 | H=2.41e-05 | 460.7 steps/s | 2.17 ms/step | ETA: 35765.3 min
Step 11500000/1000000000 | t=1.15e-01 | T=7341.0 | a=1.000003 | H=2.41e-05 | 460.7 steps/s | 2.17 ms/step | ETA: 35758.5 min
Step 11550000/1000000000 | t=1.16e-01 | T=7341.0 | a=1.000003 | H=2.41e-05 | 460.8 steps/s | 2.17 ms/step | ETA: 35753.0 min
Step 11600000/1000000000 | t=1.16e-01 | T=7341.0 | a=1.000003 | H=2.41e-05 | 460.8 steps/s | 2.17 ms/step | ETA: 35747.0 min
Step 11650000/1000000000 | t=1.17e-01 | T=7341.0 | a=1.000003 | H=2.41e-05 | 460.9 steps/s | 2.17 ms/step | ETA: 35742.2 min
Step 11700000/1000000000 | t=1.17e-01 | T=7341.0 | a=1.000003 | H=2.41e-05 | 460.9 steps/s | 2.17 ms/step | ETA: 35737.8 min
Step 11750000/1000000000 | t=1.18e-01 | T=7341.0 | a=1.000003 | H=2.41e-05 | 460.9 steps/s | 2.17 ms/step | ETA: 35736.7 min
Step 11800000/1000000000 | t=1.18e-01 | T=7341.0 | a=1.000003 | H=2.41e-05 | 460.9 steps/s | 2.17 ms/step | ETA: 35736.8 min
Step 11850000/1000000000 | t=1.19e-01 | T=7341.0 | a=1.000003 | H=2.41e-05 | 460.8 steps/s | 2.17 ms/step | ETA: 35737.0 min
Step 11900000/1000000000 | t=1.19e-01 | T=7341.0 | a=1.000003 | H=2.41e-05 | 460.8 steps/s | 2.17 ms/step | ETA: 35735.0 min
Step 11950000/1000000000 | t=1.20e-01 | T=7341.0 | a=1.000003 | H=2.41e-05 | 460.9 steps/s | 2.17 ms/step | ETA: 35732.8 min
Step 12000000/1000000000 | t=1.20e-01 | T=7341.0 | a=1.000003 | H=2.41e-05 | 460.8 steps/s | 2.17 ms/step | ETA: 35731.5 min
Step 12050000/1000000000 | t=1.21e-01 | T=7341.0 | a=1.000003 | H=2.41e-05 | 460.8 steps/s | 2.17 ms/step | ETA: 35729.4 min
Step 12100000/1000000000 | t=1.21e-01 | T=7341.0 | a=1.000003 | H=2.41e-05 | 460.8 steps/s | 2.17 ms/step | ETA: 35729.5 min
Step 12150000/1000000000 | t=1.22e-01 | T=7341.0 | a=1.000003 | H=2.41e-05 | 460.8 steps/s | 2.17 ms/step | ETA: 35726.4 min
Step 12200000/1000000000 | t=1.22e-01 | T=7341.0 | a=1.000003 | H=2.41e-05 | 460.8 steps/s | 2.17 ms/step | ETA: 35725.1 min
Step 12250000/1000000000 | t=1.23e-01 | T=7341.0 | a=1.000003 | H=2.41e-05 | 460.8 steps/s | 2.17 ms/step | ETA: 35724.1 min
Step 12300000/1000000000 | t=1.23e-01 | T=7341.0 | a=1.000003 | H=2.41e-05 | 460.8 steps/s | 2.17 ms/step | ETA: 35726.5 min
Step 12350000/1000000000 | t=1.24e-01 | T=7341.0 | a=1.000003 | H=2.41e-05 | 460.7 steps/s | 2.17 ms/step | ETA: 35728.4 min
Step 12400000/1000000000 | t=1.24e-01 | T=7341.0 | a=1.000003 | H=2.41e-05 | 460.7 steps/s | 2.17 ms/step | ETA: 35728.3 min
Step 12450000/1000000000 | t=1.25e-01 | T=7341.0 | a=1.000003 | H=2.41e-05 | 460.7 steps/s | 2.17 ms/step | ETA: 35729.1 min
Step 12500000/1000000000 | t=1.25e-01 | T=7341.0 | a=1.000003 | H=2.41e-05 | 460.7 steps/s | 2.17 ms/step | ETA: 35726.4 min
Step 12550000/1000000000 | t=1.26e-01 | T=7341.0 | a=1.000003 | H=2.41e-05 | 460.7 steps/s | 2.17 ms/step | ETA: 35723.1 min
Step 12600000/1000000000 | t=1.26e-01 | T=7341.0 | a=1.000003 | H=2.41e-05 | 460.7 steps/s | 2.17 ms/step | ETA: 35719.5 min
Step 12650000/1000000000 | t=1.27e-01 | T=7341.0 | a=1.000003 | H=2.41e-05 | 460.7 steps/s | 2.17 ms/step | ETA: 35718.7 min
Step 12700000/1000000000 | t=1.27e-01 | T=7341.0 | a=1.000003 | H=2.41e-05 | 460.7 steps/s | 2.17 ms/step | ETA: 35714.2 min
Step 12750000/1000000000 | t=1.28e-01 | T=7341.0 | a=1.000003 | H=2.41e-05 | 460.7 steps/s | 2.17 ms/step | ETA: 35714.3 min
Step 12800000/1000000000 | t=1.28e-01 | T=7341.0 | a=1.000003 | H=2.41e-05 | 460.7 steps/s | 2.17 ms/step | ETA: 35715.3 min
Step 12850000/1000000000 | t=1.29e-01 | T=7341.0 | a=1.000003 | H=2.41e-05 | 460.7 steps/s | 2.17 ms/step | ETA: 35715.4 min
Step 12900000/1000000000 | t=1.29e-01 | T=7341.0 | a=1.000003 | H=2.41e-05 | 460.6 steps/s | 2.17 ms/step | ETA: 35714.1 min
Step 12950000/1000000000 | t=1.30e-01 | T=7341.0 | a=1.000003 | H=2.41e-05 | 460.6 steps/s | 2.17 ms/step | ETA: 35712.4 min
Step 13000000/1000000000 | t=1.30e-01 | T=7341.0 | a=1.000003 | H=2.41e-05 | 460.6 steps/s | 2.17 ms/step | ETA: 35712.4 min
Step 13050000/1000000000 | t=1.31e-01 | T=7341.0 | a=1.000003 | H=2.41e-05 | 460.6 steps/s | 2.17 ms/step | ETA: 35709.4 min
Step 13100000/1000000000 | t=1.31e-01 | T=7341.0 | a=1.000003 | H=2.41e-05 | 460.6 steps/s | 2.17 ms/step | ETA: 35707.6 min
Step 13150000/1000000000 | t=1.32e-01 | T=7341.0 | a=1.000003 | H=2.41e-05 | 460.7 steps/s | 2.17 ms/step | ETA: 35703.9 min
Step 13200000/1000000000 | t=1.32e-01 | T=7341.0 | a=1.000003 | H=2.41e-05 | 460.7 steps/s | 2.17 ms/step | ETA: 35702.9 min
Step 13250000/1000000000 | t=1.33e-01 | T=7341.0 | a=1.000003 | H=2.41e-05 | 460.7 steps/s | 2.17 ms/step | ETA: 35701.3 min
Step 13300000/1000000000 | t=1.33e-01 | T=7341.0 | a=1.000003 | H=2.41e-05 | 460.7 steps/s | 2.17 ms/step | ETA: 35697.4 min
Step 13350000/1000000000 | t=1.34e-01 | T=7341.0 | a=1.000003 | H=2.41e-05 | 460.7 steps/s | 2.17 ms/step | ETA: 35693.8 min
Step 13400000/1000000000 | t=1.34e-01 | T=7341.0 | a=1.000003 | H=2.41e-05 | 460.7 steps/s | 2.17 ms/step | ETA: 35691.3 min
Step 13450000/1000000000 | t=1.35e-01 | T=7341.0 | a=1.000003 | H=2.41e-05 | 460.7 steps/s | 2.17 ms/step | ETA: 35687.3 min
Step 13500000/1000000000 | t=1.35e-01 | T=7341.0 | a=1.000003 | H=2.41e-05 | 460.8 steps/s | 2.17 ms/step | ETA: 35681.6 min
Step 13550000/1000000000 | t=1.36e-01 | T=7341.0 | a=1.000003 | H=2.41e-05 | 460.9 steps/s | 2.17 ms/step | ETA: 35674.9 min
Step 13600000/1000000000 | t=1.36e-01 | T=7341.0 | a=1.000003 | H=2.41e-05 | 460.9 steps/s | 2.17 ms/step | ETA: 35670.1 min
Step 13650000/1000000000 | t=1.37e-01 | T=7341.0 | a=1.000003 | H=2.41e-05 | 460.9 steps/s | 2.17 ms/step | ETA: 35664.2 min
Step 13700000/1000000000 | t=1.37e-01 | T=7341.0 | a=1.000003 | H=2.41e-05 | 461.0 steps/s | 2.17 ms/step | ETA: 35659.7 min
Step 13750000/1000000000 | t=1.38e-01 | T=7341.0 | a=1.000003 | H=2.41e-05 | 461.0 steps/s | 2.17 ms/step | ETA: 35656.9 min
Step 13800000/1000000000 | t=1.38e-01 | T=7341.0 | a=1.000003 | H=2.41e-05 | 461.0 steps/s | 2.17 ms/step | ETA: 35652.1 min
Step 13850000/1000000000 | t=1.39e-01 | T=7341.0 | a=1.000003 | H=2.41e-05 | 461.1 steps/s | 2.17 ms/step | ETA: 35647.8 min
Step 13900000/1000000000 | t=1.39e-01 | T=7341.0 | a=1.000003 | H=2.41e-05 | 461.1 steps/s | 2.17 ms/step | ETA: 35644.2 min
Step 13950000/1000000000 | t=1.40e-01 | T=7341.0 | a=1.000003 | H=2.41e-05 | 461.1 steps/s | 2.17 ms/step | ETA: 35642.8 min
Step 14000000/1000000000 | t=1.40e-01 | T=7341.0 | a=1.000003 | H=2.41e-05 | 461.1 steps/s | 2.17 ms/step | ETA: 35640.6 min
Step 14050000/1000000000 | t=1.41e-01 | T=7341.0 | a=1.000003 | H=2.41e-05 | 461.1 steps/s | 2.17 ms/step | ETA: 35636.1 min
Step 14100000/1000000000 | t=1.41e-01 | T=7341.0 | a=1.000003 | H=2.41e-05 | 461.1 steps/s | 2.17 ms/step | ETA: 35632.9 min
Step 14150000/1000000000 | t=1.41e-01 | T=7341.0 | a=1.000003 | H=2.41e-05 | 461.2 steps/s | 2.17 ms/step | ETA: 35627.7 min
Step 14200000/1000000000 | t=1.42e-01 | T=7341.0 | a=1.000003 | H=2.41e-05 | 461.2 steps/s | 2.17 ms/step | ETA: 35622.6 min
Step 14250000/1000000000 | t=1.42e-01 | T=7341.0 | a=1.000003 | H=2.41e-05 | 461.3 steps/s | 2.17 ms/step | ETA: 35618.7 min
Step 14300000/1000000000 | t=1.43e-01 | T=7341.0 | a=1.000003 | H=2.41e-05 | 461.2 steps/s | 2.17 ms/step | ETA: 35617.2 min
Step 14350000/1000000000 | t=1.43e-01 | T=7341.0 | a=1.000003 | H=2.41e-05 | 461.3 steps/s | 2.17 ms/step | ETA: 35611.8 min
Step 14400000/1000000000 | t=1.44e-01 | T=7341.0 | a=1.000003 | H=2.41e-05 | 461.3 steps/s | 2.17 ms/step | ETA: 35605.9 min
Step 14450000/1000000000 | t=1.44e-01 | T=7341.0 | a=1.000003 | H=2.41e-05 | 461.4 steps/s | 2.17 ms/step | ETA: 35600.5 min
Step 14500000/1000000000 | t=1.45e-01 | T=7341.0 | a=1.000003 | H=2.41e-05 | 461.4 steps/s | 2.17 ms/step | ETA: 35597.4 min
Step 14550000/1000000000 | t=1.45e-01 | T=7341.0 | a=1.000003 | H=2.41e-05 | 461.4 steps/s | 2.17 ms/step | ETA: 35596.7 min
Step 14600000/1000000000 | t=1.46e-01 | T=7341.0 | a=1.000004 | H=2.41e-05 | 461.4 steps/s | 2.17 ms/step | ETA: 35595.0 min
Step 14650000/1000000000 | t=1.46e-01 | T=7341.0 | a=1.000004 | H=2.41e-05 | 461.4 steps/s | 2.17 ms/step | ETA: 35593.2 min
Step 14700000/1000000000 | t=1.47e-01 | T=7341.0 | a=1.000004 | H=2.41e-05 | 461.4 steps/s | 2.17 ms/step | ETA: 35590.3 min
