======================================================================
LATTICE SIMULATION LOG
Started: 2026-02-20 14:20:54
Log file: logs/simulation_20260220_142054.log
======================================================================

Numba Configuration:
  Version: 0.63.1
  Threading layer: default
  Configured threads: 11
  Active threads: 11
----------------------------------------------------------------------

Hubble expansion: ENABLED (comoving lattice)
  g_* = 106.75, M_Pl = 2.40e+18 GeV, ΔV = 1.00e+28 GeV^4
  H² = (T⁴/χ_g² + ΔV) / (3 M_Pl²)
  H(T0=7350.0) = 2.4056e-05 GeV
  3H = 7.2169e-05 GeV
  η_phys = 0.3 GeV  →  3H/η = 2.41e-04
  T(t) = T0 / a(t)  (entropy conservation)
  Initial a = 1.0
Field precision: float32
Tree-level VEV: ±1.0000e+11

Finding thermal VEV at T = 7350.0...
  V'(0) = 2.1550e-07
  V'(VEV) = 7.1457e-31
  Thermal VEV found: 1.0000e+11
  Ratio thermal/tree: 1.0000

Finding escape point...
  V'(1e-10) = 2.1550e-07
  V'(1e0)   = 2.1550e+03
  V'(1e5)   = -9.9983e+10
  V'(1e8)   = -1.0000e+14
  V'(1e10)  = -9.9000e+15
  Barrier found between 7.7025e+02 and 8.1034e+02
  Barrier top at: 8.0472e+02
  Escape point: 8.8519e+02
  V'(escape) = -4.0450e+05 (should be < 0)

Using TREE-LEVEL VEV for seeding: 1.0000e+11
The bubble is seeded at the true vacuum (no rolling needed).
Bubble seeding: DISABLED (thermal nucleation only)
Field states will be saved to: data/set6/256x256_T0_7350_dx_0.005_dtphys_2.5e-07_interval_50000_hubble_eta_0.3/field_states
Figures will be saved to: data/set6/256x256_T0_7350_dx_0.005_dtphys_2.5e-07_interval_50000_hubble_eta_0.3/figs/latticeSnapshot

============================================================
Starting time evolution...
Grid: 256×256, Steps: 1000000000, dt: 2.50e-04
Using fused RK2: True
Using in-kernel RNG: True
Field precision: float32
Spline resolution N_Y: 256
Bubble seeding: DISABLED
Thermal noise: ENABLED (FDT noise_scale(T0) = 6.6408e-06)
Overdamped mode: DISABLED (η = 0.3)
Hubble expansion: ENABLED
  H(T0) = 2.4056e-05 GeV, 3H/η = 2.41e-04
  g_* = 106.75, M_Pl = 2.40e+18 GeV
============================================================

Warming up JIT compilation...
JIT warmup complete.
Starting main loop...

Step 0/1000000000 | t=0.00e+00 | T=7350.0 | a=1.000000 | H=2.41e-05 | 207.4 steps/s | 4.82 ms/step | ETA: 80366.9 min
Step 50000/1000000000 | t=1.25e-02 | T=7350.0 | a=1.000000 | H=2.41e-05 | 404.7 steps/s | 2.47 ms/step | ETA: 41184.7 min
Step 100000/1000000000 | t=2.50e-02 | T=7350.0 | a=1.000001 | H=2.41e-05 | 400.6 steps/s | 2.50 ms/step | ETA: 41605.1 min
Step 150000/1000000000 | t=3.75e-02 | T=7350.0 | a=1.000001 | H=2.41e-05 | 397.9 steps/s | 2.51 ms/step | ETA: 41885.1 min
Step 200000/1000000000 | t=5.00e-02 | T=7350.0 | a=1.000001 | H=2.41e-05 | 400.9 steps/s | 2.49 ms/step | ETA: 41562.2 min
Step 250000/1000000000 | t=6.25e-02 | T=7350.0 | a=1.000002 | H=2.41e-05 | 395.2 steps/s | 2.53 ms/step | ETA: 42159.2 min
Step 300000/1000000000 | t=7.50e-02 | T=7350.0 | a=1.000002 | H=2.41e-05 | 391.1 steps/s | 2.56 ms/step | ETA: 42600.3 min
Step 350000/1000000000 | t=8.75e-02 | T=7350.0 | a=1.000002 | H=2.41e-05 | 389.5 steps/s | 2.57 ms/step | ETA: 42772.0 min
Step 400000/1000000000 | t=1.00e-01 | T=7350.0 | a=1.000002 | H=2.41e-05 | 391.0 steps/s | 2.56 ms/step | ETA: 42606.7 min
Step 450000/1000000000 | t=1.13e-01 | T=7350.0 | a=1.000003 | H=2.41e-05 | 392.2 steps/s | 2.55 ms/step | ETA: 42471.4 min
Step 500000/1000000000 | t=1.25e-01 | T=7350.0 | a=1.000003 | H=2.41e-05 | 392.8 steps/s | 2.55 ms/step | ETA: 42410.8 min
Step 550000/1000000000 | t=1.38e-01 | T=7350.0 | a=1.000003 | H=2.41e-05 | 392.8 steps/s | 2.55 ms/step | ETA: 42404.6 min
Step 600000/1000000000 | t=1.50e-01 | T=7350.0 | a=1.000004 | H=2.41e-05 | 393.0 steps/s | 2.54 ms/step | ETA: 42378.3 min
Step 650000/1000000000 | t=1.63e-01 | T=7350.0 | a=1.000004 | H=2.41e-05 | 393.9 steps/s | 2.54 ms/step | ETA: 42281.3 min
Step 700000/1000000000 | t=1.75e-01 | T=7350.0 | a=1.000004 | H=2.41e-05 | 394.3 steps/s | 2.54 ms/step | ETA: 42234.7 min
Step 750000/1000000000 | t=1.88e-01 | T=7350.0 | a=1.000005 | H=2.41e-05 | 394.3 steps/s | 2.54 ms/step | ETA: 42240.3 min
Step 800000/1000000000 | t=2.00e-01 | T=7350.0 | a=1.000005 | H=2.41e-05 | 394.1 steps/s | 2.54 ms/step | ETA: 42261.7 min
Step 850000/1000000000 | t=2.13e-01 | T=7350.0 | a=1.000005 | H=2.41e-05 | 392.7 steps/s | 2.55 ms/step | ETA: 42406.9 min
Step 900000/1000000000 | t=2.25e-01 | T=7350.0 | a=1.000005 | H=2.41e-05 | 390.8 steps/s | 2.56 ms/step | ETA: 42610.4 min
Step 950000/1000000000 | t=2.38e-01 | T=7350.0 | a=1.000006 | H=2.41e-05 | 389.0 steps/s | 2.57 ms/step | ETA: 42799.6 min
Step 1000000/1000000000 | t=2.50e-01 | T=7350.0 | a=1.000006 | H=2.41e-05 | 387.7 steps/s | 2.58 ms/step | ETA: 42947.1 min
Step 1050000/1000000000 | t=2.63e-01 | T=7350.0 | a=1.000006 | H=2.41e-05 | 386.9 steps/s | 2.58 ms/step | ETA: 43028.5 min
Step 1100000/1000000000 | t=2.75e-01 | T=7350.0 | a=1.000007 | H=2.41e-05 | 387.4 steps/s | 2.58 ms/step | ETA: 42975.2 min
Step 1150000/1000000000 | t=2.88e-01 | T=7349.9 | a=1.000007 | H=2.41e-05 | 388.3 steps/s | 2.58 ms/step | ETA: 42871.9 min
Step 1200000/1000000000 | t=3.00e-01 | T=7349.9 | a=1.000007 | H=2.41e-05 | 389.1 steps/s | 2.57 ms/step | ETA: 42780.4 min
Step 1250000/1000000000 | t=3.13e-01 | T=7349.9 | a=1.000008 | H=2.41e-05 | 389.9 steps/s | 2.56 ms/step | ETA: 42691.3 min
Step 1300000/1000000000 | t=3.25e-01 | T=7349.9 | a=1.000008 | H=2.41e-05 | 389.9 steps/s | 2.56 ms/step | ETA: 42689.1 min
Step 1350000/1000000000 | t=3.38e-01 | T=7349.9 | a=1.000008 | H=2.41e-05 | 390.2 steps/s | 2.56 ms/step | ETA: 42656.4 min
Step 1400000/1000000000 | t=3.50e-01 | T=7349.9 | a=1.000008 | H=2.41e-05 | 390.4 steps/s | 2.56 ms/step | ETA: 42627.7 min
Step 1450000/1000000000 | t=3.63e-01 | T=7349.9 | a=1.000009 | H=2.41e-05 | 389.3 steps/s | 2.57 ms/step | ETA: 42744.4 min
Step 1500000/1000000000 | t=3.75e-01 | T=7349.9 | a=1.000009 | H=2.41e-05 | 388.4 steps/s | 2.57 ms/step | ETA: 42842.9 min
