======================================================================
LATTICE SIMULATION LOG
Started: 2026-01-18 21:54:12
Log file: logs/simulation_20260118_215412.log
======================================================================

Numba Configuration:
  Version: 0.63.1
  Threading layer: default
  Configured threads: 11
  Active threads: 11
----------------------------------------------------------------------
Field precision: float32
Field states will be saved to: data/set6/T0_7341_dt_1e-05_a_0.001_interval_50000/field_states
Figures will be saved to: data/set6/T0_7341_dt_1e-05_a_0.001_interval_50000/figs/latticeSnapshot

============================================================
Starting time evolution...
Grid: 128×128, Steps: 100000000, dt: 1.00e-05
Using fused RK2: True
Using in-kernel RNG: True
Field precision: float32
Spline resolution N_Y: 256
============================================================

Warming up JIT compilation...
JIT warmup complete. Starting main loop...

Step 0/100000000 | t=0.00e+00 | T=7341.0 | 1272.5 steps/s | 0.00 ms/step | ETA: 0.0 min
Step 50000/100000000 | t=5.00e-04 | T=7341.0 | 1558.9 steps/s | 0.64 ms/step | ETA: 1068.6 min
Step 100000/100000000 | t=1.00e-03 | T=7341.0 | 1611.7 steps/s | 0.62 ms/step | ETA: 1033.1 min
Step 150000/100000000 | t=1.50e-03 | T=7341.0 | 1610.7 steps/s | 0.62 ms/step | ETA: 1033.2 min
Step 200000/100000000 | t=2.00e-03 | T=7341.0 | 1579.2 steps/s | 0.63 ms/step | ETA: 1053.2 min
Step 250000/100000000 | t=2.50e-03 | T=7341.0 | 1577.5 steps/s | 0.63 ms/step | ETA: 1053.9 min
Step 300000/100000000 | t=3.00e-03 | T=7341.0 | 1589.1 steps/s | 0.63 ms/step | ETA: 1045.7 min
Step 350000/100000000 | t=3.50e-03 | T=7341.0 | 1601.0 steps/s | 0.62 ms/step | ETA: 1037.3 min
Step 400000/100000000 | t=4.00e-03 | T=7341.0 | 1611.2 steps/s | 0.62 ms/step | ETA: 1030.3 min
Step 450000/100000000 | t=4.50e-03 | T=7341.0 | 1614.2 steps/s | 0.62 ms/step | ETA: 1027.8 min
Step 500000/100000000 | t=5.00e-03 | T=7341.0 | 1612.6 steps/s | 0.62 ms/step | ETA: 1028.4 min
Step 550000/100000000 | t=5.50e-03 | T=7341.0 | 1586.0 steps/s | 0.63 ms/step | ETA: 1045.1 min
Step 600000/100000000 | t=6.00e-03 | T=7341.0 | 1588.8 steps/s | 0.63 ms/step | ETA: 1042.7 min
Step 650000/100000000 | t=6.50e-03 | T=7341.0 | 1593.3 steps/s | 0.63 ms/step | ETA: 1039.2 min
Step 700000/100000000 | t=7.00e-03 | T=7341.0 | 1596.0 steps/s | 0.63 ms/step | ETA: 1037.0 min
Step 750000/100000000 | t=7.50e-03 | T=7341.0 | 1599.3 steps/s | 0.63 ms/step | ETA: 1034.3 min
Step 800000/100000000 | t=8.00e-03 | T=7341.0 | 1600.2 steps/s | 0.62 ms/step | ETA: 1033.2 min
Step 850000/100000000 | t=8.50e-03 | T=7341.0 | 1601.9 steps/s | 0.62 ms/step | ETA: 1031.6 min
Step 900000/100000000 | t=9.00e-03 | T=7341.0 | 1604.8 steps/s | 0.62 ms/step | ETA: 1029.2 min
Step 950000/100000000 | t=9.50e-03 | T=7341.0 | 1591.6 steps/s | 0.63 ms/step | ETA: 1037.2 min
Step 1000000/100000000 | t=1.00e-02 | T=7341.0 | 1573.0 steps/s | 0.64 ms/step | ETA: 1048.9 min
Step 1050000/100000000 | t=1.05e-02 | T=7341.0 | 1546.5 steps/s | 0.65 ms/step | ETA: 1066.4 min
Step 1100000/100000000 | t=1.10e-02 | T=7341.0 | 1536.4 steps/s | 0.65 ms/step | ETA: 1072.8 min
Step 1150000/100000000 | t=1.15e-02 | T=7341.0 | 1531.8 steps/s | 0.65 ms/step | ETA: 1075.5 min
Step 1200000/100000000 | t=1.20e-02 | T=7341.0 | 1525.3 steps/s | 0.66 ms/step | ETA: 1079.6 min
Step 1250000/100000000 | t=1.25e-02 | T=7341.0 | 1515.5 steps/s | 0.66 ms/step | ETA: 1086.0 min
Step 1300000/100000000 | t=1.30e-02 | T=7341.0 | 1507.6 steps/s | 0.66 ms/step | ETA: 1091.2 min
Step 1350000/100000000 | t=1.35e-02 | T=7341.0 | 1501.0 steps/s | 0.67 ms/step | ETA: 1095.4 min
Step 1400000/100000000 | t=1.40e-02 | T=7341.0 | 1491.9 steps/s | 0.67 ms/step | ETA: 1101.5 min
Step 1450000/100000000 | t=1.45e-02 | T=7341.0 | 1485.1 steps/s | 0.67 ms/step | ETA: 1106.0 min
Step 1500000/100000000 | t=1.50e-02 | T=7341.0 | 1478.9 steps/s | 0.68 ms/step | ETA: 1110.1 min
Step 1550000/100000000 | t=1.55e-02 | T=7341.0 | 1475.8 steps/s | 0.68 ms/step | ETA: 1111.9 min
Step 1600000/100000000 | t=1.60e-02 | T=7341.0 | 1469.7 steps/s | 0.68 ms/step | ETA: 1115.9 min
Step 1650000/100000000 | t=1.65e-02 | T=7341.0 | 1465.8 steps/s | 0.68 ms/step | ETA: 1118.3 min
Step 1700000/100000000 | t=1.70e-02 | T=7341.0 | 1462.8 steps/s | 0.68 ms/step | ETA: 1120.0 min
Step 1750000/100000000 | t=1.75e-02 | T=7341.0 | 1461.5 steps/s | 0.68 ms/step | ETA: 1120.4 min
Step 1800000/100000000 | t=1.80e-02 | T=7341.0 | 1460.3 steps/s | 0.68 ms/step | ETA: 1120.8 min
Step 1850000/100000000 | t=1.85e-02 | T=7341.0 | 1459.6 steps/s | 0.69 ms/step | ETA: 1120.7 min
Step 1900000/100000000 | t=1.90e-02 | T=7341.0 | 1459.3 steps/s | 0.69 ms/step | ETA: 1120.4 min
Step 1950000/100000000 | t=1.95e-02 | T=7341.0 | 1459.0 steps/s | 0.69 ms/step | ETA: 1120.1 min
Step 2000000/100000000 | t=2.00e-02 | T=7341.0 | 1457.9 steps/s | 0.69 ms/step | ETA: 1120.3 min
Step 2050000/100000000 | t=2.05e-02 | T=7341.0 | 1457.7 steps/s | 0.69 ms/step | ETA: 1119.9 min
Step 2100000/100000000 | t=2.10e-02 | T=7341.0 | 1457.6 steps/s | 0.69 ms/step | ETA: 1119.4 min
Step 2150000/100000000 | t=2.15e-02 | T=7341.0 | 1457.2 steps/s | 0.69 ms/step | ETA: 1119.2 min
Step 2200000/100000000 | t=2.20e-02 | T=7341.0 | 1453.7 steps/s | 0.69 ms/step | ETA: 1121.3 min
Step 2250000/100000000 | t=2.25e-02 | T=7341.0 | 1449.5 steps/s | 0.69 ms/step | ETA: 1124.0 min
Step 2300000/100000000 | t=2.30e-02 | T=7341.0 | 1444.1 steps/s | 0.69 ms/step | ETA: 1127.6 min
Step 2350000/100000000 | t=2.35e-02 | T=7341.0 | 1439.7 steps/s | 0.69 ms/step | ETA: 1130.4 min
Step 2400000/100000000 | t=2.40e-02 | T=7341.0 | 1435.3 steps/s | 0.70 ms/step | ETA: 1133.4 min
Step 2450000/100000000 | t=2.45e-02 | T=7341.0 | 1429.5 steps/s | 0.70 ms/step | ETA: 1137.3 min
Step 2500000/100000000 | t=2.50e-02 | T=7341.0 | 1426.0 steps/s | 0.70 ms/step | ETA: 1139.6 min
Step 2550000/100000000 | t=2.55e-02 | T=7341.0 | 1423.2 steps/s | 0.70 ms/step | ETA: 1141.2 min
Step 2600000/100000000 | t=2.60e-02 | T=7341.0 | 1420.5 steps/s | 0.70 ms/step | ETA: 1142.8 min
Step 2650000/100000000 | t=2.65e-02 | T=7341.0 | 1418.5 steps/s | 0.70 ms/step | ETA: 1143.8 min
Step 2700000/100000000 | t=2.70e-02 | T=7341.0 | 1416.4 steps/s | 0.71 ms/step | ETA: 1144.9 min
Step 2750000/100000000 | t=2.75e-02 | T=7341.0 | 1413.7 steps/s | 0.71 ms/step | ETA: 1146.5 min
Step 2800000/100000000 | t=2.80e-02 | T=7341.0 | 1410.8 steps/s | 0.71 ms/step | ETA: 1148.3 min
Step 2850000/100000000 | t=2.85e-02 | T=7341.0 | 1407.3 steps/s | 0.71 ms/step | ETA: 1150.5 min
Step 2900000/100000000 | t=2.90e-02 | T=7341.0 | 1403.2 steps/s | 0.71 ms/step | ETA: 1153.3 min
Step 2950000/100000000 | t=2.95e-02 | T=7341.0 | 1399.3 steps/s | 0.71 ms/step | ETA: 1155.9 min
Step 3000000/100000000 | t=3.00e-02 | T=7341.0 | 1396.5 steps/s | 0.72 ms/step | ETA: 1157.6 min
Step 3050000/100000000 | t=3.05e-02 | T=7341.0 | 1393.1 steps/s | 0.72 ms/step | ETA: 1159.9 min
Step 3100000/100000000 | t=3.10e-02 | T=7341.0 | 1390.5 steps/s | 0.72 ms/step | ETA: 1161.5 min
Step 3150000/100000000 | t=3.15e-02 | T=7341.0 | 1387.6 steps/s | 0.72 ms/step | ETA: 1163.3 min
Step 3200000/100000000 | t=3.20e-02 | T=7341.0 | 1383.5 steps/s | 0.72 ms/step | ETA: 1166.2 min
Step 3250000/100000000 | t=3.25e-02 | T=7341.0 | 1380.0 steps/s | 0.72 ms/step | ETA: 1168.5 min
Step 3300000/100000000 | t=3.30e-02 | T=7341.0 | 1377.3 steps/s | 0.73 ms/step | ETA: 1170.2 min
Step 3350000/100000000 | t=3.35e-02 | T=7341.0 | 1375.1 steps/s | 0.73 ms/step | ETA: 1171.5 min
Step 3400000/100000000 | t=3.40e-02 | T=7341.0 | 1372.7 steps/s | 0.73 ms/step | ETA: 1172.9 min
Step 3450000/100000000 | t=3.45e-02 | T=7341.0 | 1370.8 steps/s | 0.73 ms/step | ETA: 1173.9 min
Step 3500000/100000000 | t=3.50e-02 | T=7341.0 | 1369.1 steps/s | 0.73 ms/step | ETA: 1174.7 min
Step 3550000/100000000 | t=3.55e-02 | T=7341.0 | 1366.6 steps/s | 0.73 ms/step | ETA: 1176.3 min
Step 3600000/100000000 | t=3.60e-02 | T=7341.0 | 1364.4 steps/s | 0.73 ms/step | ETA: 1177.5 min
Step 3650000/100000000 | t=3.65e-02 | T=7341.0 | 1361.4 steps/s | 0.73 ms/step | ETA: 1179.6 min
Step 3700000/100000000 | t=3.70e-02 | T=7341.0 | 1358.3 steps/s | 0.74 ms/step | ETA: 1181.6 min
Step 3750000/100000000 | t=3.75e-02 | T=7341.0 | 1358.3 steps/s | 0.74 ms/step | ETA: 1181.0 min
Step 3800000/100000000 | t=3.80e-02 | T=7341.0 | 1357.2 steps/s | 0.74 ms/step | ETA: 1181.4 min
Step 3850000/100000000 | t=3.85e-02 | T=7341.0 | 1357.2 steps/s | 0.74 ms/step | ETA: 1180.8 min
Step 3900000/100000000 | t=3.90e-02 | T=7341.0 | 1355.8 steps/s | 0.74 ms/step | ETA: 1181.3 min
Step 3950000/100000000 | t=3.95e-02 | T=7341.0 | 1355.2 steps/s | 0.74 ms/step | ETA: 1181.3 min
Step 4000000/100000000 | t=4.00e-02 | T=7341.0 | 1354.7 steps/s | 0.74 ms/step | ETA: 1181.1 min
Step 4050000/100000000 | t=4.05e-02 | T=7341.0 | 1354.6 steps/s | 0.74 ms/step | ETA: 1180.5 min
Step 4100000/100000000 | t=4.10e-02 | T=7341.0 | 1354.7 steps/s | 0.74 ms/step | ETA: 1179.9 min
Step 4150000/100000000 | t=4.15e-02 | T=7341.0 | 1354.6 steps/s | 0.74 ms/step | ETA: 1179.4 min
Step 4200000/100000000 | t=4.20e-02 | T=7341.0 | 1355.0 steps/s | 0.74 ms/step | ETA: 1178.4 min
Step 4250000/100000000 | t=4.25e-02 | T=7341.0 | 1355.4 steps/s | 0.74 ms/step | ETA: 1177.4 min
Step 4300000/100000000 | t=4.30e-02 | T=7341.0 | 1355.7 steps/s | 0.74 ms/step | ETA: 1176.5 min
Step 4350000/100000000 | t=4.35e-02 | T=7341.0 | 1356.4 steps/s | 0.74 ms/step | ETA: 1175.3 min
Step 4400000/100000000 | t=4.40e-02 | T=7341.0 | 1356.5 steps/s | 0.74 ms/step | ETA: 1174.6 min
Step 4450000/100000000 | t=4.45e-02 | T=7341.0 | 1356.3 steps/s | 0.74 ms/step | ETA: 1174.2 min
Step 4500000/100000000 | t=4.50e-02 | T=7341.0 | 1356.2 steps/s | 0.74 ms/step | ETA: 1173.6 min
Step 4550000/100000000 | t=4.55e-02 | T=7341.0 | 1355.8 steps/s | 0.74 ms/step | ETA: 1173.4 min
Step 4600000/100000000 | t=4.60e-02 | T=7341.0 | 1355.4 steps/s | 0.74 ms/step | ETA: 1173.1 min
Step 4650000/100000000 | t=4.65e-02 | T=7341.0 | 1355.0 steps/s | 0.74 ms/step | ETA: 1172.8 min
Step 4700000/100000000 | t=4.70e-02 | T=7341.0 | 1354.6 steps/s | 0.74 ms/step | ETA: 1172.5 min
Step 4750000/100000000 | t=4.75e-02 | T=7341.0 | 1353.4 steps/s | 0.74 ms/step | ETA: 1172.9 min
Step 4800000/100000000 | t=4.80e-02 | T=7341.0 | 1353.0 steps/s | 0.74 ms/step | ETA: 1172.7 min
Step 4850000/100000000 | t=4.85e-02 | T=7341.0 | 1352.7 steps/s | 0.74 ms/step | ETA: 1172.4 min
Step 4900000/100000000 | t=4.90e-02 | T=7341.0 | 1352.3 steps/s | 0.74 ms/step | ETA: 1172.0 min
Step 4950000/100000000 | t=4.95e-02 | T=7341.0 | 1352.2 steps/s | 0.74 ms/step | ETA: 1171.6 min
Step 5000000/100000000 | t=5.00e-02 | T=7340.9 | 1352.4 steps/s | 0.74 ms/step | ETA: 1170.8 min
Step 5050000/100000000 | t=5.05e-02 | T=7340.9 | 1352.4 steps/s | 0.74 ms/step | ETA: 1170.2 min
Step 5100000/100000000 | t=5.10e-02 | T=7340.9 | 1352.2 steps/s | 0.74 ms/step | ETA: 1169.7 min
Step 5150000/100000000 | t=5.15e-02 | T=7340.9 | 1352.6 steps/s | 0.74 ms/step | ETA: 1168.7 min
Step 5200000/100000000 | t=5.20e-02 | T=7340.9 | 1353.5 steps/s | 0.74 ms/step | ETA: 1167.4 min
Step 5250000/100000000 | t=5.25e-02 | T=7340.9 | 1354.4 steps/s | 0.74 ms/step | ETA: 1165.9 min
Step 5300000/100000000 | t=5.30e-02 | T=7340.9 | 1355.0 steps/s | 0.74 ms/step | ETA: 1164.8 min
Step 5350000/100000000 | t=5.35e-02 | T=7340.9 | 1355.6 steps/s | 0.74 ms/step | ETA: 1163.7 min
Step 5400000/100000000 | t=5.40e-02 | T=7340.9 | 1356.4 steps/s | 0.74 ms/step | ETA: 1162.4 min
Step 5450000/100000000 | t=5.45e-02 | T=7340.9 | 1357.2 steps/s | 0.74 ms/step | ETA: 1161.1 min
Step 5500000/100000000 | t=5.50e-02 | T=7340.9 | 1356.5 steps/s | 0.74 ms/step | ETA: 1161.1 min
Step 5550000/100000000 | t=5.55e-02 | T=7340.9 | 1356.1 steps/s | 0.74 ms/step | ETA: 1160.8 min
Step 5600000/100000000 | t=5.60e-02 | T=7340.9 | 1355.7 steps/s | 0.74 ms/step | ETA: 1160.5 min
Step 5650000/100000000 | t=5.65e-02 | T=7340.9 | 1355.2 steps/s | 0.74 ms/step | ETA: 1160.3 min
Step 5700000/100000000 | t=5.70e-02 | T=7340.9 | 1354.9 steps/s | 0.74 ms/step | ETA: 1160.0 min
Step 5750000/100000000 | t=5.75e-02 | T=7340.9 | 1354.4 steps/s | 0.74 ms/step | ETA: 1159.8 min
Step 5800000/100000000 | t=5.80e-02 | T=7340.9 | 1354.2 steps/s | 0.74 ms/step | ETA: 1159.3 min
Step 5850000/100000000 | t=5.85e-02 | T=7340.9 | 1353.7 steps/s | 0.74 ms/step | ETA: 1159.2 min
Step 5900000/100000000 | t=5.90e-02 | T=7340.9 | 1353.4 steps/s | 0.74 ms/step | ETA: 1158.8 min
Step 5950000/100000000 | t=5.95e-02 | T=7340.9 | 1353.2 steps/s | 0.74 ms/step | ETA: 1158.4 min
Step 6000000/100000000 | t=6.00e-02 | T=7340.9 | 1353.2 steps/s | 0.74 ms/step | ETA: 1157.8 min
Step 6050000/100000000 | t=6.05e-02 | T=7340.9 | 1353.3 steps/s | 0.74 ms/step | ETA: 1157.1 min
Step 6100000/100000000 | t=6.10e-02 | T=7340.9 | 1352.4 steps/s | 0.74 ms/step | ETA: 1157.2 min
Step 6150000/100000000 | t=6.15e-02 | T=7340.9 | 1351.7 steps/s | 0.74 ms/step | ETA: 1157.2 min
Step 6200000/100000000 | t=6.20e-02 | T=7340.9 | 1351.0 steps/s | 0.74 ms/step | ETA: 1157.2 min
Step 6250000/100000000 | t=6.25e-02 | T=7340.9 | 1350.5 steps/s | 0.74 ms/step | ETA: 1157.0 min
Step 6300000/100000000 | t=6.30e-02 | T=7340.9 | 1349.8 steps/s | 0.74 ms/step | ETA: 1157.0 min
Step 6350000/100000000 | t=6.35e-02 | T=7340.9 | 1348.2 steps/s | 0.74 ms/step | ETA: 1157.7 min
Step 6400000/100000000 | t=6.40e-02 | T=7340.9 | 1347.2 steps/s | 0.74 ms/step | ETA: 1157.9 min
Step 6450000/100000000 | t=6.45e-02 | T=7340.9 | 1346.7 steps/s | 0.74 ms/step | ETA: 1157.8 min
Step 6500000/100000000 | t=6.50e-02 | T=7340.9 | 1345.7 steps/s | 0.74 ms/step | ETA: 1158.0 min
Step 6550000/100000000 | t=6.55e-02 | T=7340.9 | 1344.7 steps/s | 0.74 ms/step | ETA: 1158.3 min
Step 6600000/100000000 | t=6.60e-02 | T=7340.9 | 1344.1 steps/s | 0.74 ms/step | ETA: 1158.2 min
Step 6650000/100000000 | t=6.65e-02 | T=7340.9 | 1343.5 steps/s | 0.74 ms/step | ETA: 1158.1 min
Step 6700000/100000000 | t=6.70e-02 | T=7340.9 | 1342.8 steps/s | 0.74 ms/step | ETA: 1158.0 min
Step 6750000/100000000 | t=6.75e-02 | T=7340.9 | 1342.1 steps/s | 0.75 ms/step | ETA: 1158.0 min
Step 6800000/100000000 | t=6.80e-02 | T=7340.9 | 1341.5 steps/s | 0.75 ms/step | ETA: 1157.9 min
Step 6850000/100000000 | t=6.85e-02 | T=7340.9 | 1341.2 steps/s | 0.75 ms/step | ETA: 1157.6 min
Step 6900000/100000000 | t=6.90e-02 | T=7340.9 | 1340.5 steps/s | 0.75 ms/step | ETA: 1157.5 min
Step 6950000/100000000 | t=6.95e-02 | T=7340.9 | 1339.8 steps/s | 0.75 ms/step | ETA: 1157.5 min
Step 7000000/100000000 | t=7.00e-02 | T=7340.9 | 1339.5 steps/s | 0.75 ms/step | ETA: 1157.2 min
Step 7050000/100000000 | t=7.05e-02 | T=7340.9 | 1339.1 steps/s | 0.75 ms/step | ETA: 1156.9 min
Step 7100000/100000000 | t=7.10e-02 | T=7340.9 | 1338.1 steps/s | 0.75 ms/step | ETA: 1157.1 min
Step 7150000/100000000 | t=7.15e-02 | T=7340.9 | 1337.7 steps/s | 0.75 ms/step | ETA: 1156.8 min
Step 7200000/100000000 | t=7.20e-02 | T=7340.9 | 1337.1 steps/s | 0.75 ms/step | ETA: 1156.8 min
Step 7250000/100000000 | t=7.25e-02 | T=7340.9 | 1336.5 steps/s | 0.75 ms/step | ETA: 1156.6 min
Step 7300000/100000000 | t=7.30e-02 | T=7340.9 | 1336.0 steps/s | 0.75 ms/step | ETA: 1156.4 min
Step 7350000/100000000 | t=7.35e-02 | T=7340.9 | 1333.0 steps/s | 0.75 ms/step | ETA: 1158.4 min
Step 7400000/100000000 | t=7.40e-02 | T=7340.9 | 1332.3 steps/s | 0.75 ms/step | ETA: 1158.4 min
Step 7450000/100000000 | t=7.45e-02 | T=7340.9 | 1331.8 steps/s | 0.75 ms/step | ETA: 1158.2 min
Step 7500000/100000000 | t=7.50e-02 | T=7340.9 | 1331.4 steps/s | 0.75 ms/step | ETA: 1157.9 min
Step 7550000/100000000 | t=7.55e-02 | T=7340.9 | 1331.0 steps/s | 0.75 ms/step | ETA: 1157.6 min
Step 7600000/100000000 | t=7.60e-02 | T=7340.9 | 1330.5 steps/s | 0.75 ms/step | ETA: 1157.5 min
Step 7650000/100000000 | t=7.65e-02 | T=7340.9 | 1329.8 steps/s | 0.75 ms/step | ETA: 1157.4 min
Step 7700000/100000000 | t=7.70e-02 | T=7340.9 | 1329.4 steps/s | 0.75 ms/step | ETA: 1157.2 min
Step 7750000/100000000 | t=7.75e-02 | T=7340.9 | 1327.7 steps/s | 0.75 ms/step | ETA: 1158.0 min
Step 7800000/100000000 | t=7.80e-02 | T=7340.9 | 1325.7 steps/s | 0.75 ms/step | ETA: 1159.1 min
Step 7850000/100000000 | t=7.85e-02 | T=7340.9 | 1324.6 steps/s | 0.75 ms/step | ETA: 1159.5 min
Step 7900000/100000000 | t=7.90e-02 | T=7340.9 | 1324.0 steps/s | 0.76 ms/step | ETA: 1159.4 min
Step 7950000/100000000 | t=7.95e-02 | T=7340.9 | 1323.4 steps/s | 0.76 ms/step | ETA: 1159.2 min
Step 8000000/100000000 | t=8.00e-02 | T=7340.9 | 1322.9 steps/s | 0.76 ms/step | ETA: 1159.1 min
Step 8050000/100000000 | t=8.05e-02 | T=7340.9 | 1322.2 steps/s | 0.76 ms/step | ETA: 1159.1 min
Step 8100000/100000000 | t=8.10e-02 | T=7340.9 | 1321.7 steps/s | 0.76 ms/step | ETA: 1158.9 min
Step 8150000/100000000 | t=8.15e-02 | T=7340.9 | 1321.3 steps/s | 0.76 ms/step | ETA: 1158.5 min
Step 8200000/100000000 | t=8.20e-02 | T=7340.9 | 1320.7 steps/s | 0.76 ms/step | ETA: 1158.5 min
Step 8250000/100000000 | t=8.25e-02 | T=7340.9 | 1320.1 steps/s | 0.76 ms/step | ETA: 1158.4 min
Step 8300000/100000000 | t=8.30e-02 | T=7340.9 | 1319.9 steps/s | 0.76 ms/step | ETA: 1157.9 min
Step 8350000/100000000 | t=8.35e-02 | T=7340.9 | 1319.9 steps/s | 0.76 ms/step | ETA: 1157.3 min
Step 8400000/100000000 | t=8.40e-02 | T=7340.9 | 1319.7 steps/s | 0.76 ms/step | ETA: 1156.9 min
Step 8450000/100000000 | t=8.45e-02 | T=7340.9 | 1319.6 steps/s | 0.76 ms/step | ETA: 1156.3 min
Step 8500000/100000000 | t=8.50e-02 | T=7340.9 | 1319.6 steps/s | 0.76 ms/step | ETA: 1155.7 min
Step 8550000/100000000 | t=8.55e-02 | T=7340.9 | 1319.5 steps/s | 0.76 ms/step | ETA: 1155.1 min
Step 8600000/100000000 | t=8.60e-02 | T=7340.9 | 1319.3 steps/s | 0.76 ms/step | ETA: 1154.7 min
Step 8650000/100000000 | t=8.65e-02 | T=7340.9 | 1319.5 steps/s | 0.76 ms/step | ETA: 1153.9 min
Step 8700000/100000000 | t=8.70e-02 | T=7340.9 | 1319.6 steps/s | 0.76 ms/step | ETA: 1153.1 min
Step 8750000/100000000 | t=8.75e-02 | T=7340.9 | 1319.7 steps/s | 0.76 ms/step | ETA: 1152.4 min
Step 8800000/100000000 | t=8.80e-02 | T=7340.9 | 1319.8 steps/s | 0.76 ms/step | ETA: 1151.7 min
Step 8850000/100000000 | t=8.85e-02 | T=7340.9 | 1319.8 steps/s | 0.76 ms/step | ETA: 1151.1 min
Step 8900000/100000000 | t=8.90e-02 | T=7340.9 | 1319.8 steps/s | 0.76 ms/step | ETA: 1150.4 min
Step 8950000/100000000 | t=8.95e-02 | T=7340.9 | 1320.3 steps/s | 0.76 ms/step | ETA: 1149.4 min
Step 9000000/100000000 | t=9.00e-02 | T=7340.9 | 1320.5 steps/s | 0.76 ms/step | ETA: 1148.6 min
Step 9050000/100000000 | t=9.05e-02 | T=7340.9 | 1320.7 steps/s | 0.76 ms/step | ETA: 1147.8 min
Step 9100000/100000000 | t=9.10e-02 | T=7340.9 | 1321.1 steps/s | 0.76 ms/step | ETA: 1146.8 min
Step 9150000/100000000 | t=9.15e-02 | T=7340.9 | 1321.1 steps/s | 0.76 ms/step | ETA: 1146.2 min
Step 9200000/100000000 | t=9.20e-02 | T=7340.9 | 1320.9 steps/s | 0.76 ms/step | ETA: 1145.7 min
Step 9250000/100000000 | t=9.25e-02 | T=7340.9 | 1320.7 steps/s | 0.76 ms/step | ETA: 1145.2 min
Step 9300000/100000000 | t=9.30e-02 | T=7340.9 | 1320.6 steps/s | 0.76 ms/step | ETA: 1144.7 min
Step 9350000/100000000 | t=9.35e-02 | T=7340.9 | 1320.6 steps/s | 0.76 ms/step | ETA: 1144.1 min
Step 9400000/100000000 | t=9.40e-02 | T=7340.9 | 1320.3 steps/s | 0.76 ms/step | ETA: 1143.7 min
Step 9450000/100000000 | t=9.45e-02 | T=7340.9 | 1320.4 steps/s | 0.76 ms/step | ETA: 1143.0 min
Step 9500000/100000000 | t=9.50e-02 | T=7340.9 | 1320.3 steps/s | 0.76 ms/step | ETA: 1142.4 min
Step 9550000/100000000 | t=9.55e-02 | T=7340.9 | 1320.4 steps/s | 0.76 ms/step | ETA: 1141.7 min
Step 9600000/100000000 | t=9.60e-02 | T=7340.9 | 1320.6 steps/s | 0.76 ms/step | ETA: 1140.9 min
Step 9650000/100000000 | t=9.65e-02 | T=7340.9 | 1320.6 steps/s | 0.76 ms/step | ETA: 1140.2 min
Step 9700000/100000000 | t=9.70e-02 | T=7340.9 | 1320.7 steps/s | 0.76 ms/step | ETA: 1139.5 min
Step 9750000/100000000 | t=9.75e-02 | T=7340.9 | 1320.6 steps/s | 0.76 ms/step | ETA: 1139.0 min
Step 9800000/100000000 | t=9.80e-02 | T=7340.9 | 1320.4 steps/s | 0.76 ms/step | ETA: 1138.5 min
Step 9850000/100000000 | t=9.85e-02 | T=7340.9 | 1320.2 steps/s | 0.76 ms/step | ETA: 1138.1 min
Step 9900000/100000000 | t=9.90e-02 | T=7340.9 | 1320.2 steps/s | 0.76 ms/step | ETA: 1137.4 min
Step 9950000/100000000 | t=9.95e-02 | T=7340.9 | 1320.4 steps/s | 0.76 ms/step | ETA: 1136.6 min
Step 10000000/100000000 | t=1.00e-01 | T=7340.9 | 1320.4 steps/s | 0.76 ms/step | ETA: 1136.0 min
Step 10050000/100000000 | t=1.01e-01 | T=7340.9 | 1320.5 steps/s | 0.76 ms/step | ETA: 1135.3 min
Step 10100000/100000000 | t=1.01e-01 | T=7340.9 | 1320.7 steps/s | 0.76 ms/step | ETA: 1134.5 min
Step 10150000/100000000 | t=1.02e-01 | T=7340.9 | 1320.9 steps/s | 0.76 ms/step | ETA: 1133.7 min
Step 10200000/100000000 | t=1.02e-01 | T=7340.9 | 1320.9 steps/s | 0.76 ms/step | ETA: 1133.1 min
Step 10250000/100000000 | t=1.03e-01 | T=7340.9 | 1320.9 steps/s | 0.76 ms/step | ETA: 1132.4 min
Step 10300000/100000000 | t=1.03e-01 | T=7340.9 | 1321.1 steps/s | 0.76 ms/step | ETA: 1131.7 min
Step 10350000/100000000 | t=1.04e-01 | T=7340.9 | 1320.9 steps/s | 0.76 ms/step | ETA: 1131.2 min
Step 10400000/100000000 | t=1.04e-01 | T=7340.9 | 1320.6 steps/s | 0.76 ms/step | ETA: 1130.8 min
Step 10450000/100000000 | t=1.05e-01 | T=7340.9 | 1320.7 steps/s | 0.76 ms/step | ETA: 1130.0 min
Step 10500000/100000000 | t=1.05e-01 | T=7340.9 | 1320.9 steps/s | 0.76 ms/step | ETA: 1129.3 min
Step 10550000/100000000 | t=1.06e-01 | T=7340.9 | 1321.4 steps/s | 0.76 ms/step | ETA: 1128.2 min
Step 10600000/100000000 | t=1.06e-01 | T=7340.9 | 1321.7 steps/s | 0.76 ms/step | ETA: 1127.3 min
Step 10650000/100000000 | t=1.07e-01 | T=7340.9 | 1322.1 steps/s | 0.76 ms/step | ETA: 1126.3 min
Step 10700000/100000000 | t=1.07e-01 | T=7340.9 | 1322.4 steps/s | 0.76 ms/step | ETA: 1125.4 min
Step 10750000/100000000 | t=1.08e-01 | T=7340.9 | 1322.8 steps/s | 0.76 ms/step | ETA: 1124.5 min
Step 10800000/100000000 | t=1.08e-01 | T=7340.9 | 1323.2 steps/s | 0.76 ms/step | ETA: 1123.6 min
Step 10850000/100000000 | t=1.09e-01 | T=7340.9 | 1323.3 steps/s | 0.76 ms/step | ETA: 1122.8 min
Step 10900000/100000000 | t=1.09e-01 | T=7340.9 | 1323.6 steps/s | 0.76 ms/step | ETA: 1121.9 min
Step 10950000/100000000 | t=1.10e-01 | T=7340.9 | 1323.9 steps/s | 0.76 ms/step | ETA: 1121.0 min
Step 11000000/100000000 | t=1.10e-01 | T=7340.9 | 1324.2 steps/s | 0.76 ms/step | ETA: 1120.2 min
Step 11050000/100000000 | t=1.11e-01 | T=7340.9 | 1324.6 steps/s | 0.75 ms/step | ETA: 1119.2 min
Step 11100000/100000000 | t=1.11e-01 | T=7340.9 | 1325.1 steps/s | 0.75 ms/step | ETA: 1118.2 min
Step 11150000/100000000 | t=1.12e-01 | T=7340.9 | 1325.4 steps/s | 0.75 ms/step | ETA: 1117.3 min
Step 11200000/100000000 | t=1.12e-01 | T=7340.9 | 1325.8 steps/s | 0.75 ms/step | ETA: 1116.3 min
Step 11250000/100000000 | t=1.13e-01 | T=7340.9 | 1326.3 steps/s | 0.75 ms/step | ETA: 1115.3 min
Step 11300000/100000000 | t=1.13e-01 | T=7340.9 | 1326.6 steps/s | 0.75 ms/step | ETA: 1114.3 min
Step 11350000/100000000 | t=1.14e-01 | T=7340.9 | 1327.1 steps/s | 0.75 ms/step | ETA: 1113.4 min
Step 11400000/100000000 | t=1.14e-01 | T=7340.9 | 1327.6 steps/s | 0.75 ms/step | ETA: 1112.3 min
Step 11450000/100000000 | t=1.15e-01 | T=7340.9 | 1328.1 steps/s | 0.75 ms/step | ETA: 1111.3 min
Step 11500000/100000000 | t=1.15e-01 | T=7340.9 | 1328.4 steps/s | 0.75 ms/step | ETA: 1110.4 min
Step 11550000/100000000 | t=1.16e-01 | T=7340.9 | 1329.0 steps/s | 0.75 ms/step | ETA: 1109.3 min
Step 11600000/100000000 | t=1.16e-01 | T=7340.9 | 1329.5 steps/s | 0.75 ms/step | ETA: 1108.2 min
Step 11650000/100000000 | t=1.17e-01 | T=7340.9 | 1330.0 steps/s | 0.75 ms/step | ETA: 1107.1 min
Step 11700000/100000000 | t=1.17e-01 | T=7340.9 | 1330.4 steps/s | 0.75 ms/step | ETA: 1106.2 min
Step 11750000/100000000 | t=1.18e-01 | T=7340.9 | 1330.9 steps/s | 0.75 ms/step | ETA: 1105.1 min
Step 11800000/100000000 | t=1.18e-01 | T=7340.9 | 1331.4 steps/s | 0.75 ms/step | ETA: 1104.1 min
Step 11850000/100000000 | t=1.19e-01 | T=7340.9 | 1331.7 steps/s | 0.75 ms/step | ETA: 1103.3 min
Step 11900000/100000000 | t=1.19e-01 | T=7340.9 | 1331.9 steps/s | 0.75 ms/step | ETA: 1102.4 min
Step 11950000/100000000 | t=1.20e-01 | T=7340.9 | 1332.2 steps/s | 0.75 ms/step | ETA: 1101.6 min
Step 12000000/100000000 | t=1.20e-01 | T=7340.9 | 1332.6 steps/s | 0.75 ms/step | ETA: 1100.6 min
Step 12050000/100000000 | t=1.21e-01 | T=7340.9 | 1333.0 steps/s | 0.75 ms/step | ETA: 1099.7 min
Step 12100000/100000000 | t=1.21e-01 | T=7340.9 | 1333.3 steps/s | 0.75 ms/step | ETA: 1098.8 min
Step 12150000/100000000 | t=1.22e-01 | T=7340.9 | 1333.6 steps/s | 0.75 ms/step | ETA: 1097.9 min
Step 12200000/100000000 | t=1.22e-01 | T=7340.9 | 1333.9 steps/s | 0.75 ms/step | ETA: 1097.1 min
Step 12250000/100000000 | t=1.23e-01 | T=7340.9 | 1334.1 steps/s | 0.75 ms/step | ETA: 1096.3 min
Step 12300000/100000000 | t=1.23e-01 | T=7340.9 | 1334.1 steps/s | 0.75 ms/step | ETA: 1095.7 min
Step 12350000/100000000 | t=1.24e-01 | T=7340.9 | 1334.0 steps/s | 0.75 ms/step | ETA: 1095.1 min
Step 12400000/100000000 | t=1.24e-01 | T=7340.9 | 1334.1 steps/s | 0.75 ms/step | ETA: 1094.4 min
Step 12450000/100000000 | t=1.25e-01 | T=7340.9 | 1334.2 steps/s | 0.75 ms/step | ETA: 1093.7 min
Step 12500000/100000000 | t=1.25e-01 | T=7340.9 | 1334.2 steps/s | 0.75 ms/step | ETA: 1093.0 min
Step 12550000/100000000 | t=1.26e-01 | T=7340.9 | 1334.2 steps/s | 0.75 ms/step | ETA: 1092.4 min
Step 12600000/100000000 | t=1.26e-01 | T=7340.9 | 1334.2 steps/s | 0.75 ms/step | ETA: 1091.8 min
Step 12650000/100000000 | t=1.27e-01 | T=7340.9 | 1334.4 steps/s | 0.75 ms/step | ETA: 1091.0 min
Step 12700000/100000000 | t=1.27e-01 | T=7340.9 | 1334.0 steps/s | 0.75 ms/step | ETA: 1090.7 min
Step 12750000/100000000 | t=1.28e-01 | T=7340.9 | 1333.8 steps/s | 0.75 ms/step | ETA: 1090.2 min
Step 12800000/100000000 | t=1.28e-01 | T=7340.9 | 1333.8 steps/s | 0.75 ms/step | ETA: 1089.6 min
Step 12850000/100000000 | t=1.29e-01 | T=7340.9 | 1334.0 steps/s | 0.75 ms/step | ETA: 1088.8 min
Step 12900000/100000000 | t=1.29e-01 | T=7340.9 | 1334.2 steps/s | 0.75 ms/step | ETA: 1088.0 min
Step 12950000/100000000 | t=1.30e-01 | T=7340.9 | 1334.4 steps/s | 0.75 ms/step | ETA: 1087.3 min
Step 13000000/100000000 | t=1.30e-01 | T=7340.9 | 1334.5 steps/s | 0.75 ms/step | ETA: 1086.5 min
Step 13050000/100000000 | t=1.31e-01 | T=7340.9 | 1334.8 steps/s | 0.75 ms/step | ETA: 1085.7 min
Step 13100000/100000000 | t=1.31e-01 | T=7340.9 | 1335.0 steps/s | 0.75 ms/step | ETA: 1084.9 min
Step 13150000/100000000 | t=1.32e-01 | T=7340.9 | 1335.0 steps/s | 0.75 ms/step | ETA: 1084.3 min
Step 13200000/100000000 | t=1.32e-01 | T=7340.9 | 1335.4 steps/s | 0.75 ms/step | ETA: 1083.3 min
Step 13250000/100000000 | t=1.33e-01 | T=7340.9 | 1335.8 steps/s | 0.75 ms/step | ETA: 1082.4 min
Step 13300000/100000000 | t=1.33e-01 | T=7340.9 | 1336.3 steps/s | 0.75 ms/step | ETA: 1081.4 min
Step 13350000/100000000 | t=1.34e-01 | T=7340.9 | 1336.8 steps/s | 0.75 ms/step | ETA: 1080.3 min
Step 13400000/100000000 | t=1.34e-01 | T=7340.9 | 1337.2 steps/s | 0.75 ms/step | ETA: 1079.4 min
Step 13450000/100000000 | t=1.35e-01 | T=7340.9 | 1337.8 steps/s | 0.75 ms/step | ETA: 1078.3 min
Step 13500000/100000000 | t=1.35e-01 | T=7340.9 | 1338.2 steps/s | 0.75 ms/step | ETA: 1077.3 min
Step 13550000/100000000 | t=1.36e-01 | T=7340.9 | 1338.7 steps/s | 0.75 ms/step | ETA: 1076.3 min
Step 13600000/100000000 | t=1.36e-01 | T=7340.9 | 1339.0 steps/s | 0.75 ms/step | ETA: 1075.4 min
Step 13650000/100000000 | t=1.37e-01 | T=7340.9 | 1339.4 steps/s | 0.75 ms/step | ETA: 1074.4 min
Step 13700000/100000000 | t=1.37e-01 | T=7340.9 | 1339.4 steps/s | 0.75 ms/step | ETA: 1073.8 min
Step 13750000/100000000 | t=1.38e-01 | T=7340.9 | 1339.9 steps/s | 0.75 ms/step | ETA: 1072.8 min
Step 13800000/100000000 | t=1.38e-01 | T=7340.9 | 1340.4 steps/s | 0.75 ms/step | ETA: 1071.8 min
Step 13850000/100000000 | t=1.39e-01 | T=7340.9 | 1340.9 steps/s | 0.75 ms/step | ETA: 1070.8 min
Step 13900000/100000000 | t=1.39e-01 | T=7340.9 | 1341.5 steps/s | 0.75 ms/step | ETA: 1069.7 min
Step 13950000/100000000 | t=1.40e-01 | T=7340.9 | 1342.0 steps/s | 0.75 ms/step | ETA: 1068.7 min
Step 14000000/100000000 | t=1.40e-01 | T=7340.9 | 1342.5 steps/s | 0.74 ms/step | ETA: 1067.7 min
Step 14050000/100000000 | t=1.41e-01 | T=7340.9 | 1342.9 steps/s | 0.74 ms/step | ETA: 1066.8 min
Step 14100000/100000000 | t=1.41e-01 | T=7340.9 | 1343.2 steps/s | 0.74 ms/step | ETA: 1065.8 min
Step 14150000/100000000 | t=1.41e-01 | T=7340.9 | 1343.8 steps/s | 0.74 ms/step | ETA: 1064.7 min
Step 14200000/100000000 | t=1.42e-01 | T=7340.9 | 1344.3 steps/s | 0.74 ms/step | ETA: 1063.8 min
Step 14250000/100000000 | t=1.42e-01 | T=7340.9 | 1344.6 steps/s | 0.74 ms/step | ETA: 1062.9 min
Step 14300000/100000000 | t=1.43e-01 | T=7340.9 | 1345.1 steps/s | 0.74 ms/step | ETA: 1061.9 min
Step 14350000/100000000 | t=1.43e-01 | T=7340.9 | 1345.5 steps/s | 0.74 ms/step | ETA: 1060.9 min
Step 14400000/100000000 | t=1.44e-01 | T=7340.9 | 1345.8 steps/s | 0.74 ms/step | ETA: 1060.1 min
Step 14450000/100000000 | t=1.44e-01 | T=7340.9 | 1346.3 steps/s | 0.74 ms/step | ETA: 1059.1 min
Step 14500000/100000000 | t=1.45e-01 | T=7340.9 | 1346.6 steps/s | 0.74 ms/step | ETA: 1058.2 min
Step 14550000/100000000 | t=1.45e-01 | T=7340.9 | 1347.1 steps/s | 0.74 ms/step | ETA: 1057.2 min
Step 14600000/100000000 | t=1.46e-01 | T=7340.9 | 1347.6 steps/s | 0.74 ms/step | ETA: 1056.2 min
Step 14650000/100000000 | t=1.46e-01 | T=7340.9 | 1348.2 steps/s | 0.74 ms/step | ETA: 1055.1 min
Step 14700000/100000000 | t=1.47e-01 | T=7340.9 | 1348.7 steps/s | 0.74 ms/step | ETA: 1054.1 min
Step 14750000/100000000 | t=1.47e-01 | T=7340.9 | 1349.2 steps/s | 0.74 ms/step | ETA: 1053.1 min
Step 14800000/100000000 | t=1.48e-01 | T=7340.9 | 1349.9 steps/s | 0.74 ms/step | ETA: 1052.0 min
Step 14850000/100000000 | t=1.48e-01 | T=7340.9 | 1350.3 steps/s | 0.74 ms/step | ETA: 1051.0 min
Step 14900000/100000000 | t=1.49e-01 | T=7340.9 | 1350.6 steps/s | 0.74 ms/step | ETA: 1050.1 min
Step 14950000/100000000 | t=1.49e-01 | T=7340.9 | 1350.9 steps/s | 0.74 ms/step | ETA: 1049.3 min
Step 15000000/100000000 | t=1.50e-01 | T=7340.9 | 1351.3 steps/s | 0.74 ms/step | ETA: 1048.4 min
Step 15050000/100000000 | t=1.50e-01 | T=7340.8 | 1351.7 steps/s | 0.74 ms/step | ETA: 1047.4 min
Step 15100000/100000000 | t=1.51e-01 | T=7340.8 | 1352.2 steps/s | 0.74 ms/step | ETA: 1046.5 min
Step 15150000/100000000 | t=1.51e-01 | T=7340.8 | 1352.4 steps/s | 0.74 ms/step | ETA: 1045.7 min
Step 15200000/100000000 | t=1.52e-01 | T=7340.8 | 1352.7 steps/s | 0.74 ms/step | ETA: 1044.8 min
Step 15250000/100000000 | t=1.52e-01 | T=7340.8 | 1353.2 steps/s | 0.74 ms/step | ETA: 1043.8 min
Step 15300000/100000000 | t=1.53e-01 | T=7340.8 | 1353.5 steps/s | 0.74 ms/step | ETA: 1043.0 min
Step 15350000/100000000 | t=1.53e-01 | T=7340.8 | 1353.8 steps/s | 0.74 ms/step | ETA: 1042.1 min
Step 15400000/100000000 | t=1.54e-01 | T=7340.8 | 1354.3 steps/s | 0.74 ms/step | ETA: 1041.2 min
Step 15450000/100000000 | t=1.54e-01 | T=7340.8 | 1354.7 steps/s | 0.74 ms/step | ETA: 1040.2 min
Step 15500000/100000000 | t=1.55e-01 | T=7340.8 | 1355.0 steps/s | 0.74 ms/step | ETA: 1039.3 min
Step 15550000/100000000 | t=1.55e-01 | T=7340.8 | 1355.4 steps/s | 0.74 ms/step | ETA: 1038.4 min
Step 15600000/100000000 | t=1.56e-01 | T=7340.8 | 1355.7 steps/s | 0.74 ms/step | ETA: 1037.6 min
Step 15650000/100000000 | t=1.57e-01 | T=7340.8 | 1356.0 steps/s | 0.74 ms/step | ETA: 1036.8 min
Step 15700000/100000000 | t=1.57e-01 | T=7340.8 | 1356.3 steps/s | 0.74 ms/step | ETA: 1035.9 min
Step 15750000/100000000 | t=1.58e-01 | T=7340.8 | 1356.6 steps/s | 0.74 ms/step | ETA: 1035.0 min
Step 15800000/100000000 | t=1.58e-01 | T=7340.8 | 1357.1 steps/s | 0.74 ms/step | ETA: 1034.1 min
Step 15850000/100000000 | t=1.59e-01 | T=7340.8 | 1357.5 steps/s | 0.74 ms/step | ETA: 1033.2 min
Step 15900000/100000000 | t=1.59e-01 | T=7340.8 | 1357.9 steps/s | 0.74 ms/step | ETA: 1032.2 min
Step 15950000/100000000 | t=1.60e-01 | T=7340.8 | 1358.4 steps/s | 0.74 ms/step | ETA: 1031.3 min
Step 16000000/100000000 | t=1.60e-01 | T=7340.8 | 1358.7 steps/s | 0.74 ms/step | ETA: 1030.4 min
Step 16050000/100000000 | t=1.61e-01 | T=7340.8 | 1359.0 steps/s | 0.74 ms/step | ETA: 1029.6 min
Step 16100000/100000000 | t=1.61e-01 | T=7340.8 | 1359.3 steps/s | 0.74 ms/step | ETA: 1028.7 min
Step 16150000/100000000 | t=1.62e-01 | T=7340.8 | 1359.8 steps/s | 0.74 ms/step | ETA: 1027.7 min
Step 16200000/100000000 | t=1.62e-01 | T=7340.8 | 1360.1 steps/s | 0.74 ms/step | ETA: 1026.9 min
Step 16250000/100000000 | t=1.63e-01 | T=7340.8 | 1360.5 steps/s | 0.74 ms/step | ETA: 1026.0 min
Step 16300000/100000000 | t=1.63e-01 | T=7340.8 | 1360.7 steps/s | 0.73 ms/step | ETA: 1025.2 min
Step 16350000/100000000 | t=1.64e-01 | T=7340.8 | 1361.1 steps/s | 0.73 ms/step | ETA: 1024.3 min
Step 16400000/100000000 | t=1.64e-01 | T=7340.8 | 1361.5 steps/s | 0.73 ms/step | ETA: 1023.3 min
Step 16450000/100000000 | t=1.65e-01 | T=7340.8 | 1361.8 steps/s | 0.73 ms/step | ETA: 1022.5 min
Step 16500000/100000000 | t=1.65e-01 | T=7340.8 | 1362.3 steps/s | 0.73 ms/step | ETA: 1021.6 min
Step 16550000/100000000 | t=1.66e-01 | T=7340.8 | 1362.7 steps/s | 0.73 ms/step | ETA: 1020.6 min
Step 16600000/100000000 | t=1.66e-01 | T=7340.8 | 1363.1 steps/s | 0.73 ms/step | ETA: 1019.8 min
Step 16650000/100000000 | t=1.67e-01 | T=7340.8 | 1363.4 steps/s | 0.73 ms/step | ETA: 1018.9 min
Step 16700000/100000000 | t=1.67e-01 | T=7340.8 | 1363.8 steps/s | 0.73 ms/step | ETA: 1018.0 min
Step 16750000/100000000 | t=1.68e-01 | T=7340.8 | 1364.1 steps/s | 0.73 ms/step | ETA: 1017.2 min
Step 16800000/100000000 | t=1.68e-01 | T=7340.8 | 1364.3 steps/s | 0.73 ms/step | ETA: 1016.4 min
Step 16850000/100000000 | t=1.69e-01 | T=7340.8 | 1364.4 steps/s | 0.73 ms/step | ETA: 1015.7 min
Step 16900000/100000000 | t=1.69e-01 | T=7340.8 | 1364.5 steps/s | 0.73 ms/step | ETA: 1015.0 min
Step 16950000/100000000 | t=1.70e-01 | T=7340.8 | 1364.6 steps/s | 0.73 ms/step | ETA: 1014.4 min
Step 17000000/100000000 | t=1.70e-01 | T=7340.8 | 1364.8 steps/s | 0.73 ms/step | ETA: 1013.6 min
Step 17050000/100000000 | t=1.71e-01 | T=7340.8 | 1365.0 steps/s | 0.73 ms/step | ETA: 1012.8 min
Step 17100000/100000000 | t=1.71e-01 | T=7340.8 | 1365.4 steps/s | 0.73 ms/step | ETA: 1011.9 min
Step 17150000/100000000 | t=1.72e-01 | T=7340.8 | 1365.8 steps/s | 0.73 ms/step | ETA: 1011.0 min
Step 17200000/100000000 | t=1.72e-01 | T=7340.8 | 1366.1 steps/s | 0.73 ms/step | ETA: 1010.2 min
Step 17250000/100000000 | t=1.72e-01 | T=7340.8 | 1366.4 steps/s | 0.73 ms/step | ETA: 1009.4 min
Step 17300000/100000000 | t=1.73e-01 | T=7340.8 | 1366.6 steps/s | 0.73 ms/step | ETA: 1008.6 min
Step 17350000/100000000 | t=1.73e-01 | T=7340.8 | 1366.8 steps/s | 0.73 ms/step | ETA: 1007.8 min
Step 17400000/100000000 | t=1.74e-01 | T=7340.8 | 1366.9 steps/s | 0.73 ms/step | ETA: 1007.1 min
Step 17450000/100000000 | t=1.75e-01 | T=7340.8 | 1367.1 steps/s | 0.73 ms/step | ETA: 1006.4 min
Step 17500000/100000000 | t=1.75e-01 | T=7340.8 | 1367.3 steps/s | 0.73 ms/step | ETA: 1005.7 min
Step 17550000/100000000 | t=1.76e-01 | T=7340.8 | 1367.2 steps/s | 0.73 ms/step | ETA: 1005.1 min
Step 17600000/100000000 | t=1.76e-01 | T=7340.8 | 1367.6 steps/s | 0.73 ms/step | ETA: 1004.2 min
Step 17650000/100000000 | t=1.77e-01 | T=7340.8 | 1367.9 steps/s | 0.73 ms/step | ETA: 1003.4 min
Step 17700000/100000000 | t=1.77e-01 | T=7340.8 | 1368.2 steps/s | 0.73 ms/step | ETA: 1002.6 min
Step 17750000/100000000 | t=1.78e-01 | T=7340.8 | 1368.5 steps/s | 0.73 ms/step | ETA: 1001.7 min
Step 17800000/100000000 | t=1.78e-01 | T=7340.8 | 1368.7 steps/s | 0.73 ms/step | ETA: 1001.0 min
Step 17850000/100000000 | t=1.79e-01 | T=7340.8 | 1368.9 steps/s | 0.73 ms/step | ETA: 1000.2 min
Step 17900000/100000000 | t=1.79e-01 | T=7340.8 | 1369.2 steps/s | 0.73 ms/step | ETA: 999.4 min
Step 17950000/100000000 | t=1.80e-01 | T=7340.8 | 1369.2 steps/s | 0.73 ms/step | ETA: 998.8 min
Step 18000000/100000000 | t=1.80e-01 | T=7340.8 | 1369.3 steps/s | 0.73 ms/step | ETA: 998.0 min
Step 18050000/100000000 | t=1.81e-01 | T=7340.8 | 1369.4 steps/s | 0.73 ms/step | ETA: 997.4 min
Step 18100000/100000000 | t=1.81e-01 | T=7340.8 | 1369.6 steps/s | 0.73 ms/step | ETA: 996.6 min
Step 18150000/100000000 | t=1.82e-01 | T=7340.8 | 1369.9 steps/s | 0.73 ms/step | ETA: 995.8 min
Step 18200000/100000000 | t=1.82e-01 | T=7340.8 | 1370.2 steps/s | 0.73 ms/step | ETA: 995.0 min
Step 18250000/100000000 | t=1.83e-01 | T=7340.8 | 1370.2 steps/s | 0.73 ms/step | ETA: 994.4 min
Step 18300000/100000000 | t=1.83e-01 | T=7340.8 | 1370.4 steps/s | 0.73 ms/step | ETA: 993.6 min
Step 18350000/100000000 | t=1.84e-01 | T=7340.8 | 1370.7 steps/s | 0.73 ms/step | ETA: 992.8 min
Step 18400000/100000000 | t=1.84e-01 | T=7340.8 | 1370.9 steps/s | 0.73 ms/step | ETA: 992.1 min
Step 18450000/100000000 | t=1.85e-01 | T=7340.8 | 1371.0 steps/s | 0.73 ms/step | ETA: 991.4 min
Step 18500000/100000000 | t=1.85e-01 | T=7340.8 | 1371.3 steps/s | 0.73 ms/step | ETA: 990.6 min
Step 18550000/100000000 | t=1.86e-01 | T=7340.8 | 1371.5 steps/s | 0.73 ms/step | ETA: 989.8 min
Step 18600000/100000000 | t=1.86e-01 | T=7340.8 | 1371.7 steps/s | 0.73 ms/step | ETA: 989.0 min
Step 18650000/100000000 | t=1.87e-01 | T=7340.8 | 1371.9 steps/s | 0.73 ms/step | ETA: 988.3 min
Step 18700000/100000000 | t=1.87e-01 | T=7340.8 | 1372.2 steps/s | 0.73 ms/step | ETA: 987.5 min
Step 18750000/100000000 | t=1.88e-01 | T=7340.8 | 1372.5 steps/s | 0.73 ms/step | ETA: 986.7 min
Step 18800000/100000000 | t=1.88e-01 | T=7340.8 | 1372.7 steps/s | 0.73 ms/step | ETA: 985.9 min
Step 18850000/100000000 | t=1.89e-01 | T=7340.8 | 1373.0 steps/s | 0.73 ms/step | ETA: 985.1 min
Step 18900000/100000000 | t=1.89e-01 | T=7340.8 | 1373.3 steps/s | 0.73 ms/step | ETA: 984.3 min
Step 18950000/100000000 | t=1.90e-01 | T=7340.8 | 1373.5 steps/s | 0.73 ms/step | ETA: 983.5 min
Step 19000000/100000000 | t=1.90e-01 | T=7340.8 | 1373.7 steps/s | 0.73 ms/step | ETA: 982.8 min
Step 19050000/100000000 | t=1.91e-01 | T=7340.8 | 1373.8 steps/s | 0.73 ms/step | ETA: 982.1 min
Step 19100000/100000000 | t=1.91e-01 | T=7340.8 | 1373.9 steps/s | 0.73 ms/step | ETA: 981.4 min
Step 19150000/100000000 | t=1.92e-01 | T=7340.8 | 1374.0 steps/s | 0.73 ms/step | ETA: 980.7 min
Step 19200000/100000000 | t=1.92e-01 | T=7340.8 | 1374.3 steps/s | 0.73 ms/step | ETA: 979.9 min
Step 19250000/100000000 | t=1.93e-01 | T=7340.8 | 1374.6 steps/s | 0.73 ms/step | ETA: 979.1 min
Step 19300000/100000000 | t=1.93e-01 | T=7340.8 | 1374.9 steps/s | 0.73 ms/step | ETA: 978.3 min
Step 19350000/100000000 | t=1.94e-01 | T=7340.8 | 1375.1 steps/s | 0.73 ms/step | ETA: 977.5 min
Step 19400000/100000000 | t=1.94e-01 | T=7340.8 | 1375.2 steps/s | 0.73 ms/step | ETA: 976.8 min
Step 19450000/100000000 | t=1.95e-01 | T=7340.8 | 1375.4 steps/s | 0.73 ms/step | ETA: 976.1 min
Step 19500000/100000000 | t=1.95e-01 | T=7340.8 | 1375.6 steps/s | 0.73 ms/step | ETA: 975.4 min
Step 19550000/100000000 | t=1.96e-01 | T=7340.8 | 1375.8 steps/s | 0.73 ms/step | ETA: 974.6 min
Step 19600000/100000000 | t=1.96e-01 | T=7340.8 | 1375.9 steps/s | 0.73 ms/step | ETA: 973.9 min
Step 19650000/100000000 | t=1.97e-01 | T=7340.8 | 1376.1 steps/s | 0.73 ms/step | ETA: 973.1 min
Step 19700000/100000000 | t=1.97e-01 | T=7340.8 | 1376.4 steps/s | 0.73 ms/step | ETA: 972.4 min
Step 19750000/100000000 | t=1.98e-01 | T=7340.8 | 1376.5 steps/s | 0.73 ms/step | ETA: 971.7 min
Step 19800000/100000000 | t=1.98e-01 | T=7340.8 | 1376.8 steps/s | 0.73 ms/step | ETA: 970.9 min
Step 19850000/100000000 | t=1.99e-01 | T=7340.8 | 1377.0 steps/s | 0.73 ms/step | ETA: 970.1 min
Step 19900000/100000000 | t=1.99e-01 | T=7340.8 | 1377.4 steps/s | 0.73 ms/step | ETA: 969.2 min
Step 19950000/100000000 | t=2.00e-01 | T=7340.8 | 1377.7 steps/s | 0.73 ms/step | ETA: 968.4 min
Step 20000000/100000000 | t=2.00e-01 | T=7340.8 | 1378.0 steps/s | 0.73 ms/step | ETA: 967.6 min
Step 20050000/100000000 | t=2.01e-01 | T=7340.8 | 1378.1 steps/s | 0.73 ms/step | ETA: 966.9 min
Step 20100000/100000000 | t=2.01e-01 | T=7340.8 | 1378.2 steps/s | 0.73 ms/step | ETA: 966.2 min
Step 20150000/100000000 | t=2.02e-01 | T=7340.8 | 1378.4 steps/s | 0.73 ms/step | ETA: 965.5 min
Step 20200000/100000000 | t=2.02e-01 | T=7340.8 | 1378.6 steps/s | 0.73 ms/step | ETA: 964.8 min
Step 20250000/100000000 | t=2.03e-01 | T=7340.8 | 1378.6 steps/s | 0.73 ms/step | ETA: 964.1 min
Step 20300000/100000000 | t=2.03e-01 | T=7340.8 | 1378.6 steps/s | 0.73 ms/step | ETA: 963.5 min
Step 20350000/100000000 | t=2.04e-01 | T=7340.8 | 1378.8 steps/s | 0.73 ms/step | ETA: 962.8 min
Step 20400000/100000000 | t=2.04e-01 | T=7340.8 | 1378.9 steps/s | 0.73 ms/step | ETA: 962.1 min
Step 20450000/100000000 | t=2.05e-01 | T=7340.8 | 1379.1 steps/s | 0.73 ms/step | ETA: 961.4 min
Step 20500000/100000000 | t=2.05e-01 | T=7340.8 | 1379.3 steps/s | 0.73 ms/step | ETA: 960.6 min
Step 20550000/100000000 | t=2.06e-01 | T=7340.8 | 1379.3 steps/s | 0.73 ms/step | ETA: 960.0 min
Step 20600000/100000000 | t=2.06e-01 | T=7340.8 | 1379.5 steps/s | 0.72 ms/step | ETA: 959.3 min
Step 20650000/100000000 | t=2.07e-01 | T=7340.8 | 1379.5 steps/s | 0.72 ms/step | ETA: 958.7 min
Step 20700000/100000000 | t=2.07e-01 | T=7340.8 | 1379.7 steps/s | 0.72 ms/step | ETA: 957.9 min
Step 20750000/100000000 | t=2.08e-01 | T=7340.8 | 1379.8 steps/s | 0.72 ms/step | ETA: 957.2 min
Step 20800000/100000000 | t=2.08e-01 | T=7340.8 | 1379.9 steps/s | 0.72 ms/step | ETA: 956.6 min
Step 20850000/100000000 | t=2.09e-01 | T=7340.8 | 1379.9 steps/s | 0.72 ms/step | ETA: 956.0 min
Step 20900000/100000000 | t=2.09e-01 | T=7340.8 | 1380.2 steps/s | 0.72 ms/step | ETA: 955.2 min
Step 20950000/100000000 | t=2.10e-01 | T=7340.8 | 1380.6 steps/s | 0.72 ms/step | ETA: 954.3 min
Step 21000000/100000000 | t=2.10e-01 | T=7340.8 | 1381.0 steps/s | 0.72 ms/step | ETA: 953.4 min
Step 21050000/100000000 | t=2.11e-01 | T=7340.8 | 1381.4 steps/s | 0.72 ms/step | ETA: 952.5 min
Step 21100000/100000000 | t=2.11e-01 | T=7340.8 | 1381.9 steps/s | 0.72 ms/step | ETA: 951.6 min
Step 21150000/100000000 | t=2.12e-01 | T=7340.8 | 1382.3 steps/s | 0.72 ms/step | ETA: 950.7 min
Step 21200000/100000000 | t=2.12e-01 | T=7340.8 | 1382.7 steps/s | 0.72 ms/step | ETA: 949.9 min
Step 21250000/100000000 | t=2.13e-01 | T=7340.8 | 1383.0 steps/s | 0.72 ms/step | ETA: 949.0 min
Step 21300000/100000000 | t=2.13e-01 | T=7340.8 | 1383.4 steps/s | 0.72 ms/step | ETA: 948.1 min
Step 21350000/100000000 | t=2.14e-01 | T=7340.8 | 1383.8 steps/s | 0.72 ms/step | ETA: 947.3 min
Step 21400000/100000000 | t=2.14e-01 | T=7340.8 | 1384.0 steps/s | 0.72 ms/step | ETA: 946.5 min
Step 21450000/100000000 | t=2.15e-01 | T=7340.8 | 1384.4 steps/s | 0.72 ms/step | ETA: 945.7 min
Step 21500000/100000000 | t=2.15e-01 | T=7340.8 | 1384.7 steps/s | 0.72 ms/step | ETA: 944.8 min
Step 21550000/100000000 | t=2.16e-01 | T=7340.8 | 1385.1 steps/s | 0.72 ms/step | ETA: 944.0 min
Step 21600000/100000000 | t=2.16e-01 | T=7340.8 | 1385.5 steps/s | 0.72 ms/step | ETA: 943.1 min
Step 21650000/100000000 | t=2.17e-01 | T=7340.8 | 1385.8 steps/s | 0.72 ms/step | ETA: 942.3 min
Step 21700000/100000000 | t=2.17e-01 | T=7340.8 | 1386.0 steps/s | 0.72 ms/step | ETA: 941.5 min
Step 21750000/100000000 | t=2.18e-01 | T=7340.8 | 1386.3 steps/s | 0.72 ms/step | ETA: 940.8 min
Step 21800000/100000000 | t=2.18e-01 | T=7340.8 | 1386.5 steps/s | 0.72 ms/step | ETA: 940.0 min
Step 21850000/100000000 | t=2.19e-01 | T=7340.8 | 1386.7 steps/s | 0.72 ms/step | ETA: 939.3 min
Step 21900000/100000000 | t=2.19e-01 | T=7340.8 | 1386.9 steps/s | 0.72 ms/step | ETA: 938.6 min
Step 21950000/100000000 | t=2.20e-01 | T=7340.8 | 1387.1 steps/s | 0.72 ms/step | ETA: 937.8 min
Step 22000000/100000000 | t=2.20e-01 | T=7340.8 | 1387.2 steps/s | 0.72 ms/step | ETA: 937.1 min
Step 22050000/100000000 | t=2.21e-01 | T=7340.8 | 1387.6 steps/s | 0.72 ms/step | ETA: 936.3 min
Step 22100000/100000000 | t=2.21e-01 | T=7340.8 | 1387.8 steps/s | 0.72 ms/step | ETA: 935.5 min
Step 22150000/100000000 | t=2.22e-01 | T=7340.8 | 1388.1 steps/s | 0.72 ms/step | ETA: 934.7 min
Step 22200000/100000000 | t=2.22e-01 | T=7340.8 | 1388.3 steps/s | 0.72 ms/step | ETA: 934.0 min
Step 22250000/100000000 | t=2.23e-01 | T=7340.8 | 1388.5 steps/s | 0.72 ms/step | ETA: 933.2 min
Step 22300000/100000000 | t=2.23e-01 | T=7340.8 | 1388.8 steps/s | 0.72 ms/step | ETA: 932.5 min
Step 22350000/100000000 | t=2.24e-01 | T=7340.8 | 1388.9 steps/s | 0.72 ms/step | ETA: 931.8 min
Step 22400000/100000000 | t=2.24e-01 | T=7340.8 | 1389.1 steps/s | 0.72 ms/step | ETA: 931.1 min
Step 22450000/100000000 | t=2.25e-01 | T=7340.8 | 1389.2 steps/s | 0.72 ms/step | ETA: 930.4 min
Step 22500000/100000000 | t=2.25e-01 | T=7340.8 | 1389.3 steps/s | 0.72 ms/step | ETA: 929.7 min
Step 22550000/100000000 | t=2.26e-01 | T=7340.8 | 1389.6 steps/s | 0.72 ms/step | ETA: 929.0 min
Step 22600000/100000000 | t=2.26e-01 | T=7340.8 | 1389.8 steps/s | 0.72 ms/step | ETA: 928.2 min
Step 22650000/100000000 | t=2.27e-01 | T=7340.8 | 1390.1 steps/s | 0.72 ms/step | ETA: 927.4 min
Step 22700000/100000000 | t=2.27e-01 | T=7340.8 | 1390.2 steps/s | 0.72 ms/step | ETA: 926.7 min
Step 22750000/100000000 | t=2.28e-01 | T=7340.8 | 1390.3 steps/s | 0.72 ms/step | ETA: 926.1 min
Step 22800000/100000000 | t=2.28e-01 | T=7340.8 | 1390.4 steps/s | 0.72 ms/step | ETA: 925.4 min
Step 22850000/100000000 | t=2.29e-01 | T=7340.8 | 1390.4 steps/s | 0.72 ms/step | ETA: 924.8 min
Step 22900000/100000000 | t=2.29e-01 | T=7340.8 | 1390.5 steps/s | 0.72 ms/step | ETA: 924.1 min
Step 22950000/100000000 | t=2.30e-01 | T=7340.8 | 1390.5 steps/s | 0.72 ms/step | ETA: 923.5 min
Step 23000000/100000000 | t=2.30e-01 | T=7340.8 | 1390.5 steps/s | 0.72 ms/step | ETA: 922.9 min
Step 23050000/100000000 | t=2.31e-01 | T=7340.8 | 1390.6 steps/s | 0.72 ms/step | ETA: 922.3 min
Step 23100000/100000000 | t=2.31e-01 | T=7340.8 | 1390.7 steps/s | 0.72 ms/step | ETA: 921.6 min
Step 23150000/100000000 | t=2.32e-01 | T=7340.8 | 1390.8 steps/s | 0.72 ms/step | ETA: 920.9 min
Step 23200000/100000000 | t=2.32e-01 | T=7340.8 | 1390.9 steps/s | 0.72 ms/step | ETA: 920.2 min
Step 23250000/100000000 | t=2.33e-01 | T=7340.8 | 1391.0 steps/s | 0.72 ms/step | ETA: 919.6 min
Step 23300000/100000000 | t=2.33e-01 | T=7340.8 | 1391.2 steps/s | 0.72 ms/step | ETA: 918.9 min
Step 23350000/100000000 | t=2.34e-01 | T=7340.8 | 1391.3 steps/s | 0.72 ms/step | ETA: 918.2 min
Step 23400000/100000000 | t=2.34e-01 | T=7340.8 | 1391.3 steps/s | 0.72 ms/step | ETA: 917.6 min
Step 23450000/100000000 | t=2.35e-01 | T=7340.8 | 1391.3 steps/s | 0.72 ms/step | ETA: 917.0 min
Step 23500000/100000000 | t=2.35e-01 | T=7340.8 | 1391.3 steps/s | 0.72 ms/step | ETA: 916.4 min
Step 23550000/100000000 | t=2.36e-01 | T=7340.8 | 1391.3 steps/s | 0.72 ms/step | ETA: 915.8 min
Step 23600000/100000000 | t=2.36e-01 | T=7340.8 | 1391.4 steps/s | 0.72 ms/step | ETA: 915.2 min
Step 23650000/100000000 | t=2.37e-01 | T=7340.8 | 1391.5 steps/s | 0.72 ms/step | ETA: 914.5 min
Step 23700000/100000000 | t=2.37e-01 | T=7340.8 | 1391.5 steps/s | 0.72 ms/step | ETA: 913.9 min
Step 23750000/100000000 | t=2.38e-01 | T=7340.8 | 1391.6 steps/s | 0.72 ms/step | ETA: 913.2 min
Step 23800000/100000000 | t=2.38e-01 | T=7340.8 | 1391.7 steps/s | 0.72 ms/step | ETA: 912.6 min
Step 23850000/100000000 | t=2.39e-01 | T=7340.8 | 1391.7 steps/s | 0.72 ms/step | ETA: 911.9 min
Step 23900000/100000000 | t=2.39e-01 | T=7340.8 | 1391.7 steps/s | 0.72 ms/step | ETA: 911.3 min
Step 23950000/100000000 | t=2.40e-01 | T=7340.8 | 1391.8 steps/s | 0.72 ms/step | ETA: 910.7 min
Step 24000000/100000000 | t=2.40e-01 | T=7340.8 | 1391.8 steps/s | 0.72 ms/step | ETA: 910.1 min
Step 24050000/100000000 | t=2.41e-01 | T=7340.8 | 1391.8 steps/s | 0.72 ms/step | ETA: 909.5 min
Step 24100000/100000000 | t=2.41e-01 | T=7340.8 | 1391.7 steps/s | 0.72 ms/step | ETA: 909.0 min
Step 24150000/100000000 | t=2.42e-01 | T=7340.8 | 1391.9 steps/s | 0.72 ms/step | ETA: 908.3 min
Step 24200000/100000000 | t=2.42e-01 | T=7340.8 | 1392.1 steps/s | 0.72 ms/step | ETA: 907.5 min
Step 24250000/100000000 | t=2.43e-01 | T=7340.8 | 1392.3 steps/s | 0.72 ms/step | ETA: 906.8 min
Step 24300000/100000000 | t=2.43e-01 | T=7340.8 | 1392.5 steps/s | 0.72 ms/step | ETA: 906.1 min
Step 24350000/100000000 | t=2.44e-01 | T=7340.8 | 1392.6 steps/s | 0.72 ms/step | ETA: 905.4 min
Step 24400000/100000000 | t=2.44e-01 | T=7340.8 | 1392.8 steps/s | 0.72 ms/step | ETA: 904.7 min
Step 24450000/100000000 | t=2.45e-01 | T=7340.8 | 1392.9 steps/s | 0.72 ms/step | ETA: 904.0 min
Step 24500000/100000000 | t=2.45e-01 | T=7340.8 | 1393.1 steps/s | 0.72 ms/step | ETA: 903.3 min
Step 24550000/100000000 | t=2.46e-01 | T=7340.8 | 1393.2 steps/s | 0.72 ms/step | ETA: 902.6 min
Step 24600000/100000000 | t=2.46e-01 | T=7340.8 | 1393.4 steps/s | 0.72 ms/step | ETA: 901.8 min
Step 24650000/100000000 | t=2.47e-01 | T=7340.8 | 1393.7 steps/s | 0.72 ms/step | ETA: 901.1 min
Step 24700000/100000000 | t=2.47e-01 | T=7340.8 | 1393.9 steps/s | 0.72 ms/step | ETA: 900.4 min
Step 24750000/100000000 | t=2.48e-01 | T=7340.8 | 1394.1 steps/s | 0.72 ms/step | ETA: 899.6 min
Step 24800000/100000000 | t=2.48e-01 | T=7340.8 | 1394.3 steps/s | 0.72 ms/step | ETA: 898.9 min
Step 24850000/100000000 | t=2.49e-01 | T=7340.8 | 1394.6 steps/s | 0.72 ms/step | ETA: 898.1 min
Step 24900000/100000000 | t=2.49e-01 | T=7340.8 | 1394.7 steps/s | 0.72 ms/step | ETA: 897.4 min
Step 24950000/100000000 | t=2.50e-01 | T=7340.8 | 1394.9 steps/s | 0.72 ms/step | ETA: 896.7 min
Step 25000000/100000000 | t=2.50e-01 | T=7340.8 | 1395.1 steps/s | 0.72 ms/step | ETA: 896.0 min
Step 25050000/100000000 | t=2.51e-01 | T=7340.7 | 1395.2 steps/s | 0.72 ms/step | ETA: 895.3 min
Step 25100000/100000000 | t=2.51e-01 | T=7340.7 | 1395.5 steps/s | 0.72 ms/step | ETA: 894.6 min
Step 25150000/100000000 | t=2.52e-01 | T=7340.7 | 1395.7 steps/s | 0.72 ms/step | ETA: 893.8 min
Step 25200000/100000000 | t=2.52e-01 | T=7340.7 | 1396.0 steps/s | 0.72 ms/step | ETA: 893.0 min
Step 25250000/100000000 | t=2.53e-01 | T=7340.7 | 1396.1 steps/s | 0.72 ms/step | ETA: 892.4 min
Step 25300000/100000000 | t=2.53e-01 | T=7340.7 | 1396.3 steps/s | 0.72 ms/step | ETA: 891.6 min
Step 25350000/100000000 | t=2.54e-01 | T=7340.7 | 1396.5 steps/s | 0.72 ms/step | ETA: 890.9 min
Step 25400000/100000000 | t=2.54e-01 | T=7340.7 | 1396.6 steps/s | 0.72 ms/step | ETA: 890.3 min
Step 25450000/100000000 | t=2.55e-01 | T=7340.7 | 1396.8 steps/s | 0.72 ms/step | ETA: 889.5 min
Step 25500000/100000000 | t=2.55e-01 | T=7340.7 | 1397.0 steps/s | 0.72 ms/step | ETA: 888.8 min
Step 25550000/100000000 | t=2.56e-01 | T=7340.7 | 1397.3 steps/s | 0.72 ms/step | ETA: 888.0 min
Step 25600000/100000000 | t=2.56e-01 | T=7340.7 | 1397.5 steps/s | 0.72 ms/step | ETA: 887.3 min
Step 25650000/100000000 | t=2.57e-01 | T=7340.7 | 1397.6 steps/s | 0.72 ms/step | ETA: 886.6 min
Step 25700000/100000000 | t=2.57e-01 | T=7340.7 | 1397.7 steps/s | 0.72 ms/step | ETA: 886.0 min
Step 25750000/100000000 | t=2.58e-01 | T=7340.7 | 1397.8 steps/s | 0.72 ms/step | ETA: 885.3 min
Step 25800000/100000000 | t=2.58e-01 | T=7340.7 | 1398.0 steps/s | 0.72 ms/step | ETA: 884.6 min
Step 25850000/100000000 | t=2.59e-01 | T=7340.7 | 1398.2 steps/s | 0.72 ms/step | ETA: 883.9 min
Step 25900000/100000000 | t=2.59e-01 | T=7340.7 | 1398.4 steps/s | 0.72 ms/step | ETA: 883.2 min
Step 25950000/100000000 | t=2.60e-01 | T=7340.7 | 1398.6 steps/s | 0.71 ms/step | ETA: 882.4 min
Step 26000000/100000000 | t=2.60e-01 | T=7340.7 | 1398.9 steps/s | 0.71 ms/step | ETA: 881.7 min
Step 26050000/100000000 | t=2.61e-01 | T=7340.7 | 1399.1 steps/s | 0.71 ms/step | ETA: 880.9 min
Step 26100000/100000000 | t=2.61e-01 | T=7340.7 | 1399.3 steps/s | 0.71 ms/step | ETA: 880.2 min
Step 26150000/100000000 | t=2.62e-01 | T=7340.7 | 1399.4 steps/s | 0.71 ms/step | ETA: 879.5 min
Step 26200000/100000000 | t=2.62e-01 | T=7340.7 | 1399.5 steps/s | 0.71 ms/step | ETA: 878.9 min
Step 26250000/100000000 | t=2.63e-01 | T=7340.7 | 1399.8 steps/s | 0.71 ms/step | ETA: 878.1 min
Step 26300000/100000000 | t=2.63e-01 | T=7340.7 | 1400.1 steps/s | 0.71 ms/step | ETA: 877.3 min
Step 26350000/100000000 | t=2.64e-01 | T=7340.7 | 1400.5 steps/s | 0.71 ms/step | ETA: 876.5 min
Step 26400000/100000000 | t=2.64e-01 | T=7340.7 | 1400.8 steps/s | 0.71 ms/step | ETA: 875.7 min
Step 26450000/100000000 | t=2.65e-01 | T=7340.7 | 1401.1 steps/s | 0.71 ms/step | ETA: 874.9 min
Step 26500000/100000000 | t=2.65e-01 | T=7340.7 | 1401.5 steps/s | 0.71 ms/step | ETA: 874.1 min
Step 26550000/100000000 | t=2.66e-01 | T=7340.7 | 1401.7 steps/s | 0.71 ms/step | ETA: 873.3 min
Step 26600000/100000000 | t=2.66e-01 | T=7340.7 | 1402.0 steps/s | 0.71 ms/step | ETA: 872.6 min
Step 26650000/100000000 | t=2.67e-01 | T=7340.7 | 1402.2 steps/s | 0.71 ms/step | ETA: 871.9 min
Step 26700000/100000000 | t=2.67e-01 | T=7340.7 | 1402.4 steps/s | 0.71 ms/step | ETA: 871.1 min
Step 26750000/100000000 | t=2.68e-01 | T=7340.7 | 1402.6 steps/s | 0.71 ms/step | ETA: 870.4 min
Step 26800000/100000000 | t=2.68e-01 | T=7340.7 | 1402.7 steps/s | 0.71 ms/step | ETA: 869.7 min
Step 26850000/100000000 | t=2.69e-01 | T=7340.7 | 1402.9 steps/s | 0.71 ms/step | ETA: 869.0 min
Step 26900000/100000000 | t=2.69e-01 | T=7340.7 | 1403.2 steps/s | 0.71 ms/step | ETA: 868.2 min
Step 26950000/100000000 | t=2.70e-01 | T=7340.7 | 1403.5 steps/s | 0.71 ms/step | ETA: 867.5 min
Step 27000000/100000000 | t=2.70e-01 | T=7340.7 | 1403.7 steps/s | 0.71 ms/step | ETA: 866.8 min
Step 27050000/100000000 | t=2.71e-01 | T=7340.7 | 1404.0 steps/s | 0.71 ms/step | ETA: 866.0 min
Step 27100000/100000000 | t=2.71e-01 | T=7340.7 | 1404.2 steps/s | 0.71 ms/step | ETA: 865.3 min
Step 27150000/100000000 | t=2.72e-01 | T=7340.7 | 1404.5 steps/s | 0.71 ms/step | ETA: 864.5 min
Step 27200000/100000000 | t=2.72e-01 | T=7340.7 | 1404.8 steps/s | 0.71 ms/step | ETA: 863.7 min
Step 27250000/100000000 | t=2.73e-01 | T=7340.7 | 1405.0 steps/s | 0.71 ms/step | ETA: 863.0 min
Step 27300000/100000000 | t=2.73e-01 | T=7340.7 | 1405.2 steps/s | 0.71 ms/step | ETA: 862.2 min
Step 27350000/100000000 | t=2.74e-01 | T=7340.7 | 1405.5 steps/s | 0.71 ms/step | ETA: 861.5 min
Step 27400000/100000000 | t=2.74e-01 | T=7340.7 | 1405.7 steps/s | 0.71 ms/step | ETA: 860.8 min
Step 27450000/100000000 | t=2.75e-01 | T=7340.7 | 1406.0 steps/s | 0.71 ms/step | ETA: 860.0 min
Step 27500000/100000000 | t=2.75e-01 | T=7340.7 | 1406.2 steps/s | 0.71 ms/step | ETA: 859.3 min
Step 27550000/100000000 | t=2.76e-01 | T=7340.7 | 1406.4 steps/s | 0.71 ms/step | ETA: 858.6 min
Step 27600000/100000000 | t=2.76e-01 | T=7340.7 | 1406.7 steps/s | 0.71 ms/step | ETA: 857.8 min
Step 27650000/100000000 | t=2.77e-01 | T=7340.7 | 1407.1 steps/s | 0.71 ms/step | ETA: 857.0 min
Step 27700000/100000000 | t=2.77e-01 | T=7340.7 | 1407.4 steps/s | 0.71 ms/step | ETA: 856.2 min
Step 27750000/100000000 | t=2.78e-01 | T=7340.7 | 1407.5 steps/s | 0.71 ms/step | ETA: 855.5 min
Step 27800000/100000000 | t=2.78e-01 | T=7340.7 | 1407.8 steps/s | 0.71 ms/step | ETA: 854.8 min
Step 27850000/100000000 | t=2.79e-01 | T=7340.7 | 1408.0 steps/s | 0.71 ms/step | ETA: 854.1 min
Step 27900000/100000000 | t=2.79e-01 | T=7340.7 | 1408.2 steps/s | 0.71 ms/step | ETA: 853.3 min
Step 27950000/100000000 | t=2.80e-01 | T=7340.7 | 1408.5 steps/s | 0.71 ms/step | ETA: 852.6 min
Step 28000000/100000000 | t=2.80e-01 | T=7340.7 | 1408.7 steps/s | 0.71 ms/step | ETA: 851.8 min
Step 28050000/100000000 | t=2.81e-01 | T=7340.7 | 1409.0 steps/s | 0.71 ms/step | ETA: 851.1 min
Step 28100000/100000000 | t=2.81e-01 | T=7340.7 | 1409.1 steps/s | 0.71 ms/step | ETA: 850.4 min
Step 28150000/100000000 | t=2.81e-01 | T=7340.7 | 1409.4 steps/s | 0.71 ms/step | ETA: 849.7 min
Step 28200000/100000000 | t=2.82e-01 | T=7340.7 | 1409.6 steps/s | 0.71 ms/step | ETA: 848.9 min
Step 28250000/100000000 | t=2.82e-01 | T=7340.7 | 1409.8 steps/s | 0.71 ms/step | ETA: 848.2 min
Step 28300000/100000000 | t=2.83e-01 | T=7340.7 | 1410.0 steps/s | 0.71 ms/step | ETA: 847.5 min
Step 28350000/100000000 | t=2.83e-01 | T=7340.7 | 1410.3 steps/s | 0.71 ms/step | ETA: 846.7 min
Step 28400000/100000000 | t=2.84e-01 | T=7340.7 | 1410.6 steps/s | 0.71 ms/step | ETA: 846.0 min
Step 28450000/100000000 | t=2.84e-01 | T=7340.7 | 1411.0 steps/s | 0.71 ms/step | ETA: 845.2 min
Step 28500000/100000000 | t=2.85e-01 | T=7340.7 | 1411.3 steps/s | 0.71 ms/step | ETA: 844.4 min
Step 28550000/100000000 | t=2.85e-01 | T=7340.7 | 1411.5 steps/s | 0.71 ms/step | ETA: 843.7 min
Step 28600000/100000000 | t=2.86e-01 | T=7340.7 | 1411.7 steps/s | 0.71 ms/step | ETA: 843.0 min
Step 28650000/100000000 | t=2.86e-01 | T=7340.7 | 1411.9 steps/s | 0.71 ms/step | ETA: 842.3 min
Step 28700000/100000000 | t=2.87e-01 | T=7340.7 | 1412.0 steps/s | 0.71 ms/step | ETA: 841.6 min
Step 28750000/100000000 | t=2.87e-01 | T=7340.7 | 1412.1 steps/s | 0.71 ms/step | ETA: 840.9 min
Step 28800000/100000000 | t=2.88e-01 | T=7340.7 | 1412.4 steps/s | 0.71 ms/step | ETA: 840.1 min
Step 28850000/100000000 | t=2.88e-01 | T=7340.7 | 1412.4 steps/s | 0.71 ms/step | ETA: 839.6 min
Step 28900000/100000000 | t=2.89e-01 | T=7340.7 | 1412.4 steps/s | 0.71 ms/step | ETA: 839.0 min
Step 28950000/100000000 | t=2.89e-01 | T=7340.7 | 1412.5 steps/s | 0.71 ms/step | ETA: 838.3 min
Step 29000000/100000000 | t=2.90e-01 | T=7340.7 | 1412.7 steps/s | 0.71 ms/step | ETA: 837.6 min
Step 29050000/100000000 | t=2.90e-01 | T=7340.7 | 1413.0 steps/s | 0.71 ms/step | ETA: 836.9 min
Step 29100000/100000000 | t=2.91e-01 | T=7340.7 | 1413.3 steps/s | 0.71 ms/step | ETA: 836.1 min
Step 29150000/100000000 | t=2.91e-01 | T=7340.7 | 1413.5 steps/s | 0.71 ms/step | ETA: 835.4 min
Step 29200000/100000000 | t=2.92e-01 | T=7340.7 | 1413.7 steps/s | 0.71 ms/step | ETA: 834.7 min
Step 29250000/100000000 | t=2.92e-01 | T=7340.7 | 1413.9 steps/s | 0.71 ms/step | ETA: 834.0 min
Step 29300000/100000000 | t=2.93e-01 | T=7340.7 | 1414.2 steps/s | 0.71 ms/step | ETA: 833.2 min
Step 29350000/100000000 | t=2.93e-01 | T=7340.7 | 1414.5 steps/s | 0.71 ms/step | ETA: 832.5 min
Step 29400000/100000000 | t=2.94e-01 | T=7340.7 | 1414.6 steps/s | 0.71 ms/step | ETA: 831.8 min
Step 29450000/100000000 | t=2.94e-01 | T=7340.7 | 1414.8 steps/s | 0.71 ms/step | ETA: 831.1 min
Step 29500000/100000000 | t=2.95e-01 | T=7340.7 | 1415.0 steps/s | 0.71 ms/step | ETA: 830.4 min
Step 29550000/100000000 | t=2.95e-01 | T=7340.7 | 1415.1 steps/s | 0.71 ms/step | ETA: 829.7 min
Step 29600000/100000000 | t=2.96e-01 | T=7340.7 | 1415.2 steps/s | 0.71 ms/step | ETA: 829.1 min
Step 29650000/100000000 | t=2.96e-01 | T=7340.7 | 1415.3 steps/s | 0.71 ms/step | ETA: 828.4 min
Step 29700000/100000000 | t=2.97e-01 | T=7340.7 | 1415.6 steps/s | 0.71 ms/step | ETA: 827.7 min
Step 29750000/100000000 | t=2.97e-01 | T=7340.7 | 1415.7 steps/s | 0.71 ms/step | ETA: 827.0 min
Step 29800000/100000000 | t=2.98e-01 | T=7340.7 | 1416.0 steps/s | 0.71 ms/step | ETA: 826.3 min
Step 29850000/100000000 | t=2.98e-01 | T=7340.7 | 1416.1 steps/s | 0.71 ms/step | ETA: 825.6 min
Step 29900000/100000000 | t=2.99e-01 | T=7340.7 | 1416.3 steps/s | 0.71 ms/step | ETA: 824.9 min
Step 29950000/100000000 | t=2.99e-01 | T=7340.7 | 1416.5 steps/s | 0.71 ms/step | ETA: 824.2 min
Step 30000000/100000000 | t=3.00e-01 | T=7340.7 | 1416.6 steps/s | 0.71 ms/step | ETA: 823.6 min
Step 30050000/100000000 | t=3.00e-01 | T=7340.7 | 1416.8 steps/s | 0.71 ms/step | ETA: 822.9 min
Step 30100000/100000000 | t=3.01e-01 | T=7340.7 | 1417.1 steps/s | 0.71 ms/step | ETA: 822.1 min
Step 30150000/100000000 | t=3.01e-01 | T=7340.7 | 1417.3 steps/s | 0.71 ms/step | ETA: 821.4 min
Step 30200000/100000000 | t=3.02e-01 | T=7340.7 | 1417.6 steps/s | 0.71 ms/step | ETA: 820.6 min
Step 30250000/100000000 | t=3.02e-01 | T=7340.7 | 1417.7 steps/s | 0.71 ms/step | ETA: 820.0 min
Step 30300000/100000000 | t=3.03e-01 | T=7340.7 | 1417.9 steps/s | 0.71 ms/step | ETA: 819.3 min
Step 30350000/100000000 | t=3.03e-01 | T=7340.7 | 1418.1 steps/s | 0.71 ms/step | ETA: 818.6 min
Step 30400000/100000000 | t=3.04e-01 | T=7340.7 | 1418.2 steps/s | 0.71 ms/step | ETA: 817.9 min
Step 30450000/100000000 | t=3.04e-01 | T=7340.7 | 1418.5 steps/s | 0.70 ms/step | ETA: 817.2 min
Step 30500000/100000000 | t=3.05e-01 | T=7340.7 | 1418.7 steps/s | 0.70 ms/step | ETA: 816.5 min
Step 30550000/100000000 | t=3.05e-01 | T=7340.7 | 1419.0 steps/s | 0.70 ms/step | ETA: 815.7 min
Step 30600000/100000000 | t=3.06e-01 | T=7340.7 | 1419.3 steps/s | 0.70 ms/step | ETA: 815.0 min
Step 30650000/100000000 | t=3.06e-01 | T=7340.7 | 1419.6 steps/s | 0.70 ms/step | ETA: 814.2 min
Step 30700000/100000000 | t=3.07e-01 | T=7340.7 | 1419.9 steps/s | 0.70 ms/step | ETA: 813.4 min
Step 30750000/100000000 | t=3.07e-01 | T=7340.7 | 1420.2 steps/s | 0.70 ms/step | ETA: 812.7 min
Step 30800000/100000000 | t=3.08e-01 | T=7340.7 | 1420.5 steps/s | 0.70 ms/step | ETA: 811.9 min
Step 30850000/100000000 | t=3.08e-01 | T=7340.7 | 1420.8 steps/s | 0.70 ms/step | ETA: 811.2 min
Step 30900000/100000000 | t=3.09e-01 | T=7340.7 | 1421.1 steps/s | 0.70 ms/step | ETA: 810.4 min
Step 30950000/100000000 | t=3.09e-01 | T=7340.7 | 1421.4 steps/s | 0.70 ms/step | ETA: 809.6 min
Step 31000000/100000000 | t=3.10e-01 | T=7340.7 | 1421.7 steps/s | 0.70 ms/step | ETA: 808.9 min
Step 31050000/100000000 | t=3.10e-01 | T=7340.7 | 1422.1 steps/s | 0.70 ms/step | ETA: 808.1 min
Step 31100000/100000000 | t=3.11e-01 | T=7340.7 | 1422.3 steps/s | 0.70 ms/step | ETA: 807.4 min
Step 31150000/100000000 | t=3.11e-01 | T=7340.7 | 1422.6 steps/s | 0.70 ms/step | ETA: 806.6 min
Step 31200000/100000000 | t=3.12e-01 | T=7340.7 | 1422.8 steps/s | 0.70 ms/step | ETA: 805.9 min
Step 31250000/100000000 | t=3.12e-01 | T=7340.7 | 1423.1 steps/s | 0.70 ms/step | ETA: 805.2 min
Step 31300000/100000000 | t=3.13e-01 | T=7340.7 | 1423.3 steps/s | 0.70 ms/step | ETA: 804.4 min
Step 31350000/100000000 | t=3.14e-01 | T=7340.7 | 1423.6 steps/s | 0.70 ms/step | ETA: 803.7 min
Step 31400000/100000000 | t=3.14e-01 | T=7340.7 | 1423.8 steps/s | 0.70 ms/step | ETA: 803.0 min
Step 31450000/100000000 | t=3.15e-01 | T=7340.7 | 1424.1 steps/s | 0.70 ms/step | ETA: 802.3 min
Step 31500000/100000000 | t=3.15e-01 | T=7340.7 | 1424.3 steps/s | 0.70 ms/step | ETA: 801.5 min
Step 31550000/100000000 | t=3.16e-01 | T=7340.7 | 1424.7 steps/s | 0.70 ms/step | ETA: 800.8 min
Step 31600000/100000000 | t=3.16e-01 | T=7340.7 | 1425.0 steps/s | 0.70 ms/step | ETA: 800.0 min
Step 31650000/100000000 | t=3.17e-01 | T=7340.7 | 1425.3 steps/s | 0.70 ms/step | ETA: 799.2 min
Step 31700000/100000000 | t=3.17e-01 | T=7340.7 | 1425.5 steps/s | 0.70 ms/step | ETA: 798.5 min
Step 31750000/100000000 | t=3.18e-01 | T=7340.7 | 1425.9 steps/s | 0.70 ms/step | ETA: 797.8 min
Step 31800000/100000000 | t=3.18e-01 | T=7340.7 | 1426.2 steps/s | 0.70 ms/step | ETA: 797.0 min
Step 31850000/100000000 | t=3.19e-01 | T=7340.7 | 1426.4 steps/s | 0.70 ms/step | ETA: 796.3 min
Step 31900000/100000000 | t=3.19e-01 | T=7340.7 | 1426.6 steps/s | 0.70 ms/step | ETA: 795.6 min
Step 31950000/100000000 | t=3.20e-01 | T=7340.7 | 1426.8 steps/s | 0.70 ms/step | ETA: 794.9 min
Step 32000000/100000000 | t=3.20e-01 | T=7340.7 | 1426.9 steps/s | 0.70 ms/step | ETA: 794.2 min
Step 32050000/100000000 | t=3.21e-01 | T=7340.7 | 1427.1 steps/s | 0.70 ms/step | ETA: 793.5 min
Step 32100000/100000000 | t=3.21e-01 | T=7340.7 | 1427.3 steps/s | 0.70 ms/step | ETA: 792.9 min
Step 32150000/100000000 | t=3.22e-01 | T=7340.7 | 1427.6 steps/s | 0.70 ms/step | ETA: 792.1 min
Step 32200000/100000000 | t=3.22e-01 | T=7340.7 | 1427.8 steps/s | 0.70 ms/step | ETA: 791.4 min
Step 32250000/100000000 | t=3.23e-01 | T=7340.7 | 1428.1 steps/s | 0.70 ms/step | ETA: 790.7 min
Step 32300000/100000000 | t=3.23e-01 | T=7340.7 | 1428.2 steps/s | 0.70 ms/step | ETA: 790.0 min
Step 32350000/100000000 | t=3.24e-01 | T=7340.7 | 1428.4 steps/s | 0.70 ms/step | ETA: 789.3 min
Step 32400000/100000000 | t=3.24e-01 | T=7340.7 | 1428.6 steps/s | 0.70 ms/step | ETA: 788.7 min
Step 32450000/100000000 | t=3.25e-01 | T=7340.7 | 1428.6 steps/s | 0.70 ms/step | ETA: 788.1 min
Step 32500000/100000000 | t=3.25e-01 | T=7340.7 | 1428.7 steps/s | 0.70 ms/step | ETA: 787.4 min
Step 32550000/100000000 | t=3.26e-01 | T=7340.7 | 1428.8 steps/s | 0.70 ms/step | ETA: 786.8 min
Step 32600000/100000000 | t=3.26e-01 | T=7340.7 | 1429.0 steps/s | 0.70 ms/step | ETA: 786.1 min
Step 32650000/100000000 | t=3.27e-01 | T=7340.7 | 1429.2 steps/s | 0.70 ms/step | ETA: 785.4 min
Step 32700000/100000000 | t=3.27e-01 | T=7340.7 | 1429.3 steps/s | 0.70 ms/step | ETA: 784.8 min
Step 32750000/100000000 | t=3.28e-01 | T=7340.7 | 1429.5 steps/s | 0.70 ms/step | ETA: 784.1 min
Step 32800000/100000000 | t=3.28e-01 | T=7340.7 | 1429.5 steps/s | 0.70 ms/step | ETA: 783.5 min
Step 32850000/100000000 | t=3.29e-01 | T=7340.7 | 1429.7 steps/s | 0.70 ms/step | ETA: 782.8 min
Step 32900000/100000000 | t=3.29e-01 | T=7340.7 | 1429.8 steps/s | 0.70 ms/step | ETA: 782.1 min
Step 32950000/100000000 | t=3.30e-01 | T=7340.7 | 1429.9 steps/s | 0.70 ms/step | ETA: 781.5 min
Step 33000000/100000000 | t=3.30e-01 | T=7340.7 | 1430.1 steps/s | 0.70 ms/step | ETA: 780.8 min
Step 33050000/100000000 | t=3.31e-01 | T=7340.7 | 1430.3 steps/s | 0.70 ms/step | ETA: 780.2 min
Step 33100000/100000000 | t=3.31e-01 | T=7340.7 | 1430.3 steps/s | 0.70 ms/step | ETA: 779.5 min
Step 33150000/100000000 | t=3.32e-01 | T=7340.7 | 1430.4 steps/s | 0.70 ms/step | ETA: 778.9 min
Step 33200000/100000000 | t=3.32e-01 | T=7340.7 | 1430.6 steps/s | 0.70 ms/step | ETA: 778.2 min
Step 33250000/100000000 | t=3.33e-01 | T=7340.7 | 1430.8 steps/s | 0.70 ms/step | ETA: 777.5 min
Step 33300000/100000000 | t=3.33e-01 | T=7340.7 | 1431.0 steps/s | 0.70 ms/step | ETA: 776.9 min
Step 33350000/100000000 | t=3.34e-01 | T=7340.7 | 1431.1 steps/s | 0.70 ms/step | ETA: 776.2 min
Step 33400000/100000000 | t=3.34e-01 | T=7340.7 | 1431.3 steps/s | 0.70 ms/step | ETA: 775.5 min
Step 33450000/100000000 | t=3.35e-01 | T=7340.7 | 1431.5 steps/s | 0.70 ms/step | ETA: 774.8 min
Step 33500000/100000000 | t=3.35e-01 | T=7340.7 | 1431.7 steps/s | 0.70 ms/step | ETA: 774.1 min
Step 33550000/100000000 | t=3.36e-01 | T=7340.7 | 1431.9 steps/s | 0.70 ms/step | ETA: 773.4 min
Step 33600000/100000000 | t=3.36e-01 | T=7340.7 | 1432.1 steps/s | 0.70 ms/step | ETA: 772.7 min
Step 33650000/100000000 | t=3.37e-01 | T=7340.7 | 1432.4 steps/s | 0.70 ms/step | ETA: 772.0 min
Step 33700000/100000000 | t=3.37e-01 | T=7340.7 | 1432.6 steps/s | 0.70 ms/step | ETA: 771.3 min
Step 33750000/100000000 | t=3.38e-01 | T=7340.7 | 1432.8 steps/s | 0.70 ms/step | ETA: 770.6 min
Step 33800000/100000000 | t=3.38e-01 | T=7340.7 | 1433.0 steps/s | 0.70 ms/step | ETA: 769.9 min
Step 33850000/100000000 | t=3.39e-01 | T=7340.7 | 1433.3 steps/s | 0.70 ms/step | ETA: 769.2 min
Step 33900000/100000000 | t=3.39e-01 | T=7340.7 | 1433.5 steps/s | 0.70 ms/step | ETA: 768.5 min
Step 33950000/100000000 | t=3.40e-01 | T=7340.7 | 1433.8 steps/s | 0.70 ms/step | ETA: 767.8 min
Step 34000000/100000000 | t=3.40e-01 | T=7340.7 | 1434.1 steps/s | 0.70 ms/step | ETA: 767.0 min
Step 34050000/100000000 | t=3.41e-01 | T=7340.7 | 1434.4 steps/s | 0.70 ms/step | ETA: 766.3 min
Step 34100000/100000000 | t=3.41e-01 | T=7340.7 | 1434.6 steps/s | 0.70 ms/step | ETA: 765.6 min
Step 34150000/100000000 | t=3.42e-01 | T=7340.7 | 1434.9 steps/s | 0.70 ms/step | ETA: 764.9 min
Step 34200000/100000000 | t=3.42e-01 | T=7340.7 | 1435.0 steps/s | 0.70 ms/step | ETA: 764.2 min
Step 34250000/100000000 | t=3.43e-01 | T=7340.7 | 1435.1 steps/s | 0.70 ms/step | ETA: 763.6 min
Step 34300000/100000000 | t=3.43e-01 | T=7340.7 | 1435.3 steps/s | 0.70 ms/step | ETA: 762.9 min
Step 34350000/100000000 | t=3.44e-01 | T=7340.7 | 1435.5 steps/s | 0.70 ms/step | ETA: 762.2 min
Step 34400000/100000000 | t=3.44e-01 | T=7340.7 | 1435.7 steps/s | 0.70 ms/step | ETA: 761.5 min
Step 34450000/100000000 | t=3.44e-01 | T=7340.7 | 1436.0 steps/s | 0.70 ms/step | ETA: 760.8 min
Step 34500000/100000000 | t=3.45e-01 | T=7340.7 | 1436.3 steps/s | 0.70 ms/step | ETA: 760.1 min
Step 34550000/100000000 | t=3.45e-01 | T=7340.7 | 1436.5 steps/s | 0.70 ms/step | ETA: 759.4 min
Step 34600000/100000000 | t=3.46e-01 | T=7340.7 | 1436.8 steps/s | 0.70 ms/step | ETA: 758.7 min
Step 34650000/100000000 | t=3.46e-01 | T=7340.7 | 1437.0 steps/s | 0.70 ms/step | ETA: 758.0 min
Step 34700000/100000000 | t=3.47e-01 | T=7340.7 | 1437.2 steps/s | 0.70 ms/step | ETA: 757.3 min
Step 34750000/100000000 | t=3.48e-01 | T=7340.7 | 1437.4 steps/s | 0.70 ms/step | ETA: 756.6 min
Step 34800000/100000000 | t=3.48e-01 | T=7340.7 | 1437.6 steps/s | 0.70 ms/step | ETA: 755.9 min
Step 34850000/100000000 | t=3.49e-01 | T=7340.7 | 1437.9 steps/s | 0.70 ms/step | ETA: 755.2 min
Step 34900000/100000000 | t=3.49e-01 | T=7340.7 | 1438.0 steps/s | 0.70 ms/step | ETA: 754.5 min
Step 34950000/100000000 | t=3.50e-01 | T=7340.7 | 1438.2 steps/s | 0.70 ms/step | ETA: 753.8 min
Step 35000000/100000000 | t=3.50e-01 | T=7340.6 | 1438.3 steps/s | 0.70 ms/step | ETA: 753.2 min
Step 35050000/100000000 | t=3.51e-01 | T=7340.6 | 1438.5 steps/s | 0.70 ms/step | ETA: 752.5 min
Step 35100000/100000000 | t=3.51e-01 | T=7340.6 | 1438.7 steps/s | 0.70 ms/step | ETA: 751.9 min
Step 35150000/100000000 | t=3.52e-01 | T=7340.6 | 1438.8 steps/s | 0.70 ms/step | ETA: 751.2 min
Step 35200000/100000000 | t=3.52e-01 | T=7340.6 | 1439.0 steps/s | 0.69 ms/step | ETA: 750.5 min
Step 35250000/100000000 | t=3.53e-01 | T=7340.6 | 1439.2 steps/s | 0.69 ms/step | ETA: 749.9 min
Step 35300000/100000000 | t=3.53e-01 | T=7340.6 | 1439.4 steps/s | 0.69 ms/step | ETA: 749.2 min
Step 35350000/100000000 | t=3.54e-01 | T=7340.6 | 1439.5 steps/s | 0.69 ms/step | ETA: 748.5 min
Step 35400000/100000000 | t=3.54e-01 | T=7340.6 | 1439.7 steps/s | 0.69 ms/step | ETA: 747.8 min
Step 35450000/100000000 | t=3.55e-01 | T=7340.6 | 1440.0 steps/s | 0.69 ms/step | ETA: 747.1 min
Step 35500000/100000000 | t=3.55e-01 | T=7340.6 | 1440.2 steps/s | 0.69 ms/step | ETA: 746.4 min
Step 35550000/100000000 | t=3.56e-01 | T=7340.6 | 1440.4 steps/s | 0.69 ms/step | ETA: 745.7 min
Step 35600000/100000000 | t=3.56e-01 | T=7340.6 | 1440.6 steps/s | 0.69 ms/step | ETA: 745.1 min
Step 35650000/100000000 | t=3.57e-01 | T=7340.6 | 1440.8 steps/s | 0.69 ms/step | ETA: 744.4 min
Step 35700000/100000000 | t=3.57e-01 | T=7340.6 | 1441.0 steps/s | 0.69 ms/step | ETA: 743.7 min
Step 35750000/100000000 | t=3.58e-01 | T=7340.6 | 1441.2 steps/s | 0.69 ms/step | ETA: 743.0 min
Step 35800000/100000000 | t=3.58e-01 | T=7340.6 | 1441.4 steps/s | 0.69 ms/step | ETA: 742.3 min
Step 35850000/100000000 | t=3.59e-01 | T=7340.6 | 1441.7 steps/s | 0.69 ms/step | ETA: 741.6 min
Step 35900000/100000000 | t=3.59e-01 | T=7340.6 | 1441.9 steps/s | 0.69 ms/step | ETA: 740.9 min
Step 35950000/100000000 | t=3.60e-01 | T=7340.6 | 1442.1 steps/s | 0.69 ms/step | ETA: 740.2 min
Step 36000000/100000000 | t=3.60e-01 | T=7340.6 | 1442.4 steps/s | 0.69 ms/step | ETA: 739.5 min
Step 36050000/100000000 | t=3.61e-01 | T=7340.6 | 1442.6 steps/s | 0.69 ms/step | ETA: 738.8 min
Step 36100000/100000000 | t=3.61e-01 | T=7340.6 | 1442.9 steps/s | 0.69 ms/step | ETA: 738.1 min
Step 36150000/100000000 | t=3.62e-01 | T=7340.6 | 1443.1 steps/s | 0.69 ms/step | ETA: 737.4 min
Step 36200000/100000000 | t=3.62e-01 | T=7340.6 | 1443.4 steps/s | 0.69 ms/step | ETA: 736.7 min
Step 36250000/100000000 | t=3.63e-01 | T=7340.6 | 1443.5 steps/s | 0.69 ms/step | ETA: 736.1 min
Step 36300000/100000000 | t=3.63e-01 | T=7340.6 | 1443.8 steps/s | 0.69 ms/step | ETA: 735.3 min
Step 36350000/100000000 | t=3.64e-01 | T=7340.6 | 1444.0 steps/s | 0.69 ms/step | ETA: 734.7 min
Step 36400000/100000000 | t=3.64e-01 | T=7340.6 | 1444.3 steps/s | 0.69 ms/step | ETA: 733.9 min
Step 36450000/100000000 | t=3.65e-01 | T=7340.6 | 1444.5 steps/s | 0.69 ms/step | ETA: 733.3 min
Step 36500000/100000000 | t=3.65e-01 | T=7340.6 | 1444.6 steps/s | 0.69 ms/step | ETA: 732.6 min
Step 36550000/100000000 | t=3.66e-01 | T=7340.6 | 1444.8 steps/s | 0.69 ms/step | ETA: 731.9 min
Step 36600000/100000000 | t=3.66e-01 | T=7340.6 | 1445.0 steps/s | 0.69 ms/step | ETA: 731.3 min
Step 36650000/100000000 | t=3.67e-01 | T=7340.6 | 1445.1 steps/s | 0.69 ms/step | ETA: 730.6 min
Step 36700000/100000000 | t=3.67e-01 | T=7340.6 | 1445.3 steps/s | 0.69 ms/step | ETA: 729.9 min
Step 36750000/100000000 | t=3.68e-01 | T=7340.6 | 1445.5 steps/s | 0.69 ms/step | ETA: 729.3 min
Step 36800000/100000000 | t=3.68e-01 | T=7340.6 | 1445.8 steps/s | 0.69 ms/step | ETA: 728.6 min
Step 36850000/100000000 | t=3.69e-01 | T=7340.6 | 1446.0 steps/s | 0.69 ms/step | ETA: 727.9 min
Step 36900000/100000000 | t=3.69e-01 | T=7340.6 | 1446.2 steps/s | 0.69 ms/step | ETA: 727.2 min
Step 36950000/100000000 | t=3.70e-01 | T=7340.6 | 1446.5 steps/s | 0.69 ms/step | ETA: 726.5 min
Step 37000000/100000000 | t=3.70e-01 | T=7340.6 | 1446.7 steps/s | 0.69 ms/step | ETA: 725.8 min
Step 37050000/100000000 | t=3.71e-01 | T=7340.6 | 1446.9 steps/s | 0.69 ms/step | ETA: 725.1 min
Step 37100000/100000000 | t=3.71e-01 | T=7340.6 | 1447.1 steps/s | 0.69 ms/step | ETA: 724.4 min
Step 37150000/100000000 | t=3.72e-01 | T=7340.6 | 1447.3 steps/s | 0.69 ms/step | ETA: 723.7 min
Step 37200000/100000000 | t=3.72e-01 | T=7340.6 | 1447.5 steps/s | 0.69 ms/step | ETA: 723.1 min
Step 37250000/100000000 | t=3.73e-01 | T=7340.6 | 1447.8 steps/s | 0.69 ms/step | ETA: 722.4 min
Step 37300000/100000000 | t=3.73e-01 | T=7340.6 | 1448.0 steps/s | 0.69 ms/step | ETA: 721.7 min
Step 37350000/100000000 | t=3.74e-01 | T=7340.6 | 1448.2 steps/s | 0.69 ms/step | ETA: 721.0 min
Step 37400000/100000000 | t=3.74e-01 | T=7340.6 | 1448.4 steps/s | 0.69 ms/step | ETA: 720.3 min
Step 37450000/100000000 | t=3.75e-01 | T=7340.6 | 1448.6 steps/s | 0.69 ms/step | ETA: 719.7 min
Step 37500000/100000000 | t=3.75e-01 | T=7340.6 | 1448.8 steps/s | 0.69 ms/step | ETA: 719.0 min
Step 37550000/100000000 | t=3.76e-01 | T=7340.6 | 1449.0 steps/s | 0.69 ms/step | ETA: 718.3 min
Step 37600000/100000000 | t=3.76e-01 | T=7340.6 | 1449.1 steps/s | 0.69 ms/step | ETA: 717.7 min
Step 37650000/100000000 | t=3.77e-01 | T=7340.6 | 1449.4 steps/s | 0.69 ms/step | ETA: 717.0 min
Step 37700000/100000000 | t=3.77e-01 | T=7340.6 | 1449.6 steps/s | 0.69 ms/step | ETA: 716.3 min
Step 37750000/100000000 | t=3.78e-01 | T=7340.6 | 1449.8 steps/s | 0.69 ms/step | ETA: 715.6 min
Step 37800000/100000000 | t=3.78e-01 | T=7340.6 | 1450.0 steps/s | 0.69 ms/step | ETA: 714.9 min
Step 37850000/100000000 | t=3.79e-01 | T=7340.6 | 1450.1 steps/s | 0.69 ms/step | ETA: 714.3 min
Step 37900000/100000000 | t=3.79e-01 | T=7340.6 | 1450.2 steps/s | 0.69 ms/step | ETA: 713.7 min
Step 37950000/100000000 | t=3.80e-01 | T=7340.6 | 1450.3 steps/s | 0.69 ms/step | ETA: 713.1 min
Step 38000000/100000000 | t=3.80e-01 | T=7340.6 | 1450.5 steps/s | 0.69 ms/step | ETA: 712.4 min
Step 38050000/100000000 | t=3.81e-01 | T=7340.6 | 1450.6 steps/s | 0.69 ms/step | ETA: 711.8 min
Step 38100000/100000000 | t=3.81e-01 | T=7340.6 | 1450.7 steps/s | 0.69 ms/step | ETA: 711.1 min
Step 38150000/100000000 | t=3.82e-01 | T=7340.6 | 1450.8 steps/s | 0.69 ms/step | ETA: 710.5 min
Step 38200000/100000000 | t=3.82e-01 | T=7340.6 | 1451.0 steps/s | 0.69 ms/step | ETA: 709.8 min
Step 38250000/100000000 | t=3.83e-01 | T=7340.6 | 1451.2 steps/s | 0.69 ms/step | ETA: 709.2 min
Step 38300000/100000000 | t=3.83e-01 | T=7340.6 | 1451.4 steps/s | 0.69 ms/step | ETA: 708.5 min
Step 38350000/100000000 | t=3.84e-01 | T=7340.6 | 1451.6 steps/s | 0.69 ms/step | ETA: 707.9 min
Step 38400000/100000000 | t=3.84e-01 | T=7340.6 | 1451.7 steps/s | 0.69 ms/step | ETA: 707.2 min
Step 38450000/100000000 | t=3.85e-01 | T=7340.6 | 1451.8 steps/s | 0.69 ms/step | ETA: 706.6 min
Step 38500000/100000000 | t=3.85e-01 | T=7340.6 | 1451.9 steps/s | 0.69 ms/step | ETA: 706.0 min
Step 38550000/100000000 | t=3.86e-01 | T=7340.6 | 1452.0 steps/s | 0.69 ms/step | ETA: 705.3 min
Step 38600000/100000000 | t=3.86e-01 | T=7340.6 | 1452.2 steps/s | 0.69 ms/step | ETA: 704.7 min
Step 38650000/100000000 | t=3.87e-01 | T=7340.6 | 1452.3 steps/s | 0.69 ms/step | ETA: 704.0 min
Step 38700000/100000000 | t=3.87e-01 | T=7340.6 | 1452.5 steps/s | 0.69 ms/step | ETA: 703.4 min
Step 38750000/100000000 | t=3.88e-01 | T=7340.6 | 1452.7 steps/s | 0.69 ms/step | ETA: 702.7 min
Step 38800000/100000000 | t=3.88e-01 | T=7340.6 | 1452.9 steps/s | 0.69 ms/step | ETA: 702.0 min
Step 38850000/100000000 | t=3.89e-01 | T=7340.6 | 1453.1 steps/s | 0.69 ms/step | ETA: 701.4 min
Step 38900000/100000000 | t=3.89e-01 | T=7340.6 | 1453.1 steps/s | 0.69 ms/step | ETA: 700.8 min
Step 38950000/100000000 | t=3.90e-01 | T=7340.6 | 1453.3 steps/s | 0.69 ms/step | ETA: 700.2 min
Step 39000000/100000000 | t=3.90e-01 | T=7340.6 | 1453.4 steps/s | 0.69 ms/step | ETA: 699.5 min
Step 39050000/100000000 | t=3.91e-01 | T=7340.6 | 1453.5 steps/s | 0.69 ms/step | ETA: 698.9 min
Step 39100000/100000000 | t=3.91e-01 | T=7340.6 | 1453.7 steps/s | 0.69 ms/step | ETA: 698.2 min
Step 39150000/100000000 | t=3.92e-01 | T=7340.6 | 1453.8 steps/s | 0.69 ms/step | ETA: 697.6 min
Step 39200000/100000000 | t=3.92e-01 | T=7340.6 | 1453.9 steps/s | 0.69 ms/step | ETA: 697.0 min
Step 39250000/100000000 | t=3.93e-01 | T=7340.6 | 1454.1 steps/s | 0.69 ms/step | ETA: 696.3 min
Step 39300000/100000000 | t=3.93e-01 | T=7340.6 | 1454.2 steps/s | 0.69 ms/step | ETA: 695.7 min
Step 39350000/100000000 | t=3.94e-01 | T=7340.6 | 1454.2 steps/s | 0.69 ms/step | ETA: 695.1 min
Step 39400000/100000000 | t=3.94e-01 | T=7340.6 | 1454.4 steps/s | 0.69 ms/step | ETA: 694.4 min
Step 39450000/100000000 | t=3.95e-01 | T=7340.6 | 1454.5 steps/s | 0.69 ms/step | ETA: 693.8 min
Step 39500000/100000000 | t=3.95e-01 | T=7340.6 | 1454.6 steps/s | 0.69 ms/step | ETA: 693.2 min
Step 39550000/100000000 | t=3.96e-01 | T=7340.6 | 1454.7 steps/s | 0.69 ms/step | ETA: 692.6 min
Step 39600000/100000000 | t=3.96e-01 | T=7340.6 | 1454.9 steps/s | 0.69 ms/step | ETA: 691.9 min
Step 39650000/100000000 | t=3.97e-01 | T=7340.6 | 1455.0 steps/s | 0.69 ms/step | ETA: 691.3 min
Step 39700000/100000000 | t=3.97e-01 | T=7340.6 | 1455.2 steps/s | 0.69 ms/step | ETA: 690.6 min
Step 39750000/100000000 | t=3.98e-01 | T=7340.6 | 1455.3 steps/s | 0.69 ms/step | ETA: 690.0 min
Step 39800000/100000000 | t=3.98e-01 | T=7340.6 | 1455.5 steps/s | 0.69 ms/step | ETA: 689.3 min
Step 39850000/100000000 | t=3.99e-01 | T=7340.6 | 1455.7 steps/s | 0.69 ms/step | ETA: 688.7 min
Step 39900000/100000000 | t=3.99e-01 | T=7340.6 | 1455.8 steps/s | 0.69 ms/step | ETA: 688.1 min
Step 39950000/100000000 | t=4.00e-01 | T=7340.6 | 1455.9 steps/s | 0.69 ms/step | ETA: 687.4 min
Step 40000000/100000000 | t=4.00e-01 | T=7340.6 | 1456.0 steps/s | 0.69 ms/step | ETA: 686.8 min
Step 40050000/100000000 | t=4.01e-01 | T=7340.6 | 1456.1 steps/s | 0.69 ms/step | ETA: 686.2 min
Step 40100000/100000000 | t=4.01e-01 | T=7340.6 | 1456.2 steps/s | 0.69 ms/step | ETA: 685.6 min
Step 40150000/100000000 | t=4.02e-01 | T=7340.6 | 1456.2 steps/s | 0.69 ms/step | ETA: 685.0 min
Step 40200000/100000000 | t=4.02e-01 | T=7340.6 | 1456.3 steps/s | 0.69 ms/step | ETA: 684.4 min
Step 40250000/100000000 | t=4.03e-01 | T=7340.6 | 1456.3 steps/s | 0.69 ms/step | ETA: 683.8 min
Step 40300000/100000000 | t=4.03e-01 | T=7340.6 | 1456.3 steps/s | 0.69 ms/step | ETA: 683.2 min
Step 40350000/100000000 | t=4.04e-01 | T=7340.6 | 1456.3 steps/s | 0.69 ms/step | ETA: 682.6 min
Step 40400000/100000000 | t=4.04e-01 | T=7340.6 | 1456.4 steps/s | 0.69 ms/step | ETA: 682.1 min
Step 40450000/100000000 | t=4.05e-01 | T=7340.6 | 1456.4 steps/s | 0.69 ms/step | ETA: 681.5 min
Step 40500000/100000000 | t=4.05e-01 | T=7340.6 | 1456.5 steps/s | 0.69 ms/step | ETA: 680.9 min
Step 40550000/100000000 | t=4.06e-01 | T=7340.6 | 1456.5 steps/s | 0.69 ms/step | ETA: 680.3 min
Step 40600000/100000000 | t=4.06e-01 | T=7340.6 | 1456.5 steps/s | 0.69 ms/step | ETA: 679.7 min
Step 40650000/100000000 | t=4.07e-01 | T=7340.6 | 1456.5 steps/s | 0.69 ms/step | ETA: 679.1 min
Step 40700000/100000000 | t=4.07e-01 | T=7340.6 | 1456.6 steps/s | 0.69 ms/step | ETA: 678.5 min
Step 40750000/100000000 | t=4.08e-01 | T=7340.6 | 1456.7 steps/s | 0.69 ms/step | ETA: 677.9 min
Step 40800000/100000000 | t=4.08e-01 | T=7340.6 | 1456.8 steps/s | 0.69 ms/step | ETA: 677.3 min
Step 40850000/100000000 | t=4.09e-01 | T=7340.6 | 1456.9 steps/s | 0.69 ms/step | ETA: 676.7 min
Step 40900000/100000000 | t=4.09e-01 | T=7340.6 | 1457.0 steps/s | 0.69 ms/step | ETA: 676.1 min
Step 40950000/100000000 | t=4.10e-01 | T=7340.6 | 1457.0 steps/s | 0.69 ms/step | ETA: 675.5 min
Step 41000000/100000000 | t=4.10e-01 | T=7340.6 | 1457.1 steps/s | 0.69 ms/step | ETA: 674.9 min
Step 41050000/100000000 | t=4.11e-01 | T=7340.6 | 1457.2 steps/s | 0.69 ms/step | ETA: 674.2 min
Step 41100000/100000000 | t=4.11e-01 | T=7340.6 | 1457.3 steps/s | 0.69 ms/step | ETA: 673.6 min
Step 41150000/100000000 | t=4.12e-01 | T=7340.6 | 1457.1 steps/s | 0.69 ms/step | ETA: 673.1 min
Step 41200000/100000000 | t=4.12e-01 | T=7340.6 | 1457.1 steps/s | 0.69 ms/step | ETA: 672.6 min
Step 41250000/100000000 | t=4.13e-01 | T=7340.6 | 1457.1 steps/s | 0.69 ms/step | ETA: 672.0 min
Step 41300000/100000000 | t=4.13e-01 | T=7340.6 | 1457.3 steps/s | 0.69 ms/step | ETA: 671.4 min
Step 41350000/100000000 | t=4.14e-01 | T=7340.6 | 1457.4 steps/s | 0.69 ms/step | ETA: 670.7 min
Step 41400000/100000000 | t=4.14e-01 | T=7340.6 | 1457.5 steps/s | 0.69 ms/step | ETA: 670.1 min
Step 41450000/100000000 | t=4.15e-01 | T=7340.6 | 1457.6 steps/s | 0.69 ms/step | ETA: 669.5 min
Step 41500000/100000000 | t=4.15e-01 | T=7340.6 | 1457.7 steps/s | 0.69 ms/step | ETA: 668.9 min
Step 41550000/100000000 | t=4.16e-01 | T=7340.6 | 1457.8 steps/s | 0.69 ms/step | ETA: 668.2 min
Step 41600000/100000000 | t=4.16e-01 | T=7340.6 | 1458.0 steps/s | 0.69 ms/step | ETA: 667.6 min
Step 41650000/100000000 | t=4.17e-01 | T=7340.6 | 1458.1 steps/s | 0.69 ms/step | ETA: 667.0 min
Step 41700000/100000000 | t=4.17e-01 | T=7340.6 | 1458.2 steps/s | 0.69 ms/step | ETA: 666.4 min
Step 41750000/100000000 | t=4.18e-01 | T=7340.6 | 1458.3 steps/s | 0.69 ms/step | ETA: 665.7 min
Step 41800000/100000000 | t=4.18e-01 | T=7340.6 | 1458.4 steps/s | 0.69 ms/step | ETA: 665.1 min
Step 41850000/100000000 | t=4.19e-01 | T=7340.6 | 1458.5 steps/s | 0.69 ms/step | ETA: 664.5 min
Step 41900000/100000000 | t=4.19e-01 | T=7340.6 | 1458.6 steps/s | 0.69 ms/step | ETA: 663.9 min
Step 41950000/100000000 | t=4.20e-01 | T=7340.6 | 1458.7 steps/s | 0.69 ms/step | ETA: 663.2 min
Step 42000000/100000000 | t=4.20e-01 | T=7340.6 | 1458.9 steps/s | 0.69 ms/step | ETA: 662.6 min
Step 42050000/100000000 | t=4.21e-01 | T=7340.6 | 1459.0 steps/s | 0.69 ms/step | ETA: 662.0 min
Step 42100000/100000000 | t=4.21e-01 | T=7340.6 | 1459.1 steps/s | 0.69 ms/step | ETA: 661.3 min
Step 42150000/100000000 | t=4.22e-01 | T=7340.6 | 1459.3 steps/s | 0.69 ms/step | ETA: 660.7 min
Step 42200000/100000000 | t=4.22e-01 | T=7340.6 | 1459.3 steps/s | 0.69 ms/step | ETA: 660.1 min
Step 42250000/100000000 | t=4.23e-01 | T=7340.6 | 1459.4 steps/s | 0.69 ms/step | ETA: 659.5 min
Step 42300000/100000000 | t=4.23e-01 | T=7340.6 | 1459.5 steps/s | 0.69 ms/step | ETA: 658.9 min
Step 42350000/100000000 | t=4.24e-01 | T=7340.6 | 1459.6 steps/s | 0.69 ms/step | ETA: 658.3 min
Step 42400000/100000000 | t=4.24e-01 | T=7340.6 | 1459.6 steps/s | 0.69 ms/step | ETA: 657.7 min
Step 42450000/100000000 | t=4.25e-01 | T=7340.6 | 1459.7 steps/s | 0.69 ms/step | ETA: 657.1 min
Step 42500000/100000000 | t=4.25e-01 | T=7340.6 | 1459.8 steps/s | 0.69 ms/step | ETA: 656.5 min
Step 42550000/100000000 | t=4.26e-01 | T=7340.6 | 1459.9 steps/s | 0.68 ms/step | ETA: 655.8 min
Step 42600000/100000000 | t=4.26e-01 | T=7340.6 | 1460.1 steps/s | 0.68 ms/step | ETA: 655.2 min
Step 42650000/100000000 | t=4.27e-01 | T=7340.6 | 1460.0 steps/s | 0.68 ms/step | ETA: 654.7 min
Step 42700000/100000000 | t=4.27e-01 | T=7340.6 | 1460.1 steps/s | 0.68 ms/step | ETA: 654.1 min
Step 42750000/100000000 | t=4.28e-01 | T=7340.6 | 1460.2 steps/s | 0.68 ms/step | ETA: 653.4 min
Step 42800000/100000000 | t=4.28e-01 | T=7340.6 | 1460.3 steps/s | 0.68 ms/step | ETA: 652.9 min
Step 42850000/100000000 | t=4.29e-01 | T=7340.6 | 1460.4 steps/s | 0.68 ms/step | ETA: 652.2 min
Step 42900000/100000000 | t=4.29e-01 | T=7340.6 | 1460.4 steps/s | 0.68 ms/step | ETA: 651.7 min
Step 42950000/100000000 | t=4.30e-01 | T=7340.6 | 1460.4 steps/s | 0.68 ms/step | ETA: 651.1 min
Step 43000000/100000000 | t=4.30e-01 | T=7340.6 | 1460.4 steps/s | 0.68 ms/step | ETA: 650.5 min
Step 43050000/100000000 | t=4.31e-01 | T=7340.6 | 1460.5 steps/s | 0.68 ms/step | ETA: 649.9 min
Step 43100000/100000000 | t=4.31e-01 | T=7340.6 | 1460.6 steps/s | 0.68 ms/step | ETA: 649.3 min
Step 43150000/100000000 | t=4.32e-01 | T=7340.6 | 1460.7 steps/s | 0.68 ms/step | ETA: 648.7 min
Step 43200000/100000000 | t=4.32e-01 | T=7340.6 | 1460.8 steps/s | 0.68 ms/step | ETA: 648.1 min
Step 43250000/100000000 | t=4.33e-01 | T=7340.6 | 1460.9 steps/s | 0.68 ms/step | ETA: 647.4 min
Step 43300000/100000000 | t=4.33e-01 | T=7340.6 | 1461.0 steps/s | 0.68 ms/step | ETA: 646.8 min
Step 43350000/100000000 | t=4.34e-01 | T=7340.6 | 1461.0 steps/s | 0.68 ms/step | ETA: 646.2 min
Step 43400000/100000000 | t=4.34e-01 | T=7340.6 | 1461.1 steps/s | 0.68 ms/step | ETA: 645.6 min
Step 43450000/100000000 | t=4.35e-01 | T=7340.6 | 1461.1 steps/s | 0.68 ms/step | ETA: 645.1 min
Step 43500000/100000000 | t=4.35e-01 | T=7340.6 | 1461.1 steps/s | 0.68 ms/step | ETA: 644.5 min
Step 43550000/100000000 | t=4.36e-01 | T=7340.6 | 1461.1 steps/s | 0.68 ms/step | ETA: 643.9 min
Step 43600000/100000000 | t=4.36e-01 | T=7340.6 | 1461.1 steps/s | 0.68 ms/step | ETA: 643.4 min
Step 43650000/100000000 | t=4.37e-01 | T=7340.6 | 1461.1 steps/s | 0.68 ms/step | ETA: 642.8 min
Step 43700000/100000000 | t=4.37e-01 | T=7340.6 | 1461.1 steps/s | 0.68 ms/step | ETA: 642.2 min
Step 43750000/100000000 | t=4.38e-01 | T=7340.6 | 1461.1 steps/s | 0.68 ms/step | ETA: 641.6 min
Step 43800000/100000000 | t=4.38e-01 | T=7340.6 | 1461.1 steps/s | 0.68 ms/step | ETA: 641.1 min
Step 43850000/100000000 | t=4.39e-01 | T=7340.6 | 1461.2 steps/s | 0.68 ms/step | ETA: 640.5 min
Step 43900000/100000000 | t=4.39e-01 | T=7340.6 | 1461.1 steps/s | 0.68 ms/step | ETA: 639.9 min
Step 43950000/100000000 | t=4.40e-01 | T=7340.6 | 1461.0 steps/s | 0.68 ms/step | ETA: 639.4 min
Step 44000000/100000000 | t=4.40e-01 | T=7340.6 | 1461.0 steps/s | 0.68 ms/step | ETA: 638.8 min
Step 44050000/100000000 | t=4.41e-01 | T=7340.6 | 1461.0 steps/s | 0.68 ms/step | ETA: 638.3 min
Step 44100000/100000000 | t=4.41e-01 | T=7340.6 | 1461.0 steps/s | 0.68 ms/step | ETA: 637.7 min
Step 44150000/100000000 | t=4.42e-01 | T=7340.6 | 1461.0 steps/s | 0.68 ms/step | ETA: 637.1 min
Step 44200000/100000000 | t=4.42e-01 | T=7340.6 | 1461.0 steps/s | 0.68 ms/step | ETA: 636.5 min
Step 44250000/100000000 | t=4.43e-01 | T=7340.6 | 1461.1 steps/s | 0.68 ms/step | ETA: 636.0 min
Step 44300000/100000000 | t=4.43e-01 | T=7340.6 | 1461.1 steps/s | 0.68 ms/step | ETA: 635.4 min
Step 44350000/100000000 | t=4.44e-01 | T=7340.6 | 1461.1 steps/s | 0.68 ms/step | ETA: 634.8 min
Step 44400000/100000000 | t=4.44e-01 | T=7340.6 | 1461.2 steps/s | 0.68 ms/step | ETA: 634.2 min
Step 44450000/100000000 | t=4.45e-01 | T=7340.6 | 1461.2 steps/s | 0.68 ms/step | ETA: 633.6 min
Step 44500000/100000000 | t=4.45e-01 | T=7340.6 | 1461.3 steps/s | 0.68 ms/step | ETA: 633.0 min
Step 44550000/100000000 | t=4.46e-01 | T=7340.6 | 1461.3 steps/s | 0.68 ms/step | ETA: 632.4 min
Step 44600000/100000000 | t=4.46e-01 | T=7340.6 | 1461.3 steps/s | 0.68 ms/step | ETA: 631.9 min
Step 44650000/100000000 | t=4.47e-01 | T=7340.6 | 1461.3 steps/s | 0.68 ms/step | ETA: 631.3 min
Step 44700000/100000000 | t=4.47e-01 | T=7340.6 | 1461.4 steps/s | 0.68 ms/step | ETA: 630.7 min
Step 44750000/100000000 | t=4.48e-01 | T=7340.6 | 1461.4 steps/s | 0.68 ms/step | ETA: 630.1 min
Step 44800000/100000000 | t=4.48e-01 | T=7340.6 | 1461.5 steps/s | 0.68 ms/step | ETA: 629.5 min
Step 44850000/100000000 | t=4.49e-01 | T=7340.6 | 1461.5 steps/s | 0.68 ms/step | ETA: 628.9 min
Step 44900000/100000000 | t=4.49e-01 | T=7340.6 | 1461.6 steps/s | 0.68 ms/step | ETA: 628.3 min
Step 44950000/100000000 | t=4.50e-01 | T=7340.6 | 1461.5 steps/s | 0.68 ms/step | ETA: 627.8 min
Step 45000000/100000000 | t=4.50e-01 | T=7340.6 | 1461.6 steps/s | 0.68 ms/step | ETA: 627.2 min
Step 45050000/100000000 | t=4.51e-01 | T=7340.5 | 1461.6 steps/s | 0.68 ms/step | ETA: 626.6 min
Step 45100000/100000000 | t=4.51e-01 | T=7340.5 | 1461.7 steps/s | 0.68 ms/step | ETA: 626.0 min
Step 45150000/100000000 | t=4.52e-01 | T=7340.5 | 1461.8 steps/s | 0.68 ms/step | ETA: 625.4 min
Step 45200000/100000000 | t=4.52e-01 | T=7340.5 | 1461.7 steps/s | 0.68 ms/step | ETA: 624.8 min
Step 45250000/100000000 | t=4.53e-01 | T=7340.5 | 1461.8 steps/s | 0.68 ms/step | ETA: 624.2 min
Step 45300000/100000000 | t=4.53e-01 | T=7340.5 | 1461.8 steps/s | 0.68 ms/step | ETA: 623.7 min
Step 45350000/100000000 | t=4.54e-01 | T=7340.5 | 1461.8 steps/s | 0.68 ms/step | ETA: 623.1 min
Step 45400000/100000000 | t=4.54e-01 | T=7340.5 | 1461.8 steps/s | 0.68 ms/step | ETA: 622.5 min
Step 45450000/100000000 | t=4.55e-01 | T=7340.5 | 1461.7 steps/s | 0.68 ms/step | ETA: 622.0 min
Step 45500000/100000000 | t=4.55e-01 | T=7340.5 | 1461.6 steps/s | 0.68 ms/step | ETA: 621.5 min
Step 45550000/100000000 | t=4.56e-01 | T=7340.5 | 1461.4 steps/s | 0.68 ms/step | ETA: 621.0 min
Step 45600000/100000000 | t=4.56e-01 | T=7340.5 | 1461.4 steps/s | 0.68 ms/step | ETA: 620.4 min
Step 45650000/100000000 | t=4.57e-01 | T=7340.5 | 1461.5 steps/s | 0.68 ms/step | ETA: 619.8 min
Step 45700000/100000000 | t=4.57e-01 | T=7340.5 | 1461.6 steps/s | 0.68 ms/step | ETA: 619.2 min
Step 45750000/100000000 | t=4.58e-01 | T=7340.5 | 1461.6 steps/s | 0.68 ms/step | ETA: 618.6 min
Step 45800000/100000000 | t=4.58e-01 | T=7340.5 | 1461.7 steps/s | 0.68 ms/step | ETA: 618.0 min
Step 45850000/100000000 | t=4.59e-01 | T=7340.5 | 1461.8 steps/s | 0.68 ms/step | ETA: 617.4 min
Step 45900000/100000000 | t=4.59e-01 | T=7340.5 | 1461.9 steps/s | 0.68 ms/step | ETA: 616.8 min
Step 45950000/100000000 | t=4.60e-01 | T=7340.5 | 1462.0 steps/s | 0.68 ms/step | ETA: 616.2 min
Step 46000000/100000000 | t=4.60e-01 | T=7340.5 | 1462.1 steps/s | 0.68 ms/step | ETA: 615.5 min
Step 46050000/100000000 | t=4.61e-01 | T=7340.5 | 1462.2 steps/s | 0.68 ms/step | ETA: 614.9 min
Step 46100000/100000000 | t=4.61e-01 | T=7340.5 | 1462.4 steps/s | 0.68 ms/step | ETA: 614.3 min
Step 46150000/100000000 | t=4.62e-01 | T=7340.5 | 1462.6 steps/s | 0.68 ms/step | ETA: 613.7 min
Step 46200000/100000000 | t=4.62e-01 | T=7340.5 | 1462.7 steps/s | 0.68 ms/step | ETA: 613.0 min
Step 46250000/100000000 | t=4.63e-01 | T=7340.5 | 1462.8 steps/s | 0.68 ms/step | ETA: 612.4 min
Step 46300000/100000000 | t=4.63e-01 | T=7340.5 | 1463.0 steps/s | 0.68 ms/step | ETA: 611.8 min
Step 46350000/100000000 | t=4.64e-01 | T=7340.5 | 1463.1 steps/s | 0.68 ms/step | ETA: 611.1 min
Step 46400000/100000000 | t=4.64e-01 | T=7340.5 | 1463.2 steps/s | 0.68 ms/step | ETA: 610.6 min
Step 46450000/100000000 | t=4.65e-01 | T=7340.5 | 1463.3 steps/s | 0.68 ms/step | ETA: 609.9 min
Step 46500000/100000000 | t=4.65e-01 | T=7340.5 | 1463.4 steps/s | 0.68 ms/step | ETA: 609.3 min
Step 46550000/100000000 | t=4.66e-01 | T=7340.5 | 1463.6 steps/s | 0.68 ms/step | ETA: 608.7 min
Step 46600000/100000000 | t=4.66e-01 | T=7340.5 | 1463.8 steps/s | 0.68 ms/step | ETA: 608.0 min
Step 46650000/100000000 | t=4.67e-01 | T=7340.5 | 1463.9 steps/s | 0.68 ms/step | ETA: 607.4 min
Step 46700000/100000000 | t=4.67e-01 | T=7340.5 | 1464.0 steps/s | 0.68 ms/step | ETA: 606.8 min
Step 46750000/100000000 | t=4.68e-01 | T=7340.5 | 1464.2 steps/s | 0.68 ms/step | ETA: 606.1 min
Step 46800000/100000000 | t=4.68e-01 | T=7340.5 | 1464.3 steps/s | 0.68 ms/step | ETA: 605.5 min
Step 46850000/100000000 | t=4.69e-01 | T=7340.5 | 1464.4 steps/s | 0.68 ms/step | ETA: 604.9 min
Step 46900000/100000000 | t=4.69e-01 | T=7340.5 | 1464.4 steps/s | 0.68 ms/step | ETA: 604.3 min
Step 46950000/100000000 | t=4.70e-01 | T=7340.5 | 1464.6 steps/s | 0.68 ms/step | ETA: 603.7 min
Step 47000000/100000000 | t=4.70e-01 | T=7340.5 | 1464.8 steps/s | 0.68 ms/step | ETA: 603.1 min
Step 47050000/100000000 | t=4.71e-01 | T=7340.5 | 1464.9 steps/s | 0.68 ms/step | ETA: 602.4 min
Step 47100000/100000000 | t=4.71e-01 | T=7340.5 | 1465.0 steps/s | 0.68 ms/step | ETA: 601.8 min
Step 47150000/100000000 | t=4.72e-01 | T=7340.5 | 1465.2 steps/s | 0.68 ms/step | ETA: 601.2 min
Step 47200000/100000000 | t=4.72e-01 | T=7340.5 | 1465.3 steps/s | 0.68 ms/step | ETA: 600.5 min
Step 47250000/100000000 | t=4.73e-01 | T=7340.5 | 1465.5 steps/s | 0.68 ms/step | ETA: 599.9 min
Step 47300000/100000000 | t=4.73e-01 | T=7340.5 | 1465.7 steps/s | 0.68 ms/step | ETA: 599.3 min
Step 47350000/100000000 | t=4.74e-01 | T=7340.5 | 1465.8 steps/s | 0.68 ms/step | ETA: 598.7 min
Step 47400000/100000000 | t=4.74e-01 | T=7340.5 | 1466.0 steps/s | 0.68 ms/step | ETA: 598.0 min
Step 47450000/100000000 | t=4.75e-01 | T=7340.5 | 1466.1 steps/s | 0.68 ms/step | ETA: 597.4 min
Step 47500000/100000000 | t=4.75e-01 | T=7340.5 | 1466.2 steps/s | 0.68 ms/step | ETA: 596.8 min
Step 47550000/100000000 | t=4.76e-01 | T=7340.5 | 1466.3 steps/s | 0.68 ms/step | ETA: 596.2 min
Step 47600000/100000000 | t=4.76e-01 | T=7340.5 | 1466.4 steps/s | 0.68 ms/step | ETA: 595.6 min
Step 47650000/100000000 | t=4.77e-01 | T=7340.5 | 1466.5 steps/s | 0.68 ms/step | ETA: 595.0 min
Step 47700000/100000000 | t=4.77e-01 | T=7340.5 | 1466.6 steps/s | 0.68 ms/step | ETA: 594.3 min
Step 47750000/100000000 | t=4.78e-01 | T=7340.5 | 1466.7 steps/s | 0.68 ms/step | ETA: 593.7 min
Step 47800000/100000000 | t=4.78e-01 | T=7340.5 | 1466.8 steps/s | 0.68 ms/step | ETA: 593.1 min
Step 47850000/100000000 | t=4.79e-01 | T=7340.5 | 1466.9 steps/s | 0.68 ms/step | ETA: 592.5 min
Step 47900000/100000000 | t=4.79e-01 | T=7340.5 | 1466.9 steps/s | 0.68 ms/step | ETA: 591.9 min
Step 47950000/100000000 | t=4.80e-01 | T=7340.5 | 1467.0 steps/s | 0.68 ms/step | ETA: 591.3 min
Step 48000000/100000000 | t=4.80e-01 | T=7340.5 | 1467.1 steps/s | 0.68 ms/step | ETA: 590.7 min
Step 48050000/100000000 | t=4.81e-01 | T=7340.5 | 1467.2 steps/s | 0.68 ms/step | ETA: 590.1 min
Step 48100000/100000000 | t=4.81e-01 | T=7340.5 | 1467.3 steps/s | 0.68 ms/step | ETA: 589.5 min
Step 48150000/100000000 | t=4.82e-01 | T=7340.5 | 1467.4 steps/s | 0.68 ms/step | ETA: 588.9 min
Step 48200000/100000000 | t=4.82e-01 | T=7340.5 | 1467.5 steps/s | 0.68 ms/step | ETA: 588.3 min
Step 48250000/100000000 | t=4.83e-01 | T=7340.5 | 1467.6 steps/s | 0.68 ms/step | ETA: 587.7 min
Step 48300000/100000000 | t=4.83e-01 | T=7340.5 | 1467.6 steps/s | 0.68 ms/step | ETA: 587.1 min
Step 48350000/100000000 | t=4.84e-01 | T=7340.5 | 1467.7 steps/s | 0.68 ms/step | ETA: 586.5 min
Step 48400000/100000000 | t=4.84e-01 | T=7340.5 | 1467.8 steps/s | 0.68 ms/step | ETA: 585.9 min
Step 48450000/100000000 | t=4.85e-01 | T=7340.5 | 1467.8 steps/s | 0.68 ms/step | ETA: 585.3 min
Step 48500000/100000000 | t=4.85e-01 | T=7340.5 | 1467.8 steps/s | 0.68 ms/step | ETA: 584.8 min
Step 48550000/100000000 | t=4.86e-01 | T=7340.5 | 1467.8 steps/s | 0.68 ms/step | ETA: 584.2 min
Step 48600000/100000000 | t=4.86e-01 | T=7340.5 | 1467.9 steps/s | 0.68 ms/step | ETA: 583.6 min
Step 48650000/100000000 | t=4.87e-01 | T=7340.5 | 1467.8 steps/s | 0.68 ms/step | ETA: 583.1 min
Step 48700000/100000000 | t=4.87e-01 | T=7340.5 | 1467.8 steps/s | 0.68 ms/step | ETA: 582.5 min
Step 48750000/100000000 | t=4.88e-01 | T=7340.5 | 1467.7 steps/s | 0.68 ms/step | ETA: 582.0 min
Step 48800000/100000000 | t=4.88e-01 | T=7340.5 | 1467.7 steps/s | 0.68 ms/step | ETA: 581.4 min
Step 48850000/100000000 | t=4.89e-01 | T=7340.5 | 1467.7 steps/s | 0.68 ms/step | ETA: 580.8 min
Step 48900000/100000000 | t=4.89e-01 | T=7340.5 | 1467.7 steps/s | 0.68 ms/step | ETA: 580.3 min
Step 48950000/100000000 | t=4.90e-01 | T=7340.5 | 1467.7 steps/s | 0.68 ms/step | ETA: 579.7 min
Step 49000000/100000000 | t=4.90e-01 | T=7340.5 | 1467.7 steps/s | 0.68 ms/step | ETA: 579.1 min
Step 49050000/100000000 | t=4.91e-01 | T=7340.5 | 1467.7 steps/s | 0.68 ms/step | ETA: 578.6 min
Step 49100000/100000000 | t=4.91e-01 | T=7340.5 | 1467.7 steps/s | 0.68 ms/step | ETA: 578.0 min
Step 49150000/100000000 | t=4.92e-01 | T=7340.5 | 1467.6 steps/s | 0.68 ms/step | ETA: 577.5 min
Step 49200000/100000000 | t=4.92e-01 | T=7340.5 | 1467.6 steps/s | 0.68 ms/step | ETA: 576.9 min
Step 49250000/100000000 | t=4.93e-01 | T=7340.5 | 1467.6 steps/s | 0.68 ms/step | ETA: 576.3 min
Step 49300000/100000000 | t=4.93e-01 | T=7340.5 | 1467.6 steps/s | 0.68 ms/step | ETA: 575.8 min
Step 49350000/100000000 | t=4.94e-01 | T=7340.5 | 1467.6 steps/s | 0.68 ms/step | ETA: 575.2 min
Step 49400000/100000000 | t=4.94e-01 | T=7340.5 | 1467.7 steps/s | 0.68 ms/step | ETA: 574.6 min
Step 49450000/100000000 | t=4.95e-01 | T=7340.5 | 1467.8 steps/s | 0.68 ms/step | ETA: 574.0 min
Step 49500000/100000000 | t=4.95e-01 | T=7340.5 | 1467.8 steps/s | 0.68 ms/step | ETA: 573.4 min
Step 49550000/100000000 | t=4.96e-01 | T=7340.5 | 1467.9 steps/s | 0.68 ms/step | ETA: 572.8 min
Step 49600000/100000000 | t=4.96e-01 | T=7340.5 | 1467.9 steps/s | 0.68 ms/step | ETA: 572.2 min
Step 49650000/100000000 | t=4.97e-01 | T=7340.5 | 1468.0 steps/s | 0.68 ms/step | ETA: 571.7 min
Step 49700000/100000000 | t=4.97e-01 | T=7340.5 | 1468.0 steps/s | 0.68 ms/step | ETA: 571.1 min
Step 49750000/100000000 | t=4.98e-01 | T=7340.5 | 1468.0 steps/s | 0.68 ms/step | ETA: 570.5 min
Step 49800000/100000000 | t=4.98e-01 | T=7340.5 | 1468.0 steps/s | 0.68 ms/step | ETA: 569.9 min
Step 49850000/100000000 | t=4.99e-01 | T=7340.5 | 1467.6 steps/s | 0.68 ms/step | ETA: 569.5 min
Step 49900000/100000000 | t=4.99e-01 | T=7340.5 | 1467.3 steps/s | 0.68 ms/step | ETA: 569.1 min
Step 49950000/100000000 | t=5.00e-01 | T=7340.5 | 1467.0 steps/s | 0.68 ms/step | ETA: 568.6 min
Step 50000000/100000000 | t=5.00e-01 | T=7340.5 | 1466.7 steps/s | 0.68 ms/step | ETA: 568.2 min
Step 50050000/100000000 | t=5.01e-01 | T=7340.5 | 1466.4 steps/s | 0.68 ms/step | ETA: 567.7 min
Step 50100000/100000000 | t=5.01e-01 | T=7340.5 | 1466.1 steps/s | 0.68 ms/step | ETA: 567.3 min
Step 50150000/100000000 | t=5.02e-01 | T=7340.5 | 1465.7 steps/s | 0.68 ms/step | ETA: 566.9 min
Step 50200000/100000000 | t=5.02e-01 | T=7340.5 | 1465.3 steps/s | 0.68 ms/step | ETA: 566.4 min
Step 50250000/100000000 | t=5.03e-01 | T=7340.5 | 1465.0 steps/s | 0.68 ms/step | ETA: 566.0 min
Step 50300000/100000000 | t=5.03e-01 | T=7340.5 | 1464.6 steps/s | 0.68 ms/step | ETA: 565.6 min
Step 50350000/100000000 | t=5.04e-01 | T=7340.5 | 1464.2 steps/s | 0.68 ms/step | ETA: 565.1 min
Step 50400000/100000000 | t=5.04e-01 | T=7340.5 | 1463.9 steps/s | 0.68 ms/step | ETA: 564.7 min
Step 50450000/100000000 | t=5.05e-01 | T=7340.5 | 1463.5 steps/s | 0.68 ms/step | ETA: 564.3 min
Step 50500000/100000000 | t=5.05e-01 | T=7340.5 | 1463.1 steps/s | 0.68 ms/step | ETA: 563.9 min
Step 50550000/100000000 | t=5.06e-01 | T=7340.5 | 1462.8 steps/s | 0.68 ms/step | ETA: 563.4 min
Step 50600000/100000000 | t=5.06e-01 | T=7340.5 | 1462.5 steps/s | 0.68 ms/step | ETA: 563.0 min
Step 50650000/100000000 | t=5.07e-01 | T=7340.5 | 1462.1 steps/s | 0.68 ms/step | ETA: 562.5 min
