======================================================================
LATTICE SIMULATION LOG
Started: 2026-01-16 20:27:20
Log file: logs/simulation_20260116_202720.log
======================================================================

Numba Configuration:
  Version: 0.63.1
  Threading layer: default
  Configured threads: 11
  Active threads: 11
----------------------------------------------------------------------
Field precision: float32
Field states will be saved to: data/set6/T0_7350_dt_1e-05_a_0.001_interval_100000/field_states
Figures will be saved to: data/set6/T0_7350_dt_1e-05_a_0.001_interval_100000/figs/latticeSnapshot

============================================================
Starting time evolution...
Grid: 128×128, Steps: 100000000, dt: 1.00e-05
Using fused RK2: True
Using in-kernel RNG: True
Field precision: float32
Spline resolution N_Y: 256
============================================================

Warming up JIT compilation...
JIT warmup complete. Starting main loop...

Step 0/100000000 | t=0.00e+00 | T=7350.0 | 15.6 steps/s | 0.00 ms/step | ETA: 0.0 min
Step 100000/100000000 | t=1.00e-03 | T=7350.0 | 985.1 steps/s | 1.02 ms/step | ETA: 1690.2 min
Step 200000/100000000 | t=2.00e-03 | T=7350.0 | 1189.3 steps/s | 0.84 ms/step | ETA: 1398.6 min
Step 300000/100000000 | t=3.00e-03 | T=7350.0 | 1273.0 steps/s | 0.79 ms/step | ETA: 1305.3 min
Step 400000/100000000 | t=4.00e-03 | T=7350.0 | 1322.1 steps/s | 0.76 ms/step | ETA: 1255.6 min
Step 500000/100000000 | t=5.00e-03 | T=7350.0 | 1352.1 steps/s | 0.74 ms/step | ETA: 1226.4 min
Step 600000/100000000 | t=6.00e-03 | T=7350.0 | 1363.8 steps/s | 0.73 ms/step | ETA: 1214.7 min
Step 700000/100000000 | t=7.00e-03 | T=7350.0 | 1367.0 steps/s | 0.73 ms/step | ETA: 1210.7 min
Step 800000/100000000 | t=8.00e-03 | T=7350.0 | 1378.0 steps/s | 0.73 ms/step | ETA: 1199.8 min
Step 900000/100000000 | t=9.00e-03 | T=7350.0 | 1382.9 steps/s | 0.72 ms/step | ETA: 1194.4 min
Step 1000000/100000000 | t=1.00e-02 | T=7350.0 | 1386.8 steps/s | 0.72 ms/step | ETA: 1189.8 min
Step 1100000/100000000 | t=1.10e-02 | T=7350.0 | 1391.9 steps/s | 0.72 ms/step | ETA: 1184.3 min
Step 1200000/100000000 | t=1.20e-02 | T=7350.0 | 1407.0 steps/s | 0.71 ms/step | ETA: 1170.3 min
Step 1300000/100000000 | t=1.30e-02 | T=7350.0 | 1409.0 steps/s | 0.71 ms/step | ETA: 1167.5 min
Step 1400000/100000000 | t=1.40e-02 | T=7350.0 | 1413.6 steps/s | 0.71 ms/step | ETA: 1162.5 min
Step 1500000/100000000 | t=1.50e-02 | T=7350.0 | 1409.6 steps/s | 0.71 ms/step | ETA: 1164.6 min
Step 1600000/100000000 | t=1.60e-02 | T=7350.0 | 1413.5 steps/s | 0.71 ms/step | ETA: 1160.3 min
Step 1700000/100000000 | t=1.70e-02 | T=7350.0 | 1415.6 steps/s | 0.71 ms/step | ETA: 1157.4 min
Step 1800000/100000000 | t=1.80e-02 | T=7350.0 | 1419.5 steps/s | 0.70 ms/step | ETA: 1153.0 min
Step 1900000/100000000 | t=1.90e-02 | T=7350.0 | 1420.1 steps/s | 0.70 ms/step | ETA: 1151.3 min
Step 2000000/100000000 | t=2.00e-02 | T=7350.0 | 1419.9 steps/s | 0.70 ms/step | ETA: 1150.3 min
Step 2100000/100000000 | t=2.10e-02 | T=7350.0 | 1418.4 steps/s | 0.71 ms/step | ETA: 1150.3 min
Step 2200000/100000000 | t=2.20e-02 | T=7350.0 | 1417.9 steps/s | 0.71 ms/step | ETA: 1149.6 min
Step 2300000/100000000 | t=2.30e-02 | T=7350.0 | 1420.7 steps/s | 0.70 ms/step | ETA: 1146.1 min
Step 2400000/100000000 | t=2.40e-02 | T=7350.0 | 1422.8 steps/s | 0.70 ms/step | ETA: 1143.3 min
Step 2500000/100000000 | t=2.50e-02 | T=7350.0 | 1416.2 steps/s | 0.71 ms/step | ETA: 1147.4 min
Step 2600000/100000000 | t=2.60e-02 | T=7350.0 | 1405.5 steps/s | 0.71 ms/step | ETA: 1155.0 min
Step 2700000/100000000 | t=2.70e-02 | T=7350.0 | 1393.2 steps/s | 0.72 ms/step | ETA: 1164.0 min
Step 2800000/100000000 | t=2.80e-02 | T=7350.0 | 1383.9 steps/s | 0.72 ms/step | ETA: 1170.6 min
Step 2900000/100000000 | t=2.90e-02 | T=7350.0 | 1372.3 steps/s | 0.73 ms/step | ETA: 1179.3 min
Step 3000000/100000000 | t=3.00e-02 | T=7350.0 | 1365.4 steps/s | 0.73 ms/step | ETA: 1184.0 min
Step 3100000/100000000 | t=3.10e-02 | T=7350.0 | 1355.2 steps/s | 0.74 ms/step | ETA: 1191.7 min
Step 3200000/100000000 | t=3.20e-02 | T=7350.0 | 1348.7 steps/s | 0.74 ms/step | ETA: 1196.2 min
Step 3300000/100000000 | t=3.30e-02 | T=7350.0 | 1341.0 steps/s | 0.75 ms/step | ETA: 1201.8 min
Step 3400000/100000000 | t=3.40e-02 | T=7350.0 | 1335.9 steps/s | 0.75 ms/step | ETA: 1205.2 min
Step 3500000/100000000 | t=3.50e-02 | T=7350.0 | 1327.7 steps/s | 0.75 ms/step | ETA: 1211.4 min
Step 3600000/100000000 | t=3.60e-02 | T=7350.0 | 1320.9 steps/s | 0.76 ms/step | ETA: 1216.3 min
Step 3700000/100000000 | t=3.70e-02 | T=7350.0 | 1313.7 steps/s | 0.76 ms/step | ETA: 1221.7 min
Step 3800000/100000000 | t=3.80e-02 | T=7350.0 | 1307.8 steps/s | 0.76 ms/step | ETA: 1226.0 min
Step 3900000/100000000 | t=3.90e-02 | T=7350.0 | 1298.7 steps/s | 0.77 ms/step | ETA: 1233.3 min
Step 4000000/100000000 | t=4.00e-02 | T=7350.0 | 1291.2 steps/s | 0.77 ms/step | ETA: 1239.1 min
Step 4100000/100000000 | t=4.10e-02 | T=7350.0 | 1284.0 steps/s | 0.78 ms/step | ETA: 1244.8 min
Step 4200000/100000000 | t=4.20e-02 | T=7350.0 | 1279.4 steps/s | 0.78 ms/step | ETA: 1248.0 min
Step 4300000/100000000 | t=4.30e-02 | T=7350.0 | 1274.8 steps/s | 0.78 ms/step | ETA: 1251.1 min
Step 4400000/100000000 | t=4.40e-02 | T=7350.0 | 1268.9 steps/s | 0.79 ms/step | ETA: 1255.7 min
Step 4500000/100000000 | t=4.50e-02 | T=7350.0 | 1263.3 steps/s | 0.79 ms/step | ETA: 1260.0 min
Step 4600000/100000000 | t=4.60e-02 | T=7350.0 | 1260.3 steps/s | 0.79 ms/step | ETA: 1261.6 min
Step 4700000/100000000 | t=4.70e-02 | T=7350.0 | 1258.2 steps/s | 0.79 ms/step | ETA: 1262.4 min
Step 4800000/100000000 | t=4.80e-02 | T=7350.0 | 1256.2 steps/s | 0.80 ms/step | ETA: 1263.1 min
Step 4900000/100000000 | t=4.90e-02 | T=7350.0 | 1253.9 steps/s | 0.80 ms/step | ETA: 1264.1 min
Step 5000000/100000000 | t=5.00e-02 | T=7349.9 | 1252.7 steps/s | 0.80 ms/step | ETA: 1263.9 min
Step 5100000/100000000 | t=5.10e-02 | T=7349.9 | 1251.6 steps/s | 0.80 ms/step | ETA: 1263.7 min
Step 5200000/100000000 | t=5.20e-02 | T=7349.9 | 1251.1 steps/s | 0.80 ms/step | ETA: 1262.9 min
Step 5300000/100000000 | t=5.30e-02 | T=7349.9 | 1251.1 steps/s | 0.80 ms/step | ETA: 1261.6 min
Step 5400000/100000000 | t=5.40e-02 | T=7349.9 | 1251.4 steps/s | 0.80 ms/step | ETA: 1259.9 min
Step 5500000/100000000 | t=5.50e-02 | T=7349.9 | 1252.1 steps/s | 0.80 ms/step | ETA: 1257.9 min
Step 5600000/100000000 | t=5.60e-02 | T=7349.9 | 1251.3 steps/s | 0.80 ms/step | ETA: 1257.3 min
Step 5700000/100000000 | t=5.70e-02 | T=7349.9 | 1248.3 steps/s | 0.80 ms/step | ETA: 1259.0 min
Step 5800000/100000000 | t=5.80e-02 | T=7349.9 | 1247.0 steps/s | 0.80 ms/step | ETA: 1259.0 min
Step 5900000/100000000 | t=5.90e-02 | T=7349.9 | 1246.4 steps/s | 0.80 ms/step | ETA: 1258.3 min
Step 6000000/100000000 | t=6.00e-02 | T=7349.9 | 1245.9 steps/s | 0.80 ms/step | ETA: 1257.5 min
Step 6100000/100000000 | t=6.10e-02 | T=7349.9 | 1245.2 steps/s | 0.80 ms/step | ETA: 1256.8 min
Step 6200000/100000000 | t=6.20e-02 | T=7349.9 | 1245.1 steps/s | 0.80 ms/step | ETA: 1255.6 min
Step 6300000/100000000 | t=6.30e-02 | T=7349.9 | 1243.3 steps/s | 0.80 ms/step | ETA: 1256.1 min
Step 6400000/100000000 | t=6.40e-02 | T=7349.9 | 1241.2 steps/s | 0.81 ms/step | ETA: 1256.9 min
Step 6500000/100000000 | t=6.50e-02 | T=7349.9 | 1240.0 steps/s | 0.81 ms/step | ETA: 1256.7 min
Step 6600000/100000000 | t=6.60e-02 | T=7349.9 | 1239.4 steps/s | 0.81 ms/step | ETA: 1256.0 min
Step 6700000/100000000 | t=6.70e-02 | T=7349.9 | 1240.2 steps/s | 0.81 ms/step | ETA: 1253.8 min
Step 6800000/100000000 | t=6.80e-02 | T=7349.9 | 1241.5 steps/s | 0.81 ms/step | ETA: 1251.2 min
Step 6900000/100000000 | t=6.90e-02 | T=7349.9 | 1242.1 steps/s | 0.81 ms/step | ETA: 1249.3 min
Step 7000000/100000000 | t=7.00e-02 | T=7349.9 | 1243.2 steps/s | 0.80 ms/step | ETA: 1246.8 min
Step 7100000/100000000 | t=7.10e-02 | T=7349.9 | 1243.4 steps/s | 0.80 ms/step | ETA: 1245.3 min
Step 7200000/100000000 | t=7.20e-02 | T=7349.9 | 1243.4 steps/s | 0.80 ms/step | ETA: 1243.9 min
Step 7300000/100000000 | t=7.30e-02 | T=7349.9 | 1243.9 steps/s | 0.80 ms/step | ETA: 1242.0 min
Step 7400000/100000000 | t=7.40e-02 | T=7349.9 | 1244.1 steps/s | 0.80 ms/step | ETA: 1240.5 min
Step 7500000/100000000 | t=7.50e-02 | T=7349.9 | 1244.6 steps/s | 0.80 ms/step | ETA: 1238.7 min
Step 7600000/100000000 | t=7.60e-02 | T=7349.9 | 1244.6 steps/s | 0.80 ms/step | ETA: 1237.3 min
Step 7700000/100000000 | t=7.70e-02 | T=7349.9 | 1244.1 steps/s | 0.80 ms/step | ETA: 1236.5 min
Step 7800000/100000000 | t=7.80e-02 | T=7349.9 | 1244.5 steps/s | 0.80 ms/step | ETA: 1234.8 min
Step 7900000/100000000 | t=7.90e-02 | T=7349.9 | 1244.6 steps/s | 0.80 ms/step | ETA: 1233.4 min
Step 8000000/100000000 | t=8.00e-02 | T=7349.9 | 1244.2 steps/s | 0.80 ms/step | ETA: 1232.4 min
Step 8100000/100000000 | t=8.10e-02 | T=7349.9 | 1245.0 steps/s | 0.80 ms/step | ETA: 1230.2 min
Step 8200000/100000000 | t=8.20e-02 | T=7349.9 | 1245.8 steps/s | 0.80 ms/step | ETA: 1228.1 min
Step 8300000/100000000 | t=8.30e-02 | T=7349.9 | 1246.2 steps/s | 0.80 ms/step | ETA: 1226.4 min
Step 8400000/100000000 | t=8.40e-02 | T=7349.9 | 1245.9 steps/s | 0.80 ms/step | ETA: 1225.4 min
Step 8500000/100000000 | t=8.50e-02 | T=7349.9 | 1245.1 steps/s | 0.80 ms/step | ETA: 1224.8 min
Step 8600000/100000000 | t=8.60e-02 | T=7349.9 | 1245.2 steps/s | 0.80 ms/step | ETA: 1223.4 min
Step 8700000/100000000 | t=8.70e-02 | T=7349.9 | 1244.2 steps/s | 0.80 ms/step | ETA: 1223.1 min
Step 8800000/100000000 | t=8.80e-02 | T=7349.9 | 1242.7 steps/s | 0.80 ms/step | ETA: 1223.1 min
Step 8900000/100000000 | t=8.90e-02 | T=7349.9 | 1241.2 steps/s | 0.81 ms/step | ETA: 1223.3 min
Step 9000000/100000000 | t=9.00e-02 | T=7349.9 | 1239.9 steps/s | 0.81 ms/step | ETA: 1223.2 min
Step 9100000/100000000 | t=9.10e-02 | T=7349.9 | 1238.8 steps/s | 0.81 ms/step | ETA: 1222.9 min
Step 9200000/100000000 | t=9.20e-02 | T=7349.9 | 1237.9 steps/s | 0.81 ms/step | ETA: 1222.5 min
Step 9300000/100000000 | t=9.30e-02 | T=7349.9 | 1237.8 steps/s | 0.81 ms/step | ETA: 1221.3 min
Step 9400000/100000000 | t=9.40e-02 | T=7349.9 | 1238.5 steps/s | 0.81 ms/step | ETA: 1219.2 min
Step 9500000/100000000 | t=9.50e-02 | T=7349.9 | 1239.1 steps/s | 0.81 ms/step | ETA: 1217.3 min
Step 9600000/100000000 | t=9.60e-02 | T=7349.9 | 1239.4 steps/s | 0.81 ms/step | ETA: 1215.6 min
Step 9700000/100000000 | t=9.70e-02 | T=7349.9 | 1239.7 steps/s | 0.81 ms/step | ETA: 1214.0 min
Step 9800000/100000000 | t=9.80e-02 | T=7349.9 | 1240.1 steps/s | 0.81 ms/step | ETA: 1212.3 min
Step 9900000/100000000 | t=9.90e-02 | T=7349.9 | 1240.4 steps/s | 0.81 ms/step | ETA: 1210.6 min
Step 10000000/100000000 | t=1.00e-01 | T=7349.9 | 1239.9 steps/s | 0.81 ms/step | ETA: 1209.8 min
Step 10100000/100000000 | t=1.01e-01 | T=7349.9 | 1239.3 steps/s | 0.81 ms/step | ETA: 1209.0 min
Step 10200000/100000000 | t=1.02e-01 | T=7349.9 | 1238.8 steps/s | 0.81 ms/step | ETA: 1208.2 min
Step 10300000/100000000 | t=1.03e-01 | T=7349.9 | 1238.4 steps/s | 0.81 ms/step | ETA: 1207.2 min
Step 10400000/100000000 | t=1.04e-01 | T=7349.9 | 1238.2 steps/s | 0.81 ms/step | ETA: 1206.0 min
Step 10500000/100000000 | t=1.05e-01 | T=7349.9 | 1238.3 steps/s | 0.81 ms/step | ETA: 1204.6 min
Step 10600000/100000000 | t=1.06e-01 | T=7349.9 | 1238.0 steps/s | 0.81 ms/step | ETA: 1203.6 min
Step 10700000/100000000 | t=1.07e-01 | T=7349.9 | 1237.5 steps/s | 0.81 ms/step | ETA: 1202.7 min
Step 10800000/100000000 | t=1.08e-01 | T=7349.9 | 1236.4 steps/s | 0.81 ms/step | ETA: 1202.4 min
Step 10900000/100000000 | t=1.09e-01 | T=7349.9 | 1235.4 steps/s | 0.81 ms/step | ETA: 1202.1 min
Step 11000000/100000000 | t=1.10e-01 | T=7349.9 | 1235.2 steps/s | 0.81 ms/step | ETA: 1200.8 min
Step 11100000/100000000 | t=1.11e-01 | T=7349.9 | 1236.0 steps/s | 0.81 ms/step | ETA: 1198.8 min
Step 11200000/100000000 | t=1.12e-01 | T=7349.9 | 1236.9 steps/s | 0.81 ms/step | ETA: 1196.5 min
Step 11300000/100000000 | t=1.13e-01 | T=7349.9 | 1237.5 steps/s | 0.81 ms/step | ETA: 1194.6 min
Step 11400000/100000000 | t=1.14e-01 | T=7349.9 | 1238.0 steps/s | 0.81 ms/step | ETA: 1192.7 min
Step 11500000/100000000 | t=1.15e-01 | T=7349.9 | 1238.7 steps/s | 0.81 ms/step | ETA: 1190.7 min
Step 11600000/100000000 | t=1.16e-01 | T=7349.9 | 1239.3 steps/s | 0.81 ms/step | ETA: 1188.8 min
Step 11700000/100000000 | t=1.17e-01 | T=7349.9 | 1239.7 steps/s | 0.81 ms/step | ETA: 1187.1 min
Step 11800000/100000000 | t=1.18e-01 | T=7349.9 | 1240.3 steps/s | 0.81 ms/step | ETA: 1185.2 min
Step 11900000/100000000 | t=1.19e-01 | T=7349.9 | 1241.0 steps/s | 0.81 ms/step | ETA: 1183.2 min
Step 12000000/100000000 | t=1.20e-01 | T=7349.9 | 1241.6 steps/s | 0.81 ms/step | ETA: 1181.3 min
Step 12100000/100000000 | t=1.21e-01 | T=7349.9 | 1242.1 steps/s | 0.81 ms/step | ETA: 1179.4 min
Step 12200000/100000000 | t=1.22e-01 | T=7349.9 | 1242.4 steps/s | 0.80 ms/step | ETA: 1177.8 min
Step 12300000/100000000 | t=1.23e-01 | T=7349.9 | 1243.0 steps/s | 0.80 ms/step | ETA: 1175.9 min
Step 12400000/100000000 | t=1.24e-01 | T=7349.9 | 1243.6 steps/s | 0.80 ms/step | ETA: 1174.0 min
Step 12500000/100000000 | t=1.25e-01 | T=7349.9 | 1244.0 steps/s | 0.80 ms/step | ETA: 1172.3 min
Step 12600000/100000000 | t=1.26e-01 | T=7349.9 | 1244.1 steps/s | 0.80 ms/step | ETA: 1170.8 min
Step 12700000/100000000 | t=1.27e-01 | T=7349.9 | 1244.5 steps/s | 0.80 ms/step | ETA: 1169.2 min
Step 12800000/100000000 | t=1.28e-01 | T=7349.9 | 1244.1 steps/s | 0.80 ms/step | ETA: 1168.2 min
Step 12900000/100000000 | t=1.29e-01 | T=7349.9 | 1243.2 steps/s | 0.80 ms/step | ETA: 1167.7 min
Step 13000000/100000000 | t=1.30e-01 | T=7349.9 | 1243.0 steps/s | 0.80 ms/step | ETA: 1166.5 min
Step 13100000/100000000 | t=1.31e-01 | T=7349.9 | 1242.6 steps/s | 0.80 ms/step | ETA: 1165.6 min
Step 13200000/100000000 | t=1.32e-01 | T=7349.9 | 1242.3 steps/s | 0.80 ms/step | ETA: 1164.5 min
Step 13300000/100000000 | t=1.33e-01 | T=7349.9 | 1241.5 steps/s | 0.81 ms/step | ETA: 1163.9 min
Step 13400000/100000000 | t=1.34e-01 | T=7349.9 | 1240.6 steps/s | 0.81 ms/step | ETA: 1163.4 min
Step 13500000/100000000 | t=1.35e-01 | T=7349.9 | 1239.5 steps/s | 0.81 ms/step | ETA: 1163.1 min
Step 13600000/100000000 | t=1.36e-01 | T=7349.9 | 1239.4 steps/s | 0.81 ms/step | ETA: 1161.8 min
Step 13700000/100000000 | t=1.37e-01 | T=7349.9 | 1238.9 steps/s | 0.81 ms/step | ETA: 1161.0 min
Step 13800000/100000000 | t=1.38e-01 | T=7349.9 | 1238.8 steps/s | 0.81 ms/step | ETA: 1159.7 min
Step 13900000/100000000 | t=1.39e-01 | T=7349.9 | 1238.4 steps/s | 0.81 ms/step | ETA: 1158.8 min
Step 14000000/100000000 | t=1.40e-01 | T=7349.9 | 1238.0 steps/s | 0.81 ms/step | ETA: 1157.7 min
Step 14100000/100000000 | t=1.41e-01 | T=7349.9 | 1238.5 steps/s | 0.81 ms/step | ETA: 1156.0 min
Step 14200000/100000000 | t=1.42e-01 | T=7349.9 | 1238.8 steps/s | 0.81 ms/step | ETA: 1154.3 min
Step 14300000/100000000 | t=1.43e-01 | T=7349.9 | 1239.2 steps/s | 0.81 ms/step | ETA: 1152.6 min
Step 14400000/100000000 | t=1.44e-01 | T=7349.9 | 1238.9 steps/s | 0.81 ms/step | ETA: 1151.5 min
Step 14500000/100000000 | t=1.45e-01 | T=7349.9 | 1239.0 steps/s | 0.81 ms/step | ETA: 1150.1 min
Step 14600000/100000000 | t=1.46e-01 | T=7349.9 | 1238.9 steps/s | 0.81 ms/step | ETA: 1148.9 min
Step 14700000/100000000 | t=1.47e-01 | T=7349.9 | 1238.1 steps/s | 0.81 ms/step | ETA: 1148.3 min
Step 14800000/100000000 | t=1.48e-01 | T=7349.9 | 1237.6 steps/s | 0.81 ms/step | ETA: 1147.4 min
Step 14900000/100000000 | t=1.49e-01 | T=7349.9 | 1237.1 steps/s | 0.81 ms/step | ETA: 1146.5 min
Step 15000000/100000000 | t=1.50e-01 | T=7349.9 | 1236.6 steps/s | 0.81 ms/step | ETA: 1145.6 min
Step 15100000/100000000 | t=1.51e-01 | T=7349.8 | 1236.1 steps/s | 0.81 ms/step | ETA: 1144.7 min
Step 15200000/100000000 | t=1.52e-01 | T=7349.8 | 1235.6 steps/s | 0.81 ms/step | ETA: 1143.9 min
Step 15300000/100000000 | t=1.53e-01 | T=7349.8 | 1235.1 steps/s | 0.81 ms/step | ETA: 1142.9 min
Step 15400000/100000000 | t=1.54e-01 | T=7349.8 | 1235.0 steps/s | 0.81 ms/step | ETA: 1141.7 min
Step 15500000/100000000 | t=1.55e-01 | T=7349.8 | 1235.3 steps/s | 0.81 ms/step | ETA: 1140.0 min
Step 15600000/100000000 | t=1.56e-01 | T=7349.8 | 1235.7 steps/s | 0.81 ms/step | ETA: 1138.3 min
Step 15700000/100000000 | t=1.57e-01 | T=7349.8 | 1235.8 steps/s | 0.81 ms/step | ETA: 1136.9 min
Step 15800000/100000000 | t=1.58e-01 | T=7349.8 | 1235.9 steps/s | 0.81 ms/step | ETA: 1135.4 min
Step 15900000/100000000 | t=1.59e-01 | T=7349.8 | 1236.0 steps/s | 0.81 ms/step | ETA: 1134.0 min
Step 16000000/100000000 | t=1.60e-01 | T=7349.8 | 1235.7 steps/s | 0.81 ms/step | ETA: 1133.0 min
Step 16100000/100000000 | t=1.61e-01 | T=7349.8 | 1235.2 steps/s | 0.81 ms/step | ETA: 1132.1 min
Step 16200000/100000000 | t=1.62e-01 | T=7349.8 | 1234.9 steps/s | 0.81 ms/step | ETA: 1131.0 min
Step 16300000/100000000 | t=1.63e-01 | T=7349.8 | 1235.3 steps/s | 0.81 ms/step | ETA: 1129.3 min
Step 16400000/100000000 | t=1.64e-01 | T=7349.8 | 1235.7 steps/s | 0.81 ms/step | ETA: 1127.5 min
Step 16500000/100000000 | t=1.65e-01 | T=7349.8 | 1234.7 steps/s | 0.81 ms/step | ETA: 1127.1 min
Step 16600000/100000000 | t=1.66e-01 | T=7349.8 | 1235.1 steps/s | 0.81 ms/step | ETA: 1125.4 min
Step 16700000/100000000 | t=1.67e-01 | T=7349.8 | 1234.8 steps/s | 0.81 ms/step | ETA: 1124.4 min
Step 16800000/100000000 | t=1.68e-01 | T=7349.8 | 1234.7 steps/s | 0.81 ms/step | ETA: 1123.1 min
Step 16900000/100000000 | t=1.69e-01 | T=7349.8 | 1234.7 steps/s | 0.81 ms/step | ETA: 1121.7 min
Step 17000000/100000000 | t=1.70e-01 | T=7349.8 | 1235.1 steps/s | 0.81 ms/step | ETA: 1120.0 min
Step 17100000/100000000 | t=1.71e-01 | T=7349.8 | 1235.0 steps/s | 0.81 ms/step | ETA: 1118.8 min
Step 17200000/100000000 | t=1.72e-01 | T=7349.8 | 1234.5 steps/s | 0.81 ms/step | ETA: 1117.9 min
Step 17300000/100000000 | t=1.73e-01 | T=7349.8 | 1234.1 steps/s | 0.81 ms/step | ETA: 1116.9 min
Step 17400000/100000000 | t=1.74e-01 | T=7349.8 | 1233.0 steps/s | 0.81 ms/step | ETA: 1116.5 min
Step 17500000/100000000 | t=1.75e-01 | T=7349.8 | 1231.4 steps/s | 0.81 ms/step | ETA: 1116.7 min
Step 17600000/100000000 | t=1.76e-01 | T=7349.8 | 1229.8 steps/s | 0.81 ms/step | ETA: 1116.7 min
Step 17700000/100000000 | t=1.77e-01 | T=7349.8 | 1230.1 steps/s | 0.81 ms/step | ETA: 1115.1 min
Step 17800000/100000000 | t=1.78e-01 | T=7349.8 | 1230.3 steps/s | 0.81 ms/step | ETA: 1113.6 min
Step 17900000/100000000 | t=1.79e-01 | T=7349.8 | 1230.0 steps/s | 0.81 ms/step | ETA: 1112.5 min
Step 18000000/100000000 | t=1.80e-01 | T=7349.8 | 1229.5 steps/s | 0.81 ms/step | ETA: 1111.6 min
Step 18100000/100000000 | t=1.81e-01 | T=7349.8 | 1229.8 steps/s | 0.81 ms/step | ETA: 1110.0 min
Step 18200000/100000000 | t=1.82e-01 | T=7349.8 | 1230.8 steps/s | 0.81 ms/step | ETA: 1107.7 min
Step 18300000/100000000 | t=1.83e-01 | T=7349.8 | 1231.3 steps/s | 0.81 ms/step | ETA: 1105.9 min
Step 18400000/100000000 | t=1.84e-01 | T=7349.8 | 1232.0 steps/s | 0.81 ms/step | ETA: 1103.9 min
Step 18500000/100000000 | t=1.85e-01 | T=7349.8 | 1232.6 steps/s | 0.81 ms/step | ETA: 1102.0 min
Step 18600000/100000000 | t=1.86e-01 | T=7349.8 | 1233.3 steps/s | 0.81 ms/step | ETA: 1100.0 min
Step 18700000/100000000 | t=1.87e-01 | T=7349.8 | 1233.9 steps/s | 0.81 ms/step | ETA: 1098.1 min
Step 18800000/100000000 | t=1.88e-01 | T=7349.8 | 1234.6 steps/s | 0.81 ms/step | ETA: 1096.2 min
Step 18900000/100000000 | t=1.89e-01 | T=7349.8 | 1235.3 steps/s | 0.81 ms/step | ETA: 1094.2 min
Step 19000000/100000000 | t=1.90e-01 | T=7349.8 | 1236.2 steps/s | 0.81 ms/step | ETA: 1092.1 min
Step 19100000/100000000 | t=1.91e-01 | T=7349.8 | 1236.9 steps/s | 0.81 ms/step | ETA: 1090.1 min
Step 19200000/100000000 | t=1.92e-01 | T=7349.8 | 1237.4 steps/s | 0.81 ms/step | ETA: 1088.3 min
Step 19300000/100000000 | t=1.93e-01 | T=7349.8 | 1237.9 steps/s | 0.81 ms/step | ETA: 1086.5 min
Step 19400000/100000000 | t=1.94e-01 | T=7349.8 | 1238.5 steps/s | 0.81 ms/step | ETA: 1084.6 min
Step 19500000/100000000 | t=1.95e-01 | T=7349.8 | 1239.1 steps/s | 0.81 ms/step | ETA: 1082.7 min
Step 19600000/100000000 | t=1.96e-01 | T=7349.8 | 1239.7 steps/s | 0.81 ms/step | ETA: 1080.9 min
Step 19700000/100000000 | t=1.97e-01 | T=7349.8 | 1240.3 steps/s | 0.81 ms/step | ETA: 1079.1 min
Step 19800000/100000000 | t=1.98e-01 | T=7349.8 | 1240.6 steps/s | 0.81 ms/step | ETA: 1077.5 min
Step 19900000/100000000 | t=1.99e-01 | T=7349.8 | 1241.4 steps/s | 0.81 ms/step | ETA: 1075.4 min
Step 20000000/100000000 | t=2.00e-01 | T=7349.8 | 1242.1 steps/s | 0.81 ms/step | ETA: 1073.5 min
Step 20100000/100000000 | t=2.01e-01 | T=7349.8 | 1242.8 steps/s | 0.80 ms/step | ETA: 1071.5 min
Step 20200000/100000000 | t=2.02e-01 | T=7349.8 | 1243.5 steps/s | 0.80 ms/step | ETA: 1069.6 min
Step 20300000/100000000 | t=2.03e-01 | T=7349.8 | 1244.2 steps/s | 0.80 ms/step | ETA: 1067.6 min
Step 20400000/100000000 | t=2.04e-01 | T=7349.8 | 1245.0 steps/s | 0.80 ms/step | ETA: 1065.6 min
Step 20500000/100000000 | t=2.05e-01 | T=7349.8 | 1245.7 steps/s | 0.80 ms/step | ETA: 1063.7 min
Step 20600000/100000000 | t=2.06e-01 | T=7349.8 | 1246.3 steps/s | 0.80 ms/step | ETA: 1061.8 min
Step 20700000/100000000 | t=2.07e-01 | T=7349.8 | 1247.0 steps/s | 0.80 ms/step | ETA: 1059.9 min
Step 20800000/100000000 | t=2.08e-01 | T=7349.8 | 1247.6 steps/s | 0.80 ms/step | ETA: 1058.0 min
Step 20900000/100000000 | t=2.09e-01 | T=7349.8 | 1248.3 steps/s | 0.80 ms/step | ETA: 1056.1 min
Step 21000000/100000000 | t=2.10e-01 | T=7349.8 | 1249.0 steps/s | 0.80 ms/step | ETA: 1054.2 min
Step 21100000/100000000 | t=2.11e-01 | T=7349.8 | 1249.8 steps/s | 0.80 ms/step | ETA: 1052.2 min
Step 21200000/100000000 | t=2.12e-01 | T=7349.8 | 1250.6 steps/s | 0.80 ms/step | ETA: 1050.1 min
Step 21300000/100000000 | t=2.13e-01 | T=7349.8 | 1251.4 steps/s | 0.80 ms/step | ETA: 1048.2 min
Step 21400000/100000000 | t=2.14e-01 | T=7349.8 | 1252.0 steps/s | 0.80 ms/step | ETA: 1046.3 min
Step 21500000/100000000 | t=2.15e-01 | T=7349.8 | 1252.7 steps/s | 0.80 ms/step | ETA: 1044.4 min
Step 21600000/100000000 | t=2.16e-01 | T=7349.8 | 1253.2 steps/s | 0.80 ms/step | ETA: 1042.6 min
Step 21700000/100000000 | t=2.17e-01 | T=7349.8 | 1254.1 steps/s | 0.80 ms/step | ETA: 1040.6 min
Step 21800000/100000000 | t=2.18e-01 | T=7349.8 | 1254.8 steps/s | 0.80 ms/step | ETA: 1038.6 min
Step 21900000/100000000 | t=2.19e-01 | T=7349.8 | 1255.5 steps/s | 0.80 ms/step | ETA: 1036.8 min
Step 22000000/100000000 | t=2.20e-01 | T=7349.8 | 1255.8 steps/s | 0.80 ms/step | ETA: 1035.2 min
Step 22100000/100000000 | t=2.21e-01 | T=7349.8 | 1256.2 steps/s | 0.80 ms/step | ETA: 1033.5 min
Step 22200000/100000000 | t=2.22e-01 | T=7349.8 | 1256.6 steps/s | 0.80 ms/step | ETA: 1031.9 min
Step 22300000/100000000 | t=2.23e-01 | T=7349.8 | 1257.1 steps/s | 0.80 ms/step | ETA: 1030.2 min
Step 22400000/100000000 | t=2.24e-01 | T=7349.8 | 1257.6 steps/s | 0.80 ms/step | ETA: 1028.4 min
Step 22500000/100000000 | t=2.25e-01 | T=7349.8 | 1257.9 steps/s | 0.79 ms/step | ETA: 1026.9 min
Step 22600000/100000000 | t=2.26e-01 | T=7349.8 | 1258.2 steps/s | 0.79 ms/step | ETA: 1025.3 min
Step 22700000/100000000 | t=2.27e-01 | T=7349.8 | 1258.8 steps/s | 0.79 ms/step | ETA: 1023.4 min
Step 22800000/100000000 | t=2.28e-01 | T=7349.8 | 1259.3 steps/s | 0.79 ms/step | ETA: 1021.7 min
Step 22900000/100000000 | t=2.29e-01 | T=7349.8 | 1259.9 steps/s | 0.79 ms/step | ETA: 1019.9 min
Step 23000000/100000000 | t=2.30e-01 | T=7349.8 | 1260.2 steps/s | 0.79 ms/step | ETA: 1018.4 min
Step 23100000/100000000 | t=2.31e-01 | T=7349.8 | 1260.7 steps/s | 0.79 ms/step | ETA: 1016.7 min
Step 23200000/100000000 | t=2.32e-01 | T=7349.8 | 1261.2 steps/s | 0.79 ms/step | ETA: 1014.9 min
Step 23300000/100000000 | t=2.33e-01 | T=7349.8 | 1261.6 steps/s | 0.79 ms/step | ETA: 1013.3 min
Step 23400000/100000000 | t=2.34e-01 | T=7349.8 | 1262.1 steps/s | 0.79 ms/step | ETA: 1011.6 min
Step 23500000/100000000 | t=2.35e-01 | T=7349.8 | 1262.7 steps/s | 0.79 ms/step | ETA: 1009.7 min
Step 23600000/100000000 | t=2.36e-01 | T=7349.8 | 1263.2 steps/s | 0.79 ms/step | ETA: 1008.0 min
Step 23700000/100000000 | t=2.37e-01 | T=7349.8 | 1263.6 steps/s | 0.79 ms/step | ETA: 1006.4 min
Step 23800000/100000000 | t=2.38e-01 | T=7349.8 | 1264.1 steps/s | 0.79 ms/step | ETA: 1004.7 min
Step 23900000/100000000 | t=2.39e-01 | T=7349.8 | 1264.1 steps/s | 0.79 ms/step | ETA: 1003.3 min
Step 24000000/100000000 | t=2.40e-01 | T=7349.8 | 1264.6 steps/s | 0.79 ms/step | ETA: 1001.7 min
Step 24100000/100000000 | t=2.41e-01 | T=7349.8 | 1264.9 steps/s | 0.79 ms/step | ETA: 1000.0 min
Step 24200000/100000000 | t=2.42e-01 | T=7349.8 | 1265.4 steps/s | 0.79 ms/step | ETA: 998.3 min
Step 24300000/100000000 | t=2.43e-01 | T=7349.8 | 1265.9 steps/s | 0.79 ms/step | ETA: 996.7 min
Step 24400000/100000000 | t=2.44e-01 | T=7349.8 | 1266.4 steps/s | 0.79 ms/step | ETA: 994.9 min
Step 24500000/100000000 | t=2.45e-01 | T=7349.8 | 1266.9 steps/s | 0.79 ms/step | ETA: 993.2 min
Step 24600000/100000000 | t=2.46e-01 | T=7349.8 | 1267.3 steps/s | 0.79 ms/step | ETA: 991.6 min
Step 24700000/100000000 | t=2.47e-01 | T=7349.8 | 1267.8 steps/s | 0.79 ms/step | ETA: 989.9 min
Step 24800000/100000000 | t=2.48e-01 | T=7349.8 | 1268.2 steps/s | 0.79 ms/step | ETA: 988.3 min
Step 24900000/100000000 | t=2.49e-01 | T=7349.8 | 1268.6 steps/s | 0.79 ms/step | ETA: 986.6 min
Step 25000000/100000000 | t=2.50e-01 | T=7349.8 | 1269.1 steps/s | 0.79 ms/step | ETA: 985.0 min
Step 25100000/100000000 | t=2.51e-01 | T=7349.7 | 1269.3 steps/s | 0.79 ms/step | ETA: 983.5 min
Step 25200000/100000000 | t=2.52e-01 | T=7349.7 | 1269.7 steps/s | 0.79 ms/step | ETA: 981.9 min
Step 25300000/100000000 | t=2.53e-01 | T=7349.7 | 1270.2 steps/s | 0.79 ms/step | ETA: 980.2 min
Step 25400000/100000000 | t=2.54e-01 | T=7349.7 | 1270.6 steps/s | 0.79 ms/step | ETA: 978.5 min
Step 25500000/100000000 | t=2.55e-01 | T=7349.7 | 1271.0 steps/s | 0.79 ms/step | ETA: 976.9 min
Step 25600000/100000000 | t=2.56e-01 | T=7349.7 | 1271.5 steps/s | 0.79 ms/step | ETA: 975.3 min
Step 25700000/100000000 | t=2.57e-01 | T=7349.7 | 1271.9 steps/s | 0.79 ms/step | ETA: 973.6 min
Step 25800000/100000000 | t=2.58e-01 | T=7349.7 | 1272.4 steps/s | 0.79 ms/step | ETA: 971.9 min
Step 25900000/100000000 | t=2.59e-01 | T=7349.7 | 1273.0 steps/s | 0.79 ms/step | ETA: 970.2 min
Step 26000000/100000000 | t=2.60e-01 | T=7349.7 | 1273.5 steps/s | 0.79 ms/step | ETA: 968.5 min
Step 26100000/100000000 | t=2.61e-01 | T=7349.7 | 1274.1 steps/s | 0.78 ms/step | ETA: 966.7 min
Step 26200000/100000000 | t=2.62e-01 | T=7349.7 | 1274.6 steps/s | 0.78 ms/step | ETA: 965.0 min
Step 26300000/100000000 | t=2.63e-01 | T=7349.7 | 1275.2 steps/s | 0.78 ms/step | ETA: 963.3 min
Step 26400000/100000000 | t=2.64e-01 | T=7349.7 | 1275.8 steps/s | 0.78 ms/step | ETA: 961.5 min
Step 26500000/100000000 | t=2.65e-01 | T=7349.7 | 1276.5 steps/s | 0.78 ms/step | ETA: 959.7 min
Step 26600000/100000000 | t=2.66e-01 | T=7349.7 | 1277.1 steps/s | 0.78 ms/step | ETA: 957.9 min
Step 26700000/100000000 | t=2.67e-01 | T=7349.7 | 1277.7 steps/s | 0.78 ms/step | ETA: 956.2 min
Step 26800000/100000000 | t=2.68e-01 | T=7349.7 | 1278.2 steps/s | 0.78 ms/step | ETA: 954.5 min
Step 26900000/100000000 | t=2.69e-01 | T=7349.7 | 1278.8 steps/s | 0.78 ms/step | ETA: 952.7 min
Step 27000000/100000000 | t=2.70e-01 | T=7349.7 | 1279.3 steps/s | 0.78 ms/step | ETA: 951.0 min
Step 27100000/100000000 | t=2.71e-01 | T=7349.7 | 1280.1 steps/s | 0.78 ms/step | ETA: 949.2 min
Step 27200000/100000000 | t=2.72e-01 | T=7349.7 | 1280.8 steps/s | 0.78 ms/step | ETA: 947.3 min
Step 27300000/100000000 | t=2.73e-01 | T=7349.7 | 1281.5 steps/s | 0.78 ms/step | ETA: 945.5 min
Step 27400000/100000000 | t=2.74e-01 | T=7349.7 | 1282.2 steps/s | 0.78 ms/step | ETA: 943.7 min
Step 27500000/100000000 | t=2.75e-01 | T=7349.7 | 1282.8 steps/s | 0.78 ms/step | ETA: 941.9 min
Step 27600000/100000000 | t=2.76e-01 | T=7349.7 | 1283.3 steps/s | 0.78 ms/step | ETA: 940.3 min
Step 27700000/100000000 | t=2.77e-01 | T=7349.7 | 1283.8 steps/s | 0.78 ms/step | ETA: 938.6 min
Step 27800000/100000000 | t=2.78e-01 | T=7349.7 | 1284.2 steps/s | 0.78 ms/step | ETA: 937.1 min
Step 27900000/100000000 | t=2.79e-01 | T=7349.7 | 1284.8 steps/s | 0.78 ms/step | ETA: 935.3 min
Step 28000000/100000000 | t=2.80e-01 | T=7349.7 | 1285.4 steps/s | 0.78 ms/step | ETA: 933.6 min
Step 28100000/100000000 | t=2.81e-01 | T=7349.7 | 1286.0 steps/s | 0.78 ms/step | ETA: 931.8 min
Step 28200000/100000000 | t=2.82e-01 | T=7349.7 | 1286.6 steps/s | 0.78 ms/step | ETA: 930.1 min
Step 28300000/100000000 | t=2.83e-01 | T=7349.7 | 1287.3 steps/s | 0.78 ms/step | ETA: 928.3 min
Step 28400000/100000000 | t=2.84e-01 | T=7349.7 | 1287.9 steps/s | 0.78 ms/step | ETA: 926.6 min
Step 28500000/100000000 | t=2.85e-01 | T=7349.7 | 1288.5 steps/s | 0.78 ms/step | ETA: 924.8 min
Step 28600000/100000000 | t=2.86e-01 | T=7349.7 | 1289.1 steps/s | 0.78 ms/step | ETA: 923.1 min
Step 28700000/100000000 | t=2.87e-01 | T=7349.7 | 1289.6 steps/s | 0.78 ms/step | ETA: 921.4 min
Step 28800000/100000000 | t=2.88e-01 | T=7349.7 | 1290.1 steps/s | 0.78 ms/step | ETA: 919.8 min
Step 28900000/100000000 | t=2.89e-01 | T=7349.7 | 1290.6 steps/s | 0.77 ms/step | ETA: 918.2 min
Step 29000000/100000000 | t=2.90e-01 | T=7349.7 | 1291.0 steps/s | 0.77 ms/step | ETA: 916.6 min
Step 29100000/100000000 | t=2.91e-01 | T=7349.7 | 1291.6 steps/s | 0.77 ms/step | ETA: 914.9 min
Step 29200000/100000000 | t=2.92e-01 | T=7349.7 | 1292.0 steps/s | 0.77 ms/step | ETA: 913.3 min
Step 29300000/100000000 | t=2.93e-01 | T=7349.7 | 1292.5 steps/s | 0.77 ms/step | ETA: 911.7 min
Step 29400000/100000000 | t=2.94e-01 | T=7349.7 | 1292.9 steps/s | 0.77 ms/step | ETA: 910.1 min
Step 29500000/100000000 | t=2.95e-01 | T=7349.7 | 1293.5 steps/s | 0.77 ms/step | ETA: 908.4 min
Step 29600000/100000000 | t=2.96e-01 | T=7349.7 | 1294.0 steps/s | 0.77 ms/step | ETA: 906.7 min
Step 29700000/100000000 | t=2.97e-01 | T=7349.7 | 1294.6 steps/s | 0.77 ms/step | ETA: 905.0 min
Step 29800000/100000000 | t=2.98e-01 | T=7349.7 | 1295.2 steps/s | 0.77 ms/step | ETA: 903.3 min
Step 29900000/100000000 | t=2.99e-01 | T=7349.7 | 1295.7 steps/s | 0.77 ms/step | ETA: 901.7 min
Step 30000000/100000000 | t=3.00e-01 | T=7349.7 | 1296.1 steps/s | 0.77 ms/step | ETA: 900.1 min
Step 30100000/100000000 | t=3.01e-01 | T=7349.7 | 1296.7 steps/s | 0.77 ms/step | ETA: 898.4 min
Step 30200000/100000000 | t=3.02e-01 | T=7349.7 | 1297.3 steps/s | 0.77 ms/step | ETA: 896.7 min
Step 30300000/100000000 | t=3.03e-01 | T=7349.7 | 1297.8 steps/s | 0.77 ms/step | ETA: 895.1 min
Step 30400000/100000000 | t=3.04e-01 | T=7349.7 | 1297.8 steps/s | 0.77 ms/step | ETA: 893.8 min
Step 30500000/100000000 | t=3.05e-01 | T=7349.7 | 1298.0 steps/s | 0.77 ms/step | ETA: 892.4 min
Step 30600000/100000000 | t=3.06e-01 | T=7349.7 | 1297.6 steps/s | 0.77 ms/step | ETA: 891.4 min
Step 30700000/100000000 | t=3.07e-01 | T=7349.7 | 1297.1 steps/s | 0.77 ms/step | ETA: 890.4 min
Step 30800000/100000000 | t=3.08e-01 | T=7349.7 | 1296.6 steps/s | 0.77 ms/step | ETA: 889.5 min
Step 30900000/100000000 | t=3.09e-01 | T=7349.7 | 1296.1 steps/s | 0.77 ms/step | ETA: 888.6 min
Step 31000000/100000000 | t=3.10e-01 | T=7349.7 | 1295.6 steps/s | 0.77 ms/step | ETA: 887.6 min
Step 31100000/100000000 | t=3.11e-01 | T=7349.7 | 1295.1 steps/s | 0.77 ms/step | ETA: 886.7 min
Step 31200000/100000000 | t=3.12e-01 | T=7349.7 | 1294.6 steps/s | 0.77 ms/step | ETA: 885.7 min
Step 31300000/100000000 | t=3.13e-01 | T=7349.7 | 1294.1 steps/s | 0.77 ms/step | ETA: 884.8 min
Step 31400000/100000000 | t=3.14e-01 | T=7349.7 | 1293.6 steps/s | 0.77 ms/step | ETA: 883.9 min
Step 31500000/100000000 | t=3.15e-01 | T=7349.7 | 1293.2 steps/s | 0.77 ms/step | ETA: 882.9 min
Step 31600000/100000000 | t=3.16e-01 | T=7349.7 | 1292.7 steps/s | 0.77 ms/step | ETA: 881.9 min
Step 31700000/100000000 | t=3.17e-01 | T=7349.7 | 1292.1 steps/s | 0.77 ms/step | ETA: 881.0 min
Step 31800000/100000000 | t=3.18e-01 | T=7349.7 | 1291.7 steps/s | 0.77 ms/step | ETA: 880.0 min
Step 31900000/100000000 | t=3.19e-01 | T=7349.7 | 1291.1 steps/s | 0.77 ms/step | ETA: 879.1 min
Step 32000000/100000000 | t=3.20e-01 | T=7349.7 | 1290.6 steps/s | 0.77 ms/step | ETA: 878.1 min
Step 32100000/100000000 | t=3.21e-01 | T=7349.7 | 1290.1 steps/s | 0.78 ms/step | ETA: 877.2 min
Step 32200000/100000000 | t=3.22e-01 | T=7349.7 | 1289.7 steps/s | 0.78 ms/step | ETA: 876.2 min
Step 32300000/100000000 | t=3.23e-01 | T=7349.7 | 1289.3 steps/s | 0.78 ms/step | ETA: 875.2 min
Step 32400000/100000000 | t=3.24e-01 | T=7349.7 | 1288.8 steps/s | 0.78 ms/step | ETA: 874.2 min
Step 32500000/100000000 | t=3.25e-01 | T=7349.7 | 1288.4 steps/s | 0.78 ms/step | ETA: 873.2 min
Step 32600000/100000000 | t=3.26e-01 | T=7349.7 | 1288.0 steps/s | 0.78 ms/step | ETA: 872.1 min
Step 32700000/100000000 | t=3.27e-01 | T=7349.7 | 1287.6 steps/s | 0.78 ms/step | ETA: 871.1 min
Step 32800000/100000000 | t=3.28e-01 | T=7349.7 | 1287.3 steps/s | 0.78 ms/step | ETA: 870.1 min
Step 32900000/100000000 | t=3.29e-01 | T=7349.7 | 1286.9 steps/s | 0.78 ms/step | ETA: 869.0 min
Step 33000000/100000000 | t=3.30e-01 | T=7349.7 | 1286.5 steps/s | 0.78 ms/step | ETA: 868.0 min
Step 33100000/100000000 | t=3.31e-01 | T=7349.7 | 1286.0 steps/s | 0.78 ms/step | ETA: 867.0 min
Step 33200000/100000000 | t=3.32e-01 | T=7349.7 | 1285.6 steps/s | 0.78 ms/step | ETA: 866.0 min
Step 33300000/100000000 | t=3.33e-01 | T=7349.7 | 1285.2 steps/s | 0.78 ms/step | ETA: 865.0 min
Step 33400000/100000000 | t=3.34e-01 | T=7349.7 | 1284.8 steps/s | 0.78 ms/step | ETA: 863.9 min
Step 33500000/100000000 | t=3.35e-01 | T=7349.7 | 1284.4 steps/s | 0.78 ms/step | ETA: 862.9 min
Step 33600000/100000000 | t=3.36e-01 | T=7349.7 | 1284.0 steps/s | 0.78 ms/step | ETA: 861.9 min
Step 33700000/100000000 | t=3.37e-01 | T=7349.7 | 1283.7 steps/s | 0.78 ms/step | ETA: 860.8 min
Step 33800000/100000000 | t=3.38e-01 | T=7349.7 | 1284.2 steps/s | 0.78 ms/step | ETA: 859.1 min
Step 33900000/100000000 | t=3.39e-01 | T=7349.7 | 1284.8 steps/s | 0.78 ms/step | ETA: 857.5 min
Step 34000000/100000000 | t=3.40e-01 | T=7349.7 | 1285.4 steps/s | 0.78 ms/step | ETA: 855.8 min
Step 34100000/100000000 | t=3.41e-01 | T=7349.7 | 1286.0 steps/s | 0.78 ms/step | ETA: 854.0 min
Step 34200000/100000000 | t=3.42e-01 | T=7349.7 | 1286.6 steps/s | 0.78 ms/step | ETA: 852.4 min
Step 34300000/100000000 | t=3.43e-01 | T=7349.7 | 1287.1 steps/s | 0.78 ms/step | ETA: 850.7 min
Step 34400000/100000000 | t=3.44e-01 | T=7349.7 | 1287.7 steps/s | 0.78 ms/step | ETA: 849.1 min
Step 34500000/100000000 | t=3.45e-01 | T=7349.7 | 1288.3 steps/s | 0.78 ms/step | ETA: 847.4 min
Step 34600000/100000000 | t=3.46e-01 | T=7349.7 | 1288.8 steps/s | 0.78 ms/step | ETA: 845.8 min
Step 34700000/100000000 | t=3.47e-01 | T=7349.7 | 1289.3 steps/s | 0.78 ms/step | ETA: 844.1 min
Step 34800000/100000000 | t=3.48e-01 | T=7349.7 | 1289.8 steps/s | 0.78 ms/step | ETA: 842.5 min
Step 34900000/100000000 | t=3.49e-01 | T=7349.7 | 1290.4 steps/s | 0.77 ms/step | ETA: 840.8 min
Step 35000000/100000000 | t=3.50e-01 | T=7349.6 | 1291.0 steps/s | 0.77 ms/step | ETA: 839.1 min
Step 35100000/100000000 | t=3.51e-01 | T=7349.6 | 1291.6 steps/s | 0.77 ms/step | ETA: 837.5 min
Step 35200000/100000000 | t=3.52e-01 | T=7349.6 | 1292.1 steps/s | 0.77 ms/step | ETA: 835.8 min
Step 35300000/100000000 | t=3.53e-01 | T=7349.6 | 1292.7 steps/s | 0.77 ms/step | ETA: 834.2 min
Step 35400000/100000000 | t=3.54e-01 | T=7349.6 | 1293.2 steps/s | 0.77 ms/step | ETA: 832.5 min
Step 35500000/100000000 | t=3.55e-01 | T=7349.6 | 1293.6 steps/s | 0.77 ms/step | ETA: 831.0 min
Step 35600000/100000000 | t=3.56e-01 | T=7349.6 | 1294.1 steps/s | 0.77 ms/step | ETA: 829.4 min
Step 35700000/100000000 | t=3.57e-01 | T=7349.6 | 1294.6 steps/s | 0.77 ms/step | ETA: 827.8 min
Step 35800000/100000000 | t=3.58e-01 | T=7349.6 | 1295.0 steps/s | 0.77 ms/step | ETA: 826.3 min
Step 35900000/100000000 | t=3.59e-01 | T=7349.6 | 1295.5 steps/s | 0.77 ms/step | ETA: 824.7 min
Step 36000000/100000000 | t=3.60e-01 | T=7349.6 | 1295.9 steps/s | 0.77 ms/step | ETA: 823.1 min
Step 36100000/100000000 | t=3.61e-01 | T=7349.6 | 1296.4 steps/s | 0.77 ms/step | ETA: 821.5 min
Step 36200000/100000000 | t=3.62e-01 | T=7349.6 | 1297.0 steps/s | 0.77 ms/step | ETA: 819.8 min
Step 36300000/100000000 | t=3.63e-01 | T=7349.6 | 1297.4 steps/s | 0.77 ms/step | ETA: 818.3 min
Step 36400000/100000000 | t=3.64e-01 | T=7349.6 | 1297.9 steps/s | 0.77 ms/step | ETA: 816.7 min
Step 36500000/100000000 | t=3.65e-01 | T=7349.6 | 1298.3 steps/s | 0.77 ms/step | ETA: 815.2 min
Step 36600000/100000000 | t=3.66e-01 | T=7349.6 | 1298.8 steps/s | 0.77 ms/step | ETA: 813.6 min
Step 36700000/100000000 | t=3.67e-01 | T=7349.6 | 1299.3 steps/s | 0.77 ms/step | ETA: 812.0 min
Step 36800000/100000000 | t=3.68e-01 | T=7349.6 | 1299.8 steps/s | 0.77 ms/step | ETA: 810.4 min
Step 36900000/100000000 | t=3.69e-01 | T=7349.6 | 1300.2 steps/s | 0.77 ms/step | ETA: 808.8 min
Step 37000000/100000000 | t=3.70e-01 | T=7349.6 | 1300.7 steps/s | 0.77 ms/step | ETA: 807.3 min
Step 37100000/100000000 | t=3.71e-01 | T=7349.6 | 1301.1 steps/s | 0.77 ms/step | ETA: 805.7 min
Step 37200000/100000000 | t=3.72e-01 | T=7349.6 | 1301.5 steps/s | 0.77 ms/step | ETA: 804.2 min
Step 37300000/100000000 | t=3.73e-01 | T=7349.6 | 1301.9 steps/s | 0.77 ms/step | ETA: 802.7 min
Step 37400000/100000000 | t=3.74e-01 | T=7349.6 | 1302.5 steps/s | 0.77 ms/step | ETA: 801.0 min
Step 37500000/100000000 | t=3.75e-01 | T=7349.6 | 1303.0 steps/s | 0.77 ms/step | ETA: 799.4 min
Step 37600000/100000000 | t=3.76e-01 | T=7349.6 | 1303.6 steps/s | 0.77 ms/step | ETA: 797.8 min
Step 37700000/100000000 | t=3.77e-01 | T=7349.6 | 1304.1 steps/s | 0.77 ms/step | ETA: 796.2 min
Step 37800000/100000000 | t=3.78e-01 | T=7349.6 | 1304.7 steps/s | 0.77 ms/step | ETA: 794.5 min
Step 37900000/100000000 | t=3.79e-01 | T=7349.6 | 1305.3 steps/s | 0.77 ms/step | ETA: 792.9 min
Step 38000000/100000000 | t=3.80e-01 | T=7349.6 | 1305.8 steps/s | 0.77 ms/step | ETA: 791.3 min
Step 38100000/100000000 | t=3.81e-01 | T=7349.6 | 1306.3 steps/s | 0.77 ms/step | ETA: 789.8 min
Step 38200000/100000000 | t=3.82e-01 | T=7349.6 | 1306.7 steps/s | 0.77 ms/step | ETA: 788.3 min
Step 38300000/100000000 | t=3.83e-01 | T=7349.6 | 1307.1 steps/s | 0.77 ms/step | ETA: 786.7 min
Step 38400000/100000000 | t=3.84e-01 | T=7349.6 | 1307.6 steps/s | 0.76 ms/step | ETA: 785.2 min
Step 38500000/100000000 | t=3.85e-01 | T=7349.6 | 1308.1 steps/s | 0.76 ms/step | ETA: 783.6 min
Step 38600000/100000000 | t=3.86e-01 | T=7349.6 | 1308.5 steps/s | 0.76 ms/step | ETA: 782.1 min
Step 38700000/100000000 | t=3.87e-01 | T=7349.6 | 1308.9 steps/s | 0.76 ms/step | ETA: 780.5 min
Step 38800000/100000000 | t=3.88e-01 | T=7349.6 | 1309.2 steps/s | 0.76 ms/step | ETA: 779.1 min
Step 38900000/100000000 | t=3.89e-01 | T=7349.6 | 1309.5 steps/s | 0.76 ms/step | ETA: 777.7 min
Step 39000000/100000000 | t=3.90e-01 | T=7349.6 | 1309.8 steps/s | 0.76 ms/step | ETA: 776.2 min
Step 39100000/100000000 | t=3.91e-01 | T=7349.6 | 1310.0 steps/s | 0.76 ms/step | ETA: 774.8 min
Step 39200000/100000000 | t=3.92e-01 | T=7349.6 | 1310.0 steps/s | 0.76 ms/step | ETA: 773.5 min
Step 39300000/100000000 | t=3.93e-01 | T=7349.6 | 1310.2 steps/s | 0.76 ms/step | ETA: 772.1 min
Step 39400000/100000000 | t=3.94e-01 | T=7349.6 | 1310.5 steps/s | 0.76 ms/step | ETA: 770.7 min
Step 39500000/100000000 | t=3.95e-01 | T=7349.6 | 1310.8 steps/s | 0.76 ms/step | ETA: 769.3 min
Step 39600000/100000000 | t=3.96e-01 | T=7349.6 | 1311.1 steps/s | 0.76 ms/step | ETA: 767.8 min
Step 39700000/100000000 | t=3.97e-01 | T=7349.6 | 1311.5 steps/s | 0.76 ms/step | ETA: 766.3 min
Step 39800000/100000000 | t=3.98e-01 | T=7349.6 | 1311.9 steps/s | 0.76 ms/step | ETA: 764.8 min
Step 39900000/100000000 | t=3.99e-01 | T=7349.6 | 1312.4 steps/s | 0.76 ms/step | ETA: 763.2 min
Step 40000000/100000000 | t=4.00e-01 | T=7349.6 | 1312.9 steps/s | 0.76 ms/step | ETA: 761.7 min
Step 40100000/100000000 | t=4.01e-01 | T=7349.6 | 1313.3 steps/s | 0.76 ms/step | ETA: 760.2 min
Step 40200000/100000000 | t=4.02e-01 | T=7349.6 | 1313.8 steps/s | 0.76 ms/step | ETA: 758.6 min
Step 40300000/100000000 | t=4.03e-01 | T=7349.6 | 1314.2 steps/s | 0.76 ms/step | ETA: 757.1 min
Step 40400000/100000000 | t=4.04e-01 | T=7349.6 | 1314.7 steps/s | 0.76 ms/step | ETA: 755.6 min
Step 40500000/100000000 | t=4.05e-01 | T=7349.6 | 1315.1 steps/s | 0.76 ms/step | ETA: 754.1 min
Step 40600000/100000000 | t=4.06e-01 | T=7349.6 | 1315.5 steps/s | 0.76 ms/step | ETA: 752.5 min
Step 40700000/100000000 | t=4.07e-01 | T=7349.6 | 1315.9 steps/s | 0.76 ms/step | ETA: 751.1 min
Step 40800000/100000000 | t=4.08e-01 | T=7349.6 | 1316.1 steps/s | 0.76 ms/step | ETA: 749.7 min
Step 40900000/100000000 | t=4.09e-01 | T=7349.6 | 1316.3 steps/s | 0.76 ms/step | ETA: 748.3 min
Step 41000000/100000000 | t=4.10e-01 | T=7349.6 | 1316.6 steps/s | 0.76 ms/step | ETA: 746.9 min
Step 41100000/100000000 | t=4.11e-01 | T=7349.6 | 1316.9 steps/s | 0.76 ms/step | ETA: 745.5 min
Step 41200000/100000000 | t=4.12e-01 | T=7349.6 | 1316.9 steps/s | 0.76 ms/step | ETA: 744.2 min
Step 41300000/100000000 | t=4.13e-01 | T=7349.6 | 1317.1 steps/s | 0.76 ms/step | ETA: 742.8 min
Step 41400000/100000000 | t=4.14e-01 | T=7349.6 | 1317.1 steps/s | 0.76 ms/step | ETA: 741.5 min
Step 41500000/100000000 | t=4.15e-01 | T=7349.6 | 1317.3 steps/s | 0.76 ms/step | ETA: 740.1 min
Step 41600000/100000000 | t=4.16e-01 | T=7349.6 | 1317.3 steps/s | 0.76 ms/step | ETA: 738.9 min
Step 41700000/100000000 | t=4.17e-01 | T=7349.6 | 1317.4 steps/s | 0.76 ms/step | ETA: 737.6 min
Step 41800000/100000000 | t=4.18e-01 | T=7349.6 | 1317.7 steps/s | 0.76 ms/step | ETA: 736.1 min
Step 41900000/100000000 | t=4.19e-01 | T=7349.6 | 1317.8 steps/s | 0.76 ms/step | ETA: 734.8 min
Step 42000000/100000000 | t=4.20e-01 | T=7349.6 | 1317.9 steps/s | 0.76 ms/step | ETA: 733.5 min
Step 42100000/100000000 | t=4.21e-01 | T=7349.6 | 1318.2 steps/s | 0.76 ms/step | ETA: 732.0 min
Step 42200000/100000000 | t=4.22e-01 | T=7349.6 | 1318.6 steps/s | 0.76 ms/step | ETA: 730.6 min
Step 42300000/100000000 | t=4.23e-01 | T=7349.6 | 1319.0 steps/s | 0.76 ms/step | ETA: 729.1 min
Step 42400000/100000000 | t=4.24e-01 | T=7349.6 | 1319.4 steps/s | 0.76 ms/step | ETA: 727.6 min
Step 42500000/100000000 | t=4.25e-01 | T=7349.6 | 1319.8 steps/s | 0.76 ms/step | ETA: 726.1 min
Step 42600000/100000000 | t=4.26e-01 | T=7349.6 | 1320.1 steps/s | 0.76 ms/step | ETA: 724.7 min
Step 42700000/100000000 | t=4.27e-01 | T=7349.6 | 1320.5 steps/s | 0.76 ms/step | ETA: 723.2 min
Step 42800000/100000000 | t=4.28e-01 | T=7349.6 | 1320.8 steps/s | 0.76 ms/step | ETA: 721.8 min
Step 42900000/100000000 | t=4.29e-01 | T=7349.6 | 1321.1 steps/s | 0.76 ms/step | ETA: 720.4 min
Step 43000000/100000000 | t=4.30e-01 | T=7349.6 | 1321.5 steps/s | 0.76 ms/step | ETA: 718.9 min
Step 43100000/100000000 | t=4.31e-01 | T=7349.6 | 1321.9 steps/s | 0.76 ms/step | ETA: 717.4 min
Step 43200000/100000000 | t=4.32e-01 | T=7349.6 | 1322.3 steps/s | 0.76 ms/step | ETA: 716.0 min
Step 43300000/100000000 | t=4.33e-01 | T=7349.6 | 1322.6 steps/s | 0.76 ms/step | ETA: 714.5 min
Step 43400000/100000000 | t=4.34e-01 | T=7349.6 | 1322.7 steps/s | 0.76 ms/step | ETA: 713.2 min
Step 43500000/100000000 | t=4.35e-01 | T=7349.6 | 1322.9 steps/s | 0.76 ms/step | ETA: 711.8 min
Step 43600000/100000000 | t=4.36e-01 | T=7349.6 | 1323.1 steps/s | 0.76 ms/step | ETA: 710.5 min
Step 43700000/100000000 | t=4.37e-01 | T=7349.6 | 1323.3 steps/s | 0.76 ms/step | ETA: 709.1 min
Step 43800000/100000000 | t=4.38e-01 | T=7349.6 | 1323.3 steps/s | 0.76 ms/step | ETA: 707.8 min
Step 43900000/100000000 | t=4.39e-01 | T=7349.6 | 1323.3 steps/s | 0.76 ms/step | ETA: 706.5 min
Step 44000000/100000000 | t=4.40e-01 | T=7349.6 | 1323.6 steps/s | 0.76 ms/step | ETA: 705.2 min
Step 44100000/100000000 | t=4.41e-01 | T=7349.6 | 1323.8 steps/s | 0.76 ms/step | ETA: 703.8 min
Step 44200000/100000000 | t=4.42e-01 | T=7349.6 | 1324.1 steps/s | 0.76 ms/step | ETA: 702.4 min
Step 44300000/100000000 | t=4.43e-01 | T=7349.6 | 1324.2 steps/s | 0.76 ms/step | ETA: 701.0 min
Step 44400000/100000000 | t=4.44e-01 | T=7349.6 | 1324.4 steps/s | 0.76 ms/step | ETA: 699.7 min
Step 44500000/100000000 | t=4.45e-01 | T=7349.6 | 1324.6 steps/s | 0.75 ms/step | ETA: 698.3 min
Step 44600000/100000000 | t=4.46e-01 | T=7349.6 | 1324.8 steps/s | 0.75 ms/step | ETA: 696.9 min
Step 44700000/100000000 | t=4.47e-01 | T=7349.6 | 1325.1 steps/s | 0.75 ms/step | ETA: 695.5 min
Step 44800000/100000000 | t=4.48e-01 | T=7349.6 | 1325.4 steps/s | 0.75 ms/step | ETA: 694.1 min
Step 44900000/100000000 | t=4.49e-01 | T=7349.6 | 1325.7 steps/s | 0.75 ms/step | ETA: 692.7 min
Step 45000000/100000000 | t=4.50e-01 | T=7349.6 | 1326.0 steps/s | 0.75 ms/step | ETA: 691.3 min
Step 45100000/100000000 | t=4.51e-01 | T=7349.5 | 1326.3 steps/s | 0.75 ms/step | ETA: 689.9 min
Step 45200000/100000000 | t=4.52e-01 | T=7349.5 | 1326.5 steps/s | 0.75 ms/step | ETA: 688.5 min
Step 45300000/100000000 | t=4.53e-01 | T=7349.5 | 1326.8 steps/s | 0.75 ms/step | ETA: 687.1 min
Step 45400000/100000000 | t=4.54e-01 | T=7349.5 | 1327.0 steps/s | 0.75 ms/step | ETA: 685.8 min
Step 45500000/100000000 | t=4.55e-01 | T=7349.5 | 1327.1 steps/s | 0.75 ms/step | ETA: 684.4 min
Step 45600000/100000000 | t=4.56e-01 | T=7349.5 | 1327.1 steps/s | 0.75 ms/step | ETA: 683.2 min
Step 45700000/100000000 | t=4.57e-01 | T=7349.5 | 1327.3 steps/s | 0.75 ms/step | ETA: 681.8 min
Step 45800000/100000000 | t=4.58e-01 | T=7349.5 | 1327.3 steps/s | 0.75 ms/step | ETA: 680.6 min
Step 45900000/100000000 | t=4.59e-01 | T=7349.5 | 1327.6 steps/s | 0.75 ms/step | ETA: 679.2 min
Step 46000000/100000000 | t=4.60e-01 | T=7349.5 | 1327.7 steps/s | 0.75 ms/step | ETA: 677.9 min
Step 46100000/100000000 | t=4.61e-01 | T=7349.5 | 1327.9 steps/s | 0.75 ms/step | ETA: 676.5 min
Step 46200000/100000000 | t=4.62e-01 | T=7349.5 | 1328.2 steps/s | 0.75 ms/step | ETA: 675.1 min
Step 46300000/100000000 | t=4.63e-01 | T=7349.5 | 1328.4 steps/s | 0.75 ms/step | ETA: 673.7 min
Step 46400000/100000000 | t=4.64e-01 | T=7349.5 | 1328.7 steps/s | 0.75 ms/step | ETA: 672.3 min
Step 46500000/100000000 | t=4.65e-01 | T=7349.5 | 1329.0 steps/s | 0.75 ms/step | ETA: 670.9 min
Step 46600000/100000000 | t=4.66e-01 | T=7349.5 | 1329.3 steps/s | 0.75 ms/step | ETA: 669.5 min
Step 46700000/100000000 | t=4.67e-01 | T=7349.5 | 1329.6 steps/s | 0.75 ms/step | ETA: 668.1 min
Step 46800000/100000000 | t=4.68e-01 | T=7349.5 | 1329.9 steps/s | 0.75 ms/step | ETA: 666.7 min
Step 46900000/100000000 | t=4.69e-01 | T=7349.5 | 1330.1 steps/s | 0.75 ms/step | ETA: 665.4 min
Step 47000000/100000000 | t=4.70e-01 | T=7349.5 | 1330.3 steps/s | 0.75 ms/step | ETA: 664.0 min
Step 47100000/100000000 | t=4.71e-01 | T=7349.5 | 1330.6 steps/s | 0.75 ms/step | ETA: 662.6 min
Step 47200000/100000000 | t=4.72e-01 | T=7349.5 | 1330.8 steps/s | 0.75 ms/step | ETA: 661.3 min
Step 47300000/100000000 | t=4.73e-01 | T=7349.5 | 1331.0 steps/s | 0.75 ms/step | ETA: 659.9 min
Step 47400000/100000000 | t=4.74e-01 | T=7349.5 | 1331.1 steps/s | 0.75 ms/step | ETA: 658.6 min
Step 47500000/100000000 | t=4.75e-01 | T=7349.5 | 1331.4 steps/s | 0.75 ms/step | ETA: 657.2 min
Step 47600000/100000000 | t=4.76e-01 | T=7349.5 | 1331.5 steps/s | 0.75 ms/step | ETA: 655.9 min
Step 47700000/100000000 | t=4.77e-01 | T=7349.5 | 1331.7 steps/s | 0.75 ms/step | ETA: 654.6 min
Step 47800000/100000000 | t=4.78e-01 | T=7349.5 | 1331.8 steps/s | 0.75 ms/step | ETA: 653.2 min
Step 47900000/100000000 | t=4.79e-01 | T=7349.5 | 1332.0 steps/s | 0.75 ms/step | ETA: 651.9 min
Step 48000000/100000000 | t=4.80e-01 | T=7349.5 | 1332.2 steps/s | 0.75 ms/step | ETA: 650.6 min
Step 48100000/100000000 | t=4.81e-01 | T=7349.5 | 1332.3 steps/s | 0.75 ms/step | ETA: 649.3 min
Step 48200000/100000000 | t=4.82e-01 | T=7349.5 | 1332.4 steps/s | 0.75 ms/step | ETA: 648.0 min
Step 48300000/100000000 | t=4.83e-01 | T=7349.5 | 1332.7 steps/s | 0.75 ms/step | ETA: 646.5 min
Step 48400000/100000000 | t=4.84e-01 | T=7349.5 | 1333.1 steps/s | 0.75 ms/step | ETA: 645.1 min
Step 48500000/100000000 | t=4.85e-01 | T=7349.5 | 1333.4 steps/s | 0.75 ms/step | ETA: 643.7 min
Step 48600000/100000000 | t=4.86e-01 | T=7349.5 | 1333.7 steps/s | 0.75 ms/step | ETA: 642.3 min
Step 48700000/100000000 | t=4.87e-01 | T=7349.5 | 1333.9 steps/s | 0.75 ms/step | ETA: 641.0 min
Step 48800000/100000000 | t=4.88e-01 | T=7349.5 | 1334.1 steps/s | 0.75 ms/step | ETA: 639.6 min
Step 48900000/100000000 | t=4.89e-01 | T=7349.5 | 1334.3 steps/s | 0.75 ms/step | ETA: 638.3 min
Step 49000000/100000000 | t=4.90e-01 | T=7349.5 | 1334.5 steps/s | 0.75 ms/step | ETA: 636.9 min
Step 49100000/100000000 | t=4.91e-01 | T=7349.5 | 1334.7 steps/s | 0.75 ms/step | ETA: 635.6 min
Step 49200000/100000000 | t=4.92e-01 | T=7349.5 | 1334.8 steps/s | 0.75 ms/step | ETA: 634.3 min
Step 49300000/100000000 | t=4.93e-01 | T=7349.5 | 1334.8 steps/s | 0.75 ms/step | ETA: 633.1 min
Step 49400000/100000000 | t=4.94e-01 | T=7349.5 | 1335.0 steps/s | 0.75 ms/step | ETA: 631.7 min
Step 49500000/100000000 | t=4.95e-01 | T=7349.5 | 1335.1 steps/s | 0.75 ms/step | ETA: 630.4 min
Step 49600000/100000000 | t=4.96e-01 | T=7349.5 | 1335.4 steps/s | 0.75 ms/step | ETA: 629.0 min
Step 49700000/100000000 | t=4.97e-01 | T=7349.5 | 1335.6 steps/s | 0.75 ms/step | ETA: 627.7 min
Step 49800000/100000000 | t=4.98e-01 | T=7349.5 | 1335.8 steps/s | 0.75 ms/step | ETA: 626.4 min
Step 49900000/100000000 | t=4.99e-01 | T=7349.5 | 1336.0 steps/s | 0.75 ms/step | ETA: 625.0 min
Step 50000000/100000000 | t=5.00e-01 | T=7349.5 | 1336.2 steps/s | 0.75 ms/step | ETA: 623.7 min
Step 50100000/100000000 | t=5.01e-01 | T=7349.5 | 1336.4 steps/s | 0.75 ms/step | ETA: 622.3 min
Step 50200000/100000000 | t=5.02e-01 | T=7349.5 | 1336.6 steps/s | 0.75 ms/step | ETA: 621.0 min
Step 50300000/100000000 | t=5.03e-01 | T=7349.5 | 1336.8 steps/s | 0.75 ms/step | ETA: 619.6 min
Step 50400000/100000000 | t=5.04e-01 | T=7349.5 | 1337.0 steps/s | 0.75 ms/step | ETA: 618.3 min
Step 50500000/100000000 | t=5.05e-01 | T=7349.5 | 1337.2 steps/s | 0.75 ms/step | ETA: 617.0 min
Step 50600000/100000000 | t=5.06e-01 | T=7349.5 | 1337.3 steps/s | 0.75 ms/step | ETA: 615.7 min
Step 50700000/100000000 | t=5.07e-01 | T=7349.5 | 1337.5 steps/s | 0.75 ms/step | ETA: 614.3 min
Step 50800000/100000000 | t=5.08e-01 | T=7349.5 | 1337.7 steps/s | 0.75 ms/step | ETA: 613.0 min
Step 50900000/100000000 | t=5.09e-01 | T=7349.5 | 1337.7 steps/s | 0.75 ms/step | ETA: 611.7 min
Step 51000000/100000000 | t=5.10e-01 | T=7349.5 | 1337.9 steps/s | 0.75 ms/step | ETA: 610.4 min
Step 51100000/100000000 | t=5.11e-01 | T=7349.5 | 1338.1 steps/s | 0.75 ms/step | ETA: 609.1 min
Step 51200000/100000000 | t=5.12e-01 | T=7349.5 | 1338.1 steps/s | 0.75 ms/step | ETA: 607.8 min
Step 51300000/100000000 | t=5.13e-01 | T=7349.5 | 1338.3 steps/s | 0.75 ms/step | ETA: 606.5 min
Step 51400000/100000000 | t=5.14e-01 | T=7349.5 | 1338.4 steps/s | 0.75 ms/step | ETA: 605.2 min
Step 51500000/100000000 | t=5.15e-01 | T=7349.5 | 1338.6 steps/s | 0.75 ms/step | ETA: 603.9 min
Step 51600000/100000000 | t=5.16e-01 | T=7349.5 | 1338.7 steps/s | 0.75 ms/step | ETA: 602.6 min
Step 51700000/100000000 | t=5.17e-01 | T=7349.5 | 1338.7 steps/s | 0.75 ms/step | ETA: 601.3 min
Step 51800000/100000000 | t=5.18e-01 | T=7349.5 | 1338.8 steps/s | 0.75 ms/step | ETA: 600.0 min
Step 51900000/100000000 | t=5.19e-01 | T=7349.5 | 1338.9 steps/s | 0.75 ms/step | ETA: 598.7 min
Step 52000000/100000000 | t=5.20e-01 | T=7349.5 | 1339.0 steps/s | 0.75 ms/step | ETA: 597.5 min
Step 52100000/100000000 | t=5.21e-01 | T=7349.5 | 1339.2 steps/s | 0.75 ms/step | ETA: 596.1 min
Step 52200000/100000000 | t=5.22e-01 | T=7349.5 | 1339.4 steps/s | 0.75 ms/step | ETA: 594.8 min
Step 52300000/100000000 | t=5.23e-01 | T=7349.5 | 1339.6 steps/s | 0.75 ms/step | ETA: 593.5 min
Step 52400000/100000000 | t=5.24e-01 | T=7349.5 | 1339.8 steps/s | 0.75 ms/step | ETA: 592.1 min
Step 52500000/100000000 | t=5.25e-01 | T=7349.5 | 1340.0 steps/s | 0.75 ms/step | ETA: 590.8 min
Step 52600000/100000000 | t=5.26e-01 | T=7349.5 | 1340.2 steps/s | 0.75 ms/step | ETA: 589.4 min
Step 52700000/100000000 | t=5.27e-01 | T=7349.5 | 1340.4 steps/s | 0.75 ms/step | ETA: 588.1 min
Step 52800000/100000000 | t=5.28e-01 | T=7349.5 | 1340.6 steps/s | 0.75 ms/step | ETA: 586.8 min
Step 52900000/100000000 | t=5.29e-01 | T=7349.5 | 1340.7 steps/s | 0.75 ms/step | ETA: 585.5 min
Step 53000000/100000000 | t=5.30e-01 | T=7349.5 | 1340.8 steps/s | 0.75 ms/step | ETA: 584.2 min
Step 53100000/100000000 | t=5.31e-01 | T=7349.5 | 1340.9 steps/s | 0.75 ms/step | ETA: 582.9 min
Step 53200000/100000000 | t=5.32e-01 | T=7349.5 | 1341.2 steps/s | 0.75 ms/step | ETA: 581.6 min
Step 53300000/100000000 | t=5.33e-01 | T=7349.5 | 1341.3 steps/s | 0.75 ms/step | ETA: 580.3 min
Step 53400000/100000000 | t=5.34e-01 | T=7349.5 | 1341.5 steps/s | 0.75 ms/step | ETA: 579.0 min
