======================================================================
LATTICE SIMULATION LOG
Started: 2026-02-22 22:46:15
Log file: logs/simulation_20260222_224615.log
======================================================================

Numba Configuration:
  Version: 0.63.1
  Threading layer: default
  Configured threads: 11
  Active threads: 11
----------------------------------------------------------------------

Time step: dt_phys = 4.00e-05, dt (rescaled) = 4.0000e-02
  CFL limit: dt_CFL = 0.1155 (rescaled)
  dt/dt_CFL = 3.4641e-01 (SAFE)

Hubble expansion: ENABLED (comoving lattice)
  g_* = 106.75, M_Pl = 2.40e+18 GeV, ΔV = 1.00e+28 GeV^4
  H² = (T⁴/χ_g² + ΔV) / (3 M_Pl²)
  H(T0=7375.0) = 2.4056e-05 GeV
  3H = 7.2169e-05 GeV
  η_phys = 0.3 GeV  →  3H/η = 2.41e-04
  T(t) = T0 / a(t)  (entropy conservation)
  Initial a = 1.0
Field precision: float32
Tree-level VEV: ±1.0000e+11

Finding thermal VEV at T = 7375.0...
  V'(0) = 9.0987e-07
  V'(VEV) = 7.2188e-31
  Thermal VEV found: 1.0000e+11
  Ratio thermal/tree: 1.0000

Finding escape point...
  V'(1e-10) = 9.0987e-07
  V'(1e0)   = 9.0987e+03
  V'(1e5)   = -9.9982e+10
  V'(1e8)   = -1.0000e+14
  V'(1e10)  = -9.9000e+15
  Barrier found between 1.5672e+03 and 1.6488e+03
  Barrier top at: 1.6349e+03
  Escape point: 1.7984e+03
  V'(escape) = -3.5414e+06 (should be < 0)

Using TREE-LEVEL VEV for seeding: 1.0000e+11
The bubble is seeded at the true vacuum (no rolling needed).
Bubble seeding: DISABLED (thermal nucleation only)
Field states will be saved to: data/set6/128x128x128_T0_7375_dx_0.0002_dtphys_4e-05_interval_5000_3D_hubble_eta_0.3/field_states
Figures will be saved to: data/set6/128x128x128_T0_7375_dx_0.0002_dtphys_4e-05_interval_5000_3D_hubble_eta_0.3/figs/latticeSnapshot

--resume specified but no checkpoints found. Starting from scratch.

============================================================
Starting time evolution...
Grid: 128×128×128, Steps: 1000000000, dt: 4.00e-02
Integrator: RK2 (4 passes/step)
  Single-pass fused: True
  Fused RK2: True
Using Vprime lookup table: True (size=16384)
Using in-kernel RNG: True
Field precision: float32
Spline resolution N_Y: 256
Bubble seeding: DISABLED
Thermal noise: ENABLED (FDT noise_scale(T0) = 1.4874e+02)
Overdamped mode: DISABLED (η = 0.3)
Hubble expansion: ENABLED
  H(T0) = 2.4056e-05 GeV, 3H/η = 2.41e-04
  g_* = 106.75, M_Pl = 2.40e+18 GeV
============================================================

Warming up JIT compilation...
JIT warmup complete.
Starting main loop...

Step 0/1000000000 | t=0.00e+00 | T=7375.0 | a=1.000000 | H=2.41e-05 | 7.9 steps/s | 126.19 ms/step | ETA: 2103213.5 min
Step 5000/1000000000 | t=2.00e-01 | T=7375.0 | a=1.000005 | H=2.41e-05 | 88.6 steps/s | 11.28 ms/step | ETA: 188021.0 min
Step 10000/1000000000 | t=4.00e-01 | T=7374.9 | a=1.000010 | H=2.41e-05 | 88.8 steps/s | 11.26 ms/step | ETA: 187743.3 min
Step 15000/1000000000 | t=6.00e-01 | T=7374.9 | a=1.000014 | H=2.41e-05 | 89.3 steps/s | 11.19 ms/step | ETA: 186543.4 min
Step 20000/1000000000 | t=8.00e-01 | T=7374.9 | a=1.000019 | H=2.41e-05 | 89.4 steps/s | 11.19 ms/step | ETA: 186431.6 min
Step 25000/1000000000 | t=1.00e+00 | T=7374.8 | a=1.000024 | H=2.41e-05 | 89.6 steps/s | 11.16 ms/step | ETA: 186047.9 min
Step 30000/1000000000 | t=1.20e+00 | T=7374.8 | a=1.000029 | H=2.41e-05 | 89.5 steps/s | 11.17 ms/step | ETA: 186202.3 min
Step 35000/1000000000 | t=1.40e+00 | T=7374.8 | a=1.000034 | H=2.41e-05 | 89.6 steps/s | 11.17 ms/step | ETA: 186101.6 min
Step 40000/1000000000 | t=1.60e+00 | T=7374.7 | a=1.000038 | H=2.41e-05 | 89.5 steps/s | 11.17 ms/step | ETA: 186199.3 min
Step 45000/1000000000 | t=1.80e+00 | T=7374.7 | a=1.000043 | H=2.41e-05 | 89.5 steps/s | 11.17 ms/step | ETA: 186196.0 min
Step 50000/1000000000 | t=2.00e+00 | T=7374.6 | a=1.000048 | H=2.41e-05 | 89.5 steps/s | 11.17 ms/step | ETA: 186169.8 min
Step 55000/1000000000 | t=2.20e+00 | T=7374.6 | a=1.000053 | H=2.41e-05 | 89.5 steps/s | 11.17 ms/step | ETA: 186170.1 min
Step 60000/1000000000 | t=2.40e+00 | T=7374.6 | a=1.000058 | H=2.41e-05 | 89.6 steps/s | 11.16 ms/step | ETA: 186044.0 min
Step 65000/1000000000 | t=2.60e+00 | T=7374.5 | a=1.000063 | H=2.41e-05 | 89.6 steps/s | 11.16 ms/step | ETA: 186066.0 min
Step 70000/1000000000 | t=2.80e+00 | T=7374.5 | a=1.000067 | H=2.41e-05 | 89.6 steps/s | 11.17 ms/step | ETA: 186087.3 min
Step 75000/1000000000 | t=3.00e+00 | T=7374.5 | a=1.000072 | H=2.41e-05 | 89.6 steps/s | 11.17 ms/step | ETA: 186085.7 min
Step 80000/1000000000 | t=3.20e+00 | T=7374.4 | a=1.000077 | H=2.41e-05 | 89.5 steps/s | 11.17 ms/step | ETA: 186189.7 min
Step 85000/1000000000 | t=3.40e+00 | T=7374.4 | a=1.000082 | H=2.41e-05 | 89.5 steps/s | 11.17 ms/step | ETA: 186162.5 min
Step 90000/1000000000 | t=3.60e+00 | T=7374.4 | a=1.000087 | H=2.41e-05 | 89.5 steps/s | 11.17 ms/step | ETA: 186132.7 min
Step 95000/1000000000 | t=3.80e+00 | T=7374.3 | a=1.000091 | H=2.41e-05 | 89.5 steps/s | 11.17 ms/step | ETA: 186151.5 min
Step 100000/1000000000 | t=4.00e+00 | T=7374.3 | a=1.000096 | H=2.41e-05 | 89.6 steps/s | 11.17 ms/step | ETA: 186089.1 min
Step 105000/1000000000 | t=4.20e+00 | T=7374.3 | a=1.000101 | H=2.41e-05 | 89.6 steps/s | 11.17 ms/step | ETA: 186063.9 min
Step 110000/1000000000 | t=4.40e+00 | T=7374.2 | a=1.000106 | H=2.41e-05 | 89.5 steps/s | 11.17 ms/step | ETA: 186221.3 min
Step 115000/1000000000 | t=4.60e+00 | T=7374.2 | a=1.000111 | H=2.41e-05 | 89.4 steps/s | 11.19 ms/step | ETA: 186438.7 min
Step 120000/1000000000 | t=4.80e+00 | T=7374.1 | a=1.000115 | H=2.41e-05 | 89.3 steps/s | 11.20 ms/step | ETA: 186656.2 min
Step 125000/1000000000 | t=5.00e+00 | T=7374.1 | a=1.000120 | H=2.41e-05 | 89.2 steps/s | 11.21 ms/step | ETA: 186887.0 min
Step 130000/1000000000 | t=5.20e+00 | T=7374.1 | a=1.000125 | H=2.41e-05 | 89.1 steps/s | 11.23 ms/step | ETA: 187069.5 min
Step 135000/1000000000 | t=5.40e+00 | T=7374.0 | a=1.000130 | H=2.41e-05 | 88.8 steps/s | 11.26 ms/step | ETA: 187618.2 min
Step 140000/1000000000 | t=5.60e+00 | T=7374.0 | a=1.000135 | H=2.41e-05 | 88.8 steps/s | 11.27 ms/step | ETA: 187730.3 min
Step 145000/1000000000 | t=5.80e+00 | T=7374.0 | a=1.000140 | H=2.41e-05 | 88.7 steps/s | 11.27 ms/step | ETA: 187806.6 min
Step 150000/1000000000 | t=6.00e+00 | T=7373.9 | a=1.000144 | H=2.41e-05 | 88.7 steps/s | 11.28 ms/step | ETA: 187916.9 min
Step 155000/1000000000 | t=6.20e+00 | T=7373.9 | a=1.000149 | H=2.41e-05 | 88.7 steps/s | 11.28 ms/step | ETA: 187966.4 min
Step 160000/1000000000 | t=6.40e+00 | T=7373.9 | a=1.000154 | H=2.41e-05 | 88.6 steps/s | 11.28 ms/step | ETA: 188047.8 min
Step 165000/1000000000 | t=6.60e+00 | T=7373.8 | a=1.000159 | H=2.41e-05 | 88.6 steps/s | 11.29 ms/step | ETA: 188123.1 min
Step 170000/1000000000 | t=6.80e+00 | T=7373.8 | a=1.000164 | H=2.41e-05 | 88.5 steps/s | 11.29 ms/step | ETA: 188208.3 min
Step 175000/1000000000 | t=7.00e+00 | T=7373.8 | a=1.000168 | H=2.41e-05 | 88.5 steps/s | 11.30 ms/step | ETA: 188244.6 min
Step 180000/1000000000 | t=7.20e+00 | T=7373.7 | a=1.000173 | H=2.41e-05 | 88.5 steps/s | 11.30 ms/step | ETA: 188351.6 min
Step 185000/1000000000 | t=7.40e+00 | T=7373.7 | a=1.000178 | H=2.41e-05 | 88.4 steps/s | 11.31 ms/step | ETA: 188408.6 min
Step 190000/1000000000 | t=7.60e+00 | T=7373.7 | a=1.000183 | H=2.41e-05 | 88.4 steps/s | 11.31 ms/step | ETA: 188504.5 min
Step 195000/1000000000 | t=7.80e+00 | T=7373.6 | a=1.000188 | H=2.41e-05 | 88.4 steps/s | 11.31 ms/step | ETA: 188542.2 min
Step 200000/1000000000 | t=8.00e+00 | T=7373.6 | a=1.000192 | H=2.41e-05 | 88.4 steps/s | 11.32 ms/step | ETA: 188573.2 min
Step 205000/1000000000 | t=8.20e+00 | T=7373.5 | a=1.000197 | H=2.41e-05 | 88.3 steps/s | 11.32 ms/step | ETA: 188612.9 min
Step 210000/1000000000 | t=8.40e+00 | T=7373.5 | a=1.000202 | H=2.41e-05 | 88.3 steps/s | 11.32 ms/step | ETA: 188667.1 min
Step 215000/1000000000 | t=8.60e+00 | T=7373.5 | a=1.000207 | H=2.41e-05 | 88.3 steps/s | 11.33 ms/step | ETA: 188710.3 min
Step 220000/1000000000 | t=8.80e+00 | T=7373.4 | a=1.000212 | H=2.41e-05 | 88.3 steps/s | 11.33 ms/step | ETA: 188737.2 min
Step 225000/1000000000 | t=9.00e+00 | T=7373.4 | a=1.000217 | H=2.41e-05 | 88.0 steps/s | 11.36 ms/step | ETA: 189343.7 min
Step 230000/1000000000 | t=9.20e+00 | T=7373.4 | a=1.000221 | H=2.41e-05 | 88.0 steps/s | 11.37 ms/step | ETA: 189401.4 min
Step 235000/1000000000 | t=9.40e+00 | T=7373.3 | a=1.000226 | H=2.41e-05 | 87.9 steps/s | 11.37 ms/step | ETA: 189464.8 min
Step 240000/1000000000 | t=9.60e+00 | T=7373.3 | a=1.000231 | H=2.41e-05 | 87.9 steps/s | 11.38 ms/step | ETA: 189541.8 min
Step 245000/1000000000 | t=9.80e+00 | T=7373.3 | a=1.000236 | H=2.41e-05 | 87.9 steps/s | 11.38 ms/step | ETA: 189569.7 min
Step 250000/1000000000 | t=1.00e+01 | T=7373.2 | a=1.000241 | H=2.41e-05 | 87.9 steps/s | 11.38 ms/step | ETA: 189589.2 min
Step 255000/1000000000 | t=1.02e+01 | T=7373.2 | a=1.000245 | H=2.41e-05 | 87.9 steps/s | 11.38 ms/step | ETA: 189632.6 min
Step 260000/1000000000 | t=1.04e+01 | T=7373.2 | a=1.000250 | H=2.41e-05 | 87.9 steps/s | 11.38 ms/step | ETA: 189629.9 min
Step 265000/1000000000 | t=1.06e+01 | T=7373.1 | a=1.000255 | H=2.41e-05 | 87.9 steps/s | 11.38 ms/step | ETA: 189654.8 min
Step 270000/1000000000 | t=1.08e+01 | T=7373.1 | a=1.000260 | H=2.41e-05 | 87.9 steps/s | 11.38 ms/step | ETA: 189656.4 min
Step 275000/1000000000 | t=1.10e+01 | T=7373.0 | a=1.000265 | H=2.41e-05 | 87.8 steps/s | 11.38 ms/step | ETA: 189680.4 min
Step 280000/1000000000 | t=1.12e+01 | T=7373.0 | a=1.000269 | H=2.41e-05 | 87.8 steps/s | 11.38 ms/step | ETA: 189689.3 min
Step 285000/1000000000 | t=1.14e+01 | T=7373.0 | a=1.000274 | H=2.41e-05 | 87.8 steps/s | 11.39 ms/step | ETA: 189769.3 min
Step 290000/1000000000 | t=1.16e+01 | T=7372.9 | a=1.000279 | H=2.41e-05 | 87.8 steps/s | 11.39 ms/step | ETA: 189812.5 min
Step 295000/1000000000 | t=1.18e+01 | T=7372.9 | a=1.000284 | H=2.41e-05 | 87.8 steps/s | 11.39 ms/step | ETA: 189832.2 min
Step 300000/1000000000 | t=1.20e+01 | T=7372.9 | a=1.000289 | H=2.41e-05 | 87.8 steps/s | 11.39 ms/step | ETA: 189846.6 min
Step 305000/1000000000 | t=1.22e+01 | T=7372.8 | a=1.000294 | H=2.41e-05 | 87.8 steps/s | 11.39 ms/step | ETA: 189857.2 min
Step 310000/1000000000 | t=1.24e+01 | T=7372.8 | a=1.000298 | H=2.41e-05 | 87.7 steps/s | 11.40 ms/step | ETA: 189889.0 min
Step 315000/1000000000 | t=1.26e+01 | T=7372.8 | a=1.000303 | H=2.41e-05 | 87.7 steps/s | 11.40 ms/step | ETA: 189898.0 min
Step 320000/1000000000 | t=1.28e+01 | T=7372.7 | a=1.000308 | H=2.41e-05 | 87.7 steps/s | 11.40 ms/step | ETA: 189907.6 min
Step 325000/1000000000 | t=1.30e+01 | T=7372.7 | a=1.000313 | H=2.41e-05 | 87.7 steps/s | 11.40 ms/step | ETA: 189908.3 min
Step 330000/1000000000 | t=1.32e+01 | T=7372.7 | a=1.000318 | H=2.41e-05 | 87.7 steps/s | 11.40 ms/step | ETA: 189914.6 min
Step 335000/1000000000 | t=1.34e+01 | T=7372.6 | a=1.000322 | H=2.41e-05 | 87.7 steps/s | 11.40 ms/step | ETA: 189955.5 min
Step 340000/1000000000 | t=1.36e+01 | T=7372.6 | a=1.000327 | H=2.41e-05 | 87.7 steps/s | 11.40 ms/step | ETA: 189965.1 min
Step 345000/1000000000 | t=1.38e+01 | T=7372.6 | a=1.000332 | H=2.41e-05 | 87.7 steps/s | 11.40 ms/step | ETA: 189996.0 min
Step 350000/1000000000 | t=1.40e+01 | T=7372.5 | a=1.000337 | H=2.41e-05 | 87.7 steps/s | 11.40 ms/step | ETA: 190007.6 min
Step 355000/1000000000 | t=1.42e+01 | T=7372.5 | a=1.000342 | H=2.41e-05 | 87.7 steps/s | 11.40 ms/step | ETA: 190000.8 min
Step 360000/1000000000 | t=1.44e+01 | T=7372.4 | a=1.000346 | H=2.41e-05 | 87.7 steps/s | 11.41 ms/step | ETA: 190018.7 min
Step 365000/1000000000 | t=1.46e+01 | T=7372.4 | a=1.000351 | H=2.41e-05 | 87.7 steps/s | 11.41 ms/step | ETA: 190023.5 min
Step 370000/1000000000 | t=1.48e+01 | T=7372.4 | a=1.000356 | H=2.41e-05 | 87.7 steps/s | 11.41 ms/step | ETA: 190050.9 min
Step 375000/1000000000 | t=1.50e+01 | T=7372.3 | a=1.000361 | H=2.41e-05 | 87.7 steps/s | 11.41 ms/step | ETA: 190038.8 min
Step 380000/1000000000 | t=1.52e+01 | T=7372.3 | a=1.000366 | H=2.41e-05 | 87.7 steps/s | 11.41 ms/step | ETA: 190039.5 min
Step 385000/1000000000 | t=1.54e+01 | T=7372.3 | a=1.000371 | H=2.41e-05 | 87.7 steps/s | 11.41 ms/step | ETA: 190058.0 min
Step 390000/1000000000 | t=1.56e+01 | T=7372.2 | a=1.000375 | H=2.41e-05 | 87.6 steps/s | 11.41 ms/step | ETA: 190100.4 min
Step 395000/1000000000 | t=1.58e+01 | T=7372.2 | a=1.000380 | H=2.41e-05 | 87.6 steps/s | 11.41 ms/step | ETA: 190124.4 min
Step 400000/1000000000 | t=1.60e+01 | T=7372.2 | a=1.000385 | H=2.41e-05 | 87.6 steps/s | 11.41 ms/step | ETA: 190134.4 min
Step 405000/1000000000 | t=1.62e+01 | T=7372.1 | a=1.000390 | H=2.41e-05 | 87.6 steps/s | 11.41 ms/step | ETA: 190147.9 min
Step 410000/1000000000 | t=1.64e+01 | T=7372.1 | a=1.000395 | H=2.41e-05 | 87.6 steps/s | 11.41 ms/step | ETA: 190169.6 min
Step 415000/1000000000 | t=1.66e+01 | T=7372.1 | a=1.000399 | H=2.41e-05 | 87.6 steps/s | 11.41 ms/step | ETA: 190170.1 min
Step 420000/1000000000 | t=1.68e+01 | T=7372.0 | a=1.000404 | H=2.41e-05 | 87.6 steps/s | 11.42 ms/step | ETA: 190181.7 min
Step 425000/1000000000 | t=1.70e+01 | T=7372.0 | a=1.000409 | H=2.41e-05 | 87.6 steps/s | 11.42 ms/step | ETA: 190175.2 min
Step 430000/1000000000 | t=1.72e+01 | T=7371.9 | a=1.000414 | H=2.41e-05 | 87.6 steps/s | 11.42 ms/step | ETA: 190172.8 min
Step 435000/1000000000 | t=1.74e+01 | T=7371.9 | a=1.000419 | H=2.41e-05 | 87.6 steps/s | 11.42 ms/step | ETA: 190178.6 min
Step 440000/1000000000 | t=1.76e+01 | T=7371.9 | a=1.000423 | H=2.41e-05 | 87.6 steps/s | 11.42 ms/step | ETA: 190201.3 min
Step 445000/1000000000 | t=1.78e+01 | T=7371.8 | a=1.000428 | H=2.41e-05 | 87.6 steps/s | 11.42 ms/step | ETA: 190200.7 min
Step 450000/1000000000 | t=1.80e+01 | T=7371.8 | a=1.000433 | H=2.41e-05 | 87.6 steps/s | 11.42 ms/step | ETA: 190228.4 min
Step 455000/1000000000 | t=1.82e+01 | T=7371.8 | a=1.000438 | H=2.41e-05 | 87.6 steps/s | 11.42 ms/step | ETA: 190235.3 min
Step 460000/1000000000 | t=1.84e+01 | T=7371.7 | a=1.000443 | H=2.41e-05 | 87.6 steps/s | 11.42 ms/step | ETA: 190235.2 min
Step 465000/1000000000 | t=1.86e+01 | T=7371.7 | a=1.000448 | H=2.41e-05 | 87.6 steps/s | 11.42 ms/step | ETA: 190243.6 min
Step 470000/1000000000 | t=1.88e+01 | T=7371.7 | a=1.000452 | H=2.41e-05 | 87.6 steps/s | 11.42 ms/step | ETA: 190273.8 min
Step 475000/1000000000 | t=1.90e+01 | T=7371.6 | a=1.000457 | H=2.41e-05 | 87.6 steps/s | 11.42 ms/step | ETA: 190274.3 min
Step 480000/1000000000 | t=1.92e+01 | T=7371.6 | a=1.000462 | H=2.41e-05 | 87.6 steps/s | 11.42 ms/step | ETA: 190262.4 min
Step 485000/1000000000 | t=1.94e+01 | T=7371.6 | a=1.000467 | H=2.41e-05 | 87.6 steps/s | 11.42 ms/step | ETA: 190271.1 min
Step 490000/1000000000 | t=1.96e+01 | T=7371.5 | a=1.000472 | H=2.41e-05 | 87.6 steps/s | 11.42 ms/step | ETA: 190266.6 min
Step 495000/1000000000 | t=1.98e+01 | T=7371.5 | a=1.000476 | H=2.41e-05 | 87.6 steps/s | 11.42 ms/step | ETA: 190268.6 min
Step 500000/1000000000 | t=2.00e+01 | T=7371.5 | a=1.000481 | H=2.41e-05 | 87.5 steps/s | 11.42 ms/step | ETA: 190292.6 min
Step 505000/1000000000 | t=2.02e+01 | T=7371.4 | a=1.000486 | H=2.41e-05 | 87.5 steps/s | 11.42 ms/step | ETA: 190315.1 min
Step 510000/1000000000 | t=2.04e+01 | T=7371.4 | a=1.000491 | H=2.41e-05 | 87.5 steps/s | 11.42 ms/step | ETA: 190318.4 min
Step 515000/1000000000 | t=2.06e+01 | T=7371.3 | a=1.000496 | H=2.41e-05 | 87.5 steps/s | 11.42 ms/step | ETA: 190311.0 min
Step 520000/1000000000 | t=2.08e+01 | T=7371.3 | a=1.000500 | H=2.41e-05 | 87.5 steps/s | 11.42 ms/step | ETA: 190317.6 min
Step 525000/1000000000 | t=2.10e+01 | T=7371.3 | a=1.000505 | H=2.41e-05 | 87.5 steps/s | 11.43 ms/step | ETA: 190323.5 min
Step 530000/1000000000 | t=2.12e+01 | T=7371.2 | a=1.000510 | H=2.41e-05 | 87.5 steps/s | 11.43 ms/step | ETA: 190322.7 min
Step 535000/1000000000 | t=2.14e+01 | T=7371.2 | a=1.000515 | H=2.41e-05 | 87.5 steps/s | 11.43 ms/step | ETA: 190321.5 min
Step 540000/1000000000 | t=2.16e+01 | T=7371.2 | a=1.000520 | H=2.41e-05 | 87.5 steps/s | 11.43 ms/step | ETA: 190319.2 min
Step 545000/1000000000 | t=2.18e+01 | T=7371.1 | a=1.000525 | H=2.41e-05 | 87.5 steps/s | 11.43 ms/step | ETA: 190335.3 min
Step 550000/1000000000 | t=2.20e+01 | T=7371.1 | a=1.000529 | H=2.41e-05 | 87.5 steps/s | 11.43 ms/step | ETA: 190337.9 min
Step 555000/1000000000 | t=2.22e+01 | T=7371.1 | a=1.000534 | H=2.41e-05 | 87.5 steps/s | 11.43 ms/step | ETA: 190357.9 min
Step 560000/1000000000 | t=2.24e+01 | T=7371.0 | a=1.000539 | H=2.41e-05 | 87.5 steps/s | 11.43 ms/step | ETA: 190365.2 min
Step 565000/1000000000 | t=2.26e+01 | T=7371.0 | a=1.000544 | H=2.41e-05 | 87.5 steps/s | 11.43 ms/step | ETA: 190360.1 min
Step 570000/1000000000 | t=2.28e+01 | T=7371.0 | a=1.000549 | H=2.41e-05 | 87.5 steps/s | 11.43 ms/step | ETA: 190390.3 min
Step 575000/1000000000 | t=2.30e+01 | T=7370.9 | a=1.000553 | H=2.41e-05 | 87.5 steps/s | 11.43 ms/step | ETA: 190411.8 min
Step 580000/1000000000 | t=2.32e+01 | T=7370.9 | a=1.000558 | H=2.41e-05 | 87.5 steps/s | 11.43 ms/step | ETA: 190420.2 min
Step 585000/1000000000 | t=2.34e+01 | T=7370.8 | a=1.000563 | H=2.41e-05 | 87.5 steps/s | 11.43 ms/step | ETA: 190422.7 min
Step 590000/1000000000 | t=2.36e+01 | T=7370.8 | a=1.000568 | H=2.41e-05 | 87.5 steps/s | 11.43 ms/step | ETA: 190420.6 min
Step 595000/1000000000 | t=2.38e+01 | T=7370.8 | a=1.000573 | H=2.41e-05 | 87.5 steps/s | 11.43 ms/step | ETA: 190421.7 min
Step 600000/1000000000 | t=2.40e+01 | T=7370.7 | a=1.000578 | H=2.41e-05 | 87.5 steps/s | 11.43 ms/step | ETA: 190435.7 min
Step 605000/1000000000 | t=2.42e+01 | T=7370.7 | a=1.000582 | H=2.41e-05 | 87.5 steps/s | 11.43 ms/step | ETA: 190461.1 min
Step 610000/1000000000 | t=2.44e+01 | T=7370.7 | a=1.000587 | H=2.41e-05 | 87.5 steps/s | 11.43 ms/step | ETA: 190459.2 min
Step 615000/1000000000 | t=2.46e+01 | T=7370.6 | a=1.000592 | H=2.41e-05 | 87.5 steps/s | 11.43 ms/step | ETA: 190460.3 min
Step 620000/1000000000 | t=2.48e+01 | T=7370.6 | a=1.000597 | H=2.41e-05 | 87.5 steps/s | 11.43 ms/step | ETA: 190451.9 min
Step 625000/1000000000 | t=2.50e+01 | T=7370.6 | a=1.000602 | H=2.41e-05 | 87.5 steps/s | 11.43 ms/step | ETA: 190461.4 min
Step 630000/1000000000 | t=2.52e+01 | T=7370.5 | a=1.000606 | H=2.41e-05 | 87.5 steps/s | 11.43 ms/step | ETA: 190460.0 min
Step 635000/1000000000 | t=2.54e+01 | T=7370.5 | a=1.000611 | H=2.41e-05 | 87.5 steps/s | 11.43 ms/step | ETA: 190461.3 min
Step 640000/1000000000 | t=2.56e+01 | T=7370.5 | a=1.000616 | H=2.41e-05 | 87.4 steps/s | 11.44 ms/step | ETA: 190466.0 min
Step 645000/1000000000 | t=2.58e+01 | T=7370.4 | a=1.000621 | H=2.41e-05 | 87.4 steps/s | 11.44 ms/step | ETA: 190471.1 min
Step 650000/1000000000 | t=2.60e+01 | T=7370.4 | a=1.000626 | H=2.41e-05 | 87.4 steps/s | 11.44 ms/step | ETA: 190474.4 min
Step 655000/1000000000 | t=2.62e+01 | T=7370.4 | a=1.000630 | H=2.41e-05 | 87.4 steps/s | 11.44 ms/step | ETA: 190476.1 min
Step 660000/1000000000 | t=2.64e+01 | T=7370.3 | a=1.000635 | H=2.41e-05 | 87.4 steps/s | 11.44 ms/step | ETA: 190477.2 min
Step 665000/1000000000 | t=2.66e+01 | T=7370.3 | a=1.000640 | H=2.41e-05 | 87.4 steps/s | 11.44 ms/step | ETA: 190482.2 min
Step 670000/1000000000 | t=2.68e+01 | T=7370.2 | a=1.000645 | H=2.41e-05 | 87.4 steps/s | 11.44 ms/step | ETA: 190482.9 min
Step 675000/1000000000 | t=2.70e+01 | T=7370.2 | a=1.000650 | H=2.41e-05 | 87.4 steps/s | 11.44 ms/step | ETA: 190479.7 min
Step 680000/1000000000 | t=2.72e+01 | T=7370.2 | a=1.000655 | H=2.41e-05 | 87.4 steps/s | 11.44 ms/step | ETA: 190484.6 min
Step 685000/1000000000 | t=2.74e+01 | T=7370.1 | a=1.000659 | H=2.41e-05 | 87.4 steps/s | 11.44 ms/step | ETA: 190491.0 min
Step 690000/1000000000 | t=2.76e+01 | T=7370.1 | a=1.000664 | H=2.41e-05 | 87.4 steps/s | 11.44 ms/step | ETA: 190489.4 min
Step 695000/1000000000 | t=2.78e+01 | T=7370.1 | a=1.000669 | H=2.41e-05 | 87.4 steps/s | 11.44 ms/step | ETA: 190491.7 min
Step 700000/1000000000 | t=2.80e+01 | T=7370.0 | a=1.000674 | H=2.41e-05 | 87.4 steps/s | 11.44 ms/step | ETA: 190488.4 min
Step 705000/1000000000 | t=2.82e+01 | T=7370.0 | a=1.000679 | H=2.41e-05 | 87.4 steps/s | 11.44 ms/step | ETA: 190498.2 min
Step 710000/1000000000 | t=2.84e+01 | T=7370.0 | a=1.000683 | H=2.41e-05 | 87.4 steps/s | 11.44 ms/step | ETA: 190514.1 min
Step 715000/1000000000 | t=2.86e+01 | T=7369.9 | a=1.000688 | H=2.41e-05 | 87.4 steps/s | 11.44 ms/step | ETA: 190513.1 min
Step 720000/1000000000 | t=2.88e+01 | T=7369.9 | a=1.000693 | H=2.41e-05 | 87.4 steps/s | 11.44 ms/step | ETA: 190509.6 min
Step 725000/1000000000 | t=2.90e+01 | T=7369.9 | a=1.000698 | H=2.41e-05 | 87.4 steps/s | 11.44 ms/step | ETA: 190509.3 min
Step 730000/1000000000 | t=2.92e+01 | T=7369.8 | a=1.000703 | H=2.41e-05 | 87.4 steps/s | 11.44 ms/step | ETA: 190514.4 min
Step 735000/1000000000 | t=2.94e+01 | T=7369.8 | a=1.000708 | H=2.41e-05 | 87.4 steps/s | 11.44 ms/step | ETA: 190514.5 min
Step 740000/1000000000 | t=2.96e+01 | T=7369.8 | a=1.000712 | H=2.41e-05 | 87.4 steps/s | 11.44 ms/step | ETA: 190525.4 min
Step 745000/1000000000 | t=2.98e+01 | T=7369.7 | a=1.000717 | H=2.41e-05 | 87.4 steps/s | 11.44 ms/step | ETA: 190522.5 min
Step 750000/1000000000 | t=3.00e+01 | T=7369.7 | a=1.000722 | H=2.41e-05 | 87.4 steps/s | 11.44 ms/step | ETA: 190523.0 min
Step 755000/1000000000 | t=3.02e+01 | T=7369.6 | a=1.000727 | H=2.41e-05 | 87.4 steps/s | 11.44 ms/step | ETA: 190527.1 min
Step 760000/1000000000 | t=3.04e+01 | T=7369.6 | a=1.000732 | H=2.41e-05 | 87.4 steps/s | 11.44 ms/step | ETA: 190542.4 min
Step 765000/1000000000 | t=3.06e+01 | T=7369.6 | a=1.000736 | H=2.41e-05 | 87.4 steps/s | 11.44 ms/step | ETA: 190547.9 min
Step 770000/1000000000 | t=3.08e+01 | T=7369.5 | a=1.000741 | H=2.41e-05 | 87.4 steps/s | 11.44 ms/step | ETA: 190543.1 min
Step 775000/1000000000 | t=3.10e+01 | T=7369.5 | a=1.000746 | H=2.41e-05 | 87.4 steps/s | 11.44 ms/step | ETA: 190540.5 min
Step 780000/1000000000 | t=3.12e+01 | T=7369.5 | a=1.000751 | H=2.41e-05 | 87.4 steps/s | 11.44 ms/step | ETA: 190536.6 min
Step 785000/1000000000 | t=3.14e+01 | T=7369.4 | a=1.000756 | H=2.41e-05 | 87.4 steps/s | 11.44 ms/step | ETA: 190541.8 min
Step 790000/1000000000 | t=3.16e+01 | T=7369.4 | a=1.000760 | H=2.41e-05 | 87.4 steps/s | 11.44 ms/step | ETA: 190542.4 min
Step 795000/1000000000 | t=3.18e+01 | T=7369.4 | a=1.000765 | H=2.41e-05 | 87.4 steps/s | 11.44 ms/step | ETA: 190538.3 min
Step 800000/1000000000 | t=3.20e+01 | T=7369.3 | a=1.000770 | H=2.41e-05 | 87.4 steps/s | 11.44 ms/step | ETA: 190539.5 min
Step 805000/1000000000 | t=3.22e+01 | T=7369.3 | a=1.000775 | H=2.41e-05 | 87.4 steps/s | 11.44 ms/step | ETA: 190530.7 min
Step 810000/1000000000 | t=3.24e+01 | T=7369.3 | a=1.000780 | H=2.41e-05 | 87.4 steps/s | 11.45 ms/step | ETA: 190597.7 min
Step 815000/1000000000 | t=3.26e+01 | T=7369.2 | a=1.000785 | H=2.41e-05 | 87.3 steps/s | 11.46 ms/step | ETA: 190793.4 min
Step 820000/1000000000 | t=3.28e+01 | T=7369.2 | a=1.000789 | H=2.41e-05 | 87.2 steps/s | 11.47 ms/step | ETA: 191000.0 min
Step 825000/1000000000 | t=3.30e+01 | T=7369.1 | a=1.000794 | H=2.41e-05 | 87.1 steps/s | 11.48 ms/step | ETA: 191197.5 min
Step 830000/1000000000 | t=3.32e+01 | T=7369.1 | a=1.000799 | H=2.41e-05 | 87.0 steps/s | 11.49 ms/step | ETA: 191388.0 min
Step 835000/1000000000 | t=3.34e+01 | T=7369.1 | a=1.000804 | H=2.41e-05 | 86.9 steps/s | 11.50 ms/step | ETA: 191567.1 min
Step 840000/1000000000 | t=3.36e+01 | T=7369.0 | a=1.000809 | H=2.41e-05 | 86.9 steps/s | 11.51 ms/step | ETA: 191726.4 min
Step 845000/1000000000 | t=3.38e+01 | T=7369.0 | a=1.000813 | H=2.41e-05 | 86.8 steps/s | 11.52 ms/step | ETA: 191887.0 min
Step 850000/1000000000 | t=3.40e+01 | T=7369.0 | a=1.000818 | H=2.41e-05 | 86.7 steps/s | 11.53 ms/step | ETA: 192046.6 min
Step 855000/1000000000 | t=3.42e+01 | T=7368.9 | a=1.000823 | H=2.41e-05 | 86.6 steps/s | 11.54 ms/step | ETA: 192211.9 min
Step 860000/1000000000 | t=3.44e+01 | T=7368.9 | a=1.000828 | H=2.41e-05 | 86.6 steps/s | 11.55 ms/step | ETA: 192377.0 min
Step 865000/1000000000 | t=3.46e+01 | T=7368.9 | a=1.000833 | H=2.41e-05 | 86.5 steps/s | 11.56 ms/step | ETA: 192546.3 min
Step 870000/1000000000 | t=3.48e+01 | T=7368.8 | a=1.000838 | H=2.41e-05 | 86.4 steps/s | 11.57 ms/step | ETA: 192716.0 min
Step 875000/1000000000 | t=3.50e+01 | T=7368.8 | a=1.000842 | H=2.41e-05 | 86.4 steps/s | 11.58 ms/step | ETA: 192843.6 min
Step 880000/1000000000 | t=3.52e+01 | T=7368.8 | a=1.000847 | H=2.41e-05 | 86.4 steps/s | 11.58 ms/step | ETA: 192833.7 min
Step 885000/1000000000 | t=3.54e+01 | T=7368.7 | a=1.000852 | H=2.41e-05 | 86.4 steps/s | 11.58 ms/step | ETA: 192824.6 min
Step 890000/1000000000 | t=3.56e+01 | T=7368.7 | a=1.000857 | H=2.41e-05 | 86.4 steps/s | 11.58 ms/step | ETA: 192811.4 min
Step 895000/1000000000 | t=3.58e+01 | T=7368.7 | a=1.000862 | H=2.41e-05 | 86.4 steps/s | 11.58 ms/step | ETA: 192793.5 min
Step 900000/1000000000 | t=3.60e+01 | T=7368.6 | a=1.000866 | H=2.41e-05 | 86.4 steps/s | 11.58 ms/step | ETA: 192785.4 min
Step 905000/1000000000 | t=3.62e+01 | T=7368.6 | a=1.000871 | H=2.41e-05 | 86.4 steps/s | 11.58 ms/step | ETA: 192775.3 min
Step 910000/1000000000 | t=3.64e+01 | T=7368.5 | a=1.000876 | H=2.41e-05 | 86.4 steps/s | 11.58 ms/step | ETA: 192773.5 min
Step 915000/1000000000 | t=3.66e+01 | T=7368.5 | a=1.000881 | H=2.41e-05 | 86.4 steps/s | 11.58 ms/step | ETA: 192754.8 min
Step 920000/1000000000 | t=3.68e+01 | T=7368.5 | a=1.000886 | H=2.41e-05 | 86.4 steps/s | 11.57 ms/step | ETA: 192736.4 min
Step 925000/1000000000 | t=3.70e+01 | T=7368.4 | a=1.000890 | H=2.41e-05 | 86.4 steps/s | 11.57 ms/step | ETA: 192719.5 min
Step 930000/1000000000 | t=3.72e+01 | T=7368.4 | a=1.000895 | H=2.41e-05 | 86.4 steps/s | 11.57 ms/step | ETA: 192706.1 min
Step 935000/1000000000 | t=3.74e+01 | T=7368.4 | a=1.000900 | H=2.41e-05 | 86.4 steps/s | 11.57 ms/step | ETA: 192693.2 min
Step 940000/1000000000 | t=3.76e+01 | T=7368.3 | a=1.000905 | H=2.41e-05 | 86.4 steps/s | 11.57 ms/step | ETA: 192680.0 min
Step 945000/1000000000 | t=3.78e+01 | T=7368.3 | a=1.000910 | H=2.41e-05 | 86.4 steps/s | 11.57 ms/step | ETA: 192667.3 min
Step 950000/1000000000 | t=3.80e+01 | T=7368.3 | a=1.000915 | H=2.41e-05 | 86.4 steps/s | 11.57 ms/step | ETA: 192656.8 min
Step 955000/1000000000 | t=3.82e+01 | T=7368.2 | a=1.000919 | H=2.41e-05 | 86.4 steps/s | 11.57 ms/step | ETA: 192646.7 min
Step 960000/1000000000 | t=3.84e+01 | T=7368.2 | a=1.000924 | H=2.41e-05 | 86.4 steps/s | 11.57 ms/step | ETA: 192646.1 min
Step 965000/1000000000 | t=3.86e+01 | T=7368.2 | a=1.000929 | H=2.41e-05 | 86.4 steps/s | 11.57 ms/step | ETA: 192637.1 min
Step 970000/1000000000 | t=3.88e+01 | T=7368.1 | a=1.000934 | H=2.41e-05 | 86.4 steps/s | 11.57 ms/step | ETA: 192627.7 min
Step 975000/1000000000 | t=3.90e+01 | T=7368.1 | a=1.000939 | H=2.41e-05 | 86.4 steps/s | 11.57 ms/step | ETA: 192613.8 min
Step 980000/1000000000 | t=3.92e+01 | T=7368.0 | a=1.000943 | H=2.41e-05 | 86.5 steps/s | 11.57 ms/step | ETA: 192598.1 min
Step 985000/1000000000 | t=3.94e+01 | T=7368.0 | a=1.000948 | H=2.41e-05 | 86.5 steps/s | 11.57 ms/step | ETA: 192590.0 min
Step 990000/1000000000 | t=3.96e+01 | T=7368.0 | a=1.000953 | H=2.41e-05 | 86.5 steps/s | 11.57 ms/step | ETA: 192576.9 min
Step 995000/1000000000 | t=3.98e+01 | T=7367.9 | a=1.000958 | H=2.41e-05 | 86.5 steps/s | 11.57 ms/step | ETA: 192566.0 min
Step 1000000/1000000000 | t=4.00e+01 | T=7367.9 | a=1.000963 | H=2.41e-05 | 86.5 steps/s | 11.56 ms/step | ETA: 192549.8 min
Step 1005000/1000000000 | t=4.02e+01 | T=7367.9 | a=1.000968 | H=2.41e-05 | 86.5 steps/s | 11.56 ms/step | ETA: 192538.5 min
Step 1010000/1000000000 | t=4.04e+01 | T=7367.8 | a=1.000972 | H=2.41e-05 | 86.5 steps/s | 11.56 ms/step | ETA: 192530.5 min
Step 1015000/1000000000 | t=4.06e+01 | T=7367.8 | a=1.000977 | H=2.41e-05 | 86.5 steps/s | 11.56 ms/step | ETA: 192533.9 min
Step 1020000/1000000000 | t=4.08e+01 | T=7367.8 | a=1.000982 | H=2.41e-05 | 86.5 steps/s | 11.56 ms/step | ETA: 192527.1 min
Step 1025000/1000000000 | t=4.10e+01 | T=7367.7 | a=1.000987 | H=2.41e-05 | 86.5 steps/s | 11.56 ms/step | ETA: 192517.8 min
Step 1030000/1000000000 | t=4.12e+01 | T=7367.7 | a=1.000992 | H=2.41e-05 | 86.5 steps/s | 11.56 ms/step | ETA: 192501.6 min
Step 1035000/1000000000 | t=4.14e+01 | T=7367.7 | a=1.000996 | H=2.41e-05 | 86.5 steps/s | 11.56 ms/step | ETA: 192491.7 min
Step 1040000/1000000000 | t=4.16e+01 | T=7367.6 | a=1.001001 | H=2.41e-05 | 86.5 steps/s | 11.56 ms/step | ETA: 192486.3 min
Step 1045000/1000000000 | t=4.18e+01 | T=7367.6 | a=1.001006 | H=2.41e-05 | 86.5 steps/s | 11.56 ms/step | ETA: 192472.9 min
Step 1050000/1000000000 | t=4.20e+01 | T=7367.6 | a=1.001011 | H=2.41e-05 | 86.5 steps/s | 11.56 ms/step | ETA: 192462.6 min
Step 1055000/1000000000 | t=4.22e+01 | T=7367.5 | a=1.001016 | H=2.41e-05 | 86.5 steps/s | 11.56 ms/step | ETA: 192454.3 min
Step 1060000/1000000000 | t=4.24e+01 | T=7367.5 | a=1.001021 | H=2.41e-05 | 86.5 steps/s | 11.56 ms/step | ETA: 192448.3 min
Step 1065000/1000000000 | t=4.26e+01 | T=7367.4 | a=1.001025 | H=2.41e-05 | 86.5 steps/s | 11.56 ms/step | ETA: 192447.9 min
Step 1070000/1000000000 | t=4.28e+01 | T=7367.4 | a=1.001030 | H=2.41e-05 | 86.5 steps/s | 11.56 ms/step | ETA: 192435.8 min
Step 1075000/1000000000 | t=4.30e+01 | T=7367.4 | a=1.001035 | H=2.41e-05 | 86.5 steps/s | 11.56 ms/step | ETA: 192430.1 min
Step 1080000/1000000000 | t=4.32e+01 | T=7367.3 | a=1.001040 | H=2.41e-05 | 86.5 steps/s | 11.56 ms/step | ETA: 192418.1 min
Step 1085000/1000000000 | t=4.34e+01 | T=7367.3 | a=1.001045 | H=2.41e-05 | 86.5 steps/s | 11.56 ms/step | ETA: 192407.3 min
Step 1090000/1000000000 | t=4.36e+01 | T=7367.3 | a=1.001049 | H=2.41e-05 | 86.5 steps/s | 11.56 ms/step | ETA: 192396.9 min
Step 1095000/1000000000 | t=4.38e+01 | T=7367.2 | a=1.001054 | H=2.41e-05 | 86.5 steps/s | 11.56 ms/step | ETA: 192383.9 min
Step 1100000/1000000000 | t=4.40e+01 | T=7367.2 | a=1.001059 | H=2.41e-05 | 86.5 steps/s | 11.56 ms/step | ETA: 192373.5 min
Step 1105000/1000000000 | t=4.42e+01 | T=7367.2 | a=1.001064 | H=2.41e-05 | 86.5 steps/s | 11.55 ms/step | ETA: 192361.8 min
Step 1110000/1000000000 | t=4.44e+01 | T=7367.1 | a=1.001069 | H=2.41e-05 | 86.5 steps/s | 11.55 ms/step | ETA: 192359.4 min
Step 1115000/1000000000 | t=4.46e+01 | T=7367.1 | a=1.001073 | H=2.41e-05 | 86.6 steps/s | 11.55 ms/step | ETA: 192349.4 min
Step 1120000/1000000000 | t=4.48e+01 | T=7367.1 | a=1.001078 | H=2.41e-05 | 86.5 steps/s | 11.55 ms/step | ETA: 192359.9 min
Step 1125000/1000000000 | t=4.50e+01 | T=7367.0 | a=1.001083 | H=2.41e-05 | 86.6 steps/s | 11.55 ms/step | ETA: 192346.4 min
Step 1130000/1000000000 | t=4.52e+01 | T=7367.0 | a=1.001088 | H=2.41e-05 | 86.6 steps/s | 11.55 ms/step | ETA: 192336.0 min
Step 1135000/1000000000 | t=4.54e+01 | T=7366.9 | a=1.001093 | H=2.41e-05 | 86.6 steps/s | 11.55 ms/step | ETA: 192323.0 min
Step 1140000/1000000000 | t=4.56e+01 | T=7366.9 | a=1.001098 | H=2.41e-05 | 86.6 steps/s | 11.55 ms/step | ETA: 192319.5 min
Step 1145000/1000000000 | t=4.58e+01 | T=7366.9 | a=1.001102 | H=2.41e-05 | 86.6 steps/s | 11.55 ms/step | ETA: 192313.0 min
Step 1150000/1000000000 | t=4.60e+01 | T=7366.8 | a=1.001107 | H=2.41e-05 | 86.6 steps/s | 11.55 ms/step | ETA: 192302.1 min
Step 1155000/1000000000 | t=4.62e+01 | T=7366.8 | a=1.001112 | H=2.41e-05 | 86.6 steps/s | 11.55 ms/step | ETA: 192290.3 min
Step 1160000/1000000000 | t=4.64e+01 | T=7366.8 | a=1.001117 | H=2.41e-05 | 86.6 steps/s | 11.55 ms/step | ETA: 192283.6 min
Step 1165000/1000000000 | t=4.66e+01 | T=7366.7 | a=1.001122 | H=2.41e-05 | 86.6 steps/s | 11.55 ms/step | ETA: 192276.6 min
Step 1170000/1000000000 | t=4.68e+01 | T=7366.7 | a=1.001126 | H=2.41e-05 | 86.6 steps/s | 11.55 ms/step | ETA: 192275.6 min
Step 1175000/1000000000 | t=4.70e+01 | T=7366.7 | a=1.001131 | H=2.41e-05 | 86.6 steps/s | 11.55 ms/step | ETA: 192273.2 min
Step 1180000/1000000000 | t=4.72e+01 | T=7366.6 | a=1.001136 | H=2.41e-05 | 86.6 steps/s | 11.55 ms/step | ETA: 192266.4 min
Step 1185000/1000000000 | t=4.74e+01 | T=7366.6 | a=1.001141 | H=2.41e-05 | 86.6 steps/s | 11.55 ms/step | ETA: 192254.8 min
Step 1190000/1000000000 | t=4.76e+01 | T=7366.6 | a=1.001146 | H=2.41e-05 | 86.6 steps/s | 11.55 ms/step | ETA: 192246.6 min
Step 1195000/1000000000 | t=4.78e+01 | T=7366.5 | a=1.001151 | H=2.41e-05 | 86.6 steps/s | 11.55 ms/step | ETA: 192249.9 min
Step 1200000/1000000000 | t=4.80e+01 | T=7366.5 | a=1.001155 | H=2.41e-05 | 86.6 steps/s | 11.55 ms/step | ETA: 192245.8 min
Step 1205000/1000000000 | t=4.82e+01 | T=7366.5 | a=1.001160 | H=2.41e-05 | 86.6 steps/s | 11.55 ms/step | ETA: 192235.4 min
Step 1210000/1000000000 | t=4.84e+01 | T=7366.4 | a=1.001165 | H=2.41e-05 | 86.6 steps/s | 11.55 ms/step | ETA: 192225.4 min
Step 1215000/1000000000 | t=4.86e+01 | T=7366.4 | a=1.001170 | H=2.41e-05 | 86.6 steps/s | 11.55 ms/step | ETA: 192221.2 min
Step 1220000/1000000000 | t=4.88e+01 | T=7366.3 | a=1.001175 | H=2.41e-05 | 86.6 steps/s | 11.55 ms/step | ETA: 192216.2 min
Step 1225000/1000000000 | t=4.90e+01 | T=7366.3 | a=1.001179 | H=2.41e-05 | 85.8 steps/s | 11.66 ms/step | ETA: 194041.6 min
Step 1230000/1000000000 | t=4.92e+01 | T=7366.3 | a=1.001184 | H=2.41e-05 | 84.8 steps/s | 11.79 ms/step | ETA: 196258.0 min
Step 1235000/1000000000 | t=4.94e+01 | T=7366.2 | a=1.001189 | H=2.41e-05 | 83.8 steps/s | 11.94 ms/step | ETA: 198726.8 min
Step 1240000/1000000000 | t=4.96e+01 | T=7366.2 | a=1.001194 | H=2.41e-05 | 82.7 steps/s | 12.10 ms/step | ETA: 201359.1 min
Step 1245000/1000000000 | t=4.98e+01 | T=7366.2 | a=1.001199 | H=2.41e-05 | 81.6 steps/s | 12.26 ms/step | ETA: 204006.2 min
Step 1250000/1000000000 | t=5.00e+01 | T=7366.1 | a=1.001204 | H=2.41e-05 | 81.2 steps/s | 12.32 ms/step | ETA: 205102.9 min
Step 1255000/1000000000 | t=5.02e+01 | T=7366.1 | a=1.001208 | H=2.41e-05 | 80.8 steps/s | 12.37 ms/step | ETA: 205968.1 min
Step 1260000/1000000000 | t=5.04e+01 | T=7366.1 | a=1.001213 | H=2.41e-05 | 80.5 steps/s | 12.43 ms/step | ETA: 206822.9 min
Step 1265000/1000000000 | t=5.06e+01 | T=7366.0 | a=1.001218 | H=2.41e-05 | 80.2 steps/s | 12.48 ms/step | ETA: 207656.7 min
Step 1270000/1000000000 | t=5.08e+01 | T=7366.0 | a=1.001223 | H=2.41e-05 | 79.8 steps/s | 12.53 ms/step | ETA: 208538.5 min
Step 1275000/1000000000 | t=5.10e+01 | T=7366.0 | a=1.001228 | H=2.41e-05 | 79.5 steps/s | 12.58 ms/step | ETA: 209371.4 min
Step 1280000/1000000000 | t=5.12e+01 | T=7365.9 | a=1.001232 | H=2.41e-05 | 79.2 steps/s | 12.63 ms/step | ETA: 210187.9 min
Step 1285000/1000000000 | t=5.14e+01 | T=7365.9 | a=1.001237 | H=2.41e-05 | 78.9 steps/s | 12.68 ms/step | ETA: 211032.3 min
Step 1290000/1000000000 | t=5.16e+01 | T=7365.9 | a=1.001242 | H=2.41e-05 | 78.6 steps/s | 12.73 ms/step | ETA: 211875.0 min
Step 1295000/1000000000 | t=5.18e+01 | T=7365.8 | a=1.001247 | H=2.41e-05 | 78.3 steps/s | 12.78 ms/step | ETA: 212698.7 min
Step 1300000/1000000000 | t=5.20e+01 | T=7365.8 | a=1.001252 | H=2.41e-05 | 78.0 steps/s | 12.83 ms/step | ETA: 213506.8 min
Step 1305000/1000000000 | t=5.22e+01 | T=7365.7 | a=1.001257 | H=2.41e-05 | 77.7 steps/s | 12.87 ms/step | ETA: 214286.5 min
Step 1310000/1000000000 | t=5.24e+01 | T=7365.7 | a=1.001261 | H=2.41e-05 | 77.4 steps/s | 12.92 ms/step | ETA: 215071.5 min
Step 1315000/1000000000 | t=5.26e+01 | T=7365.7 | a=1.001266 | H=2.41e-05 | 77.1 steps/s | 12.97 ms/step | ETA: 215880.1 min
Step 1320000/1000000000 | t=5.28e+01 | T=7365.6 | a=1.001271 | H=2.41e-05 | 76.8 steps/s | 13.02 ms/step | ETA: 216709.6 min
Step 1325000/1000000000 | t=5.30e+01 | T=7365.6 | a=1.001276 | H=2.41e-05 | 76.5 steps/s | 13.07 ms/step | ETA: 217490.5 min
Step 1330000/1000000000 | t=5.32e+01 | T=7365.6 | a=1.001281 | H=2.41e-05 | 76.3 steps/s | 13.11 ms/step | ETA: 218278.6 min
Step 1335000/1000000000 | t=5.34e+01 | T=7365.5 | a=1.001285 | H=2.41e-05 | 76.0 steps/s | 13.16 ms/step | ETA: 219072.9 min
Step 1340000/1000000000 | t=5.36e+01 | T=7365.5 | a=1.001290 | H=2.41e-05 | 75.7 steps/s | 13.21 ms/step | ETA: 219855.9 min
Step 1345000/1000000000 | t=5.38e+01 | T=7365.5 | a=1.001295 | H=2.41e-05 | 75.4 steps/s | 13.25 ms/step | ETA: 220611.1 min
Step 1350000/1000000000 | t=5.40e+01 | T=7365.4 | a=1.001300 | H=2.41e-05 | 75.2 steps/s | 13.30 ms/step | ETA: 221373.1 min
Step 1355000/1000000000 | t=5.42e+01 | T=7365.4 | a=1.001305 | H=2.41e-05 | 74.9 steps/s | 13.35 ms/step | ETA: 222119.7 min
Step 1360000/1000000000 | t=5.44e+01 | T=7365.4 | a=1.001310 | H=2.41e-05 | 74.7 steps/s | 13.39 ms/step | ETA: 222874.1 min
Step 1365000/1000000000 | t=5.46e+01 | T=7365.3 | a=1.001314 | H=2.41e-05 | 74.4 steps/s | 13.44 ms/step | ETA: 223622.7 min
Step 1370000/1000000000 | t=5.48e+01 | T=7365.3 | a=1.001319 | H=2.41e-05 | 74.2 steps/s | 13.48 ms/step | ETA: 224346.6 min
Step 1375000/1000000000 | t=5.50e+01 | T=7365.2 | a=1.001324 | H=2.41e-05 | 73.9 steps/s | 13.52 ms/step | ETA: 225076.3 min
Step 1380000/1000000000 | t=5.52e+01 | T=7365.2 | a=1.001329 | H=2.41e-05 | 73.7 steps/s | 13.57 ms/step | ETA: 225784.2 min
Step 1385000/1000000000 | t=5.54e+01 | T=7365.2 | a=1.001334 | H=2.41e-05 | 73.5 steps/s | 13.61 ms/step | ETA: 226519.6 min
Step 1390000/1000000000 | t=5.56e+01 | T=7365.1 | a=1.001338 | H=2.41e-05 | 73.2 steps/s | 13.65 ms/step | ETA: 227237.3 min
Step 1395000/1000000000 | t=5.58e+01 | T=7365.1 | a=1.001343 | H=2.41e-05 | 73.0 steps/s | 13.70 ms/step | ETA: 227983.7 min
Step 1400000/1000000000 | t=5.60e+01 | T=7365.1 | a=1.001348 | H=2.41e-05 | 72.8 steps/s | 13.74 ms/step | ETA: 228685.3 min
Step 1405000/1000000000 | t=5.62e+01 | T=7365.0 | a=1.001353 | H=2.41e-05 | 72.6 steps/s | 13.78 ms/step | ETA: 229379.4 min
Step 1410000/1000000000 | t=5.64e+01 | T=7365.0 | a=1.001358 | H=2.41e-05 | 72.3 steps/s | 13.82 ms/step | ETA: 230078.7 min
Step 1415000/1000000000 | t=5.66e+01 | T=7365.0 | a=1.001363 | H=2.41e-05 | 72.1 steps/s | 13.87 ms/step | ETA: 230765.4 min
Step 1420000/1000000000 | t=5.68e+01 | T=7364.9 | a=1.001367 | H=2.41e-05 | 71.9 steps/s | 13.91 ms/step | ETA: 231426.4 min
Step 1425000/1000000000 | t=5.70e+01 | T=7364.9 | a=1.001372 | H=2.41e-05 | 71.7 steps/s | 13.95 ms/step | ETA: 232115.3 min
Step 1430000/1000000000 | t=5.72e+01 | T=7364.9 | a=1.001377 | H=2.41e-05 | 71.5 steps/s | 13.99 ms/step | ETA: 232789.2 min
Step 1435000/1000000000 | t=5.74e+01 | T=7364.8 | a=1.001382 | H=2.41e-05 | 71.3 steps/s | 14.03 ms/step | ETA: 233460.7 min
Step 1440000/1000000000 | t=5.76e+01 | T=7364.8 | a=1.001387 | H=2.41e-05 | 71.1 steps/s | 14.07 ms/step | ETA: 234120.2 min
Step 1445000/1000000000 | t=5.78e+01 | T=7364.8 | a=1.001391 | H=2.41e-05 | 70.9 steps/s | 14.11 ms/step | ETA: 234778.2 min
Step 1450000/1000000000 | t=5.80e+01 | T=7364.7 | a=1.001396 | H=2.41e-05 | 70.7 steps/s | 14.15 ms/step | ETA: 235434.6 min
Step 1455000/1000000000 | t=5.82e+01 | T=7364.7 | a=1.001401 | H=2.41e-05 | 70.5 steps/s | 14.19 ms/step | ETA: 236112.3 min
Step 1460000/1000000000 | t=5.84e+01 | T=7364.6 | a=1.001406 | H=2.41e-05 | 70.3 steps/s | 14.23 ms/step | ETA: 236771.5 min
Step 1465000/1000000000 | t=5.86e+01 | T=7364.6 | a=1.001411 | H=2.41e-05 | 70.1 steps/s | 14.27 ms/step | ETA: 237420.5 min
Step 1470000/1000000000 | t=5.88e+01 | T=7364.6 | a=1.001416 | H=2.41e-05 | 69.9 steps/s | 14.30 ms/step | ETA: 238057.3 min
Step 1475000/1000000000 | t=5.90e+01 | T=7364.5 | a=1.001420 | H=2.41e-05 | 69.7 steps/s | 14.34 ms/step | ETA: 238687.0 min
Step 1480000/1000000000 | t=5.92e+01 | T=7364.5 | a=1.001425 | H=2.41e-05 | 69.5 steps/s | 14.38 ms/step | ETA: 239324.5 min
Step 1485000/1000000000 | t=5.94e+01 | T=7364.5 | a=1.001430 | H=2.41e-05 | 69.3 steps/s | 14.42 ms/step | ETA: 239970.4 min
Step 1490000/1000000000 | t=5.96e+01 | T=7364.4 | a=1.001435 | H=2.41e-05 | 69.2 steps/s | 14.46 ms/step | ETA: 240600.1 min
Step 1495000/1000000000 | t=5.98e+01 | T=7364.4 | a=1.001440 | H=2.41e-05 | 69.0 steps/s | 14.50 ms/step | ETA: 241241.0 min
Step 1500000/1000000000 | t=6.00e+01 | T=7364.4 | a=1.001444 | H=2.41e-05 | 68.8 steps/s | 14.53 ms/step | ETA: 241849.5 min
Step 1505000/1000000000 | t=6.02e+01 | T=7364.3 | a=1.001449 | H=2.41e-05 | 68.6 steps/s | 14.57 ms/step | ETA: 242489.6 min
Step 1510000/1000000000 | t=6.04e+01 | T=7364.3 | a=1.001454 | H=2.41e-05 | 68.5 steps/s | 14.61 ms/step | ETA: 243093.5 min
Step 1515000/1000000000 | t=6.06e+01 | T=7364.3 | a=1.001459 | H=2.41e-05 | 68.3 steps/s | 14.64 ms/step | ETA: 243686.7 min
Step 1520000/1000000000 | t=6.08e+01 | T=7364.2 | a=1.001464 | H=2.41e-05 | 68.1 steps/s | 14.68 ms/step | ETA: 244294.0 min
Step 1525000/1000000000 | t=6.10e+01 | T=7364.2 | a=1.001469 | H=2.41e-05 | 67.9 steps/s | 14.72 ms/step | ETA: 244909.2 min
Step 1530000/1000000000 | t=6.12e+01 | T=7364.2 | a=1.001473 | H=2.41e-05 | 67.8 steps/s | 14.75 ms/step | ETA: 245522.8 min
Step 1535000/1000000000 | t=6.14e+01 | T=7364.1 | a=1.001478 | H=2.41e-05 | 67.6 steps/s | 14.79 ms/step | ETA: 246121.2 min
Step 1540000/1000000000 | t=6.16e+01 | T=7364.1 | a=1.001483 | H=2.41e-05 | 67.5 steps/s | 14.82 ms/step | ETA: 246693.1 min
Step 1545000/1000000000 | t=6.18e+01 | T=7364.0 | a=1.001488 | H=2.41e-05 | 67.3 steps/s | 14.86 ms/step | ETA: 247299.2 min
Step 1550000/1000000000 | t=6.20e+01 | T=7364.0 | a=1.001493 | H=2.41e-05 | 67.1 steps/s | 14.90 ms/step | ETA: 247871.8 min
Step 1555000/1000000000 | t=6.22e+01 | T=7364.0 | a=1.001497 | H=2.41e-05 | 67.0 steps/s | 14.93 ms/step | ETA: 248447.5 min
Step 1560000/1000000000 | t=6.24e+01 | T=7363.9 | a=1.001502 | H=2.41e-05 | 66.8 steps/s | 14.96 ms/step | ETA: 249015.2 min
Step 1565000/1000000000 | t=6.26e+01 | T=7363.9 | a=1.001507 | H=2.41e-05 | 66.7 steps/s | 15.00 ms/step | ETA: 249574.3 min
Step 1570000/1000000000 | t=6.28e+01 | T=7363.9 | a=1.001512 | H=2.41e-05 | 66.5 steps/s | 15.03 ms/step | ETA: 250123.9 min
Step 1575000/1000000000 | t=6.30e+01 | T=7363.8 | a=1.001517 | H=2.41e-05 | 66.4 steps/s | 15.07 ms/step | ETA: 250692.6 min
Step 1580000/1000000000 | t=6.32e+01 | T=7363.8 | a=1.001522 | H=2.41e-05 | 66.2 steps/s | 15.10 ms/step | ETA: 251237.5 min
Step 1585000/1000000000 | t=6.34e+01 | T=7363.8 | a=1.001526 | H=2.41e-05 | 66.1 steps/s | 15.13 ms/step | ETA: 251777.1 min
Step 1590000/1000000000 | t=6.36e+01 | T=7363.7 | a=1.001531 | H=2.41e-05 | 65.9 steps/s | 15.16 ms/step | ETA: 252324.8 min
Step 1595000/1000000000 | t=6.38e+01 | T=7363.7 | a=1.001536 | H=2.41e-05 | 65.8 steps/s | 15.20 ms/step | ETA: 252860.4 min
Step 1600000/1000000000 | t=6.40e+01 | T=7363.7 | a=1.001541 | H=2.41e-05 | 65.7 steps/s | 15.23 ms/step | ETA: 253460.0 min
Step 1605000/1000000000 | t=6.42e+01 | T=7363.6 | a=1.001546 | H=2.41e-05 | 65.5 steps/s | 15.26 ms/step | ETA: 254003.1 min
Step 1610000/1000000000 | t=6.44e+01 | T=7363.6 | a=1.001550 | H=2.41e-05 | 65.4 steps/s | 15.30 ms/step | ETA: 254523.5 min
Step 1615000/1000000000 | t=6.46e+01 | T=7363.5 | a=1.001555 | H=2.41e-05 | 65.2 steps/s | 15.33 ms/step | ETA: 255113.8 min
Step 1620000/1000000000 | t=6.48e+01 | T=7363.5 | a=1.001560 | H=2.41e-05 | 65.1 steps/s | 15.36 ms/step | ETA: 255652.4 min
Step 1625000/1000000000 | t=6.50e+01 | T=7363.5 | a=1.001565 | H=2.41e-05 | 65.0 steps/s | 15.39 ms/step | ETA: 256163.8 min
Step 1630000/1000000000 | t=6.52e+01 | T=7363.4 | a=1.001570 | H=2.41e-05 | 64.8 steps/s | 15.43 ms/step | ETA: 256685.8 min
Step 1635000/1000000000 | t=6.54e+01 | T=7363.4 | a=1.001575 | H=2.41e-05 | 64.7 steps/s | 15.46 ms/step | ETA: 257196.8 min
Step 1640000/1000000000 | t=6.56e+01 | T=7363.4 | a=1.001579 | H=2.41e-05 | 64.6 steps/s | 15.49 ms/step | ETA: 257689.0 min
Step 1645000/1000000000 | t=6.58e+01 | T=7363.3 | a=1.001584 | H=2.41e-05 | 64.4 steps/s | 15.52 ms/step | ETA: 258196.2 min
Step 1650000/1000000000 | t=6.60e+01 | T=7363.3 | a=1.001589 | H=2.41e-05 | 64.3 steps/s | 15.55 ms/step | ETA: 258700.9 min
Step 1655000/1000000000 | t=6.62e+01 | T=7363.3 | a=1.001594 | H=2.41e-05 | 64.2 steps/s | 15.58 ms/step | ETA: 259209.7 min
Step 1660000/1000000000 | t=6.64e+01 | T=7363.2 | a=1.001599 | H=2.41e-05 | 64.1 steps/s | 15.61 ms/step | ETA: 259717.2 min
Step 1665000/1000000000 | t=6.66e+01 | T=7363.2 | a=1.001603 | H=2.41e-05 | 63.9 steps/s | 15.64 ms/step | ETA: 260203.1 min
Step 1670000/1000000000 | t=6.68e+01 | T=7363.2 | a=1.001608 | H=2.41e-05 | 63.8 steps/s | 15.67 ms/step | ETA: 260710.3 min
Step 1675000/1000000000 | t=6.70e+01 | T=7363.1 | a=1.001613 | H=2.41e-05 | 63.7 steps/s | 15.70 ms/step | ETA: 261183.4 min
Step 1680000/1000000000 | t=6.72e+01 | T=7363.1 | a=1.001618 | H=2.41e-05 | 63.6 steps/s | 15.73 ms/step | ETA: 261670.4 min
Step 1685000/1000000000 | t=6.74e+01 | T=7363.1 | a=1.001623 | H=2.41e-05 | 63.5 steps/s | 15.76 ms/step | ETA: 262148.4 min
Step 1690000/1000000000 | t=6.76e+01 | T=7363.0 | a=1.001628 | H=2.41e-05 | 63.4 steps/s | 15.79 ms/step | ETA: 262640.9 min
Step 1695000/1000000000 | t=6.78e+01 | T=7363.0 | a=1.001632 | H=2.41e-05 | 63.2 steps/s | 15.82 ms/step | ETA: 263137.5 min
Step 1700000/1000000000 | t=6.80e+01 | T=7362.9 | a=1.001637 | H=2.41e-05 | 63.1 steps/s | 15.84 ms/step | ETA: 263598.4 min
Step 1705000/1000000000 | t=6.82e+01 | T=7362.9 | a=1.001642 | H=2.41e-05 | 63.0 steps/s | 15.87 ms/step | ETA: 264106.6 min
Step 1710000/1000000000 | t=6.84e+01 | T=7362.9 | a=1.001647 | H=2.41e-05 | 62.9 steps/s | 15.90 ms/step | ETA: 264590.5 min
Step 1715000/1000000000 | t=6.86e+01 | T=7362.8 | a=1.001652 | H=2.41e-05 | 62.8 steps/s | 15.93 ms/step | ETA: 265070.7 min
Step 1720000/1000000000 | t=6.88e+01 | T=7362.8 | a=1.001656 | H=2.41e-05 | 62.7 steps/s | 15.96 ms/step | ETA: 265519.1 min
Step 1725000/1000000000 | t=6.90e+01 | T=7362.8 | a=1.001661 | H=2.41e-05 | 62.6 steps/s | 15.99 ms/step | ETA: 265975.5 min
Step 1730000/1000000000 | t=6.92e+01 | T=7362.7 | a=1.001666 | H=2.41e-05 | 62.4 steps/s | 16.01 ms/step | ETA: 266441.5 min
Step 1735000/1000000000 | t=6.94e+01 | T=7362.7 | a=1.001671 | H=2.41e-05 | 62.3 steps/s | 16.04 ms/step | ETA: 266907.8 min
Step 1740000/1000000000 | t=6.96e+01 | T=7362.7 | a=1.001676 | H=2.41e-05 | 62.2 steps/s | 16.07 ms/step | ETA: 267382.6 min
Step 1745000/1000000000 | t=6.98e+01 | T=7362.6 | a=1.001681 | H=2.41e-05 | 62.1 steps/s | 16.10 ms/step | ETA: 267833.1 min
Step 1750000/1000000000 | t=7.00e+01 | T=7362.6 | a=1.001685 | H=2.41e-05 | 62.0 steps/s | 16.12 ms/step | ETA: 268271.6 min
Step 1755000/1000000000 | t=7.02e+01 | T=7362.6 | a=1.001690 | H=2.41e-05 | 61.9 steps/s | 16.15 ms/step | ETA: 268741.6 min
Step 1760000/1000000000 | t=7.04e+01 | T=7362.5 | a=1.001695 | H=2.41e-05 | 61.8 steps/s | 16.18 ms/step | ETA: 269207.6 min
Step 1765000/1000000000 | t=7.06e+01 | T=7362.5 | a=1.001700 | H=2.41e-05 | 61.7 steps/s | 16.21 ms/step | ETA: 269650.3 min
Step 1770000/1000000000 | t=7.08e+01 | T=7362.4 | a=1.001705 | H=2.41e-05 | 61.6 steps/s | 16.23 ms/step | ETA: 270085.1 min
Step 1775000/1000000000 | t=7.10e+01 | T=7362.4 | a=1.001709 | H=2.41e-05 | 61.5 steps/s | 16.26 ms/step | ETA: 270515.8 min
Step 1780000/1000000000 | t=7.12e+01 | T=7362.4 | a=1.001714 | H=2.41e-05 | 61.4 steps/s | 16.29 ms/step | ETA: 270956.9 min
Step 1785000/1000000000 | t=7.14e+01 | T=7362.3 | a=1.001719 | H=2.41e-05 | 61.3 steps/s | 16.31 ms/step | ETA: 271389.8 min
Step 1790000/1000000000 | t=7.16e+01 | T=7362.3 | a=1.001724 | H=2.41e-05 | 61.2 steps/s | 16.34 ms/step | ETA: 271815.5 min
Step 1795000/1000000000 | t=7.18e+01 | T=7362.3 | a=1.001729 | H=2.41e-05 | 61.1 steps/s | 16.36 ms/step | ETA: 272237.0 min
Step 1800000/1000000000 | t=7.20e+01 | T=7362.2 | a=1.001734 | H=2.41e-05 | 61.0 steps/s | 16.39 ms/step | ETA: 272664.7 min
Step 1805000/1000000000 | t=7.22e+01 | T=7362.2 | a=1.001738 | H=2.41e-05 | 60.9 steps/s | 16.41 ms/step | ETA: 273086.8 min
Step 1810000/1000000000 | t=7.24e+01 | T=7362.2 | a=1.001743 | H=2.41e-05 | 60.8 steps/s | 16.44 ms/step | ETA: 273556.7 min
Step 1815000/1000000000 | t=7.26e+01 | T=7362.1 | a=1.001748 | H=2.41e-05 | 60.7 steps/s | 16.47 ms/step | ETA: 273995.2 min
Step 1820000/1000000000 | t=7.28e+01 | T=7362.1 | a=1.001753 | H=2.41e-05 | 60.6 steps/s | 16.50 ms/step | ETA: 274421.6 min
Step 1825000/1000000000 | t=7.30e+01 | T=7362.1 | a=1.001758 | H=2.41e-05 | 60.5 steps/s | 16.52 ms/step | ETA: 274819.5 min
Step 1830000/1000000000 | t=7.32e+01 | T=7362.0 | a=1.001762 | H=2.41e-05 | 60.4 steps/s | 16.54 ms/step | ETA: 275238.8 min
Step 1835000/1000000000 | t=7.34e+01 | T=7362.0 | a=1.001767 | H=2.41e-05 | 60.4 steps/s | 16.57 ms/step | ETA: 275630.0 min
Step 1840000/1000000000 | t=7.36e+01 | T=7362.0 | a=1.001772 | H=2.41e-05 | 60.3 steps/s | 16.59 ms/step | ETA: 276037.5 min
Step 1845000/1000000000 | t=7.38e+01 | T=7361.9 | a=1.001777 | H=2.41e-05 | 60.2 steps/s | 16.62 ms/step | ETA: 276452.0 min
Step 1850000/1000000000 | t=7.40e+01 | T=7361.9 | a=1.001782 | H=2.41e-05 | 60.1 steps/s | 16.64 ms/step | ETA: 276845.5 min
Step 1855000/1000000000 | t=7.42e+01 | T=7361.8 | a=1.001787 | H=2.41e-05 | 60.0 steps/s | 16.67 ms/step | ETA: 277246.4 min
Step 1860000/1000000000 | t=7.44e+01 | T=7361.8 | a=1.001791 | H=2.41e-05 | 59.9 steps/s | 16.69 ms/step | ETA: 277643.9 min
Step 1865000/1000000000 | t=7.46e+01 | T=7361.8 | a=1.001796 | H=2.41e-05 | 59.8 steps/s | 16.71 ms/step | ETA: 278022.3 min
Step 1870000/1000000000 | t=7.48e+01 | T=7361.7 | a=1.001801 | H=2.41e-05 | 59.8 steps/s | 16.74 ms/step | ETA: 278403.0 min
Step 1875000/1000000000 | t=7.50e+01 | T=7361.7 | a=1.001806 | H=2.41e-05 | 59.7 steps/s | 16.76 ms/step | ETA: 278792.3 min
Step 1880000/1000000000 | t=7.52e+01 | T=7361.7 | a=1.001811 | H=2.41e-05 | 59.6 steps/s | 16.78 ms/step | ETA: 279192.8 min
Step 1885000/1000000000 | t=7.54e+01 | T=7361.6 | a=1.001815 | H=2.41e-05 | 59.5 steps/s | 16.81 ms/step | ETA: 279564.2 min
Step 1890000/1000000000 | t=7.56e+01 | T=7361.6 | a=1.001820 | H=2.41e-05 | 59.4 steps/s | 16.83 ms/step | ETA: 279947.3 min
Step 1895000/1000000000 | t=7.58e+01 | T=7361.6 | a=1.001825 | H=2.41e-05 | 59.3 steps/s | 16.87 ms/step | ETA: 280571.7 min
Step 1900000/1000000000 | t=7.60e+01 | T=7361.5 | a=1.001830 | H=2.41e-05 | 59.2 steps/s | 16.89 ms/step | ETA: 280954.6 min
Step 1905000/1000000000 | t=7.62e+01 | T=7361.5 | a=1.001835 | H=2.41e-05 | 59.1 steps/s | 16.91 ms/step | ETA: 281321.8 min
Step 1910000/1000000000 | t=7.64e+01 | T=7361.5 | a=1.001840 | H=2.41e-05 | 59.1 steps/s | 16.93 ms/step | ETA: 281704.6 min
Step 1915000/1000000000 | t=7.66e+01 | T=7361.4 | a=1.001844 | H=2.41e-05 | 59.0 steps/s | 16.96 ms/step | ETA: 282063.3 min
Step 1920000/1000000000 | t=7.68e+01 | T=7361.4 | a=1.001849 | H=2.41e-05 | 58.9 steps/s | 16.98 ms/step | ETA: 282436.4 min
Step 1925000/1000000000 | t=7.70e+01 | T=7361.4 | a=1.001854 | H=2.41e-05 | 58.8 steps/s | 17.00 ms/step | ETA: 282814.5 min
Step 1930000/1000000000 | t=7.72e+01 | T=7361.3 | a=1.001859 | H=2.41e-05 | 58.7 steps/s | 17.02 ms/step | ETA: 283171.2 min
Step 1935000/1000000000 | t=7.74e+01 | T=7361.3 | a=1.001864 | H=2.41e-05 | 58.7 steps/s | 17.04 ms/step | ETA: 283529.2 min
Step 1940000/1000000000 | t=7.76e+01 | T=7361.2 | a=1.001869 | H=2.41e-05 | 58.6 steps/s | 17.07 ms/step | ETA: 283875.5 min
Step 1945000/1000000000 | t=7.78e+01 | T=7361.2 | a=1.001873 | H=2.41e-05 | 58.5 steps/s | 17.09 ms/step | ETA: 284241.7 min
Step 1950000/1000000000 | t=7.80e+01 | T=7361.2 | a=1.001878 | H=2.41e-05 | 58.4 steps/s | 17.11 ms/step | ETA: 284617.4 min
Step 1955000/1000000000 | t=7.82e+01 | T=7361.1 | a=1.001883 | H=2.41e-05 | 58.4 steps/s | 17.13 ms/step | ETA: 284983.4 min
Step 1960000/1000000000 | t=7.84e+01 | T=7361.1 | a=1.001888 | H=2.41e-05 | 58.3 steps/s | 17.15 ms/step | ETA: 285337.1 min
Step 1965000/1000000000 | t=7.86e+01 | T=7361.1 | a=1.001893 | H=2.41e-05 | 58.2 steps/s | 17.18 ms/step | ETA: 285692.6 min
Step 1970000/1000000000 | t=7.88e+01 | T=7361.0 | a=1.001897 | H=2.41e-05 | 58.2 steps/s | 17.20 ms/step | ETA: 286048.4 min
Step 1975000/1000000000 | t=7.90e+01 | T=7361.0 | a=1.001902 | H=2.41e-05 | 58.1 steps/s | 17.22 ms/step | ETA: 286413.4 min
Step 1980000/1000000000 | t=7.92e+01 | T=7361.0 | a=1.001907 | H=2.41e-05 | 58.0 steps/s | 17.24 ms/step | ETA: 286757.5 min
Step 1985000/1000000000 | t=7.94e+01 | T=7360.9 | a=1.001912 | H=2.41e-05 | 57.9 steps/s | 17.26 ms/step | ETA: 287102.5 min
Step 1990000/1000000000 | t=7.96e+01 | T=7360.9 | a=1.001917 | H=2.41e-05 | 57.9 steps/s | 17.28 ms/step | ETA: 287451.3 min
Step 1995000/1000000000 | t=7.98e+01 | T=7360.9 | a=1.001922 | H=2.41e-05 | 57.8 steps/s | 17.30 ms/step | ETA: 287815.7 min
Step 2000000/1000000000 | t=8.00e+01 | T=7360.8 | a=1.001926 | H=2.41e-05 | 57.7 steps/s | 17.32 ms/step | ETA: 288158.8 min
Step 2005000/1000000000 | t=8.02e+01 | T=7360.8 | a=1.001931 | H=2.41e-05 | 57.7 steps/s | 17.34 ms/step | ETA: 288496.7 min
Step 2010000/1000000000 | t=8.04e+01 | T=7360.7 | a=1.001936 | H=2.41e-05 | 57.6 steps/s | 17.37 ms/step | ETA: 288836.6 min
Step 2015000/1000000000 | t=8.06e+01 | T=7360.7 | a=1.001941 | H=2.41e-05 | 57.5 steps/s | 17.38 ms/step | ETA: 289164.0 min
Step 2020000/1000000000 | t=8.08e+01 | T=7360.7 | a=1.001946 | H=2.41e-05 | 57.4 steps/s | 17.41 ms/step | ETA: 289564.8 min
Step 2025000/1000000000 | t=8.10e+01 | T=7360.6 | a=1.001950 | H=2.41e-05 | 50.9 steps/s | 19.64 ms/step | ETA: 326728.6 min
Step 2030000/1000000000 | t=8.12e+01 | T=7360.6 | a=1.001955 | H=2.41e-05 | 50.8 steps/s | 19.67 ms/step | ETA: 327214.7 min
Step 2035000/1000000000 | t=8.14e+01 | T=7360.6 | a=1.001960 | H=2.41e-05 | 50.7 steps/s | 19.71 ms/step | ETA: 327897.0 min
Step 2040000/1000000000 | t=8.16e+01 | T=7360.5 | a=1.001965 | H=2.41e-05 | 50.6 steps/s | 19.77 ms/step | ETA: 328769.0 min
