======================================================================
LATTICE SIMULATION LOG
Started: 2026-02-21 23:57:51
Log file: logs/simulation_20260221_235751.log
======================================================================

Numba Configuration:
  Version: 0.63.1
  Threading layer: default
  Configured threads: 11
  Active threads: 11
----------------------------------------------------------------------

Time step: dt_phys = 1.00e-04, dt (rescaled) = 1.0000e-01
  CFL limit: dt_CFL = 2.8868 (rescaled)
  dt/dt_CFL = 3.4641e-02 (SAFE)

Hubble expansion: ENABLED (comoving lattice)
  g_* = 106.75, M_Pl = 2.40e+18 GeV, ΔV = 1.00e+28 GeV^4
  H² = (T⁴/χ_g² + ΔV) / (3 M_Pl²)
  H(T0=7346.0) = 2.4056e-05 GeV
  3H = 7.2169e-05 GeV
  η_phys = 0.3 GeV  →  3H/η = 2.41e-04
  T(t) = T0 / a(t)  (entropy conservation)
  Initial a = 1.0
Field precision: float32
Tree-level VEV: ±1.0000e+11

Finding thermal VEV at T = 7346.0...
  V'(0) = 1.0462e-07
  V'(VEV) = 7.1340e-31
  Thermal VEV found: 1.0000e+11
  Ratio thermal/tree: 1.0000

Finding escape point...
  V'(1e-10) = 1.0462e-07
  V'(1e0)   = 1.0462e+03
  V'(1e5)   = -9.9983e+10
  V'(1e8)   = -1.0000e+14
  V'(1e10)  = -9.9000e+15
  Barrier found between 5.3999e+02 and 5.6809e+02
  Barrier top at: 5.6190e+02
  Escape point: 6.1809e+02
  V'(escape) = -1.3647e+05 (should be < 0)

Using TREE-LEVEL VEV for seeding: 1.0000e+11
The bubble is seeded at the true vacuum (no rolling needed).
Bubble seeding: DISABLED (thermal nucleation only)
Field states will be saved to: data/set6/128x128x128_T0_7346_dx_0.005_dtphys_0.0001_interval_50000_3D_hubble_eta_0.3/field_states
Figures will be saved to: data/set6/128x128x128_T0_7346_dx_0.005_dtphys_0.0001_interval_50000_3D_hubble_eta_0.3/figs/latticeSnapshot

============================================================
RESUMING FROM CHECKPOINT
============================================================
  File: data/set6/128x128x128_T0_7346_dx_0.005_dtphys_0.0001_interval_50000_3D_hubble_eta_0.3/field_states/state_step_0000250000.npz
  Step: 250000  ->  resuming from step 250000
  Time: 2.500000e+01 (physical)
  Temperature: 7341.6
  phi range: [-3.5088e-02, 3.0356e-02]
  scale_factor: 1.0006015922
  Remaining steps: 999,750,000
============================================================


============================================================
Starting time evolution...
Grid: 128×128×128, Steps: 1000000000, dt: 1.00e-01
Integrator: RK2 (4 passes/step)
  Single-pass fused: True
  Fused RK2: True
Using Vprime lookup table: True (size=16384)
Using in-kernel RNG: True
Field precision: float32
Spline resolution N_Y: 256
Bubble seeding: DISABLED
Thermal noise: ENABLED (FDT noise_scale(T0) = 5.9381e-05)
Overdamped mode: DISABLED (η = 0.3)
Hubble expansion: ENABLED
  H(T0) = 2.4056e-05 GeV, 3H/η = 2.41e-04
  g_* = 106.75, M_Pl = 2.40e+18 GeV
============================================================

Warming up JIT compilation...
JIT warmup complete.
Starting main loop...

Step 250000/1000000000 | t=2.50e+01 | T=7341.6 | a=1.000602 | H=2.41e-05 | 7.3 steps/s | 137.04 ms/step | ETA: 2283463.1 min
