======================================================================
LATTICE SIMULATION LOG
Started: 2026-02-23 14:07:09
Log file: logs/simulation_20260223_140709.log
======================================================================

Numba Configuration:
  Version: 0.63.1
  Threading layer: default
  Configured threads: 11
  Active threads: 11
----------------------------------------------------------------------

Time step: dt_phys = 3.00e-04, dt (rescaled) = 3.0000e-01
  CFL limit: dt_CFL = 0.5774 (rescaled)
  dt/dt_CFL = 5.1962e-01 (SAFE)

Hubble expansion: ENABLED (comoving lattice)
  g_* = 106.75, M_Pl = 2.40e+18 GeV, ΔV = 1.00e+28 GeV^4
  H² = (T⁴/χ_g² + ΔV) / (3 M_Pl²)
  H(T0=7350.0) = 2.4056e-05 GeV
  3H = 7.2169e-05 GeV
  η_phys = 0.3 GeV  →  3H/η = 2.41e-04
  T(t) = T0 / a(t)  (entropy conservation)
  Initial a = 1.0
Field precision: float32
Tree-level VEV: ±1.0000e+11

Finding thermal VEV at T = 7350.0...
  V'(0) = 2.1550e-07
  V'(VEV) = 7.1457e-31
  Thermal VEV found: 1.0000e+11
  Ratio thermal/tree: 1.0000

Finding escape point...
  V'(1e-10) = 2.1550e-07
  V'(1e0)   = 2.1550e+03
  V'(1e5)   = -9.9983e+10
  V'(1e8)   = -1.0000e+14
  V'(1e10)  = -9.9000e+15
  Barrier found between 7.7025e+02 and 8.1034e+02
  Barrier top at: 8.0472e+02
  Escape point: 8.8519e+02
  V'(escape) = -4.0450e+05 (should be < 0)

Using TREE-LEVEL VEV for seeding: 1.0000e+11
The bubble is seeded at the true vacuum (no rolling needed).
Bubble seeding: DISABLED (thermal nucleation only)
Field states will be saved to: data/set6/256x256x256_T0_7350_dx_0.001_dtphys_0.0003_interval_1000_3D_hubble_eta_0.3/field_states
Figures will be saved to: data/set6/256x256x256_T0_7350_dx_0.001_dtphys_0.0003_interval_1000_3D_hubble_eta_0.3/figs/latticeSnapshot

--resume specified but no checkpoints found. Starting from scratch.

============================================================
Starting time evolution...
Grid: 256×256×256, Steps: 10000000000, dt: 3.00e-01
Integrator: BAOAB (2 passes/step, table V')
Using Vprime lookup table: True (size=16384)
Using in-kernel RNG: True
Field precision: float32
Spline resolution N_Y: 256
Bubble seeding: DISABLED
Thermal noise: ENABLED (FDT noise_scale(T0) = 3.6373e+01)
Overdamped mode: DISABLED (η = 0.3)
Hubble expansion: ENABLED
  H(T0) = 2.4056e-05 GeV, 3H/η = 2.41e-04
  g_* = 106.75, M_Pl = 2.40e+18 GeV
============================================================

Warming up JIT compilation...
JIT warmup complete.
Starting main loop...

Step 0/10000000000 | t=0.00e+00 | T=7350.0 | a=1.000000 | H=2.41e-05 | 4.1 steps/s | 241.69 ms/step | ETA: 40280977.9 min
Step 1000/10000000000 | t=3.00e-01 | T=7349.9 | a=1.000007 | H=2.41e-05 | 11.3 steps/s | 88.67 ms/step | ETA: 14778002.3 min
Step 2000/10000000000 | t=6.00e-01 | T=7349.9 | a=1.000014 | H=2.41e-05 | 11.8 steps/s | 84.95 ms/step | ETA: 14158614.1 min
Step 3000/10000000000 | t=9.00e-01 | T=7349.8 | a=1.000022 | H=2.41e-05 | 11.8 steps/s | 84.98 ms/step | ETA: 14162566.5 min
Step 4000/10000000000 | t=1.20e+00 | T=7349.8 | a=1.000029 | H=2.41e-05 | 11.8 steps/s | 84.41 ms/step | ETA: 14068719.6 min
Step 5000/10000000000 | t=1.50e+00 | T=7349.7 | a=1.000036 | H=2.41e-05 | 11.9 steps/s | 84.25 ms/step | ETA: 14042004.5 min
