======================================================================
LATTICE SIMULATION LOG
Started: 2026-03-03 21:58:36
Log file: logs/simulation_20260303_215836.log
======================================================================

Numba Configuration:
  Version: 0.63.1
  Threading layer: default
  Configured threads: 11
  Active threads: 11
----------------------------------------------------------------------

Time step: dt_phys = 5.00e-04, dt (rescaled) = 5.0000e-01
  CFL limit: dt_CFL = 2.8868 (rescaled)
  dt/dt_CFL = 1.7321e-01 (SAFE)

Hubble expansion: ENABLED (comoving lattice)
  g_* = 106.75, M_Pl = 2.40e+18 GeV, ΔV = 1.00e+28 GeV^4
  H² = (T⁴/χ_g² + ΔV) / (3 M_Pl²)
  H(T0=7405.0) = 2.4056e-05 GeV
  3H = 7.2169e-05 GeV
  η_phys = 7405.0 GeV  →  3H/η = 9.75e-09
  T(t) = T0 / a(t)  (entropy conservation)
  Initial a = 1.0
Field precision: float32
Tree-level VEV: ±1.0000e+11
Couplings: boson=1.09, fermion=1.09

Finding thermal VEV at T = 7405.0...
  V'(0) = 1.7462e-06
  V'(VEV) = 7.3073e-31
  Thermal VEV found: 1.0000e+11
  Ratio thermal/tree: 1.0000

Finding escape point...
  V'(1e-10) = 1.7462e-06
  V'(1e0)   = 1.7462e+04
  V'(1e5)   = -9.9981e+10
  V'(1e8)   = -1.0000e+14
  V'(1e10)  = -9.9000e+15
  Barrier found between 2.2355e+03 and 2.3518e+03
  Barrier top at: 2.2423e+03
  Escape point: 2.4665e+03
  V'(escape) = -9.4263e+06 (should be < 0)

Using TREE-LEVEL VEV for seeding: 1.0000e+11
The bubble is seeded at the true vacuum (no rolling needed).
Bubble seeding: DISABLED (thermal nucleation only)
Field states will be saved to: data/set6/256x256x256_T0_7405_dx_0.005_dtphys_0.0005_interval_4000_3D_hubble_eta_7405_gb_1.09_gf_1.09_rk2_fused_inline/field_states
Figures will be saved to: data/set6/256x256x256_T0_7405_dx_0.005_dtphys_0.0005_interval_4000_3D_hubble_eta_7405_gb_1.09_gf_1.09_rk2_fused_inline/figs/latticeSnapshot

--resume specified but no checkpoints found. Starting from scratch.

============================================================
Starting time evolution...
Grid: 256×256×256, Steps: 1500000, dt: 5.00e-01
Integrator: rk2_fused_inline
Using Vprime lookup table: False (size=16384)
Using in-kernel RNG: True
Field precision: float32
Spline resolution N_Y: 256
Bubble seeding: DISABLED
Thermal noise: ENABLED (FDT noise_scale(T0) = 6.6232e+02)
Overdamped mode: DISABLED (η = 7405.0)
Hubble expansion: ENABLED
  H(T0) = 2.4056e-05 GeV, 3H/η = 9.75e-09
  g_* = 106.75, M_Pl = 2.40e+18 GeV
============================================================

Warming up JIT compilation...
JIT warmup complete.
Starting main loop...

Dense snapshots: enabled (threshold=50000.0, interval=5)
Step 0/1500000 | t=0.00e+00 | T=7405.0 | a=1.000000 | H=2.41e-05 | 4.4 steps/s | 224.76 ms/step | ETA: 5619.0 min

*** phi threshold exceeded: max|phi|=263782.3 > 50000.0
*** Switching to dense snapshots: every 5 steps

Step 5/1500000 | t=2.50e-03 | T=7405.0 | a=1.000000 | H=2.41e-05 | 1.2 steps/s | 844.96 ms/step | ETA: 21123.9 min
Step 10/1500000 | t=5.00e-03 | T=7405.0 | a=1.000000 | H=2.41e-05 | 1.4 steps/s | 711.71 ms/step | ETA: 17792.5 min
Step 15/1500000 | t=7.50e-03 | T=7405.0 | a=1.000000 | H=2.41e-05 | 1.5 steps/s | 666.15 ms/step | ETA: 16653.5 min
Step 20/1500000 | t=1.00e-02 | T=7405.0 | a=1.000000 | H=2.41e-05 | 1.6 steps/s | 611.54 ms/step | ETA: 15288.4 min
Step 25/1500000 | t=1.25e-02 | T=7405.0 | a=1.000000 | H=2.41e-05 | 1.9 steps/s | 540.50 ms/step | ETA: 13512.2 min
Step 30/1500000 | t=1.50e-02 | T=7405.0 | a=1.000000 | H=2.41e-05 | 2.1 steps/s | 487.80 ms/step | ETA: 12194.7 min
Step 35/1500000 | t=1.75e-02 | T=7405.0 | a=1.000000 | H=2.41e-05 | 2.2 steps/s | 449.93 ms/step | ETA: 11248.1 min
Step 40/1500000 | t=2.00e-02 | T=7405.0 | a=1.000000 | H=2.41e-05 | 2.4 steps/s | 421.48 ms/step | ETA: 10536.7 min
Step 45/1500000 | t=2.25e-02 | T=7405.0 | a=1.000001 | H=2.41e-05 | 2.5 steps/s | 398.28 ms/step | ETA: 9956.8 min
Step 50/1500000 | t=2.50e-02 | T=7405.0 | a=1.000001 | H=2.41e-05 | 2.6 steps/s | 379.33 ms/step | ETA: 9483.0 min
Step 55/1500000 | t=2.75e-02 | T=7405.0 | a=1.000001 | H=2.41e-05 | 2.7 steps/s | 369.36 ms/step | ETA: 9233.7 min
Step 60/1500000 | t=3.00e-02 | T=7405.0 | a=1.000001 | H=2.41e-05 | 2.8 steps/s | 356.24 ms/step | ETA: 8905.6 min
Step 65/1500000 | t=3.25e-02 | T=7405.0 | a=1.000001 | H=2.41e-05 | 2.9 steps/s | 344.82 ms/step | ETA: 8620.1 min
Step 70/1500000 | t=3.50e-02 | T=7405.0 | a=1.000001 | H=2.41e-05 | 3.0 steps/s | 336.05 ms/step | ETA: 8400.8 min
Step 75/1500000 | t=3.75e-02 | T=7405.0 | a=1.000001 | H=2.41e-05 | 3.1 steps/s | 327.78 ms/step | ETA: 8194.2 min
Step 80/1500000 | t=4.00e-02 | T=7405.0 | a=1.000001 | H=2.41e-05 | 3.1 steps/s | 320.24 ms/step | ETA: 8005.5 min
Step 85/1500000 | t=4.25e-02 | T=7405.0 | a=1.000001 | H=2.41e-05 | 3.2 steps/s | 313.70 ms/step | ETA: 7842.0 min
Step 90/1500000 | t=4.50e-02 | T=7405.0 | a=1.000001 | H=2.41e-05 | 3.2 steps/s | 307.82 ms/step | ETA: 7695.0 min
Step 95/1500000 | t=4.75e-02 | T=7405.0 | a=1.000001 | H=2.41e-05 | 3.3 steps/s | 302.83 ms/step | ETA: 7570.3 min
Step 100/1500000 | t=5.00e-02 | T=7405.0 | a=1.000001 | H=2.41e-05 | 3.4 steps/s | 298.16 ms/step | ETA: 7453.6 min
Step 105/1500000 | t=5.25e-02 | T=7405.0 | a=1.000001 | H=2.41e-05 | 3.4 steps/s | 296.60 ms/step | ETA: 7414.6 min
Step 110/1500000 | t=5.50e-02 | T=7405.0 | a=1.000001 | H=2.41e-05 | 3.4 steps/s | 292.83 ms/step | ETA: 7320.3 min
Step 115/1500000 | t=5.75e-02 | T=7405.0 | a=1.000001 | H=2.41e-05 | 3.5 steps/s | 289.10 ms/step | ETA: 7226.9 min
Step 120/1500000 | t=6.00e-02 | T=7405.0 | a=1.000001 | H=2.41e-05 | 3.5 steps/s | 286.00 ms/step | ETA: 7149.4 min
Step 125/1500000 | t=6.25e-02 | T=7405.0 | a=1.000002 | H=2.41e-05 | 3.5 steps/s | 283.20 ms/step | ETA: 7079.4 min
Step 130/1500000 | t=6.50e-02 | T=7405.0 | a=1.000002 | H=2.41e-05 | 3.6 steps/s | 281.33 ms/step | ETA: 7032.6 min
Step 135/1500000 | t=6.75e-02 | T=7405.0 | a=1.000002 | H=2.41e-05 | 3.6 steps/s | 278.53 ms/step | ETA: 6962.6 min
Step 140/1500000 | t=7.00e-02 | T=7405.0 | a=1.000002 | H=2.41e-05 | 3.6 steps/s | 276.01 ms/step | ETA: 6899.5 min
Step 145/1500000 | t=7.25e-02 | T=7405.0 | a=1.000002 | H=2.41e-05 | 3.7 steps/s | 273.58 ms/step | ETA: 6838.9 min
Step 150/1500000 | t=7.50e-02 | T=7405.0 | a=1.000002 | H=2.41e-05 | 3.7 steps/s | 271.40 ms/step | ETA: 6784.3 min
Step 155/1500000 | t=7.75e-02 | T=7405.0 | a=1.000002 | H=2.41e-05 | 3.7 steps/s | 271.22 ms/step | ETA: 6779.8 min
Step 160/1500000 | t=8.00e-02 | T=7405.0 | a=1.000002 | H=2.41e-05 | 3.7 steps/s | 269.17 ms/step | ETA: 6728.7 min
Step 165/1500000 | t=8.25e-02 | T=7405.0 | a=1.000002 | H=2.41e-05 | 3.7 steps/s | 267.39 ms/step | ETA: 6684.0 min
Step 170/1500000 | t=8.50e-02 | T=7405.0 | a=1.000002 | H=2.41e-05 | 3.8 steps/s | 265.74 ms/step | ETA: 6642.8 min
Step 175/1500000 | t=8.75e-02 | T=7405.0 | a=1.000002 | H=2.41e-05 | 3.8 steps/s | 264.07 ms/step | ETA: 6601.0 min
Step 180/1500000 | t=9.00e-02 | T=7405.0 | a=1.000002 | H=2.41e-05 | 3.8 steps/s | 263.00 ms/step | ETA: 6574.3 min
Step 185/1500000 | t=9.25e-02 | T=7405.0 | a=1.000002 | H=2.41e-05 | 3.8 steps/s | 261.48 ms/step | ETA: 6536.1 min
Step 190/1500000 | t=9.50e-02 | T=7405.0 | a=1.000002 | H=2.41e-05 | 3.8 steps/s | 260.13 ms/step | ETA: 6502.4 min
Step 195/1500000 | t=9.75e-02 | T=7405.0 | a=1.000002 | H=2.41e-05 | 3.9 steps/s | 258.83 ms/step | ETA: 6469.9 min
Step 200/1500000 | t=1.00e-01 | T=7405.0 | a=1.000002 | H=2.41e-05 | 3.9 steps/s | 257.65 ms/step | ETA: 6440.4 min
Step 205/1500000 | t=1.02e-01 | T=7405.0 | a=1.000002 | H=2.41e-05 | 3.9 steps/s | 257.88 ms/step | ETA: 6446.1 min
Step 210/1500000 | t=1.05e-01 | T=7405.0 | a=1.000003 | H=2.41e-05 | 3.9 steps/s | 256.63 ms/step | ETA: 6414.9 min
Step 215/1500000 | t=1.07e-01 | T=7405.0 | a=1.000003 | H=2.41e-05 | 3.9 steps/s | 255.58 ms/step | ETA: 6388.7 min
Step 220/1500000 | t=1.10e-01 | T=7405.0 | a=1.000003 | H=2.41e-05 | 3.9 steps/s | 254.40 ms/step | ETA: 6359.1 min
Step 225/1500000 | t=1.13e-01 | T=7405.0 | a=1.000003 | H=2.41e-05 | 3.9 steps/s | 253.54 ms/step | ETA: 6337.7 min
Step 230/1500000 | t=1.15e-01 | T=7405.0 | a=1.000003 | H=2.41e-05 | 4.0 steps/s | 252.54 ms/step | ETA: 6312.5 min
Step 235/1500000 | t=1.17e-01 | T=7405.0 | a=1.000003 | H=2.41e-05 | 4.0 steps/s | 251.55 ms/step | ETA: 6287.8 min
Step 240/1500000 | t=1.20e-01 | T=7405.0 | a=1.000003 | H=2.41e-05 | 4.0 steps/s | 250.70 ms/step | ETA: 6266.6 min
Step 245/1500000 | t=1.22e-01 | T=7405.0 | a=1.000003 | H=2.41e-05 | 4.0 steps/s | 249.79 ms/step | ETA: 6243.8 min
Step 250/1500000 | t=1.25e-01 | T=7405.0 | a=1.000003 | H=2.41e-05 | 4.0 steps/s | 248.95 ms/step | ETA: 6222.7 min
Step 255/1500000 | t=1.28e-01 | T=7405.0 | a=1.000003 | H=2.41e-05 | 4.0 steps/s | 249.37 ms/step | ETA: 6233.3 min
Step 260/1500000 | t=1.30e-01 | T=7405.0 | a=1.000003 | H=2.41e-05 | 4.0 steps/s | 248.76 ms/step | ETA: 6218.0 min
Step 265/1500000 | t=1.33e-01 | T=7405.0 | a=1.000003 | H=2.41e-05 | 4.0 steps/s | 247.91 ms/step | ETA: 6196.5 min
Step 270/1500000 | t=1.35e-01 | T=7405.0 | a=1.000003 | H=2.41e-05 | 4.0 steps/s | 247.16 ms/step | ETA: 6177.9 min
Step 275/1500000 | t=1.38e-01 | T=7405.0 | a=1.000003 | H=2.41e-05 | 4.1 steps/s | 246.54 ms/step | ETA: 6162.3 min
Step 280/1500000 | t=1.40e-01 | T=7405.0 | a=1.000003 | H=2.41e-05 | 4.1 steps/s | 245.86 ms/step | ETA: 6145.4 min
Step 285/1500000 | t=1.42e-01 | T=7405.0 | a=1.000003 | H=2.41e-05 | 4.1 steps/s | 245.29 ms/step | ETA: 6131.1 min
Step 290/1500000 | t=1.45e-01 | T=7405.0 | a=1.000004 | H=2.41e-05 | 4.1 steps/s | 244.65 ms/step | ETA: 6115.2 min
Step 295/1500000 | t=1.47e-01 | T=7405.0 | a=1.000004 | H=2.41e-05 | 4.1 steps/s | 243.99 ms/step | ETA: 6098.6 min
Step 300/1500000 | t=1.50e-01 | T=7405.0 | a=1.000004 | H=2.41e-05 | 4.1 steps/s | 243.39 ms/step | ETA: 6083.5 min
Step 305/1500000 | t=1.52e-01 | T=7405.0 | a=1.000004 | H=2.41e-05 | 4.1 steps/s | 243.76 ms/step | ETA: 6092.7 min
Step 310/1500000 | t=1.55e-01 | T=7405.0 | a=1.000004 | H=2.41e-05 | 4.1 steps/s | 243.28 ms/step | ETA: 6080.7 min
Step 315/1500000 | t=1.58e-01 | T=7405.0 | a=1.000004 | H=2.41e-05 | 4.1 steps/s | 242.72 ms/step | ETA: 6066.7 min
Step 320/1500000 | t=1.60e-01 | T=7405.0 | a=1.000004 | H=2.41e-05 | 4.1 steps/s | 242.21 ms/step | ETA: 6054.0 min
Step 325/1500000 | t=1.63e-01 | T=7405.0 | a=1.000004 | H=2.41e-05 | 4.1 steps/s | 241.77 ms/step | ETA: 6043.0 min
Step 330/1500000 | t=1.65e-01 | T=7405.0 | a=1.000004 | H=2.41e-05 | 4.1 steps/s | 241.20 ms/step | ETA: 6028.7 min
Step 335/1500000 | t=1.68e-01 | T=7405.0 | a=1.000004 | H=2.41e-05 | 4.2 steps/s | 240.77 ms/step | ETA: 6017.9 min
Step 340/1500000 | t=1.70e-01 | T=7405.0 | a=1.000004 | H=2.41e-05 | 4.2 steps/s | 240.31 ms/step | ETA: 6006.3 min
Step 345/1500000 | t=1.72e-01 | T=7405.0 | a=1.000004 | H=2.41e-05 | 4.2 steps/s | 239.85 ms/step | ETA: 5995.0 min
Step 350/1500000 | t=1.75e-01 | T=7405.0 | a=1.000004 | H=2.41e-05 | 4.2 steps/s | 239.41 ms/step | ETA: 5983.7 min
Step 355/1500000 | t=1.77e-01 | T=7405.0 | a=1.000004 | H=2.41e-05 | 4.2 steps/s | 239.80 ms/step | ETA: 5993.6 min
Step 360/1500000 | t=1.80e-01 | T=7405.0 | a=1.000004 | H=2.41e-05 | 4.2 steps/s | 239.52 ms/step | ETA: 5986.7 min
Step 365/1500000 | t=1.82e-01 | T=7405.0 | a=1.000004 | H=2.41e-05 | 4.2 steps/s | 239.12 ms/step | ETA: 5976.6 min
Step 370/1500000 | t=1.85e-01 | T=7405.0 | a=1.000004 | H=2.41e-05 | 4.2 steps/s | 238.69 ms/step | ETA: 5965.7 min
Step 375/1500000 | t=1.88e-01 | T=7405.0 | a=1.000005 | H=2.41e-05 | 4.2 steps/s | 238.35 ms/step | ETA: 5957.2 min
Step 380/1500000 | t=1.90e-01 | T=7405.0 | a=1.000005 | H=2.41e-05 | 4.2 steps/s | 237.92 ms/step | ETA: 5946.6 min
Step 385/1500000 | t=1.93e-01 | T=7405.0 | a=1.000005 | H=2.41e-05 | 4.2 steps/s | 237.58 ms/step | ETA: 5938.1 min
Step 390/1500000 | t=1.95e-01 | T=7405.0 | a=1.000005 | H=2.41e-05 | 4.2 steps/s | 237.19 ms/step | ETA: 5928.1 min
Step 395/1500000 | t=1.98e-01 | T=7405.0 | a=1.000005 | H=2.41e-05 | 4.2 steps/s | 236.81 ms/step | ETA: 5918.8 min
Step 400/1500000 | t=2.00e-01 | T=7405.0 | a=1.000005 | H=2.41e-05 | 4.2 steps/s | 236.51 ms/step | ETA: 5911.2 min
Step 405/1500000 | t=2.03e-01 | T=7405.0 | a=1.000005 | H=2.41e-05 | 4.2 steps/s | 236.95 ms/step | ETA: 5922.2 min
Step 410/1500000 | t=2.05e-01 | T=7405.0 | a=1.000005 | H=2.41e-05 | 4.2 steps/s | 236.56 ms/step | ETA: 5912.5 min
Step 415/1500000 | t=2.07e-01 | T=7405.0 | a=1.000005 | H=2.41e-05 | 4.2 steps/s | 236.20 ms/step | ETA: 5903.4 min
Step 420/1500000 | t=2.10e-01 | T=7405.0 | a=1.000005 | H=2.41e-05 | 4.2 steps/s | 235.85 ms/step | ETA: 5894.7 min
Step 425/1500000 | t=2.12e-01 | T=7405.0 | a=1.000005 | H=2.41e-05 | 4.2 steps/s | 235.56 ms/step | ETA: 5887.2 min
Step 430/1500000 | t=2.15e-01 | T=7405.0 | a=1.000005 | H=2.41e-05 | 4.2 steps/s | 235.34 ms/step | ETA: 5881.9 min
Step 435/1500000 | t=2.17e-01 | T=7405.0 | a=1.000005 | H=2.41e-05 | 4.3 steps/s | 234.96 ms/step | ETA: 5872.4 min
Step 440/1500000 | t=2.20e-01 | T=7405.0 | a=1.000005 | H=2.41e-05 | 4.3 steps/s | 234.63 ms/step | ETA: 5864.0 min
Step 445/1500000 | t=2.23e-01 | T=7405.0 | a=1.000005 | H=2.41e-05 | 4.3 steps/s | 234.32 ms/step | ETA: 5856.2 min
Step 450/1500000 | t=2.25e-01 | T=7405.0 | a=1.000005 | H=2.41e-05 | 4.3 steps/s | 234.05 ms/step | ETA: 5849.5 min
Step 455/1500000 | t=2.28e-01 | T=7405.0 | a=1.000005 | H=2.41e-05 | 4.3 steps/s | 234.45 ms/step | ETA: 5859.5 min
Step 460/1500000 | t=2.30e-01 | T=7405.0 | a=1.000006 | H=2.41e-05 | 4.3 steps/s | 234.32 ms/step | ETA: 5856.2 min
Step 465/1500000 | t=2.33e-01 | T=7405.0 | a=1.000006 | H=2.41e-05 | 4.3 steps/s | 234.00 ms/step | ETA: 5848.2 min
Step 470/1500000 | t=2.35e-01 | T=7405.0 | a=1.000006 | H=2.41e-05 | 4.3 steps/s | 233.77 ms/step | ETA: 5842.4 min
Step 475/1500000 | t=2.37e-01 | T=7405.0 | a=1.000006 | H=2.41e-05 | 4.3 steps/s | 233.54 ms/step | ETA: 5836.7 min
Step 480/1500000 | t=2.40e-01 | T=7405.0 | a=1.000006 | H=2.41e-05 | 4.3 steps/s | 233.35 ms/step | ETA: 5831.9 min
Step 485/1500000 | t=2.42e-01 | T=7405.0 | a=1.000006 | H=2.41e-05 | 4.3 steps/s | 233.10 ms/step | ETA: 5825.7 min
Step 490/1500000 | t=2.45e-01 | T=7405.0 | a=1.000006 | H=2.41e-05 | 4.3 steps/s | 232.85 ms/step | ETA: 5819.4 min
Step 495/1500000 | t=2.47e-01 | T=7405.0 | a=1.000006 | H=2.41e-05 | 4.3 steps/s | 232.58 ms/step | ETA: 5812.5 min
Step 500/1500000 | t=2.50e-01 | T=7405.0 | a=1.000006 | H=2.41e-05 | 4.3 steps/s | 232.32 ms/step | ETA: 5806.0 min
Step 505/1500000 | t=2.53e-01 | T=7405.0 | a=1.000006 | H=2.41e-05 | 4.3 steps/s | 232.62 ms/step | ETA: 5813.6 min
Step 510/1500000 | t=2.55e-01 | T=7405.0 | a=1.000006 | H=2.41e-05 | 4.3 steps/s | 232.37 ms/step | ETA: 5807.2 min
Step 515/1500000 | t=2.58e-01 | T=7405.0 | a=1.000006 | H=2.41e-05 | 4.3 steps/s | 232.12 ms/step | ETA: 5800.9 min
Step 520/1500000 | t=2.60e-01 | T=7405.0 | a=1.000006 | H=2.41e-05 | 4.3 steps/s | 231.88 ms/step | ETA: 5795.0 min
Step 525/1500000 | t=2.63e-01 | T=7405.0 | a=1.000006 | H=2.41e-05 | 4.3 steps/s | 231.64 ms/step | ETA: 5789.1 min
Step 530/1500000 | t=2.65e-01 | T=7405.0 | a=1.000006 | H=2.41e-05 | 4.3 steps/s | 231.48 ms/step | ETA: 5785.0 min
Step 535/1500000 | t=2.68e-01 | T=7405.0 | a=1.000006 | H=2.41e-05 | 4.3 steps/s | 231.24 ms/step | ETA: 5779.0 min
Step 540/1500000 | t=2.70e-01 | T=7405.0 | a=1.000007 | H=2.41e-05 | 4.3 steps/s | 231.02 ms/step | ETA: 5773.4 min
Step 545/1500000 | t=2.73e-01 | T=7405.0 | a=1.000007 | H=2.41e-05 | 4.3 steps/s | 230.82 ms/step | ETA: 5768.3 min
Step 550/1500000 | t=2.75e-01 | T=7405.0 | a=1.000007 | H=2.41e-05 | 4.3 steps/s | 230.67 ms/step | ETA: 5764.6 min
Step 555/1500000 | t=2.78e-01 | T=7405.0 | a=1.000007 | H=2.41e-05 | 4.3 steps/s | 230.97 ms/step | ETA: 5772.0 min
Step 560/1500000 | t=2.80e-01 | T=7405.0 | a=1.000007 | H=2.41e-05 | 4.3 steps/s | 230.72 ms/step | ETA: 5765.8 min
Step 565/1500000 | t=2.82e-01 | T=7404.9 | a=1.000007 | H=2.41e-05 | 4.3 steps/s | 230.50 ms/step | ETA: 5760.5 min
Step 570/1500000 | t=2.85e-01 | T=7404.9 | a=1.000007 | H=2.41e-05 | 4.3 steps/s | 230.33 ms/step | ETA: 5756.0 min
Step 575/1500000 | t=2.87e-01 | T=7404.9 | a=1.000007 | H=2.41e-05 | 4.3 steps/s | 230.22 ms/step | ETA: 5753.3 min
Step 580/1500000 | t=2.90e-01 | T=7404.9 | a=1.000007 | H=2.41e-05 | 4.3 steps/s | 230.04 ms/step | ETA: 5748.7 min
Step 585/1500000 | t=2.92e-01 | T=7404.9 | a=1.000007 | H=2.41e-05 | 4.3 steps/s | 229.91 ms/step | ETA: 5745.5 min
Step 590/1500000 | t=2.95e-01 | T=7404.9 | a=1.000007 | H=2.41e-05 | 4.4 steps/s | 229.71 ms/step | ETA: 5740.5 min
Step 595/1500000 | t=2.97e-01 | T=7404.9 | a=1.000007 | H=2.41e-05 | 4.4 steps/s | 229.53 ms/step | ETA: 5736.0 min
Step 600/1500000 | t=3.00e-01 | T=7404.9 | a=1.000007 | H=2.41e-05 | 4.4 steps/s | 229.39 ms/step | ETA: 5732.5 min
Step 605/1500000 | t=3.02e-01 | T=7404.9 | a=1.000007 | H=2.41e-05 | 4.4 steps/s | 229.71 ms/step | ETA: 5740.5 min
Step 610/1500000 | t=3.05e-01 | T=7404.9 | a=1.000007 | H=2.41e-05 | 4.4 steps/s | 229.51 ms/step | ETA: 5735.4 min
Step 615/1500000 | t=3.07e-01 | T=7404.9 | a=1.000007 | H=2.41e-05 | 4.4 steps/s | 229.32 ms/step | ETA: 5730.6 min
Step 620/1500000 | t=3.10e-01 | T=7404.9 | a=1.000007 | H=2.41e-05 | 4.4 steps/s | 229.16 ms/step | ETA: 5726.6 min
Step 625/1500000 | t=3.12e-01 | T=7404.9 | a=1.000008 | H=2.41e-05 | 4.4 steps/s | 228.99 ms/step | ETA: 5722.4 min
Step 630/1500000 | t=3.15e-01 | T=7404.9 | a=1.000008 | H=2.41e-05 | 4.4 steps/s | 228.81 ms/step | ETA: 5718.0 min
Step 635/1500000 | t=3.18e-01 | T=7404.9 | a=1.000008 | H=2.41e-05 | 4.4 steps/s | 228.72 ms/step | ETA: 5715.6 min
Step 640/1500000 | t=3.20e-01 | T=7404.9 | a=1.000008 | H=2.41e-05 | 4.4 steps/s | 228.56 ms/step | ETA: 5711.5 min
Step 645/1500000 | t=3.23e-01 | T=7404.9 | a=1.000008 | H=2.41e-05 | 4.4 steps/s | 228.41 ms/step | ETA: 5707.7 min
Step 650/1500000 | t=3.25e-01 | T=7404.9 | a=1.000008 | H=2.41e-05 | 4.4 steps/s | 228.24 ms/step | ETA: 5703.5 min
Step 655/1500000 | t=3.28e-01 | T=7404.9 | a=1.000008 | H=2.41e-05 | 4.4 steps/s | 228.51 ms/step | ETA: 5710.3 min
Step 660/1500000 | t=3.30e-01 | T=7404.9 | a=1.000008 | H=2.41e-05 | 4.4 steps/s | 228.34 ms/step | ETA: 5706.0 min
Step 665/1500000 | t=3.33e-01 | T=7404.9 | a=1.000008 | H=2.41e-05 | 4.4 steps/s | 228.19 ms/step | ETA: 5702.3 min
Step 670/1500000 | t=3.35e-01 | T=7404.9 | a=1.000008 | H=2.41e-05 | 4.4 steps/s | 228.07 ms/step | ETA: 5699.2 min
Step 675/1500000 | t=3.38e-01 | T=7404.9 | a=1.000008 | H=2.41e-05 | 4.4 steps/s | 227.90 ms/step | ETA: 5694.8 min
Step 680/1500000 | t=3.40e-01 | T=7404.9 | a=1.000008 | H=2.41e-05 | 4.4 steps/s | 227.76 ms/step | ETA: 5691.3 min
Step 685/1500000 | t=3.43e-01 | T=7404.9 | a=1.000008 | H=2.41e-05 | 4.4 steps/s | 227.60 ms/step | ETA: 5687.3 min
Step 690/1500000 | t=3.45e-01 | T=7404.9 | a=1.000008 | H=2.41e-05 | 4.4 steps/s | 227.50 ms/step | ETA: 5684.8 min
Step 695/1500000 | t=3.47e-01 | T=7404.9 | a=1.000008 | H=2.41e-05 | 4.4 steps/s | 227.40 ms/step | ETA: 5682.3 min
Step 700/1500000 | t=3.50e-01 | T=7404.9 | a=1.000008 | H=2.41e-05 | 4.4 steps/s | 227.25 ms/step | ETA: 5678.7 min
Step 705/1500000 | t=3.52e-01 | T=7404.9 | a=1.000008 | H=2.41e-05 | 4.4 steps/s | 227.53 ms/step | ETA: 5685.5 min
Step 710/1500000 | t=3.55e-01 | T=7404.9 | a=1.000009 | H=2.41e-05 | 4.4 steps/s | 227.39 ms/step | ETA: 5682.1 min
Step 715/1500000 | t=3.57e-01 | T=7404.9 | a=1.000009 | H=2.41e-05 | 4.4 steps/s | 227.24 ms/step | ETA: 5678.4 min
Step 720/1500000 | t=3.60e-01 | T=7404.9 | a=1.000009 | H=2.41e-05 | 4.4 steps/s | 227.19 ms/step | ETA: 5677.0 min
Step 725/1500000 | t=3.62e-01 | T=7404.9 | a=1.000009 | H=2.41e-05 | 4.4 steps/s | 227.10 ms/step | ETA: 5674.8 min
Step 730/1500000 | t=3.65e-01 | T=7404.9 | a=1.000009 | H=2.41e-05 | 4.4 steps/s | 226.97 ms/step | ETA: 5671.5 min
Step 735/1500000 | t=3.67e-01 | T=7404.9 | a=1.000009 | H=2.41e-05 | 4.4 steps/s | 227.16 ms/step | ETA: 5676.2 min
Step 740/1500000 | t=3.70e-01 | T=7404.9 | a=1.000009 | H=2.41e-05 | 4.4 steps/s | 227.15 ms/step | ETA: 5676.0 min
Step 745/1500000 | t=3.72e-01 | T=7404.9 | a=1.000009 | H=2.41e-05 | 4.4 steps/s | 226.99 ms/step | ETA: 5672.0 min
Step 750/1500000 | t=3.75e-01 | T=7404.9 | a=1.000009 | H=2.41e-05 | 4.4 steps/s | 226.86 ms/step | ETA: 5668.7 min
Step 755/1500000 | t=3.78e-01 | T=7404.9 | a=1.000009 | H=2.41e-05 | 4.4 steps/s | 227.11 ms/step | ETA: 5674.9 min
Step 760/1500000 | t=3.80e-01 | T=7404.9 | a=1.000009 | H=2.41e-05 | 4.4 steps/s | 226.97 ms/step | ETA: 5671.4 min
Step 765/1500000 | t=3.83e-01 | T=7404.9 | a=1.000009 | H=2.41e-05 | 4.4 steps/s | 226.88 ms/step | ETA: 5669.1 min
Step 770/1500000 | t=3.85e-01 | T=7404.9 | a=1.000009 | H=2.41e-05 | 4.4 steps/s | 226.76 ms/step | ETA: 5666.1 min
Step 775/1500000 | t=3.88e-01 | T=7404.9 | a=1.000009 | H=2.41e-05 | 4.4 steps/s | 226.65 ms/step | ETA: 5663.4 min
Step 780/1500000 | t=3.90e-01 | T=7404.9 | a=1.000009 | H=2.41e-05 | 4.4 steps/s | 226.54 ms/step | ETA: 5660.7 min
Step 785/1500000 | t=3.93e-01 | T=7404.9 | a=1.000009 | H=2.41e-05 | 4.4 steps/s | 226.40 ms/step | ETA: 5657.1 min
Step 790/1500000 | t=3.95e-01 | T=7404.9 | a=1.000010 | H=2.41e-05 | 4.4 steps/s | 226.29 ms/step | ETA: 5654.4 min
Step 795/1500000 | t=3.98e-01 | T=7404.9 | a=1.000010 | H=2.41e-05 | 4.4 steps/s | 226.23 ms/step | ETA: 5652.8 min
Step 800/1500000 | t=4.00e-01 | T=7404.9 | a=1.000010 | H=2.41e-05 | 4.4 steps/s | 226.17 ms/step | ETA: 5651.3 min
Step 805/1500000 | t=4.03e-01 | T=7404.9 | a=1.000010 | H=2.41e-05 | 4.4 steps/s | 226.52 ms/step | ETA: 5659.9 min
Step 810/1500000 | t=4.05e-01 | T=7404.9 | a=1.000010 | H=2.41e-05 | 4.4 steps/s | 226.38 ms/step | ETA: 5656.4 min
Step 815/1500000 | t=4.07e-01 | T=7404.9 | a=1.000010 | H=2.41e-05 | 4.4 steps/s | 226.26 ms/step | ETA: 5653.3 min
Step 820/1500000 | t=4.10e-01 | T=7404.9 | a=1.000010 | H=2.41e-05 | 4.4 steps/s | 226.12 ms/step | ETA: 5650.0 min
Step 825/1500000 | t=4.12e-01 | T=7404.9 | a=1.000010 | H=2.41e-05 | 4.4 steps/s | 226.02 ms/step | ETA: 5647.4 min
Step 830/1500000 | t=4.15e-01 | T=7404.9 | a=1.000010 | H=2.41e-05 | 4.4 steps/s | 225.91 ms/step | ETA: 5644.7 min
Step 835/1500000 | t=4.17e-01 | T=7404.9 | a=1.000010 | H=2.41e-05 | 4.4 steps/s | 225.80 ms/step | ETA: 5641.8 min
Step 840/1500000 | t=4.20e-01 | T=7404.9 | a=1.000010 | H=2.41e-05 | 4.4 steps/s | 225.80 ms/step | ETA: 5641.8 min
Step 845/1500000 | t=4.22e-01 | T=7404.9 | a=1.000010 | H=2.41e-05 | 4.4 steps/s | 225.74 ms/step | ETA: 5640.3 min
Step 850/1500000 | t=4.25e-01 | T=7404.9 | a=1.000010 | H=2.41e-05 | 4.4 steps/s | 225.63 ms/step | ETA: 5637.5 min
Step 855/1500000 | t=4.27e-01 | T=7404.9 | a=1.000010 | H=2.41e-05 | 4.4 steps/s | 225.86 ms/step | ETA: 5643.2 min
Step 860/1500000 | t=4.30e-01 | T=7404.9 | a=1.000010 | H=2.41e-05 | 4.4 steps/s | 225.77 ms/step | ETA: 5640.9 min
Step 865/1500000 | t=4.32e-01 | T=7404.9 | a=1.000010 | H=2.41e-05 | 4.4 steps/s | 225.67 ms/step | ETA: 5638.4 min
Step 870/1500000 | t=4.35e-01 | T=7404.9 | a=1.000010 | H=2.41e-05 | 4.4 steps/s | 225.54 ms/step | ETA: 5635.3 min
Step 875/1500000 | t=4.38e-01 | T=7404.9 | a=1.000011 | H=2.41e-05 | 4.4 steps/s | 225.41 ms/step | ETA: 5632.0 min
Step 880/1500000 | t=4.40e-01 | T=7404.9 | a=1.000011 | H=2.41e-05 | 4.4 steps/s | 225.31 ms/step | ETA: 5629.5 min
Step 885/1500000 | t=4.43e-01 | T=7404.9 | a=1.000011 | H=2.41e-05 | 4.4 steps/s | 225.24 ms/step | ETA: 5627.7 min
Step 890/1500000 | t=4.45e-01 | T=7404.9 | a=1.000011 | H=2.41e-05 | 4.4 steps/s | 225.15 ms/step | ETA: 5625.3 min
Step 895/1500000 | t=4.48e-01 | T=7404.9 | a=1.000011 | H=2.41e-05 | 4.4 steps/s | 225.05 ms/step | ETA: 5622.8 min
Step 900/1500000 | t=4.50e-01 | T=7404.9 | a=1.000011 | H=2.41e-05 | 4.4 steps/s | 224.97 ms/step | ETA: 5620.9 min
Step 905/1500000 | t=4.53e-01 | T=7404.9 | a=1.000011 | H=2.41e-05 | 4.4 steps/s | 225.20 ms/step | ETA: 5626.6 min
Step 910/1500000 | t=4.55e-01 | T=7404.9 | a=1.000011 | H=2.41e-05 | 4.4 steps/s | 225.12 ms/step | ETA: 5624.7 min
Step 915/1500000 | t=4.58e-01 | T=7404.9 | a=1.000011 | H=2.41e-05 | 4.4 steps/s | 225.03 ms/step | ETA: 5622.4 min
Step 920/1500000 | t=4.60e-01 | T=7404.9 | a=1.000011 | H=2.41e-05 | 4.4 steps/s | 224.96 ms/step | ETA: 5620.5 min
Step 925/1500000 | t=4.63e-01 | T=7404.9 | a=1.000011 | H=2.41e-05 | 4.4 steps/s | 224.86 ms/step | ETA: 5618.1 min
Step 930/1500000 | t=4.65e-01 | T=7404.9 | a=1.000011 | H=2.41e-05 | 4.4 steps/s | 224.77 ms/step | ETA: 5615.7 min
Step 935/1500000 | t=4.68e-01 | T=7404.9 | a=1.000011 | H=2.41e-05 | 4.5 steps/s | 224.68 ms/step | ETA: 5613.4 min
Step 940/1500000 | t=4.70e-01 | T=7404.9 | a=1.000011 | H=2.41e-05 | 4.5 steps/s | 224.63 ms/step | ETA: 5612.2 min
Step 945/1500000 | t=4.72e-01 | T=7404.9 | a=1.000011 | H=2.41e-05 | 4.5 steps/s | 224.59 ms/step | ETA: 5611.2 min
Step 950/1500000 | t=4.75e-01 | T=7404.9 | a=1.000011 | H=2.41e-05 | 4.5 steps/s | 224.56 ms/step | ETA: 5610.3 min
Step 955/1500000 | t=4.77e-01 | T=7404.9 | a=1.000011 | H=2.41e-05 | 4.4 steps/s | 224.77 ms/step | ETA: 5615.8 min
Step 960/1500000 | t=4.80e-01 | T=7404.9 | a=1.000012 | H=2.41e-05 | 4.5 steps/s | 224.67 ms/step | ETA: 5613.2 min
Step 965/1500000 | t=4.82e-01 | T=7404.9 | a=1.000012 | H=2.41e-05 | 4.5 steps/s | 224.58 ms/step | ETA: 5610.9 min
Step 970/1500000 | t=4.85e-01 | T=7404.9 | a=1.000012 | H=2.41e-05 | 4.5 steps/s | 224.52 ms/step | ETA: 5609.3 min
Step 975/1500000 | t=4.87e-01 | T=7404.9 | a=1.000012 | H=2.41e-05 | 4.5 steps/s | 224.44 ms/step | ETA: 5607.4 min
Step 980/1500000 | t=4.90e-01 | T=7404.9 | a=1.000012 | H=2.41e-05 | 4.5 steps/s | 224.37 ms/step | ETA: 5605.5 min
Step 985/1500000 | t=4.92e-01 | T=7404.9 | a=1.000012 | H=2.41e-05 | 4.5 steps/s | 224.27 ms/step | ETA: 5603.2 min
Step 990/1500000 | t=4.95e-01 | T=7404.9 | a=1.000012 | H=2.41e-05 | 4.5 steps/s | 224.19 ms/step | ETA: 5601.0 min
Step 995/1500000 | t=4.97e-01 | T=7404.9 | a=1.000012 | H=2.41e-05 | 4.5 steps/s | 224.14 ms/step | ETA: 5599.8 min
Step 1000/1500000 | t=5.00e-01 | T=7404.9 | a=1.000012 | H=2.41e-05 | 4.5 steps/s | 224.08 ms/step | ETA: 5598.3 min
Step 1005/1500000 | t=5.02e-01 | T=7404.9 | a=1.000012 | H=2.41e-05 | 4.5 steps/s | 224.40 ms/step | ETA: 5606.2 min
Step 1010/1500000 | t=5.05e-01 | T=7404.9 | a=1.000012 | H=2.41e-05 | 4.5 steps/s | 224.32 ms/step | ETA: 5604.3 min
Step 1015/1500000 | t=5.07e-01 | T=7404.9 | a=1.000012 | H=2.41e-05 | 4.5 steps/s | 224.30 ms/step | ETA: 5603.6 min
Step 1020/1500000 | t=5.10e-01 | T=7404.9 | a=1.000012 | H=2.41e-05 | 4.5 steps/s | 224.22 ms/step | ETA: 5601.8 min
Step 1025/1500000 | t=5.12e-01 | T=7404.9 | a=1.000012 | H=2.41e-05 | 4.5 steps/s | 224.13 ms/step | ETA: 5599.4 min
Step 1030/1500000 | t=5.15e-01 | T=7404.9 | a=1.000012 | H=2.41e-05 | 4.5 steps/s | 224.08 ms/step | ETA: 5598.1 min
Step 1035/1500000 | t=5.17e-01 | T=7404.9 | a=1.000012 | H=2.41e-05 | 4.5 steps/s | 224.36 ms/step | ETA: 5605.0 min
Step 1040/1500000 | t=5.20e-01 | T=7404.9 | a=1.000013 | H=2.41e-05 | 4.5 steps/s | 224.33 ms/step | ETA: 5604.3 min
Step 1045/1500000 | t=5.22e-01 | T=7404.9 | a=1.000013 | H=2.41e-05 | 4.5 steps/s | 224.28 ms/step | ETA: 5603.1 min
Step 1050/1500000 | t=5.25e-01 | T=7404.9 | a=1.000013 | H=2.41e-05 | 4.5 steps/s | 224.23 ms/step | ETA: 5601.9 min
Step 1055/1500000 | t=5.27e-01 | T=7404.9 | a=1.000013 | H=2.41e-05 | 4.5 steps/s | 224.52 ms/step | ETA: 5609.2 min
Step 1060/1500000 | t=5.30e-01 | T=7404.9 | a=1.000013 | H=2.41e-05 | 4.5 steps/s | 224.47 ms/step | ETA: 5607.7 min
Step 1065/1500000 | t=5.32e-01 | T=7404.9 | a=1.000013 | H=2.41e-05 | 4.5 steps/s | 224.49 ms/step | ETA: 5608.3 min
Step 1070/1500000 | t=5.35e-01 | T=7404.9 | a=1.000013 | H=2.41e-05 | 4.5 steps/s | 224.44 ms/step | ETA: 5607.0 min
Step 1075/1500000 | t=5.37e-01 | T=7404.9 | a=1.000013 | H=2.41e-05 | 4.5 steps/s | 224.38 ms/step | ETA: 5605.5 min
Step 1080/1500000 | t=5.40e-01 | T=7404.9 | a=1.000013 | H=2.41e-05 | 4.5 steps/s | 224.29 ms/step | ETA: 5603.1 min
Step 1085/1500000 | t=5.42e-01 | T=7404.9 | a=1.000013 | H=2.41e-05 | 4.5 steps/s | 224.21 ms/step | ETA: 5601.3 min
Step 1090/1500000 | t=5.45e-01 | T=7404.9 | a=1.000013 | H=2.41e-05 | 4.5 steps/s | 224.12 ms/step | ETA: 5599.0 min
Step 1095/1500000 | t=5.47e-01 | T=7404.9 | a=1.000013 | H=2.41e-05 | 4.5 steps/s | 224.04 ms/step | ETA: 5596.9 min
Step 1100/1500000 | t=5.50e-01 | T=7404.9 | a=1.000013 | H=2.41e-05 | 4.5 steps/s | 223.99 ms/step | ETA: 5595.7 min
Step 1105/1500000 | t=5.52e-01 | T=7404.9 | a=1.000013 | H=2.41e-05 | 4.5 steps/s | 224.18 ms/step | ETA: 5600.3 min
Step 1110/1500000 | t=5.55e-01 | T=7404.9 | a=1.000013 | H=2.41e-05 | 4.5 steps/s | 224.16 ms/step | ETA: 5599.8 min
Step 1115/1500000 | t=5.57e-01 | T=7404.9 | a=1.000013 | H=2.41e-05 | 4.5 steps/s | 224.14 ms/step | ETA: 5599.4 min
Step 1120/1500000 | t=5.60e-01 | T=7404.9 | a=1.000013 | H=2.41e-05 | 4.5 steps/s | 224.08 ms/step | ETA: 5597.7 min
Step 1125/1500000 | t=5.62e-01 | T=7404.9 | a=1.000014 | H=2.41e-05 | 4.5 steps/s | 224.01 ms/step | ETA: 5596.1 min
Step 1130/1500000 | t=5.65e-01 | T=7404.9 | a=1.000014 | H=2.41e-05 | 4.5 steps/s | 223.93 ms/step | ETA: 5594.1 min
Step 1135/1500000 | t=5.68e-01 | T=7404.9 | a=1.000014 | H=2.41e-05 | 4.5 steps/s | 223.92 ms/step | ETA: 5593.8 min
Step 1140/1500000 | t=5.70e-01 | T=7404.9 | a=1.000014 | H=2.41e-05 | 4.5 steps/s | 223.87 ms/step | ETA: 5592.6 min
Step 1145/1500000 | t=5.73e-01 | T=7404.9 | a=1.000014 | H=2.41e-05 | 4.5 steps/s | 223.81 ms/step | ETA: 5591.0 min
Step 1150/1500000 | t=5.75e-01 | T=7404.9 | a=1.000014 | H=2.41e-05 | 4.5 steps/s | 223.74 ms/step | ETA: 5589.3 min
Step 1155/1500000 | t=5.78e-01 | T=7404.9 | a=1.000014 | H=2.41e-05 | 4.5 steps/s | 223.96 ms/step | ETA: 5594.7 min
Step 1160/1500000 | t=5.80e-01 | T=7404.9 | a=1.000014 | H=2.41e-05 | 4.5 steps/s | 223.91 ms/step | ETA: 5593.5 min
Step 1165/1500000 | t=5.83e-01 | T=7404.9 | a=1.000014 | H=2.41e-05 | 4.5 steps/s | 223.84 ms/step | ETA: 5591.7 min
Step 1170/1500000 | t=5.85e-01 | T=7404.9 | a=1.000014 | H=2.41e-05 | 4.5 steps/s | 223.80 ms/step | ETA: 5590.6 min
Step 1175/1500000 | t=5.88e-01 | T=7404.9 | a=1.000014 | H=2.41e-05 | 4.5 steps/s | 223.73 ms/step | ETA: 5588.9 min
Step 1180/1500000 | t=5.90e-01 | T=7404.9 | a=1.000014 | H=2.41e-05 | 4.5 steps/s | 223.67 ms/step | ETA: 5587.5 min
Step 1185/1500000 | t=5.93e-01 | T=7404.9 | a=1.000014 | H=2.41e-05 | 4.5 steps/s | 223.61 ms/step | ETA: 5585.8 min
Step 1190/1500000 | t=5.95e-01 | T=7404.9 | a=1.000014 | H=2.41e-05 | 4.5 steps/s | 223.54 ms/step | ETA: 5584.1 min
Step 1195/1500000 | t=5.98e-01 | T=7404.9 | a=1.000014 | H=2.41e-05 | 4.5 steps/s | 223.49 ms/step | ETA: 5582.7 min
Step 1200/1500000 | t=6.00e-01 | T=7404.9 | a=1.000014 | H=2.41e-05 | 4.5 steps/s | 223.46 ms/step | ETA: 5581.9 min
Step 1205/1500000 | t=6.03e-01 | T=7404.9 | a=1.000015 | H=2.41e-05 | 4.5 steps/s | 223.63 ms/step | ETA: 5586.2 min
Step 1210/1500000 | t=6.05e-01 | T=7404.9 | a=1.000015 | H=2.41e-05 | 4.5 steps/s | 223.56 ms/step | ETA: 5584.4 min
Step 1215/1500000 | t=6.08e-01 | T=7404.9 | a=1.000015 | H=2.41e-05 | 4.5 steps/s | 223.53 ms/step | ETA: 5583.7 min
Step 1220/1500000 | t=6.10e-01 | T=7404.9 | a=1.000015 | H=2.41e-05 | 4.5 steps/s | 223.49 ms/step | ETA: 5582.8 min
Step 1225/1500000 | t=6.13e-01 | T=7404.9 | a=1.000015 | H=2.41e-05 | 4.5 steps/s | 223.43 ms/step | ETA: 5581.2 min
Step 1230/1500000 | t=6.15e-01 | T=7404.9 | a=1.000015 | H=2.41e-05 | 4.5 steps/s | 223.37 ms/step | ETA: 5579.6 min
Step 1235/1500000 | t=6.18e-01 | T=7404.9 | a=1.000015 | H=2.41e-05 | 4.5 steps/s | 223.31 ms/step | ETA: 5578.2 min
Step 1240/1500000 | t=6.20e-01 | T=7404.9 | a=1.000015 | H=2.41e-05 | 4.5 steps/s | 223.24 ms/step | ETA: 5576.5 min
Step 1245/1500000 | t=6.23e-01 | T=7404.9 | a=1.000015 | H=2.41e-05 | 4.5 steps/s | 223.17 ms/step | ETA: 5574.7 min
Step 1250/1500000 | t=6.25e-01 | T=7404.9 | a=1.000015 | H=2.41e-05 | 4.5 steps/s | 223.18 ms/step | ETA: 5574.9 min
Step 1255/1500000 | t=6.27e-01 | T=7404.9 | a=1.000015 | H=2.41e-05 | 4.5 steps/s | 223.38 ms/step | ETA: 5579.8 min
Step 1260/1500000 | t=6.30e-01 | T=7404.9 | a=1.000015 | H=2.41e-05 | 4.5 steps/s | 223.33 ms/step | ETA: 5578.5 min
Step 1265/1500000 | t=6.32e-01 | T=7404.9 | a=1.000015 | H=2.41e-05 | 4.5 steps/s | 223.32 ms/step | ETA: 5578.3 min
Step 1270/1500000 | t=6.35e-01 | T=7404.9 | a=1.000015 | H=2.41e-05 | 4.5 steps/s | 223.27 ms/step | ETA: 5577.1 min
Step 1275/1500000 | t=6.37e-01 | T=7404.9 | a=1.000015 | H=2.41e-05 | 4.5 steps/s | 223.21 ms/step | ETA: 5575.6 min
Step 1280/1500000 | t=6.40e-01 | T=7404.9 | a=1.000015 | H=2.41e-05 | 4.5 steps/s | 223.15 ms/step | ETA: 5574.0 min
Step 1285/1500000 | t=6.42e-01 | T=7404.9 | a=1.000015 | H=2.41e-05 | 4.5 steps/s | 223.10 ms/step | ETA: 5572.8 min
Step 1290/1500000 | t=6.45e-01 | T=7404.9 | a=1.000016 | H=2.41e-05 | 4.5 steps/s | 223.13 ms/step | ETA: 5573.5 min
Step 1295/1500000 | t=6.47e-01 | T=7404.9 | a=1.000016 | H=2.41e-05 | 4.5 steps/s | 223.10 ms/step | ETA: 5572.6 min
Step 1300/1500000 | t=6.50e-01 | T=7404.9 | a=1.000016 | H=2.41e-05 | 4.5 steps/s | 223.03 ms/step | ETA: 5570.9 min
Step 1305/1500000 | t=6.52e-01 | T=7404.9 | a=1.000016 | H=2.41e-05 | 4.5 steps/s | 223.21 ms/step | ETA: 5575.3 min
Step 1310/1500000 | t=6.55e-01 | T=7404.9 | a=1.000016 | H=2.41e-05 | 4.5 steps/s | 223.14 ms/step | ETA: 5573.6 min
Step 1315/1500000 | t=6.57e-01 | T=7404.9 | a=1.000016 | H=2.41e-05 | 4.5 steps/s | 223.07 ms/step | ETA: 5572.0 min
Step 1320/1500000 | t=6.60e-01 | T=7404.9 | a=1.000016 | H=2.41e-05 | 4.5 steps/s | 223.05 ms/step | ETA: 5571.3 min
Step 1325/1500000 | t=6.62e-01 | T=7404.9 | a=1.000016 | H=2.41e-05 | 4.5 steps/s | 223.00 ms/step | ETA: 5570.0 min
Step 1330/1500000 | t=6.65e-01 | T=7404.9 | a=1.000016 | H=2.41e-05 | 4.5 steps/s | 222.97 ms/step | ETA: 5569.3 min
Step 1335/1500000 | t=6.67e-01 | T=7404.9 | a=1.000016 | H=2.41e-05 | 4.5 steps/s | 222.91 ms/step | ETA: 5567.8 min
Step 1340/1500000 | t=6.70e-01 | T=7404.9 | a=1.000016 | H=2.41e-05 | 4.5 steps/s | 222.84 ms/step | ETA: 5566.0 min
Step 1345/1500000 | t=6.72e-01 | T=7404.9 | a=1.000016 | H=2.41e-05 | 4.5 steps/s | 222.80 ms/step | ETA: 5565.0 min
Step 1350/1500000 | t=6.75e-01 | T=7404.9 | a=1.000016 | H=2.41e-05 | 4.5 steps/s | 222.74 ms/step | ETA: 5563.4 min
Step 1355/1500000 | t=6.77e-01 | T=7404.9 | a=1.000016 | H=2.41e-05 | 4.5 steps/s | 222.92 ms/step | ETA: 5568.0 min
Step 1360/1500000 | t=6.80e-01 | T=7404.9 | a=1.000016 | H=2.41e-05 | 4.5 steps/s | 222.87 ms/step | ETA: 5566.6 min
Step 1365/1500000 | t=6.82e-01 | T=7404.9 | a=1.000016 | H=2.41e-05 | 4.5 steps/s | 222.81 ms/step | ETA: 5565.3 min
Step 1370/1500000 | t=6.85e-01 | T=7404.9 | a=1.000016 | H=2.41e-05 | 4.5 steps/s | 222.81 ms/step | ETA: 5565.3 min
Step 1375/1500000 | t=6.88e-01 | T=7404.9 | a=1.000017 | H=2.41e-05 | 4.5 steps/s | 222.77 ms/step | ETA: 5564.2 min
Step 1380/1500000 | t=6.90e-01 | T=7404.9 | a=1.000017 | H=2.41e-05 | 4.5 steps/s | 222.72 ms/step | ETA: 5562.9 min
Step 1385/1500000 | t=6.93e-01 | T=7404.9 | a=1.000017 | H=2.41e-05 | 4.5 steps/s | 222.67 ms/step | ETA: 5561.5 min
Step 1390/1500000 | t=6.95e-01 | T=7404.9 | a=1.000017 | H=2.41e-05 | 4.5 steps/s | 222.62 ms/step | ETA: 5560.2 min
Step 1395/1500000 | t=6.98e-01 | T=7404.9 | a=1.000017 | H=2.41e-05 | 4.5 steps/s | 222.58 ms/step | ETA: 5559.3 min
Step 1400/1500000 | t=7.00e-01 | T=7404.9 | a=1.000017 | H=2.41e-05 | 4.5 steps/s | 222.54 ms/step | ETA: 5558.2 min
Step 1405/1500000 | t=7.03e-01 | T=7404.9 | a=1.000017 | H=2.41e-05 | 4.5 steps/s | 222.72 ms/step | ETA: 5562.7 min
Step 1410/1500000 | t=7.05e-01 | T=7404.9 | a=1.000017 | H=2.41e-05 | 4.5 steps/s | 222.65 ms/step | ETA: 5561.1 min
Step 1415/1500000 | t=7.08e-01 | T=7404.9 | a=1.000017 | H=2.41e-05 | 4.5 steps/s | 222.60 ms/step | ETA: 5559.7 min
Step 1420/1500000 | t=7.10e-01 | T=7404.9 | a=1.000017 | H=2.41e-05 | 4.5 steps/s | 222.54 ms/step | ETA: 5558.2 min
Step 1425/1500000 | t=7.13e-01 | T=7404.9 | a=1.000017 | H=2.41e-05 | 4.5 steps/s | 222.52 ms/step | ETA: 5557.7 min
Step 1430/1500000 | t=7.15e-01 | T=7404.9 | a=1.000017 | H=2.41e-05 | 4.5 steps/s | 222.48 ms/step | ETA: 5556.8 min
Step 1435/1500000 | t=7.18e-01 | T=7404.9 | a=1.000017 | H=2.41e-05 | 4.5 steps/s | 222.43 ms/step | ETA: 5555.3 min
Step 1440/1500000 | t=7.20e-01 | T=7404.9 | a=1.000017 | H=2.41e-05 | 4.5 steps/s | 222.39 ms/step | ETA: 5554.5 min
Step 1445/1500000 | t=7.23e-01 | T=7404.9 | a=1.000017 | H=2.41e-05 | 4.5 steps/s | 222.35 ms/step | ETA: 5553.4 min
Step 1450/1500000 | t=7.25e-01 | T=7404.9 | a=1.000017 | H=2.41e-05 | 4.5 steps/s | 222.31 ms/step | ETA: 5552.3 min
Step 1455/1500000 | t=7.28e-01 | T=7404.9 | a=1.000018 | H=2.41e-05 | 4.5 steps/s | 222.45 ms/step | ETA: 5555.9 min
Step 1460/1500000 | t=7.30e-01 | T=7404.9 | a=1.000018 | H=2.41e-05 | 4.5 steps/s | 222.50 ms/step | ETA: 5557.1 min
Step 1465/1500000 | t=7.33e-01 | T=7404.9 | a=1.000018 | H=2.41e-05 | 4.5 steps/s | 222.46 ms/step | ETA: 5556.0 min
Step 1470/1500000 | t=7.35e-01 | T=7404.9 | a=1.000018 | H=2.41e-05 | 4.5 steps/s | 222.41 ms/step | ETA: 5554.7 min
Step 1475/1500000 | t=7.38e-01 | T=7404.9 | a=1.000018 | H=2.41e-05 | 4.5 steps/s | 222.40 ms/step | ETA: 5554.5 min
Step 1480/1500000 | t=7.40e-01 | T=7404.9 | a=1.000018 | H=2.41e-05 | 4.5 steps/s | 222.35 ms/step | ETA: 5553.2 min
Step 1485/1500000 | t=7.43e-01 | T=7404.9 | a=1.000018 | H=2.41e-05 | 4.5 steps/s | 222.29 ms/step | ETA: 5551.8 min
Step 1490/1500000 | t=7.45e-01 | T=7404.9 | a=1.000018 | H=2.41e-05 | 4.5 steps/s | 222.24 ms/step | ETA: 5550.6 min
Step 1495/1500000 | t=7.48e-01 | T=7404.9 | a=1.000018 | H=2.41e-05 | 4.5 steps/s | 222.20 ms/step | ETA: 5549.5 min
Step 1500/1500000 | t=7.50e-01 | T=7404.9 | a=1.000018 | H=2.41e-05 | 4.5 steps/s | 222.16 ms/step | ETA: 5548.4 min
Step 1505/1500000 | t=7.52e-01 | T=7404.9 | a=1.000018 | H=2.41e-05 | 4.5 steps/s | 222.32 ms/step | ETA: 5552.4 min
Step 1510/1500000 | t=7.55e-01 | T=7404.9 | a=1.000018 | H=2.41e-05 | 4.5 steps/s | 222.28 ms/step | ETA: 5551.3 min
Step 1515/1500000 | t=7.57e-01 | T=7404.9 | a=1.000018 | H=2.41e-05 | 4.5 steps/s | 222.33 ms/step | ETA: 5552.7 min
Step 1520/1500000 | t=7.60e-01 | T=7404.9 | a=1.000018 | H=2.41e-05 | 4.5 steps/s | 222.30 ms/step | ETA: 5551.9 min
Step 1525/1500000 | t=7.62e-01 | T=7404.9 | a=1.000018 | H=2.41e-05 | 4.5 steps/s | 222.26 ms/step | ETA: 5550.9 min
Step 1530/1500000 | t=7.65e-01 | T=7404.9 | a=1.000018 | H=2.41e-05 | 4.5 steps/s | 222.25 ms/step | ETA: 5550.7 min
Step 1535/1500000 | t=7.67e-01 | T=7404.9 | a=1.000018 | H=2.41e-05 | 4.5 steps/s | 222.21 ms/step | ETA: 5549.5 min
Step 1540/1500000 | t=7.70e-01 | T=7404.9 | a=1.000019 | H=2.41e-05 | 4.5 steps/s | 222.16 ms/step | ETA: 5548.2 min
Step 1545/1500000 | t=7.72e-01 | T=7404.9 | a=1.000019 | H=2.41e-05 | 4.5 steps/s | 222.11 ms/step | ETA: 5547.1 min
Step 1550/1500000 | t=7.75e-01 | T=7404.9 | a=1.000019 | H=2.41e-05 | 4.5 steps/s | 222.08 ms/step | ETA: 5546.2 min
Step 1555/1500000 | t=7.77e-01 | T=7404.9 | a=1.000019 | H=2.41e-05 | 4.5 steps/s | 222.22 ms/step | ETA: 5549.7 min
Step 1560/1500000 | t=7.80e-01 | T=7404.9 | a=1.000019 | H=2.41e-05 | 4.5 steps/s | 222.16 ms/step | ETA: 5548.3 min
Step 1565/1500000 | t=7.82e-01 | T=7404.9 | a=1.000019 | H=2.41e-05 | 4.5 steps/s | 222.14 ms/step | ETA: 5547.6 min
Step 1570/1500000 | t=7.85e-01 | T=7404.9 | a=1.000019 | H=2.41e-05 | 4.5 steps/s | 222.09 ms/step | ETA: 5546.3 min
Step 1575/1500000 | t=7.87e-01 | T=7404.9 | a=1.000019 | H=2.41e-05 | 4.5 steps/s | 222.04 ms/step | ETA: 5545.2 min
Step 1580/1500000 | t=7.90e-01 | T=7404.9 | a=1.000019 | H=2.41e-05 | 4.5 steps/s | 222.02 ms/step | ETA: 5544.6 min
Step 1585/1500000 | t=7.92e-01 | T=7404.9 | a=1.000019 | H=2.41e-05 | 4.5 steps/s | 221.97 ms/step | ETA: 5543.4 min
Step 1590/1500000 | t=7.95e-01 | T=7404.9 | a=1.000019 | H=2.41e-05 | 4.5 steps/s | 221.92 ms/step | ETA: 5542.2 min
Step 1595/1500000 | t=7.97e-01 | T=7404.9 | a=1.000019 | H=2.41e-05 | 4.5 steps/s | 221.87 ms/step | ETA: 5541.0 min
Step 1600/1500000 | t=8.00e-01 | T=7404.9 | a=1.000019 | H=2.41e-05 | 4.5 steps/s | 221.84 ms/step | ETA: 5540.0 min
Step 1605/1500000 | t=8.02e-01 | T=7404.9 | a=1.000019 | H=2.41e-05 | 4.5 steps/s | 221.97 ms/step | ETA: 5543.3 min
Step 1610/1500000 | t=8.05e-01 | T=7404.9 | a=1.000019 | H=2.41e-05 | 4.5 steps/s | 221.93 ms/step | ETA: 5542.3 min
Step 1615/1500000 | t=8.07e-01 | T=7404.9 | a=1.000019 | H=2.41e-05 | 4.5 steps/s | 221.89 ms/step | ETA: 5541.2 min
Step 1620/1500000 | t=8.10e-01 | T=7404.9 | a=1.000019 | H=2.41e-05 | 4.5 steps/s | 221.86 ms/step | ETA: 5540.5 min
Step 1625/1500000 | t=8.12e-01 | T=7404.9 | a=1.000020 | H=2.41e-05 | 4.5 steps/s | 221.81 ms/step | ETA: 5539.2 min
Step 1630/1500000 | t=8.15e-01 | T=7404.9 | a=1.000020 | H=2.41e-05 | 4.5 steps/s | 221.76 ms/step | ETA: 5537.9 min
Step 1635/1500000 | t=8.18e-01 | T=7404.9 | a=1.000020 | H=2.41e-05 | 4.5 steps/s | 221.75 ms/step | ETA: 5537.6 min
Step 1640/1500000 | t=8.20e-01 | T=7404.9 | a=1.000020 | H=2.41e-05 | 4.5 steps/s | 221.71 ms/step | ETA: 5536.6 min
Step 1645/1500000 | t=8.23e-01 | T=7404.9 | a=1.000020 | H=2.41e-05 | 4.5 steps/s | 221.66 ms/step | ETA: 5535.5 min
Step 1650/1500000 | t=8.25e-01 | T=7404.9 | a=1.000020 | H=2.41e-05 | 4.5 steps/s | 221.65 ms/step | ETA: 5535.0 min
Step 1655/1500000 | t=8.28e-01 | T=7404.9 | a=1.000020 | H=2.41e-05 | 4.5 steps/s | 221.93 ms/step | ETA: 5542.2 min
Step 1660/1500000 | t=8.30e-01 | T=7404.9 | a=1.000020 | H=2.41e-05 | 4.5 steps/s | 221.93 ms/step | ETA: 5542.2 min
Step 1665/1500000 | t=8.33e-01 | T=7404.9 | a=1.000020 | H=2.41e-05 | 4.5 steps/s | 221.89 ms/step | ETA: 5541.0 min
Step 1670/1500000 | t=8.35e-01 | T=7404.9 | a=1.000020 | H=2.41e-05 | 4.5 steps/s | 221.86 ms/step | ETA: 5540.2 min
Step 1675/1500000 | t=8.38e-01 | T=7404.9 | a=1.000020 | H=2.41e-05 | 4.5 steps/s | 221.82 ms/step | ETA: 5539.3 min
Step 1680/1500000 | t=8.40e-01 | T=7404.9 | a=1.000020 | H=2.41e-05 | 4.5 steps/s | 221.78 ms/step | ETA: 5538.3 min
Step 1685/1500000 | t=8.43e-01 | T=7404.8 | a=1.000020 | H=2.41e-05 | 4.5 steps/s | 221.77 ms/step | ETA: 5538.0 min
Step 1690/1500000 | t=8.45e-01 | T=7404.8 | a=1.000020 | H=2.41e-05 | 4.5 steps/s | 221.73 ms/step | ETA: 5537.0 min
Step 1695/1500000 | t=8.48e-01 | T=7404.8 | a=1.000020 | H=2.41e-05 | 4.5 steps/s | 221.71 ms/step | ETA: 5536.5 min
Step 1700/1500000 | t=8.50e-01 | T=7404.8 | a=1.000020 | H=2.41e-05 | 4.5 steps/s | 221.68 ms/step | ETA: 5535.8 min
Step 1705/1500000 | t=8.53e-01 | T=7404.8 | a=1.000021 | H=2.41e-05 | 4.5 steps/s | 221.86 ms/step | ETA: 5540.2 min
Step 1710/1500000 | t=8.55e-01 | T=7404.8 | a=1.000021 | H=2.41e-05 | 4.5 steps/s | 221.82 ms/step | ETA: 5539.2 min
Step 1715/1500000 | t=8.58e-01 | T=7404.8 | a=1.000021 | H=2.41e-05 | 4.5 steps/s | 221.79 ms/step | ETA: 5538.5 min
Step 1720/1500000 | t=8.60e-01 | T=7404.8 | a=1.000021 | H=2.41e-05 | 4.5 steps/s | 221.76 ms/step | ETA: 5537.7 min
Step 1725/1500000 | t=8.63e-01 | T=7404.8 | a=1.000021 | H=2.41e-05 | 4.5 steps/s | 221.72 ms/step | ETA: 5536.6 min
Step 1730/1500000 | t=8.65e-01 | T=7404.8 | a=1.000021 | H=2.41e-05 | 4.5 steps/s | 221.68 ms/step | ETA: 5535.6 min
Step 1735/1500000 | t=8.68e-01 | T=7404.8 | a=1.000021 | H=2.41e-05 | 4.5 steps/s | 221.65 ms/step | ETA: 5534.8 min
Step 1740/1500000 | t=8.70e-01 | T=7404.8 | a=1.000021 | H=2.41e-05 | 4.5 steps/s | 221.63 ms/step | ETA: 5534.3 min
Step 1745/1500000 | t=8.73e-01 | T=7404.8 | a=1.000021 | H=2.41e-05 | 4.5 steps/s | 221.59 ms/step | ETA: 5533.4 min
Step 1750/1500000 | t=8.75e-01 | T=7404.8 | a=1.000021 | H=2.41e-05 | 4.5 steps/s | 221.56 ms/step | ETA: 5532.5 min
Step 1755/1500000 | t=8.77e-01 | T=7404.8 | a=1.000021 | H=2.41e-05 | 4.5 steps/s | 221.68 ms/step | ETA: 5535.5 min
Step 1760/1500000 | t=8.80e-01 | T=7404.8 | a=1.000021 | H=2.41e-05 | 4.5 steps/s | 221.64 ms/step | ETA: 5534.6 min
Step 1765/1500000 | t=8.82e-01 | T=7404.8 | a=1.000021 | H=2.41e-05 | 4.5 steps/s | 221.62 ms/step | ETA: 5533.9 min
Step 1770/1500000 | t=8.85e-01 | T=7404.8 | a=1.000021 | H=2.41e-05 | 4.5 steps/s | 221.58 ms/step | ETA: 5532.8 min
Step 1775/1500000 | t=8.87e-01 | T=7404.8 | a=1.000021 | H=2.41e-05 | 4.5 steps/s | 221.53 ms/step | ETA: 5531.7 min
Step 1780/1500000 | t=8.90e-01 | T=7404.8 | a=1.000021 | H=2.41e-05 | 4.5 steps/s | 221.49 ms/step | ETA: 5530.8 min
Step 1785/1500000 | t=8.92e-01 | T=7404.8 | a=1.000021 | H=2.41e-05 | 4.5 steps/s | 221.49 ms/step | ETA: 5530.6 min
Step 1790/1500000 | t=8.95e-01 | T=7404.8 | a=1.000022 | H=2.41e-05 | 4.5 steps/s | 221.48 ms/step | ETA: 5530.5 min
Step 1795/1500000 | t=8.97e-01 | T=7404.8 | a=1.000022 | H=2.41e-05 | 4.5 steps/s | 221.45 ms/step | ETA: 5529.7 min
Step 1800/1500000 | t=9.00e-01 | T=7404.8 | a=1.000022 | H=2.41e-05 | 4.5 steps/s | 221.41 ms/step | ETA: 5528.7 min
Step 1805/1500000 | t=9.02e-01 | T=7404.8 | a=1.000022 | H=2.41e-05 | 4.5 steps/s | 221.53 ms/step | ETA: 5531.6 min
Step 1810/1500000 | t=9.05e-01 | T=7404.8 | a=1.000022 | H=2.41e-05 | 4.5 steps/s | 221.50 ms/step | ETA: 5530.7 min
Step 1815/1500000 | t=9.07e-01 | T=7404.8 | a=1.000022 | H=2.41e-05 | 4.5 steps/s | 221.46 ms/step | ETA: 5529.8 min
Step 1820/1500000 | t=9.10e-01 | T=7404.8 | a=1.000022 | H=2.41e-05 | 4.5 steps/s | 221.42 ms/step | ETA: 5528.8 min
Step 1825/1500000 | t=9.12e-01 | T=7404.8 | a=1.000022 | H=2.41e-05 | 4.5 steps/s | 221.38 ms/step | ETA: 5527.8 min
Step 1830/1500000 | t=9.15e-01 | T=7404.8 | a=1.000022 | H=2.41e-05 | 4.5 steps/s | 221.34 ms/step | ETA: 5526.7 min
Step 1835/1500000 | t=9.17e-01 | T=7404.8 | a=1.000022 | H=2.41e-05 | 4.5 steps/s | 221.30 ms/step | ETA: 5525.7 min
Step 1840/1500000 | t=9.20e-01 | T=7404.8 | a=1.000022 | H=2.41e-05 | 4.5 steps/s | 221.34 ms/step | ETA: 5526.8 min
Step 1845/1500000 | t=9.22e-01 | T=7404.8 | a=1.000022 | H=2.41e-05 | 4.5 steps/s | 221.32 ms/step | ETA: 5526.2 min
Step 1850/1500000 | t=9.25e-01 | T=7404.8 | a=1.000022 | H=2.41e-05 | 4.5 steps/s | 221.29 ms/step | ETA: 5525.3 min
Step 1855/1500000 | t=9.27e-01 | T=7404.8 | a=1.000022 | H=2.41e-05 | 4.5 steps/s | 221.41 ms/step | ETA: 5528.3 min
Step 1860/1500000 | t=9.30e-01 | T=7404.8 | a=1.000022 | H=2.41e-05 | 4.5 steps/s | 221.37 ms/step | ETA: 5527.5 min
Step 1865/1500000 | t=9.32e-01 | T=7404.8 | a=1.000022 | H=2.41e-05 | 4.5 steps/s | 221.35 ms/step | ETA: 5526.8 min
Step 1870/1500000 | t=9.35e-01 | T=7404.8 | a=1.000023 | H=2.41e-05 | 4.5 steps/s | 221.31 ms/step | ETA: 5525.9 min
Step 1875/1500000 | t=9.38e-01 | T=7404.8 | a=1.000023 | H=2.41e-05 | 4.5 steps/s | 221.29 ms/step | ETA: 5525.3 min
Step 1880/1500000 | t=9.40e-01 | T=7404.8 | a=1.000023 | H=2.41e-05 | 4.5 steps/s | 221.26 ms/step | ETA: 5524.5 min
Step 1885/1500000 | t=9.43e-01 | T=7404.8 | a=1.000023 | H=2.41e-05 | 4.5 steps/s | 221.22 ms/step | ETA: 5523.6 min
Step 1890/1500000 | t=9.45e-01 | T=7404.8 | a=1.000023 | H=2.41e-05 | 4.5 steps/s | 221.19 ms/step | ETA: 5522.8 min
Step 1895/1500000 | t=9.48e-01 | T=7404.8 | a=1.000023 | H=2.41e-05 | 4.5 steps/s | 221.17 ms/step | ETA: 5522.3 min
Step 1900/1500000 | t=9.50e-01 | T=7404.8 | a=1.000023 | H=2.41e-05 | 4.5 steps/s | 221.13 ms/step | ETA: 5521.4 min
Step 1905/1500000 | t=9.53e-01 | T=7404.8 | a=1.000023 | H=2.41e-05 | 4.5 steps/s | 221.25 ms/step | ETA: 5524.2 min
Step 1910/1500000 | t=9.55e-01 | T=7404.8 | a=1.000023 | H=2.41e-05 | 4.5 steps/s | 221.23 ms/step | ETA: 5523.7 min
Step 1915/1500000 | t=9.58e-01 | T=7404.8 | a=1.000023 | H=2.41e-05 | 4.5 steps/s | 221.20 ms/step | ETA: 5523.0 min
Step 1920/1500000 | t=9.60e-01 | T=7404.8 | a=1.000023 | H=2.41e-05 | 4.5 steps/s | 221.16 ms/step | ETA: 5521.9 min
Step 1925/1500000 | t=9.63e-01 | T=7404.8 | a=1.000023 | H=2.41e-05 | 4.5 steps/s | 221.13 ms/step | ETA: 5521.1 min
Step 1930/1500000 | t=9.65e-01 | T=7404.8 | a=1.000023 | H=2.41e-05 | 4.5 steps/s | 221.10 ms/step | ETA: 5520.4 min
Step 1935/1500000 | t=9.68e-01 | T=7404.8 | a=1.000023 | H=2.41e-05 | 4.5 steps/s | 221.08 ms/step | ETA: 5519.9 min
Step 1940/1500000 | t=9.70e-01 | T=7404.8 | a=1.000023 | H=2.41e-05 | 4.5 steps/s | 221.05 ms/step | ETA: 5519.1 min
Step 1945/1500000 | t=9.73e-01 | T=7404.8 | a=1.000023 | H=2.41e-05 | 4.5 steps/s | 221.02 ms/step | ETA: 5518.4 min
Step 1950/1500000 | t=9.75e-01 | T=7404.8 | a=1.000023 | H=2.41e-05 | 4.5 steps/s | 221.05 ms/step | ETA: 5519.1 min
Step 1955/1500000 | t=9.78e-01 | T=7404.8 | a=1.000024 | H=2.41e-05 | 4.5 steps/s | 221.17 ms/step | ETA: 5522.0 min
Step 1960/1500000 | t=9.80e-01 | T=7404.8 | a=1.000024 | H=2.41e-05 | 4.5 steps/s | 221.14 ms/step | ETA: 5521.3 min
Step 1965/1500000 | t=9.83e-01 | T=7404.8 | a=1.000024 | H=2.41e-05 | 4.5 steps/s | 221.11 ms/step | ETA: 5520.5 min
Step 1970/1500000 | t=9.85e-01 | T=7404.8 | a=1.000024 | H=2.41e-05 | 4.5 steps/s | 221.09 ms/step | ETA: 5520.0 min
Step 1975/1500000 | t=9.88e-01 | T=7404.8 | a=1.000024 | H=2.41e-05 | 4.5 steps/s | 221.06 ms/step | ETA: 5519.3 min
Step 1980/1500000 | t=9.90e-01 | T=7404.8 | a=1.000024 | H=2.41e-05 | 4.5 steps/s | 221.03 ms/step | ETA: 5518.5 min
Step 1985/1500000 | t=9.93e-01 | T=7404.8 | a=1.000024 | H=2.41e-05 | 4.5 steps/s | 221.01 ms/step | ETA: 5517.9 min
Step 1990/1500000 | t=9.95e-01 | T=7404.8 | a=1.000024 | H=2.41e-05 | 4.5 steps/s | 220.97 ms/step | ETA: 5517.0 min
Step 1995/1500000 | t=9.98e-01 | T=7404.8 | a=1.000024 | H=2.41e-05 | 4.5 steps/s | 220.93 ms/step | ETA: 5516.0 min
Step 2000/1500000 | t=1.00e+00 | T=7404.8 | a=1.000024 | H=2.41e-05 | 4.5 steps/s | 220.92 ms/step | ETA: 5515.6 min
Step 2005/1500000 | t=1.00e+00 | T=7404.8 | a=1.000024 | H=2.41e-05 | 4.5 steps/s | 221.05 ms/step | ETA: 5518.7 min
Step 2010/1500000 | t=1.00e+00 | T=7404.8 | a=1.000024 | H=2.41e-05 | 4.5 steps/s | 221.03 ms/step | ETA: 5518.2 min
Step 2015/1500000 | t=1.01e+00 | T=7404.8 | a=1.000024 | H=2.41e-05 | 4.5 steps/s | 220.99 ms/step | ETA: 5517.3 min
Step 2020/1500000 | t=1.01e+00 | T=7404.8 | a=1.000024 | H=2.41e-05 | 4.5 steps/s | 220.96 ms/step | ETA: 5516.5 min
Step 2025/1500000 | t=1.01e+00 | T=7404.8 | a=1.000024 | H=2.41e-05 | 4.5 steps/s | 220.92 ms/step | ETA: 5515.6 min
Step 2030/1500000 | t=1.01e+00 | T=7404.8 | a=1.000024 | H=2.41e-05 | 4.5 steps/s | 220.91 ms/step | ETA: 5515.3 min
Step 2035/1500000 | t=1.02e+00 | T=7404.8 | a=1.000024 | H=2.41e-05 | 4.5 steps/s | 220.88 ms/step | ETA: 5514.6 min
Step 2040/1500000 | t=1.02e+00 | T=7404.8 | a=1.000025 | H=2.41e-05 | 4.5 steps/s | 220.85 ms/step | ETA: 5513.7 min
Step 2045/1500000 | t=1.02e+00 | T=7404.8 | a=1.000025 | H=2.41e-05 | 4.5 steps/s | 220.82 ms/step | ETA: 5513.0 min
Step 2050/1500000 | t=1.02e+00 | T=7404.8 | a=1.000025 | H=2.41e-05 | 4.5 steps/s | 220.79 ms/step | ETA: 5512.2 min
Step 2055/1500000 | t=1.03e+00 | T=7404.8 | a=1.000025 | H=2.41e-05 | 4.5 steps/s | 220.92 ms/step | ETA: 5515.5 min
Step 2060/1500000 | t=1.03e+00 | T=7404.8 | a=1.000025 | H=2.41e-05 | 4.5 steps/s | 220.89 ms/step | ETA: 5514.7 min
Step 2065/1500000 | t=1.03e+00 | T=7404.8 | a=1.000025 | H=2.41e-05 | 4.5 steps/s | 220.87 ms/step | ETA: 5514.1 min
Step 2070/1500000 | t=1.03e+00 | T=7404.8 | a=1.000025 | H=2.41e-05 | 4.5 steps/s | 220.83 ms/step | ETA: 5513.2 min
Step 2075/1500000 | t=1.04e+00 | T=7404.8 | a=1.000025 | H=2.41e-05 | 4.5 steps/s | 220.79 ms/step | ETA: 5512.1 min
Step 2080/1500000 | t=1.04e+00 | T=7404.8 | a=1.000025 | H=2.41e-05 | 4.5 steps/s | 220.77 ms/step | ETA: 5511.6 min
Step 2085/1500000 | t=1.04e+00 | T=7404.8 | a=1.000025 | H=2.41e-05 | 4.5 steps/s | 220.74 ms/step | ETA: 5510.9 min
Step 2090/1500000 | t=1.04e+00 | T=7404.8 | a=1.000025 | H=2.41e-05 | 4.5 steps/s | 220.70 ms/step | ETA: 5509.9 min
Step 2095/1500000 | t=1.05e+00 | T=7404.8 | a=1.000025 | H=2.41e-05 | 4.5 steps/s | 220.68 ms/step | ETA: 5509.3 min
Step 2100/1500000 | t=1.05e+00 | T=7404.8 | a=1.000025 | H=2.41e-05 | 4.5 steps/s | 220.65 ms/step | ETA: 5508.4 min
Step 2105/1500000 | t=1.05e+00 | T=7404.8 | a=1.000025 | H=2.41e-05 | 4.5 steps/s | 220.77 ms/step | ETA: 5511.6 min
Step 2110/1500000 | t=1.05e+00 | T=7404.8 | a=1.000025 | H=2.41e-05 | 4.5 steps/s | 220.76 ms/step | ETA: 5511.3 min
Step 2115/1500000 | t=1.06e+00 | T=7404.8 | a=1.000025 | H=2.41e-05 | 4.5 steps/s | 220.80 ms/step | ETA: 5512.1 min
Step 2120/1500000 | t=1.06e+00 | T=7404.8 | a=1.000026 | H=2.41e-05 | 4.5 steps/s | 220.82 ms/step | ETA: 5512.7 min
Step 2125/1500000 | t=1.06e+00 | T=7404.8 | a=1.000026 | H=2.41e-05 | 4.5 steps/s | 220.80 ms/step | ETA: 5512.1 min
Step 2130/1500000 | t=1.06e+00 | T=7404.8 | a=1.000026 | H=2.41e-05 | 4.5 steps/s | 220.78 ms/step | ETA: 5511.8 min
Step 2135/1500000 | t=1.07e+00 | T=7404.8 | a=1.000026 | H=2.41e-05 | 4.5 steps/s | 220.75 ms/step | ETA: 5511.0 min
Step 2140/1500000 | t=1.07e+00 | T=7404.8 | a=1.000026 | H=2.41e-05 | 4.5 steps/s | 220.72 ms/step | ETA: 5510.2 min
Step 2145/1500000 | t=1.07e+00 | T=7404.8 | a=1.000026 | H=2.41e-05 | 4.5 steps/s | 220.69 ms/step | ETA: 5509.3 min
Step 2150/1500000 | t=1.07e+00 | T=7404.8 | a=1.000026 | H=2.41e-05 | 4.5 steps/s | 220.66 ms/step | ETA: 5508.6 min
Step 2155/1500000 | t=1.08e+00 | T=7404.8 | a=1.000026 | H=2.41e-05 | 4.5 steps/s | 220.77 ms/step | ETA: 5511.4 min
Step 2160/1500000 | t=1.08e+00 | T=7404.8 | a=1.000026 | H=2.41e-05 | 4.5 steps/s | 220.76 ms/step | ETA: 5511.1 min
Step 2165/1500000 | t=1.08e+00 | T=7404.8 | a=1.000026 | H=2.41e-05 | 4.5 steps/s | 220.74 ms/step | ETA: 5510.4 min
Step 2170/1500000 | t=1.08e+00 | T=7404.8 | a=1.000026 | H=2.41e-05 | 4.5 steps/s | 220.71 ms/step | ETA: 5509.7 min
Step 2175/1500000 | t=1.09e+00 | T=7404.8 | a=1.000026 | H=2.41e-05 | 4.5 steps/s | 220.67 ms/step | ETA: 5508.7 min
Step 2180/1500000 | t=1.09e+00 | T=7404.8 | a=1.000026 | H=2.41e-05 | 4.5 steps/s | 220.65 ms/step | ETA: 5508.3 min
Step 2185/1500000 | t=1.09e+00 | T=7404.8 | a=1.000026 | H=2.41e-05 | 4.5 steps/s | 220.61 ms/step | ETA: 5507.3 min
Step 2190/1500000 | t=1.09e+00 | T=7404.8 | a=1.000026 | H=2.41e-05 | 4.5 steps/s | 220.59 ms/step | ETA: 5506.6 min
Step 2195/1500000 | t=1.10e+00 | T=7404.8 | a=1.000026 | H=2.41e-05 | 4.5 steps/s | 220.60 ms/step | ETA: 5506.9 min
Step 2200/1500000 | t=1.10e+00 | T=7404.8 | a=1.000026 | H=2.41e-05 | 4.5 steps/s | 220.58 ms/step | ETA: 5506.3 min
Step 2205/1500000 | t=1.10e+00 | T=7404.8 | a=1.000027 | H=2.41e-05 | 4.5 steps/s | 220.68 ms/step | ETA: 5509.0 min
Step 2210/1500000 | t=1.10e+00 | T=7404.8 | a=1.000027 | H=2.41e-05 | 4.5 steps/s | 220.69 ms/step | ETA: 5509.1 min
Step 2215/1500000 | t=1.11e+00 | T=7404.8 | a=1.000027 | H=2.41e-05 | 4.5 steps/s | 220.67 ms/step | ETA: 5508.7 min
Step 2220/1500000 | t=1.11e+00 | T=7404.8 | a=1.000027 | H=2.41e-05 | 4.5 steps/s | 220.65 ms/step | ETA: 5508.0 min
Step 2225/1500000 | t=1.11e+00 | T=7404.8 | a=1.000027 | H=2.41e-05 | 4.5 steps/s | 220.62 ms/step | ETA: 5507.2 min
Step 2230/1500000 | t=1.11e+00 | T=7404.8 | a=1.000027 | H=2.41e-05 | 4.5 steps/s | 220.58 ms/step | ETA: 5506.4 min
Step 2235/1500000 | t=1.12e+00 | T=7404.8 | a=1.000027 | H=2.41e-05 | 4.5 steps/s | 220.57 ms/step | ETA: 5506.0 min
Step 2240/1500000 | t=1.12e+00 | T=7404.8 | a=1.000027 | H=2.41e-05 | 4.5 steps/s | 220.54 ms/step | ETA: 5505.3 min
Step 2245/1500000 | t=1.12e+00 | T=7404.8 | a=1.000027 | H=2.41e-05 | 4.5 steps/s | 220.51 ms/step | ETA: 5504.5 min
Step 2250/1500000 | t=1.12e+00 | T=7404.8 | a=1.000027 | H=2.41e-05 | 4.5 steps/s | 220.47 ms/step | ETA: 5503.6 min
Step 2255/1500000 | t=1.13e+00 | T=7404.8 | a=1.000027 | H=2.41e-05 | 4.5 steps/s | 220.58 ms/step | ETA: 5506.3 min
Step 2260/1500000 | t=1.13e+00 | T=7404.8 | a=1.000027 | H=2.41e-05 | 4.5 steps/s | 220.55 ms/step | ETA: 5505.5 min
Step 2265/1500000 | t=1.13e+00 | T=7404.8 | a=1.000027 | H=2.41e-05 | 4.5 steps/s | 220.54 ms/step | ETA: 5505.1 min
Step 2270/1500000 | t=1.14e+00 | T=7404.8 | a=1.000027 | H=2.41e-05 | 4.5 steps/s | 220.53 ms/step | ETA: 5504.8 min
Step 2275/1500000 | t=1.14e+00 | T=7404.8 | a=1.000027 | H=2.41e-05 | 4.5 steps/s | 220.50 ms/step | ETA: 5504.0 min
Step 2280/1500000 | t=1.14e+00 | T=7404.8 | a=1.000027 | H=2.41e-05 | 4.5 steps/s | 220.48 ms/step | ETA: 5503.6 min
Step 2285/1500000 | t=1.14e+00 | T=7404.8 | a=1.000027 | H=2.41e-05 | 4.5 steps/s | 220.45 ms/step | ETA: 5502.9 min
Step 2290/1500000 | t=1.15e+00 | T=7404.8 | a=1.000028 | H=2.41e-05 | 4.5 steps/s | 220.43 ms/step | ETA: 5502.4 min
Step 2295/1500000 | t=1.15e+00 | T=7404.8 | a=1.000028 | H=2.41e-05 | 4.5 steps/s | 220.39 ms/step | ETA: 5501.4 min
Step 2300/1500000 | t=1.15e+00 | T=7404.8 | a=1.000028 | H=2.41e-05 | 4.5 steps/s | 220.37 ms/step | ETA: 5500.8 min
Step 2305/1500000 | t=1.15e+00 | T=7404.8 | a=1.000028 | H=2.41e-05 | 4.5 steps/s | 220.48 ms/step | ETA: 5503.4 min
Step 2310/1500000 | t=1.16e+00 | T=7404.8 | a=1.000028 | H=2.41e-05 | 4.5 steps/s | 220.46 ms/step | ETA: 5502.9 min
Step 2315/1500000 | t=1.16e+00 | T=7404.8 | a=1.000028 | H=2.41e-05 | 4.5 steps/s | 220.47 ms/step | ETA: 5503.4 min
Step 2320/1500000 | t=1.16e+00 | T=7404.8 | a=1.000028 | H=2.41e-05 | 4.5 steps/s | 220.45 ms/step | ETA: 5502.6 min
Step 2325/1500000 | t=1.16e+00 | T=7404.8 | a=1.000028 | H=2.41e-05 | 4.5 steps/s | 220.42 ms/step | ETA: 5501.9 min
Step 2330/1500000 | t=1.17e+00 | T=7404.8 | a=1.000028 | H=2.41e-05 | 4.5 steps/s | 220.39 ms/step | ETA: 5501.2 min
Step 2335/1500000 | t=1.17e+00 | T=7404.8 | a=1.000028 | H=2.41e-05 | 4.5 steps/s | 220.37 ms/step | ETA: 5500.7 min
Step 2340/1500000 | t=1.17e+00 | T=7404.8 | a=1.000028 | H=2.41e-05 | 4.5 steps/s | 220.40 ms/step | ETA: 5501.4 min
Step 2345/1500000 | t=1.17e+00 | T=7404.8 | a=1.000028 | H=2.41e-05 | 4.5 steps/s | 220.38 ms/step | ETA: 5500.9 min
Step 2350/1500000 | t=1.18e+00 | T=7404.8 | a=1.000028 | H=2.41e-05 | 4.5 steps/s | 220.35 ms/step | ETA: 5500.1 min
Step 2355/1500000 | t=1.18e+00 | T=7404.8 | a=1.000028 | H=2.41e-05 | 4.5 steps/s | 220.45 ms/step | ETA: 5502.7 min
Step 2360/1500000 | t=1.18e+00 | T=7404.8 | a=1.000028 | H=2.41e-05 | 4.5 steps/s | 220.43 ms/step | ETA: 5502.0 min
Step 2365/1500000 | t=1.18e+00 | T=7404.8 | a=1.000028 | H=2.41e-05 | 4.5 steps/s | 220.40 ms/step | ETA: 5501.3 min
Step 2370/1500000 | t=1.19e+00 | T=7404.8 | a=1.000029 | H=2.41e-05 | 4.5 steps/s | 220.40 ms/step | ETA: 5501.2 min
Step 2375/1500000 | t=1.19e+00 | T=7404.8 | a=1.000029 | H=2.41e-05 | 4.5 steps/s | 220.38 ms/step | ETA: 5500.7 min
Step 2380/1500000 | t=1.19e+00 | T=7404.8 | a=1.000029 | H=2.41e-05 | 4.5 steps/s | 220.34 ms/step | ETA: 5499.8 min
Step 2385/1500000 | t=1.19e+00 | T=7404.8 | a=1.000029 | H=2.41e-05 | 4.5 steps/s | 220.32 ms/step | ETA: 5499.3 min
Step 2390/1500000 | t=1.20e+00 | T=7404.8 | a=1.000029 | H=2.41e-05 | 4.5 steps/s | 220.30 ms/step | ETA: 5498.7 min
Step 2395/1500000 | t=1.20e+00 | T=7404.8 | a=1.000029 | H=2.41e-05 | 4.5 steps/s | 220.29 ms/step | ETA: 5498.5 min
Step 2400/1500000 | t=1.20e+00 | T=7404.8 | a=1.000029 | H=2.41e-05 | 4.5 steps/s | 220.29 ms/step | ETA: 5498.4 min
Step 2405/1500000 | t=1.20e+00 | T=7404.8 | a=1.000029 | H=2.41e-05 | 4.5 steps/s | 220.38 ms/step | ETA: 5500.8 min
Step 2410/1500000 | t=1.21e+00 | T=7404.8 | a=1.000029 | H=2.41e-05 | 4.5 steps/s | 220.39 ms/step | ETA: 5500.8 min
Step 2415/1500000 | t=1.21e+00 | T=7404.8 | a=1.000029 | H=2.41e-05 | 4.5 steps/s | 220.38 ms/step | ETA: 5500.6 min
Step 2420/1500000 | t=1.21e+00 | T=7404.8 | a=1.000029 | H=2.41e-05 | 4.5 steps/s | 220.37 ms/step | ETA: 5500.3 min
Step 2425/1500000 | t=1.21e+00 | T=7404.8 | a=1.000029 | H=2.41e-05 | 4.5 steps/s | 220.34 ms/step | ETA: 5499.6 min
Step 2430/1500000 | t=1.22e+00 | T=7404.8 | a=1.000029 | H=2.41e-05 | 4.5 steps/s | 220.32 ms/step | ETA: 5499.0 min
Step 2435/1500000 | t=1.22e+00 | T=7404.8 | a=1.000029 | H=2.41e-05 | 4.5 steps/s | 220.30 ms/step | ETA: 5498.6 min
Step 2440/1500000 | t=1.22e+00 | T=7404.8 | a=1.000029 | H=2.41e-05 | 4.5 steps/s | 220.28 ms/step | ETA: 5498.1 min
Step 2445/1500000 | t=1.22e+00 | T=7404.8 | a=1.000029 | H=2.41e-05 | 4.5 steps/s | 220.25 ms/step | ETA: 5497.2 min
Step 2450/1500000 | t=1.23e+00 | T=7404.8 | a=1.000029 | H=2.41e-05 | 4.5 steps/s | 220.22 ms/step | ETA: 5496.4 min
Step 2455/1500000 | t=1.23e+00 | T=7404.8 | a=1.000030 | H=2.41e-05 | 4.5 steps/s | 220.31 ms/step | ETA: 5498.7 min
Step 2460/1500000 | t=1.23e+00 | T=7404.8 | a=1.000030 | H=2.41e-05 | 4.5 steps/s | 220.30 ms/step | ETA: 5498.5 min
Step 2465/1500000 | t=1.23e+00 | T=7404.8 | a=1.000030 | H=2.41e-05 | 4.5 steps/s | 220.28 ms/step | ETA: 5497.8 min
Step 2470/1500000 | t=1.24e+00 | T=7404.8 | a=1.000030 | H=2.41e-05 | 4.5 steps/s | 220.25 ms/step | ETA: 5497.1 min
Step 2475/1500000 | t=1.24e+00 | T=7404.8 | a=1.000030 | H=2.41e-05 | 4.5 steps/s | 220.23 ms/step | ETA: 5496.6 min
Step 2480/1500000 | t=1.24e+00 | T=7404.8 | a=1.000030 | H=2.41e-05 | 4.5 steps/s | 220.21 ms/step | ETA: 5496.1 min
Step 2485/1500000 | t=1.24e+00 | T=7404.8 | a=1.000030 | H=2.41e-05 | 4.5 steps/s | 220.23 ms/step | ETA: 5496.6 min
Step 2490/1500000 | t=1.25e+00 | T=7404.8 | a=1.000030 | H=2.41e-05 | 4.5 steps/s | 220.22 ms/step | ETA: 5496.3 min
Step 2495/1500000 | t=1.25e+00 | T=7404.8 | a=1.000030 | H=2.41e-05 | 4.5 steps/s | 220.18 ms/step | ETA: 5495.4 min
Step 2500/1500000 | t=1.25e+00 | T=7404.8 | a=1.000030 | H=2.41e-05 | 4.5 steps/s | 220.16 ms/step | ETA: 5494.7 min
Step 2505/1500000 | t=1.25e+00 | T=7404.8 | a=1.000030 | H=2.41e-05 | 4.5 steps/s | 220.25 ms/step | ETA: 5497.0 min
Step 2510/1500000 | t=1.25e+00 | T=7404.8 | a=1.000030 | H=2.41e-05 | 4.5 steps/s | 220.22 ms/step | ETA: 5496.3 min
Step 2515/1500000 | t=1.26e+00 | T=7404.8 | a=1.000030 | H=2.41e-05 | 4.5 steps/s | 220.20 ms/step | ETA: 5495.8 min
Step 2520/1500000 | t=1.26e+00 | T=7404.8 | a=1.000030 | H=2.41e-05 | 4.5 steps/s | 220.18 ms/step | ETA: 5495.2 min
Step 2525/1500000 | t=1.26e+00 | T=7404.8 | a=1.000030 | H=2.41e-05 | 4.5 steps/s | 220.17 ms/step | ETA: 5494.9 min
Step 2530/1500000 | t=1.26e+00 | T=7404.8 | a=1.000030 | H=2.41e-05 | 4.5 steps/s | 220.14 ms/step | ETA: 5494.3 min
Step 2535/1500000 | t=1.27e+00 | T=7404.8 | a=1.000031 | H=2.41e-05 | 4.5 steps/s | 220.13 ms/step | ETA: 5493.8 min
Step 2540/1500000 | t=1.27e+00 | T=7404.8 | a=1.000031 | H=2.41e-05 | 4.5 steps/s | 220.11 ms/step | ETA: 5493.5 min
Step 2545/1500000 | t=1.27e+00 | T=7404.8 | a=1.000031 | H=2.41e-05 | 4.5 steps/s | 220.09 ms/step | ETA: 5492.8 min
Step 2550/1500000 | t=1.27e+00 | T=7404.8 | a=1.000031 | H=2.41e-05 | 4.5 steps/s | 220.07 ms/step | ETA: 5492.4 min
Step 2555/1500000 | t=1.28e+00 | T=7404.8 | a=1.000031 | H=2.41e-05 | 4.5 steps/s | 220.17 ms/step | ETA: 5494.8 min
Step 2560/1500000 | t=1.28e+00 | T=7404.8 | a=1.000031 | H=2.41e-05 | 4.5 steps/s | 220.17 ms/step | ETA: 5494.8 min
Step 2565/1500000 | t=1.28e+00 | T=7404.8 | a=1.000031 | H=2.41e-05 | 4.5 steps/s | 220.15 ms/step | ETA: 5494.4 min
Step 2570/1500000 | t=1.28e+00 | T=7404.8 | a=1.000031 | H=2.41e-05 | 4.5 steps/s | 220.13 ms/step | ETA: 5493.9 min
Step 2575/1500000 | t=1.29e+00 | T=7404.8 | a=1.000031 | H=2.41e-05 | 4.5 steps/s | 220.11 ms/step | ETA: 5493.2 min
Step 2580/1500000 | t=1.29e+00 | T=7404.8 | a=1.000031 | H=2.41e-05 | 4.5 steps/s | 220.13 ms/step | ETA: 5493.7 min
Step 2585/1500000 | t=1.29e+00 | T=7404.8 | a=1.000031 | H=2.41e-05 | 4.5 steps/s | 220.10 ms/step | ETA: 5493.0 min
Step 2590/1500000 | t=1.29e+00 | T=7404.8 | a=1.000031 | H=2.41e-05 | 4.5 steps/s | 220.08 ms/step | ETA: 5492.6 min
Step 2595/1500000 | t=1.30e+00 | T=7404.8 | a=1.000031 | H=2.41e-05 | 4.5 steps/s | 220.07 ms/step | ETA: 5492.3 min
Step 2600/1500000 | t=1.30e+00 | T=7404.8 | a=1.000031 | H=2.41e-05 | 4.5 steps/s | 220.04 ms/step | ETA: 5491.6 min
Step 2605/1500000 | t=1.30e+00 | T=7404.8 | a=1.000031 | H=2.41e-05 | 4.5 steps/s | 220.14 ms/step | ETA: 5494.0 min
Step 2610/1500000 | t=1.30e+00 | T=7404.8 | a=1.000031 | H=2.41e-05 | 4.5 steps/s | 220.13 ms/step | ETA: 5493.7 min
Step 2615/1500000 | t=1.31e+00 | T=7404.8 | a=1.000031 | H=2.41e-05 | 4.5 steps/s | 220.11 ms/step | ETA: 5493.2 min
Step 2620/1500000 | t=1.31e+00 | T=7404.8 | a=1.000032 | H=2.41e-05 | 4.5 steps/s | 220.08 ms/step | ETA: 5492.5 min
Step 2625/1500000 | t=1.31e+00 | T=7404.8 | a=1.000032 | H=2.41e-05 | 4.5 steps/s | 220.08 ms/step | ETA: 5492.5 min
Step 2630/1500000 | t=1.31e+00 | T=7404.8 | a=1.000032 | H=2.41e-05 | 4.5 steps/s | 220.09 ms/step | ETA: 5492.5 min
Step 2635/1500000 | t=1.32e+00 | T=7404.8 | a=1.000032 | H=2.41e-05 | 4.5 steps/s | 220.07 ms/step | ETA: 5492.1 min
Step 2640/1500000 | t=1.32e+00 | T=7404.8 | a=1.000032 | H=2.41e-05 | 4.5 steps/s | 220.05 ms/step | ETA: 5491.7 min
Step 2645/1500000 | t=1.32e+00 | T=7404.8 | a=1.000032 | H=2.41e-05 | 4.5 steps/s | 220.03 ms/step | ETA: 5491.2 min
Step 2650/1500000 | t=1.32e+00 | T=7404.8 | a=1.000032 | H=2.41e-05 | 4.5 steps/s | 220.02 ms/step | ETA: 5490.7 min
Step 2655/1500000 | t=1.33e+00 | T=7404.8 | a=1.000032 | H=2.41e-05 | 4.5 steps/s | 220.10 ms/step | ETA: 5492.9 min
Step 2660/1500000 | t=1.33e+00 | T=7404.8 | a=1.000032 | H=2.41e-05 | 4.5 steps/s | 220.08 ms/step | ETA: 5492.2 min
Step 2665/1500000 | t=1.33e+00 | T=7404.8 | a=1.000032 | H=2.41e-05 | 4.5 steps/s | 220.05 ms/step | ETA: 5491.5 min
Step 2670/1500000 | t=1.33e+00 | T=7404.8 | a=1.000032 | H=2.41e-05 | 4.5 steps/s | 220.08 ms/step | ETA: 5492.1 min
Step 2675/1500000 | t=1.34e+00 | T=7404.8 | a=1.000032 | H=2.41e-05 | 4.5 steps/s | 220.06 ms/step | ETA: 5491.8 min
Step 2680/1500000 | t=1.34e+00 | T=7404.8 | a=1.000032 | H=2.41e-05 | 4.5 steps/s | 220.04 ms/step | ETA: 5491.1 min
Step 2685/1500000 | t=1.34e+00 | T=7404.8 | a=1.000032 | H=2.41e-05 | 4.5 steps/s | 220.03 ms/step | ETA: 5491.0 min
Step 2690/1500000 | t=1.34e+00 | T=7404.8 | a=1.000032 | H=2.41e-05 | 4.5 steps/s | 220.02 ms/step | ETA: 5490.5 min
Step 2695/1500000 | t=1.35e+00 | T=7404.8 | a=1.000032 | H=2.41e-05 | 4.5 steps/s | 220.00 ms/step | ETA: 5490.1 min
Step 2700/1500000 | t=1.35e+00 | T=7404.8 | a=1.000032 | H=2.41e-05 | 4.5 steps/s | 219.98 ms/step | ETA: 5489.6 min
Step 2705/1500000 | t=1.35e+00 | T=7404.8 | a=1.000033 | H=2.41e-05 | 4.5 steps/s | 220.07 ms/step | ETA: 5491.9 min
Step 2710/1500000 | t=1.35e+00 | T=7404.8 | a=1.000033 | H=2.41e-05 | 4.5 steps/s | 220.05 ms/step | ETA: 5491.3 min
Step 2715/1500000 | t=1.36e+00 | T=7404.8 | a=1.000033 | H=2.41e-05 | 4.5 steps/s | 220.03 ms/step | ETA: 5490.7 min
Step 2720/1500000 | t=1.36e+00 | T=7404.8 | a=1.000033 | H=2.41e-05 | 4.5 steps/s | 220.00 ms/step | ETA: 5490.1 min
Step 2725/1500000 | t=1.36e+00 | T=7404.8 | a=1.000033 | H=2.41e-05 | 4.5 steps/s | 219.99 ms/step | ETA: 5489.7 min
Step 2730/1500000 | t=1.36e+00 | T=7404.8 | a=1.000033 | H=2.41e-05 | 4.5 steps/s | 219.97 ms/step | ETA: 5489.3 min
Step 2735/1500000 | t=1.37e+00 | T=7404.8 | a=1.000033 | H=2.41e-05 | 4.5 steps/s | 219.96 ms/step | ETA: 5489.0 min
Step 2740/1500000 | t=1.37e+00 | T=7404.8 | a=1.000033 | H=2.41e-05 | 4.5 steps/s | 219.94 ms/step | ETA: 5488.4 min
Step 2745/1500000 | t=1.37e+00 | T=7404.8 | a=1.000033 | H=2.41e-05 | 4.5 steps/s | 219.92 ms/step | ETA: 5487.9 min
Step 2750/1500000 | t=1.38e+00 | T=7404.8 | a=1.000033 | H=2.41e-05 | 4.5 steps/s | 219.89 ms/step | ETA: 5487.3 min
Step 2755/1500000 | t=1.38e+00 | T=7404.8 | a=1.000033 | H=2.41e-05 | 4.5 steps/s | 219.97 ms/step | ETA: 5489.2 min
Step 2760/1500000 | t=1.38e+00 | T=7404.8 | a=1.000033 | H=2.41e-05 | 4.5 steps/s | 219.95 ms/step | ETA: 5488.6 min
Step 2765/1500000 | t=1.38e+00 | T=7404.8 | a=1.000033 | H=2.41e-05 | 4.5 steps/s | 219.93 ms/step | ETA: 5488.1 min
Step 2770/1500000 | t=1.39e+00 | T=7404.8 | a=1.000033 | H=2.41e-05 | 4.5 steps/s | 219.91 ms/step | ETA: 5487.6 min
Step 2775/1500000 | t=1.39e+00 | T=7404.8 | a=1.000033 | H=2.41e-05 | 4.5 steps/s | 219.89 ms/step | ETA: 5487.0 min
Step 2780/1500000 | t=1.39e+00 | T=7404.8 | a=1.000033 | H=2.41e-05 | 4.5 steps/s | 219.86 ms/step | ETA: 5486.4 min
Step 2785/1500000 | t=1.39e+00 | T=7404.8 | a=1.000034 | H=2.41e-05 | 4.5 steps/s | 219.84 ms/step | ETA: 5485.8 min
Step 2790/1500000 | t=1.40e+00 | T=7404.8 | a=1.000034 | H=2.41e-05 | 4.5 steps/s | 219.84 ms/step | ETA: 5485.7 min
Step 2795/1500000 | t=1.40e+00 | T=7404.8 | a=1.000034 | H=2.41e-05 | 4.5 steps/s | 219.81 ms/step | ETA: 5485.0 min
Step 2800/1500000 | t=1.40e+00 | T=7404.8 | a=1.000034 | H=2.41e-05 | 4.5 steps/s | 219.79 ms/step | ETA: 5484.5 min
Step 2805/1500000 | t=1.40e+00 | T=7404.8 | a=1.000034 | H=2.41e-05 | 4.5 steps/s | 219.88 ms/step | ETA: 5486.8 min
Step 2810/1500000 | t=1.41e+00 | T=7404.7 | a=1.000034 | H=2.41e-05 | 4.5 steps/s | 219.86 ms/step | ETA: 5486.3 min
Step 2815/1500000 | t=1.41e+00 | T=7404.7 | a=1.000034 | H=2.41e-05 | 4.5 steps/s | 219.85 ms/step | ETA: 5485.8 min
Step 2820/1500000 | t=1.41e+00 | T=7404.7 | a=1.000034 | H=2.41e-05 | 4.5 steps/s | 219.84 ms/step | ETA: 5485.6 min
Step 2825/1500000 | t=1.41e+00 | T=7404.7 | a=1.000034 | H=2.41e-05 | 4.5 steps/s | 219.82 ms/step | ETA: 5485.1 min
Step 2830/1500000 | t=1.42e+00 | T=7404.7 | a=1.000034 | H=2.41e-05 | 4.5 steps/s | 219.80 ms/step | ETA: 5484.7 min
Step 2835/1500000 | t=1.42e+00 | T=7404.7 | a=1.000034 | H=2.41e-05 | 4.5 steps/s | 219.82 ms/step | ETA: 5485.1 min
Step 2840/1500000 | t=1.42e+00 | T=7404.7 | a=1.000034 | H=2.41e-05 | 4.5 steps/s | 219.83 ms/step | ETA: 5485.3 min
Step 2845/1500000 | t=1.42e+00 | T=7404.7 | a=1.000034 | H=2.41e-05 | 4.5 steps/s | 219.82 ms/step | ETA: 5485.1 min
Step 2850/1500000 | t=1.43e+00 | T=7404.7 | a=1.000034 | H=2.41e-05 | 4.5 steps/s | 219.80 ms/step | ETA: 5484.6 min
Step 2855/1500000 | t=1.43e+00 | T=7404.7 | a=1.000034 | H=2.41e-05 | 4.5 steps/s | 219.89 ms/step | ETA: 5486.8 min
Step 2860/1500000 | t=1.43e+00 | T=7404.7 | a=1.000034 | H=2.41e-05 | 4.5 steps/s | 219.87 ms/step | ETA: 5486.2 min
Step 2865/1500000 | t=1.43e+00 | T=7404.7 | a=1.000034 | H=2.41e-05 | 4.5 steps/s | 219.84 ms/step | ETA: 5485.6 min
Step 2870/1500000 | t=1.44e+00 | T=7404.7 | a=1.000035 | H=2.41e-05 | 4.5 steps/s | 219.83 ms/step | ETA: 5485.3 min
Step 2875/1500000 | t=1.44e+00 | T=7404.7 | a=1.000035 | H=2.41e-05 | 4.5 steps/s | 219.82 ms/step | ETA: 5485.1 min
Step 2880/1500000 | t=1.44e+00 | T=7404.7 | a=1.000035 | H=2.41e-05 | 4.5 steps/s | 219.80 ms/step | ETA: 5484.4 min
Step 2885/1500000 | t=1.44e+00 | T=7404.7 | a=1.000035 | H=2.41e-05 | 4.6 steps/s | 219.78 ms/step | ETA: 5483.9 min
Step 2890/1500000 | t=1.45e+00 | T=7404.7 | a=1.000035 | H=2.41e-05 | 4.6 steps/s | 219.76 ms/step | ETA: 5483.4 min
Step 2895/1500000 | t=1.45e+00 | T=7404.7 | a=1.000035 | H=2.41e-05 | 4.6 steps/s | 219.75 ms/step | ETA: 5483.2 min
Step 2900/1500000 | t=1.45e+00 | T=7404.7 | a=1.000035 | H=2.41e-05 | 4.6 steps/s | 219.74 ms/step | ETA: 5482.8 min
Step 2905/1500000 | t=1.45e+00 | T=7404.7 | a=1.000035 | H=2.41e-05 | 4.5 steps/s | 219.83 ms/step | ETA: 5485.2 min
Step 2910/1500000 | t=1.46e+00 | T=7404.7 | a=1.000035 | H=2.41e-05 | 4.5 steps/s | 219.80 ms/step | ETA: 5484.4 min
Step 2915/1500000 | t=1.46e+00 | T=7404.7 | a=1.000035 | H=2.41e-05 | 4.5 steps/s | 219.79 ms/step | ETA: 5484.1 min
Step 2920/1500000 | t=1.46e+00 | T=7404.7 | a=1.000035 | H=2.41e-05 | 4.6 steps/s | 219.77 ms/step | ETA: 5483.4 min
Step 2925/1500000 | t=1.46e+00 | T=7404.7 | a=1.000035 | H=2.41e-05 | 4.6 steps/s | 219.75 ms/step | ETA: 5483.0 min
Step 2930/1500000 | t=1.47e+00 | T=7404.7 | a=1.000035 | H=2.41e-05 | 4.6 steps/s | 219.73 ms/step | ETA: 5482.5 min
Step 2935/1500000 | t=1.47e+00 | T=7404.7 | a=1.000035 | H=2.41e-05 | 4.6 steps/s | 219.70 ms/step | ETA: 5481.8 min
Step 2940/1500000 | t=1.47e+00 | T=7404.7 | a=1.000035 | H=2.41e-05 | 4.6 steps/s | 219.69 ms/step | ETA: 5481.5 min
Step 2945/1500000 | t=1.47e+00 | T=7404.7 | a=1.000035 | H=2.41e-05 | 4.6 steps/s | 219.72 ms/step | ETA: 5482.2 min
Step 2950/1500000 | t=1.48e+00 | T=7404.7 | a=1.000035 | H=2.41e-05 | 4.6 steps/s | 219.73 ms/step | ETA: 5482.4 min
Step 2955/1500000 | t=1.48e+00 | T=7404.7 | a=1.000036 | H=2.41e-05 | 4.5 steps/s | 219.81 ms/step | ETA: 5484.4 min
Step 2960/1500000 | t=1.48e+00 | T=7404.7 | a=1.000036 | H=2.41e-05 | 4.5 steps/s | 219.79 ms/step | ETA: 5483.8 min
Step 2965/1500000 | t=1.48e+00 | T=7404.7 | a=1.000036 | H=2.41e-05 | 4.6 steps/s | 219.77 ms/step | ETA: 5483.3 min
Step 2970/1500000 | t=1.49e+00 | T=7404.7 | a=1.000036 | H=2.41e-05 | 4.6 steps/s | 219.75 ms/step | ETA: 5482.8 min
Step 2975/1500000 | t=1.49e+00 | T=7404.7 | a=1.000036 | H=2.41e-05 | 4.6 steps/s | 219.72 ms/step | ETA: 5482.2 min
Step 2980/1500000 | t=1.49e+00 | T=7404.7 | a=1.000036 | H=2.41e-05 | 4.6 steps/s | 219.70 ms/step | ETA: 5481.7 min
Step 2985/1500000 | t=1.49e+00 | T=7404.7 | a=1.000036 | H=2.41e-05 | 4.6 steps/s | 219.68 ms/step | ETA: 5481.2 min
Step 2990/1500000 | t=1.50e+00 | T=7404.7 | a=1.000036 | H=2.41e-05 | 4.6 steps/s | 219.66 ms/step | ETA: 5480.7 min
Step 2995/1500000 | t=1.50e+00 | T=7404.7 | a=1.000036 | H=2.41e-05 | 4.6 steps/s | 219.65 ms/step | ETA: 5480.3 min
Step 3000/1500000 | t=1.50e+00 | T=7404.7 | a=1.000036 | H=2.41e-05 | 4.6 steps/s | 219.64 ms/step | ETA: 5480.0 min
Step 3005/1500000 | t=1.50e+00 | T=7404.7 | a=1.000036 | H=2.41e-05 | 4.6 steps/s | 219.72 ms/step | ETA: 5482.0 min
Step 3010/1500000 | t=1.50e+00 | T=7404.7 | a=1.000036 | H=2.41e-05 | 4.6 steps/s | 219.70 ms/step | ETA: 5481.5 min
Step 3015/1500000 | t=1.51e+00 | T=7404.7 | a=1.000036 | H=2.41e-05 | 4.6 steps/s | 219.68 ms/step | ETA: 5481.0 min
Step 3020/1500000 | t=1.51e+00 | T=7404.7 | a=1.000036 | H=2.41e-05 | 4.6 steps/s | 219.67 ms/step | ETA: 5480.6 min
Step 3025/1500000 | t=1.51e+00 | T=7404.7 | a=1.000036 | H=2.41e-05 | 4.6 steps/s | 219.65 ms/step | ETA: 5480.1 min
Step 3030/1500000 | t=1.51e+00 | T=7404.7 | a=1.000036 | H=2.41e-05 | 4.6 steps/s | 219.62 ms/step | ETA: 5479.5 min
Step 3035/1500000 | t=1.52e+00 | T=7404.7 | a=1.000037 | H=2.41e-05 | 4.6 steps/s | 219.61 ms/step | ETA: 5479.1 min
Step 3040/1500000 | t=1.52e+00 | T=7404.7 | a=1.000037 | H=2.41e-05 | 4.6 steps/s | 219.59 ms/step | ETA: 5478.6 min
Step 3045/1500000 | t=1.52e+00 | T=7404.7 | a=1.000037 | H=2.41e-05 | 4.6 steps/s | 219.56 ms/step | ETA: 5478.0 min
Step 3050/1500000 | t=1.52e+00 | T=7404.7 | a=1.000037 | H=2.41e-05 | 4.6 steps/s | 219.56 ms/step | ETA: 5477.7 min
Step 3055/1500000 | t=1.53e+00 | T=7404.7 | a=1.000037 | H=2.41e-05 | 4.6 steps/s | 219.63 ms/step | ETA: 5479.6 min
Step 3060/1500000 | t=1.53e+00 | T=7404.7 | a=1.000037 | H=2.41e-05 | 4.6 steps/s | 219.61 ms/step | ETA: 5479.2 min
Step 3065/1500000 | t=1.53e+00 | T=7404.7 | a=1.000037 | H=2.41e-05 | 4.6 steps/s | 219.60 ms/step | ETA: 5478.8 min
Step 3070/1500000 | t=1.53e+00 | T=7404.7 | a=1.000037 | H=2.41e-05 | 4.6 steps/s | 219.59 ms/step | ETA: 5478.6 min
Step 3075/1500000 | t=1.54e+00 | T=7404.7 | a=1.000037 | H=2.41e-05 | 4.6 steps/s | 219.57 ms/step | ETA: 5478.1 min
Step 3080/1500000 | t=1.54e+00 | T=7404.7 | a=1.000037 | H=2.41e-05 | 4.6 steps/s | 219.55 ms/step | ETA: 5477.5 min
Step 3085/1500000 | t=1.54e+00 | T=7404.7 | a=1.000037 | H=2.41e-05 | 4.6 steps/s | 219.56 ms/step | ETA: 5477.7 min
Step 3090/1500000 | t=1.54e+00 | T=7404.7 | a=1.000037 | H=2.41e-05 | 4.6 steps/s | 219.54 ms/step | ETA: 5477.3 min
Step 3095/1500000 | t=1.55e+00 | T=7404.7 | a=1.000037 | H=2.41e-05 | 4.6 steps/s | 219.53 ms/step | ETA: 5476.9 min
Step 3100/1500000 | t=1.55e+00 | T=7404.7 | a=1.000037 | H=2.41e-05 | 4.6 steps/s | 219.51 ms/step | ETA: 5476.5 min
Step 3105/1500000 | t=1.55e+00 | T=7404.7 | a=1.000037 | H=2.41e-05 | 4.6 steps/s | 219.60 ms/step | ETA: 5478.8 min
Step 3110/1500000 | t=1.55e+00 | T=7404.7 | a=1.000037 | H=2.41e-05 | 4.6 steps/s | 219.58 ms/step | ETA: 5478.2 min
Step 3115/1500000 | t=1.56e+00 | T=7404.7 | a=1.000037 | H=2.41e-05 | 4.6 steps/s | 219.56 ms/step | ETA: 5477.7 min
Step 3120/1500000 | t=1.56e+00 | T=7404.7 | a=1.000038 | H=2.41e-05 | 4.6 steps/s | 219.55 ms/step | ETA: 5477.4 min
Step 3125/1500000 | t=1.56e+00 | T=7404.7 | a=1.000038 | H=2.41e-05 | 4.6 steps/s | 219.53 ms/step | ETA: 5476.9 min
Step 3130/1500000 | t=1.56e+00 | T=7404.7 | a=1.000038 | H=2.41e-05 | 4.6 steps/s | 219.52 ms/step | ETA: 5476.5 min
Step 3135/1500000 | t=1.57e+00 | T=7404.7 | a=1.000038 | H=2.41e-05 | 4.6 steps/s | 219.50 ms/step | ETA: 5476.1 min
Step 3140/1500000 | t=1.57e+00 | T=7404.7 | a=1.000038 | H=2.41e-05 | 4.6 steps/s | 219.48 ms/step | ETA: 5475.6 min
Step 3145/1500000 | t=1.57e+00 | T=7404.7 | a=1.000038 | H=2.41e-05 | 4.6 steps/s | 219.47 ms/step | ETA: 5475.3 min
Step 3150/1500000 | t=1.57e+00 | T=7404.7 | a=1.000038 | H=2.41e-05 | 4.6 steps/s | 219.46 ms/step | ETA: 5475.0 min
Step 3155/1500000 | t=1.58e+00 | T=7404.7 | a=1.000038 | H=2.41e-05 | 4.6 steps/s | 219.55 ms/step | ETA: 5477.2 min
Step 3160/1500000 | t=1.58e+00 | T=7404.7 | a=1.000038 | H=2.41e-05 | 4.6 steps/s | 219.54 ms/step | ETA: 5476.8 min
Step 3165/1500000 | t=1.58e+00 | T=7404.7 | a=1.000038 | H=2.41e-05 | 4.6 steps/s | 219.52 ms/step | ETA: 5476.4 min
Step 3170/1500000 | t=1.58e+00 | T=7404.7 | a=1.000038 | H=2.41e-05 | 4.6 steps/s | 219.52 ms/step | ETA: 5476.3 min
Step 3175/1500000 | t=1.59e+00 | T=7404.7 | a=1.000038 | H=2.41e-05 | 4.6 steps/s | 219.49 ms/step | ETA: 5475.7 min
Step 3180/1500000 | t=1.59e+00 | T=7404.7 | a=1.000038 | H=2.41e-05 | 4.6 steps/s | 219.47 ms/step | ETA: 5475.2 min
Step 3185/1500000 | t=1.59e+00 | T=7404.7 | a=1.000038 | H=2.41e-05 | 4.6 steps/s | 219.45 ms/step | ETA: 5474.7 min
Step 3190/1500000 | t=1.59e+00 | T=7404.7 | a=1.000038 | H=2.41e-05 | 4.6 steps/s | 219.45 ms/step | ETA: 5474.5 min
Step 3195/1500000 | t=1.60e+00 | T=7404.7 | a=1.000038 | H=2.41e-05 | 4.6 steps/s | 219.42 ms/step | ETA: 5473.9 min
Step 3200/1500000 | t=1.60e+00 | T=7404.7 | a=1.000039 | H=2.41e-05 | 4.6 steps/s | 219.41 ms/step | ETA: 5473.5 min
Step 3205/1500000 | t=1.60e+00 | T=7404.7 | a=1.000039 | H=2.41e-05 | 4.6 steps/s | 219.49 ms/step | ETA: 5475.5 min
Step 3210/1500000 | t=1.60e+00 | T=7404.7 | a=1.000039 | H=2.41e-05 | 4.6 steps/s | 219.48 ms/step | ETA: 5475.2 min
Step 3215/1500000 | t=1.61e+00 | T=7404.7 | a=1.000039 | H=2.41e-05 | 4.6 steps/s | 219.47 ms/step | ETA: 5475.1 min
Step 3220/1500000 | t=1.61e+00 | T=7404.7 | a=1.000039 | H=2.41e-05 | 4.6 steps/s | 219.46 ms/step | ETA: 5474.6 min
Step 3225/1500000 | t=1.61e+00 | T=7404.7 | a=1.000039 | H=2.41e-05 | 4.6 steps/s | 219.48 ms/step | ETA: 5475.1 min
Step 3230/1500000 | t=1.61e+00 | T=7404.7 | a=1.000039 | H=2.41e-05 | 4.6 steps/s | 219.46 ms/step | ETA: 5474.6 min
Step 3235/1500000 | t=1.62e+00 | T=7404.7 | a=1.000039 | H=2.41e-05 | 4.6 steps/s | 219.44 ms/step | ETA: 5474.1 min
Step 3240/1500000 | t=1.62e+00 | T=7404.7 | a=1.000039 | H=2.41e-05 | 4.6 steps/s | 219.43 ms/step | ETA: 5474.0 min
Step 3245/1500000 | t=1.62e+00 | T=7404.7 | a=1.000039 | H=2.41e-05 | 4.6 steps/s | 219.42 ms/step | ETA: 5473.6 min
Step 3250/1500000 | t=1.62e+00 | T=7404.7 | a=1.000039 | H=2.41e-05 | 4.6 steps/s | 219.40 ms/step | ETA: 5473.1 min
Step 3255/1500000 | t=1.63e+00 | T=7404.7 | a=1.000039 | H=2.41e-05 | 4.6 steps/s | 219.47 ms/step | ETA: 5474.9 min
Step 3260/1500000 | t=1.63e+00 | T=7404.7 | a=1.000039 | H=2.41e-05 | 4.6 steps/s | 219.48 ms/step | ETA: 5475.0 min
Step 3265/1500000 | t=1.63e+00 | T=7404.7 | a=1.000039 | H=2.41e-05 | 4.6 steps/s | 219.46 ms/step | ETA: 5474.6 min
Step 3270/1500000 | t=1.64e+00 | T=7404.7 | a=1.000039 | H=2.41e-05 | 4.6 steps/s | 219.44 ms/step | ETA: 5474.1 min
Step 3275/1500000 | t=1.64e+00 | T=7404.7 | a=1.000039 | H=2.41e-05 | 4.6 steps/s | 219.43 ms/step | ETA: 5473.8 min
Step 3280/1500000 | t=1.64e+00 | T=7404.7 | a=1.000039 | H=2.41e-05 | 4.6 steps/s | 219.41 ms/step | ETA: 5473.1 min
Step 3285/1500000 | t=1.64e+00 | T=7404.7 | a=1.000040 | H=2.41e-05 | 4.6 steps/s | 219.39 ms/step | ETA: 5472.9 min
Step 3290/1500000 | t=1.65e+00 | T=7404.7 | a=1.000040 | H=2.41e-05 | 4.6 steps/s | 219.39 ms/step | ETA: 5472.6 min
Step 3295/1500000 | t=1.65e+00 | T=7404.7 | a=1.000040 | H=2.41e-05 | 4.6 steps/s | 219.37 ms/step | ETA: 5472.1 min
Step 3300/1500000 | t=1.65e+00 | T=7404.7 | a=1.000040 | H=2.41e-05 | 4.6 steps/s | 219.34 ms/step | ETA: 5471.5 min
Step 3305/1500000 | t=1.65e+00 | T=7404.7 | a=1.000040 | H=2.41e-05 | 4.6 steps/s | 219.41 ms/step | ETA: 5473.2 min
Step 3310/1500000 | t=1.66e+00 | T=7404.7 | a=1.000040 | H=2.41e-05 | 4.6 steps/s | 219.40 ms/step | ETA: 5472.9 min
Step 3315/1500000 | t=1.66e+00 | T=7404.7 | a=1.000040 | H=2.41e-05 | 4.6 steps/s | 219.40 ms/step | ETA: 5472.8 min
Step 3320/1500000 | t=1.66e+00 | T=7404.7 | a=1.000040 | H=2.41e-05 | 4.6 steps/s | 219.38 ms/step | ETA: 5472.5 min
Step 3325/1500000 | t=1.66e+00 | T=7404.7 | a=1.000040 | H=2.41e-05 | 4.6 steps/s | 219.37 ms/step | ETA: 5472.1 min
Step 3330/1500000 | t=1.67e+00 | T=7404.7 | a=1.000040 | H=2.41e-05 | 4.6 steps/s | 219.35 ms/step | ETA: 5471.6 min
Step 3335/1500000 | t=1.67e+00 | T=7404.7 | a=1.000040 | H=2.41e-05 | 4.6 steps/s | 219.34 ms/step | ETA: 5471.4 min
Step 3340/1500000 | t=1.67e+00 | T=7404.7 | a=1.000040 | H=2.41e-05 | 4.6 steps/s | 219.33 ms/step | ETA: 5471.0 min
Step 3345/1500000 | t=1.67e+00 | T=7404.7 | a=1.000040 | H=2.41e-05 | 4.6 steps/s | 219.30 ms/step | ETA: 5470.4 min
Step 3350/1500000 | t=1.68e+00 | T=7404.7 | a=1.000040 | H=2.41e-05 | 4.6 steps/s | 219.29 ms/step | ETA: 5470.0 min
Step 3355/1500000 | t=1.68e+00 | T=7404.7 | a=1.000040 | H=2.41e-05 | 4.6 steps/s | 219.36 ms/step | ETA: 5471.8 min
Step 3360/1500000 | t=1.68e+00 | T=7404.7 | a=1.000040 | H=2.41e-05 | 4.6 steps/s | 219.34 ms/step | ETA: 5471.3 min
Step 3365/1500000 | t=1.68e+00 | T=7404.7 | a=1.000040 | H=2.41e-05 | 4.6 steps/s | 219.34 ms/step | ETA: 5471.2 min
Step 3370/1500000 | t=1.69e+00 | T=7404.7 | a=1.000041 | H=2.41e-05 | 4.6 steps/s | 219.33 ms/step | ETA: 5471.0 min
Step 3375/1500000 | t=1.69e+00 | T=7404.7 | a=1.000041 | H=2.41e-05 | 4.6 steps/s | 219.31 ms/step | ETA: 5470.5 min
Step 3380/1500000 | t=1.69e+00 | T=7404.7 | a=1.000041 | H=2.41e-05 | 4.6 steps/s | 219.29 ms/step | ETA: 5470.0 min
Step 3385/1500000 | t=1.69e+00 | T=7404.7 | a=1.000041 | H=2.41e-05 | 4.6 steps/s | 219.28 ms/step | ETA: 5469.7 min
Step 3390/1500000 | t=1.70e+00 | T=7404.7 | a=1.000041 | H=2.41e-05 | 4.6 steps/s | 219.27 ms/step | ETA: 5469.4 min
Step 3395/1500000 | t=1.70e+00 | T=7404.7 | a=1.000041 | H=2.41e-05 | 4.6 steps/s | 219.25 ms/step | ETA: 5468.9 min
Step 3400/1500000 | t=1.70e+00 | T=7404.7 | a=1.000041 | H=2.41e-05 | 4.6 steps/s | 219.24 ms/step | ETA: 5468.5 min
Step 3405/1500000 | t=1.70e+00 | T=7404.7 | a=1.000041 | H=2.41e-05 | 4.6 steps/s | 219.31 ms/step | ETA: 5470.2 min
Step 3410/1500000 | t=1.71e+00 | T=7404.7 | a=1.000041 | H=2.41e-05 | 4.6 steps/s | 219.30 ms/step | ETA: 5469.9 min
Step 3415/1500000 | t=1.71e+00 | T=7404.7 | a=1.000041 | H=2.41e-05 | 4.6 steps/s | 219.28 ms/step | ETA: 5469.5 min
Step 3420/1500000 | t=1.71e+00 | T=7404.7 | a=1.000041 | H=2.41e-05 | 4.6 steps/s | 219.28 ms/step | ETA: 5469.5 min
Step 3425/1500000 | t=1.71e+00 | T=7404.7 | a=1.000041 | H=2.41e-05 | 4.6 steps/s | 219.26 ms/step | ETA: 5469.0 min
Step 3430/1500000 | t=1.72e+00 | T=7404.7 | a=1.000041 | H=2.41e-05 | 4.6 steps/s | 219.24 ms/step | ETA: 5468.5 min
Step 3435/1500000 | t=1.72e+00 | T=7404.7 | a=1.000041 | H=2.41e-05 | 4.6 steps/s | 219.23 ms/step | ETA: 5468.1 min
Step 3440/1500000 | t=1.72e+00 | T=7404.7 | a=1.000041 | H=2.41e-05 | 4.6 steps/s | 219.21 ms/step | ETA: 5467.7 min
Step 3445/1500000 | t=1.72e+00 | T=7404.7 | a=1.000041 | H=2.41e-05 | 4.6 steps/s | 219.19 ms/step | ETA: 5467.2 min
Step 3450/1500000 | t=1.73e+00 | T=7404.7 | a=1.000042 | H=2.41e-05 | 4.6 steps/s | 219.17 ms/step | ETA: 5466.6 min
Step 3455/1500000 | t=1.73e+00 | T=7404.7 | a=1.000042 | H=2.41e-05 | 4.6 steps/s | 219.24 ms/step | ETA: 5468.4 min
Step 3460/1500000 | t=1.73e+00 | T=7404.7 | a=1.000042 | H=2.41e-05 | 4.6 steps/s | 219.23 ms/step | ETA: 5468.0 min
Step 3465/1500000 | t=1.73e+00 | T=7404.7 | a=1.000042 | H=2.41e-05 | 4.6 steps/s | 219.22 ms/step | ETA: 5467.8 min
Step 3470/1500000 | t=1.74e+00 | T=7404.7 | a=1.000042 | H=2.41e-05 | 4.6 steps/s | 219.22 ms/step | ETA: 5467.8 min
Step 3475/1500000 | t=1.74e+00 | T=7404.7 | a=1.000042 | H=2.41e-05 | 4.6 steps/s | 219.20 ms/step | ETA: 5467.2 min
Step 3480/1500000 | t=1.74e+00 | T=7404.7 | a=1.000042 | H=2.41e-05 | 4.6 steps/s | 219.19 ms/step | ETA: 5467.0 min
Step 3485/1500000 | t=1.74e+00 | T=7404.7 | a=1.000042 | H=2.41e-05 | 4.6 steps/s | 219.17 ms/step | ETA: 5466.6 min
Step 3490/1500000 | t=1.75e+00 | T=7404.7 | a=1.000042 | H=2.41e-05 | 4.6 steps/s | 219.16 ms/step | ETA: 5466.2 min
Step 3495/1500000 | t=1.75e+00 | T=7404.7 | a=1.000042 | H=2.41e-05 | 4.6 steps/s | 219.14 ms/step | ETA: 5465.8 min
Step 3500/1500000 | t=1.75e+00 | T=7404.7 | a=1.000042 | H=2.41e-05 | 4.6 steps/s | 219.15 ms/step | ETA: 5465.9 min
Step 3505/1500000 | t=1.75e+00 | T=7404.7 | a=1.000042 | H=2.41e-05 | 4.6 steps/s | 219.22 ms/step | ETA: 5467.7 min
Step 3510/1500000 | t=1.75e+00 | T=7404.7 | a=1.000042 | H=2.41e-05 | 4.6 steps/s | 219.20 ms/step | ETA: 5467.3 min
Step 3515/1500000 | t=1.76e+00 | T=7404.7 | a=1.000042 | H=2.41e-05 | 4.6 steps/s | 219.20 ms/step | ETA: 5467.1 min
Step 3520/1500000 | t=1.76e+00 | T=7404.7 | a=1.000042 | H=2.41e-05 | 4.6 steps/s | 219.20 ms/step | ETA: 5467.1 min
Step 3525/1500000 | t=1.76e+00 | T=7404.7 | a=1.000042 | H=2.41e-05 | 4.6 steps/s | 219.21 ms/step | ETA: 5467.4 min
Step 3530/1500000 | t=1.76e+00 | T=7404.7 | a=1.000042 | H=2.41e-05 | 4.6 steps/s | 219.21 ms/step | ETA: 5467.4 min
Step 3535/1500000 | t=1.77e+00 | T=7404.7 | a=1.000043 | H=2.41e-05 | 4.6 steps/s | 219.20 ms/step | ETA: 5467.1 min
Step 3540/1500000 | t=1.77e+00 | T=7404.7 | a=1.000043 | H=2.41e-05 | 4.6 steps/s | 219.19 ms/step | ETA: 5466.8 min
Step 3545/1500000 | t=1.77e+00 | T=7404.7 | a=1.000043 | H=2.41e-05 | 4.6 steps/s | 219.18 ms/step | ETA: 5466.5 min
Step 3550/1500000 | t=1.77e+00 | T=7404.7 | a=1.000043 | H=2.41e-05 | 4.6 steps/s | 219.16 ms/step | ETA: 5466.1 min
Step 3555/1500000 | t=1.78e+00 | T=7404.7 | a=1.000043 | H=2.41e-05 | 4.6 steps/s | 219.23 ms/step | ETA: 5467.8 min
Step 3560/1500000 | t=1.78e+00 | T=7404.7 | a=1.000043 | H=2.41e-05 | 4.6 steps/s | 219.22 ms/step | ETA: 5467.4 min
Step 3565/1500000 | t=1.78e+00 | T=7404.7 | a=1.000043 | H=2.41e-05 | 4.6 steps/s | 219.20 ms/step | ETA: 5467.0 min
Step 3570/1500000 | t=1.78e+00 | T=7404.7 | a=1.000043 | H=2.41e-05 | 4.6 steps/s | 219.18 ms/step | ETA: 5466.5 min
Step 3575/1500000 | t=1.79e+00 | T=7404.7 | a=1.000043 | H=2.41e-05 | 4.6 steps/s | 219.20 ms/step | ETA: 5467.0 min
Step 3580/1500000 | t=1.79e+00 | T=7404.7 | a=1.000043 | H=2.41e-05 | 4.6 steps/s | 219.19 ms/step | ETA: 5466.7 min
Step 3585/1500000 | t=1.79e+00 | T=7404.7 | a=1.000043 | H=2.41e-05 | 4.6 steps/s | 219.18 ms/step | ETA: 5466.3 min
Step 3590/1500000 | t=1.79e+00 | T=7404.7 | a=1.000043 | H=2.41e-05 | 4.6 steps/s | 219.16 ms/step | ETA: 5466.0 min
Step 3595/1500000 | t=1.80e+00 | T=7404.7 | a=1.000043 | H=2.41e-05 | 4.6 steps/s | 219.14 ms/step | ETA: 5465.5 min
Step 3600/1500000 | t=1.80e+00 | T=7404.7 | a=1.000043 | H=2.41e-05 | 4.6 steps/s | 219.13 ms/step | ETA: 5465.2 min
Step 3605/1500000 | t=1.80e+00 | T=7404.7 | a=1.000043 | H=2.41e-05 | 4.6 steps/s | 219.20 ms/step | ETA: 5466.8 min
Step 3610/1500000 | t=1.80e+00 | T=7404.7 | a=1.000043 | H=2.41e-05 | 4.6 steps/s | 219.19 ms/step | ETA: 5466.6 min
Step 3615/1500000 | t=1.81e+00 | T=7404.7 | a=1.000043 | H=2.41e-05 | 4.6 steps/s | 219.18 ms/step | ETA: 5466.3 min
Step 3620/1500000 | t=1.81e+00 | T=7404.7 | a=1.000044 | H=2.41e-05 | 4.6 steps/s | 219.17 ms/step | ETA: 5465.9 min
Step 3625/1500000 | t=1.81e+00 | T=7404.7 | a=1.000044 | H=2.41e-05 | 4.6 steps/s | 219.15 ms/step | ETA: 5465.5 min
Step 3630/1500000 | t=1.81e+00 | T=7404.7 | a=1.000044 | H=2.41e-05 | 4.6 steps/s | 219.15 ms/step | ETA: 5465.5 min
Step 3635/1500000 | t=1.82e+00 | T=7404.7 | a=1.000044 | H=2.41e-05 | 4.6 steps/s | 219.14 ms/step | ETA: 5465.1 min
Step 3640/1500000 | t=1.82e+00 | T=7404.7 | a=1.000044 | H=2.41e-05 | 4.6 steps/s | 219.12 ms/step | ETA: 5464.6 min
Step 3645/1500000 | t=1.82e+00 | T=7404.7 | a=1.000044 | H=2.41e-05 | 4.6 steps/s | 219.10 ms/step | ETA: 5464.2 min
Step 3650/1500000 | t=1.82e+00 | T=7404.7 | a=1.000044 | H=2.41e-05 | 4.6 steps/s | 219.08 ms/step | ETA: 5463.7 min
Step 3655/1500000 | t=1.83e+00 | T=7404.7 | a=1.000044 | H=2.41e-05 | 4.6 steps/s | 219.15 ms/step | ETA: 5465.3 min
Step 3660/1500000 | t=1.83e+00 | T=7404.7 | a=1.000044 | H=2.41e-05 | 4.6 steps/s | 219.14 ms/step | ETA: 5465.1 min
Step 3665/1500000 | t=1.83e+00 | T=7404.7 | a=1.000044 | H=2.41e-05 | 4.6 steps/s | 219.12 ms/step | ETA: 5464.7 min
Step 3670/1500000 | t=1.83e+00 | T=7404.7 | a=1.000044 | H=2.41e-05 | 4.6 steps/s | 219.11 ms/step | ETA: 5464.4 min
Step 3675/1500000 | t=1.84e+00 | T=7404.7 | a=1.000044 | H=2.41e-05 | 4.6 steps/s | 219.10 ms/step | ETA: 5464.1 min
Step 3680/1500000 | t=1.84e+00 | T=7404.7 | a=1.000044 | H=2.41e-05 | 4.6 steps/s | 219.10 ms/step | ETA: 5464.0 min
Step 3685/1500000 | t=1.84e+00 | T=7404.7 | a=1.000044 | H=2.41e-05 | 4.6 steps/s | 219.09 ms/step | ETA: 5463.8 min
Step 3690/1500000 | t=1.84e+00 | T=7404.7 | a=1.000044 | H=2.41e-05 | 4.6 steps/s | 219.07 ms/step | ETA: 5463.4 min
Step 3695/1500000 | t=1.85e+00 | T=7404.7 | a=1.000044 | H=2.41e-05 | 4.6 steps/s | 219.06 ms/step | ETA: 5463.0 min
Step 3700/1500000 | t=1.85e+00 | T=7404.7 | a=1.000045 | H=2.41e-05 | 4.6 steps/s | 219.04 ms/step | ETA: 5462.6 min
Step 3705/1500000 | t=1.85e+00 | T=7404.7 | a=1.000045 | H=2.41e-05 | 4.6 steps/s | 219.11 ms/step | ETA: 5464.3 min
Step 3710/1500000 | t=1.85e+00 | T=7404.7 | a=1.000045 | H=2.41e-05 | 4.6 steps/s | 219.10 ms/step | ETA: 5464.0 min
Step 3715/1500000 | t=1.86e+00 | T=7404.7 | a=1.000045 | H=2.41e-05 | 4.6 steps/s | 219.09 ms/step | ETA: 5463.6 min
Step 3720/1500000 | t=1.86e+00 | T=7404.7 | a=1.000045 | H=2.41e-05 | 4.6 steps/s | 219.07 ms/step | ETA: 5463.2 min
Step 3725/1500000 | t=1.86e+00 | T=7404.7 | a=1.000045 | H=2.41e-05 | 4.6 steps/s | 219.06 ms/step | ETA: 5462.8 min
Step 3730/1500000 | t=1.86e+00 | T=7404.7 | a=1.000045 | H=2.41e-05 | 4.6 steps/s | 219.04 ms/step | ETA: 5462.4 min
Step 3735/1500000 | t=1.87e+00 | T=7404.7 | a=1.000045 | H=2.41e-05 | 4.6 steps/s | 219.04 ms/step | ETA: 5462.3 min
Step 3740/1500000 | t=1.87e+00 | T=7404.7 | a=1.000045 | H=2.41e-05 | 4.6 steps/s | 219.02 ms/step | ETA: 5461.9 min
Step 3745/1500000 | t=1.87e+00 | T=7404.7 | a=1.000045 | H=2.41e-05 | 4.6 steps/s | 219.01 ms/step | ETA: 5461.5 min
Step 3750/1500000 | t=1.88e+00 | T=7404.7 | a=1.000045 | H=2.41e-05 | 4.6 steps/s | 218.99 ms/step | ETA: 5461.1 min
Step 3755/1500000 | t=1.88e+00 | T=7404.7 | a=1.000045 | H=2.41e-05 | 4.6 steps/s | 219.06 ms/step | ETA: 5462.9 min
Step 3760/1500000 | t=1.88e+00 | T=7404.7 | a=1.000045 | H=2.41e-05 | 4.6 steps/s | 219.06 ms/step | ETA: 5462.8 min
Step 3765/1500000 | t=1.88e+00 | T=7404.7 | a=1.000045 | H=2.41e-05 | 4.6 steps/s | 219.05 ms/step | ETA: 5462.5 min
Step 3770/1500000 | t=1.89e+00 | T=7404.7 | a=1.000045 | H=2.41e-05 | 4.6 steps/s | 219.05 ms/step | ETA: 5462.5 min
Step 3775/1500000 | t=1.89e+00 | T=7404.7 | a=1.000045 | H=2.41e-05 | 4.6 steps/s | 219.08 ms/step | ETA: 5463.3 min
Step 3780/1500000 | t=1.89e+00 | T=7404.7 | a=1.000045 | H=2.41e-05 | 4.6 steps/s | 219.11 ms/step | ETA: 5463.9 min
Step 3785/1500000 | t=1.89e+00 | T=7404.7 | a=1.000046 | H=2.41e-05 | 4.6 steps/s | 219.11 ms/step | ETA: 5463.9 min
Step 3790/1500000 | t=1.90e+00 | T=7404.7 | a=1.000046 | H=2.41e-05 | 4.6 steps/s | 219.10 ms/step | ETA: 5463.7 min
Step 3795/1500000 | t=1.90e+00 | T=7404.7 | a=1.000046 | H=2.41e-05 | 4.6 steps/s | 219.12 ms/step | ETA: 5464.1 min
Step 3800/1500000 | t=1.90e+00 | T=7404.7 | a=1.000046 | H=2.41e-05 | 4.6 steps/s | 219.18 ms/step | ETA: 5465.6 min
Step 3805/1500000 | t=1.90e+00 | T=7404.7 | a=1.000046 | H=2.41e-05 | 4.6 steps/s | 219.26 ms/step | ETA: 5467.5 min
Step 3810/1500000 | t=1.91e+00 | T=7404.7 | a=1.000046 | H=2.41e-05 | 4.6 steps/s | 219.25 ms/step | ETA: 5467.4 min
Step 3815/1500000 | t=1.91e+00 | T=7404.7 | a=1.000046 | H=2.41e-05 | 4.6 steps/s | 219.25 ms/step | ETA: 5467.2 min
Step 3820/1500000 | t=1.91e+00 | T=7404.7 | a=1.000046 | H=2.41e-05 | 4.6 steps/s | 219.23 ms/step | ETA: 5466.9 min
Step 3825/1500000 | t=1.91e+00 | T=7404.7 | a=1.000046 | H=2.41e-05 | 4.6 steps/s | 219.24 ms/step | ETA: 5467.0 min
Step 3830/1500000 | t=1.92e+00 | T=7404.7 | a=1.000046 | H=2.41e-05 | 4.6 steps/s | 219.22 ms/step | ETA: 5466.5 min
Step 3835/1500000 | t=1.92e+00 | T=7404.7 | a=1.000046 | H=2.41e-05 | 4.6 steps/s | 219.21 ms/step | ETA: 5466.2 min
Step 3840/1500000 | t=1.92e+00 | T=7404.7 | a=1.000046 | H=2.41e-05 | 4.6 steps/s | 219.20 ms/step | ETA: 5466.0 min
Step 3845/1500000 | t=1.92e+00 | T=7404.7 | a=1.000046 | H=2.41e-05 | 4.6 steps/s | 219.19 ms/step | ETA: 5465.7 min
Step 3850/1500000 | t=1.93e+00 | T=7404.7 | a=1.000046 | H=2.41e-05 | 4.6 steps/s | 219.20 ms/step | ETA: 5466.0 min
Step 3855/1500000 | t=1.93e+00 | T=7404.7 | a=1.000046 | H=2.41e-05 | 4.6 steps/s | 219.26 ms/step | ETA: 5467.5 min
Step 3860/1500000 | t=1.93e+00 | T=7404.7 | a=1.000046 | H=2.41e-05 | 4.6 steps/s | 219.25 ms/step | ETA: 5467.1 min
Step 3865/1500000 | t=1.93e+00 | T=7404.7 | a=1.000047 | H=2.41e-05 | 4.6 steps/s | 219.23 ms/step | ETA: 5466.7 min
Step 3870/1500000 | t=1.94e+00 | T=7404.7 | a=1.000047 | H=2.41e-05 | 4.6 steps/s | 219.22 ms/step | ETA: 5466.3 min
Step 3875/1500000 | t=1.94e+00 | T=7404.7 | a=1.000047 | H=2.41e-05 | 4.6 steps/s | 219.20 ms/step | ETA: 5465.9 min
Step 3880/1500000 | t=1.94e+00 | T=7404.7 | a=1.000047 | H=2.41e-05 | 4.6 steps/s | 219.19 ms/step | ETA: 5465.5 min
Step 3885/1500000 | t=1.94e+00 | T=7404.7 | a=1.000047 | H=2.41e-05 | 4.6 steps/s | 219.18 ms/step | ETA: 5465.2 min
Step 3890/1500000 | t=1.95e+00 | T=7404.7 | a=1.000047 | H=2.41e-05 | 4.6 steps/s | 219.17 ms/step | ETA: 5465.1 min
Step 3895/1500000 | t=1.95e+00 | T=7404.7 | a=1.000047 | H=2.41e-05 | 4.6 steps/s | 219.16 ms/step | ETA: 5464.7 min
Step 3900/1500000 | t=1.95e+00 | T=7404.7 | a=1.000047 | H=2.41e-05 | 4.6 steps/s | 219.14 ms/step | ETA: 5464.3 min
Step 3905/1500000 | t=1.95e+00 | T=7404.7 | a=1.000047 | H=2.41e-05 | 4.6 steps/s | 219.21 ms/step | ETA: 5466.1 min
Step 3910/1500000 | t=1.96e+00 | T=7404.7 | a=1.000047 | H=2.41e-05 | 4.6 steps/s | 219.20 ms/step | ETA: 5465.6 min
Step 3915/1500000 | t=1.96e+00 | T=7404.7 | a=1.000047 | H=2.41e-05 | 4.6 steps/s | 219.18 ms/step | ETA: 5465.2 min
Step 3920/1500000 | t=1.96e+00 | T=7404.7 | a=1.000047 | H=2.41e-05 | 4.6 steps/s | 219.17 ms/step | ETA: 5464.9 min
Step 3925/1500000 | t=1.96e+00 | T=7404.7 | a=1.000047 | H=2.41e-05 | 4.6 steps/s | 219.16 ms/step | ETA: 5464.7 min
Step 3930/1500000 | t=1.97e+00 | T=7404.6 | a=1.000047 | H=2.41e-05 | 4.6 steps/s | 219.14 ms/step | ETA: 5464.2 min
Step 3935/1500000 | t=1.97e+00 | T=7404.6 | a=1.000047 | H=2.41e-05 | 4.6 steps/s | 219.13 ms/step | ETA: 5463.8 min
Step 3940/1500000 | t=1.97e+00 | T=7404.6 | a=1.000047 | H=2.41e-05 | 4.6 steps/s | 219.12 ms/step | ETA: 5463.5 min
Step 3945/1500000 | t=1.97e+00 | T=7404.6 | a=1.000047 | H=2.41e-05 | 4.6 steps/s | 219.12 ms/step | ETA: 5463.6 min
Step 3950/1500000 | t=1.98e+00 | T=7404.6 | a=1.000048 | H=2.41e-05 | 4.6 steps/s | 219.11 ms/step | ETA: 5463.4 min
Step 3955/1500000 | t=1.98e+00 | T=7404.6 | a=1.000048 | H=2.41e-05 | 4.6 steps/s | 219.18 ms/step | ETA: 5465.0 min
Step 3960/1500000 | t=1.98e+00 | T=7404.6 | a=1.000048 | H=2.41e-05 | 4.6 steps/s | 219.16 ms/step | ETA: 5464.6 min
Step 3965/1500000 | t=1.98e+00 | T=7404.6 | a=1.000048 | H=2.41e-05 | 4.6 steps/s | 219.15 ms/step | ETA: 5464.2 min
Step 3970/1500000 | t=1.99e+00 | T=7404.6 | a=1.000048 | H=2.41e-05 | 4.6 steps/s | 219.13 ms/step | ETA: 5463.8 min
Step 3975/1500000 | t=1.99e+00 | T=7404.6 | a=1.000048 | H=2.41e-05 | 4.6 steps/s | 219.12 ms/step | ETA: 5463.5 min
Step 3980/1500000 | t=1.99e+00 | T=7404.6 | a=1.000048 | H=2.41e-05 | 4.6 steps/s | 219.11 ms/step | ETA: 5463.2 min
Step 3985/1500000 | t=1.99e+00 | T=7404.6 | a=1.000048 | H=2.41e-05 | 4.6 steps/s | 219.09 ms/step | ETA: 5462.8 min
Step 3990/1500000 | t=2.00e+00 | T=7404.6 | a=1.000048 | H=2.41e-05 | 4.6 steps/s | 219.08 ms/step | ETA: 5462.3 min
Step 3995/1500000 | t=2.00e+00 | T=7404.6 | a=1.000048 | H=2.41e-05 | 4.6 steps/s | 219.07 ms/step | ETA: 5462.2 min
Step 4000/1500000 | t=2.00e+00 | T=7404.6 | a=1.000048 | H=2.41e-05 | 4.6 steps/s | 219.06 ms/step | ETA: 5461.9 min
Step 4005/1500000 | t=2.00e+00 | T=7404.6 | a=1.000048 | H=2.41e-05 | 4.6 steps/s | 219.12 ms/step | ETA: 5463.3 min
Step 4010/1500000 | t=2.00e+00 | T=7404.6 | a=1.000048 | H=2.41e-05 | 4.6 steps/s | 219.10 ms/step | ETA: 5462.9 min
Step 4015/1500000 | t=2.01e+00 | T=7404.6 | a=1.000048 | H=2.41e-05 | 4.6 steps/s | 219.19 ms/step | ETA: 5465.1 min
Step 4020/1500000 | t=2.01e+00 | T=7404.6 | a=1.000048 | H=2.41e-05 | 4.6 steps/s | 219.18 ms/step | ETA: 5464.7 min
Step 4025/1500000 | t=2.01e+00 | T=7404.6 | a=1.000048 | H=2.41e-05 | 4.6 steps/s | 219.16 ms/step | ETA: 5464.4 min
Step 4030/1500000 | t=2.02e+00 | T=7404.6 | a=1.000048 | H=2.41e-05 | 4.6 steps/s | 219.15 ms/step | ETA: 5464.0 min
Step 4035/1500000 | t=2.02e+00 | T=7404.6 | a=1.000049 | H=2.41e-05 | 4.6 steps/s | 219.13 ms/step | ETA: 5463.5 min
Step 4040/1500000 | t=2.02e+00 | T=7404.6 | a=1.000049 | H=2.41e-05 | 4.6 steps/s | 219.12 ms/step | ETA: 5463.3 min
Step 4045/1500000 | t=2.02e+00 | T=7404.6 | a=1.000049 | H=2.41e-05 | 4.6 steps/s | 219.11 ms/step | ETA: 5463.1 min
Step 4050/1500000 | t=2.02e+00 | T=7404.6 | a=1.000049 | H=2.41e-05 | 4.6 steps/s | 219.15 ms/step | ETA: 5463.8 min
Step 4055/1500000 | t=2.03e+00 | T=7404.6 | a=1.000049 | H=2.41e-05 | 4.6 steps/s | 219.20 ms/step | ETA: 5465.3 min
Step 4060/1500000 | t=2.03e+00 | T=7404.6 | a=1.000049 | H=2.41e-05 | 4.6 steps/s | 219.19 ms/step | ETA: 5464.8 min
Step 4065/1500000 | t=2.03e+00 | T=7404.6 | a=1.000049 | H=2.41e-05 | 4.6 steps/s | 219.18 ms/step | ETA: 5464.6 min
Step 4070/1500000 | t=2.04e+00 | T=7404.6 | a=1.000049 | H=2.41e-05 | 4.6 steps/s | 219.17 ms/step | ETA: 5464.3 min
Step 4075/1500000 | t=2.04e+00 | T=7404.6 | a=1.000049 | H=2.41e-05 | 4.6 steps/s | 219.15 ms/step | ETA: 5464.0 min
Step 4080/1500000 | t=2.04e+00 | T=7404.6 | a=1.000049 | H=2.41e-05 | 4.6 steps/s | 219.14 ms/step | ETA: 5463.5 min
Step 4085/1500000 | t=2.04e+00 | T=7404.6 | a=1.000049 | H=2.41e-05 | 4.6 steps/s | 219.12 ms/step | ETA: 5463.2 min
Step 4090/1500000 | t=2.04e+00 | T=7404.6 | a=1.000049 | H=2.41e-05 | 4.6 steps/s | 219.12 ms/step | ETA: 5462.9 min
Step 4095/1500000 | t=2.05e+00 | T=7404.6 | a=1.000049 | H=2.41e-05 | 4.6 steps/s | 219.10 ms/step | ETA: 5462.6 min
Step 4100/1500000 | t=2.05e+00 | T=7404.6 | a=1.000049 | H=2.41e-05 | 4.6 steps/s | 219.10 ms/step | ETA: 5462.6 min
Step 4105/1500000 | t=2.05e+00 | T=7404.6 | a=1.000049 | H=2.41e-05 | 4.6 steps/s | 219.17 ms/step | ETA: 5464.2 min
Step 4110/1500000 | t=2.06e+00 | T=7404.6 | a=1.000049 | H=2.41e-05 | 4.6 steps/s | 219.16 ms/step | ETA: 5464.1 min
