======================================================================
LATTICE SIMULATION LOG
Started: 2026-02-28 17:47:39
Log file: logs/simulation_20260228_174739.log
======================================================================

Numba Configuration:
  Version: 0.63.1
  Threading layer: default
  Configured threads: 11
  Active threads: 11
----------------------------------------------------------------------

Time step: dt_phys = 1.00e-04, dt (rescaled) = 1.0000e-01
  CFL limit: dt_CFL = 0.5774 (rescaled)
  dt/dt_CFL = 1.7321e-01 (SAFE)

Hubble expansion: ENABLED (comoving lattice)
  g_* = 106.75, M_Pl = 2.40e+18 GeV, ΔV = 1.00e+28 GeV^4
  H² = (T⁴/χ_g² + ΔV) / (3 M_Pl²)
  H(T0=7405.0) = 2.4056e-05 GeV
  3H = 7.2169e-05 GeV
  η_phys = 1000 GeV  →  3H/η = 7.22e-08
  T(t) = T0 / a(t)  (entropy conservation)
  Initial a = 1.0
Field precision: float32
Tree-level VEV: ±1.0000e+11
Couplings: boson=1.09, fermion=1.09

Finding thermal VEV at T = 7405.0...
  V'(0) = 1.7462e-06
  V'(VEV) = 7.3073e-31
  Thermal VEV found: 1.0000e+11
  Ratio thermal/tree: 1.0000

Finding escape point...
  V'(1e-10) = 1.7462e-06
  V'(1e0)   = 1.7462e+04
  V'(1e5)   = -9.9981e+10
  V'(1e8)   = -1.0000e+14
  V'(1e10)  = -9.9000e+15
  Barrier found between 2.2355e+03 and 2.3518e+03
  Barrier top at: 2.2423e+03
  Escape point: 2.4665e+03
  V'(escape) = -9.4263e+06 (should be < 0)

Using TREE-LEVEL VEV for seeding: 1.0000e+11
The bubble is seeded at the true vacuum (no rolling needed).
Bubble seeding: DISABLED (thermal nucleation only)
Field states will be saved to: data/set6/256x256x256_T0_7405_dx_0.001_dtphys_0.0001_interval_10000_3D_hubble_eta_1000_gb_1.09_gf_1.09_rk2_fused_table/field_states
Figures will be saved to: data/set6/256x256x256_T0_7405_dx_0.001_dtphys_0.0001_interval_10000_3D_hubble_eta_1000_gb_1.09_gf_1.09_rk2_fused_table/figs/latticeSnapshot

============================================================
Starting time evolution...
Grid: 256×256×256, Steps: 100000, dt: 1.00e-01
Integrator: rk2_fused_table
Using Vprime lookup table: True (size=16384)
Using in-kernel RNG: True
Field precision: float32
Spline resolution N_Y: 256
Bubble seeding: DISABLED
Thermal noise: ENABLED (FDT noise_scale(T0) = 1.2170e+03)
Overdamped mode: DISABLED (η = 1000)
Hubble expansion: ENABLED
  H(T0) = 2.4056e-05 GeV, 3H/η = 7.22e-08
  g_* = 106.75, M_Pl = 2.40e+18 GeV
============================================================

Warming up JIT compilation...
JIT warmup complete.
Starting main loop...

Dense snapshots: enabled (threshold=50000.0, interval=10)
Step 0/100000 | t=0.00e+00 | T=7405.0 | a=1.000000 | H=2.41e-05 | 4.3 steps/s | 233.26 ms/step | ETA: 388.8 min
Step 10000/100000 | t=1.00e+00 | T=7404.8 | a=1.000024 | H=2.41e-05 | 13.1 steps/s | 76.36 ms/step | ETA: 114.5 min
Step 20000/100000 | t=2.00e+00 | T=7404.6 | a=1.000048 | H=2.41e-05 | 13.1 steps/s | 76.27 ms/step | ETA: 101.7 min
Step 30000/100000 | t=3.00e+00 | T=7404.5 | a=1.000072 | H=2.41e-05 | 13.1 steps/s | 76.20 ms/step | ETA: 88.9 min
Step 40000/100000 | t=4.00e+00 | T=7404.3 | a=1.000096 | H=2.41e-05 | 13.1 steps/s | 76.21 ms/step | ETA: 76.2 min
Step 50000/100000 | t=5.00e+00 | T=7404.1 | a=1.000120 | H=2.41e-05 | 13.1 steps/s | 76.15 ms/step | ETA: 63.5 min
Step 60000/100000 | t=6.00e+00 | T=7403.9 | a=1.000144 | H=2.41e-05 | 13.1 steps/s | 76.16 ms/step | ETA: 50.8 min
Step 70000/100000 | t=7.00e+00 | T=7403.8 | a=1.000168 | H=2.41e-05 | 13.1 steps/s | 76.19 ms/step | ETA: 38.1 min
Step 80000/100000 | t=8.00e+00 | T=7403.6 | a=1.000192 | H=2.41e-05 | 13.1 steps/s | 76.18 ms/step | ETA: 25.4 min
Step 90000/100000 | t=9.00e+00 | T=7403.4 | a=1.000217 | H=2.41e-05 | 13.1 steps/s | 76.19 ms/step | ETA: 12.7 min

============================================================
SIMULATION FINISHED!
============================================================

Timing:
  Total time: 127.04 minutes (7622.4 seconds)
  Average: 13.1 steps/second
  Time per step: 76.224 ms

Simulation Parameters:
  Grid: 256×256×256
  Total steps: 100,000
  Initial temperature: 7405.0
  Cooling rate: 0.001
  dx_phys: 0.001
  dt_phys: 0.0001

Optimizations Used:
  Single-pass fused RK2: True
  Fused RK2: False
  Vprime table: True (size=16384)
  In-kernel RNG: True
  Field precision: float32
  Spline resolution (N_Y): 256
  Numba threads: 11

Output:
  Snapshots saved: data/set6/256x256x256_T0_7405_dx_0.001_dtphys_0.0001_interval_10000_3D_hubble_eta_1000_gb_1.09_gf_1.09_rk2_fused_table
  Snapshot interval: every 10000 steps
  Total snapshots: 10

Completed: 2026-02-28 19:54:43

Metadata saved to: data/set6/256x256x256_T0_7405_dx_0.001_dtphys_0.0001_interval_10000_3D_hubble_eta_1000_gb_1.09_gf_1.09_rk2_fused_table/simulation_metadata.npz
Field states saved to: data/set6/256x256x256_T0_7405_dx_0.001_dtphys_0.0001_interval_10000_3D_hubble_eta_1000_gb_1.09_gf_1.09_rk2_fused_table/field_states/
Use revisualize_snapshots.py to replot with different settings
============================================================
