======================================================================
LATTICE SIMULATION LOG
Started: 2026-02-21 11:00:04
Log file: logs/simulation_20260221_110004.log
======================================================================

Numba Configuration:
  Version: 0.63.1
  Threading layer: default
  Configured threads: 11
  Active threads: 11
----------------------------------------------------------------------

Hubble expansion: ENABLED (comoving lattice)
  g_* = 106.75, M_Pl = 2.40e+18 GeV, ΔV = 1.00e+28 GeV^4
  H² = (T⁴/χ_g² + ΔV) / (3 M_Pl²)
  H(T0=7347.0) = 2.4056e-05 GeV
  3H = 7.2169e-05 GeV
  η_phys = 0.3 GeV  →  3H/η = 2.41e-04
  T(t) = T0 / a(t)  (entropy conservation)
  Initial a = 1.0
Field precision: float32
Tree-level VEV: ±1.0000e+11

Finding thermal VEV at T = 7347.0...
  V'(0) = 1.3233e-07
  V'(VEV) = 7.1369e-31
  Thermal VEV found: 1.0000e+11
  Ratio thermal/tree: 1.0000

Finding escape point...
  V'(1e-10) = 1.3233e-07
  V'(1e0)   = 1.3233e+03
  V'(1e5)   = -9.9983e+10
  V'(1e8)   = -1.0000e+14
  V'(1e10)  = -9.9000e+15
  Barrier found between 6.2876e+02 and 6.6149e+02
  Barrier top at: 6.3161e+02
  Escape point: 6.9477e+02
  V'(escape) = -1.9428e+05 (should be < 0)

Using TREE-LEVEL VEV for seeding: 1.0000e+11
The bubble is seeded at the true vacuum (no rolling needed).
Bubble seeding: DISABLED (thermal nucleation only)
Field states will be saved to: data/set6/128x128x128_T0_7347_dx_0.005_dtphys_2.5e-07_interval_50000_3D_hubble_eta_0.3/field_states
Figures will be saved to: data/set6/128x128x128_T0_7347_dx_0.005_dtphys_2.5e-07_interval_50000_3D_hubble_eta_0.3/figs/latticeSnapshot

============================================================
RESUMING FROM CHECKPOINT
============================================================
  File: data/set6/128x128x128_T0_7347_dx_0.005_dtphys_2.5e-07_interval_50000_3D_hubble_eta_0.3/field_states/state_step_0000050000.npz
  Step: 50000  ->  resuming from step 50000
  Time: 1.250000e-02 (physical)
  Temperature: 7347.0
  phi range: [-3.8638e-02, 3.4889e-02]
  scale_factor: 1.0000003007
  Remaining steps: 999,950,000
============================================================


============================================================
Starting time evolution...
Grid: 128×128×128, Steps: 1000000000, dt: 2.50e-04
Using fused RK2: True
Using in-kernel RNG: True
Field precision: float32
Spline resolution N_Y: 256
Bubble seeding: DISABLED
Thermal noise: ENABLED (FDT noise_scale(T0) = 2.9692e-06)
Overdamped mode: DISABLED (η = 0.3)
Hubble expansion: ENABLED
  H(T0) = 2.4056e-05 GeV, 3H/η = 2.41e-04
  g_* = 106.75, M_Pl = 2.40e+18 GeV
============================================================

Warming up JIT compilation...
JIT warmup complete.
Starting main loop...

Step 50000/1000000000 | t=1.25e-02 | T=7347.0 | a=1.000000 | H=2.41e-05 | 11.6 steps/s | 86.12 ms/step | ETA: 1435180.3 min
Step 100000/1000000000 | t=2.50e-02 | T=7347.0 | a=1.000001 | H=2.41e-05 | 14.5 steps/s | 68.94 ms/step | ETA: 1148903.4 min
Step 150000/1000000000 | t=3.75e-02 | T=7347.0 | a=1.000001 | H=2.41e-05 | 14.5 steps/s | 68.96 ms/step | ETA: 1149113.0 min
Step 200000/1000000000 | t=5.00e-02 | T=7347.0 | a=1.000001 | H=2.41e-05 | 14.5 steps/s | 69.06 ms/step | ETA: 1150837.0 min
Step 250000/1000000000 | t=6.25e-02 | T=7347.0 | a=1.000002 | H=2.41e-05 | 14.5 steps/s | 68.95 ms/step | ETA: 1148950.3 min
Step 300000/1000000000 | t=7.50e-02 | T=7347.0 | a=1.000002 | H=2.41e-05 | 14.5 steps/s | 68.97 ms/step | ETA: 1149134.0 min
Step 350000/1000000000 | t=8.75e-02 | T=7347.0 | a=1.000002 | H=2.41e-05 | 14.5 steps/s | 68.99 ms/step | ETA: 1149455.1 min
Step 400000/1000000000 | t=1.00e-01 | T=7347.0 | a=1.000002 | H=2.41e-05 | 14.5 steps/s | 69.02 ms/step | ETA: 1149790.0 min
Step 450000/1000000000 | t=1.13e-01 | T=7347.0 | a=1.000003 | H=2.41e-05 | 14.5 steps/s | 69.03 ms/step | ETA: 1149981.2 min
