======================================================================
LATTICE SIMULATION LOG
Started: 2026-01-30 08:00:47
Log file: logs/simulation_20260130_080047.log
======================================================================

Numba Configuration:
  Version: 0.63.1
  Threading layer: default
  Configured threads: 11
  Active threads: 11
----------------------------------------------------------------------
Field precision: float32
VEV (true vacuum): ±1.0000e+11

============================================================
BUBBLE SEEDING ENABLED
============================================================
Number of bubbles: 1
Profile type: tanh
Wall width: 10.0 lattice units
VEV magnitude: 1.0000e+11
------------------------------------------------------------
  Seeded bubble: center=(128, 128), radius=5, sign=+, profile=tanh
------------------------------------------------------------
Field after seeding: min=-3.0708e-02, max=7.3106e+10
============================================================

Field states will be saved to: data/set6/T0_7375_dt_1e-05_a_0.001_interval_100000_seeded_1bubbles/field_states
Figures will be saved to: data/set6/T0_7375_dt_1e-05_a_0.001_interval_100000_seeded_1bubbles/figs/latticeSnapshot

============================================================
Starting time evolution...
Grid: 256×256, Steps: 100000000, dt: 1.00e-05
Using fused RK2: True
Using in-kernel RNG: True
Field precision: float32
Spline resolution N_Y: 256
Bubble seeding: ENABLED (1 bubbles)
  Bubble 1: (128, 128), R=5, +VEV
============================================================

Warming up JIT compilation...
JIT warmup complete. Starting main loop...

Step 0/100000000 | t=0.00e+00 | T=7375.0 | 305.3 steps/s | 0.00 ms/step | ETA: 0.0 min
Step 100000/100000000 | t=1.00e-03 | T=7375.0 | 467.9 steps/s | 2.14 ms/step | ETA: 3558.1 min
Step 200000/100000000 | t=2.00e-03 | T=7375.0 | 468.2 steps/s | 2.14 ms/step | ETA: 3553.0 min
Step 300000/100000000 | t=3.00e-03 | T=7375.0 | 471.1 steps/s | 2.12 ms/step | ETA: 3527.6 min
Step 400000/100000000 | t=4.00e-03 | T=7375.0 | 472.1 steps/s | 2.12 ms/step | ETA: 3516.4 min
Step 500000/100000000 | t=5.00e-03 | T=7375.0 | 472.7 steps/s | 2.12 ms/step | ETA: 3507.9 min
Step 600000/100000000 | t=6.00e-03 | T=7375.0 | 473.6 steps/s | 2.11 ms/step | ETA: 3498.0 min
