======================================================================
LATTICE SIMULATION LOG
Started: 2026-01-15 16:33:58
Log file: logs/simulation_20260115_163358.log
======================================================================

Numba Configuration:
  Version: 0.63.1
  Threading layer: default
  Configured threads: 11
  Active threads: 11
----------------------------------------------------------------------
Field precision: float32
Field states will be saved to: data/latticeSim_rescaled_numba/set6/T0_7330_dt_1e-05_a_0.001_interval_500000/field_states

============================================================
Starting time evolution...
Grid: 128×128, Steps: 100000000, dt: 1.00e-05
Using fused RK2: True
Using in-kernel RNG: True
Field precision: float32
Spline resolution N_Y: 256
============================================================

Warming up JIT compilation...
JIT warmup complete. Starting main loop...

Step 0/100000000 | t=0.00e+00 | T=7330.0 | 1018.5 steps/s | 0.00 ms/step | ETA: 0.0 min
