======================================================================
LATTICE SIMULATION LOG
Started: 2026-02-23 14:14:34
Log file: logs/simulation_20260223_141434.log
======================================================================

Numba Configuration:
  Version: 0.63.1
  Threading layer: default
  Configured threads: 11
  Active threads: 11
----------------------------------------------------------------------

Time step: dt_phys = 3.00e-04, dt (rescaled) = 3.0000e-01
  CFL limit: dt_CFL = 0.5774 (rescaled)
  dt/dt_CFL = 5.1962e-01 (SAFE)

Hubble expansion: ENABLED (comoving lattice)
  g_* = 106.75, M_Pl = 2.40e+18 GeV, ΔV = 1.00e+28 GeV^4
  H² = (T⁴/χ_g² + ΔV) / (3 M_Pl²)
  H(T0=7360.0) = 2.4056e-05 GeV
  3H = 7.2169e-05 GeV
  η_phys = 0.3 GeV  →  3H/η = 2.41e-04
  T(t) = T0 / a(t)  (entropy conservation)
  Initial a = 1.0
Field precision: float32
Tree-level VEV: ±1.0000e+11

Finding thermal VEV at T = 7360.0...
  V'(0) = 4.9296e-07
  V'(VEV) = 7.1749e-31
  Thermal VEV found: 1.0000e+11
  Ratio thermal/tree: 1.0000

Finding escape point...
  V'(1e-10) = 4.9296e-07
  V'(1e0)   = 4.9296e+03
  V'(1e5)   = -9.9982e+10
  V'(1e8)   = -1.0000e+14
  V'(1e10)  = -9.9000e+15
  Barrier found between 1.1559e+03 and 1.2160e+03
  Barrier top at: 1.2111e+03
  Escape point: 1.3322e+03
  V'(escape) = -1.4064e+06 (should be < 0)

Using TREE-LEVEL VEV for seeding: 1.0000e+11
The bubble is seeded at the true vacuum (no rolling needed).
Bubble seeding: DISABLED (thermal nucleation only)
Field states will be saved to: data/set6/256x256x256_T0_7360_dx_0.001_dtphys_0.0003_interval_100_3D_hubble_eta_0.3/field_states
Figures will be saved to: data/set6/256x256x256_T0_7360_dx_0.001_dtphys_0.0003_interval_100_3D_hubble_eta_0.3/figs/latticeSnapshot

--resume specified but no checkpoints found. Starting from scratch.

============================================================
Starting time evolution...
Grid: 256×256×256, Steps: 10000000000, dt: 3.00e-01
Integrator: BAOAB (2 passes/step, table V')
Using Vprime lookup table: True (size=16384)
Using in-kernel RNG: True
Field precision: float32
Spline resolution N_Y: 256
Bubble seeding: DISABLED
Thermal noise: ENABLED (FDT noise_scale(T0) = 3.6398e+01)
Overdamped mode: DISABLED (η = 0.3)
Hubble expansion: ENABLED
  H(T0) = 2.4056e-05 GeV, 3H/η = 2.41e-04
  g_* = 106.75, M_Pl = 2.40e+18 GeV
============================================================

Warming up JIT compilation...
JIT warmup complete.
Starting main loop...

Step 0/10000000000 | t=0.00e+00 | T=7360.0 | a=1.000000 | H=2.41e-05 | 4.4 steps/s | 224.84 ms/step | ETA: 37472685.2 min
Step 100/10000000000 | t=3.00e-02 | T=7360.0 | a=1.000001 | H=2.41e-05 | 6.3 steps/s | 159.68 ms/step | ETA: 26613310.0 min
Step 200/10000000000 | t=6.00e-02 | T=7360.0 | a=1.000001 | H=2.41e-05 | 5.8 steps/s | 173.54 ms/step | ETA: 28924069.8 min
Step 300/10000000000 | t=9.00e-02 | T=7360.0 | a=1.000002 | H=2.41e-05 | 6.0 steps/s | 167.87 ms/step | ETA: 27978977.6 min
Step 400/10000000000 | t=1.20e-01 | T=7360.0 | a=1.000003 | H=2.41e-05 | 6.1 steps/s | 164.79 ms/step | ETA: 27464640.7 min
Step 500/10000000000 | t=1.50e-01 | T=7360.0 | a=1.000004 | H=2.41e-05 | 6.0 steps/s | 166.53 ms/step | ETA: 27755637.0 min
Step 600/10000000000 | t=1.80e-01 | T=7360.0 | a=1.000004 | H=2.41e-05 | 6.0 steps/s | 165.65 ms/step | ETA: 27608790.4 min
Step 700/10000000000 | t=2.10e-01 | T=7360.0 | a=1.000005 | H=2.41e-05 | 6.1 steps/s | 164.66 ms/step | ETA: 27442988.6 min
Step 800/10000000000 | t=2.40e-01 | T=7360.0 | a=1.000006 | H=2.41e-05 | 6.1 steps/s | 164.86 ms/step | ETA: 27476038.2 min
Step 900/10000000000 | t=2.70e-01 | T=7360.0 | a=1.000007 | H=2.41e-05 | 5.9 steps/s | 168.40 ms/step | ETA: 28066863.2 min
Step 1000/10000000000 | t=3.00e-01 | T=7359.9 | a=1.000007 | H=2.41e-05 | 6.0 steps/s | 168.02 ms/step | ETA: 28004051.1 min
