======================================================================
LATTICE SIMULATION LOG
Started: 2026-01-29 17:07:20
Log file: logs/simulation_20260129_170720.log
======================================================================

Numba Configuration:
  Version: 0.63.1
  Threading layer: default
  Configured threads: 11
  Active threads: 11
----------------------------------------------------------------------
Field precision: float32
VEV (true vacuum): ±1.0000e+11

============================================================
BUBBLE SEEDING ENABLED
============================================================
Number of bubbles: 1
Profile type: tanh
Wall width: 3.0 lattice units
VEV magnitude: 1.0000e+11
------------------------------------------------------------
  Seeded bubble: center=(128, 128), radius=20, sign=+, profile=tanh
------------------------------------------------------------
Field after seeding: min=-4.3315e-02, max=1.0000e+11
============================================================

Field states will be saved to: data/set6/T0_7375_dt_1e-05_a_0.001_interval_50000_seeded_1bubbles/field_states
Figures will be saved to: data/set6/T0_7375_dt_1e-05_a_0.001_interval_50000_seeded_1bubbles/figs/latticeSnapshot

============================================================
Starting time evolution...
Grid: 256×256, Steps: 100000000, dt: 1.00e-05
Using fused RK2: True
Using in-kernel RNG: True
Field precision: float32
Spline resolution N_Y: 256
Bubble seeding: ENABLED (1 bubbles)
  Bubble 1: (128, 128), R=20, +VEV
============================================================

Warming up JIT compilation...
JIT warmup complete. Starting main loop...

Step 0/100000000 | t=0.00e+00 | T=7375.0 | 385.6 steps/s | 0.00 ms/step | ETA: 0.0 min
