======================================================================
LATTICE SIMULATION LOG
Started: 2026-02-26 09:50:12
Log file: logs/simulation_20260226_095012.log
======================================================================

Numba Configuration:
  Version: 0.63.1
  Threading layer: default
  Configured threads: 11
  Active threads: 11
----------------------------------------------------------------------

Time step: dt_phys = 1.00e-04, dt (rescaled) = 1.0000e-01
  CFL limit: dt_CFL = 0.5774 (rescaled)
  dt/dt_CFL = 1.7321e-01 (SAFE)

Hubble expansion: ENABLED (comoving lattice)
  g_* = 106.75, M_Pl = 2.40e+18 GeV, ΔV = 1.00e+28 GeV^4
  H² = (T⁴/χ_g² + ΔV) / (3 M_Pl²)
  H(T0=7410.0) = 2.4056e-05 GeV
  3H = 7.2169e-05 GeV
  η_phys = 5000 GeV  →  3H/η = 1.44e-08
  T(t) = T0 / a(t)  (entropy conservation)
  Initial a = 1.0
Field precision: float32
Tree-level VEV: ±1.0000e+11
Couplings: boson=1.09, fermion=1.09

Finding thermal VEV at T = 7410.0...
  V'(0) = 1.8860e-06
  V'(VEV) = 7.3221e-31
  Thermal VEV found: 1.0000e+11
  Ratio thermal/tree: 1.0000

Finding escape point...
  V'(1e-10) = 1.8860e-06
  V'(1e0)   = 1.8860e+04
  V'(1e5)   = -9.9981e+10
  V'(1e8)   = -1.0000e+14
  V'(1e10)  = -9.9000e+15
  Barrier found between 2.2355e+03 and 2.3518e+03
  Barrier top at: 2.3270e+03
  Escape point: 2.5597e+03
  V'(escape) = -1.0575e+07 (should be < 0)

Using TREE-LEVEL VEV for seeding: 1.0000e+11
The bubble is seeded at the true vacuum (no rolling needed).
Bubble seeding: DISABLED (thermal nucleation only)
Field states will be saved to: data/set6/256x256x256_T0_7410_dx_0.001_dtphys_0.0001_interval_5000_3D_hubble_eta_5000_gb_1.09_gf_1.09_rk2_fused_table/field_states
Figures will be saved to: data/set6/256x256x256_T0_7410_dx_0.001_dtphys_0.0001_interval_5000_3D_hubble_eta_5000_gb_1.09_gf_1.09_rk2_fused_table/figs/latticeSnapshot

============================================================
Starting time evolution...
Grid: 256×256×256, Steps: 10000000000, dt: 1.00e-01
Integrator: rk2_fused_table
Using Vprime lookup table: True (size=16384)
Using in-kernel RNG: True
Field precision: float32
Spline resolution N_Y: 256
Bubble seeding: DISABLED
Thermal noise: ENABLED (FDT noise_scale(T0) = 2.7221e+03)
Overdamped mode: DISABLED (η = 5000)
Hubble expansion: ENABLED
  H(T0) = 2.4056e-05 GeV, 3H/η = 1.44e-08
  g_* = 106.75, M_Pl = 2.40e+18 GeV
============================================================

Warming up JIT compilation...
JIT warmup complete.
Starting main loop...

Dense snapshots: enabled (threshold=10000.0, interval=100)
Step 0/10000000000 | t=0.00e+00 | T=7410.0 | a=1.000000 | H=2.41e-05 | 3.0 steps/s | 338.43 ms/step | ETA: 56404670.1 min
Step 5000/10000000000 | t=5.00e-01 | T=7409.9 | a=1.000012 | H=2.41e-05 | 11.6 steps/s | 86.50 ms/step | ETA: 14417300.5 min
Step 10000/10000000000 | t=1.00e+00 | T=7409.8 | a=1.000024 | H=2.41e-05 | 11.6 steps/s | 86.08 ms/step | ETA: 14345979.7 min
Step 15000/10000000000 | t=1.50e+00 | T=7409.7 | a=1.000036 | H=2.41e-05 | 11.6 steps/s | 85.89 ms/step | ETA: 14314480.6 min
Step 20000/10000000000 | t=2.00e+00 | T=7409.6 | a=1.000048 | H=2.41e-05 | 11.7 steps/s | 85.70 ms/step | ETA: 14283418.2 min
Step 25000/10000000000 | t=2.50e+00 | T=7409.6 | a=1.000060 | H=2.41e-05 | 11.7 steps/s | 85.63 ms/step | ETA: 14272243.5 min
Step 30000/10000000000 | t=3.00e+00 | T=7409.5 | a=1.000072 | H=2.41e-05 | 11.7 steps/s | 85.57 ms/step | ETA: 14261814.4 min
Step 35000/10000000000 | t=3.50e+00 | T=7409.4 | a=1.000084 | H=2.41e-05 | 11.7 steps/s | 85.57 ms/step | ETA: 14261886.9 min
Step 40000/10000000000 | t=4.00e+00 | T=7409.3 | a=1.000096 | H=2.41e-05 | 11.7 steps/s | 85.48 ms/step | ETA: 14245806.7 min
Step 45000/10000000000 | t=4.50e+00 | T=7409.2 | a=1.000108 | H=2.41e-05 | 11.7 steps/s | 85.38 ms/step | ETA: 14230250.8 min
Step 50000/10000000000 | t=5.00e+00 | T=7409.1 | a=1.000120 | H=2.41e-05 | 11.7 steps/s | 85.30 ms/step | ETA: 14215913.4 min
Step 55000/10000000000 | t=5.50e+00 | T=7409.0 | a=1.000132 | H=2.41e-05 | 11.7 steps/s | 85.34 ms/step | ETA: 14223131.2 min
Step 60000/10000000000 | t=6.00e+00 | T=7408.9 | a=1.000144 | H=2.41e-05 | 7.8 steps/s | 127.53 ms/step | ETA: 21254482.1 min
Step 65000/10000000000 | t=6.50e+00 | T=7408.8 | a=1.000156 | H=2.41e-05 | 8.0 steps/s | 125.06 ms/step | ETA: 20843435.0 min
Step 70000/10000000000 | t=7.00e+00 | T=7408.8 | a=1.000168 | H=2.41e-05 | 8.1 steps/s | 123.59 ms/step | ETA: 20598982.3 min
Step 75000/10000000000 | t=7.50e+00 | T=7408.7 | a=1.000180 | H=2.41e-05 | 8.2 steps/s | 122.56 ms/step | ETA: 20427085.0 min

*** phi threshold exceeded: max|phi|=10094.7 > 10000.0
*** Switching to dense snapshots: every 100 steps

Step 78000/10000000000 | t=7.80e+00 | T=7408.6 | a=1.000188 | H=2.41e-05 | 8.3 steps/s | 121.07 ms/step | ETA: 20177695.1 min
Step 78100/10000000000 | t=7.81e+00 | T=7408.6 | a=1.000188 | H=2.41e-05 | 8.3 steps/s | 121.09 ms/step | ETA: 20181983.6 min
Step 78200/10000000000 | t=7.82e+00 | T=7408.6 | a=1.000188 | H=2.41e-05 | 8.3 steps/s | 121.13 ms/step | ETA: 20187916.7 min
Step 78300/10000000000 | t=7.83e+00 | T=7408.6 | a=1.000188 | H=2.41e-05 | 8.2 steps/s | 121.23 ms/step | ETA: 20205117.8 min
