======================================================================
LATTICE SIMULATION LOG
Started: 2026-01-30 13:54:53
Log file: logs/simulation_20260130_135453.log
======================================================================

Numba Configuration:
  Version: 0.63.1
  Threading layer: default
  Configured threads: 11
  Active threads: 11
----------------------------------------------------------------------
OVERDAMPED MODE: η = 50.0 (rescaled: 5.00e-02)
Field precision: float32
VEV (true vacuum): ±1.0000e+11

============================================================
BUBBLE SEEDING ENABLED
============================================================
Number of bubbles: 1
Profile type: tanh
Wall width: 20.0 lattice units
VEV magnitude: 1.0000e+11
------------------------------------------------------------
  Seeded bubble: center=(128, 128), radius=40, sign=+, profile=tanh
------------------------------------------------------------
Field after seeding: min=7.5094e+04, max=9.8201e+10
============================================================

Field states will be saved to: data/set6/T0_7300_dt_1e-05_a_0.001_interval_100000_seeded_1bubbles/field_states
Figures will be saved to: data/set6/T0_7300_dt_1e-05_a_0.001_interval_100000_seeded_1bubbles/figs/latticeSnapshot

============================================================
Starting time evolution...
Grid: 256×256, Steps: 100000000, dt: 1.00e-05
Using fused RK2: True
Using in-kernel RNG: True
Field precision: float32
Spline resolution N_Y: 256
Bubble seeding: ENABLED (1 bubbles)
  Bubble 1: (128, 128), R=40, +VEV
Thermal noise: DISABLED (deterministic evolution)
Overdamped mode: ENABLED (η = 50.0, no ringing)
============================================================

Warming up JIT compilation...
JIT warmup complete.
Starting main loop...

Step 0/100000000 | t=0.00e+00 | T=7300.0 | 678.9 steps/s | 0.00 ms/step | ETA: 0.0 min
Step 100000/100000000 | t=1.00e-03 | T=7300.0 | 571.7 steps/s | 1.75 ms/step | ETA: 2912.5 min
