======================================================================
LATTICE SIMULATION LOG
Started: 2026-02-20 15:42:04
Log file: logs/simulation_20260220_154204.log
======================================================================

Numba Configuration:
  Version: 0.63.1
  Threading layer: default
  Configured threads: 11
  Active threads: 11
----------------------------------------------------------------------

Hubble expansion: ENABLED (comoving lattice)
  g_* = 106.75, M_Pl = 2.40e+18 GeV, ΔV = 1.00e+28 GeV^4
  H² = (T⁴/χ_g² + ΔV) / (3 M_Pl²)
  H(T0=7350.0) = 2.4056e-05 GeV
  3H = 7.2169e-05 GeV
  η_phys = 0.3 GeV  →  3H/η = 2.41e-04
  T(t) = T0 / a(t)  (entropy conservation)
  Initial a = 1.0
Field precision: float32
Tree-level VEV: ±1.0000e+11

Finding thermal VEV at T = 7350.0...
  V'(0) = 2.1550e-07
  V'(VEV) = 7.1457e-31
  Thermal VEV found: 1.0000e+11
  Ratio thermal/tree: 1.0000

Finding escape point...
  V'(1e-10) = 2.1550e-07
  V'(1e0)   = 2.1550e+03
  V'(1e5)   = -9.9983e+10
  V'(1e8)   = -1.0000e+14
  V'(1e10)  = -9.9000e+15
  Barrier found between 7.7025e+02 and 8.1034e+02
  Barrier top at: 8.0472e+02
  Escape point: 8.8519e+02
  V'(escape) = -4.0450e+05 (should be < 0)

Using TREE-LEVEL VEV for seeding: 1.0000e+11
The bubble is seeded at the true vacuum (no rolling needed).
Bubble seeding: DISABLED (thermal nucleation only)
Field states will be saved to: data/set6/256x256_T0_7350_dx_0.005_dtphys_2.5e-07_interval_50000_hubble_eta_0.3/field_states
Figures will be saved to: data/set6/256x256_T0_7350_dx_0.005_dtphys_2.5e-07_interval_50000_hubble_eta_0.3/figs/latticeSnapshot

============================================================
RESUMING FROM CHECKPOINT
============================================================
  File: data/set6/256x256_T0_7350_dx_0.005_dtphys_2.5e-07_interval_50000_hubble_eta_0.3/field_states/state_step_0001500000.npz
  Step: 1500000  ->  resuming from step 1550000
  Time: 3.750000e-01 (physical)
  Temperature: 7349.9
  phi range: [-9.1810e-02, 8.4885e-02]
  scale_factor: 1.0000090211
  Remaining steps: 998,450,000
============================================================


============================================================
Starting time evolution...
Grid: 256×256, Steps: 1000000000, dt: 2.50e-04
Using fused RK2: True
Using in-kernel RNG: True
Field precision: float32
Spline resolution N_Y: 256
Bubble seeding: DISABLED
Thermal noise: ENABLED (FDT noise_scale(T0) = 6.6408e-06)
Overdamped mode: DISABLED (η = 0.3)
Hubble expansion: ENABLED
  H(T0) = 2.4056e-05 GeV, 3H/η = 2.41e-04
  g_* = 106.75, M_Pl = 2.40e+18 GeV
============================================================

Warming up JIT compilation...
JIT warmup complete.
Starting main loop...

Step 1550000/1000000000 | t=3.88e-01 | T=7349.9 | a=1.000009 | H=2.41e-05 | 414.9 steps/s | 2.41 ms/step | ETA: 40103.3 min
Step 1600000/1000000000 | t=4.00e-01 | T=7349.9 | a=1.000009 | H=2.41e-05 | 416.2 steps/s | 2.40 ms/step | ETA: 39977.1 min
Step 1650000/1000000000 | t=4.13e-01 | T=7349.9 | a=1.000010 | H=2.41e-05 | 404.3 steps/s | 2.47 ms/step | ETA: 41150.5 min
Step 1700000/1000000000 | t=4.25e-01 | T=7349.9 | a=1.000010 | H=2.41e-05 | 406.5 steps/s | 2.46 ms/step | ETA: 40932.3 min
Step 1750000/1000000000 | t=4.38e-01 | T=7349.9 | a=1.000010 | H=2.41e-05 | 406.3 steps/s | 2.46 ms/step | ETA: 40950.6 min
Step 1800000/1000000000 | t=4.50e-01 | T=7349.9 | a=1.000011 | H=2.41e-05 | 191.8 steps/s | 5.22 ms/step | ETA: 86761.1 min
Step 1850000/1000000000 | t=4.63e-01 | T=7349.9 | a=1.000011 | H=2.41e-05 | 207.9 steps/s | 4.81 ms/step | ETA: 80002.6 min
Step 1900000/1000000000 | t=4.75e-01 | T=7349.9 | a=1.000011 | H=2.41e-05 | 221.2 steps/s | 4.52 ms/step | ETA: 75193.1 min
Step 1950000/1000000000 | t=4.88e-01 | T=7349.9 | a=1.000011 | H=2.41e-05 | 232.5 steps/s | 4.30 ms/step | ETA: 71533.7 min
Step 2000000/1000000000 | t=5.00e-01 | T=7349.9 | a=1.000012 | H=2.41e-05 | 242.1 steps/s | 4.13 ms/step | ETA: 68716.8 min
Step 2050000/1000000000 | t=5.13e-01 | T=7349.9 | a=1.000012 | H=2.41e-05 | 250.6 steps/s | 3.99 ms/step | ETA: 66359.2 min
Step 2100000/1000000000 | t=5.25e-01 | T=7349.9 | a=1.000012 | H=2.41e-05 | 257.3 steps/s | 3.89 ms/step | ETA: 64631.3 min
Step 2150000/1000000000 | t=5.38e-01 | T=7349.9 | a=1.000013 | H=2.41e-05 | 213.7 steps/s | 4.68 ms/step | ETA: 77819.7 min
Step 2200000/1000000000 | t=5.50e-01 | T=7349.9 | a=1.000013 | H=2.41e-05 | 221.0 steps/s | 4.53 ms/step | ETA: 75260.2 min
Step 2250000/1000000000 | t=5.63e-01 | T=7349.9 | a=1.000013 | H=2.41e-05 | 192.7 steps/s | 5.19 ms/step | ETA: 86317.3 min
Step 2300000/1000000000 | t=5.75e-01 | T=7349.9 | a=1.000014 | H=2.41e-05 | 198.7 steps/s | 5.03 ms/step | ETA: 83668.1 min
Step 2350000/1000000000 | t=5.88e-01 | T=7349.9 | a=1.000014 | H=2.41e-05 | 204.4 steps/s | 4.89 ms/step | ETA: 81361.9 min
Step 2400000/1000000000 | t=6.00e-01 | T=7349.9 | a=1.000014 | H=2.41e-05 | 206.5 steps/s | 4.84 ms/step | ETA: 80526.4 min
Step 2450000/1000000000 | t=6.13e-01 | T=7349.9 | a=1.000014 | H=2.41e-05 | 211.3 steps/s | 4.73 ms/step | ETA: 78679.0 min
Step 2500000/1000000000 | t=6.25e-01 | T=7349.9 | a=1.000015 | H=2.41e-05 | 215.8 steps/s | 4.63 ms/step | ETA: 77045.3 min
Step 2550000/1000000000 | t=6.38e-01 | T=7349.9 | a=1.000015 | H=2.41e-05 | 220.1 steps/s | 4.54 ms/step | ETA: 75534.3 min
Step 2600000/1000000000 | t=6.50e-01 | T=7349.9 | a=1.000015 | H=2.41e-05 | 224.2 steps/s | 4.46 ms/step | ETA: 74156.3 min
Step 2650000/1000000000 | t=6.63e-01 | T=7349.9 | a=1.000016 | H=2.41e-05 | 219.5 steps/s | 4.56 ms/step | ETA: 75731.8 min
Step 2700000/1000000000 | t=6.75e-01 | T=7349.9 | a=1.000016 | H=2.41e-05 | 223.1 steps/s | 4.48 ms/step | ETA: 74516.6 min
Step 2750000/1000000000 | t=6.88e-01 | T=7349.9 | a=1.000016 | H=2.41e-05 | 226.5 steps/s | 4.42 ms/step | ETA: 73381.3 min
Step 2800000/1000000000 | t=7.00e-01 | T=7349.9 | a=1.000017 | H=2.41e-05 | 226.9 steps/s | 4.41 ms/step | ETA: 73251.8 min
Step 2850000/1000000000 | t=7.13e-01 | T=7349.9 | a=1.000017 | H=2.41e-05 | 133.0 steps/s | 7.52 ms/step | ETA: 124959.3 min
Step 2900000/1000000000 | t=7.25e-01 | T=7349.9 | a=1.000017 | H=2.41e-05 | 136.3 steps/s | 7.33 ms/step | ETA: 121882.5 min
Step 2950000/1000000000 | t=7.38e-01 | T=7349.9 | a=1.000017 | H=2.41e-05 | 139.7 steps/s | 7.16 ms/step | ETA: 118993.6 min
Step 3000000/1000000000 | t=7.50e-01 | T=7349.9 | a=1.000018 | H=2.41e-05 | 142.9 steps/s | 7.00 ms/step | ETA: 116285.3 min
Step 3050000/1000000000 | t=7.63e-01 | T=7349.9 | a=1.000018 | H=2.41e-05 | 146.1 steps/s | 6.85 ms/step | ETA: 113768.0 min
Step 3100000/1000000000 | t=7.75e-01 | T=7349.9 | a=1.000018 | H=2.41e-05 | 149.1 steps/s | 6.71 ms/step | ETA: 111404.8 min
Step 3150000/1000000000 | t=7.88e-01 | T=7349.9 | a=1.000019 | H=2.41e-05 | 152.2 steps/s | 6.57 ms/step | ETA: 109191.2 min
Step 3200000/1000000000 | t=8.00e-01 | T=7349.9 | a=1.000019 | H=2.41e-05 | 155.1 steps/s | 6.45 ms/step | ETA: 107110.6 min
Step 3250000/1000000000 | t=8.13e-01 | T=7349.9 | a=1.000019 | H=2.41e-05 | 158.0 steps/s | 6.33 ms/step | ETA: 105137.8 min
Step 3300000/1000000000 | t=8.25e-01 | T=7349.9 | a=1.000020 | H=2.41e-05 | 160.9 steps/s | 6.22 ms/step | ETA: 103258.1 min
Step 3350000/1000000000 | t=8.38e-01 | T=7349.9 | a=1.000020 | H=2.41e-05 | 163.6 steps/s | 6.11 ms/step | ETA: 101538.7 min
Step 3400000/1000000000 | t=8.50e-01 | T=7349.9 | a=1.000020 | H=2.41e-05 | 166.2 steps/s | 6.02 ms/step | ETA: 99931.4 min
Step 3450000/1000000000 | t=8.63e-01 | T=7349.8 | a=1.000020 | H=2.41e-05 | 168.8 steps/s | 5.92 ms/step | ETA: 98404.9 min
Step 3500000/1000000000 | t=8.75e-01 | T=7349.8 | a=1.000021 | H=2.41e-05 | 171.3 steps/s | 5.84 ms/step | ETA: 96970.9 min
Step 3550000/1000000000 | t=8.88e-01 | T=7349.8 | a=1.000021 | H=2.41e-05 | 173.7 steps/s | 5.76 ms/step | ETA: 95607.5 min
Step 3600000/1000000000 | t=9.00e-01 | T=7349.8 | a=1.000021 | H=2.41e-05 | 176.1 steps/s | 5.68 ms/step | ETA: 94315.5 min
Step 3650000/1000000000 | t=9.13e-01 | T=7349.8 | a=1.000022 | H=2.41e-05 | 178.4 steps/s | 5.61 ms/step | ETA: 93075.7 min
Step 3700000/1000000000 | t=9.25e-01 | T=7349.8 | a=1.000022 | H=2.41e-05 | 180.7 steps/s | 5.53 ms/step | ETA: 91905.2 min
Step 3750000/1000000000 | t=9.38e-01 | T=7349.8 | a=1.000022 | H=2.41e-05 | 182.9 steps/s | 5.47 ms/step | ETA: 90795.4 min
Step 3800000/1000000000 | t=9.50e-01 | T=7349.8 | a=1.000023 | H=2.41e-05 | 185.1 steps/s | 5.40 ms/step | ETA: 89715.6 min
Step 3850000/1000000000 | t=9.63e-01 | T=7349.8 | a=1.000023 | H=2.41e-05 | 187.2 steps/s | 5.34 ms/step | ETA: 88689.2 min
Step 3900000/1000000000 | t=9.75e-01 | T=7349.8 | a=1.000023 | H=2.41e-05 | 189.3 steps/s | 5.28 ms/step | ETA: 87698.9 min
Step 3950000/1000000000 | t=9.88e-01 | T=7349.8 | a=1.000023 | H=2.41e-05 | 191.4 steps/s | 5.23 ms/step | ETA: 86743.5 min
Step 4000000/1000000000 | t=1.00e+00 | T=7349.8 | a=1.000024 | H=2.41e-05 | 193.4 steps/s | 5.17 ms/step | ETA: 85832.1 min
Step 4050000/1000000000 | t=1.01e+00 | T=7349.8 | a=1.000024 | H=2.41e-05 | 195.4 steps/s | 5.12 ms/step | ETA: 84962.8 min
Step 4100000/1000000000 | t=1.03e+00 | T=7349.8 | a=1.000024 | H=2.41e-05 | 197.3 steps/s | 5.07 ms/step | ETA: 84114.3 min
Step 4150000/1000000000 | t=1.04e+00 | T=7349.8 | a=1.000025 | H=2.41e-05 | 199.2 steps/s | 5.02 ms/step | ETA: 83304.8 min
Step 4200000/1000000000 | t=1.05e+00 | T=7349.8 | a=1.000025 | H=2.41e-05 | 201.1 steps/s | 4.97 ms/step | ETA: 82533.3 min
Step 4250000/1000000000 | t=1.06e+00 | T=7349.8 | a=1.000025 | H=2.41e-05 | 202.9 steps/s | 4.93 ms/step | ETA: 81784.6 min
Step 4300000/1000000000 | t=1.08e+00 | T=7349.8 | a=1.000026 | H=2.41e-05 | 204.7 steps/s | 4.88 ms/step | ETA: 81051.6 min
Step 4350000/1000000000 | t=1.09e+00 | T=7349.8 | a=1.000026 | H=2.41e-05 | 206.6 steps/s | 4.84 ms/step | ETA: 80336.0 min
Step 4400000/1000000000 | t=1.10e+00 | T=7349.8 | a=1.000026 | H=2.41e-05 | 208.3 steps/s | 4.80 ms/step | ETA: 79655.1 min
Step 4450000/1000000000 | t=1.11e+00 | T=7349.8 | a=1.000026 | H=2.41e-05 | 210.0 steps/s | 4.76 ms/step | ETA: 78999.5 min
Step 4500000/1000000000 | t=1.13e+00 | T=7349.8 | a=1.000027 | H=2.41e-05 | 211.8 steps/s | 4.72 ms/step | ETA: 78352.5 min
Step 4550000/1000000000 | t=1.14e+00 | T=7349.8 | a=1.000027 | H=2.41e-05 | 213.4 steps/s | 4.69 ms/step | ETA: 77731.3 min
Step 4600000/1000000000 | t=1.15e+00 | T=7349.8 | a=1.000027 | H=2.41e-05 | 215.1 steps/s | 4.65 ms/step | ETA: 77134.1 min
Step 4650000/1000000000 | t=1.16e+00 | T=7349.8 | a=1.000028 | H=2.41e-05 | 216.6 steps/s | 4.62 ms/step | ETA: 76572.8 min
Step 4700000/1000000000 | t=1.18e+00 | T=7349.8 | a=1.000028 | H=2.41e-05 | 218.2 steps/s | 4.58 ms/step | ETA: 76036.4 min
Step 4750000/1000000000 | t=1.19e+00 | T=7349.8 | a=1.000028 | H=2.41e-05 | 219.7 steps/s | 4.55 ms/step | ETA: 75514.1 min
Step 4800000/1000000000 | t=1.20e+00 | T=7349.8 | a=1.000029 | H=2.41e-05 | 221.1 steps/s | 4.52 ms/step | ETA: 75008.9 min
Step 4850000/1000000000 | t=1.21e+00 | T=7349.8 | a=1.000029 | H=2.41e-05 | 222.6 steps/s | 4.49 ms/step | ETA: 74524.3 min
Step 4900000/1000000000 | t=1.23e+00 | T=7349.8 | a=1.000029 | H=2.41e-05 | 224.0 steps/s | 4.47 ms/step | ETA: 74053.6 min
Step 4950000/1000000000 | t=1.24e+00 | T=7349.8 | a=1.000029 | H=2.41e-05 | 225.3 steps/s | 4.44 ms/step | ETA: 73597.3 min
Step 5000000/1000000000 | t=1.25e+00 | T=7349.8 | a=1.000030 | H=2.41e-05 | 226.7 steps/s | 4.41 ms/step | ETA: 73139.1 min
Step 5050000/1000000000 | t=1.26e+00 | T=7349.8 | a=1.000030 | H=2.41e-05 | 228.1 steps/s | 4.38 ms/step | ETA: 72691.8 min
Step 5100000/1000000000 | t=1.28e+00 | T=7349.8 | a=1.000030 | H=2.41e-05 | 229.5 steps/s | 4.36 ms/step | ETA: 72262.1 min
Step 5150000/1000000000 | t=1.29e+00 | T=7349.8 | a=1.000031 | H=2.41e-05 | 230.8 steps/s | 4.33 ms/step | ETA: 71845.7 min
Step 5200000/1000000000 | t=1.30e+00 | T=7349.8 | a=1.000031 | H=2.41e-05 | 232.1 steps/s | 4.31 ms/step | ETA: 71432.3 min
Step 5250000/1000000000 | t=1.31e+00 | T=7349.8 | a=1.000031 | H=2.41e-05 | 233.4 steps/s | 4.28 ms/step | ETA: 71031.3 min
Step 5300000/1000000000 | t=1.33e+00 | T=7349.8 | a=1.000032 | H=2.41e-05 | 234.7 steps/s | 4.26 ms/step | ETA: 70643.4 min
Step 5350000/1000000000 | t=1.34e+00 | T=7349.8 | a=1.000032 | H=2.41e-05 | 235.9 steps/s | 4.24 ms/step | ETA: 70263.2 min
Step 5400000/1000000000 | t=1.35e+00 | T=7349.8 | a=1.000032 | H=2.41e-05 | 237.2 steps/s | 4.22 ms/step | ETA: 69894.6 min
Step 5450000/1000000000 | t=1.36e+00 | T=7349.8 | a=1.000032 | H=2.41e-05 | 238.4 steps/s | 4.19 ms/step | ETA: 69530.6 min
Step 5500000/1000000000 | t=1.38e+00 | T=7349.8 | a=1.000033 | H=2.41e-05 | 239.6 steps/s | 4.17 ms/step | ETA: 69178.2 min
Step 5550000/1000000000 | t=1.39e+00 | T=7349.8 | a=1.000033 | H=2.41e-05 | 240.8 steps/s | 4.15 ms/step | ETA: 68837.3 min
Step 5600000/1000000000 | t=1.40e+00 | T=7349.8 | a=1.000033 | H=2.41e-05 | 241.9 steps/s | 4.13 ms/step | ETA: 68502.1 min
Step 5650000/1000000000 | t=1.41e+00 | T=7349.8 | a=1.000034 | H=2.41e-05 | 243.1 steps/s | 4.11 ms/step | ETA: 68174.8 min
Step 5700000/1000000000 | t=1.43e+00 | T=7349.8 | a=1.000034 | H=2.41e-05 | 244.2 steps/s | 4.10 ms/step | ETA: 67861.7 min
Step 5750000/1000000000 | t=1.44e+00 | T=7349.7 | a=1.000034 | H=2.41e-05 | 245.3 steps/s | 4.08 ms/step | ETA: 67557.6 min
Step 5800000/1000000000 | t=1.45e+00 | T=7349.7 | a=1.000035 | H=2.41e-05 | 246.4 steps/s | 4.06 ms/step | ETA: 67260.4 min
Step 5850000/1000000000 | t=1.46e+00 | T=7349.7 | a=1.000035 | H=2.41e-05 | 247.4 steps/s | 4.04 ms/step | ETA: 66970.2 min
Step 5900000/1000000000 | t=1.48e+00 | T=7349.7 | a=1.000035 | H=2.41e-05 | 248.4 steps/s | 4.03 ms/step | ETA: 66688.1 min
Step 5950000/1000000000 | t=1.49e+00 | T=7349.7 | a=1.000035 | H=2.41e-05 | 249.5 steps/s | 4.01 ms/step | ETA: 66410.4 min
Step 6000000/1000000000 | t=1.50e+00 | T=7349.7 | a=1.000036 | H=2.41e-05 | 250.5 steps/s | 3.99 ms/step | ETA: 66137.4 min
Step 6050000/1000000000 | t=1.51e+00 | T=7349.7 | a=1.000036 | H=2.41e-05 | 251.5 steps/s | 3.98 ms/step | ETA: 65871.6 min
Step 6100000/1000000000 | t=1.53e+00 | T=7349.7 | a=1.000036 | H=2.41e-05 | 252.5 steps/s | 3.96 ms/step | ETA: 65613.3 min
Step 6150000/1000000000 | t=1.54e+00 | T=7349.7 | a=1.000037 | H=2.41e-05 | 253.4 steps/s | 3.95 ms/step | ETA: 65367.8 min
Step 6200000/1000000000 | t=1.55e+00 | T=7349.7 | a=1.000037 | H=2.41e-05 | 254.4 steps/s | 3.93 ms/step | ETA: 65119.6 min
Step 6250000/1000000000 | t=1.56e+00 | T=7349.7 | a=1.000037 | H=2.41e-05 | 255.3 steps/s | 3.92 ms/step | ETA: 64882.2 min
Step 6300000/1000000000 | t=1.58e+00 | T=7349.7 | a=1.000038 | H=2.41e-05 | 256.2 steps/s | 3.90 ms/step | ETA: 64647.6 min
Step 6350000/1000000000 | t=1.59e+00 | T=7349.7 | a=1.000038 | H=2.41e-05 | 257.1 steps/s | 3.89 ms/step | ETA: 64415.5 min
Step 6400000/1000000000 | t=1.60e+00 | T=7349.7 | a=1.000038 | H=2.41e-05 | 258.0 steps/s | 3.88 ms/step | ETA: 64185.6 min
Step 6450000/1000000000 | t=1.61e+00 | T=7349.7 | a=1.000038 | H=2.41e-05 | 258.9 steps/s | 3.86 ms/step | ETA: 63957.7 min
Step 6500000/1000000000 | t=1.63e+00 | T=7349.7 | a=1.000039 | H=2.41e-05 | 259.8 steps/s | 3.85 ms/step | ETA: 63731.3 min
Step 6550000/1000000000 | t=1.64e+00 | T=7349.7 | a=1.000039 | H=2.41e-05 | 260.7 steps/s | 3.84 ms/step | ETA: 63510.5 min
Step 6600000/1000000000 | t=1.65e+00 | T=7349.7 | a=1.000039 | H=2.41e-05 | 261.6 steps/s | 3.82 ms/step | ETA: 63294.3 min
Step 6650000/1000000000 | t=1.66e+00 | T=7349.7 | a=1.000040 | H=2.41e-05 | 262.4 steps/s | 3.81 ms/step | ETA: 63087.1 min
Step 6700000/1000000000 | t=1.68e+00 | T=7349.7 | a=1.000040 | H=2.41e-05 | 263.3 steps/s | 3.80 ms/step | ETA: 62871.7 min
Step 6750000/1000000000 | t=1.69e+00 | T=7349.7 | a=1.000040 | H=2.41e-05 | 264.2 steps/s | 3.79 ms/step | ETA: 62664.2 min
Step 6800000/1000000000 | t=1.70e+00 | T=7349.7 | a=1.000041 | H=2.41e-05 | 265.0 steps/s | 3.77 ms/step | ETA: 62460.3 min
Step 6850000/1000000000 | t=1.71e+00 | T=7349.7 | a=1.000041 | H=2.41e-05 | 265.9 steps/s | 3.76 ms/step | ETA: 62258.5 min
Step 6900000/1000000000 | t=1.73e+00 | T=7349.7 | a=1.000041 | H=2.41e-05 | 266.7 steps/s | 3.75 ms/step | ETA: 62060.8 min
Step 6950000/1000000000 | t=1.74e+00 | T=7349.7 | a=1.000041 | H=2.41e-05 | 267.5 steps/s | 3.74 ms/step | ETA: 61870.5 min
Step 7000000/1000000000 | t=1.75e+00 | T=7349.7 | a=1.000042 | H=2.41e-05 | 268.3 steps/s | 3.73 ms/step | ETA: 61683.5 min
Step 7050000/1000000000 | t=1.76e+00 | T=7349.7 | a=1.000042 | H=2.41e-05 | 269.1 steps/s | 3.72 ms/step | ETA: 61499.7 min
Step 7100000/1000000000 | t=1.78e+00 | T=7349.7 | a=1.000042 | H=2.41e-05 | 269.9 steps/s | 3.71 ms/step | ETA: 61320.2 min
Step 7150000/1000000000 | t=1.79e+00 | T=7349.7 | a=1.000043 | H=2.41e-05 | 270.6 steps/s | 3.69 ms/step | ETA: 61142.1 min
Step 7200000/1000000000 | t=1.80e+00 | T=7349.7 | a=1.000043 | H=2.41e-05 | 271.4 steps/s | 3.68 ms/step | ETA: 60964.2 min
Step 7250000/1000000000 | t=1.81e+00 | T=7349.7 | a=1.000043 | H=2.41e-05 | 272.1 steps/s | 3.67 ms/step | ETA: 60797.8 min
Step 7300000/1000000000 | t=1.83e+00 | T=7349.7 | a=1.000044 | H=2.41e-05 | 272.9 steps/s | 3.66 ms/step | ETA: 60634.2 min
Step 7350000/1000000000 | t=1.84e+00 | T=7349.7 | a=1.000044 | H=2.41e-05 | 273.6 steps/s | 3.66 ms/step | ETA: 60469.3 min
Step 7400000/1000000000 | t=1.85e+00 | T=7349.7 | a=1.000044 | H=2.41e-05 | 274.3 steps/s | 3.65 ms/step | ETA: 60304.5 min
Step 7450000/1000000000 | t=1.86e+00 | T=7349.7 | a=1.000045 | H=2.41e-05 | 275.0 steps/s | 3.64 ms/step | ETA: 60148.4 min
Step 7500000/1000000000 | t=1.88e+00 | T=7349.7 | a=1.000045 | H=2.41e-05 | 275.7 steps/s | 3.63 ms/step | ETA: 59995.5 min
Step 7550000/1000000000 | t=1.89e+00 | T=7349.7 | a=1.000045 | H=2.41e-05 | 276.4 steps/s | 3.62 ms/step | ETA: 59845.5 min
Step 7600000/1000000000 | t=1.90e+00 | T=7349.7 | a=1.000045 | H=2.41e-05 | 277.1 steps/s | 3.61 ms/step | ETA: 59693.5 min
Step 7650000/1000000000 | t=1.91e+00 | T=7349.7 | a=1.000046 | H=2.41e-05 | 277.8 steps/s | 3.60 ms/step | ETA: 59546.1 min
Step 7700000/1000000000 | t=1.93e+00 | T=7349.7 | a=1.000046 | H=2.41e-05 | 278.4 steps/s | 3.59 ms/step | ETA: 59395.4 min
Step 7750000/1000000000 | t=1.94e+00 | T=7349.7 | a=1.000046 | H=2.41e-05 | 279.1 steps/s | 3.58 ms/step | ETA: 59253.5 min
Step 7800000/1000000000 | t=1.95e+00 | T=7349.7 | a=1.000047 | H=2.41e-05 | 279.7 steps/s | 3.57 ms/step | ETA: 59117.3 min
Step 7850000/1000000000 | t=1.96e+00 | T=7349.7 | a=1.000047 | H=2.41e-05 | 280.3 steps/s | 3.57 ms/step | ETA: 58983.6 min
Step 7900000/1000000000 | t=1.98e+00 | T=7349.7 | a=1.000047 | H=2.41e-05 | 280.9 steps/s | 3.56 ms/step | ETA: 58853.9 min
Step 7950000/1000000000 | t=1.99e+00 | T=7349.7 | a=1.000048 | H=2.41e-05 | 281.6 steps/s | 3.55 ms/step | ETA: 58723.5 min
Step 8000000/1000000000 | t=2.00e+00 | T=7349.6 | a=1.000048 | H=2.41e-05 | 282.2 steps/s | 3.54 ms/step | ETA: 58596.3 min
Step 8050000/1000000000 | t=2.01e+00 | T=7349.6 | a=1.000048 | H=2.41e-05 | 282.8 steps/s | 3.54 ms/step | ETA: 58468.5 min
Step 8100000/1000000000 | t=2.03e+00 | T=7349.6 | a=1.000048 | H=2.41e-05 | 283.4 steps/s | 3.53 ms/step | ETA: 58341.5 min
Step 8150000/1000000000 | t=2.04e+00 | T=7349.6 | a=1.000049 | H=2.41e-05 | 283.9 steps/s | 3.52 ms/step | ETA: 58220.0 min
Step 8200000/1000000000 | t=2.05e+00 | T=7349.6 | a=1.000049 | H=2.41e-05 | 284.5 steps/s | 3.51 ms/step | ETA: 58099.4 min
Step 8250000/1000000000 | t=2.06e+00 | T=7349.6 | a=1.000049 | H=2.41e-05 | 285.1 steps/s | 3.51 ms/step | ETA: 57978.0 min
Step 8300000/1000000000 | t=2.08e+00 | T=7349.6 | a=1.000050 | H=2.41e-05 | 285.7 steps/s | 3.50 ms/step | ETA: 57857.5 min
Step 8350000/1000000000 | t=2.09e+00 | T=7349.6 | a=1.000050 | H=2.41e-05 | 286.3 steps/s | 3.49 ms/step | ETA: 57737.4 min
Step 8400000/1000000000 | t=2.10e+00 | T=7349.6 | a=1.000050 | H=2.41e-05 | 286.8 steps/s | 3.49 ms/step | ETA: 57622.5 min
Step 8450000/1000000000 | t=2.11e+00 | T=7349.6 | a=1.000051 | H=2.41e-05 | 287.4 steps/s | 3.48 ms/step | ETA: 57505.6 min
Step 8500000/1000000000 | t=2.13e+00 | T=7349.6 | a=1.000051 | H=2.41e-05 | 288.0 steps/s | 3.47 ms/step | ETA: 57387.1 min
Step 8550000/1000000000 | t=2.14e+00 | T=7349.6 | a=1.000051 | H=2.41e-05 | 288.5 steps/s | 3.47 ms/step | ETA: 57281.1 min
Step 8600000/1000000000 | t=2.15e+00 | T=7349.6 | a=1.000051 | H=2.41e-05 | 289.0 steps/s | 3.46 ms/step | ETA: 57175.4 min
Step 8650000/1000000000 | t=2.16e+00 | T=7349.6 | a=1.000052 | H=2.41e-05 | 289.5 steps/s | 3.45 ms/step | ETA: 57064.1 min
Step 8700000/1000000000 | t=2.18e+00 | T=7349.6 | a=1.000052 | H=2.41e-05 | 290.1 steps/s | 3.45 ms/step | ETA: 56959.1 min
Step 8750000/1000000000 | t=2.19e+00 | T=7349.6 | a=1.000052 | H=2.41e-05 | 290.6 steps/s | 3.44 ms/step | ETA: 56851.8 min
Step 8800000/1000000000 | t=2.20e+00 | T=7349.6 | a=1.000053 | H=2.41e-05 | 291.1 steps/s | 3.44 ms/step | ETA: 56748.2 min
Step 8850000/1000000000 | t=2.21e+00 | T=7349.6 | a=1.000053 | H=2.41e-05 | 291.6 steps/s | 3.43 ms/step | ETA: 56646.6 min
Step 8900000/1000000000 | t=2.23e+00 | T=7349.6 | a=1.000053 | H=2.41e-05 | 292.1 steps/s | 3.42 ms/step | ETA: 56547.7 min
Step 8950000/1000000000 | t=2.24e+00 | T=7349.6 | a=1.000054 | H=2.41e-05 | 292.6 steps/s | 3.42 ms/step | ETA: 56451.1 min
Step 9000000/1000000000 | t=2.25e+00 | T=7349.6 | a=1.000054 | H=2.41e-05 | 293.1 steps/s | 3.41 ms/step | ETA: 56354.3 min
Step 9050000/1000000000 | t=2.26e+00 | T=7349.6 | a=1.000054 | H=2.41e-05 | 293.6 steps/s | 3.41 ms/step | ETA: 56257.2 min
Step 9100000/1000000000 | t=2.28e+00 | T=7349.6 | a=1.000054 | H=2.41e-05 | 294.0 steps/s | 3.40 ms/step | ETA: 56164.4 min
Step 9150000/1000000000 | t=2.29e+00 | T=7349.6 | a=1.000055 | H=2.41e-05 | 294.5 steps/s | 3.40 ms/step | ETA: 56071.6 min
Step 9200000/1000000000 | t=2.30e+00 | T=7349.6 | a=1.000055 | H=2.41e-05 | 295.0 steps/s | 3.39 ms/step | ETA: 55980.6 min
Step 9250000/1000000000 | t=2.31e+00 | T=7349.6 | a=1.000055 | H=2.41e-05 | 295.4 steps/s | 3.38 ms/step | ETA: 55891.6 min
Step 9300000/1000000000 | t=2.33e+00 | T=7349.6 | a=1.000056 | H=2.41e-05 | 295.9 steps/s | 3.38 ms/step | ETA: 55805.1 min
Step 9350000/1000000000 | t=2.34e+00 | T=7349.6 | a=1.000056 | H=2.41e-05 | 296.3 steps/s | 3.37 ms/step | ETA: 55714.9 min
Step 9400000/1000000000 | t=2.35e+00 | T=7349.6 | a=1.000056 | H=2.41e-05 | 296.8 steps/s | 3.37 ms/step | ETA: 55626.9 min
Step 9450000/1000000000 | t=2.36e+00 | T=7349.6 | a=1.000057 | H=2.41e-05 | 297.3 steps/s | 3.36 ms/step | ETA: 55539.1 min
Step 9500000/1000000000 | t=2.38e+00 | T=7349.6 | a=1.000057 | H=2.41e-05 | 297.7 steps/s | 3.36 ms/step | ETA: 55451.1 min
Step 9550000/1000000000 | t=2.39e+00 | T=7349.6 | a=1.000057 | H=2.41e-05 | 298.1 steps/s | 3.35 ms/step | ETA: 55372.9 min
Step 9600000/1000000000 | t=2.40e+00 | T=7349.6 | a=1.000057 | H=2.41e-05 | 298.6 steps/s | 3.35 ms/step | ETA: 55287.2 min
Step 9650000/1000000000 | t=2.41e+00 | T=7349.6 | a=1.000058 | H=2.41e-05 | 298.9 steps/s | 3.35 ms/step | ETA: 55222.7 min
