======================================================================
LATTICE SIMULATION LOG
Started: 2026-01-17 23:56:58
Log file: logs/simulation_20260117_235658.log
======================================================================

Numba Configuration:
  Version: 0.63.1
  Threading layer: default
  Configured threads: 11
  Active threads: 11
----------------------------------------------------------------------
Field precision: float32
Field states will be saved to: data/set6/T0_7345_dt_1e-05_a_0.001_interval_50000/field_states
Figures will be saved to: data/set6/T0_7345_dt_1e-05_a_0.001_interval_50000/figs/latticeSnapshot

============================================================
Starting time evolution...
Grid: 128×128, Steps: 100000000, dt: 1.00e-05
Using fused RK2: True
Using in-kernel RNG: True
Field precision: float32
Spline resolution N_Y: 256
============================================================

Warming up JIT compilation...
JIT warmup complete. Starting main loop...

Step 0/100000000 | t=0.00e+00 | T=7345.0 | 761.6 steps/s | 0.00 ms/step | ETA: 0.0 min
Step 50000/100000000 | t=5.00e-04 | T=7345.0 | 1370.5 steps/s | 0.73 ms/step | ETA: 1215.5 min
Step 100000/100000000 | t=1.00e-03 | T=7345.0 | 1403.7 steps/s | 0.71 ms/step | ETA: 1186.2 min
Step 150000/100000000 | t=1.50e-03 | T=7345.0 | 1414.8 steps/s | 0.71 ms/step | ETA: 1176.3 min
Step 200000/100000000 | t=2.00e-03 | T=7345.0 | 1448.7 steps/s | 0.69 ms/step | ETA: 1148.1 min
Step 250000/100000000 | t=2.50e-03 | T=7345.0 | 1476.4 steps/s | 0.68 ms/step | ETA: 1126.1 min
Step 300000/100000000 | t=3.00e-03 | T=7345.0 | 1483.9 steps/s | 0.67 ms/step | ETA: 1119.8 min
Step 350000/100000000 | t=3.50e-03 | T=7345.0 | 1492.1 steps/s | 0.67 ms/step | ETA: 1113.1 min
Step 400000/100000000 | t=4.00e-03 | T=7345.0 | 1504.6 steps/s | 0.66 ms/step | ETA: 1103.3 min
Step 450000/100000000 | t=4.50e-03 | T=7345.0 | 1516.7 steps/s | 0.66 ms/step | ETA: 1093.9 min
Step 500000/100000000 | t=5.00e-03 | T=7345.0 | 1524.9 steps/s | 0.66 ms/step | ETA: 1087.5 min
Step 550000/100000000 | t=5.50e-03 | T=7345.0 | 1528.0 steps/s | 0.65 ms/step | ETA: 1084.7 min
Step 600000/100000000 | t=6.00e-03 | T=7345.0 | 1524.1 steps/s | 0.66 ms/step | ETA: 1087.0 min
Step 650000/100000000 | t=6.50e-03 | T=7345.0 | 1528.6 steps/s | 0.65 ms/step | ETA: 1083.3 min
Step 700000/100000000 | t=7.00e-03 | T=7345.0 | 1531.8 steps/s | 0.65 ms/step | ETA: 1080.4 min
Step 750000/100000000 | t=7.50e-03 | T=7345.0 | 1528.5 steps/s | 0.65 ms/step | ETA: 1082.2 min
Step 800000/100000000 | t=8.00e-03 | T=7345.0 | 1532.6 steps/s | 0.65 ms/step | ETA: 1078.8 min
Step 850000/100000000 | t=8.50e-03 | T=7345.0 | 1535.1 steps/s | 0.65 ms/step | ETA: 1076.5 min
Step 900000/100000000 | t=9.00e-03 | T=7345.0 | 1536.9 steps/s | 0.65 ms/step | ETA: 1074.6 min
Step 950000/100000000 | t=9.50e-03 | T=7345.0 | 1541.4 steps/s | 0.65 ms/step | ETA: 1071.0 min
Step 1000000/100000000 | t=1.00e-02 | T=7345.0 | 1544.7 steps/s | 0.65 ms/step | ETA: 1068.2 min
Step 1050000/100000000 | t=1.05e-02 | T=7345.0 | 1547.1 steps/s | 0.65 ms/step | ETA: 1066.0 min
Step 1100000/100000000 | t=1.10e-02 | T=7345.0 | 1549.8 steps/s | 0.65 ms/step | ETA: 1063.6 min
Step 1150000/100000000 | t=1.15e-02 | T=7345.0 | 1549.7 steps/s | 0.65 ms/step | ETA: 1063.1 min
Step 1200000/100000000 | t=1.20e-02 | T=7345.0 | 1551.8 steps/s | 0.64 ms/step | ETA: 1061.1 min
Step 1250000/100000000 | t=1.25e-02 | T=7345.0 | 1552.0 steps/s | 0.64 ms/step | ETA: 1060.5 min
Step 1300000/100000000 | t=1.30e-02 | T=7345.0 | 1554.3 steps/s | 0.64 ms/step | ETA: 1058.3 min
Step 1350000/100000000 | t=1.35e-02 | T=7345.0 | 1555.5 steps/s | 0.64 ms/step | ETA: 1057.0 min
Step 1400000/100000000 | t=1.40e-02 | T=7345.0 | 1556.9 steps/s | 0.64 ms/step | ETA: 1055.5 min
Step 1450000/100000000 | t=1.45e-02 | T=7345.0 | 1557.6 steps/s | 0.64 ms/step | ETA: 1054.5 min
Step 1500000/100000000 | t=1.50e-02 | T=7345.0 | 1558.1 steps/s | 0.64 ms/step | ETA: 1053.6 min
Step 1550000/100000000 | t=1.55e-02 | T=7345.0 | 1558.8 steps/s | 0.64 ms/step | ETA: 1052.6 min
Step 1600000/100000000 | t=1.60e-02 | T=7345.0 | 1560.4 steps/s | 0.64 ms/step | ETA: 1051.0 min
Step 1650000/100000000 | t=1.65e-02 | T=7345.0 | 1561.2 steps/s | 0.64 ms/step | ETA: 1049.9 min
Step 1700000/100000000 | t=1.70e-02 | T=7345.0 | 1559.6 steps/s | 0.64 ms/step | ETA: 1050.5 min
Step 1750000/100000000 | t=1.75e-02 | T=7345.0 | 1559.8 steps/s | 0.64 ms/step | ETA: 1049.8 min
Step 1800000/100000000 | t=1.80e-02 | T=7345.0 | 1561.4 steps/s | 0.64 ms/step | ETA: 1048.2 min
Step 1850000/100000000 | t=1.85e-02 | T=7345.0 | 1561.9 steps/s | 0.64 ms/step | ETA: 1047.3 min
Step 1900000/100000000 | t=1.90e-02 | T=7345.0 | 1563.3 steps/s | 0.64 ms/step | ETA: 1045.9 min
Step 1950000/100000000 | t=1.95e-02 | T=7345.0 | 1564.4 steps/s | 0.64 ms/step | ETA: 1044.6 min
Step 2000000/100000000 | t=2.00e-02 | T=7345.0 | 1565.0 steps/s | 0.64 ms/step | ETA: 1043.7 min
Step 2050000/100000000 | t=2.05e-02 | T=7345.0 | 1562.7 steps/s | 0.64 ms/step | ETA: 1044.6 min
Step 2100000/100000000 | t=2.10e-02 | T=7345.0 | 1561.2 steps/s | 0.64 ms/step | ETA: 1045.1 min
Step 2150000/100000000 | t=2.15e-02 | T=7345.0 | 1560.8 steps/s | 0.64 ms/step | ETA: 1044.9 min
Step 2200000/100000000 | t=2.20e-02 | T=7345.0 | 1554.2 steps/s | 0.64 ms/step | ETA: 1048.8 min
Step 2250000/100000000 | t=2.25e-02 | T=7345.0 | 1548.3 steps/s | 0.65 ms/step | ETA: 1052.3 min
Step 2300000/100000000 | t=2.30e-02 | T=7345.0 | 1541.9 steps/s | 0.65 ms/step | ETA: 1056.1 min
Step 2350000/100000000 | t=2.35e-02 | T=7345.0 | 1535.7 steps/s | 0.65 ms/step | ETA: 1059.8 min
Step 2400000/100000000 | t=2.40e-02 | T=7345.0 | 1530.3 steps/s | 0.65 ms/step | ETA: 1063.0 min
Step 2450000/100000000 | t=2.45e-02 | T=7345.0 | 1524.3 steps/s | 0.66 ms/step | ETA: 1066.6 min
Step 2500000/100000000 | t=2.50e-02 | T=7345.0 | 1518.4 steps/s | 0.66 ms/step | ETA: 1070.2 min
Step 2550000/100000000 | t=2.55e-02 | T=7345.0 | 1512.6 steps/s | 0.66 ms/step | ETA: 1073.7 min
Step 2600000/100000000 | t=2.60e-02 | T=7345.0 | 1506.8 steps/s | 0.66 ms/step | ETA: 1077.3 min
Step 2650000/100000000 | t=2.65e-02 | T=7345.0 | 1500.6 steps/s | 0.67 ms/step | ETA: 1081.3 min
Step 2700000/100000000 | t=2.70e-02 | T=7345.0 | 1496.2 steps/s | 0.67 ms/step | ETA: 1083.9 min
Step 2750000/100000000 | t=2.75e-02 | T=7345.0 | 1491.3 steps/s | 0.67 ms/step | ETA: 1086.8 min
Step 2800000/100000000 | t=2.80e-02 | T=7345.0 | 1487.4 steps/s | 0.67 ms/step | ETA: 1089.2 min
Step 2850000/100000000 | t=2.85e-02 | T=7345.0 | 1483.8 steps/s | 0.67 ms/step | ETA: 1091.2 min
Step 2900000/100000000 | t=2.90e-02 | T=7345.0 | 1480.6 steps/s | 0.68 ms/step | ETA: 1093.0 min
Step 2950000/100000000 | t=2.95e-02 | T=7345.0 | 1478.1 steps/s | 0.68 ms/step | ETA: 1094.3 min
Step 3000000/100000000 | t=3.00e-02 | T=7345.0 | 1473.8 steps/s | 0.68 ms/step | ETA: 1096.9 min
Step 3050000/100000000 | t=3.05e-02 | T=7345.0 | 1470.8 steps/s | 0.68 ms/step | ETA: 1098.6 min
Step 3100000/100000000 | t=3.10e-02 | T=7345.0 | 1469.0 steps/s | 0.68 ms/step | ETA: 1099.4 min
Step 3150000/100000000 | t=3.15e-02 | T=7345.0 | 1466.4 steps/s | 0.68 ms/step | ETA: 1100.8 min
Step 3200000/100000000 | t=3.20e-02 | T=7345.0 | 1464.8 steps/s | 0.68 ms/step | ETA: 1101.4 min
Step 3250000/100000000 | t=3.25e-02 | T=7345.0 | 1464.0 steps/s | 0.68 ms/step | ETA: 1101.4 min
Step 3300000/100000000 | t=3.30e-02 | T=7345.0 | 1462.6 steps/s | 0.68 ms/step | ETA: 1102.0 min
Step 3350000/100000000 | t=3.35e-02 | T=7345.0 | 1460.5 steps/s | 0.68 ms/step | ETA: 1103.0 min
Step 3400000/100000000 | t=3.40e-02 | T=7345.0 | 1457.6 steps/s | 0.69 ms/step | ETA: 1104.5 min
Step 3450000/100000000 | t=3.45e-02 | T=7345.0 | 1454.6 steps/s | 0.69 ms/step | ETA: 1106.3 min
Step 3500000/100000000 | t=3.50e-02 | T=7345.0 | 1452.8 steps/s | 0.69 ms/step | ETA: 1107.1 min
Step 3550000/100000000 | t=3.55e-02 | T=7345.0 | 1451.7 steps/s | 0.69 ms/step | ETA: 1107.3 min
Step 3600000/100000000 | t=3.60e-02 | T=7345.0 | 1450.2 steps/s | 0.69 ms/step | ETA: 1107.9 min
Step 3650000/100000000 | t=3.65e-02 | T=7345.0 | 1449.2 steps/s | 0.69 ms/step | ETA: 1108.1 min
Step 3700000/100000000 | t=3.70e-02 | T=7345.0 | 1448.1 steps/s | 0.69 ms/step | ETA: 1108.4 min
Step 3750000/100000000 | t=3.75e-02 | T=7345.0 | 1447.6 steps/s | 0.69 ms/step | ETA: 1108.2 min
Step 3800000/100000000 | t=3.80e-02 | T=7345.0 | 1446.5 steps/s | 0.69 ms/step | ETA: 1108.4 min
Step 3850000/100000000 | t=3.85e-02 | T=7345.0 | 1446.0 steps/s | 0.69 ms/step | ETA: 1108.3 min
Step 3900000/100000000 | t=3.90e-02 | T=7345.0 | 1445.0 steps/s | 0.69 ms/step | ETA: 1108.4 min
Step 3950000/100000000 | t=3.95e-02 | T=7345.0 | 1442.0 steps/s | 0.69 ms/step | ETA: 1110.1 min
Step 4000000/100000000 | t=4.00e-02 | T=7345.0 | 1440.9 steps/s | 0.69 ms/step | ETA: 1110.4 min
Step 4050000/100000000 | t=4.05e-02 | T=7345.0 | 1439.9 steps/s | 0.69 ms/step | ETA: 1110.6 min
Step 4100000/100000000 | t=4.10e-02 | T=7345.0 | 1437.7 steps/s | 0.70 ms/step | ETA: 1111.8 min
Step 4150000/100000000 | t=4.15e-02 | T=7345.0 | 1433.8 steps/s | 0.70 ms/step | ETA: 1114.1 min
Step 4200000/100000000 | t=4.20e-02 | T=7345.0 | 1431.5 steps/s | 0.70 ms/step | ETA: 1115.4 min
Step 4250000/100000000 | t=4.25e-02 | T=7345.0 | 1430.1 steps/s | 0.70 ms/step | ETA: 1115.9 min
Step 4300000/100000000 | t=4.30e-02 | T=7345.0 | 1429.1 steps/s | 0.70 ms/step | ETA: 1116.1 min
Step 4350000/100000000 | t=4.35e-02 | T=7345.0 | 1427.9 steps/s | 0.70 ms/step | ETA: 1116.5 min
Step 4400000/100000000 | t=4.40e-02 | T=7345.0 | 1426.3 steps/s | 0.70 ms/step | ETA: 1117.1 min
Step 4450000/100000000 | t=4.45e-02 | T=7345.0 | 1425.2 steps/s | 0.70 ms/step | ETA: 1117.4 min
Step 4500000/100000000 | t=4.50e-02 | T=7345.0 | 1424.0 steps/s | 0.70 ms/step | ETA: 1117.8 min
Step 4550000/100000000 | t=4.55e-02 | T=7345.0 | 1422.9 steps/s | 0.70 ms/step | ETA: 1118.0 min
Step 4600000/100000000 | t=4.60e-02 | T=7345.0 | 1421.4 steps/s | 0.70 ms/step | ETA: 1118.6 min
Step 4650000/100000000 | t=4.65e-02 | T=7345.0 | 1420.2 steps/s | 0.70 ms/step | ETA: 1119.0 min
Step 4700000/100000000 | t=4.70e-02 | T=7345.0 | 1419.3 steps/s | 0.70 ms/step | ETA: 1119.1 min
Step 4750000/100000000 | t=4.75e-02 | T=7345.0 | 1418.3 steps/s | 0.71 ms/step | ETA: 1119.3 min
Step 4800000/100000000 | t=4.80e-02 | T=7345.0 | 1417.4 steps/s | 0.71 ms/step | ETA: 1119.5 min
Step 4850000/100000000 | t=4.85e-02 | T=7345.0 | 1417.2 steps/s | 0.71 ms/step | ETA: 1119.0 min
Step 4900000/100000000 | t=4.90e-02 | T=7345.0 | 1416.8 steps/s | 0.71 ms/step | ETA: 1118.7 min
Step 4950000/100000000 | t=4.95e-02 | T=7345.0 | 1416.2 steps/s | 0.71 ms/step | ETA: 1118.6 min
Step 5000000/100000000 | t=5.00e-02 | T=7344.9 | 1415.2 steps/s | 0.71 ms/step | ETA: 1118.8 min
Step 5050000/100000000 | t=5.05e-02 | T=7344.9 | 1413.8 steps/s | 0.71 ms/step | ETA: 1119.3 min
Step 5100000/100000000 | t=5.10e-02 | T=7344.9 | 1413.2 steps/s | 0.71 ms/step | ETA: 1119.2 min
Step 5150000/100000000 | t=5.15e-02 | T=7344.9 | 1412.6 steps/s | 0.71 ms/step | ETA: 1119.1 min
Step 5200000/100000000 | t=5.20e-02 | T=7344.9 | 1412.5 steps/s | 0.71 ms/step | ETA: 1118.6 min
Step 5250000/100000000 | t=5.25e-02 | T=7344.9 | 1412.5 steps/s | 0.71 ms/step | ETA: 1118.0 min
Step 5300000/100000000 | t=5.30e-02 | T=7344.9 | 1412.0 steps/s | 0.71 ms/step | ETA: 1117.8 min
Step 5350000/100000000 | t=5.35e-02 | T=7344.9 | 1411.5 steps/s | 0.71 ms/step | ETA: 1117.6 min
Step 5400000/100000000 | t=5.40e-02 | T=7344.9 | 1410.6 steps/s | 0.71 ms/step | ETA: 1117.7 min
Step 5450000/100000000 | t=5.45e-02 | T=7344.9 | 1410.2 steps/s | 0.71 ms/step | ETA: 1117.5 min
Step 5500000/100000000 | t=5.50e-02 | T=7344.9 | 1410.0 steps/s | 0.71 ms/step | ETA: 1117.0 min
Step 5550000/100000000 | t=5.55e-02 | T=7344.9 | 1409.9 steps/s | 0.71 ms/step | ETA: 1116.5 min
Step 5600000/100000000 | t=5.60e-02 | T=7344.9 | 1409.6 steps/s | 0.71 ms/step | ETA: 1116.2 min
Step 5650000/100000000 | t=5.65e-02 | T=7344.9 | 1409.0 steps/s | 0.71 ms/step | ETA: 1116.0 min
Step 5700000/100000000 | t=5.70e-02 | T=7344.9 | 1408.8 steps/s | 0.71 ms/step | ETA: 1115.6 min
Step 5750000/100000000 | t=5.75e-02 | T=7344.9 | 1408.5 steps/s | 0.71 ms/step | ETA: 1115.3 min
Step 5800000/100000000 | t=5.80e-02 | T=7344.9 | 1408.1 steps/s | 0.71 ms/step | ETA: 1115.0 min
Step 5850000/100000000 | t=5.85e-02 | T=7344.9 | 1407.5 steps/s | 0.71 ms/step | ETA: 1114.9 min
Step 5900000/100000000 | t=5.90e-02 | T=7344.9 | 1407.2 steps/s | 0.71 ms/step | ETA: 1114.5 min
Step 5950000/100000000 | t=5.95e-02 | T=7344.9 | 1407.1 steps/s | 0.71 ms/step | ETA: 1114.0 min
Step 6000000/100000000 | t=6.00e-02 | T=7344.9 | 1407.1 steps/s | 0.71 ms/step | ETA: 1113.4 min
Step 6050000/100000000 | t=6.05e-02 | T=7344.9 | 1406.6 steps/s | 0.71 ms/step | ETA: 1113.2 min
Step 6100000/100000000 | t=6.10e-02 | T=7344.9 | 1406.3 steps/s | 0.71 ms/step | ETA: 1112.9 min
Step 6150000/100000000 | t=6.15e-02 | T=7344.9 | 1405.9 steps/s | 0.71 ms/step | ETA: 1112.6 min
Step 6200000/100000000 | t=6.20e-02 | T=7344.9 | 1405.2 steps/s | 0.71 ms/step | ETA: 1112.5 min
Step 6250000/100000000 | t=6.25e-02 | T=7344.9 | 1404.8 steps/s | 0.71 ms/step | ETA: 1112.3 min
Step 6300000/100000000 | t=6.30e-02 | T=7344.9 | 1404.2 steps/s | 0.71 ms/step | ETA: 1112.2 min
Step 6350000/100000000 | t=6.35e-02 | T=7344.9 | 1403.5 steps/s | 0.71 ms/step | ETA: 1112.1 min
Step 6400000/100000000 | t=6.40e-02 | T=7344.9 | 1403.1 steps/s | 0.71 ms/step | ETA: 1111.9 min
Step 6450000/100000000 | t=6.45e-02 | T=7344.9 | 1402.4 steps/s | 0.71 ms/step | ETA: 1111.8 min
Step 6500000/100000000 | t=6.50e-02 | T=7344.9 | 1402.0 steps/s | 0.71 ms/step | ETA: 1111.5 min
Step 6550000/100000000 | t=6.55e-02 | T=7344.9 | 1401.4 steps/s | 0.71 ms/step | ETA: 1111.4 min
Step 6600000/100000000 | t=6.60e-02 | T=7344.9 | 1400.7 steps/s | 0.71 ms/step | ETA: 1111.3 min
Step 6650000/100000000 | t=6.65e-02 | T=7344.9 | 1400.8 steps/s | 0.71 ms/step | ETA: 1110.7 min
Step 6700000/100000000 | t=6.70e-02 | T=7344.9 | 1400.6 steps/s | 0.71 ms/step | ETA: 1110.2 min
Step 6750000/100000000 | t=6.75e-02 | T=7344.9 | 1401.1 steps/s | 0.71 ms/step | ETA: 1109.3 min
Step 6800000/100000000 | t=6.80e-02 | T=7344.9 | 1401.4 steps/s | 0.71 ms/step | ETA: 1108.5 min
Step 6850000/100000000 | t=6.85e-02 | T=7344.9 | 1401.1 steps/s | 0.71 ms/step | ETA: 1108.1 min
Step 6900000/100000000 | t=6.90e-02 | T=7344.9 | 1400.9 steps/s | 0.71 ms/step | ETA: 1107.6 min
Step 6950000/100000000 | t=6.95e-02 | T=7344.9 | 1400.9 steps/s | 0.71 ms/step | ETA: 1107.0 min
Step 7000000/100000000 | t=7.00e-02 | T=7344.9 | 1401.0 steps/s | 0.71 ms/step | ETA: 1106.3 min
Step 7050000/100000000 | t=7.05e-02 | T=7344.9 | 1400.8 steps/s | 0.71 ms/step | ETA: 1105.9 min
Step 7100000/100000000 | t=7.10e-02 | T=7344.9 | 1400.6 steps/s | 0.71 ms/step | ETA: 1105.5 min
Step 7150000/100000000 | t=7.15e-02 | T=7344.9 | 1400.0 steps/s | 0.71 ms/step | ETA: 1105.4 min
Step 7200000/100000000 | t=7.20e-02 | T=7344.9 | 1400.1 steps/s | 0.71 ms/step | ETA: 1104.7 min
Step 7250000/100000000 | t=7.25e-02 | T=7344.9 | 1400.2 steps/s | 0.71 ms/step | ETA: 1104.0 min
Step 7300000/100000000 | t=7.30e-02 | T=7344.9 | 1400.4 steps/s | 0.71 ms/step | ETA: 1103.3 min
Step 7350000/100000000 | t=7.35e-02 | T=7344.9 | 1400.2 steps/s | 0.71 ms/step | ETA: 1102.8 min
Step 7400000/100000000 | t=7.40e-02 | T=7344.9 | 1400.1 steps/s | 0.71 ms/step | ETA: 1102.3 min
Step 7450000/100000000 | t=7.45e-02 | T=7344.9 | 1400.0 steps/s | 0.71 ms/step | ETA: 1101.8 min
Step 7500000/100000000 | t=7.50e-02 | T=7344.9 | 1399.9 steps/s | 0.71 ms/step | ETA: 1101.3 min
Step 7550000/100000000 | t=7.55e-02 | T=7344.9 | 1399.4 steps/s | 0.71 ms/step | ETA: 1101.1 min
Step 7600000/100000000 | t=7.60e-02 | T=7344.9 | 1399.1 steps/s | 0.71 ms/step | ETA: 1100.7 min
Step 7650000/100000000 | t=7.65e-02 | T=7344.9 | 1398.9 steps/s | 0.71 ms/step | ETA: 1100.3 min
Step 7700000/100000000 | t=7.70e-02 | T=7344.9 | 1399.0 steps/s | 0.71 ms/step | ETA: 1099.6 min
Step 7750000/100000000 | t=7.75e-02 | T=7344.9 | 1399.4 steps/s | 0.71 ms/step | ETA: 1098.7 min
Step 7800000/100000000 | t=7.80e-02 | T=7344.9 | 1399.9 steps/s | 0.71 ms/step | ETA: 1097.7 min
Step 7850000/100000000 | t=7.85e-02 | T=7344.9 | 1399.9 steps/s | 0.71 ms/step | ETA: 1097.1 min
Step 7900000/100000000 | t=7.90e-02 | T=7344.9 | 1400.0 steps/s | 0.71 ms/step | ETA: 1096.4 min
Step 7950000/100000000 | t=7.95e-02 | T=7344.9 | 1400.2 steps/s | 0.71 ms/step | ETA: 1095.7 min
Step 8000000/100000000 | t=8.00e-02 | T=7344.9 | 1400.6 steps/s | 0.71 ms/step | ETA: 1094.8 min
Step 8050000/100000000 | t=8.05e-02 | T=7344.9 | 1400.7 steps/s | 0.71 ms/step | ETA: 1094.1 min
Step 8100000/100000000 | t=8.10e-02 | T=7344.9 | 1400.7 steps/s | 0.71 ms/step | ETA: 1093.5 min
Step 8150000/100000000 | t=8.15e-02 | T=7344.9 | 1400.8 steps/s | 0.71 ms/step | ETA: 1092.8 min
Step 8200000/100000000 | t=8.20e-02 | T=7344.9 | 1400.9 steps/s | 0.71 ms/step | ETA: 1092.2 min
Step 8250000/100000000 | t=8.25e-02 | T=7344.9 | 1401.0 steps/s | 0.71 ms/step | ETA: 1091.5 min
Step 8300000/100000000 | t=8.30e-02 | T=7344.9 | 1401.2 steps/s | 0.71 ms/step | ETA: 1090.7 min
Step 8350000/100000000 | t=8.35e-02 | T=7344.9 | 1401.2 steps/s | 0.71 ms/step | ETA: 1090.1 min
Step 8400000/100000000 | t=8.40e-02 | T=7344.9 | 1400.9 steps/s | 0.71 ms/step | ETA: 1089.7 min
Step 8450000/100000000 | t=8.45e-02 | T=7344.9 | 1401.2 steps/s | 0.71 ms/step | ETA: 1089.0 min
Step 8500000/100000000 | t=8.50e-02 | T=7344.9 | 1401.3 steps/s | 0.71 ms/step | ETA: 1088.3 min
Step 8550000/100000000 | t=8.55e-02 | T=7344.9 | 1401.2 steps/s | 0.71 ms/step | ETA: 1087.7 min
Step 8600000/100000000 | t=8.60e-02 | T=7344.9 | 1401.4 steps/s | 0.71 ms/step | ETA: 1087.0 min
Step 8650000/100000000 | t=8.65e-02 | T=7344.9 | 1401.4 steps/s | 0.71 ms/step | ETA: 1086.4 min
Step 8700000/100000000 | t=8.70e-02 | T=7344.9 | 1401.1 steps/s | 0.71 ms/step | ETA: 1086.1 min
Step 8750000/100000000 | t=8.75e-02 | T=7344.9 | 1400.9 steps/s | 0.71 ms/step | ETA: 1085.6 min
Step 8800000/100000000 | t=8.80e-02 | T=7344.9 | 1401.2 steps/s | 0.71 ms/step | ETA: 1084.8 min
Step 8850000/100000000 | t=8.85e-02 | T=7344.9 | 1400.8 steps/s | 0.71 ms/step | ETA: 1084.5 min
Step 8900000/100000000 | t=8.90e-02 | T=7344.9 | 1400.6 steps/s | 0.71 ms/step | ETA: 1084.0 min
Step 8950000/100000000 | t=8.95e-02 | T=7344.9 | 1400.8 steps/s | 0.71 ms/step | ETA: 1083.3 min
Step 9000000/100000000 | t=9.00e-02 | T=7344.9 | 1400.8 steps/s | 0.71 ms/step | ETA: 1082.7 min
Step 9050000/100000000 | t=9.05e-02 | T=7344.9 | 1400.8 steps/s | 0.71 ms/step | ETA: 1082.1 min
Step 9100000/100000000 | t=9.10e-02 | T=7344.9 | 1400.8 steps/s | 0.71 ms/step | ETA: 1081.5 min
Step 9150000/100000000 | t=9.15e-02 | T=7344.9 | 1400.9 steps/s | 0.71 ms/step | ETA: 1080.9 min
Step 9200000/100000000 | t=9.20e-02 | T=7344.9 | 1400.8 steps/s | 0.71 ms/step | ETA: 1080.4 min
Step 9250000/100000000 | t=9.25e-02 | T=7344.9 | 1401.0 steps/s | 0.71 ms/step | ETA: 1079.6 min
Step 9300000/100000000 | t=9.30e-02 | T=7344.9 | 1401.1 steps/s | 0.71 ms/step | ETA: 1078.9 min
Step 9350000/100000000 | t=9.35e-02 | T=7344.9 | 1401.3 steps/s | 0.71 ms/step | ETA: 1078.2 min
Step 9400000/100000000 | t=9.40e-02 | T=7344.9 | 1401.2 steps/s | 0.71 ms/step | ETA: 1077.7 min
Step 9450000/100000000 | t=9.45e-02 | T=7344.9 | 1401.4 steps/s | 0.71 ms/step | ETA: 1076.9 min
Step 9500000/100000000 | t=9.50e-02 | T=7344.9 | 1401.7 steps/s | 0.71 ms/step | ETA: 1076.1 min
Step 9550000/100000000 | t=9.55e-02 | T=7344.9 | 1401.4 steps/s | 0.71 ms/step | ETA: 1075.7 min
Step 9600000/100000000 | t=9.60e-02 | T=7344.9 | 1401.5 steps/s | 0.71 ms/step | ETA: 1075.0 min
Step 9650000/100000000 | t=9.65e-02 | T=7344.9 | 1401.5 steps/s | 0.71 ms/step | ETA: 1074.5 min
Step 9700000/100000000 | t=9.70e-02 | T=7344.9 | 1401.4 steps/s | 0.71 ms/step | ETA: 1073.9 min
Step 9750000/100000000 | t=9.75e-02 | T=7344.9 | 1401.4 steps/s | 0.71 ms/step | ETA: 1073.3 min
Step 9800000/100000000 | t=9.80e-02 | T=7344.9 | 1401.5 steps/s | 0.71 ms/step | ETA: 1072.6 min
Step 9850000/100000000 | t=9.85e-02 | T=7344.9 | 1401.5 steps/s | 0.71 ms/step | ETA: 1072.0 min
Step 9900000/100000000 | t=9.90e-02 | T=7344.9 | 1401.2 steps/s | 0.71 ms/step | ETA: 1071.7 min
Step 9950000/100000000 | t=9.95e-02 | T=7344.9 | 1401.3 steps/s | 0.71 ms/step | ETA: 1071.1 min
Step 10000000/100000000 | t=1.00e-01 | T=7344.9 | 1401.3 steps/s | 0.71 ms/step | ETA: 1070.4 min
Step 10050000/100000000 | t=1.01e-01 | T=7344.9 | 1401.1 steps/s | 0.71 ms/step | ETA: 1070.0 min
Step 10100000/100000000 | t=1.01e-01 | T=7344.9 | 1401.2 steps/s | 0.71 ms/step | ETA: 1069.3 min
Step 10150000/100000000 | t=1.02e-01 | T=7344.9 | 1401.2 steps/s | 0.71 ms/step | ETA: 1068.7 min
Step 10200000/100000000 | t=1.02e-01 | T=7344.9 | 1401.2 steps/s | 0.71 ms/step | ETA: 1068.1 min
Step 10250000/100000000 | t=1.03e-01 | T=7344.9 | 1401.3 steps/s | 0.71 ms/step | ETA: 1067.5 min
Step 10300000/100000000 | t=1.03e-01 | T=7344.9 | 1401.3 steps/s | 0.71 ms/step | ETA: 1066.9 min
Step 10350000/100000000 | t=1.04e-01 | T=7344.9 | 1401.5 steps/s | 0.71 ms/step | ETA: 1066.1 min
Step 10400000/100000000 | t=1.04e-01 | T=7344.9 | 1401.4 steps/s | 0.71 ms/step | ETA: 1065.6 min
Step 10450000/100000000 | t=1.05e-01 | T=7344.9 | 1401.7 steps/s | 0.71 ms/step | ETA: 1064.8 min
Step 10500000/100000000 | t=1.05e-01 | T=7344.9 | 1402.0 steps/s | 0.71 ms/step | ETA: 1064.0 min
Step 10550000/100000000 | t=1.06e-01 | T=7344.9 | 1402.3 steps/s | 0.71 ms/step | ETA: 1063.1 min
Step 10600000/100000000 | t=1.06e-01 | T=7344.9 | 1402.6 steps/s | 0.71 ms/step | ETA: 1062.3 min
Step 10650000/100000000 | t=1.07e-01 | T=7344.9 | 1402.5 steps/s | 0.71 ms/step | ETA: 1061.8 min
Step 10700000/100000000 | t=1.07e-01 | T=7344.9 | 1402.5 steps/s | 0.71 ms/step | ETA: 1061.2 min
Step 10750000/100000000 | t=1.08e-01 | T=7344.9 | 1402.4 steps/s | 0.71 ms/step | ETA: 1060.6 min
Step 10800000/100000000 | t=1.08e-01 | T=7344.9 | 1402.5 steps/s | 0.71 ms/step | ETA: 1060.0 min
Step 10850000/100000000 | t=1.09e-01 | T=7344.9 | 1402.6 steps/s | 0.71 ms/step | ETA: 1059.4 min
Step 10900000/100000000 | t=1.09e-01 | T=7344.9 | 1402.3 steps/s | 0.71 ms/step | ETA: 1059.0 min
Step 10950000/100000000 | t=1.10e-01 | T=7344.9 | 1402.2 steps/s | 0.71 ms/step | ETA: 1058.4 min
Step 11000000/100000000 | t=1.10e-01 | T=7344.9 | 1402.5 steps/s | 0.71 ms/step | ETA: 1057.7 min
Step 11050000/100000000 | t=1.11e-01 | T=7344.9 | 1402.8 steps/s | 0.71 ms/step | ETA: 1056.8 min
Step 11100000/100000000 | t=1.11e-01 | T=7344.9 | 1403.0 steps/s | 0.71 ms/step | ETA: 1056.1 min
Step 11150000/100000000 | t=1.12e-01 | T=7344.9 | 1403.1 steps/s | 0.71 ms/step | ETA: 1055.4 min
Step 11200000/100000000 | t=1.12e-01 | T=7344.9 | 1403.1 steps/s | 0.71 ms/step | ETA: 1054.8 min
Step 11250000/100000000 | t=1.13e-01 | T=7344.9 | 1403.0 steps/s | 0.71 ms/step | ETA: 1054.3 min
Step 11300000/100000000 | t=1.13e-01 | T=7344.9 | 1403.0 steps/s | 0.71 ms/step | ETA: 1053.7 min
Step 11350000/100000000 | t=1.14e-01 | T=7344.9 | 1403.1 steps/s | 0.71 ms/step | ETA: 1053.0 min
Step 11400000/100000000 | t=1.14e-01 | T=7344.9 | 1403.3 steps/s | 0.71 ms/step | ETA: 1052.3 min
Step 11450000/100000000 | t=1.15e-01 | T=7344.9 | 1402.6 steps/s | 0.71 ms/step | ETA: 1052.2 min
Step 11500000/100000000 | t=1.15e-01 | T=7344.9 | 1402.4 steps/s | 0.71 ms/step | ETA: 1051.8 min
Step 11550000/100000000 | t=1.16e-01 | T=7344.9 | 1402.4 steps/s | 0.71 ms/step | ETA: 1051.1 min
Step 11600000/100000000 | t=1.16e-01 | T=7344.9 | 1402.3 steps/s | 0.71 ms/step | ETA: 1050.7 min
Step 11650000/100000000 | t=1.17e-01 | T=7344.9 | 1402.2 steps/s | 0.71 ms/step | ETA: 1050.2 min
Step 11700000/100000000 | t=1.17e-01 | T=7344.9 | 1402.2 steps/s | 0.71 ms/step | ETA: 1049.6 min
Step 11750000/100000000 | t=1.18e-01 | T=7344.9 | 1401.8 steps/s | 0.71 ms/step | ETA: 1049.2 min
Step 11800000/100000000 | t=1.18e-01 | T=7344.9 | 1401.5 steps/s | 0.71 ms/step | ETA: 1048.9 min
Step 11850000/100000000 | t=1.19e-01 | T=7344.9 | 1401.0 steps/s | 0.71 ms/step | ETA: 1048.6 min
Step 11900000/100000000 | t=1.19e-01 | T=7344.9 | 1400.8 steps/s | 0.71 ms/step | ETA: 1048.2 min
Step 11950000/100000000 | t=1.20e-01 | T=7344.9 | 1400.9 steps/s | 0.71 ms/step | ETA: 1047.5 min
Step 12000000/100000000 | t=1.20e-01 | T=7344.9 | 1400.8 steps/s | 0.71 ms/step | ETA: 1047.0 min
Step 12050000/100000000 | t=1.21e-01 | T=7344.9 | 1400.6 steps/s | 0.71 ms/step | ETA: 1046.6 min
Step 12100000/100000000 | t=1.21e-01 | T=7344.9 | 1400.8 steps/s | 0.71 ms/step | ETA: 1045.8 min
Step 12150000/100000000 | t=1.22e-01 | T=7344.9 | 1400.6 steps/s | 0.71 ms/step | ETA: 1045.4 min
Step 12200000/100000000 | t=1.22e-01 | T=7344.9 | 1400.5 steps/s | 0.71 ms/step | ETA: 1044.8 min
Step 12250000/100000000 | t=1.23e-01 | T=7344.9 | 1400.5 steps/s | 0.71 ms/step | ETA: 1044.3 min
Step 12300000/100000000 | t=1.23e-01 | T=7344.9 | 1400.4 steps/s | 0.71 ms/step | ETA: 1043.8 min
Step 12350000/100000000 | t=1.24e-01 | T=7344.9 | 1400.3 steps/s | 0.71 ms/step | ETA: 1043.2 min
Step 12400000/100000000 | t=1.24e-01 | T=7344.9 | 1399.9 steps/s | 0.71 ms/step | ETA: 1042.9 min
Step 12450000/100000000 | t=1.25e-01 | T=7344.9 | 1399.4 steps/s | 0.71 ms/step | ETA: 1042.7 min
Step 12500000/100000000 | t=1.25e-01 | T=7344.9 | 1399.4 steps/s | 0.71 ms/step | ETA: 1042.1 min
Step 12550000/100000000 | t=1.26e-01 | T=7344.9 | 1399.2 steps/s | 0.71 ms/step | ETA: 1041.7 min
Step 12600000/100000000 | t=1.26e-01 | T=7344.9 | 1399.3 steps/s | 0.71 ms/step | ETA: 1041.0 min
Step 12650000/100000000 | t=1.27e-01 | T=7344.9 | 1399.4 steps/s | 0.71 ms/step | ETA: 1040.3 min
Step 12700000/100000000 | t=1.27e-01 | T=7344.9 | 1399.6 steps/s | 0.71 ms/step | ETA: 1039.6 min
Step 12750000/100000000 | t=1.28e-01 | T=7344.9 | 1399.8 steps/s | 0.71 ms/step | ETA: 1038.9 min
Step 12800000/100000000 | t=1.28e-01 | T=7344.9 | 1399.7 steps/s | 0.71 ms/step | ETA: 1038.3 min
Step 12850000/100000000 | t=1.29e-01 | T=7344.9 | 1400.0 steps/s | 0.71 ms/step | ETA: 1037.5 min
Step 12900000/100000000 | t=1.29e-01 | T=7344.9 | 1399.8 steps/s | 0.71 ms/step | ETA: 1037.1 min
Step 12950000/100000000 | t=1.30e-01 | T=7344.9 | 1399.8 steps/s | 0.71 ms/step | ETA: 1036.4 min
Step 13000000/100000000 | t=1.30e-01 | T=7344.9 | 1399.8 steps/s | 0.71 ms/step | ETA: 1035.9 min
Step 13050000/100000000 | t=1.31e-01 | T=7344.9 | 1399.0 steps/s | 0.71 ms/step | ETA: 1035.9 min
Step 13100000/100000000 | t=1.31e-01 | T=7344.9 | 1398.8 steps/s | 0.71 ms/step | ETA: 1035.4 min
Step 13150000/100000000 | t=1.32e-01 | T=7344.9 | 1398.7 steps/s | 0.71 ms/step | ETA: 1034.9 min
Step 13200000/100000000 | t=1.32e-01 | T=7344.9 | 1398.9 steps/s | 0.71 ms/step | ETA: 1034.1 min
Step 13250000/100000000 | t=1.33e-01 | T=7344.9 | 1398.9 steps/s | 0.71 ms/step | ETA: 1033.5 min
Step 13300000/100000000 | t=1.33e-01 | T=7344.9 | 1399.1 steps/s | 0.71 ms/step | ETA: 1032.8 min
Step 13350000/100000000 | t=1.34e-01 | T=7344.9 | 1399.2 steps/s | 0.71 ms/step | ETA: 1032.1 min
Step 13400000/100000000 | t=1.34e-01 | T=7344.9 | 1399.1 steps/s | 0.71 ms/step | ETA: 1031.6 min
Step 13450000/100000000 | t=1.35e-01 | T=7344.9 | 1399.0 steps/s | 0.71 ms/step | ETA: 1031.1 min
Step 13500000/100000000 | t=1.35e-01 | T=7344.9 | 1398.9 steps/s | 0.71 ms/step | ETA: 1030.6 min
Step 13550000/100000000 | t=1.36e-01 | T=7344.9 | 1399.0 steps/s | 0.71 ms/step | ETA: 1029.9 min
Step 13600000/100000000 | t=1.36e-01 | T=7344.9 | 1399.1 steps/s | 0.71 ms/step | ETA: 1029.2 min
Step 13650000/100000000 | t=1.37e-01 | T=7344.9 | 1398.9 steps/s | 0.71 ms/step | ETA: 1028.8 min
Step 13700000/100000000 | t=1.37e-01 | T=7344.9 | 1399.0 steps/s | 0.71 ms/step | ETA: 1028.1 min
Step 13750000/100000000 | t=1.38e-01 | T=7344.9 | 1399.0 steps/s | 0.71 ms/step | ETA: 1027.5 min
Step 13800000/100000000 | t=1.38e-01 | T=7344.9 | 1399.1 steps/s | 0.71 ms/step | ETA: 1026.8 min
Step 13850000/100000000 | t=1.39e-01 | T=7344.9 | 1399.3 steps/s | 0.71 ms/step | ETA: 1026.1 min
Step 13900000/100000000 | t=1.39e-01 | T=7344.9 | 1399.3 steps/s | 0.71 ms/step | ETA: 1025.5 min
Step 13950000/100000000 | t=1.40e-01 | T=7344.9 | 1399.5 steps/s | 0.71 ms/step | ETA: 1024.8 min
Step 14000000/100000000 | t=1.40e-01 | T=7344.9 | 1399.7 steps/s | 0.71 ms/step | ETA: 1024.0 min
Step 14050000/100000000 | t=1.41e-01 | T=7344.9 | 1400.0 steps/s | 0.71 ms/step | ETA: 1023.2 min
Step 14100000/100000000 | t=1.41e-01 | T=7344.9 | 1400.0 steps/s | 0.71 ms/step | ETA: 1022.6 min
Step 14150000/100000000 | t=1.41e-01 | T=7344.9 | 1399.9 steps/s | 0.71 ms/step | ETA: 1022.1 min
Step 14200000/100000000 | t=1.42e-01 | T=7344.9 | 1399.9 steps/s | 0.71 ms/step | ETA: 1021.5 min
Step 14250000/100000000 | t=1.42e-01 | T=7344.9 | 1399.9 steps/s | 0.71 ms/step | ETA: 1020.9 min
Step 14300000/100000000 | t=1.43e-01 | T=7344.9 | 1399.9 steps/s | 0.71 ms/step | ETA: 1020.3 min
Step 14350000/100000000 | t=1.43e-01 | T=7344.9 | 1399.9 steps/s | 0.71 ms/step | ETA: 1019.7 min
Step 14400000/100000000 | t=1.44e-01 | T=7344.9 | 1399.9 steps/s | 0.71 ms/step | ETA: 1019.1 min
Step 14450000/100000000 | t=1.44e-01 | T=7344.9 | 1399.9 steps/s | 0.71 ms/step | ETA: 1018.5 min
Step 14500000/100000000 | t=1.45e-01 | T=7344.9 | 1399.9 steps/s | 0.71 ms/step | ETA: 1017.9 min
Step 14550000/100000000 | t=1.45e-01 | T=7344.9 | 1399.8 steps/s | 0.71 ms/step | ETA: 1017.4 min
Step 14600000/100000000 | t=1.46e-01 | T=7344.9 | 1399.8 steps/s | 0.71 ms/step | ETA: 1016.8 min
Step 14650000/100000000 | t=1.46e-01 | T=7344.9 | 1399.6 steps/s | 0.71 ms/step | ETA: 1016.3 min
Step 14700000/100000000 | t=1.47e-01 | T=7344.9 | 1399.6 steps/s | 0.71 ms/step | ETA: 1015.7 min
Step 14750000/100000000 | t=1.47e-01 | T=7344.9 | 1399.9 steps/s | 0.71 ms/step | ETA: 1015.0 min
Step 14800000/100000000 | t=1.48e-01 | T=7344.9 | 1399.8 steps/s | 0.71 ms/step | ETA: 1014.4 min
Step 14850000/100000000 | t=1.48e-01 | T=7344.9 | 1399.7 steps/s | 0.71 ms/step | ETA: 1013.9 min
Step 14900000/100000000 | t=1.49e-01 | T=7344.9 | 1399.4 steps/s | 0.71 ms/step | ETA: 1013.5 min
Step 14950000/100000000 | t=1.49e-01 | T=7344.9 | 1399.6 steps/s | 0.71 ms/step | ETA: 1012.8 min
Step 15000000/100000000 | t=1.50e-01 | T=7344.9 | 1398.8 steps/s | 0.71 ms/step | ETA: 1012.7 min
Step 15050000/100000000 | t=1.50e-01 | T=7344.8 | 1398.0 steps/s | 0.72 ms/step | ETA: 1012.8 min
Step 15100000/100000000 | t=1.51e-01 | T=7344.8 | 1397.2 steps/s | 0.72 ms/step | ETA: 1012.8 min
Step 15150000/100000000 | t=1.51e-01 | T=7344.8 | 1396.3 steps/s | 0.72 ms/step | ETA: 1012.8 min
Step 15200000/100000000 | t=1.52e-01 | T=7344.8 | 1395.6 steps/s | 0.72 ms/step | ETA: 1012.7 min
Step 15250000/100000000 | t=1.52e-01 | T=7344.8 | 1394.7 steps/s | 0.72 ms/step | ETA: 1012.8 min
Step 15300000/100000000 | t=1.53e-01 | T=7344.8 | 1393.9 steps/s | 0.72 ms/step | ETA: 1012.7 min
Step 15350000/100000000 | t=1.53e-01 | T=7344.8 | 1393.1 steps/s | 0.72 ms/step | ETA: 1012.7 min
Step 15400000/100000000 | t=1.54e-01 | T=7344.8 | 1392.3 steps/s | 0.72 ms/step | ETA: 1012.7 min
Step 15450000/100000000 | t=1.54e-01 | T=7344.8 | 1391.7 steps/s | 0.72 ms/step | ETA: 1012.6 min
Step 15500000/100000000 | t=1.55e-01 | T=7344.8 | 1391.0 steps/s | 0.72 ms/step | ETA: 1012.5 min
Step 15550000/100000000 | t=1.55e-01 | T=7344.8 | 1390.2 steps/s | 0.72 ms/step | ETA: 1012.4 min
Step 15600000/100000000 | t=1.56e-01 | T=7344.8 | 1389.5 steps/s | 0.72 ms/step | ETA: 1012.4 min
Step 15650000/100000000 | t=1.57e-01 | T=7344.8 | 1388.6 steps/s | 0.72 ms/step | ETA: 1012.4 min
Step 15700000/100000000 | t=1.57e-01 | T=7344.8 | 1388.0 steps/s | 0.72 ms/step | ETA: 1012.3 min
Step 15750000/100000000 | t=1.58e-01 | T=7344.8 | 1387.4 steps/s | 0.72 ms/step | ETA: 1012.1 min
Step 15800000/100000000 | t=1.58e-01 | T=7344.8 | 1386.5 steps/s | 0.72 ms/step | ETA: 1012.1 min
Step 15850000/100000000 | t=1.59e-01 | T=7344.8 | 1385.8 steps/s | 0.72 ms/step | ETA: 1012.0 min
Step 15900000/100000000 | t=1.59e-01 | T=7344.8 | 1385.1 steps/s | 0.72 ms/step | ETA: 1011.9 min
Step 15950000/100000000 | t=1.60e-01 | T=7344.8 | 1384.4 steps/s | 0.72 ms/step | ETA: 1011.9 min
Step 16000000/100000000 | t=1.60e-01 | T=7344.8 | 1383.8 steps/s | 0.72 ms/step | ETA: 1011.7 min
Step 16050000/100000000 | t=1.61e-01 | T=7344.8 | 1383.1 steps/s | 0.72 ms/step | ETA: 1011.6 min
Step 16100000/100000000 | t=1.61e-01 | T=7344.8 | 1382.5 steps/s | 0.72 ms/step | ETA: 1011.5 min
Step 16150000/100000000 | t=1.62e-01 | T=7344.8 | 1381.8 steps/s | 0.72 ms/step | ETA: 1011.3 min
Step 16200000/100000000 | t=1.62e-01 | T=7344.8 | 1381.1 steps/s | 0.72 ms/step | ETA: 1011.2 min
Step 16250000/100000000 | t=1.63e-01 | T=7344.8 | 1380.4 steps/s | 0.72 ms/step | ETA: 1011.2 min
Step 16300000/100000000 | t=1.63e-01 | T=7344.8 | 1379.7 steps/s | 0.72 ms/step | ETA: 1011.1 min
Step 16350000/100000000 | t=1.64e-01 | T=7344.8 | 1379.1 steps/s | 0.73 ms/step | ETA: 1011.0 min
Step 16400000/100000000 | t=1.64e-01 | T=7344.8 | 1378.3 steps/s | 0.73 ms/step | ETA: 1010.9 min
Step 16450000/100000000 | t=1.65e-01 | T=7344.8 | 1377.6 steps/s | 0.73 ms/step | ETA: 1010.8 min
Step 16500000/100000000 | t=1.65e-01 | T=7344.8 | 1376.9 steps/s | 0.73 ms/step | ETA: 1010.7 min
Step 16550000/100000000 | t=1.66e-01 | T=7344.8 | 1376.2 steps/s | 0.73 ms/step | ETA: 1010.6 min
Step 16600000/100000000 | t=1.66e-01 | T=7344.8 | 1375.6 steps/s | 0.73 ms/step | ETA: 1010.4 min
Step 16650000/100000000 | t=1.67e-01 | T=7344.8 | 1374.9 steps/s | 0.73 ms/step | ETA: 1010.3 min
Step 16700000/100000000 | t=1.67e-01 | T=7344.8 | 1374.3 steps/s | 0.73 ms/step | ETA: 1010.2 min
Step 16750000/100000000 | t=1.68e-01 | T=7344.8 | 1373.7 steps/s | 0.73 ms/step | ETA: 1010.0 min
Step 16800000/100000000 | t=1.68e-01 | T=7344.8 | 1373.1 steps/s | 0.73 ms/step | ETA: 1009.9 min
Step 16850000/100000000 | t=1.69e-01 | T=7344.8 | 1372.4 steps/s | 0.73 ms/step | ETA: 1009.8 min
Step 16900000/100000000 | t=1.69e-01 | T=7344.8 | 1371.7 steps/s | 0.73 ms/step | ETA: 1009.7 min
Step 16950000/100000000 | t=1.70e-01 | T=7344.8 | 1370.9 steps/s | 0.73 ms/step | ETA: 1009.7 min
Step 17000000/100000000 | t=1.70e-01 | T=7344.8 | 1370.1 steps/s | 0.73 ms/step | ETA: 1009.7 min
Step 17050000/100000000 | t=1.71e-01 | T=7344.8 | 1369.4 steps/s | 0.73 ms/step | ETA: 1009.6 min
Step 17100000/100000000 | t=1.71e-01 | T=7344.8 | 1368.5 steps/s | 0.73 ms/step | ETA: 1009.6 min
Step 17150000/100000000 | t=1.72e-01 | T=7344.8 | 1367.8 steps/s | 0.73 ms/step | ETA: 1009.5 min
Step 17200000/100000000 | t=1.72e-01 | T=7344.8 | 1367.0 steps/s | 0.73 ms/step | ETA: 1009.5 min
Step 17250000/100000000 | t=1.72e-01 | T=7344.8 | 1366.2 steps/s | 0.73 ms/step | ETA: 1009.5 min
Step 17300000/100000000 | t=1.73e-01 | T=7344.8 | 1365.5 steps/s | 0.73 ms/step | ETA: 1009.4 min
Step 17350000/100000000 | t=1.73e-01 | T=7344.8 | 1364.8 steps/s | 0.73 ms/step | ETA: 1009.3 min
Step 17400000/100000000 | t=1.74e-01 | T=7344.8 | 1364.1 steps/s | 0.73 ms/step | ETA: 1009.2 min
Step 17450000/100000000 | t=1.75e-01 | T=7344.8 | 1363.4 steps/s | 0.73 ms/step | ETA: 1009.1 min
Step 17500000/100000000 | t=1.75e-01 | T=7344.8 | 1362.6 steps/s | 0.73 ms/step | ETA: 1009.1 min
Step 17550000/100000000 | t=1.76e-01 | T=7344.8 | 1362.0 steps/s | 0.73 ms/step | ETA: 1008.9 min
Step 17600000/100000000 | t=1.76e-01 | T=7344.8 | 1361.3 steps/s | 0.73 ms/step | ETA: 1008.9 min
Step 17650000/100000000 | t=1.77e-01 | T=7344.8 | 1360.5 steps/s | 0.74 ms/step | ETA: 1008.8 min
Step 17700000/100000000 | t=1.77e-01 | T=7344.8 | 1359.6 steps/s | 0.74 ms/step | ETA: 1008.8 min
Step 17750000/100000000 | t=1.78e-01 | T=7344.8 | 1358.9 steps/s | 0.74 ms/step | ETA: 1008.8 min
Step 17800000/100000000 | t=1.78e-01 | T=7344.8 | 1358.1 steps/s | 0.74 ms/step | ETA: 1008.8 min
Step 17850000/100000000 | t=1.79e-01 | T=7344.8 | 1357.4 steps/s | 0.74 ms/step | ETA: 1008.7 min
Step 17900000/100000000 | t=1.79e-01 | T=7344.8 | 1356.6 steps/s | 0.74 ms/step | ETA: 1008.7 min
Step 17950000/100000000 | t=1.80e-01 | T=7344.8 | 1355.9 steps/s | 0.74 ms/step | ETA: 1008.6 min
Step 18000000/100000000 | t=1.80e-01 | T=7344.8 | 1355.3 steps/s | 0.74 ms/step | ETA: 1008.4 min
Step 18050000/100000000 | t=1.81e-01 | T=7344.8 | 1354.6 steps/s | 0.74 ms/step | ETA: 1008.3 min
Step 18100000/100000000 | t=1.81e-01 | T=7344.8 | 1353.8 steps/s | 0.74 ms/step | ETA: 1008.2 min
Step 18150000/100000000 | t=1.82e-01 | T=7344.8 | 1353.1 steps/s | 0.74 ms/step | ETA: 1008.2 min
Step 18200000/100000000 | t=1.82e-01 | T=7344.8 | 1352.3 steps/s | 0.74 ms/step | ETA: 1008.2 min
Step 18250000/100000000 | t=1.83e-01 | T=7344.8 | 1351.5 steps/s | 0.74 ms/step | ETA: 1008.1 min
Step 18300000/100000000 | t=1.83e-01 | T=7344.8 | 1350.8 steps/s | 0.74 ms/step | ETA: 1008.0 min
Step 18350000/100000000 | t=1.84e-01 | T=7344.8 | 1350.2 steps/s | 0.74 ms/step | ETA: 1007.9 min
Step 18400000/100000000 | t=1.84e-01 | T=7344.8 | 1349.6 steps/s | 0.74 ms/step | ETA: 1007.7 min
Step 18450000/100000000 | t=1.85e-01 | T=7344.8 | 1348.9 steps/s | 0.74 ms/step | ETA: 1007.6 min
Step 18500000/100000000 | t=1.85e-01 | T=7344.8 | 1348.3 steps/s | 0.74 ms/step | ETA: 1007.5 min
Step 18550000/100000000 | t=1.86e-01 | T=7344.8 | 1347.7 steps/s | 0.74 ms/step | ETA: 1007.3 min
Step 18600000/100000000 | t=1.86e-01 | T=7344.8 | 1347.1 steps/s | 0.74 ms/step | ETA: 1007.1 min
Step 18650000/100000000 | t=1.87e-01 | T=7344.8 | 1346.5 steps/s | 0.74 ms/step | ETA: 1006.9 min
Step 18700000/100000000 | t=1.87e-01 | T=7344.8 | 1345.9 steps/s | 0.74 ms/step | ETA: 1006.8 min
Step 18750000/100000000 | t=1.88e-01 | T=7344.8 | 1345.2 steps/s | 0.74 ms/step | ETA: 1006.6 min
Step 18800000/100000000 | t=1.88e-01 | T=7344.8 | 1344.6 steps/s | 0.74 ms/step | ETA: 1006.5 min
Step 18850000/100000000 | t=1.89e-01 | T=7344.8 | 1343.9 steps/s | 0.74 ms/step | ETA: 1006.4 min
Step 18900000/100000000 | t=1.89e-01 | T=7344.8 | 1343.3 steps/s | 0.74 ms/step | ETA: 1006.2 min
Step 18950000/100000000 | t=1.90e-01 | T=7344.8 | 1342.6 steps/s | 0.74 ms/step | ETA: 1006.1 min
Step 19000000/100000000 | t=1.90e-01 | T=7344.8 | 1342.1 steps/s | 0.75 ms/step | ETA: 1005.9 min
Step 19050000/100000000 | t=1.91e-01 | T=7344.8 | 1341.6 steps/s | 0.75 ms/step | ETA: 1005.7 min
Step 19100000/100000000 | t=1.91e-01 | T=7344.8 | 1341.0 steps/s | 0.75 ms/step | ETA: 1005.4 min
Step 19150000/100000000 | t=1.92e-01 | T=7344.8 | 1340.5 steps/s | 0.75 ms/step | ETA: 1005.2 min
Step 19200000/100000000 | t=1.92e-01 | T=7344.8 | 1340.6 steps/s | 0.75 ms/step | ETA: 1004.5 min
Step 19250000/100000000 | t=1.93e-01 | T=7344.8 | 1340.9 steps/s | 0.75 ms/step | ETA: 1003.7 min
Step 19300000/100000000 | t=1.93e-01 | T=7344.8 | 1341.2 steps/s | 0.75 ms/step | ETA: 1002.8 min
Step 19350000/100000000 | t=1.94e-01 | T=7344.8 | 1341.4 steps/s | 0.75 ms/step | ETA: 1002.1 min
Step 19400000/100000000 | t=1.94e-01 | T=7344.8 | 1341.5 steps/s | 0.75 ms/step | ETA: 1001.4 min
Step 19450000/100000000 | t=1.95e-01 | T=7344.8 | 1341.5 steps/s | 0.75 ms/step | ETA: 1000.7 min
Step 19500000/100000000 | t=1.95e-01 | T=7344.8 | 1341.4 steps/s | 0.75 ms/step | ETA: 1000.2 min
Step 19550000/100000000 | t=1.96e-01 | T=7344.8 | 1341.3 steps/s | 0.75 ms/step | ETA: 999.7 min
Step 19600000/100000000 | t=1.96e-01 | T=7344.8 | 1341.2 steps/s | 0.75 ms/step | ETA: 999.1 min
Step 19650000/100000000 | t=1.97e-01 | T=7344.8 | 1341.1 steps/s | 0.75 ms/step | ETA: 998.5 min
Step 19700000/100000000 | t=1.97e-01 | T=7344.8 | 1341.0 steps/s | 0.75 ms/step | ETA: 998.0 min
Step 19750000/100000000 | t=1.98e-01 | T=7344.8 | 1340.9 steps/s | 0.75 ms/step | ETA: 997.5 min
Step 19800000/100000000 | t=1.98e-01 | T=7344.8 | 1341.1 steps/s | 0.75 ms/step | ETA: 996.7 min
Step 19850000/100000000 | t=1.99e-01 | T=7344.8 | 1341.3 steps/s | 0.75 ms/step | ETA: 995.9 min
Step 19900000/100000000 | t=1.99e-01 | T=7344.8 | 1341.6 steps/s | 0.75 ms/step | ETA: 995.1 min
Step 19950000/100000000 | t=2.00e-01 | T=7344.8 | 1341.8 steps/s | 0.75 ms/step | ETA: 994.3 min
Step 20000000/100000000 | t=2.00e-01 | T=7344.8 | 1342.0 steps/s | 0.75 ms/step | ETA: 993.6 min
Step 20050000/100000000 | t=2.01e-01 | T=7344.8 | 1342.3 steps/s | 0.75 ms/step | ETA: 992.7 min
Step 20100000/100000000 | t=2.01e-01 | T=7344.8 | 1342.3 steps/s | 0.74 ms/step | ETA: 992.1 min
Step 20150000/100000000 | t=2.02e-01 | T=7344.8 | 1342.5 steps/s | 0.74 ms/step | ETA: 991.3 min
Step 20200000/100000000 | t=2.02e-01 | T=7344.8 | 1342.8 steps/s | 0.74 ms/step | ETA: 990.5 min
Step 20250000/100000000 | t=2.03e-01 | T=7344.8 | 1342.9 steps/s | 0.74 ms/step | ETA: 989.8 min
Step 20300000/100000000 | t=2.03e-01 | T=7344.8 | 1343.1 steps/s | 0.74 ms/step | ETA: 989.0 min
Step 20350000/100000000 | t=2.04e-01 | T=7344.8 | 1343.3 steps/s | 0.74 ms/step | ETA: 988.2 min
Step 20400000/100000000 | t=2.04e-01 | T=7344.8 | 1343.5 steps/s | 0.74 ms/step | ETA: 987.5 min
Step 20450000/100000000 | t=2.05e-01 | T=7344.8 | 1343.6 steps/s | 0.74 ms/step | ETA: 986.8 min
Step 20500000/100000000 | t=2.05e-01 | T=7344.8 | 1343.7 steps/s | 0.74 ms/step | ETA: 986.1 min
Step 20550000/100000000 | t=2.06e-01 | T=7344.8 | 1343.8 steps/s | 0.74 ms/step | ETA: 985.4 min
Step 20600000/100000000 | t=2.06e-01 | T=7344.8 | 1344.0 steps/s | 0.74 ms/step | ETA: 984.7 min
Step 20650000/100000000 | t=2.07e-01 | T=7344.8 | 1344.0 steps/s | 0.74 ms/step | ETA: 984.0 min
Step 20700000/100000000 | t=2.07e-01 | T=7344.8 | 1344.2 steps/s | 0.74 ms/step | ETA: 983.2 min
Step 20750000/100000000 | t=2.08e-01 | T=7344.8 | 1344.4 steps/s | 0.74 ms/step | ETA: 982.5 min
Step 20800000/100000000 | t=2.08e-01 | T=7344.8 | 1344.3 steps/s | 0.74 ms/step | ETA: 981.9 min
Step 20850000/100000000 | t=2.09e-01 | T=7344.8 | 1344.3 steps/s | 0.74 ms/step | ETA: 981.3 min
Step 20900000/100000000 | t=2.09e-01 | T=7344.8 | 1344.5 steps/s | 0.74 ms/step | ETA: 980.5 min
Step 20950000/100000000 | t=2.10e-01 | T=7344.8 | 1344.7 steps/s | 0.74 ms/step | ETA: 979.8 min
Step 21000000/100000000 | t=2.10e-01 | T=7344.8 | 1344.9 steps/s | 0.74 ms/step | ETA: 979.0 min
Step 21050000/100000000 | t=2.11e-01 | T=7344.8 | 1345.0 steps/s | 0.74 ms/step | ETA: 978.3 min
Step 21100000/100000000 | t=2.11e-01 | T=7344.8 | 1345.2 steps/s | 0.74 ms/step | ETA: 977.5 min
Step 21150000/100000000 | t=2.12e-01 | T=7344.8 | 1345.4 steps/s | 0.74 ms/step | ETA: 976.8 min
Step 21200000/100000000 | t=2.12e-01 | T=7344.8 | 1345.6 steps/s | 0.74 ms/step | ETA: 976.0 min
Step 21250000/100000000 | t=2.13e-01 | T=7344.8 | 1345.8 steps/s | 0.74 ms/step | ETA: 975.3 min
Step 21300000/100000000 | t=2.13e-01 | T=7344.8 | 1345.8 steps/s | 0.74 ms/step | ETA: 974.6 min
Step 21350000/100000000 | t=2.14e-01 | T=7344.8 | 1345.8 steps/s | 0.74 ms/step | ETA: 974.0 min
Step 21400000/100000000 | t=2.14e-01 | T=7344.8 | 1346.1 steps/s | 0.74 ms/step | ETA: 973.2 min
Step 21450000/100000000 | t=2.15e-01 | T=7344.8 | 1346.5 steps/s | 0.74 ms/step | ETA: 972.3 min
Step 21500000/100000000 | t=2.15e-01 | T=7344.8 | 1346.8 steps/s | 0.74 ms/step | ETA: 971.5 min
Step 21550000/100000000 | t=2.16e-01 | T=7344.8 | 1347.1 steps/s | 0.74 ms/step | ETA: 970.6 min
Step 21600000/100000000 | t=2.16e-01 | T=7344.8 | 1347.4 steps/s | 0.74 ms/step | ETA: 969.7 min
Step 21650000/100000000 | t=2.17e-01 | T=7344.8 | 1347.5 steps/s | 0.74 ms/step | ETA: 969.0 min
Step 21700000/100000000 | t=2.17e-01 | T=7344.8 | 1347.8 steps/s | 0.74 ms/step | ETA: 968.3 min
Step 21750000/100000000 | t=2.18e-01 | T=7344.8 | 1348.0 steps/s | 0.74 ms/step | ETA: 967.5 min
Step 21800000/100000000 | t=2.18e-01 | T=7344.8 | 1348.4 steps/s | 0.74 ms/step | ETA: 966.6 min
Step 21850000/100000000 | t=2.19e-01 | T=7344.8 | 1348.6 steps/s | 0.74 ms/step | ETA: 965.8 min
Step 21900000/100000000 | t=2.19e-01 | T=7344.8 | 1348.9 steps/s | 0.74 ms/step | ETA: 964.9 min
Step 21950000/100000000 | t=2.20e-01 | T=7344.8 | 1349.3 steps/s | 0.74 ms/step | ETA: 964.1 min
Step 22000000/100000000 | t=2.20e-01 | T=7344.8 | 1349.7 steps/s | 0.74 ms/step | ETA: 963.2 min
Step 22050000/100000000 | t=2.21e-01 | T=7344.8 | 1350.0 steps/s | 0.74 ms/step | ETA: 962.4 min
Step 22100000/100000000 | t=2.21e-01 | T=7344.8 | 1350.2 steps/s | 0.74 ms/step | ETA: 961.6 min
Step 22150000/100000000 | t=2.22e-01 | T=7344.8 | 1350.5 steps/s | 0.74 ms/step | ETA: 960.8 min
Step 22200000/100000000 | t=2.22e-01 | T=7344.8 | 1350.7 steps/s | 0.74 ms/step | ETA: 960.0 min
Step 22250000/100000000 | t=2.23e-01 | T=7344.8 | 1350.9 steps/s | 0.74 ms/step | ETA: 959.2 min
Step 22300000/100000000 | t=2.23e-01 | T=7344.8 | 1351.3 steps/s | 0.74 ms/step | ETA: 958.4 min
Step 22350000/100000000 | t=2.24e-01 | T=7344.8 | 1351.6 steps/s | 0.74 ms/step | ETA: 957.5 min
Step 22400000/100000000 | t=2.24e-01 | T=7344.8 | 1351.9 steps/s | 0.74 ms/step | ETA: 956.7 min
Step 22450000/100000000 | t=2.25e-01 | T=7344.8 | 1352.2 steps/s | 0.74 ms/step | ETA: 955.9 min
Step 22500000/100000000 | t=2.25e-01 | T=7344.8 | 1352.6 steps/s | 0.74 ms/step | ETA: 955.0 min
Step 22550000/100000000 | t=2.26e-01 | T=7344.8 | 1352.7 steps/s | 0.74 ms/step | ETA: 954.3 min
Step 22600000/100000000 | t=2.26e-01 | T=7344.8 | 1352.9 steps/s | 0.74 ms/step | ETA: 953.5 min
Step 22650000/100000000 | t=2.27e-01 | T=7344.8 | 1353.1 steps/s | 0.74 ms/step | ETA: 952.7 min
Step 22700000/100000000 | t=2.27e-01 | T=7344.8 | 1353.2 steps/s | 0.74 ms/step | ETA: 952.1 min
Step 22750000/100000000 | t=2.28e-01 | T=7344.8 | 1353.4 steps/s | 0.74 ms/step | ETA: 951.3 min
Step 22800000/100000000 | t=2.28e-01 | T=7344.8 | 1353.5 steps/s | 0.74 ms/step | ETA: 950.6 min
Step 22850000/100000000 | t=2.29e-01 | T=7344.8 | 1353.7 steps/s | 0.74 ms/step | ETA: 949.9 min
Step 22900000/100000000 | t=2.29e-01 | T=7344.8 | 1353.8 steps/s | 0.74 ms/step | ETA: 949.2 min
Step 22950000/100000000 | t=2.30e-01 | T=7344.8 | 1353.9 steps/s | 0.74 ms/step | ETA: 948.5 min
Step 23000000/100000000 | t=2.30e-01 | T=7344.8 | 1354.0 steps/s | 0.74 ms/step | ETA: 947.8 min
Step 23050000/100000000 | t=2.31e-01 | T=7344.8 | 1354.2 steps/s | 0.74 ms/step | ETA: 947.0 min
Step 23100000/100000000 | t=2.31e-01 | T=7344.8 | 1354.5 steps/s | 0.74 ms/step | ETA: 946.2 min
Step 23150000/100000000 | t=2.32e-01 | T=7344.8 | 1354.8 steps/s | 0.74 ms/step | ETA: 945.4 min
Step 23200000/100000000 | t=2.32e-01 | T=7344.8 | 1355.1 steps/s | 0.74 ms/step | ETA: 944.6 min
Step 23250000/100000000 | t=2.33e-01 | T=7344.8 | 1355.4 steps/s | 0.74 ms/step | ETA: 943.8 min
Step 23300000/100000000 | t=2.33e-01 | T=7344.8 | 1355.6 steps/s | 0.74 ms/step | ETA: 943.0 min
Step 23350000/100000000 | t=2.34e-01 | T=7344.8 | 1356.0 steps/s | 0.74 ms/step | ETA: 942.1 min
Step 23400000/100000000 | t=2.34e-01 | T=7344.8 | 1356.2 steps/s | 0.74 ms/step | ETA: 941.3 min
Step 23450000/100000000 | t=2.35e-01 | T=7344.8 | 1356.5 steps/s | 0.74 ms/step | ETA: 940.6 min
Step 23500000/100000000 | t=2.35e-01 | T=7344.8 | 1356.5 steps/s | 0.74 ms/step | ETA: 939.9 min
Step 23550000/100000000 | t=2.36e-01 | T=7344.8 | 1356.7 steps/s | 0.74 ms/step | ETA: 939.2 min
Step 23600000/100000000 | t=2.36e-01 | T=7344.8 | 1356.9 steps/s | 0.74 ms/step | ETA: 938.4 min
Step 23650000/100000000 | t=2.37e-01 | T=7344.8 | 1357.1 steps/s | 0.74 ms/step | ETA: 937.6 min
Step 23700000/100000000 | t=2.37e-01 | T=7344.8 | 1357.5 steps/s | 0.74 ms/step | ETA: 936.8 min
Step 23750000/100000000 | t=2.38e-01 | T=7344.8 | 1357.7 steps/s | 0.74 ms/step | ETA: 936.0 min
Step 23800000/100000000 | t=2.38e-01 | T=7344.8 | 1358.1 steps/s | 0.74 ms/step | ETA: 935.2 min
Step 23850000/100000000 | t=2.39e-01 | T=7344.8 | 1358.4 steps/s | 0.74 ms/step | ETA: 934.3 min
Step 23900000/100000000 | t=2.39e-01 | T=7344.8 | 1358.5 steps/s | 0.74 ms/step | ETA: 933.6 min
Step 23950000/100000000 | t=2.40e-01 | T=7344.8 | 1358.7 steps/s | 0.74 ms/step | ETA: 932.8 min
Step 24000000/100000000 | t=2.40e-01 | T=7344.8 | 1359.0 steps/s | 0.74 ms/step | ETA: 932.1 min
Step 24050000/100000000 | t=2.41e-01 | T=7344.8 | 1359.1 steps/s | 0.74 ms/step | ETA: 931.4 min
Step 24100000/100000000 | t=2.41e-01 | T=7344.8 | 1359.1 steps/s | 0.74 ms/step | ETA: 930.8 min
Step 24150000/100000000 | t=2.42e-01 | T=7344.8 | 1359.4 steps/s | 0.74 ms/step | ETA: 930.0 min
Step 24200000/100000000 | t=2.42e-01 | T=7344.8 | 1359.4 steps/s | 0.74 ms/step | ETA: 929.3 min
Step 24250000/100000000 | t=2.43e-01 | T=7344.8 | 1359.6 steps/s | 0.74 ms/step | ETA: 928.6 min
Step 24300000/100000000 | t=2.43e-01 | T=7344.8 | 1359.6 steps/s | 0.74 ms/step | ETA: 927.9 min
Step 24350000/100000000 | t=2.44e-01 | T=7344.8 | 1359.7 steps/s | 0.74 ms/step | ETA: 927.3 min
Step 24400000/100000000 | t=2.44e-01 | T=7344.8 | 1359.8 steps/s | 0.74 ms/step | ETA: 926.6 min
Step 24450000/100000000 | t=2.45e-01 | T=7344.8 | 1359.9 steps/s | 0.74 ms/step | ETA: 925.9 min
Step 24500000/100000000 | t=2.45e-01 | T=7344.8 | 1360.0 steps/s | 0.74 ms/step | ETA: 925.2 min
Step 24550000/100000000 | t=2.46e-01 | T=7344.8 | 1360.1 steps/s | 0.74 ms/step | ETA: 924.5 min
Step 24600000/100000000 | t=2.46e-01 | T=7344.8 | 1360.2 steps/s | 0.74 ms/step | ETA: 923.9 min
Step 24650000/100000000 | t=2.47e-01 | T=7344.8 | 1360.3 steps/s | 0.74 ms/step | ETA: 923.2 min
Step 24700000/100000000 | t=2.47e-01 | T=7344.8 | 1360.4 steps/s | 0.74 ms/step | ETA: 922.5 min
Step 24750000/100000000 | t=2.48e-01 | T=7344.8 | 1360.5 steps/s | 0.74 ms/step | ETA: 921.8 min
Step 24800000/100000000 | t=2.48e-01 | T=7344.8 | 1360.6 steps/s | 0.73 ms/step | ETA: 921.2 min
Step 24850000/100000000 | t=2.49e-01 | T=7344.8 | 1360.6 steps/s | 0.73 ms/step | ETA: 920.5 min
Step 24900000/100000000 | t=2.49e-01 | T=7344.8 | 1360.8 steps/s | 0.73 ms/step | ETA: 919.8 min
Step 24950000/100000000 | t=2.50e-01 | T=7344.8 | 1360.9 steps/s | 0.73 ms/step | ETA: 919.2 min
Step 25000000/100000000 | t=2.50e-01 | T=7344.8 | 1361.0 steps/s | 0.73 ms/step | ETA: 918.5 min
Step 25050000/100000000 | t=2.51e-01 | T=7344.7 | 1361.1 steps/s | 0.73 ms/step | ETA: 917.8 min
Step 25100000/100000000 | t=2.51e-01 | T=7344.7 | 1361.2 steps/s | 0.73 ms/step | ETA: 917.1 min
Step 25150000/100000000 | t=2.52e-01 | T=7344.7 | 1361.2 steps/s | 0.73 ms/step | ETA: 916.5 min
Step 25200000/100000000 | t=2.52e-01 | T=7344.7 | 1361.2 steps/s | 0.73 ms/step | ETA: 915.8 min
Step 25250000/100000000 | t=2.53e-01 | T=7344.7 | 1361.3 steps/s | 0.73 ms/step | ETA: 915.2 min
Step 25300000/100000000 | t=2.53e-01 | T=7344.7 | 1361.4 steps/s | 0.73 ms/step | ETA: 914.5 min
Step 25350000/100000000 | t=2.54e-01 | T=7344.7 | 1361.5 steps/s | 0.73 ms/step | ETA: 913.8 min
Step 25400000/100000000 | t=2.54e-01 | T=7344.7 | 1361.5 steps/s | 0.73 ms/step | ETA: 913.2 min
Step 25450000/100000000 | t=2.55e-01 | T=7344.7 | 1361.6 steps/s | 0.73 ms/step | ETA: 912.5 min
Step 25500000/100000000 | t=2.55e-01 | T=7344.7 | 1361.8 steps/s | 0.73 ms/step | ETA: 911.8 min
Step 25550000/100000000 | t=2.56e-01 | T=7344.7 | 1361.9 steps/s | 0.73 ms/step | ETA: 911.1 min
Step 25600000/100000000 | t=2.56e-01 | T=7344.7 | 1362.1 steps/s | 0.73 ms/step | ETA: 910.4 min
Step 25650000/100000000 | t=2.57e-01 | T=7344.7 | 1362.2 steps/s | 0.73 ms/step | ETA: 909.7 min
Step 25700000/100000000 | t=2.57e-01 | T=7344.7 | 1362.4 steps/s | 0.73 ms/step | ETA: 909.0 min
Step 25750000/100000000 | t=2.58e-01 | T=7344.7 | 1362.4 steps/s | 0.73 ms/step | ETA: 908.3 min
Step 25800000/100000000 | t=2.58e-01 | T=7344.7 | 1362.5 steps/s | 0.73 ms/step | ETA: 907.6 min
Step 25850000/100000000 | t=2.59e-01 | T=7344.7 | 1362.6 steps/s | 0.73 ms/step | ETA: 906.9 min
Step 25900000/100000000 | t=2.59e-01 | T=7344.7 | 1362.6 steps/s | 0.73 ms/step | ETA: 906.3 min
Step 25950000/100000000 | t=2.60e-01 | T=7344.7 | 1362.7 steps/s | 0.73 ms/step | ETA: 905.7 min
Step 26000000/100000000 | t=2.60e-01 | T=7344.7 | 1362.7 steps/s | 0.73 ms/step | ETA: 905.0 min
Step 26050000/100000000 | t=2.61e-01 | T=7344.7 | 1362.8 steps/s | 0.73 ms/step | ETA: 904.4 min
Step 26100000/100000000 | t=2.61e-01 | T=7344.7 | 1362.8 steps/s | 0.73 ms/step | ETA: 903.7 min
Step 26150000/100000000 | t=2.62e-01 | T=7344.7 | 1362.8 steps/s | 0.73 ms/step | ETA: 903.2 min
Step 26200000/100000000 | t=2.62e-01 | T=7344.7 | 1362.8 steps/s | 0.73 ms/step | ETA: 902.5 min
Step 26250000/100000000 | t=2.63e-01 | T=7344.7 | 1362.9 steps/s | 0.73 ms/step | ETA: 901.9 min
Step 26300000/100000000 | t=2.63e-01 | T=7344.7 | 1363.0 steps/s | 0.73 ms/step | ETA: 901.2 min
Step 26350000/100000000 | t=2.64e-01 | T=7344.7 | 1363.2 steps/s | 0.73 ms/step | ETA: 900.5 min
Step 26400000/100000000 | t=2.64e-01 | T=7344.7 | 1363.3 steps/s | 0.73 ms/step | ETA: 899.8 min
Step 26450000/100000000 | t=2.65e-01 | T=7344.7 | 1363.4 steps/s | 0.73 ms/step | ETA: 899.1 min
Step 26500000/100000000 | t=2.65e-01 | T=7344.7 | 1363.6 steps/s | 0.73 ms/step | ETA: 898.4 min
Step 26550000/100000000 | t=2.66e-01 | T=7344.7 | 1363.6 steps/s | 0.73 ms/step | ETA: 897.7 min
Step 26600000/100000000 | t=2.66e-01 | T=7344.7 | 1363.8 steps/s | 0.73 ms/step | ETA: 897.0 min
Step 26650000/100000000 | t=2.67e-01 | T=7344.7 | 1364.0 steps/s | 0.73 ms/step | ETA: 896.3 min
Step 26700000/100000000 | t=2.67e-01 | T=7344.7 | 1364.3 steps/s | 0.73 ms/step | ETA: 895.5 min
Step 26750000/100000000 | t=2.68e-01 | T=7344.7 | 1364.5 steps/s | 0.73 ms/step | ETA: 894.7 min
Step 26800000/100000000 | t=2.68e-01 | T=7344.7 | 1364.7 steps/s | 0.73 ms/step | ETA: 894.0 min
Step 26850000/100000000 | t=2.69e-01 | T=7344.7 | 1364.7 steps/s | 0.73 ms/step | ETA: 893.3 min
Step 26900000/100000000 | t=2.69e-01 | T=7344.7 | 1364.9 steps/s | 0.73 ms/step | ETA: 892.6 min
Step 26950000/100000000 | t=2.70e-01 | T=7344.7 | 1365.1 steps/s | 0.73 ms/step | ETA: 891.8 min
Step 27000000/100000000 | t=2.70e-01 | T=7344.7 | 1365.2 steps/s | 0.73 ms/step | ETA: 891.2 min
Step 27050000/100000000 | t=2.71e-01 | T=7344.7 | 1365.2 steps/s | 0.73 ms/step | ETA: 890.6 min
Step 27100000/100000000 | t=2.71e-01 | T=7344.7 | 1365.3 steps/s | 0.73 ms/step | ETA: 889.9 min
Step 27150000/100000000 | t=2.72e-01 | T=7344.7 | 1365.4 steps/s | 0.73 ms/step | ETA: 889.2 min
Step 27200000/100000000 | t=2.72e-01 | T=7344.7 | 1365.6 steps/s | 0.73 ms/step | ETA: 888.5 min
Step 27250000/100000000 | t=2.73e-01 | T=7344.7 | 1365.7 steps/s | 0.73 ms/step | ETA: 887.8 min
Step 27300000/100000000 | t=2.73e-01 | T=7344.7 | 1365.8 steps/s | 0.73 ms/step | ETA: 887.1 min
Step 27350000/100000000 | t=2.74e-01 | T=7344.7 | 1365.9 steps/s | 0.73 ms/step | ETA: 886.4 min
Step 27400000/100000000 | t=2.74e-01 | T=7344.7 | 1366.0 steps/s | 0.73 ms/step | ETA: 885.8 min
Step 27450000/100000000 | t=2.75e-01 | T=7344.7 | 1366.0 steps/s | 0.73 ms/step | ETA: 885.2 min
Step 27500000/100000000 | t=2.75e-01 | T=7344.7 | 1366.2 steps/s | 0.73 ms/step | ETA: 884.5 min
Step 27550000/100000000 | t=2.76e-01 | T=7344.7 | 1366.1 steps/s | 0.73 ms/step | ETA: 883.9 min
Step 27600000/100000000 | t=2.76e-01 | T=7344.7 | 1366.3 steps/s | 0.73 ms/step | ETA: 883.2 min
Step 27650000/100000000 | t=2.77e-01 | T=7344.7 | 1366.5 steps/s | 0.73 ms/step | ETA: 882.4 min
Step 27700000/100000000 | t=2.77e-01 | T=7344.7 | 1366.7 steps/s | 0.73 ms/step | ETA: 881.7 min
Step 27750000/100000000 | t=2.78e-01 | T=7344.7 | 1366.9 steps/s | 0.73 ms/step | ETA: 881.0 min
Step 27800000/100000000 | t=2.78e-01 | T=7344.7 | 1367.0 steps/s | 0.73 ms/step | ETA: 880.3 min
Step 27850000/100000000 | t=2.79e-01 | T=7344.7 | 1367.2 steps/s | 0.73 ms/step | ETA: 879.5 min
Step 27900000/100000000 | t=2.79e-01 | T=7344.7 | 1367.3 steps/s | 0.73 ms/step | ETA: 878.8 min
Step 27950000/100000000 | t=2.80e-01 | T=7344.7 | 1367.5 steps/s | 0.73 ms/step | ETA: 878.1 min
Step 28000000/100000000 | t=2.80e-01 | T=7344.7 | 1367.6 steps/s | 0.73 ms/step | ETA: 877.5 min
Step 28050000/100000000 | t=2.81e-01 | T=7344.7 | 1367.7 steps/s | 0.73 ms/step | ETA: 876.8 min
Step 28100000/100000000 | t=2.81e-01 | T=7344.7 | 1367.8 steps/s | 0.73 ms/step | ETA: 876.1 min
Step 28150000/100000000 | t=2.81e-01 | T=7344.7 | 1368.0 steps/s | 0.73 ms/step | ETA: 875.3 min
Step 28200000/100000000 | t=2.82e-01 | T=7344.7 | 1368.3 steps/s | 0.73 ms/step | ETA: 874.6 min
Step 28250000/100000000 | t=2.82e-01 | T=7344.7 | 1368.4 steps/s | 0.73 ms/step | ETA: 873.9 min
Step 28300000/100000000 | t=2.83e-01 | T=7344.7 | 1368.6 steps/s | 0.73 ms/step | ETA: 873.1 min
Step 28350000/100000000 | t=2.83e-01 | T=7344.7 | 1368.9 steps/s | 0.73 ms/step | ETA: 872.4 min
Step 28400000/100000000 | t=2.84e-01 | T=7344.7 | 1369.0 steps/s | 0.73 ms/step | ETA: 871.7 min
Step 28450000/100000000 | t=2.84e-01 | T=7344.7 | 1369.2 steps/s | 0.73 ms/step | ETA: 870.9 min
Step 28500000/100000000 | t=2.85e-01 | T=7344.7 | 1369.4 steps/s | 0.73 ms/step | ETA: 870.2 min
Step 28550000/100000000 | t=2.85e-01 | T=7344.7 | 1369.6 steps/s | 0.73 ms/step | ETA: 869.5 min
Step 28600000/100000000 | t=2.86e-01 | T=7344.7 | 1369.8 steps/s | 0.73 ms/step | ETA: 868.7 min
Step 28650000/100000000 | t=2.86e-01 | T=7344.7 | 1370.0 steps/s | 0.73 ms/step | ETA: 868.0 min
Step 28700000/100000000 | t=2.87e-01 | T=7344.7 | 1370.2 steps/s | 0.73 ms/step | ETA: 867.3 min
Step 28750000/100000000 | t=2.87e-01 | T=7344.7 | 1370.3 steps/s | 0.73 ms/step | ETA: 866.6 min
Step 28800000/100000000 | t=2.88e-01 | T=7344.7 | 1370.5 steps/s | 0.73 ms/step | ETA: 865.8 min
Step 28850000/100000000 | t=2.88e-01 | T=7344.7 | 1370.8 steps/s | 0.73 ms/step | ETA: 865.1 min
Step 28900000/100000000 | t=2.89e-01 | T=7344.7 | 1371.0 steps/s | 0.73 ms/step | ETA: 864.4 min
Step 28950000/100000000 | t=2.89e-01 | T=7344.7 | 1371.2 steps/s | 0.73 ms/step | ETA: 863.6 min
Step 29000000/100000000 | t=2.90e-01 | T=7344.7 | 1371.3 steps/s | 0.73 ms/step | ETA: 862.9 min
Step 29050000/100000000 | t=2.90e-01 | T=7344.7 | 1371.4 steps/s | 0.73 ms/step | ETA: 862.2 min
Step 29100000/100000000 | t=2.91e-01 | T=7344.7 | 1371.6 steps/s | 0.73 ms/step | ETA: 861.5 min
Step 29150000/100000000 | t=2.91e-01 | T=7344.7 | 1371.8 steps/s | 0.73 ms/step | ETA: 860.8 min
Step 29200000/100000000 | t=2.92e-01 | T=7344.7 | 1371.9 steps/s | 0.73 ms/step | ETA: 860.1 min
Step 29250000/100000000 | t=2.92e-01 | T=7344.7 | 1372.0 steps/s | 0.73 ms/step | ETA: 859.4 min
Step 29300000/100000000 | t=2.93e-01 | T=7344.7 | 1372.1 steps/s | 0.73 ms/step | ETA: 858.8 min
Step 29350000/100000000 | t=2.93e-01 | T=7344.7 | 1372.2 steps/s | 0.73 ms/step | ETA: 858.1 min
Step 29400000/100000000 | t=2.94e-01 | T=7344.7 | 1372.3 steps/s | 0.73 ms/step | ETA: 857.4 min
Step 29450000/100000000 | t=2.94e-01 | T=7344.7 | 1372.4 steps/s | 0.73 ms/step | ETA: 856.8 min
Step 29500000/100000000 | t=2.95e-01 | T=7344.7 | 1372.5 steps/s | 0.73 ms/step | ETA: 856.1 min
Step 29550000/100000000 | t=2.95e-01 | T=7344.7 | 1372.6 steps/s | 0.73 ms/step | ETA: 855.4 min
Step 29600000/100000000 | t=2.96e-01 | T=7344.7 | 1372.6 steps/s | 0.73 ms/step | ETA: 854.8 min
Step 29650000/100000000 | t=2.96e-01 | T=7344.7 | 1372.8 steps/s | 0.73 ms/step | ETA: 854.1 min
Step 29700000/100000000 | t=2.97e-01 | T=7344.7 | 1372.8 steps/s | 0.73 ms/step | ETA: 853.5 min
Step 29750000/100000000 | t=2.97e-01 | T=7344.7 | 1372.9 steps/s | 0.73 ms/step | ETA: 852.8 min
Step 29800000/100000000 | t=2.98e-01 | T=7344.7 | 1373.0 steps/s | 0.73 ms/step | ETA: 852.2 min
Step 29850000/100000000 | t=2.98e-01 | T=7344.7 | 1373.1 steps/s | 0.73 ms/step | ETA: 851.5 min
Step 29900000/100000000 | t=2.99e-01 | T=7344.7 | 1373.1 steps/s | 0.73 ms/step | ETA: 850.9 min
Step 29950000/100000000 | t=2.99e-01 | T=7344.7 | 1373.1 steps/s | 0.73 ms/step | ETA: 850.3 min
Step 30000000/100000000 | t=3.00e-01 | T=7344.7 | 1373.2 steps/s | 0.73 ms/step | ETA: 849.6 min
Step 30050000/100000000 | t=3.00e-01 | T=7344.7 | 1373.3 steps/s | 0.73 ms/step | ETA: 848.9 min
Step 30100000/100000000 | t=3.01e-01 | T=7344.7 | 1373.2 steps/s | 0.73 ms/step | ETA: 848.4 min
Step 30150000/100000000 | t=3.01e-01 | T=7344.7 | 1373.3 steps/s | 0.73 ms/step | ETA: 847.7 min
Step 30200000/100000000 | t=3.02e-01 | T=7344.7 | 1373.4 steps/s | 0.73 ms/step | ETA: 847.1 min
Step 30250000/100000000 | t=3.02e-01 | T=7344.7 | 1373.6 steps/s | 0.73 ms/step | ETA: 846.3 min
Step 30300000/100000000 | t=3.03e-01 | T=7344.7 | 1373.8 steps/s | 0.73 ms/step | ETA: 845.6 min
Step 30350000/100000000 | t=3.03e-01 | T=7344.7 | 1373.9 steps/s | 0.73 ms/step | ETA: 844.9 min
Step 30400000/100000000 | t=3.04e-01 | T=7344.7 | 1374.0 steps/s | 0.73 ms/step | ETA: 844.3 min
Step 30450000/100000000 | t=3.04e-01 | T=7344.7 | 1374.1 steps/s | 0.73 ms/step | ETA: 843.6 min
Step 30500000/100000000 | t=3.05e-01 | T=7344.7 | 1374.1 steps/s | 0.73 ms/step | ETA: 843.0 min
Step 30550000/100000000 | t=3.05e-01 | T=7344.7 | 1374.1 steps/s | 0.73 ms/step | ETA: 842.4 min
Step 30600000/100000000 | t=3.06e-01 | T=7344.7 | 1374.1 steps/s | 0.73 ms/step | ETA: 841.8 min
Step 30650000/100000000 | t=3.06e-01 | T=7344.7 | 1374.0 steps/s | 0.73 ms/step | ETA: 841.2 min
Step 30700000/100000000 | t=3.07e-01 | T=7344.7 | 1373.8 steps/s | 0.73 ms/step | ETA: 840.7 min
Step 30750000/100000000 | t=3.07e-01 | T=7344.7 | 1373.7 steps/s | 0.73 ms/step | ETA: 840.2 min
Step 30800000/100000000 | t=3.08e-01 | T=7344.7 | 1373.7 steps/s | 0.73 ms/step | ETA: 839.6 min
Step 30850000/100000000 | t=3.08e-01 | T=7344.7 | 1373.9 steps/s | 0.73 ms/step | ETA: 838.9 min
Step 30900000/100000000 | t=3.09e-01 | T=7344.7 | 1374.0 steps/s | 0.73 ms/step | ETA: 838.2 min
Step 30950000/100000000 | t=3.09e-01 | T=7344.7 | 1374.1 steps/s | 0.73 ms/step | ETA: 837.5 min
Step 31000000/100000000 | t=3.10e-01 | T=7344.7 | 1374.2 steps/s | 0.73 ms/step | ETA: 836.8 min
Step 31050000/100000000 | t=3.10e-01 | T=7344.7 | 1374.3 steps/s | 0.73 ms/step | ETA: 836.2 min
Step 31100000/100000000 | t=3.11e-01 | T=7344.7 | 1374.5 steps/s | 0.73 ms/step | ETA: 835.4 min
Step 31150000/100000000 | t=3.11e-01 | T=7344.7 | 1374.6 steps/s | 0.73 ms/step | ETA: 834.8 min
Step 31200000/100000000 | t=3.12e-01 | T=7344.7 | 1374.7 steps/s | 0.73 ms/step | ETA: 834.1 min
Step 31250000/100000000 | t=3.12e-01 | T=7344.7 | 1374.6 steps/s | 0.73 ms/step | ETA: 833.6 min
Step 31300000/100000000 | t=3.13e-01 | T=7344.7 | 1374.6 steps/s | 0.73 ms/step | ETA: 833.0 min
Step 31350000/100000000 | t=3.14e-01 | T=7344.7 | 1374.6 steps/s | 0.73 ms/step | ETA: 832.4 min
Step 31400000/100000000 | t=3.14e-01 | T=7344.7 | 1374.6 steps/s | 0.73 ms/step | ETA: 831.8 min
Step 31450000/100000000 | t=3.15e-01 | T=7344.7 | 1374.7 steps/s | 0.73 ms/step | ETA: 831.1 min
Step 31500000/100000000 | t=3.15e-01 | T=7344.7 | 1374.8 steps/s | 0.73 ms/step | ETA: 830.4 min
Step 31550000/100000000 | t=3.16e-01 | T=7344.7 | 1374.8 steps/s | 0.73 ms/step | ETA: 829.8 min
Step 31600000/100000000 | t=3.16e-01 | T=7344.7 | 1374.9 steps/s | 0.73 ms/step | ETA: 829.2 min
Step 31650000/100000000 | t=3.17e-01 | T=7344.7 | 1374.8 steps/s | 0.73 ms/step | ETA: 828.6 min
Step 31700000/100000000 | t=3.17e-01 | T=7344.7 | 1374.9 steps/s | 0.73 ms/step | ETA: 827.9 min
Step 31750000/100000000 | t=3.18e-01 | T=7344.7 | 1374.9 steps/s | 0.73 ms/step | ETA: 827.4 min
Step 31800000/100000000 | t=3.18e-01 | T=7344.7 | 1375.0 steps/s | 0.73 ms/step | ETA: 826.7 min
Step 31850000/100000000 | t=3.19e-01 | T=7344.7 | 1375.1 steps/s | 0.73 ms/step | ETA: 826.0 min
Step 31900000/100000000 | t=3.19e-01 | T=7344.7 | 1375.2 steps/s | 0.73 ms/step | ETA: 825.3 min
Step 31950000/100000000 | t=3.20e-01 | T=7344.7 | 1375.3 steps/s | 0.73 ms/step | ETA: 824.6 min
Step 32000000/100000000 | t=3.20e-01 | T=7344.7 | 1375.3 steps/s | 0.73 ms/step | ETA: 824.0 min
Step 32050000/100000000 | t=3.21e-01 | T=7344.7 | 1375.5 steps/s | 0.73 ms/step | ETA: 823.4 min
Step 32100000/100000000 | t=3.21e-01 | T=7344.7 | 1375.5 steps/s | 0.73 ms/step | ETA: 822.7 min
Step 32150000/100000000 | t=3.22e-01 | T=7344.7 | 1375.7 steps/s | 0.73 ms/step | ETA: 822.0 min
Step 32200000/100000000 | t=3.22e-01 | T=7344.7 | 1375.7 steps/s | 0.73 ms/step | ETA: 821.4 min
Step 32250000/100000000 | t=3.23e-01 | T=7344.7 | 1375.7 steps/s | 0.73 ms/step | ETA: 820.8 min
Step 32300000/100000000 | t=3.23e-01 | T=7344.7 | 1375.8 steps/s | 0.73 ms/step | ETA: 820.1 min
Step 32350000/100000000 | t=3.24e-01 | T=7344.7 | 1375.9 steps/s | 0.73 ms/step | ETA: 819.4 min
Step 32400000/100000000 | t=3.24e-01 | T=7344.7 | 1376.1 steps/s | 0.73 ms/step | ETA: 818.7 min
Step 32450000/100000000 | t=3.25e-01 | T=7344.7 | 1376.3 steps/s | 0.73 ms/step | ETA: 818.0 min
Step 32500000/100000000 | t=3.25e-01 | T=7344.7 | 1376.5 steps/s | 0.73 ms/step | ETA: 817.3 min
Step 32550000/100000000 | t=3.26e-01 | T=7344.7 | 1376.7 steps/s | 0.73 ms/step | ETA: 816.6 min
Step 32600000/100000000 | t=3.26e-01 | T=7344.7 | 1376.8 steps/s | 0.73 ms/step | ETA: 815.9 min
Step 32650000/100000000 | t=3.27e-01 | T=7344.7 | 1376.9 steps/s | 0.73 ms/step | ETA: 815.2 min
Step 32700000/100000000 | t=3.27e-01 | T=7344.7 | 1377.0 steps/s | 0.73 ms/step | ETA: 814.6 min
Step 32750000/100000000 | t=3.28e-01 | T=7344.7 | 1377.0 steps/s | 0.73 ms/step | ETA: 814.0 min
Step 32800000/100000000 | t=3.28e-01 | T=7344.7 | 1377.1 steps/s | 0.73 ms/step | ETA: 813.3 min
Step 32850000/100000000 | t=3.29e-01 | T=7344.7 | 1377.2 steps/s | 0.73 ms/step | ETA: 812.6 min
Step 32900000/100000000 | t=3.29e-01 | T=7344.7 | 1377.3 steps/s | 0.73 ms/step | ETA: 812.0 min
Step 32950000/100000000 | t=3.30e-01 | T=7344.7 | 1377.4 steps/s | 0.73 ms/step | ETA: 811.3 min
Step 33000000/100000000 | t=3.30e-01 | T=7344.7 | 1377.6 steps/s | 0.73 ms/step | ETA: 810.6 min
Step 33050000/100000000 | t=3.31e-01 | T=7344.7 | 1377.6 steps/s | 0.73 ms/step | ETA: 810.0 min
Step 33100000/100000000 | t=3.31e-01 | T=7344.7 | 1377.8 steps/s | 0.73 ms/step | ETA: 809.2 min
Step 33150000/100000000 | t=3.32e-01 | T=7344.7 | 1378.0 steps/s | 0.73 ms/step | ETA: 808.5 min
Step 33200000/100000000 | t=3.32e-01 | T=7344.7 | 1378.2 steps/s | 0.73 ms/step | ETA: 807.8 min
Step 33250000/100000000 | t=3.33e-01 | T=7344.7 | 1378.4 steps/s | 0.73 ms/step | ETA: 807.1 min
Step 33300000/100000000 | t=3.33e-01 | T=7344.7 | 1378.6 steps/s | 0.73 ms/step | ETA: 806.4 min
Step 33350000/100000000 | t=3.34e-01 | T=7344.7 | 1378.8 steps/s | 0.73 ms/step | ETA: 805.6 min
Step 33400000/100000000 | t=3.34e-01 | T=7344.7 | 1379.0 steps/s | 0.73 ms/step | ETA: 805.0 min
Step 33450000/100000000 | t=3.35e-01 | T=7344.7 | 1379.1 steps/s | 0.73 ms/step | ETA: 804.2 min
Step 33500000/100000000 | t=3.35e-01 | T=7344.7 | 1379.3 steps/s | 0.73 ms/step | ETA: 803.5 min
Step 33550000/100000000 | t=3.36e-01 | T=7344.7 | 1379.2 steps/s | 0.73 ms/step | ETA: 803.0 min
Step 33600000/100000000 | t=3.36e-01 | T=7344.7 | 1379.4 steps/s | 0.72 ms/step | ETA: 802.3 min
Step 33650000/100000000 | t=3.37e-01 | T=7344.7 | 1379.5 steps/s | 0.72 ms/step | ETA: 801.6 min
Step 33700000/100000000 | t=3.37e-01 | T=7344.7 | 1379.7 steps/s | 0.72 ms/step | ETA: 800.9 min
Step 33750000/100000000 | t=3.38e-01 | T=7344.7 | 1379.7 steps/s | 0.72 ms/step | ETA: 800.3 min
Step 33800000/100000000 | t=3.38e-01 | T=7344.7 | 1379.8 steps/s | 0.72 ms/step | ETA: 799.7 min
Step 33850000/100000000 | t=3.39e-01 | T=7344.7 | 1379.9 steps/s | 0.72 ms/step | ETA: 799.0 min
Step 33900000/100000000 | t=3.39e-01 | T=7344.7 | 1380.0 steps/s | 0.72 ms/step | ETA: 798.3 min
Step 33950000/100000000 | t=3.40e-01 | T=7344.7 | 1380.1 steps/s | 0.72 ms/step | ETA: 797.7 min
Step 34000000/100000000 | t=3.40e-01 | T=7344.7 | 1380.2 steps/s | 0.72 ms/step | ETA: 797.0 min
Step 34050000/100000000 | t=3.41e-01 | T=7344.7 | 1380.3 steps/s | 0.72 ms/step | ETA: 796.3 min
Step 34100000/100000000 | t=3.41e-01 | T=7344.7 | 1380.4 steps/s | 0.72 ms/step | ETA: 795.7 min
Step 34150000/100000000 | t=3.42e-01 | T=7344.7 | 1380.5 steps/s | 0.72 ms/step | ETA: 795.0 min
Step 34200000/100000000 | t=3.42e-01 | T=7344.7 | 1380.6 steps/s | 0.72 ms/step | ETA: 794.3 min
Step 34250000/100000000 | t=3.43e-01 | T=7344.7 | 1380.7 steps/s | 0.72 ms/step | ETA: 793.7 min
Step 34300000/100000000 | t=3.43e-01 | T=7344.7 | 1380.8 steps/s | 0.72 ms/step | ETA: 793.0 min
Step 34350000/100000000 | t=3.44e-01 | T=7344.7 | 1380.9 steps/s | 0.72 ms/step | ETA: 792.4 min
Step 34400000/100000000 | t=3.44e-01 | T=7344.7 | 1381.0 steps/s | 0.72 ms/step | ETA: 791.7 min
Step 34450000/100000000 | t=3.44e-01 | T=7344.7 | 1381.1 steps/s | 0.72 ms/step | ETA: 791.0 min
Step 34500000/100000000 | t=3.45e-01 | T=7344.7 | 1381.2 steps/s | 0.72 ms/step | ETA: 790.4 min
Step 34550000/100000000 | t=3.45e-01 | T=7344.7 | 1381.3 steps/s | 0.72 ms/step | ETA: 789.7 min
Step 34600000/100000000 | t=3.46e-01 | T=7344.7 | 1381.3 steps/s | 0.72 ms/step | ETA: 789.1 min
Step 34650000/100000000 | t=3.46e-01 | T=7344.7 | 1381.4 steps/s | 0.72 ms/step | ETA: 788.5 min
Step 34700000/100000000 | t=3.47e-01 | T=7344.7 | 1381.5 steps/s | 0.72 ms/step | ETA: 787.8 min
Step 34750000/100000000 | t=3.48e-01 | T=7344.7 | 1381.6 steps/s | 0.72 ms/step | ETA: 787.1 min
Step 34800000/100000000 | t=3.48e-01 | T=7344.7 | 1381.7 steps/s | 0.72 ms/step | ETA: 786.5 min
Step 34850000/100000000 | t=3.49e-01 | T=7344.7 | 1381.8 steps/s | 0.72 ms/step | ETA: 785.8 min
Step 34900000/100000000 | t=3.49e-01 | T=7344.7 | 1381.8 steps/s | 0.72 ms/step | ETA: 785.2 min
Step 34950000/100000000 | t=3.50e-01 | T=7344.7 | 1381.9 steps/s | 0.72 ms/step | ETA: 784.5 min
Step 35000000/100000000 | t=3.50e-01 | T=7344.6 | 1382.0 steps/s | 0.72 ms/step | ETA: 783.9 min
Step 35050000/100000000 | t=3.51e-01 | T=7344.6 | 1382.1 steps/s | 0.72 ms/step | ETA: 783.2 min
Step 35100000/100000000 | t=3.51e-01 | T=7344.6 | 1382.2 steps/s | 0.72 ms/step | ETA: 782.6 min
Step 35150000/100000000 | t=3.52e-01 | T=7344.6 | 1382.2 steps/s | 0.72 ms/step | ETA: 782.0 min
Step 35200000/100000000 | t=3.52e-01 | T=7344.6 | 1382.3 steps/s | 0.72 ms/step | ETA: 781.3 min
Step 35250000/100000000 | t=3.53e-01 | T=7344.6 | 1382.3 steps/s | 0.72 ms/step | ETA: 780.7 min
Step 35300000/100000000 | t=3.53e-01 | T=7344.6 | 1382.4 steps/s | 0.72 ms/step | ETA: 780.0 min
Step 35350000/100000000 | t=3.54e-01 | T=7344.6 | 1382.5 steps/s | 0.72 ms/step | ETA: 779.4 min
Step 35400000/100000000 | t=3.54e-01 | T=7344.6 | 1382.6 steps/s | 0.72 ms/step | ETA: 778.7 min
Step 35450000/100000000 | t=3.55e-01 | T=7344.6 | 1382.7 steps/s | 0.72 ms/step | ETA: 778.1 min
Step 35500000/100000000 | t=3.55e-01 | T=7344.6 | 1382.7 steps/s | 0.72 ms/step | ETA: 777.4 min
Step 35550000/100000000 | t=3.56e-01 | T=7344.6 | 1382.8 steps/s | 0.72 ms/step | ETA: 776.8 min
Step 35600000/100000000 | t=3.56e-01 | T=7344.6 | 1382.8 steps/s | 0.72 ms/step | ETA: 776.2 min
Step 35650000/100000000 | t=3.57e-01 | T=7344.6 | 1382.9 steps/s | 0.72 ms/step | ETA: 775.6 min
Step 35700000/100000000 | t=3.57e-01 | T=7344.6 | 1383.0 steps/s | 0.72 ms/step | ETA: 774.9 min
Step 35750000/100000000 | t=3.58e-01 | T=7344.6 | 1383.1 steps/s | 0.72 ms/step | ETA: 774.2 min
Step 35800000/100000000 | t=3.58e-01 | T=7344.6 | 1383.2 steps/s | 0.72 ms/step | ETA: 773.6 min
Step 35850000/100000000 | t=3.59e-01 | T=7344.6 | 1383.3 steps/s | 0.72 ms/step | ETA: 772.9 min
Step 35900000/100000000 | t=3.59e-01 | T=7344.6 | 1383.4 steps/s | 0.72 ms/step | ETA: 772.2 min
Step 35950000/100000000 | t=3.60e-01 | T=7344.6 | 1383.5 steps/s | 0.72 ms/step | ETA: 771.6 min
Step 36000000/100000000 | t=3.60e-01 | T=7344.6 | 1383.6 steps/s | 0.72 ms/step | ETA: 770.9 min
Step 36050000/100000000 | t=3.61e-01 | T=7344.6 | 1383.7 steps/s | 0.72 ms/step | ETA: 770.3 min
Step 36100000/100000000 | t=3.61e-01 | T=7344.6 | 1383.8 steps/s | 0.72 ms/step | ETA: 769.6 min
Step 36150000/100000000 | t=3.62e-01 | T=7344.6 | 1383.8 steps/s | 0.72 ms/step | ETA: 769.0 min
Step 36200000/100000000 | t=3.62e-01 | T=7344.6 | 1383.9 steps/s | 0.72 ms/step | ETA: 768.4 min
Step 36250000/100000000 | t=3.63e-01 | T=7344.6 | 1384.0 steps/s | 0.72 ms/step | ETA: 767.7 min
Step 36300000/100000000 | t=3.63e-01 | T=7344.6 | 1384.1 steps/s | 0.72 ms/step | ETA: 767.0 min
Step 36350000/100000000 | t=3.64e-01 | T=7344.6 | 1384.3 steps/s | 0.72 ms/step | ETA: 766.3 min
Step 36400000/100000000 | t=3.64e-01 | T=7344.6 | 1384.4 steps/s | 0.72 ms/step | ETA: 765.7 min
Step 36450000/100000000 | t=3.65e-01 | T=7344.6 | 1384.5 steps/s | 0.72 ms/step | ETA: 765.0 min
Step 36500000/100000000 | t=3.65e-01 | T=7344.6 | 1384.7 steps/s | 0.72 ms/step | ETA: 764.3 min
Step 36550000/100000000 | t=3.66e-01 | T=7344.6 | 1384.7 steps/s | 0.72 ms/step | ETA: 763.7 min
Step 36600000/100000000 | t=3.66e-01 | T=7344.6 | 1384.8 steps/s | 0.72 ms/step | ETA: 763.0 min
Step 36650000/100000000 | t=3.67e-01 | T=7344.6 | 1384.9 steps/s | 0.72 ms/step | ETA: 762.4 min
Step 36700000/100000000 | t=3.67e-01 | T=7344.6 | 1385.0 steps/s | 0.72 ms/step | ETA: 761.7 min
Step 36750000/100000000 | t=3.68e-01 | T=7344.6 | 1385.1 steps/s | 0.72 ms/step | ETA: 761.1 min
Step 36800000/100000000 | t=3.68e-01 | T=7344.6 | 1385.2 steps/s | 0.72 ms/step | ETA: 760.4 min
Step 36850000/100000000 | t=3.69e-01 | T=7344.6 | 1385.3 steps/s | 0.72 ms/step | ETA: 759.8 min
Step 36900000/100000000 | t=3.69e-01 | T=7344.6 | 1385.4 steps/s | 0.72 ms/step | ETA: 759.1 min
Step 36950000/100000000 | t=3.70e-01 | T=7344.6 | 1385.3 steps/s | 0.72 ms/step | ETA: 758.5 min
Step 37000000/100000000 | t=3.70e-01 | T=7344.6 | 1385.4 steps/s | 0.72 ms/step | ETA: 757.9 min
Step 37050000/100000000 | t=3.71e-01 | T=7344.6 | 1385.5 steps/s | 0.72 ms/step | ETA: 757.3 min
Step 37100000/100000000 | t=3.71e-01 | T=7344.6 | 1385.4 steps/s | 0.72 ms/step | ETA: 756.7 min
Step 37150000/100000000 | t=3.72e-01 | T=7344.6 | 1385.3 steps/s | 0.72 ms/step | ETA: 756.2 min
